JSC: disabling useWasm under GIL-off (wasm glue still reads the raw VM-block exception word; not yet audited for UNGIL §A.1.3 COMPILED-FOR-VM; see AB-17 status block in VMEntryScope.cpp).
[RaceAmplifier] enabled: period=64 seed=33004 maxSleepUs=100
ASSERTION FAILED: result == m_segments.head()->m_top++
/root/WebKit/WebKitBuild/Debug/JavaScriptCore/PrivateHeaders/JavaScriptCore/GCSegmentedArrayInlines.h(145) : size_t JSC::GCSegmentedArray<const JSC::JSCell *>::postIncTop() [T = const JSC::JSCell *]
1   0x556b7769bf0c /root/WebKit/WebKitBuild/Debug/bin/jsc(+0x66fcf0c) [0x556b7769bf0c]
2   0x556b73f83451 /root/WebKit/WebKitBuild/Debug/bin/jsc(+0x2fe4451) [0x556b73f83451]
3   0x556b73f830e2 /root/WebKit/WebKitBuild/Debug/bin/jsc(+0x2fe40e2) [0x556b73f830e2]
4   0x556b73f266b8 /root/WebKit/WebKitBuild/Debug/bin/jsc(+0x2f876b8) [0x556b73f266b8]
5   0x556b73f264bd /root/WebKit/WebKitBuild/Debug/bin/jsc(+0x2f874bd) [0x556b73f264bd]
6   0x556b73f3acd6 /root/WebKit/WebKitBuild/Debug/bin/jsc(+0x2f9bcd6) [0x556b73f3acd6]
7   0x556b71f97ec5 /root/WebKit/WebKitBuild/Debug/bin/jsc(+0xff8ec5) [0x556b71f97ec5]
8   0x556b71f97d64 /root/WebKit/WebKitBuild/Debug/bin/jsc(+0xff8d64) [0x556b71f97d64]
9   0x556b74e108bc /root/WebKit/WebKitBuild/Debug/bin/jsc(+0x3e718bc) [0x556b74e108bc]
10  0x556b71f87717 /root/WebKit/WebKitBuild/Debug/bin/jsc(+0xfe8717) [0x556b71f87717]
11  0x556b7312f985 /root/WebKit/WebKitBuild/Debug/bin/jsc(+0x2190985) [0x556b7312f985]
12  0x556b7312e046 /root/WebKit/WebKitBuild/Debug/bin/jsc(+0x218f046) [0x556b7312e046]
13  0x556b7312c278 /root/WebKit/WebKitBuild/Debug/bin/jsc(+0x218d278) [0x556b7312c278]
14  0x556b7312c052 /root/WebKit/WebKitBuild/Debug/bin/jsc(+0x218d052) [0x556b7312c052]
15  0x556b7312b84b /root/WebKit/WebKitBuild/Debug/bin/jsc(+0x218c84b) [0x556b7312b84b]
16  0x556b7312b4a8 /root/WebKit/WebKitBuild/Debug/bin/jsc(+0x218c4a8) [0x556b7312b4a8]
17  0x556b7312abbe /root/WebKit/WebKitBuild/Debug/bin/jsc(+0x218bbbe) [0x556b7312abbe]
18  0x556b7313716b /root/WebKit/WebKitBuild/Debug/bin/jsc(+0x219816b) [0x556b7313716b]
19  0x556b7458e5f7 /root/WebKit/WebKitBuild/Debug/bin/jsc(+0x35ef5f7) [0x556b7458e5f7]
20  0x556b7458bb9c /root/WebKit/WebKitBuild/Debug/bin/jsc(+0x35ecb9c) [0x556b7458bb9c]
21  0x556b7458c005 /root/WebKit/WebKitBuild/Debug/bin/jsc(+0x35ed005) [0x556b7458c005]
22  0x7b0065c240d0 [0x7b0065c240d0]
timeout: the monitored command dumped core
