JSC: disabling useWasm under GIL-off (wasm glue still reads the raw VM-block exception word; not yet audited for UNGIL §A.1.3 COMPILED-FOR-VM; see AB-17 status block in VMEntryScope.cpp).
[RaceAmplifier] enabled: period=64 seed=40011 maxSleepUs=100
KEYATOM-IDX p17 hash=14316901 idx=357
KEYATOM-IDX p8 hash=15955301 idx=357
KEYATOM-RACE idx=357 requested=p17 verified=p17 reloaded=p8
=== MISMATCH (named) readerSlot=0 round=2 ===
prop=p17 got=3030008 [tid=3 serial=30 p=8] want=3030017 [tid=3 serial=30 p=17]
owner: o.tid=3 o.serial=30
reread-same-form=3030017 reflect=3030017 gopd=3030017
siblings: p0=3030000 p1=3030001 p2=3030002 p3=3030003 p4=3030004 p5=3030005 p6=3030006 p7=3030007 p8=3030008 p9=3030009 p10=3030010 p11=3030011 p12=3030012 p13=3030013 p14=3030014 p15=3030015 p16=3030016 p17=3030017 p18=3030018 p19=3030019 p20=3030020 p21=3030021 p22=3030022 p23=3030023
indexed: 3030000,3030001,3030002,3030003,3030004,3030005,3030006,3030007,3030008,3030009,3030010,3030011,3030012,3030013,3030014,3030015,3030016,3030017,3030018,3030019,3030020,3030021,3030022,3030023
ownKeys: tid,serial,p0,p1,p2,p3,p4,p5,p6,p7,p8,p9,p10,p11,p12,p13,p14,p15,p16,p17,p18,p19,p20,p21,p22,p23,indexed
indexingMode: NonArray
<0x7e6df41a46d0, Object>
  [0] 0x7e6df41a46d0 : 0x0100220000014b80 header
    structureID 84864 0x14b80 structure 0x7b9c00014b80
    indexingTypeAndMisc 0 0x0 NonArray
    type 34 0x22
    flags 0 0x0
    cellState 1
  [1] 0x7e6df41a46d8 : 0x00047e6df425b708 butterfly
    base 0x7e6df425b600
    hasIndexingHeader NO hasAnyArrayStorage NO
    preCapacity 0 propertyCapacity 32
      <--- propertyCapacity
      [0] 0x7e6df425b600 : 0x0000000000000000
      [1] 0x7e6df425b608 : 0x0000000000000000
      [2] 0x7e6df425b610 : 0x0000000000000000
      [3] 0x7e6df425b618 : 0x0000000000000000
      [4] 0x7e6df425b620 : 0x0000000000000000
      [5] 0x7e6df425b628 : 0x0000000000000000
      [6] 0x7e6df425b630 : 0x0000000000000000
      [7] 0x7e6df425b638 : 0x0000000000000000
      [8] 0x7e6df425b640 : 0x00007e6df4294310
      [9] 0x7e6df425b648 : 0xfffe0000002e3c07
      [10] 0x7e6df425b650 : 0xfffe0000002e3c06
      [11] 0x7e6df425b658 : 0xfffe0000002e3c05
      [12] 0x7e6df425b660 : 0xfffe0000002e3c04
      [13] 0x7e6df425b668 : 0xfffe0000002e3c03
      [14] 0x7e6df425b670 : 0xfffe0000002e3c02
      [15] 0x7e6df425b678 : 0xfffe0000002e3c01
      [16] 0x7e6df425b680 : 0xfffe0000002e3c00
      [17] 0x7e6df425b688 : 0xfffe0000002e3bff
      [18] 0x7e6df425b690 : 0xfffe0000002e3bfe
      [19] 0x7e6df425b698 : 0xfffe0000002e3bfd
      [20] 0x7e6df425b6a0 : 0xfffe0000002e3bfc
      [21] 0x7e6df425b6a8 : 0xfffe0000002e3bfb
      [22] 0x7e6df425b6b0 : 0xfffe0000002e3bfa
      [23] 0x7e6df425b6b8 : 0xfffe0000002e3bf9
      [24] 0x7e6df425b6c0 : 0xfffe0000002e3bf8
      [25] 0x7e6df425b6c8 : 0xfffe0000002e3bf7
      [26] 0x7e6df425b6d0 : 0xfffe0000002e3bf6
      [27] 0x7e6df425b6d8 : 0xfffe0000002e3bf5
      [28] 0x7e6df425b6e0 : 0xfffe0000002e3bf4
      [29] 0x7e6df425b6e8 : 0xfffe0000002e3bf3
      [30] 0x7e6df425b6f0 : 0xfffe0000002e3bf2
      [31] 0x7e6df425b6f8 : 0xfffe0000002e3bf1
      <--- butterfly
  [2] 0x7e6df41a46e0 : 0xfffe000000000003
  [3] 0x7e6df41a46e8 : 0xfffe00000000001e
  [4] 0x7e6df41a46f0 : 0xfffe0000002e3bf0
  [5] 0x7e6df41a46f8 : 0x00000000badbeef0
after-5ms-reread: p17=3030017 (HEALED)
Exception: Error: named property corrupt: got 3030008 want 3030017
dumpMismatch@/root/WebKit/Tools/threads/bughunt/repro.js:76:20
checkOne@/root/WebKit/Tools/threads/bughunt/repro.js:90:25
threadBody@/root/WebKit/Tools/threads/bughunt/repro.js:117:37
