JSC: disabling useWasm under GIL-off (wasm glue still reads the raw VM-block exception word; not yet audited for UNGIL §A.1.3 COMPILED-FOR-VM; see AB-17 status block in VMEntryScope.cpp).
==================
WARNING: ThreadSanitizer: data race (pid=2639624)
  Atomic read of size 8 at 0x72280000f260 by thread T2:
    #0 std::__atomic_base<unsigned long>::load(std::memory_order) const /usr/lib/gcc/x86_64-amazon-linux/14/../../../../include/c++/14/bits/atomic_base.h:501:9 (jsc+0x21d742c)
    #1 WTF::Atomic<unsigned long>::load(std::memory_order) const /root/WebKit/WebKitBuild/TSan/WTF/Headers/wtf/Atomics.h:55:100 (jsc+0x21d742c)
    #2 unsigned long WTF::atomicLoad<unsigned long>(unsigned long*, std::memory_order) /root/WebKit/WebKitBuild/TSan/WTF/Headers/wtf/Atomics.h:162:49 (jsc+0x21d742c)
    #3 unsigned long JSC::butterflyConcurrentLoad<unsigned long>(unsigned long const*) /root/WebKit/WebKitBuild/TSan/JavaScriptCore/PrivateHeaders/JavaScriptCore/Butterfly.h:383:12 (jsc+0x21d742c)
    #4 JSC::JSObject::taggedButterflyWord() const /root/WebKit/Source/JavaScriptCore/runtime/JSObject.h:874:25 (jsc+0x21d742c)
    #5 JSC::JSObject::getVectorLength() /root/WebKit/Source/JavaScriptCore/runtime/JSObject.h:286:29 (jsc+0x21d742c)
    #6 JSC::ArrayAllocationProfile::updateProfile() /root/WebKit/Source/JavaScriptCore/bytecode/ArrayAllocationProfile.cpp:76:97 (jsc+0x21d742c)
    #7 JSC::CodeBlock::updateAllArrayAllocationProfilePredictions()::$_0::operator()(JSC::ArrayAllocationProfile&) const /root/WebKit/Source/JavaScriptCore/bytecode/CodeBlock.cpp:3416:17 (jsc+0x29e4a7)
    #8 auto void JSC::CodeBlock::forEachArrayAllocationProfile<JSC::CodeBlock::updateAllArrayAllocationProfilePredictions()::$_0>(JSC::CodeBlock::updateAllArrayAllocationProfilePredictions()::$_0 const&)::'lambda0'(JSC::CodeBlock::updateAllArrayAllocationProfilePredictions()::$_0&)::operator()<JSC::OpNewArrayWithSize::Metadata>(JSC::CodeBlock::updateAllArrayAllocationProfilePredictions()::$_0&) const /root/WebKit/Source/JavaScriptCore/bytecode/CodeBlockInlines.h:59:9 (jsc+0x29e4a7)
    #9 void JSC::MetadataTable::forEach<JSC::OpNewArrayWithSize, void JSC::CodeBlock::forEachArrayAllocationProfile<JSC::CodeBlock::updateAllArrayAllocationProfilePredictions()::$_0>(JSC::CodeBlock::updateAllArrayAllocationProfilePredictions()::$_0 const&)::'lambda0'(JSC::CodeBlock::updateAllArrayAllocationProfilePredictions()::$_0&)>(void JSC::CodeBlock::forEachArrayAllocationProfile<JSC::CodeBlock::updateAllArrayAllocationProfilePredictions()::$_0>(JSC::CodeBlock::updateAllArrayAllocationProfilePredictions()::$_0 const&)::'lambda0'(JSC::CodeBlock::updateAllArrayAllocationProfilePredictions()::$_0&) const&) /root/WebKit/Source/JavaScriptCore/bytecode/MetadataTable.h:69:13 (jsc+0x29e4a7)
    #10 void JSC::CodeBlock::forEachArrayAllocationProfile<JSC::CodeBlock::updateAllArrayAllocationProfilePredictions()::$_0>(JSC::CodeBlock::updateAllArrayAllocationProfilePredictions()::$_0 const&) /root/WebKit/Source/JavaScriptCore/bytecode/CodeBlockInlines.h:59:9 (jsc+0x29e4a7)
    #11 JSC::CodeBlock::updateAllArrayAllocationProfilePredictions() /root/WebKit/Source/JavaScriptCore/bytecode/CodeBlock.cpp:3415:5 (jsc+0x29e4a7)
    #12 JSC::CodeBlock::updateAllPredictions() /root/WebKit/Source/JavaScriptCore/bytecode/CodeBlock.cpp:3427:5 (jsc+0x2945d5)
    #13 operationOptimize /root/WebKit/Source/JavaScriptCore/jit/JITOperations.cpp:3112:20 (jsc+0xfbf036)
    #14 <null> <null> (0x7eff1420517e)
    #15 JSC::Interpreter::executeCall(JSC::JSObject*, JSC::CallData const&, JSC::JSValue, JSC::JSCell*, JSC::ArgList const&) /root/WebKit/Source/JavaScriptCore/interpreter/Interpreter.cpp (jsc+0xe89b6d)
    #16 JSC::call(JSC::JSGlobalObject*, JSC::JSValue, JSC::CallData const&, JSC::JSValue, JSC::ArgList const&) /root/WebKit/Source/JavaScriptCore/runtime/CallData.cpp:70:27 (jsc+0x135dec1)
    #17 JSC::call(JSC::JSGlobalObject*, JSC::JSValue, JSC::CallData const&, JSC::JSValue, JSC::ArgList const&, WTF::NakedPtr<JSC::Exception>&) /root/WebKit/Source/JavaScriptCore/runtime/CallData.cpp:77:22 (jsc+0x135dec1)
    #18 JSC::threadMain(JSC::VM&, WTF::Ref<JSC::ThreadState, WTF::RawPtrTraits<JSC::ThreadState>, WTF::DefaultRefDerefTraits<JSC::ThreadState>>) /root/WebKit/Source/JavaScriptCore/runtime/ThreadObject.cpp:241:30 (jsc+0x199f5cc)
    #19 JSC::constructThread(JSC::JSGlobalObject*, JSC::CallFrame*)::$_0::operator()() /root/WebKit/Source/JavaScriptCore/runtime/ThreadObject.cpp:468:9 (jsc+0x199f5cc)
    #20 WTF::Detail::CallableWrapper<JSC::constructThread(JSC::JSGlobalObject*, JSC::CallFrame*)::$_0, void>::call() /root/WebKit/WebKitBuild/TSan/WTF/Headers/wtf/Function.h:59:39 (jsc+0x199f5cc)
    #21 WTF::Function<void ()>::operator()() const /root/WebKit/Source/WTF/wtf/Function.h:103:35 (jsc+0x25b0445)
    #22 WTF::Thread::entryPoint(WTF::Thread::NewThreadContext*) /root/WebKit/Source/WTF/wtf/Threading.cpp:312:5 (jsc+0x25b0445)
    #23 WTF::wtfThreadEntryPoint(void*) /root/WebKit/Source/WTF/wtf/posix/ThreadingPOSIX.cpp:264:5 (jsc+0x260a419)

  Previous write of size 8 at 0x72280000f260 by thread T3:
    #0 malloc /home/runner/work/llvm-project/llvm-project/compiler-rt/lib/tsan/rtl/tsan_interceptors_posix.cpp:682:5 (jsc+0x13dc20)
    #1 bmalloc::api::tryMalloc(unsigned long, bmalloc::CompactAllocationMode, bmalloc::HeapKind) /root/WebKit/WebKitBuild/TSan/bmalloc/Headers/bmalloc/bmalloc.h:76:12 (jsc+0x259390d)
    #2 WTF::tryFastCompactMalloc(unsigned long) /root/WebKit/Source/WTF/wtf/FastMalloc.cpp:566:20 (jsc+0x259390d)
    #3 WTF::FastCompactMalloc::tryMalloc(unsigned long) /root/WebKit/WebKitBuild/TSan/WTF/Headers/wtf/FastMalloc.h:291:23 (jsc+0xdbbd85)
    #4 JSC::FastMallocAlignedMemoryAllocator::tryAllocateMemory(unsigned long) /root/WebKit/Source/JavaScriptCore/heap/FastMallocAlignedMemoryAllocator.cpp:72:12 (jsc+0xdbbd85)
    #5 JSC::PreciseAllocation::tryCreateForLowerTierPrecise(JSC::Heap&, unsigned long, JSC::Subspace*, unsigned char) /root/WebKit/Source/JavaScriptCore/heap/PreciseAllocation.cpp:173:55 (jsc+0xe57673)
    #6 JSC::IsoSubspace::tryAllocateLowerTierPrecise(unsigned long) /root/WebKit/Source/JavaScriptCore/heap/IsoSubspace.cpp:108:41 (jsc+0xe31291)
    #7 JSC::LocalAllocator::allocateSlowCase(JSC::Heap&, unsigned long, JSC::GCDeferralContext*, JSC::AllocationFailureMode) /root/WebKit/Source/JavaScriptCore/heap/LocalAllocator.cpp:215:65 (jsc+0xe43237)
    #8 JSC::LocalAllocator::allocate(JSC::Heap&, unsigned long, JSC::GCDeferralContext*, JSC::AllocationFailureMode)::'lambda'()::operator()() const /root/WebKit/WebKitBuild/TSan/JavaScriptCore/PrivateHeaders/JavaScriptCore/LocalAllocatorInlines.h:53:43 (jsc+0x1d133e)
    #9 JSC::HeapCell* JSC::FreeList::allocateWithCellSize<JSC::LocalAllocator::allocate(JSC::Heap&, unsigned long, JSC::GCDeferralContext*, JSC::AllocationFailureMode)::'lambda'()>(JSC::LocalAllocator::allocate(JSC::Heap&, unsigned long, JSC::GCDeferralContext*, JSC::AllocationFailureMode)::'lambda'() const&, unsigned long) /root/WebKit/WebKitBuild/TSan/JavaScriptCore/PrivateHeaders/JavaScriptCore/FreeListInlines.h:46:16 (jsc+0x2529f7)
    #10 JSC::LocalAllocator::allocate(JSC::Heap&, unsigned long, JSC::GCDeferralContext*, JSC::AllocationFailureMode) /root/WebKit/WebKitBuild/TSan/JavaScriptCore/PrivateHeaders/JavaScriptCore/LocalAllocatorInlines.h:50:23 (jsc+0x2529f7)
    #11 JSC::GCClient::IsoSubspace::allocate(JSC::VM&, unsigned long, JSC::GCDeferralContext*, JSC::AllocationFailureMode) /root/WebKit/WebKitBuild/TSan/JavaScriptCore/PrivateHeaders/JavaScriptCore/IsoSubspaceInlines.h:42:29 (jsc+0x2529f7)
    #12 void* JSC::tryAllocateCellHelper<JSC::JSArray, (JSC::AllocationFailureMode)0>(JSC::VM&, unsigned long, JSC::GCDeferralContext*) /root/WebKit/WebKitBuild/TSan/JavaScriptCore/PrivateHeaders/JavaScriptCore/JSCellInlines.h:212:63 (jsc+0x2529f7)
    #13 void* JSC::allocateCell<JSC::JSArray>(JSC::VM&, JSC::GCDeferralContext*, unsigned long) /root/WebKit/WebKitBuild/TSan/JavaScriptCore/PrivateHeaders/JavaScriptCore/JSCellInlines.h:244:12 (jsc+0x2529f7)
    #14 JSC::JSArray::createWithButterfly(JSC::VM&, JSC::GCDeferralContext*, JSC::Structure*, JSC::Butterfly*) /root/WebKit/Source/JavaScriptCore/runtime/JSArray.h:244:36 (jsc+0x252610)
    #15 JSC::JSArray::tryCreate(JSC::VM&, JSC::Structure*, unsigned int, unsigned int) /root/WebKit/Source/JavaScriptCore/runtime/JSArrayInlines.h:78:12 (jsc+0x252610)
    #16 JSC::JSArray::tryCreate(JSC::VM&, JSC::Structure*, unsigned int) /root/WebKit/Source/JavaScriptCore/runtime/JSArrayInlines.h:83:12 (jsc+0x7d9fc6)
    #17 JSC::constructEmptyArray(JSC::JSGlobalObject*, JSC::ArrayAllocationProfile*, unsigned int, JSC::JSValue) /root/WebKit/Source/JavaScriptCore/runtime/JSGlobalObjectInlines.h:290:23 (jsc+0x7d9fc6)
    #18 JSC::constructArrayWithSizeQuirk(JSC::JSGlobalObject*, JSC::ArrayAllocationProfile*, JSC::JSValue, JSC::JSValue) /root/WebKit/Source/JavaScriptCore/runtime/ArrayConstructor.cpp:91:5 (jsc+0x12fc5c4)
    #19 operationNewArrayWithSizeAndProfile /root/WebKit/Source/JavaScriptCore/jit/JITOperations.cpp:2720:5 (jsc+0xfbb93d)
    #20 <null> <null> (0x7eff142033c8)
    #21 JSC::Interpreter::executeCall(JSC::JSObject*, JSC::CallData const&, JSC::JSValue, JSC::JSCell*, JSC::ArgList const&) /root/WebKit/Source/JavaScriptCore/interpreter/Interpreter.cpp (jsc+0xe89b6d)
    #22 JSC::call(JSC::JSGlobalObject*, JSC::JSValue, JSC::CallData const&, JSC::JSValue, JSC::ArgList const&) /root/WebKit/Source/JavaScriptCore/runtime/CallData.cpp:70:27 (jsc+0x135dec1)
    #23 JSC::call(JSC::JSGlobalObject*, JSC::JSValue, JSC::CallData const&, JSC::JSValue, JSC::ArgList const&, WTF::NakedPtr<JSC::Exception>&) /root/WebKit/Source/JavaScriptCore/runtime/CallData.cpp:77:22 (jsc+0x135dec1)
    #24 JSC::threadMain(JSC::VM&, WTF::Ref<JSC::ThreadState, WTF::RawPtrTraits<JSC::ThreadState>, WTF::DefaultRefDerefTraits<JSC::ThreadState>>) /root/WebKit/Source/JavaScriptCore/runtime/ThreadObject.cpp:241:30 (jsc+0x199f5cc)
    #25 JSC::constructThread(JSC::JSGlobalObject*, JSC::CallFrame*)::$_0::operator()() /root/WebKit/Source/JavaScriptCore/runtime/ThreadObject.cpp:468:9 (jsc+0x199f5cc)
    #26 WTF::Detail::CallableWrapper<JSC::constructThread(JSC::JSGlobalObject*, JSC::CallFrame*)::$_0, void>::call() /root/WebKit/WebKitBuild/TSan/WTF/Headers/wtf/Function.h:59:39 (jsc+0x199f5cc)
    #27 WTF::Function<void ()>::operator()() const /root/WebKit/Source/WTF/wtf/Function.h:103:35 (jsc+0x25b0445)
    #28 WTF::Thread::entryPoint(WTF::Thread::NewThreadContext*) /root/WebKit/Source/WTF/wtf/Threading.cpp:312:5 (jsc+0x25b0445)
    #29 WTF::wtfThreadEntryPoint(void*) /root/WebKit/Source/WTF/wtf/posix/ThreadingPOSIX.cpp:264:5 (jsc+0x260a419)

  Location is heap block of size 152 at 0x72280000f1e0 allocated by thread T3:
    #0 malloc /home/runner/work/llvm-project/llvm-project/compiler-rt/lib/tsan/rtl/tsan_interceptors_posix.cpp:682:5 (jsc+0x13dc20)
    #1 bmalloc::api::tryMalloc(unsigned long, bmalloc::CompactAllocationMode, bmalloc::HeapKind) /root/WebKit/WebKitBuild/TSan/bmalloc/Headers/bmalloc/bmalloc.h:76:12 (jsc+0x259390d)
    #2 WTF::tryFastCompactMalloc(unsigned long) /root/WebKit/Source/WTF/wtf/FastMalloc.cpp:566:20 (jsc+0x259390d)
    #3 WTF::FastCompactMalloc::tryMalloc(unsigned long) /root/WebKit/WebKitBuild/TSan/WTF/Headers/wtf/FastMalloc.h:291:23 (jsc+0xdbbd85)
    #4 JSC::FastMallocAlignedMemoryAllocator::tryAllocateMemory(unsigned long) /root/WebKit/Source/JavaScriptCore/heap/FastMallocAlignedMemoryAllocator.cpp:72:12 (jsc+0xdbbd85)
    #5 JSC::PreciseAllocation::tryCreateForLowerTierPrecise(JSC::Heap&, unsigned long, JSC::Subspace*, unsigned char) /root/WebKit/Source/JavaScriptCore/heap/PreciseAllocation.cpp:173:55 (jsc+0xe57673)
    #6 JSC::IsoSubspace::tryAllocateLowerTierPrecise(unsigned long) /root/WebKit/Source/JavaScriptCore/heap/IsoSubspace.cpp:108:41 (jsc+0xe31291)
    #7 JSC::LocalAllocator::allocateSlowCase(JSC::Heap&, unsigned long, JSC::GCDeferralContext*, JSC::AllocationFailureMode) /root/WebKit/Source/JavaScriptCore/heap/LocalAllocator.cpp:215:65 (jsc+0xe43237)
    #8 JSC::LocalAllocator::allocate(JSC::Heap&, unsigned long, JSC::GCDeferralContext*, JSC::AllocationFailureMode)::'lambda'()::operator()() const /root/WebKit/WebKitBuild/TSan/JavaScriptCore/PrivateHeaders/JavaScriptCore/LocalAllocatorInlines.h:53:43 (jsc+0x1d133e)
    #9 JSC::HeapCell* JSC::FreeList::allocateWithCellSize<JSC::LocalAllocator::allocate(JSC::Heap&, unsigned long, JSC::GCDeferralContext*, JSC::AllocationFailureMode)::'lambda'()>(JSC::LocalAllocator::allocate(JSC::Heap&, unsigned long, JSC::GCDeferralContext*, JSC::AllocationFailureMode)::'lambda'() const&, unsigned long) /root/WebKit/WebKitBuild/TSan/JavaScriptCore/PrivateHeaders/JavaScriptCore/FreeListInlines.h:46:16 (jsc+0x2529f7)
    #10 JSC::LocalAllocator::allocate(JSC::Heap&, unsigned long, JSC::GCDeferralContext*, JSC::AllocationFailureMode) /root/WebKit/WebKitBuild/TSan/JavaScriptCore/PrivateHeaders/JavaScriptCore/LocalAllocatorInlines.h:50:23 (jsc+0x2529f7)
    #11 JSC::GCClient::IsoSubspace::allocate(JSC::VM&, unsigned long, JSC::GCDeferralContext*, JSC::AllocationFailureMode) /root/WebKit/WebKitBuild/TSan/JavaScriptCore/PrivateHeaders/JavaScriptCore/IsoSubspaceInlines.h:42:29 (jsc+0x2529f7)
    #12 void* JSC::tryAllocateCellHelper<JSC::JSArray, (JSC::AllocationFailureMode)0>(JSC::VM&, unsigned long, JSC::GCDeferralContext*) /root/WebKit/WebKitBuild/TSan/JavaScriptCore/PrivateHeaders/JavaScriptCore/JSCellInlines.h:212:63 (jsc+0x2529f7)
    #13 void* JSC::allocateCell<JSC::JSArray>(JSC::VM&, JSC::GCDeferralContext*, unsigned long) /root/WebKit/WebKitBuild/TSan/JavaScriptCore/PrivateHeaders/JavaScriptCore/JSCellInlines.h:244:12 (jsc+0x2529f7)
    #14 JSC::JSArray::createWithButterfly(JSC::VM&, JSC::GCDeferralContext*, JSC::Structure*, JSC::Butterfly*) /root/WebKit/Source/JavaScriptCore/runtime/JSArray.h:244:36 (jsc+0x252610)
    #15 JSC::JSArray::tryCreate(JSC::VM&, JSC::Structure*, unsigned int, unsigned int) /root/WebKit/Source/JavaScriptCore/runtime/JSArrayInlines.h:78:12 (jsc+0x252610)
    #16 JSC::JSArray::tryCreate(JSC::VM&, JSC::Structure*, unsigned int) /root/WebKit/Source/JavaScriptCore/runtime/JSArrayInlines.h:83:12 (jsc+0x7d9fc6)
    #17 JSC::constructEmptyArray(JSC::JSGlobalObject*, JSC::ArrayAllocationProfile*, unsigned int, JSC::JSValue) /root/WebKit/Source/JavaScriptCore/runtime/JSGlobalObjectInlines.h:290:23 (jsc+0x7d9fc6)
    #18 JSC::constructArrayWithSizeQuirk(JSC::JSGlobalObject*, JSC::ArrayAllocationProfile*, JSC::JSValue, JSC::JSValue) /root/WebKit/Source/JavaScriptCore/runtime/ArrayConstructor.cpp:91:5 (jsc+0x12fc5c4)
    #19 operationNewArrayWithSizeAndProfile /root/WebKit/Source/JavaScriptCore/jit/JITOperations.cpp:2720:5 (jsc+0xfbb93d)
    #20 <null> <null> (0x7eff142033c8)
    #21 JSC::Interpreter::executeCall(JSC::JSObject*, JSC::CallData const&, JSC::JSValue, JSC::JSCell*, JSC::ArgList const&) /root/WebKit/Source/JavaScriptCore/interpreter/Interpreter.cpp (jsc+0xe89b6d)
    #22 JSC::call(JSC::JSGlobalObject*, JSC::JSValue, JSC::CallData const&, JSC::JSValue, JSC::ArgList const&) /root/WebKit/Source/JavaScriptCore/runtime/CallData.cpp:70:27 (jsc+0x135dec1)
    #23 JSC::call(JSC::JSGlobalObject*, JSC::JSValue, JSC::CallData const&, JSC::JSValue, JSC::ArgList const&, WTF::NakedPtr<JSC::Exception>&) /root/WebKit/Source/JavaScriptCore/runtime/CallData.cpp:77:22 (jsc+0x135dec1)
    #24 JSC::threadMain(JSC::VM&, WTF::Ref<JSC::ThreadState, WTF::RawPtrTraits<JSC::ThreadState>, WTF::DefaultRefDerefTraits<JSC::ThreadState>>) /root/WebKit/Source/JavaScriptCore/runtime/ThreadObject.cpp:241:30 (jsc+0x199f5cc)
    #25 JSC::constructThread(JSC::JSGlobalObject*, JSC::CallFrame*)::$_0::operator()() /root/WebKit/Source/JavaScriptCore/runtime/ThreadObject.cpp:468:9 (jsc+0x199f5cc)
    #26 WTF::Detail::CallableWrapper<JSC::constructThread(JSC::JSGlobalObject*, JSC::CallFrame*)::$_0, void>::call() /root/WebKit/WebKitBuild/TSan/WTF/Headers/wtf/Function.h:59:39 (jsc+0x199f5cc)
    #27 WTF::Function<void ()>::operator()() const /root/WebKit/Source/WTF/wtf/Function.h:103:35 (jsc+0x25b0445)
    #28 WTF::Thread::entryPoint(WTF::Thread::NewThreadContext*) /root/WebKit/Source/WTF/wtf/Threading.cpp:312:5 (jsc+0x25b0445)
    #29 WTF::wtfThreadEntryPoint(void*) /root/WebKit/Source/WTF/wtf/posix/ThreadingPOSIX.cpp:264:5 (jsc+0x260a419)

  Thread T2 'JS Thread' (tid=2639713, running) created by main thread at:
    #0 pthread_create /home/runner/work/llvm-project/llvm-project/compiler-rt/lib/tsan/rtl/tsan_interceptors_posix.cpp:1090:3 (jsc+0x13ff1a)
    #1 WTF::Thread::establishHandle(WTF::Thread::NewThreadContext&, WTF::StackAllocationSpecification, WTF::ThreadQOS, WTF::ThreadSchedulingPolicy) /root/WebKit/Source/WTF/wtf/posix/ThreadingPOSIX.cpp:354:17 (jsc+0x260a305)
    #2 WTF::Thread::create(WTF::ASCIILiteral, WTF::Function<void ()>&&, WTF::ThreadType, WTF::ThreadQOS, WTF::ThreadSchedulingPolicy, WTF::StackAllocationSpecification) /root/WebKit/Source/WTF/wtf/Threading.cpp:330:32 (jsc+0x25b0783)
    #3 JSC::constructThread(JSC::JSGlobalObject*, JSC::CallFrame*) /root/WebKit/Source/JavaScriptCore/runtime/ThreadObject.cpp:467:5 (jsc+0x1997b2f)
    #4 <null> <null> (0x7eff141ff217)
    #5 JSC::evaluate(JSC::JSGlobalObject*, JSC::SourceCode const&, JSC::JSValue, WTF::NakedPtr<JSC::Exception>&) /root/WebKit/Source/JavaScriptCore/runtime/Completion.cpp:145:37 (jsc+0x13c1033)
    #6 runWithOptions(GlobalObject*, CommandLine&, bool&) /root/WebKit/Source/JavaScriptCore/jsc.cpp:3957:35 (jsc+0x1cafa5)
    #7 jscmain(int, char**)::$_0::operator()(JSC::VM&, GlobalObject*, bool&) const /root/WebKit/Source/JavaScriptCore/jsc.cpp:4686:13 (jsc+0x1cafa5)
    #8 int runJSC<jscmain(int, char**)::$_0>(CommandLine const&, bool, jscmain(int, char**)::$_0 const&) /root/WebKit/Source/JavaScriptCore/jsc.cpp:4472:13 (jsc+0x1cafa5)
    #9 jscmain(int, char**) /root/WebKit/Source/JavaScriptCore/jsc.cpp:4679:18 (jsc+0x1cafa5)
    #10 main /root/WebKit/Source/JavaScriptCore/jsc.cpp:3715:15 (jsc+0x1c97e3)

  Thread T3 'JS Thread' (tid=2639714, running) created by main thread at:
    #0 pthread_create /home/runner/work/llvm-project/llvm-project/compiler-rt/lib/tsan/rtl/tsan_interceptors_posix.cpp:1090:3 (jsc+0x13ff1a)
    #1 WTF::Thread::establishHandle(WTF::Thread::NewThreadContext&, WTF::StackAllocationSpecification, WTF::ThreadQOS, WTF::ThreadSchedulingPolicy) /root/WebKit/Source/WTF/wtf/posix/ThreadingPOSIX.cpp:354:17 (jsc+0x260a305)
    #2 WTF::Thread::create(WTF::ASCIILiteral, WTF::Function<void ()>&&, WTF::ThreadType, WTF::ThreadQOS, WTF::ThreadSchedulingPolicy, WTF::StackAllocationSpecification) /root/WebKit/Source/WTF/wtf/Threading.cpp:330:32 (jsc+0x25b0783)
    #3 JSC::constructThread(JSC::JSGlobalObject*, JSC::CallFrame*) /root/WebKit/Source/JavaScriptCore/runtime/ThreadObject.cpp:467:5 (jsc+0x1997b2f)
    #4 <null> <null> (0x7eff141ff217)
    #5 JSC::evaluate(JSC::JSGlobalObject*, JSC::SourceCode const&, JSC::JSValue, WTF::NakedPtr<JSC::Exception>&) /root/WebKit/Source/JavaScriptCore/runtime/Completion.cpp:145:37 (jsc+0x13c1033)
    #6 runWithOptions(GlobalObject*, CommandLine&, bool&) /root/WebKit/Source/JavaScriptCore/jsc.cpp:3957:35 (jsc+0x1cafa5)
    #7 jscmain(int, char**)::$_0::operator()(JSC::VM&, GlobalObject*, bool&) const /root/WebKit/Source/JavaScriptCore/jsc.cpp:4686:13 (jsc+0x1cafa5)
    #8 int runJSC<jscmain(int, char**)::$_0>(CommandLine const&, bool, jscmain(int, char**)::$_0 const&) /root/WebKit/Source/JavaScriptCore/jsc.cpp:4472:13 (jsc+0x1cafa5)
    #9 jscmain(int, char**) /root/WebKit/Source/JavaScriptCore/jsc.cpp:4679:18 (jsc+0x1cafa5)
    #10 main /root/WebKit/Source/JavaScriptCore/jsc.cpp:3715:15 (jsc+0x1c97e3)

SUMMARY: ThreadSanitizer: data race /root/WebKit/WebKitBuild/TSan/WTF/Headers/wtf/Atomics.h:55:100 in WTF::Atomic<unsigned long>::load(std::memory_order) const
==================
==================
WARNING: ThreadSanitizer: data race (pid=2639624)
  Atomic read of size 1 at 0x72a0000a8134 by thread T2:
    #0 unsigned char JSC::cellHeaderConcurrentLoad<unsigned char>(unsigned char const&) /root/WebKit/WebKitBuild/TSan/JavaScriptCore/PrivateHeaders/JavaScriptCore/JSCell.h:99:5 (jsc+0x21d7338)
    #1 JSC::JSCell::indexingTypeAndMisc() const /root/WebKit/WebKitBuild/TSan/JavaScriptCore/PrivateHeaders/JavaScriptCore/JSCell.h:213:55 (jsc+0x21d7338)
    #2 JSC::JSCell::indexingType() const /root/WebKit/WebKitBuild/TSan/JavaScriptCore/PrivateHeaders/JavaScriptCore/JSCell.h:215:48 (jsc+0x21d7338)
    #3 JSC::ArrayAllocationProfile::updateProfile() /root/WebKit/Source/JavaScriptCore/bytecode/ArrayAllocationProfile.cpp:70:122 (jsc+0x21d7338)
    #4 JSC::CodeBlock::updateAllArrayAllocationProfilePredictions()::$_0::operator()(JSC::ArrayAllocationProfile&) const /root/WebKit/Source/JavaScriptCore/bytecode/CodeBlock.cpp:3416:17 (jsc+0x29e4a7)
    #5 auto void JSC::CodeBlock::forEachArrayAllocationProfile<JSC::CodeBlock::updateAllArrayAllocationProfilePredictions()::$_0>(JSC::CodeBlock::updateAllArrayAllocationProfilePredictions()::$_0 const&)::'lambda0'(JSC::CodeBlock::updateAllArrayAllocationProfilePredictions()::$_0&)::operator()<JSC::OpNewArrayWithSize::Metadata>(JSC::CodeBlock::updateAllArrayAllocationProfilePredictions()::$_0&) const /root/WebKit/Source/JavaScriptCore/bytecode/CodeBlockInlines.h:59:9 (jsc+0x29e4a7)
    #6 void JSC::MetadataTable::forEach<JSC::OpNewArrayWithSize, void JSC::CodeBlock::forEachArrayAllocationProfile<JSC::CodeBlock::updateAllArrayAllocationProfilePredictions()::$_0>(JSC::CodeBlock::updateAllArrayAllocationProfilePredictions()::$_0 const&)::'lambda0'(JSC::CodeBlock::updateAllArrayAllocationProfilePredictions()::$_0&)>(void JSC::CodeBlock::forEachArrayAllocationProfile<JSC::CodeBlock::updateAllArrayAllocationProfilePredictions()::$_0>(JSC::CodeBlock::updateAllArrayAllocationProfilePredictions()::$_0 const&)::'lambda0'(JSC::CodeBlock::updateAllArrayAllocationProfilePredictions()::$_0&) const&) /root/WebKit/Source/JavaScriptCore/bytecode/MetadataTable.h:69:13 (jsc+0x29e4a7)
    #7 void JSC::CodeBlock::forEachArrayAllocationProfile<JSC::CodeBlock::updateAllArrayAllocationProfilePredictions()::$_0>(JSC::CodeBlock::updateAllArrayAllocationProfilePredictions()::$_0 const&) /root/WebKit/Source/JavaScriptCore/bytecode/CodeBlockInlines.h:59:9 (jsc+0x29e4a7)
    #8 JSC::CodeBlock::updateAllArrayAllocationProfilePredictions() /root/WebKit/Source/JavaScriptCore/bytecode/CodeBlock.cpp:3415:5 (jsc+0x29e4a7)
    #9 JSC::CodeBlock::shouldOptimizeNowFromBaseline() /root/WebKit/Source/JavaScriptCore/bytecode/CodeBlock.cpp:3445:5 (jsc+0x29e705)
    #10 operationOptimize /root/WebKit/Source/JavaScriptCore/jit/JITOperations.cpp:3233:25 (jsc+0xfbf298)
    #11 <null> <null> (0x7eff142054d0)
    #12 JSC::Interpreter::executeCall(JSC::JSObject*, JSC::CallData const&, JSC::JSValue, JSC::JSCell*, JSC::ArgList const&) /root/WebKit/Source/JavaScriptCore/interpreter/Interpreter.cpp (jsc+0xe89b6d)
    #13 JSC::call(JSC::JSGlobalObject*, JSC::JSValue, JSC::CallData const&, JSC::JSValue, JSC::ArgList const&) /root/WebKit/Source/JavaScriptCore/runtime/CallData.cpp:70:27 (jsc+0x135dec1)
    #14 JSC::call(JSC::JSGlobalObject*, JSC::JSValue, JSC::CallData const&, JSC::JSValue, JSC::ArgList const&, WTF::NakedPtr<JSC::Exception>&) /root/WebKit/Source/JavaScriptCore/runtime/CallData.cpp:77:22 (jsc+0x135dec1)
    #15 JSC::threadMain(JSC::VM&, WTF::Ref<JSC::ThreadState, WTF::RawPtrTraits<JSC::ThreadState>, WTF::DefaultRefDerefTraits<JSC::ThreadState>>) /root/WebKit/Source/JavaScriptCore/runtime/ThreadObject.cpp:241:30 (jsc+0x199f5cc)
    #16 JSC::constructThread(JSC::JSGlobalObject*, JSC::CallFrame*)::$_0::operator()() /root/WebKit/Source/JavaScriptCore/runtime/ThreadObject.cpp:468:9 (jsc+0x199f5cc)
    #17 WTF::Detail::CallableWrapper<JSC::constructThread(JSC::JSGlobalObject*, JSC::CallFrame*)::$_0, void>::call() /root/WebKit/WebKitBuild/TSan/WTF/Headers/wtf/Function.h:59:39 (jsc+0x199f5cc)
    #18 WTF::Function<void ()>::operator()() const /root/WebKit/Source/WTF/wtf/Function.h:103:35 (jsc+0x25b0445)
    #19 WTF::Thread::entryPoint(WTF::Thread::NewThreadContext*) /root/WebKit/Source/WTF/wtf/Threading.cpp:312:5 (jsc+0x25b0445)
    #20 WTF::wtfThreadEntryPoint(void*) /root/WebKit/Source/WTF/wtf/posix/ThreadingPOSIX.cpp:264:5 (jsc+0x260a419)

  Previous write of size 8 at 0x72a0000a8130 by thread T1:
    #0 aligned_alloc /home/runner/work/llvm-project/llvm-project/compiler-rt/lib/tsan/rtl/tsan_interceptors_posix.cpp:885:3 (jsc+0x13f40e)
    #1 bmalloc::api::tryMemalign(unsigned long, unsigned long, bmalloc::CompactAllocationMode, bmalloc::HeapKind) /root/WebKit/WebKitBuild/TSan/bmalloc/Headers/bmalloc/bmalloc.h:158:12 (jsc+0x25938d0)
    #2 WTF::tryFastCompactAlignedMalloc(unsigned long, unsigned long) /root/WebKit/Source/WTF/wtf/FastMalloc.cpp:553:20 (jsc+0x25938d0)
    #3 JSC::FastMallocAlignedMemoryAllocator::tryAllocateAlignedMemory(unsigned long, unsigned long) /root/WebKit/Source/JavaScriptCore/heap/FastMallocAlignedMemoryAllocator.cpp:47:12 (jsc+0xdbbcc0)
    #4 JSC::MarkedBlock::tryCreate(JSC::Heap&, JSC::AlignedMemoryAllocator*) /root/WebKit/Source/JavaScriptCore/heap/MarkedBlock.cpp:138:48 (jsc+0xe48478)
    #5 JSC::BlockDirectory::tryAllocateBlock(WTF::AbstractLocker const&, JSC::Heap&) /root/WebKit/Source/JavaScriptCore/heap/BlockDirectory.cpp:154:35 (jsc+0xdb2f0d)
    #6 JSC::LocalAllocator::allocateSlowCase(JSC::Heap&, unsigned long, JSC::GCDeferralContext*, JSC::AllocationFailureMode) /root/WebKit/Source/JavaScriptCore/heap/LocalAllocator.cpp:221:47 (jsc+0xe4325e)
    #7 JSC::LocalAllocator::allocate(JSC::Heap&, unsigned long, JSC::GCDeferralContext*, JSC::AllocationFailureMode)::'lambda'()::operator()() const /root/WebKit/WebKitBuild/TSan/JavaScriptCore/PrivateHeaders/JavaScriptCore/LocalAllocatorInlines.h:53:43 (jsc+0x1d133e)
    #8 JSC::HeapCell* JSC::FreeList::allocateWithCellSize<JSC::LocalAllocator::allocate(JSC::Heap&, unsigned long, JSC::GCDeferralContext*, JSC::AllocationFailureMode)::'lambda'()>(JSC::LocalAllocator::allocate(JSC::Heap&, unsigned long, JSC::GCDeferralContext*, JSC::AllocationFailureMode)::'lambda'() const&, unsigned long) /root/WebKit/WebKitBuild/TSan/JavaScriptCore/PrivateHeaders/JavaScriptCore/FreeListInlines.h:46:16 (jsc+0x2529f7)
    #9 JSC::LocalAllocator::allocate(JSC::Heap&, unsigned long, JSC::GCDeferralContext*, JSC::AllocationFailureMode) /root/WebKit/WebKitBuild/TSan/JavaScriptCore/PrivateHeaders/JavaScriptCore/LocalAllocatorInlines.h:50:23 (jsc+0x2529f7)
    #10 JSC::GCClient::IsoSubspace::allocate(JSC::VM&, unsigned long, JSC::GCDeferralContext*, JSC::AllocationFailureMode) /root/WebKit/WebKitBuild/TSan/JavaScriptCore/PrivateHeaders/JavaScriptCore/IsoSubspaceInlines.h:42:29 (jsc+0x2529f7)
    #11 void* JSC::tryAllocateCellHelper<JSC::JSArray, (JSC::AllocationFailureMode)0>(JSC::VM&, unsigned long, JSC::GCDeferralContext*) /root/WebKit/WebKitBuild/TSan/JavaScriptCore/PrivateHeaders/JavaScriptCore/JSCellInlines.h:212:63 (jsc+0x2529f7)
    #12 void* JSC::allocateCell<JSC::JSArray>(JSC::VM&, JSC::GCDeferralContext*, unsigned long) /root/WebKit/WebKitBuild/TSan/JavaScriptCore/PrivateHeaders/JavaScriptCore/JSCellInlines.h:244:12 (jsc+0x2529f7)
    #13 JSC::JSArray::createWithButterfly(JSC::VM&, JSC::GCDeferralContext*, JSC::Structure*, JSC::Butterfly*) /root/WebKit/Source/JavaScriptCore/runtime/JSArray.h:244:36 (jsc+0x252610)
    #14 JSC::JSArray::tryCreate(JSC::VM&, JSC::Structure*, unsigned int, unsigned int) /root/WebKit/Source/JavaScriptCore/runtime/JSArrayInlines.h:78:12 (jsc+0x252610)
    #15 JSC::JSArray::tryCreate(JSC::VM&, JSC::Structure*, unsigned int) /root/WebKit/Source/JavaScriptCore/runtime/JSArrayInlines.h:83:12 (jsc+0x7d9fc6)
    #16 JSC::constructEmptyArray(JSC::JSGlobalObject*, JSC::ArrayAllocationProfile*, unsigned int, JSC::JSValue) /root/WebKit/Source/JavaScriptCore/runtime/JSGlobalObjectInlines.h:290:23 (jsc+0x7d9fc6)
    #17 JSC::constructArrayWithSizeQuirk(JSC::JSGlobalObject*, JSC::ArrayAllocationProfile*, JSC::JSValue, JSC::JSValue) /root/WebKit/Source/JavaScriptCore/runtime/ArrayConstructor.cpp:91:5 (jsc+0x12fc5c4)
    #18 operationNewArrayWithSizeAndProfile /root/WebKit/Source/JavaScriptCore/jit/JITOperations.cpp:2720:5 (jsc+0xfbb93d)
    #19 <null> <null> (0x7eff142033c8)
    #20 JSC::Interpreter::executeCall(JSC::JSObject*, JSC::CallData const&, JSC::JSValue, JSC::JSCell*, JSC::ArgList const&) /root/WebKit/Source/JavaScriptCore/interpreter/Interpreter.cpp (jsc+0xe89b6d)
    #21 JSC::call(JSC::JSGlobalObject*, JSC::JSValue, JSC::CallData const&, JSC::JSValue, JSC::ArgList const&) /root/WebKit/Source/JavaScriptCore/runtime/CallData.cpp:70:27 (jsc+0x135dec1)
    #22 JSC::call(JSC::JSGlobalObject*, JSC::JSValue, JSC::CallData const&, JSC::JSValue, JSC::ArgList const&, WTF::NakedPtr<JSC::Exception>&) /root/WebKit/Source/JavaScriptCore/runtime/CallData.cpp:77:22 (jsc+0x135dec1)
    #23 JSC::threadMain(JSC::VM&, WTF::Ref<JSC::ThreadState, WTF::RawPtrTraits<JSC::ThreadState>, WTF::DefaultRefDerefTraits<JSC::ThreadState>>) /root/WebKit/Source/JavaScriptCore/runtime/ThreadObject.cpp:241:30 (jsc+0x199f5cc)
    #24 JSC::constructThread(JSC::JSGlobalObject*, JSC::CallFrame*)::$_0::operator()() /root/WebKit/Source/JavaScriptCore/runtime/ThreadObject.cpp:468:9 (jsc+0x199f5cc)
    #25 WTF::Detail::CallableWrapper<JSC::constructThread(JSC::JSGlobalObject*, JSC::CallFrame*)::$_0, void>::call() /root/WebKit/WebKitBuild/TSan/WTF/Headers/wtf/Function.h:59:39 (jsc+0x199f5cc)
    #26 WTF::Function<void ()>::operator()() const /root/WebKit/Source/WTF/wtf/Function.h:103:35 (jsc+0x25b0445)
    #27 WTF::Thread::entryPoint(WTF::Thread::NewThreadContext*) /root/WebKit/Source/WTF/wtf/Threading.cpp:312:5 (jsc+0x25b0445)
    #28 WTF::wtfThreadEntryPoint(void*) /root/WebKit/Source/WTF/wtf/posix/ThreadingPOSIX.cpp:264:5 (jsc+0x260a419)

  Location is heap block of size 16384 at 0x72a0000a8000 allocated by thread T1:
    #0 aligned_alloc /home/runner/work/llvm-project/llvm-project/compiler-rt/lib/tsan/rtl/tsan_interceptors_posix.cpp:885:3 (jsc+0x13f40e)
    #1 bmalloc::api::tryMemalign(unsigned long, unsigned long, bmalloc::CompactAllocationMode, bmalloc::HeapKind) /root/WebKit/WebKitBuild/TSan/bmalloc/Headers/bmalloc/bmalloc.h:158:12 (jsc+0x25938d0)
    #2 WTF::tryFastCompactAlignedMalloc(unsigned long, unsigned long) /root/WebKit/Source/WTF/wtf/FastMalloc.cpp:553:20 (jsc+0x25938d0)
    #3 JSC::FastMallocAlignedMemoryAllocator::tryAllocateAlignedMemory(unsigned long, unsigned long) /root/WebKit/Source/JavaScriptCore/heap/FastMallocAlignedMemoryAllocator.cpp:47:12 (jsc+0xdbbcc0)
    #4 JSC::MarkedBlock::tryCreate(JSC::Heap&, JSC::AlignedMemoryAllocator*) /root/WebKit/Source/JavaScriptCore/heap/MarkedBlock.cpp:138:48 (jsc+0xe48478)
    #5 JSC::BlockDirectory::tryAllocateBlock(WTF::AbstractLocker const&, JSC::Heap&) /root/WebKit/Source/JavaScriptCore/heap/BlockDirectory.cpp:154:35 (jsc+0xdb2f0d)
    #6 JSC::LocalAllocator::allocateSlowCase(JSC::Heap&, unsigned long, JSC::GCDeferralContext*, JSC::AllocationFailureMode) /root/WebKit/Source/JavaScriptCore/heap/LocalAllocator.cpp:221:47 (jsc+0xe4325e)
    #7 JSC::LocalAllocator::allocate(JSC::Heap&, unsigned long, JSC::GCDeferralContext*, JSC::AllocationFailureMode)::'lambda'()::operator()() const /root/WebKit/WebKitBuild/TSan/JavaScriptCore/PrivateHeaders/JavaScriptCore/LocalAllocatorInlines.h:53:43 (jsc+0x1d133e)
    #8 JSC::HeapCell* JSC::FreeList::allocateWithCellSize<JSC::LocalAllocator::allocate(JSC::Heap&, unsigned long, JSC::GCDeferralContext*, JSC::AllocationFailureMode)::'lambda'()>(JSC::LocalAllocator::allocate(JSC::Heap&, unsigned long, JSC::GCDeferralContext*, JSC::AllocationFailureMode)::'lambda'() const&, unsigned long) /root/WebKit/WebKitBuild/TSan/JavaScriptCore/PrivateHeaders/JavaScriptCore/FreeListInlines.h:46:16 (jsc+0x2529f7)
    #9 JSC::LocalAllocator::allocate(JSC::Heap&, unsigned long, JSC::GCDeferralContext*, JSC::AllocationFailureMode) /root/WebKit/WebKitBuild/TSan/JavaScriptCore/PrivateHeaders/JavaScriptCore/LocalAllocatorInlines.h:50:23 (jsc+0x2529f7)
    #10 JSC::GCClient::IsoSubspace::allocate(JSC::VM&, unsigned long, JSC::GCDeferralContext*, JSC::AllocationFailureMode) /root/WebKit/WebKitBuild/TSan/JavaScriptCore/PrivateHeaders/JavaScriptCore/IsoSubspaceInlines.h:42:29 (jsc+0x2529f7)
    #11 void* JSC::tryAllocateCellHelper<JSC::JSArray, (JSC::AllocationFailureMode)0>(JSC::VM&, unsigned long, JSC::GCDeferralContext*) /root/WebKit/WebKitBuild/TSan/JavaScriptCore/PrivateHeaders/JavaScriptCore/JSCellInlines.h:212:63 (jsc+0x2529f7)
    #12 void* JSC::allocateCell<JSC::JSArray>(JSC::VM&, JSC::GCDeferralContext*, unsigned long) /root/WebKit/WebKitBuild/TSan/JavaScriptCore/PrivateHeaders/JavaScriptCore/JSCellInlines.h:244:12 (jsc+0x2529f7)
    #13 JSC::JSArray::createWithButterfly(JSC::VM&, JSC::GCDeferralContext*, JSC::Structure*, JSC::Butterfly*) /root/WebKit/Source/JavaScriptCore/runtime/JSArray.h:244:36 (jsc+0x252610)
    #14 JSC::JSArray::tryCreate(JSC::VM&, JSC::Structure*, unsigned int, unsigned int) /root/WebKit/Source/JavaScriptCore/runtime/JSArrayInlines.h:78:12 (jsc+0x252610)
    #15 JSC::JSArray::tryCreate(JSC::VM&, JSC::Structure*, unsigned int) /root/WebKit/Source/JavaScriptCore/runtime/JSArrayInlines.h:83:12 (jsc+0x7d9fc6)
    #16 JSC::constructEmptyArray(JSC::JSGlobalObject*, JSC::ArrayAllocationProfile*, unsigned int, JSC::JSValue) /root/WebKit/Source/JavaScriptCore/runtime/JSGlobalObjectInlines.h:290:23 (jsc+0x7d9fc6)
    #17 JSC::constructArrayWithSizeQuirk(JSC::JSGlobalObject*, JSC::ArrayAllocationProfile*, JSC::JSValue, JSC::JSValue) /root/WebKit/Source/JavaScriptCore/runtime/ArrayConstructor.cpp:91:5 (jsc+0x12fc5c4)
    #18 operationNewArrayWithSizeAndProfile /root/WebKit/Source/JavaScriptCore/jit/JITOperations.cpp:2720:5 (jsc+0xfbb93d)
    #19 <null> <null> (0x7eff142033c8)
    #20 JSC::Interpreter::executeCall(JSC::JSObject*, JSC::CallData const&, JSC::JSValue, JSC::JSCell*, JSC::ArgList const&) /root/WebKit/Source/JavaScriptCore/interpreter/Interpreter.cpp (jsc+0xe89b6d)
    #21 JSC::call(JSC::JSGlobalObject*, JSC::JSValue, JSC::CallData const&, JSC::JSValue, JSC::ArgList const&) /root/WebKit/Source/JavaScriptCore/runtime/CallData.cpp:70:27 (jsc+0x135dec1)
    #22 JSC::call(JSC::JSGlobalObject*, JSC::JSValue, JSC::CallData const&, JSC::JSValue, JSC::ArgList const&, WTF::NakedPtr<JSC::Exception>&) /root/WebKit/Source/JavaScriptCore/runtime/CallData.cpp:77:22 (jsc+0x135dec1)
    #23 JSC::threadMain(JSC::VM&, WTF::Ref<JSC::ThreadState, WTF::RawPtrTraits<JSC::ThreadState>, WTF::DefaultRefDerefTraits<JSC::ThreadState>>) /root/WebKit/Source/JavaScriptCore/runtime/ThreadObject.cpp:241:30 (jsc+0x199f5cc)
    #24 JSC::constructThread(JSC::JSGlobalObject*, JSC::CallFrame*)::$_0::operator()() /root/WebKit/Source/JavaScriptCore/runtime/ThreadObject.cpp:468:9 (jsc+0x199f5cc)
    #25 WTF::Detail::CallableWrapper<JSC::constructThread(JSC::JSGlobalObject*, JSC::CallFrame*)::$_0, void>::call() /root/WebKit/WebKitBuild/TSan/WTF/Headers/wtf/Function.h:59:39 (jsc+0x199f5cc)
    #26 WTF::Function<void ()>::operator()() const /root/WebKit/Source/WTF/wtf/Function.h:103:35 (jsc+0x25b0445)
    #27 WTF::Thread::entryPoint(WTF::Thread::NewThreadContext*) /root/WebKit/Source/WTF/wtf/Threading.cpp:312:5 (jsc+0x25b0445)
    #28 WTF::wtfThreadEntryPoint(void*) /root/WebKit/Source/WTF/wtf/posix/ThreadingPOSIX.cpp:264:5 (jsc+0x260a419)

  Thread T2 'JS Thread' (tid=2639713, running) created by main thread at:
    #0 pthread_create /home/runner/work/llvm-project/llvm-project/compiler-rt/lib/tsan/rtl/tsan_interceptors_posix.cpp:1090:3 (jsc+0x13ff1a)
    #1 WTF::Thread::establishHandle(WTF::Thread::NewThreadContext&, WTF::StackAllocationSpecification, WTF::ThreadQOS, WTF::ThreadSchedulingPolicy) /root/WebKit/Source/WTF/wtf/posix/ThreadingPOSIX.cpp:354:17 (jsc+0x260a305)
    #2 WTF::Thread::create(WTF::ASCIILiteral, WTF::Function<void ()>&&, WTF::ThreadType, WTF::ThreadQOS, WTF::ThreadSchedulingPolicy, WTF::StackAllocationSpecification) /root/WebKit/Source/WTF/wtf/Threading.cpp:330:32 (jsc+0x25b0783)
    #3 JSC::constructThread(JSC::JSGlobalObject*, JSC::CallFrame*) /root/WebKit/Source/JavaScriptCore/runtime/ThreadObject.cpp:467:5 (jsc+0x1997b2f)
    #4 <null> <null> (0x7eff141ff217)
    #5 JSC::evaluate(JSC::JSGlobalObject*, JSC::SourceCode const&, JSC::JSValue, WTF::NakedPtr<JSC::Exception>&) /root/WebKit/Source/JavaScriptCore/runtime/Completion.cpp:145:37 (jsc+0x13c1033)
    #6 runWithOptions(GlobalObject*, CommandLine&, bool&) /root/WebKit/Source/JavaScriptCore/jsc.cpp:3957:35 (jsc+0x1cafa5)
    #7 jscmain(int, char**)::$_0::operator()(JSC::VM&, GlobalObject*, bool&) const /root/WebKit/Source/JavaScriptCore/jsc.cpp:4686:13 (jsc+0x1cafa5)
    #8 int runJSC<jscmain(int, char**)::$_0>(CommandLine const&, bool, jscmain(int, char**)::$_0 const&) /root/WebKit/Source/JavaScriptCore/jsc.cpp:4472:13 (jsc+0x1cafa5)
    #9 jscmain(int, char**) /root/WebKit/Source/JavaScriptCore/jsc.cpp:4679:18 (jsc+0x1cafa5)
    #10 main /root/WebKit/Source/JavaScriptCore/jsc.cpp:3715:15 (jsc+0x1c97e3)

  Thread T1 'JS Thread' (tid=2639712, running) created by main thread at:
    #0 pthread_create /home/runner/work/llvm-project/llvm-project/compiler-rt/lib/tsan/rtl/tsan_interceptors_posix.cpp:1090:3 (jsc+0x13ff1a)
    #1 WTF::Thread::establishHandle(WTF::Thread::NewThreadContext&, WTF::StackAllocationSpecification, WTF::ThreadQOS, WTF::ThreadSchedulingPolicy) /root/WebKit/Source/WTF/wtf/posix/ThreadingPOSIX.cpp:354:17 (jsc+0x260a305)
    #2 WTF::Thread::create(WTF::ASCIILiteral, WTF::Function<void ()>&&, WTF::ThreadType, WTF::ThreadQOS, WTF::ThreadSchedulingPolicy, WTF::StackAllocationSpecification) /root/WebKit/Source/WTF/wtf/Threading.cpp:330:32 (jsc+0x25b0783)
    #3 JSC::constructThread(JSC::JSGlobalObject*, JSC::CallFrame*) /root/WebKit/Source/JavaScriptCore/runtime/ThreadObject.cpp:467:5 (jsc+0x1997b2f)
    #4 <null> <null> (0x7eff141ff217)
    #5 JSC::evaluate(JSC::JSGlobalObject*, JSC::SourceCode const&, JSC::JSValue, WTF::NakedPtr<JSC::Exception>&) /root/WebKit/Source/JavaScriptCore/runtime/Completion.cpp:145:37 (jsc+0x13c1033)
    #6 runWithOptions(GlobalObject*, CommandLine&, bool&) /root/WebKit/Source/JavaScriptCore/jsc.cpp:3957:35 (jsc+0x1cafa5)
    #7 jscmain(int, char**)::$_0::operator()(JSC::VM&, GlobalObject*, bool&) const /root/WebKit/Source/JavaScriptCore/jsc.cpp:4686:13 (jsc+0x1cafa5)
    #8 int runJSC<jscmain(int, char**)::$_0>(CommandLine const&, bool, jscmain(int, char**)::$_0 const&) /root/WebKit/Source/JavaScriptCore/jsc.cpp:4472:13 (jsc+0x1cafa5)
    #9 jscmain(int, char**) /root/WebKit/Source/JavaScriptCore/jsc.cpp:4679:18 (jsc+0x1cafa5)
    #10 main /root/WebKit/Source/JavaScriptCore/jsc.cpp:3715:15 (jsc+0x1c97e3)

SUMMARY: ThreadSanitizer: data race /root/WebKit/WebKitBuild/TSan/JavaScriptCore/PrivateHeaders/JavaScriptCore/JSCell.h:99:5 in unsigned char JSC::cellHeaderConcurrentLoad<unsigned char>(unsigned char const&)
==================
==================
WARNING: ThreadSanitizer: data race (pid=2639624)
  Atomic read of size 8 at 0x72a0000a8138 by thread T2:
    #0 std::__atomic_base<unsigned long>::load(std::memory_order) const /usr/lib/gcc/x86_64-amazon-linux/14/../../../../include/c++/14/bits/atomic_base.h:501:9 (jsc+0x21d742c)
    #1 WTF::Atomic<unsigned long>::load(std::memory_order) const /root/WebKit/WebKitBuild/TSan/WTF/Headers/wtf/Atomics.h:55:100 (jsc+0x21d742c)
    #2 unsigned long WTF::atomicLoad<unsigned long>(unsigned long*, std::memory_order) /root/WebKit/WebKitBuild/TSan/WTF/Headers/wtf/Atomics.h:162:49 (jsc+0x21d742c)
    #3 unsigned long JSC::butterflyConcurrentLoad<unsigned long>(unsigned long const*) /root/WebKit/WebKitBuild/TSan/JavaScriptCore/PrivateHeaders/JavaScriptCore/Butterfly.h:383:12 (jsc+0x21d742c)
    #4 JSC::JSObject::taggedButterflyWord() const /root/WebKit/Source/JavaScriptCore/runtime/JSObject.h:874:25 (jsc+0x21d742c)
    #5 JSC::JSObject::getVectorLength() /root/WebKit/Source/JavaScriptCore/runtime/JSObject.h:286:29 (jsc+0x21d742c)
    #6 JSC::ArrayAllocationProfile::updateProfile() /root/WebKit/Source/JavaScriptCore/bytecode/ArrayAllocationProfile.cpp:76:97 (jsc+0x21d742c)
    #7 JSC::CodeBlock::updateAllArrayAllocationProfilePredictions()::$_0::operator()(JSC::ArrayAllocationProfile&) const /root/WebKit/Source/JavaScriptCore/bytecode/CodeBlock.cpp:3416:17 (jsc+0x29e4a7)
    #8 auto void JSC::CodeBlock::forEachArrayAllocationProfile<JSC::CodeBlock::updateAllArrayAllocationProfilePredictions()::$_0>(JSC::CodeBlock::updateAllArrayAllocationProfilePredictions()::$_0 const&)::'lambda0'(JSC::CodeBlock::updateAllArrayAllocationProfilePredictions()::$_0&)::operator()<JSC::OpNewArrayWithSize::Metadata>(JSC::CodeBlock::updateAllArrayAllocationProfilePredictions()::$_0&) const /root/WebKit/Source/JavaScriptCore/bytecode/CodeBlockInlines.h:59:9 (jsc+0x29e4a7)
    #9 void JSC::MetadataTable::forEach<JSC::OpNewArrayWithSize, void JSC::CodeBlock::forEachArrayAllocationProfile<JSC::CodeBlock::updateAllArrayAllocationProfilePredictions()::$_0>(JSC::CodeBlock::updateAllArrayAllocationProfilePredictions()::$_0 const&)::'lambda0'(JSC::CodeBlock::updateAllArrayAllocationProfilePredictions()::$_0&)>(void JSC::CodeBlock::forEachArrayAllocationProfile<JSC::CodeBlock::updateAllArrayAllocationProfilePredictions()::$_0>(JSC::CodeBlock::updateAllArrayAllocationProfilePredictions()::$_0 const&)::'lambda0'(JSC::CodeBlock::updateAllArrayAllocationProfilePredictions()::$_0&) const&) /root/WebKit/Source/JavaScriptCore/bytecode/MetadataTable.h:69:13 (jsc+0x29e4a7)
    #10 void JSC::CodeBlock::forEachArrayAllocationProfile<JSC::CodeBlock::updateAllArrayAllocationProfilePredictions()::$_0>(JSC::CodeBlock::updateAllArrayAllocationProfilePredictions()::$_0 const&) /root/WebKit/Source/JavaScriptCore/bytecode/CodeBlockInlines.h:59:9 (jsc+0x29e4a7)
    #11 JSC::CodeBlock::updateAllArrayAllocationProfilePredictions() /root/WebKit/Source/JavaScriptCore/bytecode/CodeBlock.cpp:3415:5 (jsc+0x29e4a7)
    #12 JSC::CodeBlock::shouldOptimizeNowFromBaseline() /root/WebKit/Source/JavaScriptCore/bytecode/CodeBlock.cpp:3445:5 (jsc+0x29e705)
    #13 operationOptimize /root/WebKit/Source/JavaScriptCore/jit/JITOperations.cpp:3233:25 (jsc+0xfbf298)
    #14 <null> <null> (0x7eff142054d0)
    #15 JSC::Interpreter::executeCall(JSC::JSObject*, JSC::CallData const&, JSC::JSValue, JSC::JSCell*, JSC::ArgList const&) /root/WebKit/Source/JavaScriptCore/interpreter/Interpreter.cpp (jsc+0xe89b6d)
    #16 JSC::call(JSC::JSGlobalObject*, JSC::JSValue, JSC::CallData const&, JSC::JSValue, JSC::ArgList const&) /root/WebKit/Source/JavaScriptCore/runtime/CallData.cpp:70:27 (jsc+0x135dec1)
    #17 JSC::call(JSC::JSGlobalObject*, JSC::JSValue, JSC::CallData const&, JSC::JSValue, JSC::ArgList const&, WTF::NakedPtr<JSC::Exception>&) /root/WebKit/Source/JavaScriptCore/runtime/CallData.cpp:77:22 (jsc+0x135dec1)
    #18 JSC::threadMain(JSC::VM&, WTF::Ref<JSC::ThreadState, WTF::RawPtrTraits<JSC::ThreadState>, WTF::DefaultRefDerefTraits<JSC::ThreadState>>) /root/WebKit/Source/JavaScriptCore/runtime/ThreadObject.cpp:241:30 (jsc+0x199f5cc)
    #19 JSC::constructThread(JSC::JSGlobalObject*, JSC::CallFrame*)::$_0::operator()() /root/WebKit/Source/JavaScriptCore/runtime/ThreadObject.cpp:468:9 (jsc+0x199f5cc)
    #20 WTF::Detail::CallableWrapper<JSC::constructThread(JSC::JSGlobalObject*, JSC::CallFrame*)::$_0, void>::call() /root/WebKit/WebKitBuild/TSan/WTF/Headers/wtf/Function.h:59:39 (jsc+0x199f5cc)
    #21 WTF::Function<void ()>::operator()() const /root/WebKit/Source/WTF/wtf/Function.h:103:35 (jsc+0x25b0445)
    #22 WTF::Thread::entryPoint(WTF::Thread::NewThreadContext*) /root/WebKit/Source/WTF/wtf/Threading.cpp:312:5 (jsc+0x25b0445)
    #23 WTF::wtfThreadEntryPoint(void*) /root/WebKit/Source/WTF/wtf/posix/ThreadingPOSIX.cpp:264:5 (jsc+0x260a419)

  Previous write of size 8 at 0x72a0000a8138 by thread T1:
    #0 JSC::FreeCell::makeLast(unsigned int, unsigned long) /root/WebKit/WebKitBuild/TSan/JavaScriptCore/PrivateHeaders/JavaScriptCore/FreeList.h:55:23 (jsc+0xe4f25a)
    #1 void JSC::MarkedBlock::Handle::specializedSweep<true, (JSC::MarkedBlock::Handle::EmptyMode)0, (JSC::MarkedBlock::Handle::SweepMode)1, (JSC::MarkedBlock::Handle::SweepDestructionMode)0, (JSC::MarkedBlock::Handle::ScribbleMode)0, (JSC::MarkedBlock::Handle::NewlyAllocatedMode)1, (JSC::MarkedBlock::Handle::MarksMode)0, JSC::MarkedBlock::Handle::sweep(JSC::FreeList*)::$_0::operator()() const::'lambda0'(JSC::VM&, JSC::JSCell*)>(JSC::FreeList*, JSC::MarkedBlock::Handle::EmptyMode, JSC::MarkedBlock::Handle::SweepMode, JSC::MarkedBlock::Handle::SweepDestructionMode, JSC::MarkedBlock::Handle::ScribbleMode, JSC::MarkedBlock::Handle::NewlyAllocatedMode, JSC::MarkedBlock::Handle::MarksMode, JSC::MarkedBlock::Handle::sweep(JSC::FreeList*)::$_0::operator()() const::'lambda0'(JSC::VM&, JSC::JSCell*) const&) /root/WebKit/WebKitBuild/TSan/JavaScriptCore/PrivateHeaders/JavaScriptCore/MarkedBlockInlines.h:256:23 (jsc+0xe4f25a)
    #2 JSC::MarkedBlock::Handle::sweep(JSC::FreeList*)::$_0::operator()() const /root/WebKit/Source/JavaScriptCore/heap/MarkedBlock.cpp:653:17 (jsc+0xe4497c)
    #3 JSC::MarkedBlock::Handle::sweep(JSC::FreeList*) /root/WebKit/Source/JavaScriptCore/heap/MarkedBlock.cpp:672:9 (jsc+0xe4497c)
    #4 JSC::LocalAllocator::tryAllocateIn(JSC::MarkedBlock::Handle*, unsigned long) /root/WebKit/Source/JavaScriptCore/heap/LocalAllocator.cpp:346:12 (jsc+0xe43b46)
    #5 JSC::LocalAllocator::allocateIn(JSC::MarkedBlock::Handle*, unsigned long) /root/WebKit/Source/JavaScriptCore/heap/LocalAllocator.cpp:311:20 (jsc+0xe437d9)
    #6 JSC::LocalAllocator::allocateSlowCase(JSC::Heap&, unsigned long, JSC::GCDeferralContext*, JSC::AllocationFailureMode) /root/WebKit/Source/JavaScriptCore/heap/LocalAllocator.cpp:227:14 (jsc+0xe4328e)
    #7 JSC::LocalAllocator::allocate(JSC::Heap&, unsigned long, JSC::GCDeferralContext*, JSC::AllocationFailureMode)::'lambda'()::operator()() const /root/WebKit/WebKitBuild/TSan/JavaScriptCore/PrivateHeaders/JavaScriptCore/LocalAllocatorInlines.h:53:43 (jsc+0x1d133e)
    #8 JSC::HeapCell* JSC::FreeList::allocateWithCellSize<JSC::LocalAllocator::allocate(JSC::Heap&, unsigned long, JSC::GCDeferralContext*, JSC::AllocationFailureMode)::'lambda'()>(JSC::LocalAllocator::allocate(JSC::Heap&, unsigned long, JSC::GCDeferralContext*, JSC::AllocationFailureMode)::'lambda'() const&, unsigned long) /root/WebKit/WebKitBuild/TSan/JavaScriptCore/PrivateHeaders/JavaScriptCore/FreeListInlines.h:46:16 (jsc+0x2529f7)
    #9 JSC::LocalAllocator::allocate(JSC::Heap&, unsigned long, JSC::GCDeferralContext*, JSC::AllocationFailureMode) /root/WebKit/WebKitBuild/TSan/JavaScriptCore/PrivateHeaders/JavaScriptCore/LocalAllocatorInlines.h:50:23 (jsc+0x2529f7)
    #10 JSC::GCClient::IsoSubspace::allocate(JSC::VM&, unsigned long, JSC::GCDeferralContext*, JSC::AllocationFailureMode) /root/WebKit/WebKitBuild/TSan/JavaScriptCore/PrivateHeaders/JavaScriptCore/IsoSubspaceInlines.h:42:29 (jsc+0x2529f7)
    #11 void* JSC::tryAllocateCellHelper<JSC::JSArray, (JSC::AllocationFailureMode)0>(JSC::VM&, unsigned long, JSC::GCDeferralContext*) /root/WebKit/WebKitBuild/TSan/JavaScriptCore/PrivateHeaders/JavaScriptCore/JSCellInlines.h:212:63 (jsc+0x2529f7)
    #12 void* JSC::allocateCell<JSC::JSArray>(JSC::VM&, JSC::GCDeferralContext*, unsigned long) /root/WebKit/WebKitBuild/TSan/JavaScriptCore/PrivateHeaders/JavaScriptCore/JSCellInlines.h:244:12 (jsc+0x2529f7)
    #13 JSC::JSArray::createWithButterfly(JSC::VM&, JSC::GCDeferralContext*, JSC::Structure*, JSC::Butterfly*) /root/WebKit/Source/JavaScriptCore/runtime/JSArray.h:244:36 (jsc+0x252610)
    #14 JSC::JSArray::tryCreate(JSC::VM&, JSC::Structure*, unsigned int, unsigned int) /root/WebKit/Source/JavaScriptCore/runtime/JSArrayInlines.h:78:12 (jsc+0x252610)
    #15 JSC::JSArray::tryCreate(JSC::VM&, JSC::Structure*, unsigned int) /root/WebKit/Source/JavaScriptCore/runtime/JSArrayInlines.h:83:12 (jsc+0x7d9fc6)
    #16 JSC::constructEmptyArray(JSC::JSGlobalObject*, JSC::ArrayAllocationProfile*, unsigned int, JSC::JSValue) /root/WebKit/Source/JavaScriptCore/runtime/JSGlobalObjectInlines.h:290:23 (jsc+0x7d9fc6)
    #17 JSC::constructArrayWithSizeQuirk(JSC::JSGlobalObject*, JSC::ArrayAllocationProfile*, JSC::JSValue, JSC::JSValue) /root/WebKit/Source/JavaScriptCore/runtime/ArrayConstructor.cpp:91:5 (jsc+0x12fc5c4)
    #18 operationNewArrayWithSizeAndProfile /root/WebKit/Source/JavaScriptCore/jit/JITOperations.cpp:2720:5 (jsc+0xfbb93d)
    #19 <null> <null> (0x7eff142033c8)
    #20 JSC::Interpreter::executeCall(JSC::JSObject*, JSC::CallData const&, JSC::JSValue, JSC::JSCell*, JSC::ArgList const&) /root/WebKit/Source/JavaScriptCore/interpreter/Interpreter.cpp (jsc+0xe89b6d)
    #21 JSC::call(JSC::JSGlobalObject*, JSC::JSValue, JSC::CallData const&, JSC::JSValue, JSC::ArgList const&) /root/WebKit/Source/JavaScriptCore/runtime/CallData.cpp:70:27 (jsc+0x135dec1)
    #22 JSC::call(JSC::JSGlobalObject*, JSC::JSValue, JSC::CallData const&, JSC::JSValue, JSC::ArgList const&, WTF::NakedPtr<JSC::Exception>&) /root/WebKit/Source/JavaScriptCore/runtime/CallData.cpp:77:22 (jsc+0x135dec1)
    #23 JSC::threadMain(JSC::VM&, WTF::Ref<JSC::ThreadState, WTF::RawPtrTraits<JSC::ThreadState>, WTF::DefaultRefDerefTraits<JSC::ThreadState>>) /root/WebKit/Source/JavaScriptCore/runtime/ThreadObject.cpp:241:30 (jsc+0x199f5cc)
    #24 JSC::constructThread(JSC::JSGlobalObject*, JSC::CallFrame*)::$_0::operator()() /root/WebKit/Source/JavaScriptCore/runtime/ThreadObject.cpp:468:9 (jsc+0x199f5cc)
    #25 WTF::Detail::CallableWrapper<JSC::constructThread(JSC::JSGlobalObject*, JSC::CallFrame*)::$_0, void>::call() /root/WebKit/WebKitBuild/TSan/WTF/Headers/wtf/Function.h:59:39 (jsc+0x199f5cc)
    #26 WTF::Function<void ()>::operator()() const /root/WebKit/Source/WTF/wtf/Function.h:103:35 (jsc+0x25b0445)
    #27 WTF::Thread::entryPoint(WTF::Thread::NewThreadContext*) /root/WebKit/Source/WTF/wtf/Threading.cpp:312:5 (jsc+0x25b0445)
    #28 WTF::wtfThreadEntryPoint(void*) /root/WebKit/Source/WTF/wtf/posix/ThreadingPOSIX.cpp:264:5 (jsc+0x260a419)

  Location is heap block of size 16384 at 0x72a0000a8000 allocated by thread T1:
    #0 aligned_alloc /home/runner/work/llvm-project/llvm-project/compiler-rt/lib/tsan/rtl/tsan_interceptors_posix.cpp:885:3 (jsc+0x13f40e)
    #1 bmalloc::api::tryMemalign(unsigned long, unsigned long, bmalloc::CompactAllocationMode, bmalloc::HeapKind) /root/WebKit/WebKitBuild/TSan/bmalloc/Headers/bmalloc/bmalloc.h:158:12 (jsc+0x25938d0)
    #2 WTF::tryFastCompactAlignedMalloc(unsigned long, unsigned long) /root/WebKit/Source/WTF/wtf/FastMalloc.cpp:553:20 (jsc+0x25938d0)
    #3 JSC::FastMallocAlignedMemoryAllocator::tryAllocateAlignedMemory(unsigned long, unsigned long) /root/WebKit/Source/JavaScriptCore/heap/FastMallocAlignedMemoryAllocator.cpp:47:12 (jsc+0xdbbcc0)
    #4 JSC::MarkedBlock::tryCreate(JSC::Heap&, JSC::AlignedMemoryAllocator*) /root/WebKit/Source/JavaScriptCore/heap/MarkedBlock.cpp:138:48 (jsc+0xe48478)
    #5 JSC::BlockDirectory::tryAllocateBlock(WTF::AbstractLocker const&, JSC::Heap&) /root/WebKit/Source/JavaScriptCore/heap/BlockDirectory.cpp:154:35 (jsc+0xdb2f0d)
    #6 JSC::LocalAllocator::allocateSlowCase(JSC::Heap&, unsigned long, JSC::GCDeferralContext*, JSC::AllocationFailureMode) /root/WebKit/Source/JavaScriptCore/heap/LocalAllocator.cpp:221:47 (jsc+0xe4325e)
    #7 JSC::LocalAllocator::allocate(JSC::Heap&, unsigned long, JSC::GCDeferralContext*, JSC::AllocationFailureMode)::'lambda'()::operator()() const /root/WebKit/WebKitBuild/TSan/JavaScriptCore/PrivateHeaders/JavaScriptCore/LocalAllocatorInlines.h:53:43 (jsc+0x1d133e)
    #8 JSC::HeapCell* JSC::FreeList::allocateWithCellSize<JSC::LocalAllocator::allocate(JSC::Heap&, unsigned long, JSC::GCDeferralContext*, JSC::AllocationFailureMode)::'lambda'()>(JSC::LocalAllocator::allocate(JSC::Heap&, unsigned long, JSC::GCDeferralContext*, JSC::AllocationFailureMode)::'lambda'() const&, unsigned long) /root/WebKit/WebKitBuild/TSan/JavaScriptCore/PrivateHeaders/JavaScriptCore/FreeListInlines.h:46:16 (jsc+0x2529f7)
    #9 JSC::LocalAllocator::allocate(JSC::Heap&, unsigned long, JSC::GCDeferralContext*, JSC::AllocationFailureMode) /root/WebKit/WebKitBuild/TSan/JavaScriptCore/PrivateHeaders/JavaScriptCore/LocalAllocatorInlines.h:50:23 (jsc+0x2529f7)
    #10 JSC::GCClient::IsoSubspace::allocate(JSC::VM&, unsigned long, JSC::GCDeferralContext*, JSC::AllocationFailureMode) /root/WebKit/WebKitBuild/TSan/JavaScriptCore/PrivateHeaders/JavaScriptCore/IsoSubspaceInlines.h:42:29 (jsc+0x2529f7)
    #11 void* JSC::tryAllocateCellHelper<JSC::JSArray, (JSC::AllocationFailureMode)0>(JSC::VM&, unsigned long, JSC::GCDeferralContext*) /root/WebKit/WebKitBuild/TSan/JavaScriptCore/PrivateHeaders/JavaScriptCore/JSCellInlines.h:212:63 (jsc+0x2529f7)
    #12 void* JSC::allocateCell<JSC::JSArray>(JSC::VM&, JSC::GCDeferralContext*, unsigned long) /root/WebKit/WebKitBuild/TSan/JavaScriptCore/PrivateHeaders/JavaScriptCore/JSCellInlines.h:244:12 (jsc+0x2529f7)
    #13 JSC::JSArray::createWithButterfly(JSC::VM&, JSC::GCDeferralContext*, JSC::Structure*, JSC::Butterfly*) /root/WebKit/Source/JavaScriptCore/runtime/JSArray.h:244:36 (jsc+0x252610)
    #14 JSC::JSArray::tryCreate(JSC::VM&, JSC::Structure*, unsigned int, unsigned int) /root/WebKit/Source/JavaScriptCore/runtime/JSArrayInlines.h:78:12 (jsc+0x252610)
    #15 JSC::JSArray::tryCreate(JSC::VM&, JSC::Structure*, unsigned int) /root/WebKit/Source/JavaScriptCore/runtime/JSArrayInlines.h:83:12 (jsc+0x7d9fc6)
    #16 JSC::constructEmptyArray(JSC::JSGlobalObject*, JSC::ArrayAllocationProfile*, unsigned int, JSC::JSValue) /root/WebKit/Source/JavaScriptCore/runtime/JSGlobalObjectInlines.h:290:23 (jsc+0x7d9fc6)
    #17 JSC::constructArrayWithSizeQuirk(JSC::JSGlobalObject*, JSC::ArrayAllocationProfile*, JSC::JSValue, JSC::JSValue) /root/WebKit/Source/JavaScriptCore/runtime/ArrayConstructor.cpp:91:5 (jsc+0x12fc5c4)
    #18 operationNewArrayWithSizeAndProfile /root/WebKit/Source/JavaScriptCore/jit/JITOperations.cpp:2720:5 (jsc+0xfbb93d)
    #19 <null> <null> (0x7eff142033c8)
    #20 JSC::Interpreter::executeCall(JSC::JSObject*, JSC::CallData const&, JSC::JSValue, JSC::JSCell*, JSC::ArgList const&) /root/WebKit/Source/JavaScriptCore/interpreter/Interpreter.cpp (jsc+0xe89b6d)
    #21 JSC::call(JSC::JSGlobalObject*, JSC::JSValue, JSC::CallData const&, JSC::JSValue, JSC::ArgList const&) /root/WebKit/Source/JavaScriptCore/runtime/CallData.cpp:70:27 (jsc+0x135dec1)
    #22 JSC::call(JSC::JSGlobalObject*, JSC::JSValue, JSC::CallData const&, JSC::JSValue, JSC::ArgList const&, WTF::NakedPtr<JSC::Exception>&) /root/WebKit/Source/JavaScriptCore/runtime/CallData.cpp:77:22 (jsc+0x135dec1)
    #23 JSC::threadMain(JSC::VM&, WTF::Ref<JSC::ThreadState, WTF::RawPtrTraits<JSC::ThreadState>, WTF::DefaultRefDerefTraits<JSC::ThreadState>>) /root/WebKit/Source/JavaScriptCore/runtime/ThreadObject.cpp:241:30 (jsc+0x199f5cc)
    #24 JSC::constructThread(JSC::JSGlobalObject*, JSC::CallFrame*)::$_0::operator()() /root/WebKit/Source/JavaScriptCore/runtime/ThreadObject.cpp:468:9 (jsc+0x199f5cc)
    #25 WTF::Detail::CallableWrapper<JSC::constructThread(JSC::JSGlobalObject*, JSC::CallFrame*)::$_0, void>::call() /root/WebKit/WebKitBuild/TSan/WTF/Headers/wtf/Function.h:59:39 (jsc+0x199f5cc)
    #26 WTF::Function<void ()>::operator()() const /root/WebKit/Source/WTF/wtf/Function.h:103:35 (jsc+0x25b0445)
    #27 WTF::Thread::entryPoint(WTF::Thread::NewThreadContext*) /root/WebKit/Source/WTF/wtf/Threading.cpp:312:5 (jsc+0x25b0445)
    #28 WTF::wtfThreadEntryPoint(void*) /root/WebKit/Source/WTF/wtf/posix/ThreadingPOSIX.cpp:264:5 (jsc+0x260a419)

  Thread T2 'JS Thread' (tid=2639713, running) created by main thread at:
    #0 pthread_create /home/runner/work/llvm-project/llvm-project/compiler-rt/lib/tsan/rtl/tsan_interceptors_posix.cpp:1090:3 (jsc+0x13ff1a)
    #1 WTF::Thread::establishHandle(WTF::Thread::NewThreadContext&, WTF::StackAllocationSpecification, WTF::ThreadQOS, WTF::ThreadSchedulingPolicy) /root/WebKit/Source/WTF/wtf/posix/ThreadingPOSIX.cpp:354:17 (jsc+0x260a305)
    #2 WTF::Thread::create(WTF::ASCIILiteral, WTF::Function<void ()>&&, WTF::ThreadType, WTF::ThreadQOS, WTF::ThreadSchedulingPolicy, WTF::StackAllocationSpecification) /root/WebKit/Source/WTF/wtf/Threading.cpp:330:32 (jsc+0x25b0783)
    #3 JSC::constructThread(JSC::JSGlobalObject*, JSC::CallFrame*) /root/WebKit/Source/JavaScriptCore/runtime/ThreadObject.cpp:467:5 (jsc+0x1997b2f)
    #4 <null> <null> (0x7eff141ff217)
    #5 JSC::evaluate(JSC::JSGlobalObject*, JSC::SourceCode const&, JSC::JSValue, WTF::NakedPtr<JSC::Exception>&) /root/WebKit/Source/JavaScriptCore/runtime/Completion.cpp:145:37 (jsc+0x13c1033)
    #6 runWithOptions(GlobalObject*, CommandLine&, bool&) /root/WebKit/Source/JavaScriptCore/jsc.cpp:3957:35 (jsc+0x1cafa5)
    #7 jscmain(int, char**)::$_0::operator()(JSC::VM&, GlobalObject*, bool&) const /root/WebKit/Source/JavaScriptCore/jsc.cpp:4686:13 (jsc+0x1cafa5)
    #8 int runJSC<jscmain(int, char**)::$_0>(CommandLine const&, bool, jscmain(int, char**)::$_0 const&) /root/WebKit/Source/JavaScriptCore/jsc.cpp:4472:13 (jsc+0x1cafa5)
    #9 jscmain(int, char**) /root/WebKit/Source/JavaScriptCore/jsc.cpp:4679:18 (jsc+0x1cafa5)
    #10 main /root/WebKit/Source/JavaScriptCore/jsc.cpp:3715:15 (jsc+0x1c97e3)

  Thread T1 'JS Thread' (tid=2639712, running) created by main thread at:
    #0 pthread_create /home/runner/work/llvm-project/llvm-project/compiler-rt/lib/tsan/rtl/tsan_interceptors_posix.cpp:1090:3 (jsc+0x13ff1a)
    #1 WTF::Thread::establishHandle(WTF::Thread::NewThreadContext&, WTF::StackAllocationSpecification, WTF::ThreadQOS, WTF::ThreadSchedulingPolicy) /root/WebKit/Source/WTF/wtf/posix/ThreadingPOSIX.cpp:354:17 (jsc+0x260a305)
    #2 WTF::Thread::create(WTF::ASCIILiteral, WTF::Function<void ()>&&, WTF::ThreadType, WTF::ThreadQOS, WTF::ThreadSchedulingPolicy, WTF::StackAllocationSpecification) /root/WebKit/Source/WTF/wtf/Threading.cpp:330:32 (jsc+0x25b0783)
    #3 JSC::constructThread(JSC::JSGlobalObject*, JSC::CallFrame*) /root/WebKit/Source/JavaScriptCore/runtime/ThreadObject.cpp:467:5 (jsc+0x1997b2f)
    #4 <null> <null> (0x7eff141ff217)
    #5 JSC::evaluate(JSC::JSGlobalObject*, JSC::SourceCode const&, JSC::JSValue, WTF::NakedPtr<JSC::Exception>&) /root/WebKit/Source/JavaScriptCore/runtime/Completion.cpp:145:37 (jsc+0x13c1033)
    #6 runWithOptions(GlobalObject*, CommandLine&, bool&) /root/WebKit/Source/JavaScriptCore/jsc.cpp:3957:35 (jsc+0x1cafa5)
    #7 jscmain(int, char**)::$_0::operator()(JSC::VM&, GlobalObject*, bool&) const /root/WebKit/Source/JavaScriptCore/jsc.cpp:4686:13 (jsc+0x1cafa5)
    #8 int runJSC<jscmain(int, char**)::$_0>(CommandLine const&, bool, jscmain(int, char**)::$_0 const&) /root/WebKit/Source/JavaScriptCore/jsc.cpp:4472:13 (jsc+0x1cafa5)
    #9 jscmain(int, char**) /root/WebKit/Source/JavaScriptCore/jsc.cpp:4679:18 (jsc+0x1cafa5)
    #10 main /root/WebKit/Source/JavaScriptCore/jsc.cpp:3715:15 (jsc+0x1c97e3)

SUMMARY: ThreadSanitizer: data race /root/WebKit/WebKitBuild/TSan/WTF/Headers/wtf/Atomics.h:55:100 in WTF::Atomic<unsigned long>::load(std::memory_order) const
==================
==================
WARNING: ThreadSanitizer: data race (pid=2639624)
  Read of size 4 at 0x721400001188 by thread T3:
    #0 JSC::BlockDirectoryBits::BlockDirectoryBitVectorWordView<(JSC::BlockDirectoryBits::Kind)2>::word(unsigned long) const /root/WebKit/WebKitBuild/TSan/JavaScriptCore/PrivateHeaders/JavaScriptCore/BlockDirectoryBits.h:98:20 (jsc+0xe440ca)
    #1 WTF::FastBitVectorImpl<JSC::BlockDirectoryBits::BlockDirectoryBitVectorWordView<(JSC::BlockDirectoryBits::Kind)2>>::atImpl(unsigned long) const /root/WebKit/WebKitBuild/TSan/WTF/Headers/wtf/FastBitVector.h:414:27 (jsc+0xe440ca)
    #2 WTF::FastBitVectorImpl<JSC::BlockDirectoryBits::BlockDirectoryBitVectorWordView<(JSC::BlockDirectoryBits::Kind)2>>::operator[](unsigned long) const /root/WebKit/WebKitBuild/TSan/WTF/Headers/wtf/FastBitVector.h:285:16 (jsc+0xe440ca)
    #3 JSC::BlockDirectoryBits::isAllocated(unsigned long) const /root/WebKit/WebKitBuild/TSan/JavaScriptCore/PrivateHeaders/JavaScriptCore/BlockDirectoryBits.h:185:5 (jsc+0xe440ca)
    #4 JSC::BlockDirectory::isAllocated(unsigned long) const /root/WebKit/Source/JavaScriptCore/heap/BlockDirectory.h:117:5 (jsc+0xe440ca)
    #5 JSC::BlockDirectory::isAllocated(JSC::MarkedBlock::Handle*) const /root/WebKit/Source/JavaScriptCore/heap/BlockDirectory.h:117:5 (jsc+0xe440ca)
    #6 JSC::MarkedBlock::Handle::isAllocated() /root/WebKit/WebKitBuild/TSan/JavaScriptCore/PrivateHeaders/JavaScriptCore/MarkedBlockInlines.h:104:25 (jsc+0xe440ca)
    #7 JSC::MarkedBlock::Handle::sweep(JSC::FreeList*) /root/WebKit/Source/JavaScriptCore/heap/MarkedBlock.cpp:615:9 (jsc+0xe440ca)
    #8 JSC::LocalAllocator::tryAllocateIn(JSC::MarkedBlock::Handle*, unsigned long) /root/WebKit/Source/JavaScriptCore/heap/LocalAllocator.cpp:346:12 (jsc+0xe43b46)
    #9 JSC::LocalAllocator::allocateIn(JSC::MarkedBlock::Handle*, unsigned long) /root/WebKit/Source/JavaScriptCore/heap/LocalAllocator.cpp:311:20 (jsc+0xe437d9)
    #10 JSC::LocalAllocator::allocateSlowCase(JSC::Heap&, unsigned long, JSC::GCDeferralContext*, JSC::AllocationFailureMode) /root/WebKit/Source/JavaScriptCore/heap/LocalAllocator.cpp:227:14 (jsc+0xe4328e)
    #11 JSC::LocalAllocator::allocate(JSC::Heap&, unsigned long, JSC::GCDeferralContext*, JSC::AllocationFailureMode)::'lambda'()::operator()() const /root/WebKit/WebKitBuild/TSan/JavaScriptCore/PrivateHeaders/JavaScriptCore/LocalAllocatorInlines.h:53:43 (jsc+0x1d133e)
    #12 JSC::HeapCell* JSC::FreeList::allocateWithCellSize<JSC::LocalAllocator::allocate(JSC::Heap&, unsigned long, JSC::GCDeferralContext*, JSC::AllocationFailureMode)::'lambda'()>(JSC::LocalAllocator::allocate(JSC::Heap&, unsigned long, JSC::GCDeferralContext*, JSC::AllocationFailureMode)::'lambda'() const&, unsigned long) /root/WebKit/WebKitBuild/TSan/JavaScriptCore/PrivateHeaders/JavaScriptCore/FreeListInlines.h:46:16 (jsc+0x1d7d05)
    #13 JSC::LocalAllocator::allocate(JSC::Heap&, unsigned long, JSC::GCDeferralContext*, JSC::AllocationFailureMode) /root/WebKit/WebKitBuild/TSan/JavaScriptCore/PrivateHeaders/JavaScriptCore/LocalAllocatorInlines.h:50:23 (jsc+0x1d7d05)
    #14 JSC::Allocator::allocate(JSC::Heap&, unsigned long, JSC::GCDeferralContext*, JSC::AllocationFailureMode) const /root/WebKit/WebKitBuild/TSan/JavaScriptCore/PrivateHeaders/JavaScriptCore/AllocatorInlines.h:35:30 (jsc+0x1d7d05)
    #15 JSC::CompleteSubspace::allocateForClient(JSC::GCClient::Heap&, unsigned long, JSC::GCDeferralContext*, JSC::AllocationFailureMode) /root/WebKit/WebKitBuild/TSan/JavaScriptCore/PrivateHeaders/JavaScriptCore/CompleteSubspaceInlines.h:62:30 (jsc+0x1d7d05)
    #16 JSC::CompleteSubspace::allocate(JSC::VM&, unsigned long, JSC::GCDeferralContext*, JSC::AllocationFailureMode) /root/WebKit/WebKitBuild/TSan/JavaScriptCore/PrivateHeaders/JavaScriptCore/CompleteSubspaceInlines.h:46:16 (jsc+0x1d7a40)
    #17 JSC::Butterfly::tryCreateUninitialized(JSC::VM&, JSC::JSObject*, unsigned long, unsigned long, bool, unsigned long, JSC::GCDeferralContext*) /root/WebKit/Source/JavaScriptCore/runtime/ButterflyInlines.h:77:38 (jsc+0x784b29)
    #18 operationAllocateUnitializedAuxiliaryBase /root/WebKit/Source/JavaScriptCore/dfg/DFGOperations.cpp:3047:25 (jsc+0x784b29)
    #19 <null> <null> (0x7eff142073a8)
    #20 JSC::Interpreter::executeCall(JSC::JSObject*, JSC::CallData const&, JSC::JSValue, JSC::JSCell*, JSC::ArgList const&) /root/WebKit/Source/JavaScriptCore/interpreter/Interpreter.cpp (jsc+0xe89b6d)
    #21 JSC::call(JSC::JSGlobalObject*, JSC::JSValue, JSC::CallData const&, JSC::JSValue, JSC::ArgList const&) /root/WebKit/Source/JavaScriptCore/runtime/CallData.cpp:70:27 (jsc+0x135dec1)
    #22 JSC::call(JSC::JSGlobalObject*, JSC::JSValue, JSC::CallData const&, JSC::JSValue, JSC::ArgList const&, WTF::NakedPtr<JSC::Exception>&) /root/WebKit/Source/JavaScriptCore/runtime/CallData.cpp:77:22 (jsc+0x135dec1)
    #23 JSC::threadMain(JSC::VM&, WTF::Ref<JSC::ThreadState, WTF::RawPtrTraits<JSC::ThreadState>, WTF::DefaultRefDerefTraits<JSC::ThreadState>>) /root/WebKit/Source/JavaScriptCore/runtime/ThreadObject.cpp:241:30 (jsc+0x199f5cc)
    #24 JSC::constructThread(JSC::JSGlobalObject*, JSC::CallFrame*)::$_0::operator()() /root/WebKit/Source/JavaScriptCore/runtime/ThreadObject.cpp:468:9 (jsc+0x199f5cc)
    #25 WTF::Detail::CallableWrapper<JSC::constructThread(JSC::JSGlobalObject*, JSC::CallFrame*)::$_0, void>::call() /root/WebKit/WebKitBuild/TSan/WTF/Headers/wtf/Function.h:59:39 (jsc+0x199f5cc)
    #26 WTF::Function<void ()>::operator()() const /root/WebKit/Source/WTF/wtf/Function.h:103:35 (jsc+0x25b0445)
    #27 WTF::Thread::entryPoint(WTF::Thread::NewThreadContext*) /root/WebKit/Source/WTF/wtf/Threading.cpp:312:5 (jsc+0x25b0445)
    #28 WTF::wtfThreadEntryPoint(void*) /root/WebKit/Source/WTF/wtf/posix/ThreadingPOSIX.cpp:264:5 (jsc+0x260a419)

  Previous write of size 4 at 0x721400001188 by thread T2:
    #0 WTF::FastBitReference::operator=(bool) /root/WebKit/WebKitBuild/TSan/WTF/Headers/wtf/FastBitVector.h (jsc+0xe43983)
    #1 JSC::BlockDirectoryBits::setIsAllocated(unsigned long, bool) /root/WebKit/WebKitBuild/TSan/JavaScriptCore/PrivateHeaders/JavaScriptCore/BlockDirectoryBits.h:185:5 (jsc+0xe43983)
    #2 JSC::BlockDirectory::setIsAllocated(unsigned long, bool) /root/WebKit/Source/JavaScriptCore/heap/BlockDirectory.h:117:5 (jsc+0xe43983)
    #3 JSC::BlockDirectory::setIsAllocated(JSC::MarkedBlock::Handle*, bool) /root/WebKit/Source/JavaScriptCore/heap/BlockDirectory.h:117:5 (jsc+0xe43983)
    #4 JSC::MarkedBlock::Handle::didConsumeFreeList() /root/WebKit/Source/JavaScriptCore/heap/MarkedBlock.cpp:469:18 (jsc+0xe43983)
    #5 JSC::LocalAllocator::didConsumeFreeList() /root/WebKit/Source/JavaScriptCore/heap/LocalAllocator.cpp:235:25 (jsc+0xe42fe2)
    #6 JSC::LocalAllocator::allocateSlowCase(JSC::Heap&, unsigned long, JSC::GCDeferralContext*, JSC::AllocationFailureMode) /root/WebKit/Source/JavaScriptCore/heap/LocalAllocator.cpp:172:5 (jsc+0xe42fe2)
    #7 JSC::LocalAllocator::allocate(JSC::Heap&, unsigned long, JSC::GCDeferralContext*, JSC::AllocationFailureMode)::'lambda'()::operator()() const /root/WebKit/WebKitBuild/TSan/JavaScriptCore/PrivateHeaders/JavaScriptCore/LocalAllocatorInlines.h:53:43 (jsc+0x1d133e)
    #8 JSC::HeapCell* JSC::FreeList::allocateWithCellSize<JSC::LocalAllocator::allocate(JSC::Heap&, unsigned long, JSC::GCDeferralContext*, JSC::AllocationFailureMode)::'lambda'()>(JSC::LocalAllocator::allocate(JSC::Heap&, unsigned long, JSC::GCDeferralContext*, JSC::AllocationFailureMode)::'lambda'() const&, unsigned long) /root/WebKit/WebKitBuild/TSan/JavaScriptCore/PrivateHeaders/JavaScriptCore/FreeListInlines.h:46:16 (jsc+0x1d7d05)
    #9 JSC::LocalAllocator::allocate(JSC::Heap&, unsigned long, JSC::GCDeferralContext*, JSC::AllocationFailureMode) /root/WebKit/WebKitBuild/TSan/JavaScriptCore/PrivateHeaders/JavaScriptCore/LocalAllocatorInlines.h:50:23 (jsc+0x1d7d05)
    #10 JSC::Allocator::allocate(JSC::Heap&, unsigned long, JSC::GCDeferralContext*, JSC::AllocationFailureMode) const /root/WebKit/WebKitBuild/TSan/JavaScriptCore/PrivateHeaders/JavaScriptCore/AllocatorInlines.h:35:30 (jsc+0x1d7d05)
    #11 JSC::CompleteSubspace::allocateForClient(JSC::GCClient::Heap&, unsigned long, JSC::GCDeferralContext*, JSC::AllocationFailureMode) /root/WebKit/WebKitBuild/TSan/JavaScriptCore/PrivateHeaders/JavaScriptCore/CompleteSubspaceInlines.h:62:30 (jsc+0x1d7d05)
    #12 JSC::CompleteSubspace::allocate(JSC::VM&, unsigned long, JSC::GCDeferralContext*, JSC::AllocationFailureMode) /root/WebKit/WebKitBuild/TSan/JavaScriptCore/PrivateHeaders/JavaScriptCore/CompleteSubspaceInlines.h:46:16 (jsc+0x1d7a40)
    #13 JSC::Butterfly::tryCreateUninitialized(JSC::VM&, JSC::JSObject*, unsigned long, unsigned long, bool, unsigned long, JSC::GCDeferralContext*) /root/WebKit/Source/JavaScriptCore/runtime/ButterflyInlines.h:77:38 (jsc+0x784b29)
    #14 operationAllocateUnitializedAuxiliaryBase /root/WebKit/Source/JavaScriptCore/dfg/DFGOperations.cpp:3047:25 (jsc+0x784b29)
    #15 <null> <null> (0x7eff142073a8)
    #16 JSC::Interpreter::executeCall(JSC::JSObject*, JSC::CallData const&, JSC::JSValue, JSC::JSCell*, JSC::ArgList const&) /root/WebKit/Source/JavaScriptCore/interpreter/Interpreter.cpp (jsc+0xe89b6d)
    #17 JSC::call(JSC::JSGlobalObject*, JSC::JSValue, JSC::CallData const&, JSC::JSValue, JSC::ArgList const&) /root/WebKit/Source/JavaScriptCore/runtime/CallData.cpp:70:27 (jsc+0x135dec1)
    #18 JSC::call(JSC::JSGlobalObject*, JSC::JSValue, JSC::CallData const&, JSC::JSValue, JSC::ArgList const&, WTF::NakedPtr<JSC::Exception>&) /root/WebKit/Source/JavaScriptCore/runtime/CallData.cpp:77:22 (jsc+0x135dec1)
    #19 JSC::threadMain(JSC::VM&, WTF::Ref<JSC::ThreadState, WTF::RawPtrTraits<JSC::ThreadState>, WTF::DefaultRefDerefTraits<JSC::ThreadState>>) /root/WebKit/Source/JavaScriptCore/runtime/ThreadObject.cpp:241:30 (jsc+0x199f5cc)
    #20 JSC::constructThread(JSC::JSGlobalObject*, JSC::CallFrame*)::$_0::operator()() /root/WebKit/Source/JavaScriptCore/runtime/ThreadObject.cpp:468:9 (jsc+0x199f5cc)
    #21 WTF::Detail::CallableWrapper<JSC::constructThread(JSC::JSGlobalObject*, JSC::CallFrame*)::$_0, void>::call() /root/WebKit/WebKitBuild/TSan/WTF/Headers/wtf/Function.h:59:39 (jsc+0x199f5cc)
    #22 WTF::Function<void ()>::operator()() const /root/WebKit/Source/WTF/wtf/Function.h:103:35 (jsc+0x25b0445)
    #23 WTF::Thread::entryPoint(WTF::Thread::NewThreadContext*) /root/WebKit/Source/WTF/wtf/Threading.cpp:312:5 (jsc+0x25b0445)
    #24 WTF::wtfThreadEntryPoint(void*) /root/WebKit/Source/WTF/wtf/posix/ThreadingPOSIX.cpp:264:5 (jsc+0x260a419)

  Location is heap block of size 80 at 0x721400001180 allocated by thread T2:
    #0 malloc /home/runner/work/llvm-project/llvm-project/compiler-rt/lib/tsan/rtl/tsan_interceptors_posix.cpp:682:5 (jsc+0x13dc20)
    #1 bmalloc::api::malloc(unsigned long, bmalloc::CompactAllocationMode, bmalloc::HeapKind) /root/WebKit/WebKitBuild/TSan/bmalloc/Headers/bmalloc/bmalloc.h:96:20 (jsc+0x2593689)
    #2 WTF::fastMalloc(unsigned long) /root/WebKit/Source/WTF/wtf/FastMalloc.cpp:337:20 (jsc+0x2593689)
    #3 WTF::FastMalloc::malloc(unsigned long) /root/WebKit/WebKitBuild/TSan/WTF/Headers/wtf/FastMalloc.h:235:47 (jsc+0xdb7688)
    #4 bool WTF::VectorBufferBase<JSC::BlockDirectoryBits::Segment, WTF::FastMalloc>::allocateBuffer<(WTF::FailureAction)0>(unsigned long) /root/WebKit/WebKitBuild/TSan/WTF/Headers/wtf/Vector.h:235:41 (jsc+0xdb7688)
    #5 bool WTF::Vector<JSC::BlockDirectoryBits::Segment, 0ul, WTF::CrashOnOverflow, 2ul, WTF::FastMalloc>::reserveCapacity<(WTF::FailureAction)0>(unsigned long) /root/WebKit/WebKitBuild/TSan/WTF/Headers/wtf/Vector.h:1412:35 (jsc+0xdb7688)
    #6 bool WTF::Vector<JSC::BlockDirectoryBits::Segment, 0ul, WTF::CrashOnOverflow, 2ul, WTF::FastMalloc>::expandCapacity<(WTF::FailureAction)0>(unsigned long) /root/WebKit/WebKitBuild/TSan/WTF/Headers/wtf/Vector.h:1262:12 (jsc+0xdb7688)
    #7 WTF::Vector<JSC::BlockDirectoryBits::Segment, 0ul, WTF::CrashOnOverflow, 2ul, WTF::FastMalloc>::resize(unsigned long) /root/WebKit/WebKitBuild/TSan/WTF/Headers/wtf/Vector.h:1311:13 (jsc+0xdb3353)
    #8 JSC::BlockDirectoryBits::resize(unsigned int) /root/WebKit/WebKitBuild/TSan/JavaScriptCore/PrivateHeaders/JavaScriptCore/BlockDirectoryBits.h:194:20 (jsc+0xdb3353)
    #9 JSC::BlockDirectory::addBlock(JSC::MarkedBlock::Handle*) /root/WebKit/Source/JavaScriptCore/heap/BlockDirectory.cpp:187:20 (jsc+0xdb31bd)
    #10 JSC::LocalAllocator::allocateSlowCase(JSC::Heap&, unsigned long, JSC::GCDeferralContext*, JSC::AllocationFailureMode) /root/WebKit/Source/JavaScriptCore/heap/LocalAllocator.cpp:226:18 (jsc+0xe4327f)
    #11 JSC::LocalAllocator::allocate(JSC::Heap&, unsigned long, JSC::GCDeferralContext*, JSC::AllocationFailureMode)::'lambda'()::operator()() const /root/WebKit/WebKitBuild/TSan/JavaScriptCore/PrivateHeaders/JavaScriptCore/LocalAllocatorInlines.h:53:43 (jsc+0x1d133e)
    #12 JSC::HeapCell* JSC::FreeList::allocateWithCellSize<JSC::LocalAllocator::allocate(JSC::Heap&, unsigned long, JSC::GCDeferralContext*, JSC::AllocationFailureMode)::'lambda'()>(JSC::LocalAllocator::allocate(JSC::Heap&, unsigned long, JSC::GCDeferralContext*, JSC::AllocationFailureMode)::'lambda'() const&, unsigned long) /root/WebKit/WebKitBuild/TSan/JavaScriptCore/PrivateHeaders/JavaScriptCore/FreeListInlines.h:46:16 (jsc+0x1d7d05)
    #13 JSC::LocalAllocator::allocate(JSC::Heap&, unsigned long, JSC::GCDeferralContext*, JSC::AllocationFailureMode) /root/WebKit/WebKitBuild/TSan/JavaScriptCore/PrivateHeaders/JavaScriptCore/LocalAllocatorInlines.h:50:23 (jsc+0x1d7d05)
    #14 JSC::Allocator::allocate(JSC::Heap&, unsigned long, JSC::GCDeferralContext*, JSC::AllocationFailureMode) const /root/WebKit/WebKitBuild/TSan/JavaScriptCore/PrivateHeaders/JavaScriptCore/AllocatorInlines.h:35:30 (jsc+0x1d7d05)
    #15 JSC::CompleteSubspace::allocateForClient(JSC::GCClient::Heap&, unsigned long, JSC::GCDeferralContext*, JSC::AllocationFailureMode) /root/WebKit/WebKitBuild/TSan/JavaScriptCore/PrivateHeaders/JavaScriptCore/CompleteSubspaceInlines.h:62:30 (jsc+0x1d7d05)
    #16 JSC::CompleteSubspace::allocate(JSC::VM&, unsigned long, JSC::GCDeferralContext*, JSC::AllocationFailureMode) /root/WebKit/WebKitBuild/TSan/JavaScriptCore/PrivateHeaders/JavaScriptCore/CompleteSubspaceInlines.h:46:16 (jsc+0x1d7a40)
    #17 JSC::JSArray::tryCreate(JSC::VM&, JSC::Structure*, unsigned int, unsigned int) /root/WebKit/Source/JavaScriptCore/runtime/JSArrayInlines.h:57:42 (jsc+0x252455)
    #18 JSC::JSArray::tryCreate(JSC::VM&, JSC::Structure*, unsigned int) /root/WebKit/Source/JavaScriptCore/runtime/JSArrayInlines.h:83:12 (jsc+0x7d9fc6)
    #19 JSC::constructEmptyArray(JSC::JSGlobalObject*, JSC::ArrayAllocationProfile*, unsigned int, JSC::JSValue) /root/WebKit/Source/JavaScriptCore/runtime/JSGlobalObjectInlines.h:290:23 (jsc+0x7d9fc6)
    #20 JSC::constructArrayWithSizeQuirk(JSC::JSGlobalObject*, JSC::ArrayAllocationProfile*, JSC::JSValue, JSC::JSValue) /root/WebKit/Source/JavaScriptCore/runtime/ArrayConstructor.cpp:91:5 (jsc+0x12fc5c4)
    #21 llint_slow_path_new_array_with_size /root/WebKit/Source/JavaScriptCore/llint/LLIntSlowPaths.cpp:787:5 (jsc+0x107da62)
    #22 llint_op_new_array_with_size LowLevelInterpreter.cpp (jsc+0x1e1962d)
    #23 JSC::Interpreter::executeCall(JSC::JSObject*, JSC::CallData const&, JSC::JSValue, JSC::JSCell*, JSC::ArgList const&) /root/WebKit/Source/JavaScriptCore/interpreter/Interpreter.cpp (jsc+0xe89b6d)
    #24 JSC::call(JSC::JSGlobalObject*, JSC::JSValue, JSC::CallData const&, JSC::JSValue, JSC::ArgList const&) /root/WebKit/Source/JavaScriptCore/runtime/CallData.cpp:70:27 (jsc+0x135dec1)
    #25 JSC::call(JSC::JSGlobalObject*, JSC::JSValue, JSC::CallData const&, JSC::JSValue, JSC::ArgList const&, WTF::NakedPtr<JSC::Exception>&) /root/WebKit/Source/JavaScriptCore/runtime/CallData.cpp:77:22 (jsc+0x135dec1)
    #26 JSC::threadMain(JSC::VM&, WTF::Ref<JSC::ThreadState, WTF::RawPtrTraits<JSC::ThreadState>, WTF::DefaultRefDerefTraits<JSC::ThreadState>>) /root/WebKit/Source/JavaScriptCore/runtime/ThreadObject.cpp:241:30 (jsc+0x199f5cc)
    #27 JSC::constructThread(JSC::JSGlobalObject*, JSC::CallFrame*)::$_0::operator()() /root/WebKit/Source/JavaScriptCore/runtime/ThreadObject.cpp:468:9 (jsc+0x199f5cc)
    #28 WTF::Detail::CallableWrapper<JSC::constructThread(JSC::JSGlobalObject*, JSC::CallFrame*)::$_0, void>::call() /root/WebKit/WebKitBuild/TSan/WTF/Headers/wtf/Function.h:59:39 (jsc+0x199f5cc)
    #29 WTF::Function<void ()>::operator()() const /root/WebKit/Source/WTF/wtf/Function.h:103:35 (jsc+0x25b0445)
    #30 WTF::Thread::entryPoint(WTF::Thread::NewThreadContext*) /root/WebKit/Source/WTF/wtf/Threading.cpp:312:5 (jsc+0x25b0445)
    #31 WTF::wtfThreadEntryPoint(void*) /root/WebKit/Source/WTF/wtf/posix/ThreadingPOSIX.cpp:264:5 (jsc+0x260a419)

  Thread T3 'JS Thread' (tid=2639714, running) created by main thread at:
    #0 pthread_create /home/runner/work/llvm-project/llvm-project/compiler-rt/lib/tsan/rtl/tsan_interceptors_posix.cpp:1090:3 (jsc+0x13ff1a)
    #1 WTF::Thread::establishHandle(WTF::Thread::NewThreadContext&, WTF::StackAllocationSpecification, WTF::ThreadQOS, WTF::ThreadSchedulingPolicy) /root/WebKit/Source/WTF/wtf/posix/ThreadingPOSIX.cpp:354:17 (jsc+0x260a305)
    #2 WTF::Thread::create(WTF::ASCIILiteral, WTF::Function<void ()>&&, WTF::ThreadType, WTF::ThreadQOS, WTF::ThreadSchedulingPolicy, WTF::StackAllocationSpecification) /root/WebKit/Source/WTF/wtf/Threading.cpp:330:32 (jsc+0x25b0783)
    #3 JSC::constructThread(JSC::JSGlobalObject*, JSC::CallFrame*) /root/WebKit/Source/JavaScriptCore/runtime/ThreadObject.cpp:467:5 (jsc+0x1997b2f)
    #4 <null> <null> (0x7eff141ff217)
    #5 JSC::evaluate(JSC::JSGlobalObject*, JSC::SourceCode const&, JSC::JSValue, WTF::NakedPtr<JSC::Exception>&) /root/WebKit/Source/JavaScriptCore/runtime/Completion.cpp:145:37 (jsc+0x13c1033)
    #6 runWithOptions(GlobalObject*, CommandLine&, bool&) /root/WebKit/Source/JavaScriptCore/jsc.cpp:3957:35 (jsc+0x1cafa5)
    #7 jscmain(int, char**)::$_0::operator()(JSC::VM&, GlobalObject*, bool&) const /root/WebKit/Source/JavaScriptCore/jsc.cpp:4686:13 (jsc+0x1cafa5)
    #8 int runJSC<jscmain(int, char**)::$_0>(CommandLine const&, bool, jscmain(int, char**)::$_0 const&) /root/WebKit/Source/JavaScriptCore/jsc.cpp:4472:13 (jsc+0x1cafa5)
    #9 jscmain(int, char**) /root/WebKit/Source/JavaScriptCore/jsc.cpp:4679:18 (jsc+0x1cafa5)
    #10 main /root/WebKit/Source/JavaScriptCore/jsc.cpp:3715:15 (jsc+0x1c97e3)

  Thread T2 'JS Thread' (tid=2639713, running) created by main thread at:
    #0 pthread_create /home/runner/work/llvm-project/llvm-project/compiler-rt/lib/tsan/rtl/tsan_interceptors_posix.cpp:1090:3 (jsc+0x13ff1a)
    #1 WTF::Thread::establishHandle(WTF::Thread::NewThreadContext&, WTF::StackAllocationSpecification, WTF::ThreadQOS, WTF::ThreadSchedulingPolicy) /root/WebKit/Source/WTF/wtf/posix/ThreadingPOSIX.cpp:354:17 (jsc+0x260a305)
    #2 WTF::Thread::create(WTF::ASCIILiteral, WTF::Function<void ()>&&, WTF::ThreadType, WTF::ThreadQOS, WTF::ThreadSchedulingPolicy, WTF::StackAllocationSpecification) /root/WebKit/Source/WTF/wtf/Threading.cpp:330:32 (jsc+0x25b0783)
    #3 JSC::constructThread(JSC::JSGlobalObject*, JSC::CallFrame*) /root/WebKit/Source/JavaScriptCore/runtime/ThreadObject.cpp:467:5 (jsc+0x1997b2f)
    #4 <null> <null> (0x7eff141ff217)
    #5 JSC::evaluate(JSC::JSGlobalObject*, JSC::SourceCode const&, JSC::JSValue, WTF::NakedPtr<JSC::Exception>&) /root/WebKit/Source/JavaScriptCore/runtime/Completion.cpp:145:37 (jsc+0x13c1033)
    #6 runWithOptions(GlobalObject*, CommandLine&, bool&) /root/WebKit/Source/JavaScriptCore/jsc.cpp:3957:35 (jsc+0x1cafa5)
    #7 jscmain(int, char**)::$_0::operator()(JSC::VM&, GlobalObject*, bool&) const /root/WebKit/Source/JavaScriptCore/jsc.cpp:4686:13 (jsc+0x1cafa5)
    #8 int runJSC<jscmain(int, char**)::$_0>(CommandLine const&, bool, jscmain(int, char**)::$_0 const&) /root/WebKit/Source/JavaScriptCore/jsc.cpp:4472:13 (jsc+0x1cafa5)
    #9 jscmain(int, char**) /root/WebKit/Source/JavaScriptCore/jsc.cpp:4679:18 (jsc+0x1cafa5)
    #10 main /root/WebKit/Source/JavaScriptCore/jsc.cpp:3715:15 (jsc+0x1c97e3)

SUMMARY: ThreadSanitizer: data race /root/WebKit/WebKitBuild/TSan/JavaScriptCore/PrivateHeaders/JavaScriptCore/BlockDirectoryBits.h:98:20 in JSC::BlockDirectoryBits::BlockDirectoryBitVectorWordView<(JSC::BlockDirectoryBits::Kind)2>::word(unsigned long) const
==================
