JSC: disabling useWasm under GIL-off (wasm glue still reads the raw VM-block exception word; not yet audited for UNGIL §A.1.3 COMPILED-FOR-VM; see AB-17 status block in VMEntryScope.cpp).
==================
WARNING: ThreadSanitizer: data race (pid=2641810)
  Write of size 4 at 0x721400000878 by thread T3:
    #0 WTF::FastBitReference::operator=(bool) /root/WebKit/WebKitBuild/TSan/WTF/Headers/wtf/FastBitVector.h (jsc+0xe43983)
    #1 JSC::BlockDirectoryBits::setIsAllocated(unsigned long, bool) /root/WebKit/WebKitBuild/TSan/JavaScriptCore/PrivateHeaders/JavaScriptCore/BlockDirectoryBits.h:185:5 (jsc+0xe43983)
    #2 JSC::BlockDirectory::setIsAllocated(unsigned long, bool) /root/WebKit/Source/JavaScriptCore/heap/BlockDirectory.h:117:5 (jsc+0xe43983)
    #3 JSC::BlockDirectory::setIsAllocated(JSC::MarkedBlock::Handle*, bool) /root/WebKit/Source/JavaScriptCore/heap/BlockDirectory.h:117:5 (jsc+0xe43983)
    #4 JSC::MarkedBlock::Handle::didConsumeFreeList() /root/WebKit/Source/JavaScriptCore/heap/MarkedBlock.cpp:469:18 (jsc+0xe43983)
    #5 JSC::LocalAllocator::didConsumeFreeList() /root/WebKit/Source/JavaScriptCore/heap/LocalAllocator.cpp:235:25 (jsc+0xe42fe2)
    #6 JSC::LocalAllocator::allocateSlowCase(JSC::Heap&, unsigned long, JSC::GCDeferralContext*, JSC::AllocationFailureMode) /root/WebKit/Source/JavaScriptCore/heap/LocalAllocator.cpp:172:5 (jsc+0xe42fe2)
    #7 JSC::LocalAllocator::allocate(JSC::Heap&, unsigned long, JSC::GCDeferralContext*, JSC::AllocationFailureMode)::'lambda'()::operator()() const /root/WebKit/WebKitBuild/TSan/JavaScriptCore/PrivateHeaders/JavaScriptCore/LocalAllocatorInlines.h:53:43 (jsc+0x1d133e)
    #8 JSC::HeapCell* JSC::FreeList::allocateWithCellSize<JSC::LocalAllocator::allocate(JSC::Heap&, unsigned long, JSC::GCDeferralContext*, JSC::AllocationFailureMode)::'lambda'()>(JSC::LocalAllocator::allocate(JSC::Heap&, unsigned long, JSC::GCDeferralContext*, JSC::AllocationFailureMode)::'lambda'() const&, unsigned long) /root/WebKit/Source/JavaScriptCore/heap/FreeListInlines.h:46:16 (jsc+0xe62276)
    #9 JSC::LocalAllocator::allocate(JSC::Heap&, unsigned long, JSC::GCDeferralContext*, JSC::AllocationFailureMode) /root/WebKit/Source/JavaScriptCore/heap/LocalAllocatorInlines.h:50:23 (jsc+0xe62276)
    #10 JSC::Allocator::allocate(JSC::Heap&, unsigned long, JSC::GCDeferralContext*, JSC::AllocationFailureMode) const /root/WebKit/Source/JavaScriptCore/heap/AllocatorInlines.h:35:30 (jsc+0xe62276)
    #11 JSC::CompleteSubspace::allocateForClient(JSC::GCClient::Heap&, unsigned long, JSC::GCDeferralContext*, JSC::AllocationFailureMode) /root/WebKit/Source/JavaScriptCore/heap/CompleteSubspaceInlines.h:62:30 (jsc+0xe62276)
    #12 JSC::(anonymous namespace)::allocateScratch(JSC::Heap&, JSC::GCClient::Heap&, unsigned long) /root/WebKit/Source/JavaScriptCore/heap/SharedHeapTestHarness.cpp:243:34 (jsc+0xe62276)
    #13 JSC::SharedHeapTestHarness::runAllocationStormScenario(JSC::Heap&, unsigned int, unsigned int)::$_0::operator()(JSC::GCClient::Heap&, unsigned int) const /root/WebKit/Source/JavaScriptCore/heap/SharedHeapTestHarness.cpp:632:26 (jsc+0xe61833)
    #14 void JSC::(anonymous namespace)::runStandaloneClientThreads<JSC::SharedHeapTestHarness::runAllocationStormScenario(JSC::Heap&, unsigned int, unsigned int)::$_0>(JSC::Heap&, unsigned int, JSC::SharedHeapTestHarness::runAllocationStormScenario(JSC::Heap&, unsigned int, unsigned int)::$_0 const&)::'lambda'()::operator()() const /root/WebKit/Source/JavaScriptCore/heap/SharedHeapTestHarness.cpp:496:13 (jsc+0xe61833)
    #15 WTF::Detail::CallableWrapper<void JSC::(anonymous namespace)::runStandaloneClientThreads<JSC::SharedHeapTestHarness::runAllocationStormScenario(JSC::Heap&, unsigned int, unsigned int)::$_0>(JSC::Heap&, unsigned int, JSC::SharedHeapTestHarness::runAllocationStormScenario(JSC::Heap&, unsigned int, unsigned int)::$_0 const&)::'lambda'(), void>::call() /root/WebKit/WebKitBuild/TSan/WTF/Headers/wtf/Function.h:59:39 (jsc+0xe61833)
    #16 WTF::Function<void ()>::operator()() const /root/WebKit/Source/WTF/wtf/Function.h:103:35 (jsc+0x25b0445)
    #17 WTF::Thread::entryPoint(WTF::Thread::NewThreadContext*) /root/WebKit/Source/WTF/wtf/Threading.cpp:312:5 (jsc+0x25b0445)
    #18 WTF::wtfThreadEntryPoint(void*) /root/WebKit/Source/WTF/wtf/posix/ThreadingPOSIX.cpp:264:5 (jsc+0x260a419)

  Previous read of size 4 at 0x721400000878 by thread T2:
    #0 JSC::BlockDirectoryBits::BlockDirectoryBitVectorWordView<(JSC::BlockDirectoryBits::Kind)2>::word(unsigned long) const /root/WebKit/WebKitBuild/TSan/JavaScriptCore/PrivateHeaders/JavaScriptCore/BlockDirectoryBits.h:98:20 (jsc+0xe440ca)
    #1 WTF::FastBitVectorImpl<JSC::BlockDirectoryBits::BlockDirectoryBitVectorWordView<(JSC::BlockDirectoryBits::Kind)2>>::atImpl(unsigned long) const /root/WebKit/WebKitBuild/TSan/WTF/Headers/wtf/FastBitVector.h:414:27 (jsc+0xe440ca)
    #2 WTF::FastBitVectorImpl<JSC::BlockDirectoryBits::BlockDirectoryBitVectorWordView<(JSC::BlockDirectoryBits::Kind)2>>::operator[](unsigned long) const /root/WebKit/WebKitBuild/TSan/WTF/Headers/wtf/FastBitVector.h:285:16 (jsc+0xe440ca)
    #3 JSC::BlockDirectoryBits::isAllocated(unsigned long) const /root/WebKit/WebKitBuild/TSan/JavaScriptCore/PrivateHeaders/JavaScriptCore/BlockDirectoryBits.h:185:5 (jsc+0xe440ca)
    #4 JSC::BlockDirectory::isAllocated(unsigned long) const /root/WebKit/Source/JavaScriptCore/heap/BlockDirectory.h:117:5 (jsc+0xe440ca)
    #5 JSC::BlockDirectory::isAllocated(JSC::MarkedBlock::Handle*) const /root/WebKit/Source/JavaScriptCore/heap/BlockDirectory.h:117:5 (jsc+0xe440ca)
    #6 JSC::MarkedBlock::Handle::isAllocated() /root/WebKit/WebKitBuild/TSan/JavaScriptCore/PrivateHeaders/JavaScriptCore/MarkedBlockInlines.h:104:25 (jsc+0xe440ca)
    #7 JSC::MarkedBlock::Handle::sweep(JSC::FreeList*) /root/WebKit/Source/JavaScriptCore/heap/MarkedBlock.cpp:615:9 (jsc+0xe440ca)
    #8 JSC::LocalAllocator::tryAllocateIn(JSC::MarkedBlock::Handle*, unsigned long) /root/WebKit/Source/JavaScriptCore/heap/LocalAllocator.cpp:346:12 (jsc+0xe43b46)
    #9 JSC::LocalAllocator::tryAllocateWithoutCollecting(unsigned long) /root/WebKit/Source/JavaScriptCore/heap/LocalAllocator.cpp:267:28 (jsc+0xe435f6)
    #10 JSC::LocalAllocator::allocateSlowCase(JSC::Heap&, unsigned long, JSC::GCDeferralContext*, JSC::AllocationFailureMode) /root/WebKit/Source/JavaScriptCore/heap/LocalAllocator.cpp:206:20 (jsc+0xe430ac)
    #11 JSC::LocalAllocator::allocate(JSC::Heap&, unsigned long, JSC::GCDeferralContext*, JSC::AllocationFailureMode)::'lambda'()::operator()() const /root/WebKit/WebKitBuild/TSan/JavaScriptCore/PrivateHeaders/JavaScriptCore/LocalAllocatorInlines.h:53:43 (jsc+0x1d133e)
    #12 JSC::HeapCell* JSC::FreeList::allocateWithCellSize<JSC::LocalAllocator::allocate(JSC::Heap&, unsigned long, JSC::GCDeferralContext*, JSC::AllocationFailureMode)::'lambda'()>(JSC::LocalAllocator::allocate(JSC::Heap&, unsigned long, JSC::GCDeferralContext*, JSC::AllocationFailureMode)::'lambda'() const&, unsigned long) /root/WebKit/Source/JavaScriptCore/heap/FreeListInlines.h:46:16 (jsc+0xe62276)
    #13 JSC::LocalAllocator::allocate(JSC::Heap&, unsigned long, JSC::GCDeferralContext*, JSC::AllocationFailureMode) /root/WebKit/Source/JavaScriptCore/heap/LocalAllocatorInlines.h:50:23 (jsc+0xe62276)
    #14 JSC::Allocator::allocate(JSC::Heap&, unsigned long, JSC::GCDeferralContext*, JSC::AllocationFailureMode) const /root/WebKit/Source/JavaScriptCore/heap/AllocatorInlines.h:35:30 (jsc+0xe62276)
    #15 JSC::CompleteSubspace::allocateForClient(JSC::GCClient::Heap&, unsigned long, JSC::GCDeferralContext*, JSC::AllocationFailureMode) /root/WebKit/Source/JavaScriptCore/heap/CompleteSubspaceInlines.h:62:30 (jsc+0xe62276)
    #16 JSC::(anonymous namespace)::allocateScratch(JSC::Heap&, JSC::GCClient::Heap&, unsigned long) /root/WebKit/Source/JavaScriptCore/heap/SharedHeapTestHarness.cpp:243:34 (jsc+0xe62276)
    #17 JSC::SharedHeapTestHarness::runAllocationStormScenario(JSC::Heap&, unsigned int, unsigned int)::$_0::operator()(JSC::GCClient::Heap&, unsigned int) const /root/WebKit/Source/JavaScriptCore/heap/SharedHeapTestHarness.cpp:632:26 (jsc+0xe61833)
    #18 void JSC::(anonymous namespace)::runStandaloneClientThreads<JSC::SharedHeapTestHarness::runAllocationStormScenario(JSC::Heap&, unsigned int, unsigned int)::$_0>(JSC::Heap&, unsigned int, JSC::SharedHeapTestHarness::runAllocationStormScenario(JSC::Heap&, unsigned int, unsigned int)::$_0 const&)::'lambda'()::operator()() const /root/WebKit/Source/JavaScriptCore/heap/SharedHeapTestHarness.cpp:496:13 (jsc+0xe61833)
    #19 WTF::Detail::CallableWrapper<void JSC::(anonymous namespace)::runStandaloneClientThreads<JSC::SharedHeapTestHarness::runAllocationStormScenario(JSC::Heap&, unsigned int, unsigned int)::$_0>(JSC::Heap&, unsigned int, JSC::SharedHeapTestHarness::runAllocationStormScenario(JSC::Heap&, unsigned int, unsigned int)::$_0 const&)::'lambda'(), void>::call() /root/WebKit/WebKitBuild/TSan/WTF/Headers/wtf/Function.h:59:39 (jsc+0xe61833)
    #20 WTF::Function<void ()>::operator()() const /root/WebKit/Source/WTF/wtf/Function.h:103:35 (jsc+0x25b0445)
    #21 WTF::Thread::entryPoint(WTF::Thread::NewThreadContext*) /root/WebKit/Source/WTF/wtf/Threading.cpp:312:5 (jsc+0x25b0445)
    #22 WTF::wtfThreadEntryPoint(void*) /root/WebKit/Source/WTF/wtf/posix/ThreadingPOSIX.cpp:264:5 (jsc+0x260a419)

  Location is heap block of size 80 at 0x721400000870 allocated by main thread:
    #0 malloc /home/runner/work/llvm-project/llvm-project/compiler-rt/lib/tsan/rtl/tsan_interceptors_posix.cpp:682:5 (jsc+0x13dc20)
    #1 bmalloc::api::malloc(unsigned long, bmalloc::CompactAllocationMode, bmalloc::HeapKind) /root/WebKit/WebKitBuild/TSan/bmalloc/Headers/bmalloc/bmalloc.h:96:20 (jsc+0x2593689)
    #2 WTF::fastMalloc(unsigned long) /root/WebKit/Source/WTF/wtf/FastMalloc.cpp:337:20 (jsc+0x2593689)
    #3 WTF::FastMalloc::malloc(unsigned long) /root/WebKit/WebKitBuild/TSan/WTF/Headers/wtf/FastMalloc.h:235:47 (jsc+0xdb7688)
    #4 bool WTF::VectorBufferBase<JSC::BlockDirectoryBits::Segment, WTF::FastMalloc>::allocateBuffer<(WTF::FailureAction)0>(unsigned long) /root/WebKit/WebKitBuild/TSan/WTF/Headers/wtf/Vector.h:235:41 (jsc+0xdb7688)
    #5 bool WTF::Vector<JSC::BlockDirectoryBits::Segment, 0ul, WTF::CrashOnOverflow, 2ul, WTF::FastMalloc>::reserveCapacity<(WTF::FailureAction)0>(unsigned long) /root/WebKit/WebKitBuild/TSan/WTF/Headers/wtf/Vector.h:1412:35 (jsc+0xdb7688)
    #6 bool WTF::Vector<JSC::BlockDirectoryBits::Segment, 0ul, WTF::CrashOnOverflow, 2ul, WTF::FastMalloc>::expandCapacity<(WTF::FailureAction)0>(unsigned long) /root/WebKit/WebKitBuild/TSan/WTF/Headers/wtf/Vector.h:1262:12 (jsc+0xdb7688)
    #7 WTF::Vector<JSC::BlockDirectoryBits::Segment, 0ul, WTF::CrashOnOverflow, 2ul, WTF::FastMalloc>::resize(unsigned long) /root/WebKit/WebKitBuild/TSan/WTF/Headers/wtf/Vector.h:1311:13 (jsc+0xdb3353)
    #8 JSC::BlockDirectoryBits::resize(unsigned int) /root/WebKit/WebKitBuild/TSan/JavaScriptCore/PrivateHeaders/JavaScriptCore/BlockDirectoryBits.h:194:20 (jsc+0xdb3353)
    #9 JSC::BlockDirectory::addBlock(JSC::MarkedBlock::Handle*) /root/WebKit/Source/JavaScriptCore/heap/BlockDirectory.cpp:187:20 (jsc+0xdb31bd)
    #10 JSC::LocalAllocator::allocateSlowCase(JSC::Heap&, unsigned long, JSC::GCDeferralContext*, JSC::AllocationFailureMode) /root/WebKit/Source/JavaScriptCore/heap/LocalAllocator.cpp:226:18 (jsc+0xe4327f)
    #11 JSC::LocalAllocator::allocate(JSC::Heap&, unsigned long, JSC::GCDeferralContext*, JSC::AllocationFailureMode)::'lambda'()::operator()() const /root/WebKit/WebKitBuild/TSan/JavaScriptCore/PrivateHeaders/JavaScriptCore/LocalAllocatorInlines.h:53:43 (jsc+0x1d133e)
    #12 JSC::HeapCell* JSC::FreeList::allocateWithCellSize<JSC::LocalAllocator::allocate(JSC::Heap&, unsigned long, JSC::GCDeferralContext*, JSC::AllocationFailureMode)::'lambda'()>(JSC::LocalAllocator::allocate(JSC::Heap&, unsigned long, JSC::GCDeferralContext*, JSC::AllocationFailureMode)::'lambda'() const&, unsigned long) /root/WebKit/WebKitBuild/TSan/JavaScriptCore/PrivateHeaders/JavaScriptCore/FreeListInlines.h:46:16 (jsc+0x1d7d05)
    #13 JSC::LocalAllocator::allocate(JSC::Heap&, unsigned long, JSC::GCDeferralContext*, JSC::AllocationFailureMode) /root/WebKit/WebKitBuild/TSan/JavaScriptCore/PrivateHeaders/JavaScriptCore/LocalAllocatorInlines.h:50:23 (jsc+0x1d7d05)
    #14 JSC::Allocator::allocate(JSC::Heap&, unsigned long, JSC::GCDeferralContext*, JSC::AllocationFailureMode) const /root/WebKit/WebKitBuild/TSan/JavaScriptCore/PrivateHeaders/JavaScriptCore/AllocatorInlines.h:35:30 (jsc+0x1d7d05)
    #15 JSC::CompleteSubspace::allocateForClient(JSC::GCClient::Heap&, unsigned long, JSC::GCDeferralContext*, JSC::AllocationFailureMode) /root/WebKit/WebKitBuild/TSan/JavaScriptCore/PrivateHeaders/JavaScriptCore/CompleteSubspaceInlines.h:62:30 (jsc+0x1d7d05)
    #16 JSC::CompleteSubspace::allocate(JSC::VM&, unsigned long, JSC::GCDeferralContext*, JSC::AllocationFailureMode) /root/WebKit/WebKitBuild/TSan/JavaScriptCore/PrivateHeaders/JavaScriptCore/CompleteSubspaceInlines.h:46:16 (jsc+0x1d7a40)
    #17 JSC::Butterfly::createUninitialized(JSC::VM&, JSC::JSObject*, unsigned long, unsigned long, bool, unsigned long) /root/WebKit/Source/JavaScriptCore/runtime/ButterflyInlines.h:89:38 (jsc+0x16bc6c0)
    #18 JSC::Butterfly::createOrGrowPropertyStorage(JSC::Butterfly*, JSC::VM&, JSC::JSObject*, JSC::Structure*, unsigned long, unsigned long) /root/WebKit/Source/JavaScriptCore/runtime/ButterflyInlines.h:151:25 (jsc+0x16bc6c0)
    #19 JSC::JSObject::allocateMoreOutOfLineStorage(JSC::VM&, unsigned long, unsigned long) /root/WebKit/Source/JavaScriptCore/runtime/JSObject.cpp:6635:12 (jsc+0x16bc522)
    #20 JSC::JSObject::tryPutDirectTransitionConcurrent(JSC::VM&, JSC::Structure*, JSC::StructureID, JSC::Structure*, int, JSC::JSValue) /root/WebKit/Source/JavaScriptCore/runtime/JSObjectInlines.h:881:28 (jsc+0x1dc0aa)
    #21 WTF::ASCIILiteral WTF::ASCIILiteral JSC::JSObject::putDirectInternal<(JSC::JSObject::PutMode)1>(JSC::VM&, JSC::PropertyName, JSC::JSValue, unsigned int, JSC::PutPropertySlot&)::'lambda'<bool $N>()::operator()<true>() const /root/WebKit/Source/JavaScriptCore/runtime/JSObjectInlines.h:1375:14 (jsc+0x1d9f9d)
    #22 WTF::ASCIILiteral JSC::JSObject::putDirectInternal<(JSC::JSObject::PutMode)1>(JSC::VM&, JSC::PropertyName, JSC::JSValue, unsigned int, JSC::PutPropertySlot&)::'lambda'()::operator()() const /root/WebKit/Source/JavaScriptCore/runtime/JSObjectInlines.h:1419:34 (jsc+0x1d7d82)
    #23 decltype(fp()) JSC::putDirectInternalConcurrentOutOfLine<WTF::ASCIILiteral JSC::JSObject::putDirectInternal<(JSC::JSObject::PutMode)1>(JSC::VM&, JSC::PropertyName, JSC::JSValue, unsigned int, JSC::PutPropertySlot&)::'lambda'()>(WTF::ASCIILiteral JSC::JSObject::putDirectInternal<(JSC::JSObject::PutMode)1>(JSC::VM&, JSC::PropertyName, JSC::JSValue, unsigned int, JSC::PutPropertySlot&)::'lambda'() const&) /root/WebKit/Source/JavaScriptCore/runtime/JSObjectInlines.h:983:12 (jsc+0x1d7d82)
    #24 WTF::ASCIILiteral JSC::JSObject::putDirectInternal<(JSC::JSObject::PutMode)1>(JSC::VM&, JSC::PropertyName, JSC::JSValue, unsigned int, JSC::PutPropertySlot&) /root/WebKit/Source/JavaScriptCore/runtime/JSObjectInlines.h:1418:16 (jsc+0x1a34a34)
    #25 JSC::JSObject::putDirect(JSC::VM&, JSC::PropertyName, JSC::JSValue, unsigned int) /root/WebKit/Source/JavaScriptCore/runtime/JSObject.h:2136:12 (jsc+0x1a34a34)
    #26 JSC::JSDollarVM::addFunction(JSC::VM&, JSC::JSGlobalObject*, WTF::ASCIILiteral, WTF::FunctionPtr<(WTF::PtrTag)1, long (JSC::JSGlobalObject*, JSC::CallFrame*), (WTF::FunctionAttributes)2>, unsigned int) /root/WebKit/Source/JavaScriptCore/tools/JSDollarVM.cpp:4656:5 (jsc+0x1a34a34)
    #27 JSC::JSDollarVM::finishCreation(JSC::VM&)::$_0::operator()(JSC::VM&, bool, WTF::ASCIILiteral, WTF::FunctionPtr<(WTF::PtrTag)1, long (JSC::JSGlobalObject*, JSC::CallFrame*), (WTF::FunctionAttributes)2>, unsigned int) const /root/WebKit/Source/JavaScriptCore/tools/JSDollarVM.cpp:4445:21 (jsc+0x1a20a7b)
    #28 JSC::JSDollarVM::finishCreation(JSC::VM&) /root/WebKit/Source/JavaScriptCore/tools/JSDollarVM.cpp:4543:5 (jsc+0x1a20a7b)
    #29 JSC::JSDollarVM::create(JSC::VM&, JSC::Structure*) /root/WebKit/Source/JavaScriptCore/tools/JSDollarVM.h:59:19 (jsc+0x15c7d87)
    #30 JSC::JSGlobalObject::exposeDollarVM(JSC::VM&) /root/WebKit/Source/JavaScriptCore/runtime/JSGlobalObject.cpp:3731:28 (jsc+0x15b879e)
    #31 JSC::JSGlobalObject::init(JSC::VM&) /root/WebKit/Source/JavaScriptCore/runtime/JSGlobalObject.cpp:2698:9 (jsc+0x15b4edf)
    #32 JSC::JSGlobalObject::finishCreation(JSC::VM&) /root/WebKit/Source/JavaScriptCore/runtime/JSGlobalObject.cpp:4439:5 (jsc+0x15cd3bb)
    #33 GlobalObject::finishCreation(JSC::VM&, WTF::Vector<WTF::String, 0ul, WTF::CrashOnOverflow, 16ul, WTF::FastMalloc> const&) /root/WebKit/Source/JavaScriptCore/jsc.cpp:640:15 (jsc+0x1e91ba)
    #34 GlobalObject::create(JSC::VM&, JSC::Structure*, WTF::Vector<WTF::String, 0ul, WTF::CrashOnOverflow, 16ul, WTF::FastMalloc> const&) /root/WebKit/Source/JavaScriptCore/jsc.cpp:566:17 (jsc+0x1ca09f)
    #35 int runJSC<jscmain(int, char**)::$_0>(CommandLine const&, bool, jscmain(int, char**)::$_0 const&) /root/WebKit/Source/JavaScriptCore/jsc.cpp:4464:28 (jsc+0x1ca09f)
    #36 jscmain(int, char**) /root/WebKit/Source/JavaScriptCore/jsc.cpp:4679:18 (jsc+0x1ca09f)
    #37 main /root/WebKit/Source/JavaScriptCore/jsc.cpp:3715:15 (jsc+0x1c97e3)

  Thread T3 ' SharedHeapTest' (tid=2641892, running) created by main thread at:
    #0 pthread_create /home/runner/work/llvm-project/llvm-project/compiler-rt/lib/tsan/rtl/tsan_interceptors_posix.cpp:1090:3 (jsc+0x13ff1a)
    #1 WTF::Thread::establishHandle(WTF::Thread::NewThreadContext&, WTF::StackAllocationSpecification, WTF::ThreadQOS, WTF::ThreadSchedulingPolicy) /root/WebKit/Source/WTF/wtf/posix/ThreadingPOSIX.cpp:354:17 (jsc+0x260a305)
    #2 WTF::Thread::create(WTF::ASCIILiteral, WTF::Function<void ()>&&, WTF::ThreadType, WTF::ThreadQOS, WTF::ThreadSchedulingPolicy, WTF::StackAllocationSpecification) /root/WebKit/Source/WTF/wtf/Threading.cpp:330:32 (jsc+0x25b0783)
    #3 void JSC::(anonymous namespace)::runStandaloneClientThreads<JSC::SharedHeapTestHarness::runAllocationStormScenario(JSC::Heap&, unsigned int, unsigned int)::$_0>(JSC::Heap&, unsigned int, JSC::SharedHeapTestHarness::runAllocationStormScenario(JSC::Heap&, unsigned int, unsigned int)::$_0 const&) /root/WebKit/Source/JavaScriptCore/heap/SharedHeapTestHarness.cpp:492:24 (jsc+0xe58de6)
    #4 JSC::SharedHeapTestHarness::runAllocationStormScenario(JSC::Heap&, unsigned int, unsigned int) /root/WebKit/Source/JavaScriptCore/heap/SharedHeapTestHarness.cpp:627:5 (jsc+0xe58de6)
    #5 JSC::SharedHeapTestHarness::run(JSC::Heap&, WTF::String const&, unsigned int, unsigned int) /root/WebKit/Source/JavaScriptCore/heap/SharedHeapTestHarness.cpp:1232:20 (jsc+0xe5e232)
    #6 JSC::functionSharedHeapTest(JSC::JSGlobalObject*, JSC::CallFrame*) /root/WebKit/Source/JavaScriptCore/tools/JSDollarVM.cpp:2681:38 (jsc+0x1a1f489)
    #7 <null> <null> (0x7f7aa1fff157)
    #8 JSC::evaluate(JSC::JSGlobalObject*, JSC::SourceCode const&, JSC::JSValue, WTF::NakedPtr<JSC::Exception>&) /root/WebKit/Source/JavaScriptCore/runtime/Completion.cpp:145:37 (jsc+0x13c1033)
    #9 runWithOptions(GlobalObject*, CommandLine&, bool&) /root/WebKit/Source/JavaScriptCore/jsc.cpp:3957:35 (jsc+0x1cafa5)
    #10 jscmain(int, char**)::$_0::operator()(JSC::VM&, GlobalObject*, bool&) const /root/WebKit/Source/JavaScriptCore/jsc.cpp:4686:13 (jsc+0x1cafa5)
    #11 int runJSC<jscmain(int, char**)::$_0>(CommandLine const&, bool, jscmain(int, char**)::$_0 const&) /root/WebKit/Source/JavaScriptCore/jsc.cpp:4472:13 (jsc+0x1cafa5)
    #12 jscmain(int, char**) /root/WebKit/Source/JavaScriptCore/jsc.cpp:4679:18 (jsc+0x1cafa5)
    #13 main /root/WebKit/Source/JavaScriptCore/jsc.cpp:3715:15 (jsc+0x1c97e3)

  Thread T2 ' SharedHeapTest' (tid=2641891, running) created by main thread at:
    #0 pthread_create /home/runner/work/llvm-project/llvm-project/compiler-rt/lib/tsan/rtl/tsan_interceptors_posix.cpp:1090:3 (jsc+0x13ff1a)
    #1 WTF::Thread::establishHandle(WTF::Thread::NewThreadContext&, WTF::StackAllocationSpecification, WTF::ThreadQOS, WTF::ThreadSchedulingPolicy) /root/WebKit/Source/WTF/wtf/posix/ThreadingPOSIX.cpp:354:17 (jsc+0x260a305)
    #2 WTF::Thread::create(WTF::ASCIILiteral, WTF::Function<void ()>&&, WTF::ThreadType, WTF::ThreadQOS, WTF::ThreadSchedulingPolicy, WTF::StackAllocationSpecification) /root/WebKit/Source/WTF/wtf/Threading.cpp:330:32 (jsc+0x25b0783)
    #3 void JSC::(anonymous namespace)::runStandaloneClientThreads<JSC::SharedHeapTestHarness::runAllocationStormScenario(JSC::Heap&, unsigned int, unsigned int)::$_0>(JSC::Heap&, unsigned int, JSC::SharedHeapTestHarness::runAllocationStormScenario(JSC::Heap&, unsigned int, unsigned int)::$_0 const&) /root/WebKit/Source/JavaScriptCore/heap/SharedHeapTestHarness.cpp:492:24 (jsc+0xe58de6)
    #4 JSC::SharedHeapTestHarness::runAllocationStormScenario(JSC::Heap&, unsigned int, unsigned int) /root/WebKit/Source/JavaScriptCore/heap/SharedHeapTestHarness.cpp:627:5 (jsc+0xe58de6)
    #5 JSC::SharedHeapTestHarness::run(JSC::Heap&, WTF::String const&, unsigned int, unsigned int) /root/WebKit/Source/JavaScriptCore/heap/SharedHeapTestHarness.cpp:1232:20 (jsc+0xe5e232)
    #6 JSC::functionSharedHeapTest(JSC::JSGlobalObject*, JSC::CallFrame*) /root/WebKit/Source/JavaScriptCore/tools/JSDollarVM.cpp:2681:38 (jsc+0x1a1f489)
    #7 <null> <null> (0x7f7aa1fff157)
    #8 JSC::evaluate(JSC::JSGlobalObject*, JSC::SourceCode const&, JSC::JSValue, WTF::NakedPtr<JSC::Exception>&) /root/WebKit/Source/JavaScriptCore/runtime/Completion.cpp:145:37 (jsc+0x13c1033)
    #9 runWithOptions(GlobalObject*, CommandLine&, bool&) /root/WebKit/Source/JavaScriptCore/jsc.cpp:3957:35 (jsc+0x1cafa5)
    #10 jscmain(int, char**)::$_0::operator()(JSC::VM&, GlobalObject*, bool&) const /root/WebKit/Source/JavaScriptCore/jsc.cpp:4686:13 (jsc+0x1cafa5)
    #11 int runJSC<jscmain(int, char**)::$_0>(CommandLine const&, bool, jscmain(int, char**)::$_0 const&) /root/WebKit/Source/JavaScriptCore/jsc.cpp:4472:13 (jsc+0x1cafa5)
    #12 jscmain(int, char**) /root/WebKit/Source/JavaScriptCore/jsc.cpp:4679:18 (jsc+0x1cafa5)
    #13 main /root/WebKit/Source/JavaScriptCore/jsc.cpp:3715:15 (jsc+0x1c97e3)

SUMMARY: ThreadSanitizer: data race /root/WebKit/WebKitBuild/TSan/WTF/Headers/wtf/FastBitVector.h in WTF::FastBitReference::operator=(bool)
==================
==================
WARNING: ThreadSanitizer: data race (pid=2641810)
  Write of size 4 at 0x721400000878 by thread T4:
    #0 WTF::FastBitReference::operator=(bool) /root/WebKit/WebKitBuild/TSan/WTF/Headers/wtf/FastBitVector.h (jsc+0xe43983)
    #1 JSC::BlockDirectoryBits::setIsAllocated(unsigned long, bool) /root/WebKit/WebKitBuild/TSan/JavaScriptCore/PrivateHeaders/JavaScriptCore/BlockDirectoryBits.h:185:5 (jsc+0xe43983)
    #2 JSC::BlockDirectory::setIsAllocated(unsigned long, bool) /root/WebKit/Source/JavaScriptCore/heap/BlockDirectory.h:117:5 (jsc+0xe43983)
    #3 JSC::BlockDirectory::setIsAllocated(JSC::MarkedBlock::Handle*, bool) /root/WebKit/Source/JavaScriptCore/heap/BlockDirectory.h:117:5 (jsc+0xe43983)
    #4 JSC::MarkedBlock::Handle::didConsumeFreeList() /root/WebKit/Source/JavaScriptCore/heap/MarkedBlock.cpp:469:18 (jsc+0xe43983)
    #5 JSC::LocalAllocator::didConsumeFreeList() /root/WebKit/Source/JavaScriptCore/heap/LocalAllocator.cpp:235:25 (jsc+0xe42fe2)
    #6 JSC::LocalAllocator::allocateSlowCase(JSC::Heap&, unsigned long, JSC::GCDeferralContext*, JSC::AllocationFailureMode) /root/WebKit/Source/JavaScriptCore/heap/LocalAllocator.cpp:172:5 (jsc+0xe42fe2)
    #7 JSC::LocalAllocator::allocate(JSC::Heap&, unsigned long, JSC::GCDeferralContext*, JSC::AllocationFailureMode)::'lambda'()::operator()() const /root/WebKit/WebKitBuild/TSan/JavaScriptCore/PrivateHeaders/JavaScriptCore/LocalAllocatorInlines.h:53:43 (jsc+0x1d133e)
    #8 JSC::HeapCell* JSC::FreeList::allocateWithCellSize<JSC::LocalAllocator::allocate(JSC::Heap&, unsigned long, JSC::GCDeferralContext*, JSC::AllocationFailureMode)::'lambda'()>(JSC::LocalAllocator::allocate(JSC::Heap&, unsigned long, JSC::GCDeferralContext*, JSC::AllocationFailureMode)::'lambda'() const&, unsigned long) /root/WebKit/Source/JavaScriptCore/heap/FreeListInlines.h:46:16 (jsc+0xe62276)
    #9 JSC::LocalAllocator::allocate(JSC::Heap&, unsigned long, JSC::GCDeferralContext*, JSC::AllocationFailureMode) /root/WebKit/Source/JavaScriptCore/heap/LocalAllocatorInlines.h:50:23 (jsc+0xe62276)
    #10 JSC::Allocator::allocate(JSC::Heap&, unsigned long, JSC::GCDeferralContext*, JSC::AllocationFailureMode) const /root/WebKit/Source/JavaScriptCore/heap/AllocatorInlines.h:35:30 (jsc+0xe62276)
    #11 JSC::CompleteSubspace::allocateForClient(JSC::GCClient::Heap&, unsigned long, JSC::GCDeferralContext*, JSC::AllocationFailureMode) /root/WebKit/Source/JavaScriptCore/heap/CompleteSubspaceInlines.h:62:30 (jsc+0xe62276)
    #12 JSC::(anonymous namespace)::allocateScratch(JSC::Heap&, JSC::GCClient::Heap&, unsigned long) /root/WebKit/Source/JavaScriptCore/heap/SharedHeapTestHarness.cpp:243:34 (jsc+0xe62276)
    #13 JSC::SharedHeapTestHarness::runAllocationStormScenario(JSC::Heap&, unsigned int, unsigned int)::$_0::operator()(JSC::GCClient::Heap&, unsigned int) const /root/WebKit/Source/JavaScriptCore/heap/SharedHeapTestHarness.cpp:632:26 (jsc+0xe61833)
    #14 void JSC::(anonymous namespace)::runStandaloneClientThreads<JSC::SharedHeapTestHarness::runAllocationStormScenario(JSC::Heap&, unsigned int, unsigned int)::$_0>(JSC::Heap&, unsigned int, JSC::SharedHeapTestHarness::runAllocationStormScenario(JSC::Heap&, unsigned int, unsigned int)::$_0 const&)::'lambda'()::operator()() const /root/WebKit/Source/JavaScriptCore/heap/SharedHeapTestHarness.cpp:496:13 (jsc+0xe61833)
    #15 WTF::Detail::CallableWrapper<void JSC::(anonymous namespace)::runStandaloneClientThreads<JSC::SharedHeapTestHarness::runAllocationStormScenario(JSC::Heap&, unsigned int, unsigned int)::$_0>(JSC::Heap&, unsigned int, JSC::SharedHeapTestHarness::runAllocationStormScenario(JSC::Heap&, unsigned int, unsigned int)::$_0 const&)::'lambda'(), void>::call() /root/WebKit/WebKitBuild/TSan/WTF/Headers/wtf/Function.h:59:39 (jsc+0xe61833)
    #16 WTF::Function<void ()>::operator()() const /root/WebKit/Source/WTF/wtf/Function.h:103:35 (jsc+0x25b0445)
    #17 WTF::Thread::entryPoint(WTF::Thread::NewThreadContext*) /root/WebKit/Source/WTF/wtf/Threading.cpp:312:5 (jsc+0x25b0445)
    #18 WTF::wtfThreadEntryPoint(void*) /root/WebKit/Source/WTF/wtf/posix/ThreadingPOSIX.cpp:264:5 (jsc+0x260a419)

  Previous read of size 4 at 0x721400000878 by thread T2:
    #0 JSC::BlockDirectoryBits::BlockDirectoryBitVectorWordView<(JSC::BlockDirectoryBits::Kind)2>::word(unsigned long) const /root/WebKit/WebKitBuild/TSan/JavaScriptCore/PrivateHeaders/JavaScriptCore/BlockDirectoryBits.h:98:20 (jsc+0xe440ca)
    #1 WTF::FastBitVectorImpl<JSC::BlockDirectoryBits::BlockDirectoryBitVectorWordView<(JSC::BlockDirectoryBits::Kind)2>>::atImpl(unsigned long) const /root/WebKit/WebKitBuild/TSan/WTF/Headers/wtf/FastBitVector.h:414:27 (jsc+0xe440ca)
    #2 WTF::FastBitVectorImpl<JSC::BlockDirectoryBits::BlockDirectoryBitVectorWordView<(JSC::BlockDirectoryBits::Kind)2>>::operator[](unsigned long) const /root/WebKit/WebKitBuild/TSan/WTF/Headers/wtf/FastBitVector.h:285:16 (jsc+0xe440ca)
    #3 JSC::BlockDirectoryBits::isAllocated(unsigned long) const /root/WebKit/WebKitBuild/TSan/JavaScriptCore/PrivateHeaders/JavaScriptCore/BlockDirectoryBits.h:185:5 (jsc+0xe440ca)
    #4 JSC::BlockDirectory::isAllocated(unsigned long) const /root/WebKit/Source/JavaScriptCore/heap/BlockDirectory.h:117:5 (jsc+0xe440ca)
    #5 JSC::BlockDirectory::isAllocated(JSC::MarkedBlock::Handle*) const /root/WebKit/Source/JavaScriptCore/heap/BlockDirectory.h:117:5 (jsc+0xe440ca)
    #6 JSC::MarkedBlock::Handle::isAllocated() /root/WebKit/WebKitBuild/TSan/JavaScriptCore/PrivateHeaders/JavaScriptCore/MarkedBlockInlines.h:104:25 (jsc+0xe440ca)
    #7 JSC::MarkedBlock::Handle::sweep(JSC::FreeList*) /root/WebKit/Source/JavaScriptCore/heap/MarkedBlock.cpp:615:9 (jsc+0xe440ca)
    #8 JSC::LocalAllocator::tryAllocateIn(JSC::MarkedBlock::Handle*, unsigned long) /root/WebKit/Source/JavaScriptCore/heap/LocalAllocator.cpp:346:12 (jsc+0xe43b46)
    #9 JSC::LocalAllocator::allocateIn(JSC::MarkedBlock::Handle*, unsigned long) /root/WebKit/Source/JavaScriptCore/heap/LocalAllocator.cpp:311:20 (jsc+0xe437d9)
    #10 JSC::LocalAllocator::allocateSlowCase(JSC::Heap&, unsigned long, JSC::GCDeferralContext*, JSC::AllocationFailureMode) /root/WebKit/Source/JavaScriptCore/heap/LocalAllocator.cpp:227:14 (jsc+0xe4328e)
    #11 JSC::LocalAllocator::allocate(JSC::Heap&, unsigned long, JSC::GCDeferralContext*, JSC::AllocationFailureMode)::'lambda'()::operator()() const /root/WebKit/WebKitBuild/TSan/JavaScriptCore/PrivateHeaders/JavaScriptCore/LocalAllocatorInlines.h:53:43 (jsc+0x1d133e)
    #12 JSC::HeapCell* JSC::FreeList::allocateWithCellSize<JSC::LocalAllocator::allocate(JSC::Heap&, unsigned long, JSC::GCDeferralContext*, JSC::AllocationFailureMode)::'lambda'()>(JSC::LocalAllocator::allocate(JSC::Heap&, unsigned long, JSC::GCDeferralContext*, JSC::AllocationFailureMode)::'lambda'() const&, unsigned long) /root/WebKit/Source/JavaScriptCore/heap/FreeListInlines.h:46:16 (jsc+0xe62276)
    #13 JSC::LocalAllocator::allocate(JSC::Heap&, unsigned long, JSC::GCDeferralContext*, JSC::AllocationFailureMode) /root/WebKit/Source/JavaScriptCore/heap/LocalAllocatorInlines.h:50:23 (jsc+0xe62276)
    #14 JSC::Allocator::allocate(JSC::Heap&, unsigned long, JSC::GCDeferralContext*, JSC::AllocationFailureMode) const /root/WebKit/Source/JavaScriptCore/heap/AllocatorInlines.h:35:30 (jsc+0xe62276)
    #15 JSC::CompleteSubspace::allocateForClient(JSC::GCClient::Heap&, unsigned long, JSC::GCDeferralContext*, JSC::AllocationFailureMode) /root/WebKit/Source/JavaScriptCore/heap/CompleteSubspaceInlines.h:62:30 (jsc+0xe62276)
    #16 JSC::(anonymous namespace)::allocateScratch(JSC::Heap&, JSC::GCClient::Heap&, unsigned long) /root/WebKit/Source/JavaScriptCore/heap/SharedHeapTestHarness.cpp:243:34 (jsc+0xe62276)
    #17 JSC::SharedHeapTestHarness::runAllocationStormScenario(JSC::Heap&, unsigned int, unsigned int)::$_0::operator()(JSC::GCClient::Heap&, unsigned int) const /root/WebKit/Source/JavaScriptCore/heap/SharedHeapTestHarness.cpp:632:26 (jsc+0xe61833)
    #18 void JSC::(anonymous namespace)::runStandaloneClientThreads<JSC::SharedHeapTestHarness::runAllocationStormScenario(JSC::Heap&, unsigned int, unsigned int)::$_0>(JSC::Heap&, unsigned int, JSC::SharedHeapTestHarness::runAllocationStormScenario(JSC::Heap&, unsigned int, unsigned int)::$_0 const&)::'lambda'()::operator()() const /root/WebKit/Source/JavaScriptCore/heap/SharedHeapTestHarness.cpp:496:13 (jsc+0xe61833)
    #19 WTF::Detail::CallableWrapper<void JSC::(anonymous namespace)::runStandaloneClientThreads<JSC::SharedHeapTestHarness::runAllocationStormScenario(JSC::Heap&, unsigned int, unsigned int)::$_0>(JSC::Heap&, unsigned int, JSC::SharedHeapTestHarness::runAllocationStormScenario(JSC::Heap&, unsigned int, unsigned int)::$_0 const&)::'lambda'(), void>::call() /root/WebKit/WebKitBuild/TSan/WTF/Headers/wtf/Function.h:59:39 (jsc+0xe61833)
    #20 WTF::Function<void ()>::operator()() const /root/WebKit/Source/WTF/wtf/Function.h:103:35 (jsc+0x25b0445)
    #21 WTF::Thread::entryPoint(WTF::Thread::NewThreadContext*) /root/WebKit/Source/WTF/wtf/Threading.cpp:312:5 (jsc+0x25b0445)
    #22 WTF::wtfThreadEntryPoint(void*) /root/WebKit/Source/WTF/wtf/posix/ThreadingPOSIX.cpp:264:5 (jsc+0x260a419)

  Location is heap block of size 80 at 0x721400000870 allocated by main thread:
    #0 malloc /home/runner/work/llvm-project/llvm-project/compiler-rt/lib/tsan/rtl/tsan_interceptors_posix.cpp:682:5 (jsc+0x13dc20)
    #1 bmalloc::api::malloc(unsigned long, bmalloc::CompactAllocationMode, bmalloc::HeapKind) /root/WebKit/WebKitBuild/TSan/bmalloc/Headers/bmalloc/bmalloc.h:96:20 (jsc+0x2593689)
    #2 WTF::fastMalloc(unsigned long) /root/WebKit/Source/WTF/wtf/FastMalloc.cpp:337:20 (jsc+0x2593689)
    #3 WTF::FastMalloc::malloc(unsigned long) /root/WebKit/WebKitBuild/TSan/WTF/Headers/wtf/FastMalloc.h:235:47 (jsc+0xdb7688)
    #4 bool WTF::VectorBufferBase<JSC::BlockDirectoryBits::Segment, WTF::FastMalloc>::allocateBuffer<(WTF::FailureAction)0>(unsigned long) /root/WebKit/WebKitBuild/TSan/WTF/Headers/wtf/Vector.h:235:41 (jsc+0xdb7688)
    #5 bool WTF::Vector<JSC::BlockDirectoryBits::Segment, 0ul, WTF::CrashOnOverflow, 2ul, WTF::FastMalloc>::reserveCapacity<(WTF::FailureAction)0>(unsigned long) /root/WebKit/WebKitBuild/TSan/WTF/Headers/wtf/Vector.h:1412:35 (jsc+0xdb7688)
    #6 bool WTF::Vector<JSC::BlockDirectoryBits::Segment, 0ul, WTF::CrashOnOverflow, 2ul, WTF::FastMalloc>::expandCapacity<(WTF::FailureAction)0>(unsigned long) /root/WebKit/WebKitBuild/TSan/WTF/Headers/wtf/Vector.h:1262:12 (jsc+0xdb7688)
    #7 WTF::Vector<JSC::BlockDirectoryBits::Segment, 0ul, WTF::CrashOnOverflow, 2ul, WTF::FastMalloc>::resize(unsigned long) /root/WebKit/WebKitBuild/TSan/WTF/Headers/wtf/Vector.h:1311:13 (jsc+0xdb3353)
    #8 JSC::BlockDirectoryBits::resize(unsigned int) /root/WebKit/WebKitBuild/TSan/JavaScriptCore/PrivateHeaders/JavaScriptCore/BlockDirectoryBits.h:194:20 (jsc+0xdb3353)
    #9 JSC::BlockDirectory::addBlock(JSC::MarkedBlock::Handle*) /root/WebKit/Source/JavaScriptCore/heap/BlockDirectory.cpp:187:20 (jsc+0xdb31bd)
    #10 JSC::LocalAllocator::allocateSlowCase(JSC::Heap&, unsigned long, JSC::GCDeferralContext*, JSC::AllocationFailureMode) /root/WebKit/Source/JavaScriptCore/heap/LocalAllocator.cpp:226:18 (jsc+0xe4327f)
    #11 JSC::LocalAllocator::allocate(JSC::Heap&, unsigned long, JSC::GCDeferralContext*, JSC::AllocationFailureMode)::'lambda'()::operator()() const /root/WebKit/WebKitBuild/TSan/JavaScriptCore/PrivateHeaders/JavaScriptCore/LocalAllocatorInlines.h:53:43 (jsc+0x1d133e)
    #12 JSC::HeapCell* JSC::FreeList::allocateWithCellSize<JSC::LocalAllocator::allocate(JSC::Heap&, unsigned long, JSC::GCDeferralContext*, JSC::AllocationFailureMode)::'lambda'()>(JSC::LocalAllocator::allocate(JSC::Heap&, unsigned long, JSC::GCDeferralContext*, JSC::AllocationFailureMode)::'lambda'() const&, unsigned long) /root/WebKit/WebKitBuild/TSan/JavaScriptCore/PrivateHeaders/JavaScriptCore/FreeListInlines.h:46:16 (jsc+0x1d7d05)
    #13 JSC::LocalAllocator::allocate(JSC::Heap&, unsigned long, JSC::GCDeferralContext*, JSC::AllocationFailureMode) /root/WebKit/WebKitBuild/TSan/JavaScriptCore/PrivateHeaders/JavaScriptCore/LocalAllocatorInlines.h:50:23 (jsc+0x1d7d05)
    #14 JSC::Allocator::allocate(JSC::Heap&, unsigned long, JSC::GCDeferralContext*, JSC::AllocationFailureMode) const /root/WebKit/WebKitBuild/TSan/JavaScriptCore/PrivateHeaders/JavaScriptCore/AllocatorInlines.h:35:30 (jsc+0x1d7d05)
    #15 JSC::CompleteSubspace::allocateForClient(JSC::GCClient::Heap&, unsigned long, JSC::GCDeferralContext*, JSC::AllocationFailureMode) /root/WebKit/WebKitBuild/TSan/JavaScriptCore/PrivateHeaders/JavaScriptCore/CompleteSubspaceInlines.h:62:30 (jsc+0x1d7d05)
    #16 JSC::CompleteSubspace::allocate(JSC::VM&, unsigned long, JSC::GCDeferralContext*, JSC::AllocationFailureMode) /root/WebKit/WebKitBuild/TSan/JavaScriptCore/PrivateHeaders/JavaScriptCore/CompleteSubspaceInlines.h:46:16 (jsc+0x1d7a40)
    #17 JSC::Butterfly::createUninitialized(JSC::VM&, JSC::JSObject*, unsigned long, unsigned long, bool, unsigned long) /root/WebKit/Source/JavaScriptCore/runtime/ButterflyInlines.h:89:38 (jsc+0x16bc6c0)
    #18 JSC::Butterfly::createOrGrowPropertyStorage(JSC::Butterfly*, JSC::VM&, JSC::JSObject*, JSC::Structure*, unsigned long, unsigned long) /root/WebKit/Source/JavaScriptCore/runtime/ButterflyInlines.h:151:25 (jsc+0x16bc6c0)
    #19 JSC::JSObject::allocateMoreOutOfLineStorage(JSC::VM&, unsigned long, unsigned long) /root/WebKit/Source/JavaScriptCore/runtime/JSObject.cpp:6635:12 (jsc+0x16bc522)
    #20 JSC::JSObject::tryPutDirectTransitionConcurrent(JSC::VM&, JSC::Structure*, JSC::StructureID, JSC::Structure*, int, JSC::JSValue) /root/WebKit/Source/JavaScriptCore/runtime/JSObjectInlines.h:881:28 (jsc+0x1dc0aa)
    #21 WTF::ASCIILiteral WTF::ASCIILiteral JSC::JSObject::putDirectInternal<(JSC::JSObject::PutMode)1>(JSC::VM&, JSC::PropertyName, JSC::JSValue, unsigned int, JSC::PutPropertySlot&)::'lambda'<bool $N>()::operator()<true>() const /root/WebKit/Source/JavaScriptCore/runtime/JSObjectInlines.h:1375:14 (jsc+0x1d9f9d)
    #22 WTF::ASCIILiteral JSC::JSObject::putDirectInternal<(JSC::JSObject::PutMode)1>(JSC::VM&, JSC::PropertyName, JSC::JSValue, unsigned int, JSC::PutPropertySlot&)::'lambda'()::operator()() const /root/WebKit/Source/JavaScriptCore/runtime/JSObjectInlines.h:1419:34 (jsc+0x1d7d82)
    #23 decltype(fp()) JSC::putDirectInternalConcurrentOutOfLine<WTF::ASCIILiteral JSC::JSObject::putDirectInternal<(JSC::JSObject::PutMode)1>(JSC::VM&, JSC::PropertyName, JSC::JSValue, unsigned int, JSC::PutPropertySlot&)::'lambda'()>(WTF::ASCIILiteral JSC::JSObject::putDirectInternal<(JSC::JSObject::PutMode)1>(JSC::VM&, JSC::PropertyName, JSC::JSValue, unsigned int, JSC::PutPropertySlot&)::'lambda'() const&) /root/WebKit/Source/JavaScriptCore/runtime/JSObjectInlines.h:983:12 (jsc+0x1d7d82)
    #24 WTF::ASCIILiteral JSC::JSObject::putDirectInternal<(JSC::JSObject::PutMode)1>(JSC::VM&, JSC::PropertyName, JSC::JSValue, unsigned int, JSC::PutPropertySlot&) /root/WebKit/Source/JavaScriptCore/runtime/JSObjectInlines.h:1418:16 (jsc+0x1a34a34)
    #25 JSC::JSObject::putDirect(JSC::VM&, JSC::PropertyName, JSC::JSValue, unsigned int) /root/WebKit/Source/JavaScriptCore/runtime/JSObject.h:2136:12 (jsc+0x1a34a34)
    #26 JSC::JSDollarVM::addFunction(JSC::VM&, JSC::JSGlobalObject*, WTF::ASCIILiteral, WTF::FunctionPtr<(WTF::PtrTag)1, long (JSC::JSGlobalObject*, JSC::CallFrame*), (WTF::FunctionAttributes)2>, unsigned int) /root/WebKit/Source/JavaScriptCore/tools/JSDollarVM.cpp:4656:5 (jsc+0x1a34a34)
    #27 JSC::JSDollarVM::finishCreation(JSC::VM&)::$_0::operator()(JSC::VM&, bool, WTF::ASCIILiteral, WTF::FunctionPtr<(WTF::PtrTag)1, long (JSC::JSGlobalObject*, JSC::CallFrame*), (WTF::FunctionAttributes)2>, unsigned int) const /root/WebKit/Source/JavaScriptCore/tools/JSDollarVM.cpp:4445:21 (jsc+0x1a20a7b)
    #28 JSC::JSDollarVM::finishCreation(JSC::VM&) /root/WebKit/Source/JavaScriptCore/tools/JSDollarVM.cpp:4543:5 (jsc+0x1a20a7b)
    #29 JSC::JSDollarVM::create(JSC::VM&, JSC::Structure*) /root/WebKit/Source/JavaScriptCore/tools/JSDollarVM.h:59:19 (jsc+0x15c7d87)
    #30 JSC::JSGlobalObject::exposeDollarVM(JSC::VM&) /root/WebKit/Source/JavaScriptCore/runtime/JSGlobalObject.cpp:3731:28 (jsc+0x15b879e)
    #31 JSC::JSGlobalObject::init(JSC::VM&) /root/WebKit/Source/JavaScriptCore/runtime/JSGlobalObject.cpp:2698:9 (jsc+0x15b4edf)
    #32 JSC::JSGlobalObject::finishCreation(JSC::VM&) /root/WebKit/Source/JavaScriptCore/runtime/JSGlobalObject.cpp:4439:5 (jsc+0x15cd3bb)
    #33 GlobalObject::finishCreation(JSC::VM&, WTF::Vector<WTF::String, 0ul, WTF::CrashOnOverflow, 16ul, WTF::FastMalloc> const&) /root/WebKit/Source/JavaScriptCore/jsc.cpp:640:15 (jsc+0x1e91ba)
    #34 GlobalObject::create(JSC::VM&, JSC::Structure*, WTF::Vector<WTF::String, 0ul, WTF::CrashOnOverflow, 16ul, WTF::FastMalloc> const&) /root/WebKit/Source/JavaScriptCore/jsc.cpp:566:17 (jsc+0x1ca09f)
    #35 int runJSC<jscmain(int, char**)::$_0>(CommandLine const&, bool, jscmain(int, char**)::$_0 const&) /root/WebKit/Source/JavaScriptCore/jsc.cpp:4464:28 (jsc+0x1ca09f)
    #36 jscmain(int, char**) /root/WebKit/Source/JavaScriptCore/jsc.cpp:4679:18 (jsc+0x1ca09f)
    #37 main /root/WebKit/Source/JavaScriptCore/jsc.cpp:3715:15 (jsc+0x1c97e3)

  Thread T4 ' SharedHeapTest' (tid=2641893, running) created by main thread at:
    #0 pthread_create /home/runner/work/llvm-project/llvm-project/compiler-rt/lib/tsan/rtl/tsan_interceptors_posix.cpp:1090:3 (jsc+0x13ff1a)
    #1 WTF::Thread::establishHandle(WTF::Thread::NewThreadContext&, WTF::StackAllocationSpecification, WTF::ThreadQOS, WTF::ThreadSchedulingPolicy) /root/WebKit/Source/WTF/wtf/posix/ThreadingPOSIX.cpp:354:17 (jsc+0x260a305)
    #2 WTF::Thread::create(WTF::ASCIILiteral, WTF::Function<void ()>&&, WTF::ThreadType, WTF::ThreadQOS, WTF::ThreadSchedulingPolicy, WTF::StackAllocationSpecification) /root/WebKit/Source/WTF/wtf/Threading.cpp:330:32 (jsc+0x25b0783)
    #3 void JSC::(anonymous namespace)::runStandaloneClientThreads<JSC::SharedHeapTestHarness::runAllocationStormScenario(JSC::Heap&, unsigned int, unsigned int)::$_0>(JSC::Heap&, unsigned int, JSC::SharedHeapTestHarness::runAllocationStormScenario(JSC::Heap&, unsigned int, unsigned int)::$_0 const&) /root/WebKit/Source/JavaScriptCore/heap/SharedHeapTestHarness.cpp:492:24 (jsc+0xe58de6)
    #4 JSC::SharedHeapTestHarness::runAllocationStormScenario(JSC::Heap&, unsigned int, unsigned int) /root/WebKit/Source/JavaScriptCore/heap/SharedHeapTestHarness.cpp:627:5 (jsc+0xe58de6)
    #5 JSC::SharedHeapTestHarness::run(JSC::Heap&, WTF::String const&, unsigned int, unsigned int) /root/WebKit/Source/JavaScriptCore/heap/SharedHeapTestHarness.cpp:1232:20 (jsc+0xe5e232)
    #6 JSC::functionSharedHeapTest(JSC::JSGlobalObject*, JSC::CallFrame*) /root/WebKit/Source/JavaScriptCore/tools/JSDollarVM.cpp:2681:38 (jsc+0x1a1f489)
    #7 <null> <null> (0x7f7aa1fff157)
    #8 JSC::evaluate(JSC::JSGlobalObject*, JSC::SourceCode const&, JSC::JSValue, WTF::NakedPtr<JSC::Exception>&) /root/WebKit/Source/JavaScriptCore/runtime/Completion.cpp:145:37 (jsc+0x13c1033)
    #9 runWithOptions(GlobalObject*, CommandLine&, bool&) /root/WebKit/Source/JavaScriptCore/jsc.cpp:3957:35 (jsc+0x1cafa5)
    #10 jscmain(int, char**)::$_0::operator()(JSC::VM&, GlobalObject*, bool&) const /root/WebKit/Source/JavaScriptCore/jsc.cpp:4686:13 (jsc+0x1cafa5)
    #11 int runJSC<jscmain(int, char**)::$_0>(CommandLine const&, bool, jscmain(int, char**)::$_0 const&) /root/WebKit/Source/JavaScriptCore/jsc.cpp:4472:13 (jsc+0x1cafa5)
    #12 jscmain(int, char**) /root/WebKit/Source/JavaScriptCore/jsc.cpp:4679:18 (jsc+0x1cafa5)
    #13 main /root/WebKit/Source/JavaScriptCore/jsc.cpp:3715:15 (jsc+0x1c97e3)

  Thread T2 ' SharedHeapTest' (tid=2641891, running) created by main thread at:
    #0 pthread_create /home/runner/work/llvm-project/llvm-project/compiler-rt/lib/tsan/rtl/tsan_interceptors_posix.cpp:1090:3 (jsc+0x13ff1a)
    #1 WTF::Thread::establishHandle(WTF::Thread::NewThreadContext&, WTF::StackAllocationSpecification, WTF::ThreadQOS, WTF::ThreadSchedulingPolicy) /root/WebKit/Source/WTF/wtf/posix/ThreadingPOSIX.cpp:354:17 (jsc+0x260a305)
    #2 WTF::Thread::create(WTF::ASCIILiteral, WTF::Function<void ()>&&, WTF::ThreadType, WTF::ThreadQOS, WTF::ThreadSchedulingPolicy, WTF::StackAllocationSpecification) /root/WebKit/Source/WTF/wtf/Threading.cpp:330:32 (jsc+0x25b0783)
    #3 void JSC::(anonymous namespace)::runStandaloneClientThreads<JSC::SharedHeapTestHarness::runAllocationStormScenario(JSC::Heap&, unsigned int, unsigned int)::$_0>(JSC::Heap&, unsigned int, JSC::SharedHeapTestHarness::runAllocationStormScenario(JSC::Heap&, unsigned int, unsigned int)::$_0 const&) /root/WebKit/Source/JavaScriptCore/heap/SharedHeapTestHarness.cpp:492:24 (jsc+0xe58de6)
    #4 JSC::SharedHeapTestHarness::runAllocationStormScenario(JSC::Heap&, unsigned int, unsigned int) /root/WebKit/Source/JavaScriptCore/heap/SharedHeapTestHarness.cpp:627:5 (jsc+0xe58de6)
    #5 JSC::SharedHeapTestHarness::run(JSC::Heap&, WTF::String const&, unsigned int, unsigned int) /root/WebKit/Source/JavaScriptCore/heap/SharedHeapTestHarness.cpp:1232:20 (jsc+0xe5e232)
    #6 JSC::functionSharedHeapTest(JSC::JSGlobalObject*, JSC::CallFrame*) /root/WebKit/Source/JavaScriptCore/tools/JSDollarVM.cpp:2681:38 (jsc+0x1a1f489)
    #7 <null> <null> (0x7f7aa1fff157)
    #8 JSC::evaluate(JSC::JSGlobalObject*, JSC::SourceCode const&, JSC::JSValue, WTF::NakedPtr<JSC::Exception>&) /root/WebKit/Source/JavaScriptCore/runtime/Completion.cpp:145:37 (jsc+0x13c1033)
    #9 runWithOptions(GlobalObject*, CommandLine&, bool&) /root/WebKit/Source/JavaScriptCore/jsc.cpp:3957:35 (jsc+0x1cafa5)
    #10 jscmain(int, char**)::$_0::operator()(JSC::VM&, GlobalObject*, bool&) const /root/WebKit/Source/JavaScriptCore/jsc.cpp:4686:13 (jsc+0x1cafa5)
    #11 int runJSC<jscmain(int, char**)::$_0>(CommandLine const&, bool, jscmain(int, char**)::$_0 const&) /root/WebKit/Source/JavaScriptCore/jsc.cpp:4472:13 (jsc+0x1cafa5)
    #12 jscmain(int, char**) /root/WebKit/Source/JavaScriptCore/jsc.cpp:4679:18 (jsc+0x1cafa5)
    #13 main /root/WebKit/Source/JavaScriptCore/jsc.cpp:3715:15 (jsc+0x1c97e3)

SUMMARY: ThreadSanitizer: data race /root/WebKit/WebKitBuild/TSan/WTF/Headers/wtf/FastBitVector.h in WTF::FastBitReference::operator=(bool)
==================
==================
WARNING: ThreadSanitizer: data race (pid=2641810)
  Read of size 4 at 0x721400000698 by thread T15:
    #0 JSC::BlockDirectoryBits::BlockDirectoryBitVectorWordView<(JSC::BlockDirectoryBits::Kind)2>::word(unsigned long) const /root/WebKit/WebKitBuild/TSan/JavaScriptCore/PrivateHeaders/JavaScriptCore/BlockDirectoryBits.h:98:20 (jsc+0xe440ca)
    #1 WTF::FastBitVectorImpl<JSC::BlockDirectoryBits::BlockDirectoryBitVectorWordView<(JSC::BlockDirectoryBits::Kind)2>>::atImpl(unsigned long) const /root/WebKit/WebKitBuild/TSan/WTF/Headers/wtf/FastBitVector.h:414:27 (jsc+0xe440ca)
    #2 WTF::FastBitVectorImpl<JSC::BlockDirectoryBits::BlockDirectoryBitVectorWordView<(JSC::BlockDirectoryBits::Kind)2>>::operator[](unsigned long) const /root/WebKit/WebKitBuild/TSan/WTF/Headers/wtf/FastBitVector.h:285:16 (jsc+0xe440ca)
    #3 JSC::BlockDirectoryBits::isAllocated(unsigned long) const /root/WebKit/WebKitBuild/TSan/JavaScriptCore/PrivateHeaders/JavaScriptCore/BlockDirectoryBits.h:185:5 (jsc+0xe440ca)
    #4 JSC::BlockDirectory::isAllocated(unsigned long) const /root/WebKit/Source/JavaScriptCore/heap/BlockDirectory.h:117:5 (jsc+0xe440ca)
    #5 JSC::BlockDirectory::isAllocated(JSC::MarkedBlock::Handle*) const /root/WebKit/Source/JavaScriptCore/heap/BlockDirectory.h:117:5 (jsc+0xe440ca)
    #6 JSC::MarkedBlock::Handle::isAllocated() /root/WebKit/WebKitBuild/TSan/JavaScriptCore/PrivateHeaders/JavaScriptCore/MarkedBlockInlines.h:104:25 (jsc+0xe440ca)
    #7 JSC::MarkedBlock::Handle::sweep(JSC::FreeList*) /root/WebKit/Source/JavaScriptCore/heap/MarkedBlock.cpp:615:9 (jsc+0xe440ca)
    #8 JSC::LocalAllocator::tryAllocateIn(JSC::MarkedBlock::Handle*, unsigned long) /root/WebKit/Source/JavaScriptCore/heap/LocalAllocator.cpp:346:12 (jsc+0xe43b46)
    #9 JSC::LocalAllocator::tryAllocateWithoutCollecting(unsigned long) /root/WebKit/Source/JavaScriptCore/heap/LocalAllocator.cpp:267:28 (jsc+0xe435f6)
    #10 JSC::LocalAllocator::allocateSlowCase(JSC::Heap&, unsigned long, JSC::GCDeferralContext*, JSC::AllocationFailureMode) /root/WebKit/Source/JavaScriptCore/heap/LocalAllocator.cpp:206:20 (jsc+0xe430ac)
    #11 JSC::LocalAllocator::allocate(JSC::Heap&, unsigned long, JSC::GCDeferralContext*, JSC::AllocationFailureMode)::'lambda'()::operator()() const /root/WebKit/WebKitBuild/TSan/JavaScriptCore/PrivateHeaders/JavaScriptCore/LocalAllocatorInlines.h:53:43 (jsc+0x1d133e)
    #12 JSC::HeapCell* JSC::FreeList::allocateWithCellSize<JSC::LocalAllocator::allocate(JSC::Heap&, unsigned long, JSC::GCDeferralContext*, JSC::AllocationFailureMode)::'lambda'()>(JSC::LocalAllocator::allocate(JSC::Heap&, unsigned long, JSC::GCDeferralContext*, JSC::AllocationFailureMode)::'lambda'() const&, unsigned long) /root/WebKit/Source/JavaScriptCore/heap/FreeListInlines.h:46:16 (jsc+0xe62276)
    #13 JSC::LocalAllocator::allocate(JSC::Heap&, unsigned long, JSC::GCDeferralContext*, JSC::AllocationFailureMode) /root/WebKit/Source/JavaScriptCore/heap/LocalAllocatorInlines.h:50:23 (jsc+0xe62276)
    #14 JSC::Allocator::allocate(JSC::Heap&, unsigned long, JSC::GCDeferralContext*, JSC::AllocationFailureMode) const /root/WebKit/Source/JavaScriptCore/heap/AllocatorInlines.h:35:30 (jsc+0xe62276)
    #15 JSC::CompleteSubspace::allocateForClient(JSC::GCClient::Heap&, unsigned long, JSC::GCDeferralContext*, JSC::AllocationFailureMode) /root/WebKit/Source/JavaScriptCore/heap/CompleteSubspaceInlines.h:62:30 (jsc+0xe62276)
    #16 JSC::(anonymous namespace)::allocateScratch(JSC::Heap&, JSC::GCClient::Heap&, unsigned long) /root/WebKit/Source/JavaScriptCore/heap/SharedHeapTestHarness.cpp:243:34 (jsc+0xe62276)
    #17 JSC::SharedHeapTestHarness::runStealRaceScenario(JSC::Heap&, unsigned int, unsigned int)::$_0::operator()(JSC::GCClient::Heap&, unsigned int) const /root/WebKit/Source/JavaScriptCore/heap/SharedHeapTestHarness.cpp:706:30 (jsc+0xe636e8)
    #18 void JSC::(anonymous namespace)::runStandaloneClientThreads<JSC::SharedHeapTestHarness::runStealRaceScenario(JSC::Heap&, unsigned int, unsigned int)::$_0>(JSC::Heap&, unsigned int, JSC::SharedHeapTestHarness::runStealRaceScenario(JSC::Heap&, unsigned int, unsigned int)::$_0 const&)::'lambda'()::operator()() const /root/WebKit/Source/JavaScriptCore/heap/SharedHeapTestHarness.cpp:496:13 (jsc+0xe636e8)
    #19 WTF::Detail::CallableWrapper<void JSC::(anonymous namespace)::runStandaloneClientThreads<JSC::SharedHeapTestHarness::runStealRaceScenario(JSC::Heap&, unsigned int, unsigned int)::$_0>(JSC::Heap&, unsigned int, JSC::SharedHeapTestHarness::runStealRaceScenario(JSC::Heap&, unsigned int, unsigned int)::$_0 const&)::'lambda'(), void>::call() /root/WebKit/WebKitBuild/TSan/WTF/Headers/wtf/Function.h:59:39 (jsc+0xe636e8)
    #20 WTF::Function<void ()>::operator()() const /root/WebKit/Source/WTF/wtf/Function.h:103:35 (jsc+0x25b0445)
    #21 WTF::Thread::entryPoint(WTF::Thread::NewThreadContext*) /root/WebKit/Source/WTF/wtf/Threading.cpp:312:5 (jsc+0x25b0445)
    #22 WTF::wtfThreadEntryPoint(void*) /root/WebKit/Source/WTF/wtf/posix/ThreadingPOSIX.cpp:264:5 (jsc+0x260a419)

  Previous write of size 4 at 0x721400000698 by thread T13:
    #0 WTF::FastBitReference::operator=(bool) /root/WebKit/WebKitBuild/TSan/WTF/Headers/wtf/FastBitVector.h (jsc+0xe43983)
    #1 JSC::BlockDirectoryBits::setIsAllocated(unsigned long, bool) /root/WebKit/WebKitBuild/TSan/JavaScriptCore/PrivateHeaders/JavaScriptCore/BlockDirectoryBits.h:185:5 (jsc+0xe43983)
    #2 JSC::BlockDirectory::setIsAllocated(unsigned long, bool) /root/WebKit/Source/JavaScriptCore/heap/BlockDirectory.h:117:5 (jsc+0xe43983)
    #3 JSC::BlockDirectory::setIsAllocated(JSC::MarkedBlock::Handle*, bool) /root/WebKit/Source/JavaScriptCore/heap/BlockDirectory.h:117:5 (jsc+0xe43983)
    #4 JSC::MarkedBlock::Handle::didConsumeFreeList() /root/WebKit/Source/JavaScriptCore/heap/MarkedBlock.cpp:469:18 (jsc+0xe43983)
    #5 JSC::LocalAllocator::didConsumeFreeList() /root/WebKit/Source/JavaScriptCore/heap/LocalAllocator.cpp:235:25 (jsc+0xe42fe2)
    #6 JSC::LocalAllocator::allocateSlowCase(JSC::Heap&, unsigned long, JSC::GCDeferralContext*, JSC::AllocationFailureMode) /root/WebKit/Source/JavaScriptCore/heap/LocalAllocator.cpp:172:5 (jsc+0xe42fe2)
    #7 JSC::LocalAllocator::allocate(JSC::Heap&, unsigned long, JSC::GCDeferralContext*, JSC::AllocationFailureMode)::'lambda'()::operator()() const /root/WebKit/WebKitBuild/TSan/JavaScriptCore/PrivateHeaders/JavaScriptCore/LocalAllocatorInlines.h:53:43 (jsc+0x1d133e)
    #8 JSC::HeapCell* JSC::FreeList::allocateWithCellSize<JSC::LocalAllocator::allocate(JSC::Heap&, unsigned long, JSC::GCDeferralContext*, JSC::AllocationFailureMode)::'lambda'()>(JSC::LocalAllocator::allocate(JSC::Heap&, unsigned long, JSC::GCDeferralContext*, JSC::AllocationFailureMode)::'lambda'() const&, unsigned long) /root/WebKit/Source/JavaScriptCore/heap/FreeListInlines.h:46:16 (jsc+0xe62276)
    #9 JSC::LocalAllocator::allocate(JSC::Heap&, unsigned long, JSC::GCDeferralContext*, JSC::AllocationFailureMode) /root/WebKit/Source/JavaScriptCore/heap/LocalAllocatorInlines.h:50:23 (jsc+0xe62276)
    #10 JSC::Allocator::allocate(JSC::Heap&, unsigned long, JSC::GCDeferralContext*, JSC::AllocationFailureMode) const /root/WebKit/Source/JavaScriptCore/heap/AllocatorInlines.h:35:30 (jsc+0xe62276)
    #11 JSC::CompleteSubspace::allocateForClient(JSC::GCClient::Heap&, unsigned long, JSC::GCDeferralContext*, JSC::AllocationFailureMode) /root/WebKit/Source/JavaScriptCore/heap/CompleteSubspaceInlines.h:62:30 (jsc+0xe62276)
    #12 JSC::(anonymous namespace)::allocateScratch(JSC::Heap&, JSC::GCClient::Heap&, unsigned long) /root/WebKit/Source/JavaScriptCore/heap/SharedHeapTestHarness.cpp:243:34 (jsc+0xe62276)
    #13 JSC::SharedHeapTestHarness::runStealRaceScenario(JSC::Heap&, unsigned int, unsigned int)::$_0::operator()(JSC::GCClient::Heap&, unsigned int) const /root/WebKit/Source/JavaScriptCore/heap/SharedHeapTestHarness.cpp:706:30 (jsc+0xe636e8)
    #14 void JSC::(anonymous namespace)::runStandaloneClientThreads<JSC::SharedHeapTestHarness::runStealRaceScenario(JSC::Heap&, unsigned int, unsigned int)::$_0>(JSC::Heap&, unsigned int, JSC::SharedHeapTestHarness::runStealRaceScenario(JSC::Heap&, unsigned int, unsigned int)::$_0 const&)::'lambda'()::operator()() const /root/WebKit/Source/JavaScriptCore/heap/SharedHeapTestHarness.cpp:496:13 (jsc+0xe636e8)
    #15 WTF::Detail::CallableWrapper<void JSC::(anonymous namespace)::runStandaloneClientThreads<JSC::SharedHeapTestHarness::runStealRaceScenario(JSC::Heap&, unsigned int, unsigned int)::$_0>(JSC::Heap&, unsigned int, JSC::SharedHeapTestHarness::runStealRaceScenario(JSC::Heap&, unsigned int, unsigned int)::$_0 const&)::'lambda'(), void>::call() /root/WebKit/WebKitBuild/TSan/WTF/Headers/wtf/Function.h:59:39 (jsc+0xe636e8)
    #16 WTF::Function<void ()>::operator()() const /root/WebKit/Source/WTF/wtf/Function.h:103:35 (jsc+0x25b0445)
    #17 WTF::Thread::entryPoint(WTF::Thread::NewThreadContext*) /root/WebKit/Source/WTF/wtf/Threading.cpp:312:5 (jsc+0x25b0445)
    #18 WTF::wtfThreadEntryPoint(void*) /root/WebKit/Source/WTF/wtf/posix/ThreadingPOSIX.cpp:264:5 (jsc+0x260a419)

  Location is heap block of size 80 at 0x721400000690 allocated by main thread:
    #0 malloc /home/runner/work/llvm-project/llvm-project/compiler-rt/lib/tsan/rtl/tsan_interceptors_posix.cpp:682:5 (jsc+0x13dc20)
    #1 bmalloc::api::malloc(unsigned long, bmalloc::CompactAllocationMode, bmalloc::HeapKind) /root/WebKit/WebKitBuild/TSan/bmalloc/Headers/bmalloc/bmalloc.h:96:20 (jsc+0x2593689)
    #2 WTF::fastMalloc(unsigned long) /root/WebKit/Source/WTF/wtf/FastMalloc.cpp:337:20 (jsc+0x2593689)
    #3 WTF::FastMalloc::malloc(unsigned long) /root/WebKit/WebKitBuild/TSan/WTF/Headers/wtf/FastMalloc.h:235:47 (jsc+0xdb7688)
    #4 bool WTF::VectorBufferBase<JSC::BlockDirectoryBits::Segment, WTF::FastMalloc>::allocateBuffer<(WTF::FailureAction)0>(unsigned long) /root/WebKit/WebKitBuild/TSan/WTF/Headers/wtf/Vector.h:235:41 (jsc+0xdb7688)
    #5 bool WTF::Vector<JSC::BlockDirectoryBits::Segment, 0ul, WTF::CrashOnOverflow, 2ul, WTF::FastMalloc>::reserveCapacity<(WTF::FailureAction)0>(unsigned long) /root/WebKit/WebKitBuild/TSan/WTF/Headers/wtf/Vector.h:1412:35 (jsc+0xdb7688)
    #6 bool WTF::Vector<JSC::BlockDirectoryBits::Segment, 0ul, WTF::CrashOnOverflow, 2ul, WTF::FastMalloc>::expandCapacity<(WTF::FailureAction)0>(unsigned long) /root/WebKit/WebKitBuild/TSan/WTF/Headers/wtf/Vector.h:1262:12 (jsc+0xdb7688)
    #7 WTF::Vector<JSC::BlockDirectoryBits::Segment, 0ul, WTF::CrashOnOverflow, 2ul, WTF::FastMalloc>::resize(unsigned long) /root/WebKit/WebKitBuild/TSan/WTF/Headers/wtf/Vector.h:1311:13 (jsc+0xdb3353)
    #8 JSC::BlockDirectoryBits::resize(unsigned int) /root/WebKit/WebKitBuild/TSan/JavaScriptCore/PrivateHeaders/JavaScriptCore/BlockDirectoryBits.h:194:20 (jsc+0xdb3353)
    #9 JSC::BlockDirectory::addBlock(JSC::MarkedBlock::Handle*) /root/WebKit/Source/JavaScriptCore/heap/BlockDirectory.cpp:187:20 (jsc+0xdb31bd)
    #10 JSC::LocalAllocator::allocateSlowCase(JSC::Heap&, unsigned long, JSC::GCDeferralContext*, JSC::AllocationFailureMode) /root/WebKit/Source/JavaScriptCore/heap/LocalAllocator.cpp:226:18 (jsc+0xe4327f)
    #11 JSC::LocalAllocator::allocate(JSC::Heap&, unsigned long, JSC::GCDeferralContext*, JSC::AllocationFailureMode)::'lambda'()::operator()() const /root/WebKit/WebKitBuild/TSan/JavaScriptCore/PrivateHeaders/JavaScriptCore/LocalAllocatorInlines.h:53:43 (jsc+0x1d133e)
    #12 JSC::HeapCell* JSC::FreeList::allocateWithCellSize<JSC::LocalAllocator::allocate(JSC::Heap&, unsigned long, JSC::GCDeferralContext*, JSC::AllocationFailureMode)::'lambda'()>(JSC::LocalAllocator::allocate(JSC::Heap&, unsigned long, JSC::GCDeferralContext*, JSC::AllocationFailureMode)::'lambda'() const&, unsigned long) /root/WebKit/WebKitBuild/TSan/JavaScriptCore/PrivateHeaders/JavaScriptCore/FreeListInlines.h:46:16 (jsc+0x1d7d05)
    #13 JSC::LocalAllocator::allocate(JSC::Heap&, unsigned long, JSC::GCDeferralContext*, JSC::AllocationFailureMode) /root/WebKit/WebKitBuild/TSan/JavaScriptCore/PrivateHeaders/JavaScriptCore/LocalAllocatorInlines.h:50:23 (jsc+0x1d7d05)
    #14 JSC::Allocator::allocate(JSC::Heap&, unsigned long, JSC::GCDeferralContext*, JSC::AllocationFailureMode) const /root/WebKit/WebKitBuild/TSan/JavaScriptCore/PrivateHeaders/JavaScriptCore/AllocatorInlines.h:35:30 (jsc+0x1d7d05)
    #15 JSC::CompleteSubspace::allocateForClient(JSC::GCClient::Heap&, unsigned long, JSC::GCDeferralContext*, JSC::AllocationFailureMode) /root/WebKit/WebKitBuild/TSan/JavaScriptCore/PrivateHeaders/JavaScriptCore/CompleteSubspaceInlines.h:62:30 (jsc+0x1d7d05)
    #16 JSC::CompleteSubspace::allocate(JSC::VM&, unsigned long, JSC::GCDeferralContext*, JSC::AllocationFailureMode) /root/WebKit/WebKitBuild/TSan/JavaScriptCore/PrivateHeaders/JavaScriptCore/CompleteSubspaceInlines.h:46:16 (jsc+0x1d7a40)
    #17 JSC::Butterfly::createUninitialized(JSC::VM&, JSC::JSObject*, unsigned long, unsigned long, bool, unsigned long) /root/WebKit/Source/JavaScriptCore/runtime/ButterflyInlines.h:89:38 (jsc+0x16bc6c0)
    #18 JSC::Butterfly::createOrGrowPropertyStorage(JSC::Butterfly*, JSC::VM&, JSC::JSObject*, JSC::Structure*, unsigned long, unsigned long) /root/WebKit/Source/JavaScriptCore/runtime/ButterflyInlines.h:151:25 (jsc+0x16bc6c0)
    #19 JSC::JSObject::allocateMoreOutOfLineStorage(JSC::VM&, unsigned long, unsigned long) /root/WebKit/Source/JavaScriptCore/runtime/JSObject.cpp:6635:12 (jsc+0x16bc522)
    #20 JSC::JSObject::growOutOfLineStorageForConcurrentLockedAdd(JSC::VM&, JSC::StructureID, JSC::Structure*, int, unsigned int, unsigned int) /root/WebKit/Source/JavaScriptCore/runtime/JSObjectInlines.h:313:31 (jsc+0x1df1a6)
    #21 JSC::JSObject::putDirectWithoutTransitionConcurrent(JSC::VM&, JSC::PropertyName, JSC::JSValue, unsigned int)::'lambda'(JSC::GCSafeConcurrentJSLocker const&, int, int)::operator()(JSC::GCSafeConcurrentJSLocker const&, int, int) const /root/WebKit/Source/JavaScriptCore/runtime/JSObjectInlines.h:728:37 (jsc+0x24a984)
    #22 int JSC::Structure::add<(JSC::Structure::ShouldPin)1, JSC::JSObject::putDirectWithoutTransitionConcurrent(JSC::VM&, JSC::PropertyName, JSC::JSValue, unsigned int)::'lambda'(JSC::GCSafeConcurrentJSLocker const&, int, int)>(JSC::VM&, JSC::PropertyName, unsigned int, JSC::JSObject::putDirectWithoutTransitionConcurrent(JSC::VM&, JSC::PropertyName, JSC::JSValue, unsigned int)::'lambda'(JSC::GCSafeConcurrentJSLocker const&, int, int) const&) /root/WebKit/Source/JavaScriptCore/runtime/StructureInlines.h:326:5 (jsc+0x24a388)
    #23 int JSC::Structure::addPropertyWithoutTransition<JSC::JSObject::putDirectWithoutTransitionConcurrent(JSC::VM&, JSC::PropertyName, JSC::JSValue, unsigned int)::'lambda'(JSC::GCSafeConcurrentJSLocker const&, int, int)>(JSC::VM&, JSC::PropertyName, unsigned int, JSC::JSObject::putDirectWithoutTransitionConcurrent(JSC::VM&, JSC::PropertyName, JSC::JSValue, unsigned int)::'lambda'(JSC::GCSafeConcurrentJSLocker const&, int, int) const&) /root/WebKit/Source/JavaScriptCore/runtime/StructureInlines.h:430:12 (jsc+0x249b00)
    #24 JSC::JSObject::putDirectWithoutTransitionConcurrent(JSC::VM&, JSC::PropertyName, JSC::JSValue, unsigned int) /root/WebKit/Source/JavaScriptCore/runtime/JSObjectInlines.h:723:36 (jsc+0x249b00)
    #25 JSC::JSObject::putDirectWithoutTransition(JSC::VM&, JSC::PropertyName, JSC::JSValue, unsigned int) /root/WebKit/Source/JavaScriptCore/runtime/JSObjectInlines.h:616:9 (jsc+0x2495bc)
    #26 JSC::JSObject::putDirectBuiltinFunctionWithoutTransition(JSC::VM&, JSC::JSGlobalObject*, JSC::PropertyName const&, JSC::FunctionExecutable*, unsigned int) /root/WebKit/Source/JavaScriptCore/runtime/JSObject.cpp:6304:5 (jsc+0x16bad9a)
    #27 JSC::ArrayPrototype::finishCreation(JSC::VM&, JSC::JSGlobalObject*) /root/WebKit/Source/JavaScriptCore/runtime/ArrayPrototype.cpp:136:5 (jsc+0x1313943)
    #28 JSC::ArrayPrototype::create(JSC::VM&, JSC::JSGlobalObject*, JSC::Structure*) /root/WebKit/Source/JavaScriptCore/runtime/ArrayPrototype.cpp:88:16 (jsc+0x1311e5f)
    #29 JSC::JSGlobalObject::init(JSC::VM&) /root/WebKit/Source/JavaScriptCore/runtime/JSGlobalObject.cpp:1754:36 (jsc+0x15a7ed0)
    #30 JSC::JSGlobalObject::finishCreation(JSC::VM&) /root/WebKit/Source/JavaScriptCore/runtime/JSGlobalObject.cpp:4439:5 (jsc+0x15cd3bb)
    #31 GlobalObject::finishCreation(JSC::VM&, WTF::Vector<WTF::String, 0ul, WTF::CrashOnOverflow, 16ul, WTF::FastMalloc> const&) /root/WebKit/Source/JavaScriptCore/jsc.cpp:640:15 (jsc+0x1e91ba)
    #32 GlobalObject::create(JSC::VM&, JSC::Structure*, WTF::Vector<WTF::String, 0ul, WTF::CrashOnOverflow, 16ul, WTF::FastMalloc> const&) /root/WebKit/Source/JavaScriptCore/jsc.cpp:566:17 (jsc+0x1ca09f)
    #33 int runJSC<jscmain(int, char**)::$_0>(CommandLine const&, bool, jscmain(int, char**)::$_0 const&) /root/WebKit/Source/JavaScriptCore/jsc.cpp:4464:28 (jsc+0x1ca09f)
    #34 jscmain(int, char**) /root/WebKit/Source/JavaScriptCore/jsc.cpp:4679:18 (jsc+0x1ca09f)
    #35 main /root/WebKit/Source/JavaScriptCore/jsc.cpp:3715:15 (jsc+0x1c97e3)

  Thread T15 ' SharedHeapTest' (tid=2643702, running) created by main thread at:
    #0 pthread_create /home/runner/work/llvm-project/llvm-project/compiler-rt/lib/tsan/rtl/tsan_interceptors_posix.cpp:1090:3 (jsc+0x13ff1a)
    #1 WTF::Thread::establishHandle(WTF::Thread::NewThreadContext&, WTF::StackAllocationSpecification, WTF::ThreadQOS, WTF::ThreadSchedulingPolicy) /root/WebKit/Source/WTF/wtf/posix/ThreadingPOSIX.cpp:354:17 (jsc+0x260a305)
    #2 WTF::Thread::create(WTF::ASCIILiteral, WTF::Function<void ()>&&, WTF::ThreadType, WTF::ThreadQOS, WTF::ThreadSchedulingPolicy, WTF::StackAllocationSpecification) /root/WebKit/Source/WTF/wtf/Threading.cpp:330:32 (jsc+0x25b0783)
    #3 void JSC::(anonymous namespace)::runStandaloneClientThreads<JSC::SharedHeapTestHarness::runStealRaceScenario(JSC::Heap&, unsigned int, unsigned int)::$_0>(JSC::Heap&, unsigned int, JSC::SharedHeapTestHarness::runStealRaceScenario(JSC::Heap&, unsigned int, unsigned int)::$_0 const&) /root/WebKit/Source/JavaScriptCore/heap/SharedHeapTestHarness.cpp:492:24 (jsc+0xe59a16)
    #4 JSC::SharedHeapTestHarness::runStealRaceScenario(JSC::Heap&, unsigned int, unsigned int) /root/WebKit/Source/JavaScriptCore/heap/SharedHeapTestHarness.cpp:698:5 (jsc+0xe59a16)
    #5 JSC::SharedHeapTestHarness::run(JSC::Heap&, WTF::String const&, unsigned int, unsigned int) /root/WebKit/Source/JavaScriptCore/heap/SharedHeapTestHarness.cpp:1232:20 (jsc+0xe5e232)
    #6 JSC::functionSharedHeapTest(JSC::JSGlobalObject*, JSC::CallFrame*) /root/WebKit/Source/JavaScriptCore/tools/JSDollarVM.cpp:2681:38 (jsc+0x1a1f489)
    #7 <null> <null> (0x7f7aa1fff157)
    #8 JSC::evaluate(JSC::JSGlobalObject*, JSC::SourceCode const&, JSC::JSValue, WTF::NakedPtr<JSC::Exception>&) /root/WebKit/Source/JavaScriptCore/runtime/Completion.cpp:145:37 (jsc+0x13c1033)
    #9 runWithOptions(GlobalObject*, CommandLine&, bool&) /root/WebKit/Source/JavaScriptCore/jsc.cpp:3957:35 (jsc+0x1cafa5)
    #10 jscmain(int, char**)::$_0::operator()(JSC::VM&, GlobalObject*, bool&) const /root/WebKit/Source/JavaScriptCore/jsc.cpp:4686:13 (jsc+0x1cafa5)
    #11 int runJSC<jscmain(int, char**)::$_0>(CommandLine const&, bool, jscmain(int, char**)::$_0 const&) /root/WebKit/Source/JavaScriptCore/jsc.cpp:4472:13 (jsc+0x1cafa5)
    #12 jscmain(int, char**) /root/WebKit/Source/JavaScriptCore/jsc.cpp:4679:18 (jsc+0x1cafa5)
    #13 main /root/WebKit/Source/JavaScriptCore/jsc.cpp:3715:15 (jsc+0x1c97e3)

  Thread T13 ' SharedHeapTest' (tid=2643700, running) created by main thread at:
    #0 pthread_create /home/runner/work/llvm-project/llvm-project/compiler-rt/lib/tsan/rtl/tsan_interceptors_posix.cpp:1090:3 (jsc+0x13ff1a)
    #1 WTF::Thread::establishHandle(WTF::Thread::NewThreadContext&, WTF::StackAllocationSpecification, WTF::ThreadQOS, WTF::ThreadSchedulingPolicy) /root/WebKit/Source/WTF/wtf/posix/ThreadingPOSIX.cpp:354:17 (jsc+0x260a305)
    #2 WTF::Thread::create(WTF::ASCIILiteral, WTF::Function<void ()>&&, WTF::ThreadType, WTF::ThreadQOS, WTF::ThreadSchedulingPolicy, WTF::StackAllocationSpecification) /root/WebKit/Source/WTF/wtf/Threading.cpp:330:32 (jsc+0x25b0783)
    #3 void JSC::(anonymous namespace)::runStandaloneClientThreads<JSC::SharedHeapTestHarness::runStealRaceScenario(JSC::Heap&, unsigned int, unsigned int)::$_0>(JSC::Heap&, unsigned int, JSC::SharedHeapTestHarness::runStealRaceScenario(JSC::Heap&, unsigned int, unsigned int)::$_0 const&) /root/WebKit/Source/JavaScriptCore/heap/SharedHeapTestHarness.cpp:492:24 (jsc+0xe59a16)
    #4 JSC::SharedHeapTestHarness::runStealRaceScenario(JSC::Heap&, unsigned int, unsigned int) /root/WebKit/Source/JavaScriptCore/heap/SharedHeapTestHarness.cpp:698:5 (jsc+0xe59a16)
    #5 JSC::SharedHeapTestHarness::run(JSC::Heap&, WTF::String const&, unsigned int, unsigned int) /root/WebKit/Source/JavaScriptCore/heap/SharedHeapTestHarness.cpp:1232:20 (jsc+0xe5e232)
    #6 JSC::functionSharedHeapTest(JSC::JSGlobalObject*, JSC::CallFrame*) /root/WebKit/Source/JavaScriptCore/tools/JSDollarVM.cpp:2681:38 (jsc+0x1a1f489)
    #7 <null> <null> (0x7f7aa1fff157)
    #8 JSC::evaluate(JSC::JSGlobalObject*, JSC::SourceCode const&, JSC::JSValue, WTF::NakedPtr<JSC::Exception>&) /root/WebKit/Source/JavaScriptCore/runtime/Completion.cpp:145:37 (jsc+0x13c1033)
    #9 runWithOptions(GlobalObject*, CommandLine&, bool&) /root/WebKit/Source/JavaScriptCore/jsc.cpp:3957:35 (jsc+0x1cafa5)
    #10 jscmain(int, char**)::$_0::operator()(JSC::VM&, GlobalObject*, bool&) const /root/WebKit/Source/JavaScriptCore/jsc.cpp:4686:13 (jsc+0x1cafa5)
    #11 int runJSC<jscmain(int, char**)::$_0>(CommandLine const&, bool, jscmain(int, char**)::$_0 const&) /root/WebKit/Source/JavaScriptCore/jsc.cpp:4472:13 (jsc+0x1cafa5)
    #12 jscmain(int, char**) /root/WebKit/Source/JavaScriptCore/jsc.cpp:4679:18 (jsc+0x1cafa5)
    #13 main /root/WebKit/Source/JavaScriptCore/jsc.cpp:3715:15 (jsc+0x1c97e3)

SUMMARY: ThreadSanitizer: data race /root/WebKit/WebKitBuild/TSan/JavaScriptCore/PrivateHeaders/JavaScriptCore/BlockDirectoryBits.h:98:20 in JSC::BlockDirectoryBits::BlockDirectoryBitVectorWordView<(JSC::BlockDirectoryBits::Kind)2>::word(unsigned long) const
==================
==================
WARNING: ThreadSanitizer: data race (pid=2641810)
  Read of size 4 at 0x7214000006c0 by thread T13:
    #0 JSC::BlockDirectoryBits::BlockDirectoryBitVectorWordView<(JSC::BlockDirectoryBits::Kind)2>::word(unsigned long) const /root/WebKit/WebKitBuild/TSan/JavaScriptCore/PrivateHeaders/JavaScriptCore/BlockDirectoryBits.h:98:20 (jsc+0xe440ca)
    #1 WTF::FastBitVectorImpl<JSC::BlockDirectoryBits::BlockDirectoryBitVectorWordView<(JSC::BlockDirectoryBits::Kind)2>>::atImpl(unsigned long) const /root/WebKit/WebKitBuild/TSan/WTF/Headers/wtf/FastBitVector.h:414:27 (jsc+0xe440ca)
    #2 WTF::FastBitVectorImpl<JSC::BlockDirectoryBits::BlockDirectoryBitVectorWordView<(JSC::BlockDirectoryBits::Kind)2>>::operator[](unsigned long) const /root/WebKit/WebKitBuild/TSan/WTF/Headers/wtf/FastBitVector.h:285:16 (jsc+0xe440ca)
    #3 JSC::BlockDirectoryBits::isAllocated(unsigned long) const /root/WebKit/WebKitBuild/TSan/JavaScriptCore/PrivateHeaders/JavaScriptCore/BlockDirectoryBits.h:185:5 (jsc+0xe440ca)
    #4 JSC::BlockDirectory::isAllocated(unsigned long) const /root/WebKit/Source/JavaScriptCore/heap/BlockDirectory.h:117:5 (jsc+0xe440ca)
    #5 JSC::BlockDirectory::isAllocated(JSC::MarkedBlock::Handle*) const /root/WebKit/Source/JavaScriptCore/heap/BlockDirectory.h:117:5 (jsc+0xe440ca)
    #6 JSC::MarkedBlock::Handle::isAllocated() /root/WebKit/WebKitBuild/TSan/JavaScriptCore/PrivateHeaders/JavaScriptCore/MarkedBlockInlines.h:104:25 (jsc+0xe440ca)
    #7 JSC::MarkedBlock::Handle::sweep(JSC::FreeList*) /root/WebKit/Source/JavaScriptCore/heap/MarkedBlock.cpp:615:9 (jsc+0xe440ca)
    #8 JSC::LocalAllocator::tryAllocateIn(JSC::MarkedBlock::Handle*, unsigned long) /root/WebKit/Source/JavaScriptCore/heap/LocalAllocator.cpp:346:12 (jsc+0xe43b46)
    #9 JSC::LocalAllocator::allocateIn(JSC::MarkedBlock::Handle*, unsigned long) /root/WebKit/Source/JavaScriptCore/heap/LocalAllocator.cpp:311:20 (jsc+0xe4374d)
    #10 JSC::LocalAllocator::tryAllocateWithoutCollecting(unsigned long) /root/WebKit/Source/JavaScriptCore/heap/LocalAllocator.cpp:302:20 (jsc+0xe4374d)
    #11 JSC::LocalAllocator::allocateSlowCase(JSC::Heap&, unsigned long, JSC::GCDeferralContext*, JSC::AllocationFailureMode) /root/WebKit/Source/JavaScriptCore/heap/LocalAllocator.cpp:206:20 (jsc+0xe430ac)
    #12 JSC::LocalAllocator::allocate(JSC::Heap&, unsigned long, JSC::GCDeferralContext*, JSC::AllocationFailureMode)::'lambda'()::operator()() const /root/WebKit/WebKitBuild/TSan/JavaScriptCore/PrivateHeaders/JavaScriptCore/LocalAllocatorInlines.h:53:43 (jsc+0x1d133e)
    #13 JSC::HeapCell* JSC::FreeList::allocateWithCellSize<JSC::LocalAllocator::allocate(JSC::Heap&, unsigned long, JSC::GCDeferralContext*, JSC::AllocationFailureMode)::'lambda'()>(JSC::LocalAllocator::allocate(JSC::Heap&, unsigned long, JSC::GCDeferralContext*, JSC::AllocationFailureMode)::'lambda'() const&, unsigned long) /root/WebKit/Source/JavaScriptCore/heap/FreeListInlines.h:46:16 (jsc+0xe62276)
    #14 JSC::LocalAllocator::allocate(JSC::Heap&, unsigned long, JSC::GCDeferralContext*, JSC::AllocationFailureMode) /root/WebKit/Source/JavaScriptCore/heap/LocalAllocatorInlines.h:50:23 (jsc+0xe62276)
    #15 JSC::Allocator::allocate(JSC::Heap&, unsigned long, JSC::GCDeferralContext*, JSC::AllocationFailureMode) const /root/WebKit/Source/JavaScriptCore/heap/AllocatorInlines.h:35:30 (jsc+0xe62276)
    #16 JSC::CompleteSubspace::allocateForClient(JSC::GCClient::Heap&, unsigned long, JSC::GCDeferralContext*, JSC::AllocationFailureMode) /root/WebKit/Source/JavaScriptCore/heap/CompleteSubspaceInlines.h:62:30 (jsc+0xe62276)
    #17 JSC::(anonymous namespace)::allocateScratch(JSC::Heap&, JSC::GCClient::Heap&, unsigned long) /root/WebKit/Source/JavaScriptCore/heap/SharedHeapTestHarness.cpp:243:34 (jsc+0xe62276)
    #18 JSC::SharedHeapTestHarness::runStealRaceScenario(JSC::Heap&, unsigned int, unsigned int)::$_0::operator()(JSC::GCClient::Heap&, unsigned int) const /root/WebKit/Source/JavaScriptCore/heap/SharedHeapTestHarness.cpp:706:30 (jsc+0xe636e8)
    #19 void JSC::(anonymous namespace)::runStandaloneClientThreads<JSC::SharedHeapTestHarness::runStealRaceScenario(JSC::Heap&, unsigned int, unsigned int)::$_0>(JSC::Heap&, unsigned int, JSC::SharedHeapTestHarness::runStealRaceScenario(JSC::Heap&, unsigned int, unsigned int)::$_0 const&)::'lambda'()::operator()() const /root/WebKit/Source/JavaScriptCore/heap/SharedHeapTestHarness.cpp:496:13 (jsc+0xe636e8)
    #20 WTF::Detail::CallableWrapper<void JSC::(anonymous namespace)::runStandaloneClientThreads<JSC::SharedHeapTestHarness::runStealRaceScenario(JSC::Heap&, unsigned int, unsigned int)::$_0>(JSC::Heap&, unsigned int, JSC::SharedHeapTestHarness::runStealRaceScenario(JSC::Heap&, unsigned int, unsigned int)::$_0 const&)::'lambda'(), void>::call() /root/WebKit/WebKitBuild/TSan/WTF/Headers/wtf/Function.h:59:39 (jsc+0xe636e8)
    #21 WTF::Function<void ()>::operator()() const /root/WebKit/Source/WTF/wtf/Function.h:103:35 (jsc+0x25b0445)
    #22 WTF::Thread::entryPoint(WTF::Thread::NewThreadContext*) /root/WebKit/Source/WTF/wtf/Threading.cpp:312:5 (jsc+0x25b0445)
    #23 WTF::wtfThreadEntryPoint(void*) /root/WebKit/Source/WTF/wtf/posix/ThreadingPOSIX.cpp:264:5 (jsc+0x260a419)

  Previous write of size 4 at 0x7214000006c0 by thread T12:
    #0 WTF::FastBitReference::operator=(bool) /root/WebKit/WebKitBuild/TSan/WTF/Headers/wtf/FastBitVector.h (jsc+0xe43983)
    #1 JSC::BlockDirectoryBits::setIsAllocated(unsigned long, bool) /root/WebKit/WebKitBuild/TSan/JavaScriptCore/PrivateHeaders/JavaScriptCore/BlockDirectoryBits.h:185:5 (jsc+0xe43983)
    #2 JSC::BlockDirectory::setIsAllocated(unsigned long, bool) /root/WebKit/Source/JavaScriptCore/heap/BlockDirectory.h:117:5 (jsc+0xe43983)
    #3 JSC::BlockDirectory::setIsAllocated(JSC::MarkedBlock::Handle*, bool) /root/WebKit/Source/JavaScriptCore/heap/BlockDirectory.h:117:5 (jsc+0xe43983)
    #4 JSC::MarkedBlock::Handle::didConsumeFreeList() /root/WebKit/Source/JavaScriptCore/heap/MarkedBlock.cpp:469:18 (jsc+0xe43983)
    #5 JSC::LocalAllocator::didConsumeFreeList() /root/WebKit/Source/JavaScriptCore/heap/LocalAllocator.cpp:235:25 (jsc+0xe42fe2)
    #6 JSC::LocalAllocator::allocateSlowCase(JSC::Heap&, unsigned long, JSC::GCDeferralContext*, JSC::AllocationFailureMode) /root/WebKit/Source/JavaScriptCore/heap/LocalAllocator.cpp:172:5 (jsc+0xe42fe2)
    #7 JSC::LocalAllocator::allocate(JSC::Heap&, unsigned long, JSC::GCDeferralContext*, JSC::AllocationFailureMode)::'lambda'()::operator()() const /root/WebKit/WebKitBuild/TSan/JavaScriptCore/PrivateHeaders/JavaScriptCore/LocalAllocatorInlines.h:53:43 (jsc+0x1d133e)
    #8 JSC::HeapCell* JSC::FreeList::allocateWithCellSize<JSC::LocalAllocator::allocate(JSC::Heap&, unsigned long, JSC::GCDeferralContext*, JSC::AllocationFailureMode)::'lambda'()>(JSC::LocalAllocator::allocate(JSC::Heap&, unsigned long, JSC::GCDeferralContext*, JSC::AllocationFailureMode)::'lambda'() const&, unsigned long) /root/WebKit/Source/JavaScriptCore/heap/FreeListInlines.h:46:16 (jsc+0xe62276)
    #9 JSC::LocalAllocator::allocate(JSC::Heap&, unsigned long, JSC::GCDeferralContext*, JSC::AllocationFailureMode) /root/WebKit/Source/JavaScriptCore/heap/LocalAllocatorInlines.h:50:23 (jsc+0xe62276)
    #10 JSC::Allocator::allocate(JSC::Heap&, unsigned long, JSC::GCDeferralContext*, JSC::AllocationFailureMode) const /root/WebKit/Source/JavaScriptCore/heap/AllocatorInlines.h:35:30 (jsc+0xe62276)
    #11 JSC::CompleteSubspace::allocateForClient(JSC::GCClient::Heap&, unsigned long, JSC::GCDeferralContext*, JSC::AllocationFailureMode) /root/WebKit/Source/JavaScriptCore/heap/CompleteSubspaceInlines.h:62:30 (jsc+0xe62276)
    #12 JSC::(anonymous namespace)::allocateScratch(JSC::Heap&, JSC::GCClient::Heap&, unsigned long) /root/WebKit/Source/JavaScriptCore/heap/SharedHeapTestHarness.cpp:243:34 (jsc+0xe62276)
    #13 JSC::SharedHeapTestHarness::runStealRaceScenario(JSC::Heap&, unsigned int, unsigned int)::$_0::operator()(JSC::GCClient::Heap&, unsigned int) const /root/WebKit/Source/JavaScriptCore/heap/SharedHeapTestHarness.cpp:706:30 (jsc+0xe636e8)
    #14 void JSC::(anonymous namespace)::runStandaloneClientThreads<JSC::SharedHeapTestHarness::runStealRaceScenario(JSC::Heap&, unsigned int, unsigned int)::$_0>(JSC::Heap&, unsigned int, JSC::SharedHeapTestHarness::runStealRaceScenario(JSC::Heap&, unsigned int, unsigned int)::$_0 const&)::'lambda'()::operator()() const /root/WebKit/Source/JavaScriptCore/heap/SharedHeapTestHarness.cpp:496:13 (jsc+0xe636e8)
    #15 WTF::Detail::CallableWrapper<void JSC::(anonymous namespace)::runStandaloneClientThreads<JSC::SharedHeapTestHarness::runStealRaceScenario(JSC::Heap&, unsigned int, unsigned int)::$_0>(JSC::Heap&, unsigned int, JSC::SharedHeapTestHarness::runStealRaceScenario(JSC::Heap&, unsigned int, unsigned int)::$_0 const&)::'lambda'(), void>::call() /root/WebKit/WebKitBuild/TSan/WTF/Headers/wtf/Function.h:59:39 (jsc+0xe636e8)
    #16 WTF::Function<void ()>::operator()() const /root/WebKit/Source/WTF/wtf/Function.h:103:35 (jsc+0x25b0445)
    #17 WTF::Thread::entryPoint(WTF::Thread::NewThreadContext*) /root/WebKit/Source/WTF/wtf/Threading.cpp:312:5 (jsc+0x25b0445)
    #18 WTF::wtfThreadEntryPoint(void*) /root/WebKit/Source/WTF/wtf/posix/ThreadingPOSIX.cpp:264:5 (jsc+0x260a419)

  Location is heap block of size 80 at 0x721400000690 allocated by main thread:
    #0 malloc /home/runner/work/llvm-project/llvm-project/compiler-rt/lib/tsan/rtl/tsan_interceptors_posix.cpp:682:5 (jsc+0x13dc20)
    #1 bmalloc::api::malloc(unsigned long, bmalloc::CompactAllocationMode, bmalloc::HeapKind) /root/WebKit/WebKitBuild/TSan/bmalloc/Headers/bmalloc/bmalloc.h:96:20 (jsc+0x2593689)
    #2 WTF::fastMalloc(unsigned long) /root/WebKit/Source/WTF/wtf/FastMalloc.cpp:337:20 (jsc+0x2593689)
    #3 WTF::FastMalloc::malloc(unsigned long) /root/WebKit/WebKitBuild/TSan/WTF/Headers/wtf/FastMalloc.h:235:47 (jsc+0xdb7688)
    #4 bool WTF::VectorBufferBase<JSC::BlockDirectoryBits::Segment, WTF::FastMalloc>::allocateBuffer<(WTF::FailureAction)0>(unsigned long) /root/WebKit/WebKitBuild/TSan/WTF/Headers/wtf/Vector.h:235:41 (jsc+0xdb7688)
    #5 bool WTF::Vector<JSC::BlockDirectoryBits::Segment, 0ul, WTF::CrashOnOverflow, 2ul, WTF::FastMalloc>::reserveCapacity<(WTF::FailureAction)0>(unsigned long) /root/WebKit/WebKitBuild/TSan/WTF/Headers/wtf/Vector.h:1412:35 (jsc+0xdb7688)
    #6 bool WTF::Vector<JSC::BlockDirectoryBits::Segment, 0ul, WTF::CrashOnOverflow, 2ul, WTF::FastMalloc>::expandCapacity<(WTF::FailureAction)0>(unsigned long) /root/WebKit/WebKitBuild/TSan/WTF/Headers/wtf/Vector.h:1262:12 (jsc+0xdb7688)
    #7 WTF::Vector<JSC::BlockDirectoryBits::Segment, 0ul, WTF::CrashOnOverflow, 2ul, WTF::FastMalloc>::resize(unsigned long) /root/WebKit/WebKitBuild/TSan/WTF/Headers/wtf/Vector.h:1311:13 (jsc+0xdb3353)
    #8 JSC::BlockDirectoryBits::resize(unsigned int) /root/WebKit/WebKitBuild/TSan/JavaScriptCore/PrivateHeaders/JavaScriptCore/BlockDirectoryBits.h:194:20 (jsc+0xdb3353)
    #9 JSC::BlockDirectory::addBlock(JSC::MarkedBlock::Handle*) /root/WebKit/Source/JavaScriptCore/heap/BlockDirectory.cpp:187:20 (jsc+0xdb31bd)
    #10 JSC::LocalAllocator::allocateSlowCase(JSC::Heap&, unsigned long, JSC::GCDeferralContext*, JSC::AllocationFailureMode) /root/WebKit/Source/JavaScriptCore/heap/LocalAllocator.cpp:226:18 (jsc+0xe4327f)
    #11 JSC::LocalAllocator::allocate(JSC::Heap&, unsigned long, JSC::GCDeferralContext*, JSC::AllocationFailureMode)::'lambda'()::operator()() const /root/WebKit/WebKitBuild/TSan/JavaScriptCore/PrivateHeaders/JavaScriptCore/LocalAllocatorInlines.h:53:43 (jsc+0x1d133e)
    #12 JSC::HeapCell* JSC::FreeList::allocateWithCellSize<JSC::LocalAllocator::allocate(JSC::Heap&, unsigned long, JSC::GCDeferralContext*, JSC::AllocationFailureMode)::'lambda'()>(JSC::LocalAllocator::allocate(JSC::Heap&, unsigned long, JSC::GCDeferralContext*, JSC::AllocationFailureMode)::'lambda'() const&, unsigned long) /root/WebKit/WebKitBuild/TSan/JavaScriptCore/PrivateHeaders/JavaScriptCore/FreeListInlines.h:46:16 (jsc+0x1d7d05)
    #13 JSC::LocalAllocator::allocate(JSC::Heap&, unsigned long, JSC::GCDeferralContext*, JSC::AllocationFailureMode) /root/WebKit/WebKitBuild/TSan/JavaScriptCore/PrivateHeaders/JavaScriptCore/LocalAllocatorInlines.h:50:23 (jsc+0x1d7d05)
    #14 JSC::Allocator::allocate(JSC::Heap&, unsigned long, JSC::GCDeferralContext*, JSC::AllocationFailureMode) const /root/WebKit/WebKitBuild/TSan/JavaScriptCore/PrivateHeaders/JavaScriptCore/AllocatorInlines.h:35:30 (jsc+0x1d7d05)
    #15 JSC::CompleteSubspace::allocateForClient(JSC::GCClient::Heap&, unsigned long, JSC::GCDeferralContext*, JSC::AllocationFailureMode) /root/WebKit/WebKitBuild/TSan/JavaScriptCore/PrivateHeaders/JavaScriptCore/CompleteSubspaceInlines.h:62:30 (jsc+0x1d7d05)
    #16 JSC::CompleteSubspace::allocate(JSC::VM&, unsigned long, JSC::GCDeferralContext*, JSC::AllocationFailureMode) /root/WebKit/WebKitBuild/TSan/JavaScriptCore/PrivateHeaders/JavaScriptCore/CompleteSubspaceInlines.h:46:16 (jsc+0x1d7a40)
    #17 JSC::Butterfly::createUninitialized(JSC::VM&, JSC::JSObject*, unsigned long, unsigned long, bool, unsigned long) /root/WebKit/Source/JavaScriptCore/runtime/ButterflyInlines.h:89:38 (jsc+0x16bc6c0)
    #18 JSC::Butterfly::createOrGrowPropertyStorage(JSC::Butterfly*, JSC::VM&, JSC::JSObject*, JSC::Structure*, unsigned long, unsigned long) /root/WebKit/Source/JavaScriptCore/runtime/ButterflyInlines.h:151:25 (jsc+0x16bc6c0)
    #19 JSC::JSObject::allocateMoreOutOfLineStorage(JSC::VM&, unsigned long, unsigned long) /root/WebKit/Source/JavaScriptCore/runtime/JSObject.cpp:6635:12 (jsc+0x16bc522)
    #20 JSC::JSObject::growOutOfLineStorageForConcurrentLockedAdd(JSC::VM&, JSC::StructureID, JSC::Structure*, int, unsigned int, unsigned int) /root/WebKit/Source/JavaScriptCore/runtime/JSObjectInlines.h:313:31 (jsc+0x1df1a6)
    #21 JSC::JSObject::putDirectWithoutTransitionConcurrent(JSC::VM&, JSC::PropertyName, JSC::JSValue, unsigned int)::'lambda'(JSC::GCSafeConcurrentJSLocker const&, int, int)::operator()(JSC::GCSafeConcurrentJSLocker const&, int, int) const /root/WebKit/Source/JavaScriptCore/runtime/JSObjectInlines.h:728:37 (jsc+0x24a984)
    #22 int JSC::Structure::add<(JSC::Structure::ShouldPin)1, JSC::JSObject::putDirectWithoutTransitionConcurrent(JSC::VM&, JSC::PropertyName, JSC::JSValue, unsigned int)::'lambda'(JSC::GCSafeConcurrentJSLocker const&, int, int)>(JSC::VM&, JSC::PropertyName, unsigned int, JSC::JSObject::putDirectWithoutTransitionConcurrent(JSC::VM&, JSC::PropertyName, JSC::JSValue, unsigned int)::'lambda'(JSC::GCSafeConcurrentJSLocker const&, int, int) const&) /root/WebKit/Source/JavaScriptCore/runtime/StructureInlines.h:326:5 (jsc+0x24a388)
    #23 int JSC::Structure::addPropertyWithoutTransition<JSC::JSObject::putDirectWithoutTransitionConcurrent(JSC::VM&, JSC::PropertyName, JSC::JSValue, unsigned int)::'lambda'(JSC::GCSafeConcurrentJSLocker const&, int, int)>(JSC::VM&, JSC::PropertyName, unsigned int, JSC::JSObject::putDirectWithoutTransitionConcurrent(JSC::VM&, JSC::PropertyName, JSC::JSValue, unsigned int)::'lambda'(JSC::GCSafeConcurrentJSLocker const&, int, int) const&) /root/WebKit/Source/JavaScriptCore/runtime/StructureInlines.h:430:12 (jsc+0x249b00)
    #24 JSC::JSObject::putDirectWithoutTransitionConcurrent(JSC::VM&, JSC::PropertyName, JSC::JSValue, unsigned int) /root/WebKit/Source/JavaScriptCore/runtime/JSObjectInlines.h:723:36 (jsc+0x249b00)
    #25 JSC::JSObject::putDirectWithoutTransition(JSC::VM&, JSC::PropertyName, JSC::JSValue, unsigned int) /root/WebKit/Source/JavaScriptCore/runtime/JSObjectInlines.h:616:9 (jsc+0x2495bc)
    #26 JSC::JSObject::putDirectBuiltinFunctionWithoutTransition(JSC::VM&, JSC::JSGlobalObject*, JSC::PropertyName const&, JSC::FunctionExecutable*, unsigned int) /root/WebKit/Source/JavaScriptCore/runtime/JSObject.cpp:6304:5 (jsc+0x16bad9a)
    #27 JSC::ArrayPrototype::finishCreation(JSC::VM&, JSC::JSGlobalObject*) /root/WebKit/Source/JavaScriptCore/runtime/ArrayPrototype.cpp:136:5 (jsc+0x1313943)
    #28 JSC::ArrayPrototype::create(JSC::VM&, JSC::JSGlobalObject*, JSC::Structure*) /root/WebKit/Source/JavaScriptCore/runtime/ArrayPrototype.cpp:88:16 (jsc+0x1311e5f)
    #29 JSC::JSGlobalObject::init(JSC::VM&) /root/WebKit/Source/JavaScriptCore/runtime/JSGlobalObject.cpp:1754:36 (jsc+0x15a7ed0)
    #30 JSC::JSGlobalObject::finishCreation(JSC::VM&) /root/WebKit/Source/JavaScriptCore/runtime/JSGlobalObject.cpp:4439:5 (jsc+0x15cd3bb)
    #31 GlobalObject::finishCreation(JSC::VM&, WTF::Vector<WTF::String, 0ul, WTF::CrashOnOverflow, 16ul, WTF::FastMalloc> const&) /root/WebKit/Source/JavaScriptCore/jsc.cpp:640:15 (jsc+0x1e91ba)
    #32 GlobalObject::create(JSC::VM&, JSC::Structure*, WTF::Vector<WTF::String, 0ul, WTF::CrashOnOverflow, 16ul, WTF::FastMalloc> const&) /root/WebKit/Source/JavaScriptCore/jsc.cpp:566:17 (jsc+0x1ca09f)
    #33 int runJSC<jscmain(int, char**)::$_0>(CommandLine const&, bool, jscmain(int, char**)::$_0 const&) /root/WebKit/Source/JavaScriptCore/jsc.cpp:4464:28 (jsc+0x1ca09f)
    #34 jscmain(int, char**) /root/WebKit/Source/JavaScriptCore/jsc.cpp:4679:18 (jsc+0x1ca09f)
    #35 main /root/WebKit/Source/JavaScriptCore/jsc.cpp:3715:15 (jsc+0x1c97e3)

  Thread T13 ' SharedHeapTest' (tid=2643700, running) created by main thread at:
    #0 pthread_create /home/runner/work/llvm-project/llvm-project/compiler-rt/lib/tsan/rtl/tsan_interceptors_posix.cpp:1090:3 (jsc+0x13ff1a)
    #1 WTF::Thread::establishHandle(WTF::Thread::NewThreadContext&, WTF::StackAllocationSpecification, WTF::ThreadQOS, WTF::ThreadSchedulingPolicy) /root/WebKit/Source/WTF/wtf/posix/ThreadingPOSIX.cpp:354:17 (jsc+0x260a305)
    #2 WTF::Thread::create(WTF::ASCIILiteral, WTF::Function<void ()>&&, WTF::ThreadType, WTF::ThreadQOS, WTF::ThreadSchedulingPolicy, WTF::StackAllocationSpecification) /root/WebKit/Source/WTF/wtf/Threading.cpp:330:32 (jsc+0x25b0783)
    #3 void JSC::(anonymous namespace)::runStandaloneClientThreads<JSC::SharedHeapTestHarness::runStealRaceScenario(JSC::Heap&, unsigned int, unsigned int)::$_0>(JSC::Heap&, unsigned int, JSC::SharedHeapTestHarness::runStealRaceScenario(JSC::Heap&, unsigned int, unsigned int)::$_0 const&) /root/WebKit/Source/JavaScriptCore/heap/SharedHeapTestHarness.cpp:492:24 (jsc+0xe59a16)
    #4 JSC::SharedHeapTestHarness::runStealRaceScenario(JSC::Heap&, unsigned int, unsigned int) /root/WebKit/Source/JavaScriptCore/heap/SharedHeapTestHarness.cpp:698:5 (jsc+0xe59a16)
    #5 JSC::SharedHeapTestHarness::run(JSC::Heap&, WTF::String const&, unsigned int, unsigned int) /root/WebKit/Source/JavaScriptCore/heap/SharedHeapTestHarness.cpp:1232:20 (jsc+0xe5e232)
    #6 JSC::functionSharedHeapTest(JSC::JSGlobalObject*, JSC::CallFrame*) /root/WebKit/Source/JavaScriptCore/tools/JSDollarVM.cpp:2681:38 (jsc+0x1a1f489)
    #7 <null> <null> (0x7f7aa1fff157)
    #8 JSC::evaluate(JSC::JSGlobalObject*, JSC::SourceCode const&, JSC::JSValue, WTF::NakedPtr<JSC::Exception>&) /root/WebKit/Source/JavaScriptCore/runtime/Completion.cpp:145:37 (jsc+0x13c1033)
    #9 runWithOptions(GlobalObject*, CommandLine&, bool&) /root/WebKit/Source/JavaScriptCore/jsc.cpp:3957:35 (jsc+0x1cafa5)
    #10 jscmain(int, char**)::$_0::operator()(JSC::VM&, GlobalObject*, bool&) const /root/WebKit/Source/JavaScriptCore/jsc.cpp:4686:13 (jsc+0x1cafa5)
    #11 int runJSC<jscmain(int, char**)::$_0>(CommandLine const&, bool, jscmain(int, char**)::$_0 const&) /root/WebKit/Source/JavaScriptCore/jsc.cpp:4472:13 (jsc+0x1cafa5)
    #12 jscmain(int, char**) /root/WebKit/Source/JavaScriptCore/jsc.cpp:4679:18 (jsc+0x1cafa5)
    #13 main /root/WebKit/Source/JavaScriptCore/jsc.cpp:3715:15 (jsc+0x1c97e3)

  Thread T12 ' SharedHeapTest' (tid=2643699, running) created by main thread at:
    #0 pthread_create /home/runner/work/llvm-project/llvm-project/compiler-rt/lib/tsan/rtl/tsan_interceptors_posix.cpp:1090:3 (jsc+0x13ff1a)
    #1 WTF::Thread::establishHandle(WTF::Thread::NewThreadContext&, WTF::StackAllocationSpecification, WTF::ThreadQOS, WTF::ThreadSchedulingPolicy) /root/WebKit/Source/WTF/wtf/posix/ThreadingPOSIX.cpp:354:17 (jsc+0x260a305)
    #2 WTF::Thread::create(WTF::ASCIILiteral, WTF::Function<void ()>&&, WTF::ThreadType, WTF::ThreadQOS, WTF::ThreadSchedulingPolicy, WTF::StackAllocationSpecification) /root/WebKit/Source/WTF/wtf/Threading.cpp:330:32 (jsc+0x25b0783)
    #3 void JSC::(anonymous namespace)::runStandaloneClientThreads<JSC::SharedHeapTestHarness::runStealRaceScenario(JSC::Heap&, unsigned int, unsigned int)::$_0>(JSC::Heap&, unsigned int, JSC::SharedHeapTestHarness::runStealRaceScenario(JSC::Heap&, unsigned int, unsigned int)::$_0 const&) /root/WebKit/Source/JavaScriptCore/heap/SharedHeapTestHarness.cpp:492:24 (jsc+0xe59a16)
    #4 JSC::SharedHeapTestHarness::runStealRaceScenario(JSC::Heap&, unsigned int, unsigned int) /root/WebKit/Source/JavaScriptCore/heap/SharedHeapTestHarness.cpp:698:5 (jsc+0xe59a16)
    #5 JSC::SharedHeapTestHarness::run(JSC::Heap&, WTF::String const&, unsigned int, unsigned int) /root/WebKit/Source/JavaScriptCore/heap/SharedHeapTestHarness.cpp:1232:20 (jsc+0xe5e232)
    #6 JSC::functionSharedHeapTest(JSC::JSGlobalObject*, JSC::CallFrame*) /root/WebKit/Source/JavaScriptCore/tools/JSDollarVM.cpp:2681:38 (jsc+0x1a1f489)
    #7 <null> <null> (0x7f7aa1fff157)
    #8 JSC::evaluate(JSC::JSGlobalObject*, JSC::SourceCode const&, JSC::JSValue, WTF::NakedPtr<JSC::Exception>&) /root/WebKit/Source/JavaScriptCore/runtime/Completion.cpp:145:37 (jsc+0x13c1033)
    #9 runWithOptions(GlobalObject*, CommandLine&, bool&) /root/WebKit/Source/JavaScriptCore/jsc.cpp:3957:35 (jsc+0x1cafa5)
    #10 jscmain(int, char**)::$_0::operator()(JSC::VM&, GlobalObject*, bool&) const /root/WebKit/Source/JavaScriptCore/jsc.cpp:4686:13 (jsc+0x1cafa5)
    #11 int runJSC<jscmain(int, char**)::$_0>(CommandLine const&, bool, jscmain(int, char**)::$_0 const&) /root/WebKit/Source/JavaScriptCore/jsc.cpp:4472:13 (jsc+0x1cafa5)
    #12 jscmain(int, char**) /root/WebKit/Source/JavaScriptCore/jsc.cpp:4679:18 (jsc+0x1cafa5)
    #13 main /root/WebKit/Source/JavaScriptCore/jsc.cpp:3715:15 (jsc+0x1c97e3)

SUMMARY: ThreadSanitizer: data race /root/WebKit/WebKitBuild/TSan/JavaScriptCore/PrivateHeaders/JavaScriptCore/BlockDirectoryBits.h:98:20 in JSC::BlockDirectoryBits::BlockDirectoryBitVectorWordView<(JSC::BlockDirectoryBits::Kind)2>::word(unsigned long) const
==================
PASS
ThreadSanitizer: reported 4 warnings
