JSC: disabling useWasm under GIL-off (wasm glue still reads the raw VM-block exception word; not yet audited for UNGIL §A.1.3 COMPILED-FOR-VM; see AB-17 status block in VMEntryScope.cpp).
==================
WARNING: ThreadSanitizer: data race (pid=2651519)
  Write of size 8 at 0x7fc7a0a45718 by thread T3:
    #0 JSC::Heap::addToRememberedSet(JSC::JSCell const*) /root/WebKit/Source/JavaScriptCore/heap/Heap.cpp:1447:23 (jsc+0xdd1ed5)
    #1 JSC::Heap::writeBarrierSlowPath(JSC::JSCell const*) /root/WebKit/Source/JavaScriptCore/heap/Heap.cpp:3399:5 (jsc+0xdde2f6)
    #2 JSC::Heap::writeBarrier(JSC::JSCell const*) /root/WebKit/Source/JavaScriptCore/heap/HeapInlines.h:135:9 (jsc+0x13b4894)
    #3 slow_path_enter /root/WebKit/Source/JavaScriptCore/runtime/CommonSlowPaths.cpp:1192:28 (jsc+0x13b4894)
    #4 llint_op_enter LowLevelInterpreter.cpp (jsc+0x1e0082b)
    #5 JSC::Interpreter::executeCall(JSC::JSObject*, JSC::CallData const&, JSC::JSValue, JSC::JSCell*, JSC::ArgList const&) /root/WebKit/Source/JavaScriptCore/interpreter/Interpreter.cpp (jsc+0xe89b6d)
    #6 JSC::call(JSC::JSGlobalObject*, JSC::JSValue, JSC::CallData const&, JSC::JSValue, JSC::ArgList const&) /root/WebKit/Source/JavaScriptCore/runtime/CallData.cpp:70:27 (jsc+0x135dec1)
    #7 JSC::call(JSC::JSGlobalObject*, JSC::JSValue, JSC::CallData const&, JSC::JSValue, JSC::ArgList const&, WTF::NakedPtr<JSC::Exception>&) /root/WebKit/Source/JavaScriptCore/runtime/CallData.cpp:77:22 (jsc+0x135dec1)
    #8 JSC::threadMain(JSC::VM&, WTF::Ref<JSC::ThreadState, WTF::RawPtrTraits<JSC::ThreadState>, WTF::DefaultRefDerefTraits<JSC::ThreadState>>) /root/WebKit/Source/JavaScriptCore/runtime/ThreadObject.cpp:241:30 (jsc+0x199f5cc)
    #9 JSC::constructThread(JSC::JSGlobalObject*, JSC::CallFrame*)::$_0::operator()() /root/WebKit/Source/JavaScriptCore/runtime/ThreadObject.cpp:468:9 (jsc+0x199f5cc)
    #10 WTF::Detail::CallableWrapper<JSC::constructThread(JSC::JSGlobalObject*, JSC::CallFrame*)::$_0, void>::call() /root/WebKit/WebKitBuild/TSan/WTF/Headers/wtf/Function.h:59:39 (jsc+0x199f5cc)
    #11 WTF::Function<void ()>::operator()() const /root/WebKit/Source/WTF/wtf/Function.h:103:35 (jsc+0x25b0445)
    #12 WTF::Thread::entryPoint(WTF::Thread::NewThreadContext*) /root/WebKit/Source/WTF/wtf/Threading.cpp:312:5 (jsc+0x25b0445)
    #13 WTF::wtfThreadEntryPoint(void*) /root/WebKit/Source/WTF/wtf/posix/ThreadingPOSIX.cpp:264:5 (jsc+0x260a419)

  Previous write of size 8 at 0x7fc7a0a45718 by main thread:
    #0 JSC::Heap::addToRememberedSet(JSC::JSCell const*) /root/WebKit/Source/JavaScriptCore/heap/Heap.cpp:1447:23 (jsc+0xdd1ed5)
    #1 JSC::Heap::writeBarrierSlowPath(JSC::JSCell const*) /root/WebKit/Source/JavaScriptCore/heap/Heap.cpp:3399:5 (jsc+0xdde2f6)
    #2 JSC::Heap::writeBarrier(JSC::JSCell const*) /root/WebKit/Source/JavaScriptCore/heap/HeapInlines.h:135:9 (jsc+0x13b4894)
    #3 slow_path_enter /root/WebKit/Source/JavaScriptCore/runtime/CommonSlowPaths.cpp:1192:28 (jsc+0x13b4894)
    #4 llint_op_enter LowLevelInterpreter.cpp (jsc+0x1e0082b)
    #5 JSC::evaluate(JSC::JSGlobalObject*, JSC::SourceCode const&, JSC::JSValue, WTF::NakedPtr<JSC::Exception>&) /root/WebKit/Source/JavaScriptCore/runtime/Completion.cpp:145:37 (jsc+0x13c1033)
    #6 runWithOptions(GlobalObject*, CommandLine&, bool&) /root/WebKit/Source/JavaScriptCore/jsc.cpp:3957:35 (jsc+0x1cafa5)
    #7 jscmain(int, char**)::$_0::operator()(JSC::VM&, GlobalObject*, bool&) const /root/WebKit/Source/JavaScriptCore/jsc.cpp:4686:13 (jsc+0x1cafa5)
    #8 int runJSC<jscmain(int, char**)::$_0>(CommandLine const&, bool, jscmain(int, char**)::$_0 const&) /root/WebKit/Source/JavaScriptCore/jsc.cpp:4472:13 (jsc+0x1cafa5)
    #9 jscmain(int, char**) /root/WebKit/Source/JavaScriptCore/jsc.cpp:4679:18 (jsc+0x1cafa5)
    #10 main /root/WebKit/Source/JavaScriptCore/jsc.cpp:3715:15 (jsc+0x1c97e3)

  Location is heap block of size 150856 at 0x7fc7a0a45000 allocated by main thread:
    #0 malloc /home/runner/work/llvm-project/llvm-project/compiler-rt/lib/tsan/rtl/tsan_interceptors_posix.cpp:682:5 (jsc+0x13dc20)
    #1 bmalloc::api::malloc(unsigned long, bmalloc::CompactAllocationMode, bmalloc::HeapKind) /root/WebKit/WebKitBuild/TSan/bmalloc/Headers/bmalloc/bmalloc.h:96:20 (jsc+0x2593689)
    #2 WTF::fastMalloc(unsigned long) /root/WebKit/Source/WTF/wtf/FastMalloc.cpp:337:20 (jsc+0x2593689)
    #3 JSC::VM::operator new(unsigned long) /root/WebKit/Source/JavaScriptCore/runtime/VM.h:253:5 (jsc+0x19bb3b6)
    #4 JSC::VM::create(JSC::HeapType, WTF::RunLoop*) /root/WebKit/Source/JavaScriptCore/runtime/VM.cpp:1234:22 (jsc+0x19bb3b6)
    #5 int runJSC<jscmain(int, char**)::$_0>(CommandLine const&, bool, jscmain(int, char**)::$_0 const&) /root/WebKit/Source/JavaScriptCore/jsc.cpp:4438:14 (jsc+0x1c9d6d)
    #6 jscmain(int, char**) /root/WebKit/Source/JavaScriptCore/jsc.cpp:4679:18 (jsc+0x1c9d6d)
    #7 main /root/WebKit/Source/JavaScriptCore/jsc.cpp:3715:15 (jsc+0x1c97e3)

  Thread T3 'JS Thread' (tid=2651530, running) created by main thread at:
    #0 pthread_create /home/runner/work/llvm-project/llvm-project/compiler-rt/lib/tsan/rtl/tsan_interceptors_posix.cpp:1090:3 (jsc+0x13ff1a)
    #1 WTF::Thread::establishHandle(WTF::Thread::NewThreadContext&, WTF::StackAllocationSpecification, WTF::ThreadQOS, WTF::ThreadSchedulingPolicy) /root/WebKit/Source/WTF/wtf/posix/ThreadingPOSIX.cpp:354:17 (jsc+0x260a305)
    #2 WTF::Thread::create(WTF::ASCIILiteral, WTF::Function<void ()>&&, WTF::ThreadType, WTF::ThreadQOS, WTF::ThreadSchedulingPolicy, WTF::StackAllocationSpecification) /root/WebKit/Source/WTF/wtf/Threading.cpp:330:32 (jsc+0x25b0783)
    #3 JSC::constructThread(JSC::JSGlobalObject*, JSC::CallFrame*) /root/WebKit/Source/JavaScriptCore/runtime/ThreadObject.cpp:467:5 (jsc+0x1997b2f)
    #4 <null> <null> (0x7fc75d7ff217)
    #5 JSC::evaluate(JSC::JSGlobalObject*, JSC::SourceCode const&, JSC::JSValue, WTF::NakedPtr<JSC::Exception>&) /root/WebKit/Source/JavaScriptCore/runtime/Completion.cpp:145:37 (jsc+0x13c1033)
    #6 runWithOptions(GlobalObject*, CommandLine&, bool&) /root/WebKit/Source/JavaScriptCore/jsc.cpp:3957:35 (jsc+0x1cafa5)
    #7 jscmain(int, char**)::$_0::operator()(JSC::VM&, GlobalObject*, bool&) const /root/WebKit/Source/JavaScriptCore/jsc.cpp:4686:13 (jsc+0x1cafa5)
    #8 int runJSC<jscmain(int, char**)::$_0>(CommandLine const&, bool, jscmain(int, char**)::$_0 const&) /root/WebKit/Source/JavaScriptCore/jsc.cpp:4472:13 (jsc+0x1cafa5)
    #9 jscmain(int, char**) /root/WebKit/Source/JavaScriptCore/jsc.cpp:4679:18 (jsc+0x1cafa5)
    #10 main /root/WebKit/Source/JavaScriptCore/jsc.cpp:3715:15 (jsc+0x1c97e3)

SUMMARY: ThreadSanitizer: data race /root/WebKit/Source/JavaScriptCore/heap/Heap.cpp:1447:23 in JSC::Heap::addToRememberedSet(JSC::JSCell const*)
==================
==================
WARNING: ThreadSanitizer: data race (pid=2651519)
  Atomic read of size 8 at 0x723800000f10 by thread T3:
    #0 JSC::JSGlobalObject* JSC::icConcurrentRelaxedLoad<JSC::JSGlobalObject*>(JSC::JSGlobalObject* const&) /root/WebKit/Source/JavaScriptCore/bytecode/PropertyInlineCache.h:166:5 (jsc+0xfa1b41)
    #1 JSC::ICRacyCell<JSC::JSGlobalObject*>::operator JSC::JSGlobalObject*() const /root/WebKit/Source/JavaScriptCore/bytecode/PropertyInlineCache.h:191:47 (jsc+0xfa1b41)
    #2 JSC::PropertyInlineCache::globalObject() const /root/WebKit/Source/JavaScriptCore/bytecode/PropertyInlineCache.h:550:51 (jsc+0xfa1b41)
    #3 operationGetByIdOptimize /root/WebKit/Source/JavaScriptCore/jit/JITOperations.cpp:573:51 (jsc+0xfa1b41)
    #4 <null> <null> (0x7fc75d802184)
    #5 JSC::Interpreter::executeCall(JSC::JSObject*, JSC::CallData const&, JSC::JSValue, JSC::JSCell*, JSC::ArgList const&) /root/WebKit/Source/JavaScriptCore/interpreter/Interpreter.cpp (jsc+0xe89b6d)
    #6 JSC::call(JSC::JSGlobalObject*, JSC::JSValue, JSC::CallData const&, JSC::JSValue, JSC::ArgList const&) /root/WebKit/Source/JavaScriptCore/runtime/CallData.cpp:70:27 (jsc+0x135dec1)
    #7 JSC::call(JSC::JSGlobalObject*, JSC::JSValue, JSC::CallData const&, JSC::JSValue, JSC::ArgList const&, WTF::NakedPtr<JSC::Exception>&) /root/WebKit/Source/JavaScriptCore/runtime/CallData.cpp:77:22 (jsc+0x135dec1)
    #8 JSC::threadMain(JSC::VM&, WTF::Ref<JSC::ThreadState, WTF::RawPtrTraits<JSC::ThreadState>, WTF::DefaultRefDerefTraits<JSC::ThreadState>>) /root/WebKit/Source/JavaScriptCore/runtime/ThreadObject.cpp:241:30 (jsc+0x199f5cc)
    #9 JSC::constructThread(JSC::JSGlobalObject*, JSC::CallFrame*)::$_0::operator()() /root/WebKit/Source/JavaScriptCore/runtime/ThreadObject.cpp:468:9 (jsc+0x199f5cc)
    #10 WTF::Detail::CallableWrapper<JSC::constructThread(JSC::JSGlobalObject*, JSC::CallFrame*)::$_0, void>::call() /root/WebKit/WebKitBuild/TSan/WTF/Headers/wtf/Function.h:59:39 (jsc+0x199f5cc)
    #11 WTF::Function<void ()>::operator()() const /root/WebKit/Source/WTF/wtf/Function.h:103:35 (jsc+0x25b0445)
    #12 WTF::Thread::entryPoint(WTF::Thread::NewThreadContext*) /root/WebKit/Source/WTF/wtf/Threading.cpp:312:5 (jsc+0x25b0445)
    #13 WTF::wtfThreadEntryPoint(void*) /root/WebKit/Source/WTF/wtf/posix/ThreadingPOSIX.cpp:264:5 (jsc+0x260a419)

  Previous write of size 8 at 0x723800000f10 by main thread:
    #0 malloc /home/runner/work/llvm-project/llvm-project/compiler-rt/lib/tsan/rtl/tsan_interceptors_posix.cpp:682:5 (jsc+0x13dc20)
    #1 bmalloc::api::malloc(unsigned long, bmalloc::CompactAllocationMode, bmalloc::HeapKind) /root/WebKit/WebKitBuild/TSan/bmalloc/Headers/bmalloc/bmalloc.h:96:20 (jsc+0x2593689)
    #2 WTF::fastMalloc(unsigned long) /root/WebKit/Source/WTF/wtf/FastMalloc.cpp:337:20 (jsc+0x2593689)
    #3 JSC::DFG::JITData* WTF::ButterflyArray<JSC::DFG::JITData, JSC::HandlerPropertyInlineCache, void*>::createImpl<JSC::DFG::JITCode const&, WTF::FixedVector<JSC::MacroAssemblerCodeRef<(WTF::PtrTag)57886>, WTF::FastMalloc>>(unsigned int, unsigned int, JSC::DFG::JITCode const&, WTF::FixedVector<JSC::MacroAssemblerCodeRef<(WTF::PtrTag)57886>, WTF::FastMalloc>&&) /root/WebKit/WebKitBuild/TSan/WTF/Headers/wtf/ButterflyArray.h:59:51 (jsc+0x8b7da0)
    #4 JSC::DFG::JITData::tryCreate(JSC::VM&, JSC::CodeBlock*, JSC::DFG::JITCode const&, WTF::FixedVector<JSC::MacroAssemblerCodeRef<(WTF::PtrTag)57886>, WTF::FastMalloc>&&) /root/WebKit/Source/JavaScriptCore/dfg/DFGJITCode.h:375:46 (jsc+0x8b7da0)
    #5 JSC::DFG::Plan::tryFinalizeJITData(JSC::DFG::JITCode const&) /root/WebKit/Source/JavaScriptCore/dfg/DFGPlan.cpp:822:12 (jsc+0x8b7da0)
    #6 JSC::DFG::JITFinalizer::finalize() /root/WebKit/Source/JavaScriptCore/dfg/DFGJITFinalizer.cpp:68:24 (jsc+0x6e937b)
    #7 JSC::DFG::Plan::finalize()::$_0::operator()() const /root/WebKit/Source/JavaScriptCore/dfg/DFGPlan.cpp:665:36 (jsc+0x8b6e41)
    #8 JSC::DFG::Plan::finalize() /root/WebKit/Source/JavaScriptCore/dfg/DFGPlan.cpp:654:32 (jsc+0x8b6e41)
    #9 JSC::JITWorklist::completeAllReadyPlansForVM(JSC::VM&, JSC::JITCompilationKey) /root/WebKit/Source/JavaScriptCore/jit/JITWorklist.cpp:314:15 (jsc+0x1043459)
    #10 operationOptimize /root/WebKit/Source/JavaScriptCore/jit/JITOperations.cpp:3158:76 (jsc+0xfbf0d9)
    #11 <null> <null> (0x7fc75d802158)
    #12 JSC::evaluate(JSC::JSGlobalObject*, JSC::SourceCode const&, JSC::JSValue, WTF::NakedPtr<JSC::Exception>&) /root/WebKit/Source/JavaScriptCore/runtime/Completion.cpp:145:37 (jsc+0x13c1033)
    #13 runWithOptions(GlobalObject*, CommandLine&, bool&) /root/WebKit/Source/JavaScriptCore/jsc.cpp:3957:35 (jsc+0x1cafa5)
    #14 jscmain(int, char**)::$_0::operator()(JSC::VM&, GlobalObject*, bool&) const /root/WebKit/Source/JavaScriptCore/jsc.cpp:4686:13 (jsc+0x1cafa5)
    #15 int runJSC<jscmain(int, char**)::$_0>(CommandLine const&, bool, jscmain(int, char**)::$_0 const&) /root/WebKit/Source/JavaScriptCore/jsc.cpp:4472:13 (jsc+0x1cafa5)
    #16 jscmain(int, char**) /root/WebKit/Source/JavaScriptCore/jsc.cpp:4679:18 (jsc+0x1cafa5)
    #17 main /root/WebKit/Source/JavaScriptCore/jsc.cpp:3715:15 (jsc+0x1c97e3)

  Location is heap block of size 224 at 0x723800000ee0 allocated by main thread:
    #0 malloc /home/runner/work/llvm-project/llvm-project/compiler-rt/lib/tsan/rtl/tsan_interceptors_posix.cpp:682:5 (jsc+0x13dc20)
    #1 bmalloc::api::malloc(unsigned long, bmalloc::CompactAllocationMode, bmalloc::HeapKind) /root/WebKit/WebKitBuild/TSan/bmalloc/Headers/bmalloc/bmalloc.h:96:20 (jsc+0x2593689)
    #2 WTF::fastMalloc(unsigned long) /root/WebKit/Source/WTF/wtf/FastMalloc.cpp:337:20 (jsc+0x2593689)
    #3 JSC::DFG::JITData* WTF::ButterflyArray<JSC::DFG::JITData, JSC::HandlerPropertyInlineCache, void*>::createImpl<JSC::DFG::JITCode const&, WTF::FixedVector<JSC::MacroAssemblerCodeRef<(WTF::PtrTag)57886>, WTF::FastMalloc>>(unsigned int, unsigned int, JSC::DFG::JITCode const&, WTF::FixedVector<JSC::MacroAssemblerCodeRef<(WTF::PtrTag)57886>, WTF::FastMalloc>&&) /root/WebKit/WebKitBuild/TSan/WTF/Headers/wtf/ButterflyArray.h:59:51 (jsc+0x8b7da0)
    #4 JSC::DFG::JITData::tryCreate(JSC::VM&, JSC::CodeBlock*, JSC::DFG::JITCode const&, WTF::FixedVector<JSC::MacroAssemblerCodeRef<(WTF::PtrTag)57886>, WTF::FastMalloc>&&) /root/WebKit/Source/JavaScriptCore/dfg/DFGJITCode.h:375:46 (jsc+0x8b7da0)
    #5 JSC::DFG::Plan::tryFinalizeJITData(JSC::DFG::JITCode const&) /root/WebKit/Source/JavaScriptCore/dfg/DFGPlan.cpp:822:12 (jsc+0x8b7da0)
    #6 JSC::DFG::JITFinalizer::finalize() /root/WebKit/Source/JavaScriptCore/dfg/DFGJITFinalizer.cpp:68:24 (jsc+0x6e937b)
    #7 JSC::DFG::Plan::finalize()::$_0::operator()() const /root/WebKit/Source/JavaScriptCore/dfg/DFGPlan.cpp:665:36 (jsc+0x8b6e41)
    #8 JSC::DFG::Plan::finalize() /root/WebKit/Source/JavaScriptCore/dfg/DFGPlan.cpp:654:32 (jsc+0x8b6e41)
    #9 JSC::JITWorklist::completeAllReadyPlansForVM(JSC::VM&, JSC::JITCompilationKey) /root/WebKit/Source/JavaScriptCore/jit/JITWorklist.cpp:314:15 (jsc+0x1043459)
    #10 operationOptimize /root/WebKit/Source/JavaScriptCore/jit/JITOperations.cpp:3158:76 (jsc+0xfbf0d9)
    #11 <null> <null> (0x7fc75d802158)
    #12 JSC::evaluate(JSC::JSGlobalObject*, JSC::SourceCode const&, JSC::JSValue, WTF::NakedPtr<JSC::Exception>&) /root/WebKit/Source/JavaScriptCore/runtime/Completion.cpp:145:37 (jsc+0x13c1033)
    #13 runWithOptions(GlobalObject*, CommandLine&, bool&) /root/WebKit/Source/JavaScriptCore/jsc.cpp:3957:35 (jsc+0x1cafa5)
    #14 jscmain(int, char**)::$_0::operator()(JSC::VM&, GlobalObject*, bool&) const /root/WebKit/Source/JavaScriptCore/jsc.cpp:4686:13 (jsc+0x1cafa5)
    #15 int runJSC<jscmain(int, char**)::$_0>(CommandLine const&, bool, jscmain(int, char**)::$_0 const&) /root/WebKit/Source/JavaScriptCore/jsc.cpp:4472:13 (jsc+0x1cafa5)
    #16 jscmain(int, char**) /root/WebKit/Source/JavaScriptCore/jsc.cpp:4679:18 (jsc+0x1cafa5)
    #17 main /root/WebKit/Source/JavaScriptCore/jsc.cpp:3715:15 (jsc+0x1c97e3)

  Thread T3 'JS Thread' (tid=2651530, running) created by main thread at:
    #0 pthread_create /home/runner/work/llvm-project/llvm-project/compiler-rt/lib/tsan/rtl/tsan_interceptors_posix.cpp:1090:3 (jsc+0x13ff1a)
    #1 WTF::Thread::establishHandle(WTF::Thread::NewThreadContext&, WTF::StackAllocationSpecification, WTF::ThreadQOS, WTF::ThreadSchedulingPolicy) /root/WebKit/Source/WTF/wtf/posix/ThreadingPOSIX.cpp:354:17 (jsc+0x260a305)
    #2 WTF::Thread::create(WTF::ASCIILiteral, WTF::Function<void ()>&&, WTF::ThreadType, WTF::ThreadQOS, WTF::ThreadSchedulingPolicy, WTF::StackAllocationSpecification) /root/WebKit/Source/WTF/wtf/Threading.cpp:330:32 (jsc+0x25b0783)
    #3 JSC::constructThread(JSC::JSGlobalObject*, JSC::CallFrame*) /root/WebKit/Source/JavaScriptCore/runtime/ThreadObject.cpp:467:5 (jsc+0x1997b2f)
    #4 <null> <null> (0x7fc75d7ff217)
    #5 JSC::evaluate(JSC::JSGlobalObject*, JSC::SourceCode const&, JSC::JSValue, WTF::NakedPtr<JSC::Exception>&) /root/WebKit/Source/JavaScriptCore/runtime/Completion.cpp:145:37 (jsc+0x13c1033)
    #6 runWithOptions(GlobalObject*, CommandLine&, bool&) /root/WebKit/Source/JavaScriptCore/jsc.cpp:3957:35 (jsc+0x1cafa5)
    #7 jscmain(int, char**)::$_0::operator()(JSC::VM&, GlobalObject*, bool&) const /root/WebKit/Source/JavaScriptCore/jsc.cpp:4686:13 (jsc+0x1cafa5)
    #8 int runJSC<jscmain(int, char**)::$_0>(CommandLine const&, bool, jscmain(int, char**)::$_0 const&) /root/WebKit/Source/JavaScriptCore/jsc.cpp:4472:13 (jsc+0x1cafa5)
    #9 jscmain(int, char**) /root/WebKit/Source/JavaScriptCore/jsc.cpp:4679:18 (jsc+0x1cafa5)
    #10 main /root/WebKit/Source/JavaScriptCore/jsc.cpp:3715:15 (jsc+0x1c97e3)

SUMMARY: ThreadSanitizer: data race /root/WebKit/Source/JavaScriptCore/bytecode/PropertyInlineCache.h:166:5 in JSC::JSGlobalObject* JSC::icConcurrentRelaxedLoad<JSC::JSGlobalObject*>(JSC::JSGlobalObject* const&)
==================
==================
WARNING: ThreadSanitizer: data race (pid=2651519)
  Read of size 4 at 0x723800000f3c by thread T3:
    #0 JSC::ICSlowPathCallFrameTracer::ICSlowPathCallFrameTracer(JSC::VM&, JSC::CallFrame*, JSC::PropertyInlineCache*) /root/WebKit/Source/JavaScriptCore/jit/JITOperations.cpp:120:33 (jsc+0xfa1bbd)
    #1 operationGetByIdOptimize /root/WebKit/Source/JavaScriptCore/jit/JITOperations.cpp:576:31 (jsc+0xfa1bbd)
    #2 <null> <null> (0x7fc75d802184)
    #3 JSC::Interpreter::executeCall(JSC::JSObject*, JSC::CallData const&, JSC::JSValue, JSC::JSCell*, JSC::ArgList const&) /root/WebKit/Source/JavaScriptCore/interpreter/Interpreter.cpp (jsc+0xe89b6d)
    #4 JSC::call(JSC::JSGlobalObject*, JSC::JSValue, JSC::CallData const&, JSC::JSValue, JSC::ArgList const&) /root/WebKit/Source/JavaScriptCore/runtime/CallData.cpp:70:27 (jsc+0x135dec1)
    #5 JSC::call(JSC::JSGlobalObject*, JSC::JSValue, JSC::CallData const&, JSC::JSValue, JSC::ArgList const&, WTF::NakedPtr<JSC::Exception>&) /root/WebKit/Source/JavaScriptCore/runtime/CallData.cpp:77:22 (jsc+0x135dec1)
    #6 JSC::threadMain(JSC::VM&, WTF::Ref<JSC::ThreadState, WTF::RawPtrTraits<JSC::ThreadState>, WTF::DefaultRefDerefTraits<JSC::ThreadState>>) /root/WebKit/Source/JavaScriptCore/runtime/ThreadObject.cpp:241:30 (jsc+0x199f5cc)
    #7 JSC::constructThread(JSC::JSGlobalObject*, JSC::CallFrame*)::$_0::operator()() /root/WebKit/Source/JavaScriptCore/runtime/ThreadObject.cpp:468:9 (jsc+0x199f5cc)
    #8 WTF::Detail::CallableWrapper<JSC::constructThread(JSC::JSGlobalObject*, JSC::CallFrame*)::$_0, void>::call() /root/WebKit/WebKitBuild/TSan/WTF/Headers/wtf/Function.h:59:39 (jsc+0x199f5cc)
    #9 WTF::Function<void ()>::operator()() const /root/WebKit/Source/WTF/wtf/Function.h:103:35 (jsc+0x25b0445)
    #10 WTF::Thread::entryPoint(WTF::Thread::NewThreadContext*) /root/WebKit/Source/WTF/wtf/Threading.cpp:312:5 (jsc+0x25b0445)
    #11 WTF::wtfThreadEntryPoint(void*) /root/WebKit/Source/WTF/wtf/posix/ThreadingPOSIX.cpp:264:5 (jsc+0x260a419)

  Previous write of size 8 at 0x723800000f38 by main thread:
    #0 malloc /home/runner/work/llvm-project/llvm-project/compiler-rt/lib/tsan/rtl/tsan_interceptors_posix.cpp:682:5 (jsc+0x13dc20)
    #1 bmalloc::api::malloc(unsigned long, bmalloc::CompactAllocationMode, bmalloc::HeapKind) /root/WebKit/WebKitBuild/TSan/bmalloc/Headers/bmalloc/bmalloc.h:96:20 (jsc+0x2593689)
    #2 WTF::fastMalloc(unsigned long) /root/WebKit/Source/WTF/wtf/FastMalloc.cpp:337:20 (jsc+0x2593689)
    #3 JSC::DFG::JITData* WTF::ButterflyArray<JSC::DFG::JITData, JSC::HandlerPropertyInlineCache, void*>::createImpl<JSC::DFG::JITCode const&, WTF::FixedVector<JSC::MacroAssemblerCodeRef<(WTF::PtrTag)57886>, WTF::FastMalloc>>(unsigned int, unsigned int, JSC::DFG::JITCode const&, WTF::FixedVector<JSC::MacroAssemblerCodeRef<(WTF::PtrTag)57886>, WTF::FastMalloc>&&) /root/WebKit/WebKitBuild/TSan/WTF/Headers/wtf/ButterflyArray.h:59:51 (jsc+0x8b7da0)
    #4 JSC::DFG::JITData::tryCreate(JSC::VM&, JSC::CodeBlock*, JSC::DFG::JITCode const&, WTF::FixedVector<JSC::MacroAssemblerCodeRef<(WTF::PtrTag)57886>, WTF::FastMalloc>&&) /root/WebKit/Source/JavaScriptCore/dfg/DFGJITCode.h:375:46 (jsc+0x8b7da0)
    #5 JSC::DFG::Plan::tryFinalizeJITData(JSC::DFG::JITCode const&) /root/WebKit/Source/JavaScriptCore/dfg/DFGPlan.cpp:822:12 (jsc+0x8b7da0)
    #6 JSC::DFG::JITFinalizer::finalize() /root/WebKit/Source/JavaScriptCore/dfg/DFGJITFinalizer.cpp:68:24 (jsc+0x6e937b)
    #7 JSC::DFG::Plan::finalize()::$_0::operator()() const /root/WebKit/Source/JavaScriptCore/dfg/DFGPlan.cpp:665:36 (jsc+0x8b6e41)
    #8 JSC::DFG::Plan::finalize() /root/WebKit/Source/JavaScriptCore/dfg/DFGPlan.cpp:654:32 (jsc+0x8b6e41)
    #9 JSC::JITWorklist::completeAllReadyPlansForVM(JSC::VM&, JSC::JITCompilationKey) /root/WebKit/Source/JavaScriptCore/jit/JITWorklist.cpp:314:15 (jsc+0x1043459)
    #10 operationOptimize /root/WebKit/Source/JavaScriptCore/jit/JITOperations.cpp:3158:76 (jsc+0xfbf0d9)
    #11 <null> <null> (0x7fc75d802158)
    #12 JSC::evaluate(JSC::JSGlobalObject*, JSC::SourceCode const&, JSC::JSValue, WTF::NakedPtr<JSC::Exception>&) /root/WebKit/Source/JavaScriptCore/runtime/Completion.cpp:145:37 (jsc+0x13c1033)
    #13 runWithOptions(GlobalObject*, CommandLine&, bool&) /root/WebKit/Source/JavaScriptCore/jsc.cpp:3957:35 (jsc+0x1cafa5)
    #14 jscmain(int, char**)::$_0::operator()(JSC::VM&, GlobalObject*, bool&) const /root/WebKit/Source/JavaScriptCore/jsc.cpp:4686:13 (jsc+0x1cafa5)
    #15 int runJSC<jscmain(int, char**)::$_0>(CommandLine const&, bool, jscmain(int, char**)::$_0 const&) /root/WebKit/Source/JavaScriptCore/jsc.cpp:4472:13 (jsc+0x1cafa5)
    #16 jscmain(int, char**) /root/WebKit/Source/JavaScriptCore/jsc.cpp:4679:18 (jsc+0x1cafa5)
    #17 main /root/WebKit/Source/JavaScriptCore/jsc.cpp:3715:15 (jsc+0x1c97e3)

  Location is heap block of size 224 at 0x723800000ee0 allocated by main thread:
    #0 malloc /home/runner/work/llvm-project/llvm-project/compiler-rt/lib/tsan/rtl/tsan_interceptors_posix.cpp:682:5 (jsc+0x13dc20)
    #1 bmalloc::api::malloc(unsigned long, bmalloc::CompactAllocationMode, bmalloc::HeapKind) /root/WebKit/WebKitBuild/TSan/bmalloc/Headers/bmalloc/bmalloc.h:96:20 (jsc+0x2593689)
    #2 WTF::fastMalloc(unsigned long) /root/WebKit/Source/WTF/wtf/FastMalloc.cpp:337:20 (jsc+0x2593689)
    #3 JSC::DFG::JITData* WTF::ButterflyArray<JSC::DFG::JITData, JSC::HandlerPropertyInlineCache, void*>::createImpl<JSC::DFG::JITCode const&, WTF::FixedVector<JSC::MacroAssemblerCodeRef<(WTF::PtrTag)57886>, WTF::FastMalloc>>(unsigned int, unsigned int, JSC::DFG::JITCode const&, WTF::FixedVector<JSC::MacroAssemblerCodeRef<(WTF::PtrTag)57886>, WTF::FastMalloc>&&) /root/WebKit/WebKitBuild/TSan/WTF/Headers/wtf/ButterflyArray.h:59:51 (jsc+0x8b7da0)
    #4 JSC::DFG::JITData::tryCreate(JSC::VM&, JSC::CodeBlock*, JSC::DFG::JITCode const&, WTF::FixedVector<JSC::MacroAssemblerCodeRef<(WTF::PtrTag)57886>, WTF::FastMalloc>&&) /root/WebKit/Source/JavaScriptCore/dfg/DFGJITCode.h:375:46 (jsc+0x8b7da0)
    #5 JSC::DFG::Plan::tryFinalizeJITData(JSC::DFG::JITCode const&) /root/WebKit/Source/JavaScriptCore/dfg/DFGPlan.cpp:822:12 (jsc+0x8b7da0)
    #6 JSC::DFG::JITFinalizer::finalize() /root/WebKit/Source/JavaScriptCore/dfg/DFGJITFinalizer.cpp:68:24 (jsc+0x6e937b)
    #7 JSC::DFG::Plan::finalize()::$_0::operator()() const /root/WebKit/Source/JavaScriptCore/dfg/DFGPlan.cpp:665:36 (jsc+0x8b6e41)
    #8 JSC::DFG::Plan::finalize() /root/WebKit/Source/JavaScriptCore/dfg/DFGPlan.cpp:654:32 (jsc+0x8b6e41)
    #9 JSC::JITWorklist::completeAllReadyPlansForVM(JSC::VM&, JSC::JITCompilationKey) /root/WebKit/Source/JavaScriptCore/jit/JITWorklist.cpp:314:15 (jsc+0x1043459)
    #10 operationOptimize /root/WebKit/Source/JavaScriptCore/jit/JITOperations.cpp:3158:76 (jsc+0xfbf0d9)
    #11 <null> <null> (0x7fc75d802158)
    #12 JSC::evaluate(JSC::JSGlobalObject*, JSC::SourceCode const&, JSC::JSValue, WTF::NakedPtr<JSC::Exception>&) /root/WebKit/Source/JavaScriptCore/runtime/Completion.cpp:145:37 (jsc+0x13c1033)
    #13 runWithOptions(GlobalObject*, CommandLine&, bool&) /root/WebKit/Source/JavaScriptCore/jsc.cpp:3957:35 (jsc+0x1cafa5)
    #14 jscmain(int, char**)::$_0::operator()(JSC::VM&, GlobalObject*, bool&) const /root/WebKit/Source/JavaScriptCore/jsc.cpp:4686:13 (jsc+0x1cafa5)
    #15 int runJSC<jscmain(int, char**)::$_0>(CommandLine const&, bool, jscmain(int, char**)::$_0 const&) /root/WebKit/Source/JavaScriptCore/jsc.cpp:4472:13 (jsc+0x1cafa5)
    #16 jscmain(int, char**) /root/WebKit/Source/JavaScriptCore/jsc.cpp:4679:18 (jsc+0x1cafa5)
    #17 main /root/WebKit/Source/JavaScriptCore/jsc.cpp:3715:15 (jsc+0x1c97e3)

  Thread T3 'JS Thread' (tid=2651530, running) created by main thread at:
    #0 pthread_create /home/runner/work/llvm-project/llvm-project/compiler-rt/lib/tsan/rtl/tsan_interceptors_posix.cpp:1090:3 (jsc+0x13ff1a)
    #1 WTF::Thread::establishHandle(WTF::Thread::NewThreadContext&, WTF::StackAllocationSpecification, WTF::ThreadQOS, WTF::ThreadSchedulingPolicy) /root/WebKit/Source/WTF/wtf/posix/ThreadingPOSIX.cpp:354:17 (jsc+0x260a305)
    #2 WTF::Thread::create(WTF::ASCIILiteral, WTF::Function<void ()>&&, WTF::ThreadType, WTF::ThreadQOS, WTF::ThreadSchedulingPolicy, WTF::StackAllocationSpecification) /root/WebKit/Source/WTF/wtf/Threading.cpp:330:32 (jsc+0x25b0783)
    #3 JSC::constructThread(JSC::JSGlobalObject*, JSC::CallFrame*) /root/WebKit/Source/JavaScriptCore/runtime/ThreadObject.cpp:467:5 (jsc+0x1997b2f)
    #4 <null> <null> (0x7fc75d7ff217)
    #5 JSC::evaluate(JSC::JSGlobalObject*, JSC::SourceCode const&, JSC::JSValue, WTF::NakedPtr<JSC::Exception>&) /root/WebKit/Source/JavaScriptCore/runtime/Completion.cpp:145:37 (jsc+0x13c1033)
    #6 runWithOptions(GlobalObject*, CommandLine&, bool&) /root/WebKit/Source/JavaScriptCore/jsc.cpp:3957:35 (jsc+0x1cafa5)
    #7 jscmain(int, char**)::$_0::operator()(JSC::VM&, GlobalObject*, bool&) const /root/WebKit/Source/JavaScriptCore/jsc.cpp:4686:13 (jsc+0x1cafa5)
    #8 int runJSC<jscmain(int, char**)::$_0>(CommandLine const&, bool, jscmain(int, char**)::$_0 const&) /root/WebKit/Source/JavaScriptCore/jsc.cpp:4472:13 (jsc+0x1cafa5)
    #9 jscmain(int, char**) /root/WebKit/Source/JavaScriptCore/jsc.cpp:4679:18 (jsc+0x1cafa5)
    #10 main /root/WebKit/Source/JavaScriptCore/jsc.cpp:3715:15 (jsc+0x1c97e3)

SUMMARY: ThreadSanitizer: data race /root/WebKit/Source/JavaScriptCore/jit/JITOperations.cpp:120:33 in JSC::ICSlowPathCallFrameTracer::ICSlowPathCallFrameTracer(JSC::VM&, JSC::CallFrame*, JSC::PropertyInlineCache*)
==================
==================
WARNING: ThreadSanitizer: data race (pid=2651519)
  Atomic read of size 8 at 0x723800000ef8 by thread T3:
    #0 JSC::CacheableIdentifier JSC::icConcurrentRelaxedLoad<JSC::CacheableIdentifier>(JSC::CacheableIdentifier const&) /root/WebKit/Source/JavaScriptCore/bytecode/PropertyInlineCache.h:166:5 (jsc+0xfa1be2)
    #1 JSC::PropertyInlineCache::identifier() const /root/WebKit/Source/JavaScriptCore/bytecode/PropertyInlineCache.h:273:53 (jsc+0xfa1be2)
    #2 operationGetByIdOptimize /root/WebKit/Source/JavaScriptCore/jit/JITOperations.cpp:579:53 (jsc+0xfa1be2)
    #3 <null> <null> (0x7fc75d802184)
    #4 JSC::Interpreter::executeCall(JSC::JSObject*, JSC::CallData const&, JSC::JSValue, JSC::JSCell*, JSC::ArgList const&) /root/WebKit/Source/JavaScriptCore/interpreter/Interpreter.cpp (jsc+0xe89b6d)
    #5 JSC::call(JSC::JSGlobalObject*, JSC::JSValue, JSC::CallData const&, JSC::JSValue, JSC::ArgList const&) /root/WebKit/Source/JavaScriptCore/runtime/CallData.cpp:70:27 (jsc+0x135dec1)
    #6 JSC::call(JSC::JSGlobalObject*, JSC::JSValue, JSC::CallData const&, JSC::JSValue, JSC::ArgList const&, WTF::NakedPtr<JSC::Exception>&) /root/WebKit/Source/JavaScriptCore/runtime/CallData.cpp:77:22 (jsc+0x135dec1)
    #7 JSC::threadMain(JSC::VM&, WTF::Ref<JSC::ThreadState, WTF::RawPtrTraits<JSC::ThreadState>, WTF::DefaultRefDerefTraits<JSC::ThreadState>>) /root/WebKit/Source/JavaScriptCore/runtime/ThreadObject.cpp:241:30 (jsc+0x199f5cc)
    #8 JSC::constructThread(JSC::JSGlobalObject*, JSC::CallFrame*)::$_0::operator()() /root/WebKit/Source/JavaScriptCore/runtime/ThreadObject.cpp:468:9 (jsc+0x199f5cc)
    #9 WTF::Detail::CallableWrapper<JSC::constructThread(JSC::JSGlobalObject*, JSC::CallFrame*)::$_0, void>::call() /root/WebKit/WebKitBuild/TSan/WTF/Headers/wtf/Function.h:59:39 (jsc+0x199f5cc)
    #10 WTF::Function<void ()>::operator()() const /root/WebKit/Source/WTF/wtf/Function.h:103:35 (jsc+0x25b0445)
    #11 WTF::Thread::entryPoint(WTF::Thread::NewThreadContext*) /root/WebKit/Source/WTF/wtf/Threading.cpp:312:5 (jsc+0x25b0445)
    #12 WTF::wtfThreadEntryPoint(void*) /root/WebKit/Source/WTF/wtf/posix/ThreadingPOSIX.cpp:264:5 (jsc+0x260a419)

  Previous write of size 8 at 0x723800000ef8 by main thread:
    #0 __tsan_memset /home/runner/work/llvm-project/llvm-project/compiler-rt/lib/tsan/rtl/tsan_interceptors_memintrinsics.cpp:35:3 (jsc+0x13b4cd)
    #1 JSC::PropertyInlineCache::PropertyInlineCache(JSC::PropertyInlineCacheType, JSC::AccessType, JSC::CodeOrigin) /root/WebKit/Source/JavaScriptCore/bytecode/PropertyInlineCache.h:612:13 (jsc+0x6c8f90)
    #2 JSC::PropertyInlineCache::PropertyInlineCache(JSC::PropertyInlineCacheType) /root/WebKit/Source/JavaScriptCore/bytecode/PropertyInlineCache.h:499:11 (jsc+0x6c8f90)
    #3 JSC::HandlerPropertyInlineCache::HandlerPropertyInlineCache() /root/WebKit/Source/JavaScriptCore/bytecode/PropertyInlineCache.h:832:11 (jsc+0x6c8f90)
    #4 WTF::VectorTypeOperations<JSC::HandlerPropertyInlineCache>::initialize(JSC::HandlerPropertyInlineCache*, JSC::HandlerPropertyInlineCache*) /root/WebKit/WebKitBuild/TSan/WTF/Headers/wtf/Vector.h:105:40 (jsc+0x6c8f90)
    #5 WTF::VectorTypeOperations<JSC::HandlerPropertyInlineCache>::initializeIfNonPOD(JSC::HandlerPropertyInlineCache*, JSC::HandlerPropertyInlineCache*) /root/WebKit/WebKitBuild/TSan/WTF/Headers/wtf/Vector.h:96:13 (jsc+0x6c8f90)
    #6 WTF::ButterflyArray<JSC::DFG::JITData, JSC::HandlerPropertyInlineCache, void*>::ButterflyArray(unsigned int, unsigned int) /root/WebKit/WebKitBuild/TSan/WTF/Headers/wtf/ButterflyArray.h:51:9 (jsc+0x6c8f90)
    #7 JSC::DFG::JITData::JITData(unsigned int, unsigned int, JSC::DFG::JITCode const&, WTF::FixedVector<JSC::MacroAssemblerCodeRef<(WTF::PtrTag)57886>, WTF::FastMalloc>&&) /root/WebKit/Source/JavaScriptCore/dfg/DFGJITCode.cpp:39:7 (jsc+0x6c8f90)
    #8 JSC::DFG::JITData* WTF::ButterflyArray<JSC::DFG::JITData, JSC::HandlerPropertyInlineCache, void*>::createImpl<JSC::DFG::JITCode const&, WTF::FixedVector<JSC::MacroAssemblerCodeRef<(WTF::PtrTag)57886>, WTF::FastMalloc>>(unsigned int, unsigned int, JSC::DFG::JITCode const&, WTF::FixedVector<JSC::MacroAssemblerCodeRef<(WTF::PtrTag)57886>, WTF::FastMalloc>&&) /root/WebKit/WebKitBuild/TSan/WTF/Headers/wtf/ButterflyArray.h:60:76 (jsc+0x8b7dbf)
    #9 JSC::DFG::JITData::tryCreate(JSC::VM&, JSC::CodeBlock*, JSC::DFG::JITCode const&, WTF::FixedVector<JSC::MacroAssemblerCodeRef<(WTF::PtrTag)57886>, WTF::FastMalloc>&&) /root/WebKit/Source/JavaScriptCore/dfg/DFGJITCode.h:375:46 (jsc+0x8b7dbf)
    #10 JSC::DFG::Plan::tryFinalizeJITData(JSC::DFG::JITCode const&) /root/WebKit/Source/JavaScriptCore/dfg/DFGPlan.cpp:822:12 (jsc+0x8b7dbf)
    #11 JSC::DFG::JITFinalizer::finalize() /root/WebKit/Source/JavaScriptCore/dfg/DFGJITFinalizer.cpp:68:24 (jsc+0x6e937b)
    #12 JSC::DFG::Plan::finalize()::$_0::operator()() const /root/WebKit/Source/JavaScriptCore/dfg/DFGPlan.cpp:665:36 (jsc+0x8b6e41)
    #13 JSC::DFG::Plan::finalize() /root/WebKit/Source/JavaScriptCore/dfg/DFGPlan.cpp:654:32 (jsc+0x8b6e41)
    #14 JSC::JITWorklist::completeAllReadyPlansForVM(JSC::VM&, JSC::JITCompilationKey) /root/WebKit/Source/JavaScriptCore/jit/JITWorklist.cpp:314:15 (jsc+0x1043459)
    #15 operationOptimize /root/WebKit/Source/JavaScriptCore/jit/JITOperations.cpp:3158:76 (jsc+0xfbf0d9)
    #16 <null> <null> (0x7fc75d802158)
    #17 JSC::evaluate(JSC::JSGlobalObject*, JSC::SourceCode const&, JSC::JSValue, WTF::NakedPtr<JSC::Exception>&) /root/WebKit/Source/JavaScriptCore/runtime/Completion.cpp:145:37 (jsc+0x13c1033)
    #18 runWithOptions(GlobalObject*, CommandLine&, bool&) /root/WebKit/Source/JavaScriptCore/jsc.cpp:3957:35 (jsc+0x1cafa5)
    #19 jscmain(int, char**)::$_0::operator()(JSC::VM&, GlobalObject*, bool&) const /root/WebKit/Source/JavaScriptCore/jsc.cpp:4686:13 (jsc+0x1cafa5)
    #20 int runJSC<jscmain(int, char**)::$_0>(CommandLine const&, bool, jscmain(int, char**)::$_0 const&) /root/WebKit/Source/JavaScriptCore/jsc.cpp:4472:13 (jsc+0x1cafa5)
    #21 jscmain(int, char**) /root/WebKit/Source/JavaScriptCore/jsc.cpp:4679:18 (jsc+0x1cafa5)
    #22 main /root/WebKit/Source/JavaScriptCore/jsc.cpp:3715:15 (jsc+0x1c97e3)

  Location is heap block of size 224 at 0x723800000ee0 allocated by main thread:
    #0 malloc /home/runner/work/llvm-project/llvm-project/compiler-rt/lib/tsan/rtl/tsan_interceptors_posix.cpp:682:5 (jsc+0x13dc20)
    #1 bmalloc::api::malloc(unsigned long, bmalloc::CompactAllocationMode, bmalloc::HeapKind) /root/WebKit/WebKitBuild/TSan/bmalloc/Headers/bmalloc/bmalloc.h:96:20 (jsc+0x2593689)
    #2 WTF::fastMalloc(unsigned long) /root/WebKit/Source/WTF/wtf/FastMalloc.cpp:337:20 (jsc+0x2593689)
    #3 JSC::DFG::JITData* WTF::ButterflyArray<JSC::DFG::JITData, JSC::HandlerPropertyInlineCache, void*>::createImpl<JSC::DFG::JITCode const&, WTF::FixedVector<JSC::MacroAssemblerCodeRef<(WTF::PtrTag)57886>, WTF::FastMalloc>>(unsigned int, unsigned int, JSC::DFG::JITCode const&, WTF::FixedVector<JSC::MacroAssemblerCodeRef<(WTF::PtrTag)57886>, WTF::FastMalloc>&&) /root/WebKit/WebKitBuild/TSan/WTF/Headers/wtf/ButterflyArray.h:59:51 (jsc+0x8b7da0)
    #4 JSC::DFG::JITData::tryCreate(JSC::VM&, JSC::CodeBlock*, JSC::DFG::JITCode const&, WTF::FixedVector<JSC::MacroAssemblerCodeRef<(WTF::PtrTag)57886>, WTF::FastMalloc>&&) /root/WebKit/Source/JavaScriptCore/dfg/DFGJITCode.h:375:46 (jsc+0x8b7da0)
    #5 JSC::DFG::Plan::tryFinalizeJITData(JSC::DFG::JITCode const&) /root/WebKit/Source/JavaScriptCore/dfg/DFGPlan.cpp:822:12 (jsc+0x8b7da0)
    #6 JSC::DFG::JITFinalizer::finalize() /root/WebKit/Source/JavaScriptCore/dfg/DFGJITFinalizer.cpp:68:24 (jsc+0x6e937b)
    #7 JSC::DFG::Plan::finalize()::$_0::operator()() const /root/WebKit/Source/JavaScriptCore/dfg/DFGPlan.cpp:665:36 (jsc+0x8b6e41)
    #8 JSC::DFG::Plan::finalize() /root/WebKit/Source/JavaScriptCore/dfg/DFGPlan.cpp:654:32 (jsc+0x8b6e41)
    #9 JSC::JITWorklist::completeAllReadyPlansForVM(JSC::VM&, JSC::JITCompilationKey) /root/WebKit/Source/JavaScriptCore/jit/JITWorklist.cpp:314:15 (jsc+0x1043459)
    #10 operationOptimize /root/WebKit/Source/JavaScriptCore/jit/JITOperations.cpp:3158:76 (jsc+0xfbf0d9)
    #11 <null> <null> (0x7fc75d802158)
    #12 JSC::evaluate(JSC::JSGlobalObject*, JSC::SourceCode const&, JSC::JSValue, WTF::NakedPtr<JSC::Exception>&) /root/WebKit/Source/JavaScriptCore/runtime/Completion.cpp:145:37 (jsc+0x13c1033)
    #13 runWithOptions(GlobalObject*, CommandLine&, bool&) /root/WebKit/Source/JavaScriptCore/jsc.cpp:3957:35 (jsc+0x1cafa5)
    #14 jscmain(int, char**)::$_0::operator()(JSC::VM&, GlobalObject*, bool&) const /root/WebKit/Source/JavaScriptCore/jsc.cpp:4686:13 (jsc+0x1cafa5)
    #15 int runJSC<jscmain(int, char**)::$_0>(CommandLine const&, bool, jscmain(int, char**)::$_0 const&) /root/WebKit/Source/JavaScriptCore/jsc.cpp:4472:13 (jsc+0x1cafa5)
    #16 jscmain(int, char**) /root/WebKit/Source/JavaScriptCore/jsc.cpp:4679:18 (jsc+0x1cafa5)
    #17 main /root/WebKit/Source/JavaScriptCore/jsc.cpp:3715:15 (jsc+0x1c97e3)

  Thread T3 'JS Thread' (tid=2651530, running) created by main thread at:
    #0 pthread_create /home/runner/work/llvm-project/llvm-project/compiler-rt/lib/tsan/rtl/tsan_interceptors_posix.cpp:1090:3 (jsc+0x13ff1a)
    #1 WTF::Thread::establishHandle(WTF::Thread::NewThreadContext&, WTF::StackAllocationSpecification, WTF::ThreadQOS, WTF::ThreadSchedulingPolicy) /root/WebKit/Source/WTF/wtf/posix/ThreadingPOSIX.cpp:354:17 (jsc+0x260a305)
    #2 WTF::Thread::create(WTF::ASCIILiteral, WTF::Function<void ()>&&, WTF::ThreadType, WTF::ThreadQOS, WTF::ThreadSchedulingPolicy, WTF::StackAllocationSpecification) /root/WebKit/Source/WTF/wtf/Threading.cpp:330:32 (jsc+0x25b0783)
    #3 JSC::constructThread(JSC::JSGlobalObject*, JSC::CallFrame*) /root/WebKit/Source/JavaScriptCore/runtime/ThreadObject.cpp:467:5 (jsc+0x1997b2f)
    #4 <null> <null> (0x7fc75d7ff217)
    #5 JSC::evaluate(JSC::JSGlobalObject*, JSC::SourceCode const&, JSC::JSValue, WTF::NakedPtr<JSC::Exception>&) /root/WebKit/Source/JavaScriptCore/runtime/Completion.cpp:145:37 (jsc+0x13c1033)
    #6 runWithOptions(GlobalObject*, CommandLine&, bool&) /root/WebKit/Source/JavaScriptCore/jsc.cpp:3957:35 (jsc+0x1cafa5)
    #7 jscmain(int, char**)::$_0::operator()(JSC::VM&, GlobalObject*, bool&) const /root/WebKit/Source/JavaScriptCore/jsc.cpp:4686:13 (jsc+0x1cafa5)
    #8 int runJSC<jscmain(int, char**)::$_0>(CommandLine const&, bool, jscmain(int, char**)::$_0 const&) /root/WebKit/Source/JavaScriptCore/jsc.cpp:4472:13 (jsc+0x1cafa5)
    #9 jscmain(int, char**) /root/WebKit/Source/JavaScriptCore/jsc.cpp:4679:18 (jsc+0x1cafa5)
    #10 main /root/WebKit/Source/JavaScriptCore/jsc.cpp:3715:15 (jsc+0x1c97e3)

SUMMARY: ThreadSanitizer: data race /root/WebKit/Source/JavaScriptCore/bytecode/PropertyInlineCache.h:166:5 in JSC::CacheableIdentifier JSC::icConcurrentRelaxedLoad<JSC::CacheableIdentifier>(JSC::CacheableIdentifier const&)
==================
==================
WARNING: ThreadSanitizer: data race (pid=2651519)
  Read of size 1 at 0x723800000f30 by thread T3:
    #0 mpark::detail::base<std::monostate, WTF::Vector<JSC::StructureID, 0ul, WTF::CrashOnOverflow, 16ul, WTF::FastMalloc>, WTF::Vector<std::tuple<JSC::StructureID, JSC::CacheableIdentifier>, 0ul, WTF::CrashOnOverflow, 16ul, WTF::FastMalloc>>::valueless_by_exception() const /root/WebKit/WebKitBuild/TSan/WTF/Headers/wtf/Variant.h:1524:16 (jsc+0x10163c2)
    #1 mpark::detail::base<std::monostate, WTF::Vector<JSC::StructureID, 0ul, WTF::CrashOnOverflow, 16ul, WTF::FastMalloc>, WTF::Vector<std::tuple<JSC::StructureID, JSC::CacheableIdentifier>, 0ul, WTF::CrashOnOverflow, 16ul, WTF::FastMalloc>>::index() const /root/WebKit/WebKitBuild/TSan/WTF/Headers/wtf/Variant.h:1528:16 (jsc+0x10163c2)
    #2 mpark::variant<std::monostate, WTF::Vector<JSC::StructureID, 0ul, WTF::CrashOnOverflow, 16ul, WTF::FastMalloc>, WTF::Vector<std::tuple<JSC::StructureID, JSC::CacheableIdentifier>, 0ul, WTF::CrashOnOverflow, 16ul, WTF::FastMalloc>>::index() const /root/WebKit/WebKitBuild/TSan/WTF/Headers/wtf/Variant.h:2000:20 (jsc+0x10163c2)
    #3 bool mpark::holds_alternative<0ul, std::monostate, WTF::Vector<JSC::StructureID, 0ul, WTF::CrashOnOverflow, 16ul, WTF::FastMalloc>, WTF::Vector<std::tuple<JSC::StructureID, JSC::CacheableIdentifier>, 0ul, WTF::CrashOnOverflow, 16ul, WTF::FastMalloc>>(mpark::variant<std::monostate, WTF::Vector<JSC::StructureID, 0ul, WTF::CrashOnOverflow, 16ul, WTF::FastMalloc>, WTF::Vector<std::tuple<JSC::StructureID, JSC::CacheableIdentifier>, 0ul, WTF::CrashOnOverflow, 16ul, WTF::FastMalloc>> const&) /root/WebKit/WebKitBuild/TSan/WTF/Headers/wtf/Variant.h:2026:14 (jsc+0x10163c2)
    #4 bool mpark::holds_alternative<std::monostate, std::monostate, WTF::Vector<JSC::StructureID, 0ul, WTF::CrashOnOverflow, 16ul, WTF::FastMalloc>, WTF::Vector<std::tuple<JSC::StructureID, JSC::CacheableIdentifier>, 0ul, WTF::CrashOnOverflow, 16ul, WTF::FastMalloc>>(mpark::variant<std::monostate, WTF::Vector<JSC::StructureID, 0ul, WTF::CrashOnOverflow, 16ul, WTF::FastMalloc>, WTF::Vector<std::tuple<JSC::StructureID, JSC::CacheableIdentifier>, 0ul, WTF::CrashOnOverflow, 16ul, WTF::FastMalloc>> const&) /root/WebKit/WebKitBuild/TSan/WTF/Headers/wtf/Variant.h:2031:12 (jsc+0x10163c2)
    #5 bool std::holds_alternative<std::monostate, std::monostate, WTF::Vector<JSC::StructureID, 0ul, WTF::CrashOnOverflow, 16ul, WTF::FastMalloc>, WTF::Vector<std::tuple<JSC::StructureID, JSC::CacheableIdentifier>, 0ul, WTF::CrashOnOverflow, 16ul, WTF::FastMalloc>>(mpark::variant<std::monostate, WTF::Vector<JSC::StructureID, 0ul, WTF::CrashOnOverflow, 16ul, WTF::FastMalloc>, WTF::Vector<std::tuple<JSC::StructureID, JSC::CacheableIdentifier>, 0ul, WTF::CrashOnOverflow, 16ul, WTF::FastMalloc>> const&) /root/WebKit/WebKitBuild/TSan/WTF/Headers/wtf/Variant.h:2441:135 (jsc+0x10163c2)
    #6 JSC::PropertyInlineCache::considerRepatchingCacheImpl(JSC::VM&, JSC::CodeBlock*, JSC::Structure*, JSC::CacheableIdentifier) /root/WebKit/Source/JavaScriptCore/bytecode/PropertyInlineCache.h:430:21 (jsc+0x10163c2)
    #7 JSC::PropertyInlineCache::considerRepatchingCacheBy(JSC::VM&, JSC::CodeBlock*, JSC::Structure*, JSC::CacheableIdentifier) /root/WebKit/Source/JavaScriptCore/bytecode/PropertyInlineCache.h:335:16 (jsc+0xfa1f27)
    #8 operationGetByIdOptimize::$_0::operator()(bool, JSC::PropertySlot&) const /root/WebKit/Source/JavaScriptCore/jit/JITOperations.cpp:583:5 (jsc+0xfa1f27)
    #9 std::invoke_result<operationGetByIdOptimize::$_0, bool, JSC::PropertySlot&>::type JSC::JSValue::getPropertySlot<operationGetByIdOptimize::$_0>(JSC::JSGlobalObject*, JSC::PropertyName, JSC::PropertySlot&, operationGetByIdOptimize::$_0) const /root/WebKit/Source/JavaScriptCore/runtime/JSCJSValuePropertyInlines.h:70:5 (jsc+0xfa1f27)
    #10 std::invoke_result<operationGetByIdOptimize::$_0, bool, JSC::PropertySlot&>::type JSC::JSValue::getPropertySlot<operationGetByIdOptimize::$_0>(JSC::JSGlobalObject*, JSC::PropertyName, operationGetByIdOptimize::$_0) const /root/WebKit/Source/JavaScriptCore/runtime/JSCJSValuePropertyInlines.h:61:12 (jsc+0xfa1f27)
    #11 operationGetByIdOptimize /root/WebKit/Source/JavaScriptCore/jit/JITOperations.cpp:583:5 (jsc+0xfa1f27)
    #12 <null> <null> (0x7fc75d802184)
    #13 JSC::Interpreter::executeCall(JSC::JSObject*, JSC::CallData const&, JSC::JSValue, JSC::JSCell*, JSC::ArgList const&) /root/WebKit/Source/JavaScriptCore/interpreter/Interpreter.cpp (jsc+0xe89b6d)
    #14 JSC::call(JSC::JSGlobalObject*, JSC::JSValue, JSC::CallData const&, JSC::JSValue, JSC::ArgList const&) /root/WebKit/Source/JavaScriptCore/runtime/CallData.cpp:70:27 (jsc+0x135dec1)
    #15 JSC::call(JSC::JSGlobalObject*, JSC::JSValue, JSC::CallData const&, JSC::JSValue, JSC::ArgList const&, WTF::NakedPtr<JSC::Exception>&) /root/WebKit/Source/JavaScriptCore/runtime/CallData.cpp:77:22 (jsc+0x135dec1)
    #16 JSC::threadMain(JSC::VM&, WTF::Ref<JSC::ThreadState, WTF::RawPtrTraits<JSC::ThreadState>, WTF::DefaultRefDerefTraits<JSC::ThreadState>>) /root/WebKit/Source/JavaScriptCore/runtime/ThreadObject.cpp:241:30 (jsc+0x199f5cc)
    #17 JSC::constructThread(JSC::JSGlobalObject*, JSC::CallFrame*)::$_0::operator()() /root/WebKit/Source/JavaScriptCore/runtime/ThreadObject.cpp:468:9 (jsc+0x199f5cc)
    #18 WTF::Detail::CallableWrapper<JSC::constructThread(JSC::JSGlobalObject*, JSC::CallFrame*)::$_0, void>::call() /root/WebKit/WebKitBuild/TSan/WTF/Headers/wtf/Function.h:59:39 (jsc+0x199f5cc)
    #19 WTF::Function<void ()>::operator()() const /root/WebKit/Source/WTF/wtf/Function.h:103:35 (jsc+0x25b0445)
    #20 WTF::Thread::entryPoint(WTF::Thread::NewThreadContext*) /root/WebKit/Source/WTF/wtf/Threading.cpp:312:5 (jsc+0x25b0445)
    #21 WTF::wtfThreadEntryPoint(void*) /root/WebKit/Source/WTF/wtf/posix/ThreadingPOSIX.cpp:264:5 (jsc+0x260a419)

  Previous write of size 8 at 0x723800000f30 by main thread:
    #0 malloc /home/runner/work/llvm-project/llvm-project/compiler-rt/lib/tsan/rtl/tsan_interceptors_posix.cpp:682:5 (jsc+0x13dc20)
    #1 bmalloc::api::malloc(unsigned long, bmalloc::CompactAllocationMode, bmalloc::HeapKind) /root/WebKit/WebKitBuild/TSan/bmalloc/Headers/bmalloc/bmalloc.h:96:20 (jsc+0x2593689)
    #2 WTF::fastMalloc(unsigned long) /root/WebKit/Source/WTF/wtf/FastMalloc.cpp:337:20 (jsc+0x2593689)
    #3 JSC::DFG::JITData* WTF::ButterflyArray<JSC::DFG::JITData, JSC::HandlerPropertyInlineCache, void*>::createImpl<JSC::DFG::JITCode const&, WTF::FixedVector<JSC::MacroAssemblerCodeRef<(WTF::PtrTag)57886>, WTF::FastMalloc>>(unsigned int, unsigned int, JSC::DFG::JITCode const&, WTF::FixedVector<JSC::MacroAssemblerCodeRef<(WTF::PtrTag)57886>, WTF::FastMalloc>&&) /root/WebKit/WebKitBuild/TSan/WTF/Headers/wtf/ButterflyArray.h:59:51 (jsc+0x8b7da0)
    #4 JSC::DFG::JITData::tryCreate(JSC::VM&, JSC::CodeBlock*, JSC::DFG::JITCode const&, WTF::FixedVector<JSC::MacroAssemblerCodeRef<(WTF::PtrTag)57886>, WTF::FastMalloc>&&) /root/WebKit/Source/JavaScriptCore/dfg/DFGJITCode.h:375:46 (jsc+0x8b7da0)
    #5 JSC::DFG::Plan::tryFinalizeJITData(JSC::DFG::JITCode const&) /root/WebKit/Source/JavaScriptCore/dfg/DFGPlan.cpp:822:12 (jsc+0x8b7da0)
    #6 JSC::DFG::JITFinalizer::finalize() /root/WebKit/Source/JavaScriptCore/dfg/DFGJITFinalizer.cpp:68:24 (jsc+0x6e937b)
    #7 JSC::DFG::Plan::finalize()::$_0::operator()() const /root/WebKit/Source/JavaScriptCore/dfg/DFGPlan.cpp:665:36 (jsc+0x8b6e41)
    #8 JSC::DFG::Plan::finalize() /root/WebKit/Source/JavaScriptCore/dfg/DFGPlan.cpp:654:32 (jsc+0x8b6e41)
    #9 JSC::JITWorklist::completeAllReadyPlansForVM(JSC::VM&, JSC::JITCompilationKey) /root/WebKit/Source/JavaScriptCore/jit/JITWorklist.cpp:314:15 (jsc+0x1043459)
    #10 operationOptimize /root/WebKit/Source/JavaScriptCore/jit/JITOperations.cpp:3158:76 (jsc+0xfbf0d9)
    #11 <null> <null> (0x7fc75d802158)
    #12 JSC::evaluate(JSC::JSGlobalObject*, JSC::SourceCode const&, JSC::JSValue, WTF::NakedPtr<JSC::Exception>&) /root/WebKit/Source/JavaScriptCore/runtime/Completion.cpp:145:37 (jsc+0x13c1033)
    #13 runWithOptions(GlobalObject*, CommandLine&, bool&) /root/WebKit/Source/JavaScriptCore/jsc.cpp:3957:35 (jsc+0x1cafa5)
    #14 jscmain(int, char**)::$_0::operator()(JSC::VM&, GlobalObject*, bool&) const /root/WebKit/Source/JavaScriptCore/jsc.cpp:4686:13 (jsc+0x1cafa5)
    #15 int runJSC<jscmain(int, char**)::$_0>(CommandLine const&, bool, jscmain(int, char**)::$_0 const&) /root/WebKit/Source/JavaScriptCore/jsc.cpp:4472:13 (jsc+0x1cafa5)
    #16 jscmain(int, char**) /root/WebKit/Source/JavaScriptCore/jsc.cpp:4679:18 (jsc+0x1cafa5)
    #17 main /root/WebKit/Source/JavaScriptCore/jsc.cpp:3715:15 (jsc+0x1c97e3)

  Location is heap block of size 224 at 0x723800000ee0 allocated by main thread:
    #0 malloc /home/runner/work/llvm-project/llvm-project/compiler-rt/lib/tsan/rtl/tsan_interceptors_posix.cpp:682:5 (jsc+0x13dc20)
    #1 bmalloc::api::malloc(unsigned long, bmalloc::CompactAllocationMode, bmalloc::HeapKind) /root/WebKit/WebKitBuild/TSan/bmalloc/Headers/bmalloc/bmalloc.h:96:20 (jsc+0x2593689)
    #2 WTF::fastMalloc(unsigned long) /root/WebKit/Source/WTF/wtf/FastMalloc.cpp:337:20 (jsc+0x2593689)
    #3 JSC::DFG::JITData* WTF::ButterflyArray<JSC::DFG::JITData, JSC::HandlerPropertyInlineCache, void*>::createImpl<JSC::DFG::JITCode const&, WTF::FixedVector<JSC::MacroAssemblerCodeRef<(WTF::PtrTag)57886>, WTF::FastMalloc>>(unsigned int, unsigned int, JSC::DFG::JITCode const&, WTF::FixedVector<JSC::MacroAssemblerCodeRef<(WTF::PtrTag)57886>, WTF::FastMalloc>&&) /root/WebKit/WebKitBuild/TSan/WTF/Headers/wtf/ButterflyArray.h:59:51 (jsc+0x8b7da0)
    #4 JSC::DFG::JITData::tryCreate(JSC::VM&, JSC::CodeBlock*, JSC::DFG::JITCode const&, WTF::FixedVector<JSC::MacroAssemblerCodeRef<(WTF::PtrTag)57886>, WTF::FastMalloc>&&) /root/WebKit/Source/JavaScriptCore/dfg/DFGJITCode.h:375:46 (jsc+0x8b7da0)
    #5 JSC::DFG::Plan::tryFinalizeJITData(JSC::DFG::JITCode const&) /root/WebKit/Source/JavaScriptCore/dfg/DFGPlan.cpp:822:12 (jsc+0x8b7da0)
    #6 JSC::DFG::JITFinalizer::finalize() /root/WebKit/Source/JavaScriptCore/dfg/DFGJITFinalizer.cpp:68:24 (jsc+0x6e937b)
    #7 JSC::DFG::Plan::finalize()::$_0::operator()() const /root/WebKit/Source/JavaScriptCore/dfg/DFGPlan.cpp:665:36 (jsc+0x8b6e41)
    #8 JSC::DFG::Plan::finalize() /root/WebKit/Source/JavaScriptCore/dfg/DFGPlan.cpp:654:32 (jsc+0x8b6e41)
    #9 JSC::JITWorklist::completeAllReadyPlansForVM(JSC::VM&, JSC::JITCompilationKey) /root/WebKit/Source/JavaScriptCore/jit/JITWorklist.cpp:314:15 (jsc+0x1043459)
    #10 operationOptimize /root/WebKit/Source/JavaScriptCore/jit/JITOperations.cpp:3158:76 (jsc+0xfbf0d9)
    #11 <null> <null> (0x7fc75d802158)
    #12 JSC::evaluate(JSC::JSGlobalObject*, JSC::SourceCode const&, JSC::JSValue, WTF::NakedPtr<JSC::Exception>&) /root/WebKit/Source/JavaScriptCore/runtime/Completion.cpp:145:37 (jsc+0x13c1033)
    #13 runWithOptions(GlobalObject*, CommandLine&, bool&) /root/WebKit/Source/JavaScriptCore/jsc.cpp:3957:35 (jsc+0x1cafa5)
    #14 jscmain(int, char**)::$_0::operator()(JSC::VM&, GlobalObject*, bool&) const /root/WebKit/Source/JavaScriptCore/jsc.cpp:4686:13 (jsc+0x1cafa5)
    #15 int runJSC<jscmain(int, char**)::$_0>(CommandLine const&, bool, jscmain(int, char**)::$_0 const&) /root/WebKit/Source/JavaScriptCore/jsc.cpp:4472:13 (jsc+0x1cafa5)
    #16 jscmain(int, char**) /root/WebKit/Source/JavaScriptCore/jsc.cpp:4679:18 (jsc+0x1cafa5)
    #17 main /root/WebKit/Source/JavaScriptCore/jsc.cpp:3715:15 (jsc+0x1c97e3)

  Thread T3 'JS Thread' (tid=2651530, running) created by main thread at:
    #0 pthread_create /home/runner/work/llvm-project/llvm-project/compiler-rt/lib/tsan/rtl/tsan_interceptors_posix.cpp:1090:3 (jsc+0x13ff1a)
    #1 WTF::Thread::establishHandle(WTF::Thread::NewThreadContext&, WTF::StackAllocationSpecification, WTF::ThreadQOS, WTF::ThreadSchedulingPolicy) /root/WebKit/Source/WTF/wtf/posix/ThreadingPOSIX.cpp:354:17 (jsc+0x260a305)
    #2 WTF::Thread::create(WTF::ASCIILiteral, WTF::Function<void ()>&&, WTF::ThreadType, WTF::ThreadQOS, WTF::ThreadSchedulingPolicy, WTF::StackAllocationSpecification) /root/WebKit/Source/WTF/wtf/Threading.cpp:330:32 (jsc+0x25b0783)
    #3 JSC::constructThread(JSC::JSGlobalObject*, JSC::CallFrame*) /root/WebKit/Source/JavaScriptCore/runtime/ThreadObject.cpp:467:5 (jsc+0x1997b2f)
    #4 <null> <null> (0x7fc75d7ff217)
    #5 JSC::evaluate(JSC::JSGlobalObject*, JSC::SourceCode const&, JSC::JSValue, WTF::NakedPtr<JSC::Exception>&) /root/WebKit/Source/JavaScriptCore/runtime/Completion.cpp:145:37 (jsc+0x13c1033)
    #6 runWithOptions(GlobalObject*, CommandLine&, bool&) /root/WebKit/Source/JavaScriptCore/jsc.cpp:3957:35 (jsc+0x1cafa5)
    #7 jscmain(int, char**)::$_0::operator()(JSC::VM&, GlobalObject*, bool&) const /root/WebKit/Source/JavaScriptCore/jsc.cpp:4686:13 (jsc+0x1cafa5)
    #8 int runJSC<jscmain(int, char**)::$_0>(CommandLine const&, bool, jscmain(int, char**)::$_0 const&) /root/WebKit/Source/JavaScriptCore/jsc.cpp:4472:13 (jsc+0x1cafa5)
    #9 jscmain(int, char**) /root/WebKit/Source/JavaScriptCore/jsc.cpp:4679:18 (jsc+0x1cafa5)
    #10 main /root/WebKit/Source/JavaScriptCore/jsc.cpp:3715:15 (jsc+0x1c97e3)

SUMMARY: ThreadSanitizer: data race /root/WebKit/WebKitBuild/TSan/WTF/Headers/wtf/Variant.h:1524:16 in mpark::detail::base<std::monostate, WTF::Vector<JSC::StructureID, 0ul, WTF::CrashOnOverflow, 16ul, WTF::FastMalloc>, WTF::Vector<std::tuple<JSC::StructureID, JSC::CacheableIdentifier>, 0ul, WTF::CrashOnOverflow, 16ul, WTF::FastMalloc>>::valueless_by_exception() const
==================
==================
WARNING: ThreadSanitizer: data race (pid=2651519)
  Write of size 8 at 0x723800000f20 by thread T3:
    #0 __tsan_memset /home/runner/work/llvm-project/llvm-project/compiler-rt/lib/tsan/rtl/tsan_interceptors_memintrinsics.cpp:35:3 (jsc+0x13b4cd)
    #1 WTF::VectorBufferBase<JSC::StructureID, WTF::FastMalloc>::VectorBufferBase() /root/WebKit/WebKitBuild/TSan/WTF/Headers/wtf/Vector.h:295:11 (jsc+0x1016728)
    #2 WTF::VectorBuffer<JSC::StructureID, 0ul, WTF::FastMalloc>::VectorBuffer() /root/WebKit/WebKitBuild/TSan/WTF/Headers/wtf/Vector.h:355:5 (jsc+0x1016728)
    #3 WTF::Vector<JSC::StructureID, 0ul, WTF::CrashOnOverflow, 16ul, WTF::FastMalloc>::Vector(WTF::Vector<JSC::StructureID, 0ul, WTF::CrashOnOverflow, 16ul, WTF::FastMalloc>&&) /root/WebKit/WebKitBuild/TSan/WTF/Headers/wtf/Vector.h:1088:73 (jsc+0x1016728)
    #4 mpark::detail::alt<1ul, WTF::Vector<JSC::StructureID, 0ul, WTF::CrashOnOverflow, 16ul, WTF::FastMalloc>>::alt<WTF::Vector<JSC::StructureID, 0ul, WTF::CrashOnOverflow, 16ul, WTF::FastMalloc>>(mpark::in_place_t, WTF::Vector<JSC::StructureID, 0ul, WTF::CrashOnOverflow, 16ul, WTF::FastMalloc>&&) /root/WebKit/WebKitBuild/TSan/WTF/Headers/wtf/Variant.h:1487:13 (jsc+0x1016728)
    #5 auto& mpark::detail::base<std::monostate, WTF::Vector<JSC::StructureID, 0ul, WTF::CrashOnOverflow, 16ul, WTF::FastMalloc>, WTF::Vector<std::tuple<JSC::StructureID, JSC::CacheableIdentifier>, 0ul, WTF::CrashOnOverflow, 16ul, WTF::FastMalloc>>::construct_alt<1ul, WTF::Vector<JSC::StructureID, 0ul, WTF::CrashOnOverflow, 16ul, WTF::FastMalloc>>(mpark::detail::base<std::monostate, WTF::Vector<JSC::StructureID, 0ul, WTF::CrashOnOverflow, 16ul, WTF::FastMalloc>, WTF::Vector<std::tuple<JSC::StructureID, JSC::CacheableIdentifier>, 0ul, WTF::CrashOnOverflow, 16ul, WTF::FastMalloc>>&, WTF::Vector<JSC::StructureID, 0ul, WTF::CrashOnOverflow, 16ul, WTF::FastMalloc>&&) /root/WebKit/WebKitBuild/TSan/WTF/Headers/wtf/Variant.h:1557:13 (jsc+0x1016728)
    #6 auto& mpark::detail::base<std::monostate, WTF::Vector<JSC::StructureID, 0ul, WTF::CrashOnOverflow, 16ul, WTF::FastMalloc>, WTF::Vector<std::tuple<JSC::StructureID, JSC::CacheableIdentifier>, 0ul, WTF::CrashOnOverflow, 16ul, WTF::FastMalloc>>::emplace<1ul, WTF::Vector<JSC::StructureID, 0ul, WTF::CrashOnOverflow, 16ul, WTF::FastMalloc>>(WTF::Vector<JSC::StructureID, 0ul, WTF::CrashOnOverflow, 16ul, WTF::FastMalloc>&&) /root/WebKit/WebKitBuild/TSan/WTF/Headers/wtf/Variant.h:1579:24 (jsc+0x1016728)
    #7 void mpark::detail::base<std::monostate, WTF::Vector<JSC::StructureID, 0ul, WTF::CrashOnOverflow, 16ul, WTF::FastMalloc>, WTF::Vector<std::tuple<JSC::StructureID, JSC::CacheableIdentifier>, 0ul, WTF::CrashOnOverflow, 16ul, WTF::FastMalloc>>::assign_alt<1ul, WTF::Vector<JSC::StructureID, 0ul, WTF::CrashOnOverflow, 16ul, WTF::FastMalloc>, WTF::Vector<JSC::StructureID, 0ul, WTF::CrashOnOverflow, 16ul, WTF::FastMalloc>>(mpark::detail::alt<1ul, WTF::Vector<JSC::StructureID, 0ul, WTF::CrashOnOverflow, 16ul, WTF::FastMalloc>>&, WTF::Vector<JSC::StructureID, 0ul, WTF::CrashOnOverflow, 16ul, WTF::FastMalloc>&&) /root/WebKit/WebKitBuild/TSan/WTF/Headers/wtf/Variant.h:1590:11 (jsc+0x1016728)
    #8 void mpark::detail::base<std::monostate, WTF::Vector<JSC::StructureID, 0ul, WTF::CrashOnOverflow, 16ul, WTF::FastMalloc>, WTF::Vector<std::tuple<JSC::StructureID, JSC::CacheableIdentifier>, 0ul, WTF::CrashOnOverflow, 16ul, WTF::FastMalloc>>::assign<1ul, WTF::Vector<JSC::StructureID, 0ul, WTF::CrashOnOverflow, 16ul, WTF::FastMalloc>>(WTF::Vector<JSC::StructureID, 0ul, WTF::CrashOnOverflow, 16ul, WTF::FastMalloc>&&) /root/WebKit/WebKitBuild/TSan/WTF/Headers/wtf/Variant.h:1612:9 (jsc+0x1016728)
    #9 mpark::variant<std::monostate, WTF::Vector<JSC::StructureID, 0ul, WTF::CrashOnOverflow, 16ul, WTF::FastMalloc>, WTF::Vector<std::tuple<JSC::StructureID, JSC::CacheableIdentifier>, 0ul, WTF::CrashOnOverflow, 16ul, WTF::FastMalloc>>& mpark::variant<std::monostate, WTF::Vector<JSC::StructureID, 0ul, WTF::CrashOnOverflow, 16ul, WTF::FastMalloc>, WTF::Vector<std::tuple<JSC::StructureID, JSC::CacheableIdentifier>, 0ul, WTF::CrashOnOverflow, 16ul, WTF::FastMalloc>>::operator=<WTF::Vector<JSC::StructureID, 0ul, WTF::CrashOnOverflow, 16ul, WTF::FastMalloc>, 0, 1ul, WTF::Vector<JSC::StructureID, 0ul, WTF::CrashOnOverflow, 16ul, WTF::FastMalloc>, 0>(WTF::Vector<JSC::StructureID, 0ul, WTF::CrashOnOverflow, 16ul, WTF::FastMalloc>&&) /root/WebKit/WebKitBuild/TSan/WTF/Headers/wtf/Variant.h:1947:22 (jsc+0x1016728)
    #10 JSC::PropertyInlineCache::considerRepatchingCacheImpl(JSC::VM&, JSC::CodeBlock*, JSC::Structure*, JSC::CacheableIdentifier) /root/WebKit/Source/JavaScriptCore/bytecode/PropertyInlineCache.h:432:46 (jsc+0x10163ff)
    #11 JSC::PropertyInlineCache::considerRepatchingCacheBy(JSC::VM&, JSC::CodeBlock*, JSC::Structure*, JSC::CacheableIdentifier) /root/WebKit/Source/JavaScriptCore/bytecode/PropertyInlineCache.h:335:16 (jsc+0xfa1f27)
    #12 operationGetByIdOptimize::$_0::operator()(bool, JSC::PropertySlot&) const /root/WebKit/Source/JavaScriptCore/jit/JITOperations.cpp:583:5 (jsc+0xfa1f27)
    #13 std::invoke_result<operationGetByIdOptimize::$_0, bool, JSC::PropertySlot&>::type JSC::JSValue::getPropertySlot<operationGetByIdOptimize::$_0>(JSC::JSGlobalObject*, JSC::PropertyName, JSC::PropertySlot&, operationGetByIdOptimize::$_0) const /root/WebKit/Source/JavaScriptCore/runtime/JSCJSValuePropertyInlines.h:70:5 (jsc+0xfa1f27)
    #14 std::invoke_result<operationGetByIdOptimize::$_0, bool, JSC::PropertySlot&>::type JSC::JSValue::getPropertySlot<operationGetByIdOptimize::$_0>(JSC::JSGlobalObject*, JSC::PropertyName, operationGetByIdOptimize::$_0) const /root/WebKit/Source/JavaScriptCore/runtime/JSCJSValuePropertyInlines.h:61:12 (jsc+0xfa1f27)
    #15 operationGetByIdOptimize /root/WebKit/Source/JavaScriptCore/jit/JITOperations.cpp:583:5 (jsc+0xfa1f27)
    #16 <null> <null> (0x7fc75d802184)
    #17 JSC::Interpreter::executeCall(JSC::JSObject*, JSC::CallData const&, JSC::JSValue, JSC::JSCell*, JSC::ArgList const&) /root/WebKit/Source/JavaScriptCore/interpreter/Interpreter.cpp (jsc+0xe89b6d)
    #18 JSC::call(JSC::JSGlobalObject*, JSC::JSValue, JSC::CallData const&, JSC::JSValue, JSC::ArgList const&) /root/WebKit/Source/JavaScriptCore/runtime/CallData.cpp:70:27 (jsc+0x135dec1)
    #19 JSC::call(JSC::JSGlobalObject*, JSC::JSValue, JSC::CallData const&, JSC::JSValue, JSC::ArgList const&, WTF::NakedPtr<JSC::Exception>&) /root/WebKit/Source/JavaScriptCore/runtime/CallData.cpp:77:22 (jsc+0x135dec1)
    #20 JSC::threadMain(JSC::VM&, WTF::Ref<JSC::ThreadState, WTF::RawPtrTraits<JSC::ThreadState>, WTF::DefaultRefDerefTraits<JSC::ThreadState>>) /root/WebKit/Source/JavaScriptCore/runtime/ThreadObject.cpp:241:30 (jsc+0x199f5cc)
    #21 JSC::constructThread(JSC::JSGlobalObject*, JSC::CallFrame*)::$_0::operator()() /root/WebKit/Source/JavaScriptCore/runtime/ThreadObject.cpp:468:9 (jsc+0x199f5cc)
    #22 WTF::Detail::CallableWrapper<JSC::constructThread(JSC::JSGlobalObject*, JSC::CallFrame*)::$_0, void>::call() /root/WebKit/WebKitBuild/TSan/WTF/Headers/wtf/Function.h:59:39 (jsc+0x199f5cc)
    #23 WTF::Function<void ()>::operator()() const /root/WebKit/Source/WTF/wtf/Function.h:103:35 (jsc+0x25b0445)
    #24 WTF::Thread::entryPoint(WTF::Thread::NewThreadContext*) /root/WebKit/Source/WTF/wtf/Threading.cpp:312:5 (jsc+0x25b0445)
    #25 WTF::wtfThreadEntryPoint(void*) /root/WebKit/Source/WTF/wtf/posix/ThreadingPOSIX.cpp:264:5 (jsc+0x260a419)

  Previous write of size 8 at 0x723800000f20 by main thread:
    #0 malloc /home/runner/work/llvm-project/llvm-project/compiler-rt/lib/tsan/rtl/tsan_interceptors_posix.cpp:682:5 (jsc+0x13dc20)
    #1 bmalloc::api::malloc(unsigned long, bmalloc::CompactAllocationMode, bmalloc::HeapKind) /root/WebKit/WebKitBuild/TSan/bmalloc/Headers/bmalloc/bmalloc.h:96:20 (jsc+0x2593689)
    #2 WTF::fastMalloc(unsigned long) /root/WebKit/Source/WTF/wtf/FastMalloc.cpp:337:20 (jsc+0x2593689)
    #3 JSC::DFG::JITData* WTF::ButterflyArray<JSC::DFG::JITData, JSC::HandlerPropertyInlineCache, void*>::createImpl<JSC::DFG::JITCode const&, WTF::FixedVector<JSC::MacroAssemblerCodeRef<(WTF::PtrTag)57886>, WTF::FastMalloc>>(unsigned int, unsigned int, JSC::DFG::JITCode const&, WTF::FixedVector<JSC::MacroAssemblerCodeRef<(WTF::PtrTag)57886>, WTF::FastMalloc>&&) /root/WebKit/WebKitBuild/TSan/WTF/Headers/wtf/ButterflyArray.h:59:51 (jsc+0x8b7da0)
    #4 JSC::DFG::JITData::tryCreate(JSC::VM&, JSC::CodeBlock*, JSC::DFG::JITCode const&, WTF::FixedVector<JSC::MacroAssemblerCodeRef<(WTF::PtrTag)57886>, WTF::FastMalloc>&&) /root/WebKit/Source/JavaScriptCore/dfg/DFGJITCode.h:375:46 (jsc+0x8b7da0)
    #5 JSC::DFG::Plan::tryFinalizeJITData(JSC::DFG::JITCode const&) /root/WebKit/Source/JavaScriptCore/dfg/DFGPlan.cpp:822:12 (jsc+0x8b7da0)
    #6 JSC::DFG::JITFinalizer::finalize() /root/WebKit/Source/JavaScriptCore/dfg/DFGJITFinalizer.cpp:68:24 (jsc+0x6e937b)
    #7 JSC::DFG::Plan::finalize()::$_0::operator()() const /root/WebKit/Source/JavaScriptCore/dfg/DFGPlan.cpp:665:36 (jsc+0x8b6e41)
    #8 JSC::DFG::Plan::finalize() /root/WebKit/Source/JavaScriptCore/dfg/DFGPlan.cpp:654:32 (jsc+0x8b6e41)
    #9 JSC::JITWorklist::completeAllReadyPlansForVM(JSC::VM&, JSC::JITCompilationKey) /root/WebKit/Source/JavaScriptCore/jit/JITWorklist.cpp:314:15 (jsc+0x1043459)
    #10 operationOptimize /root/WebKit/Source/JavaScriptCore/jit/JITOperations.cpp:3158:76 (jsc+0xfbf0d9)
    #11 <null> <null> (0x7fc75d802158)
    #12 JSC::evaluate(JSC::JSGlobalObject*, JSC::SourceCode const&, JSC::JSValue, WTF::NakedPtr<JSC::Exception>&) /root/WebKit/Source/JavaScriptCore/runtime/Completion.cpp:145:37 (jsc+0x13c1033)
    #13 runWithOptions(GlobalObject*, CommandLine&, bool&) /root/WebKit/Source/JavaScriptCore/jsc.cpp:3957:35 (jsc+0x1cafa5)
    #14 jscmain(int, char**)::$_0::operator()(JSC::VM&, GlobalObject*, bool&) const /root/WebKit/Source/JavaScriptCore/jsc.cpp:4686:13 (jsc+0x1cafa5)
    #15 int runJSC<jscmain(int, char**)::$_0>(CommandLine const&, bool, jscmain(int, char**)::$_0 const&) /root/WebKit/Source/JavaScriptCore/jsc.cpp:4472:13 (jsc+0x1cafa5)
    #16 jscmain(int, char**) /root/WebKit/Source/JavaScriptCore/jsc.cpp:4679:18 (jsc+0x1cafa5)
    #17 main /root/WebKit/Source/JavaScriptCore/jsc.cpp:3715:15 (jsc+0x1c97e3)

  Location is heap block of size 224 at 0x723800000ee0 allocated by main thread:
    #0 malloc /home/runner/work/llvm-project/llvm-project/compiler-rt/lib/tsan/rtl/tsan_interceptors_posix.cpp:682:5 (jsc+0x13dc20)
    #1 bmalloc::api::malloc(unsigned long, bmalloc::CompactAllocationMode, bmalloc::HeapKind) /root/WebKit/WebKitBuild/TSan/bmalloc/Headers/bmalloc/bmalloc.h:96:20 (jsc+0x2593689)
    #2 WTF::fastMalloc(unsigned long) /root/WebKit/Source/WTF/wtf/FastMalloc.cpp:337:20 (jsc+0x2593689)
    #3 JSC::DFG::JITData* WTF::ButterflyArray<JSC::DFG::JITData, JSC::HandlerPropertyInlineCache, void*>::createImpl<JSC::DFG::JITCode const&, WTF::FixedVector<JSC::MacroAssemblerCodeRef<(WTF::PtrTag)57886>, WTF::FastMalloc>>(unsigned int, unsigned int, JSC::DFG::JITCode const&, WTF::FixedVector<JSC::MacroAssemblerCodeRef<(WTF::PtrTag)57886>, WTF::FastMalloc>&&) /root/WebKit/WebKitBuild/TSan/WTF/Headers/wtf/ButterflyArray.h:59:51 (jsc+0x8b7da0)
    #4 JSC::DFG::JITData::tryCreate(JSC::VM&, JSC::CodeBlock*, JSC::DFG::JITCode const&, WTF::FixedVector<JSC::MacroAssemblerCodeRef<(WTF::PtrTag)57886>, WTF::FastMalloc>&&) /root/WebKit/Source/JavaScriptCore/dfg/DFGJITCode.h:375:46 (jsc+0x8b7da0)
    #5 JSC::DFG::Plan::tryFinalizeJITData(JSC::DFG::JITCode const&) /root/WebKit/Source/JavaScriptCore/dfg/DFGPlan.cpp:822:12 (jsc+0x8b7da0)
    #6 JSC::DFG::JITFinalizer::finalize() /root/WebKit/Source/JavaScriptCore/dfg/DFGJITFinalizer.cpp:68:24 (jsc+0x6e937b)
    #7 JSC::DFG::Plan::finalize()::$_0::operator()() const /root/WebKit/Source/JavaScriptCore/dfg/DFGPlan.cpp:665:36 (jsc+0x8b6e41)
    #8 JSC::DFG::Plan::finalize() /root/WebKit/Source/JavaScriptCore/dfg/DFGPlan.cpp:654:32 (jsc+0x8b6e41)
    #9 JSC::JITWorklist::completeAllReadyPlansForVM(JSC::VM&, JSC::JITCompilationKey) /root/WebKit/Source/JavaScriptCore/jit/JITWorklist.cpp:314:15 (jsc+0x1043459)
    #10 operationOptimize /root/WebKit/Source/JavaScriptCore/jit/JITOperations.cpp:3158:76 (jsc+0xfbf0d9)
    #11 <null> <null> (0x7fc75d802158)
    #12 JSC::evaluate(JSC::JSGlobalObject*, JSC::SourceCode const&, JSC::JSValue, WTF::NakedPtr<JSC::Exception>&) /root/WebKit/Source/JavaScriptCore/runtime/Completion.cpp:145:37 (jsc+0x13c1033)
    #13 runWithOptions(GlobalObject*, CommandLine&, bool&) /root/WebKit/Source/JavaScriptCore/jsc.cpp:3957:35 (jsc+0x1cafa5)
    #14 jscmain(int, char**)::$_0::operator()(JSC::VM&, GlobalObject*, bool&) const /root/WebKit/Source/JavaScriptCore/jsc.cpp:4686:13 (jsc+0x1cafa5)
    #15 int runJSC<jscmain(int, char**)::$_0>(CommandLine const&, bool, jscmain(int, char**)::$_0 const&) /root/WebKit/Source/JavaScriptCore/jsc.cpp:4472:13 (jsc+0x1cafa5)
    #16 jscmain(int, char**) /root/WebKit/Source/JavaScriptCore/jsc.cpp:4679:18 (jsc+0x1cafa5)
    #17 main /root/WebKit/Source/JavaScriptCore/jsc.cpp:3715:15 (jsc+0x1c97e3)

  Thread T3 'JS Thread' (tid=2651530, running) created by main thread at:
    #0 pthread_create /home/runner/work/llvm-project/llvm-project/compiler-rt/lib/tsan/rtl/tsan_interceptors_posix.cpp:1090:3 (jsc+0x13ff1a)
    #1 WTF::Thread::establishHandle(WTF::Thread::NewThreadContext&, WTF::StackAllocationSpecification, WTF::ThreadQOS, WTF::ThreadSchedulingPolicy) /root/WebKit/Source/WTF/wtf/posix/ThreadingPOSIX.cpp:354:17 (jsc+0x260a305)
    #2 WTF::Thread::create(WTF::ASCIILiteral, WTF::Function<void ()>&&, WTF::ThreadType, WTF::ThreadQOS, WTF::ThreadSchedulingPolicy, WTF::StackAllocationSpecification) /root/WebKit/Source/WTF/wtf/Threading.cpp:330:32 (jsc+0x25b0783)
    #3 JSC::constructThread(JSC::JSGlobalObject*, JSC::CallFrame*) /root/WebKit/Source/JavaScriptCore/runtime/ThreadObject.cpp:467:5 (jsc+0x1997b2f)
    #4 <null> <null> (0x7fc75d7ff217)
    #5 JSC::evaluate(JSC::JSGlobalObject*, JSC::SourceCode const&, JSC::JSValue, WTF::NakedPtr<JSC::Exception>&) /root/WebKit/Source/JavaScriptCore/runtime/Completion.cpp:145:37 (jsc+0x13c1033)
    #6 runWithOptions(GlobalObject*, CommandLine&, bool&) /root/WebKit/Source/JavaScriptCore/jsc.cpp:3957:35 (jsc+0x1cafa5)
    #7 jscmain(int, char**)::$_0::operator()(JSC::VM&, GlobalObject*, bool&) const /root/WebKit/Source/JavaScriptCore/jsc.cpp:4686:13 (jsc+0x1cafa5)
    #8 int runJSC<jscmain(int, char**)::$_0>(CommandLine const&, bool, jscmain(int, char**)::$_0 const&) /root/WebKit/Source/JavaScriptCore/jsc.cpp:4472:13 (jsc+0x1cafa5)
    #9 jscmain(int, char**) /root/WebKit/Source/JavaScriptCore/jsc.cpp:4679:18 (jsc+0x1cafa5)
    #10 main /root/WebKit/Source/JavaScriptCore/jsc.cpp:3715:15 (jsc+0x1c97e3)

SUMMARY: ThreadSanitizer: data race /root/WebKit/WebKitBuild/TSan/WTF/Headers/wtf/Vector.h:295:11 in WTF::VectorBufferBase<JSC::StructureID, WTF::FastMalloc>::VectorBufferBase()
==================
==================
WARNING: ThreadSanitizer: data race (pid=2651519)
  Write of size 4 at 0x723800000f28 by thread T3:
    #0 WTF::VectorBuffer<JSC::StructureID, 0ul, WTF::FastMalloc>::adopt(WTF::VectorBuffer<JSC::StructureID, 0ul, WTF::FastMalloc>&&) /root/WebKit/WebKitBuild/TSan/WTF/Headers/wtf/Vector.h:415:20 (jsc+0x101677d)
    #1 WTF::Vector<JSC::StructureID, 0ul, WTF::CrashOnOverflow, 16ul, WTF::FastMalloc>::Vector(WTF::Vector<JSC::StructureID, 0ul, WTF::CrashOnOverflow, 16ul, WTF::FastMalloc>&&) /root/WebKit/WebKitBuild/TSan/WTF/Headers/wtf/Vector.h:1094:11 (jsc+0x101677d)
    #2 mpark::detail::alt<1ul, WTF::Vector<JSC::StructureID, 0ul, WTF::CrashOnOverflow, 16ul, WTF::FastMalloc>>::alt<WTF::Vector<JSC::StructureID, 0ul, WTF::CrashOnOverflow, 16ul, WTF::FastMalloc>>(mpark::in_place_t, WTF::Vector<JSC::StructureID, 0ul, WTF::CrashOnOverflow, 16ul, WTF::FastMalloc>&&) /root/WebKit/WebKitBuild/TSan/WTF/Headers/wtf/Variant.h:1487:13 (jsc+0x101677d)
    #3 auto& mpark::detail::base<std::monostate, WTF::Vector<JSC::StructureID, 0ul, WTF::CrashOnOverflow, 16ul, WTF::FastMalloc>, WTF::Vector<std::tuple<JSC::StructureID, JSC::CacheableIdentifier>, 0ul, WTF::CrashOnOverflow, 16ul, WTF::FastMalloc>>::construct_alt<1ul, WTF::Vector<JSC::StructureID, 0ul, WTF::CrashOnOverflow, 16ul, WTF::FastMalloc>>(mpark::detail::base<std::monostate, WTF::Vector<JSC::StructureID, 0ul, WTF::CrashOnOverflow, 16ul, WTF::FastMalloc>, WTF::Vector<std::tuple<JSC::StructureID, JSC::CacheableIdentifier>, 0ul, WTF::CrashOnOverflow, 16ul, WTF::FastMalloc>>&, WTF::Vector<JSC::StructureID, 0ul, WTF::CrashOnOverflow, 16ul, WTF::FastMalloc>&&) /root/WebKit/WebKitBuild/TSan/WTF/Headers/wtf/Variant.h:1557:13 (jsc+0x101677d)
    #4 auto& mpark::detail::base<std::monostate, WTF::Vector<JSC::StructureID, 0ul, WTF::CrashOnOverflow, 16ul, WTF::FastMalloc>, WTF::Vector<std::tuple<JSC::StructureID, JSC::CacheableIdentifier>, 0ul, WTF::CrashOnOverflow, 16ul, WTF::FastMalloc>>::emplace<1ul, WTF::Vector<JSC::StructureID, 0ul, WTF::CrashOnOverflow, 16ul, WTF::FastMalloc>>(WTF::Vector<JSC::StructureID, 0ul, WTF::CrashOnOverflow, 16ul, WTF::FastMalloc>&&) /root/WebKit/WebKitBuild/TSan/WTF/Headers/wtf/Variant.h:1579:24 (jsc+0x101677d)
    #5 void mpark::detail::base<std::monostate, WTF::Vector<JSC::StructureID, 0ul, WTF::CrashOnOverflow, 16ul, WTF::FastMalloc>, WTF::Vector<std::tuple<JSC::StructureID, JSC::CacheableIdentifier>, 0ul, WTF::CrashOnOverflow, 16ul, WTF::FastMalloc>>::assign_alt<1ul, WTF::Vector<JSC::StructureID, 0ul, WTF::CrashOnOverflow, 16ul, WTF::FastMalloc>, WTF::Vector<JSC::StructureID, 0ul, WTF::CrashOnOverflow, 16ul, WTF::FastMalloc>>(mpark::detail::alt<1ul, WTF::Vector<JSC::StructureID, 0ul, WTF::CrashOnOverflow, 16ul, WTF::FastMalloc>>&, WTF::Vector<JSC::StructureID, 0ul, WTF::CrashOnOverflow, 16ul, WTF::FastMalloc>&&) /root/WebKit/WebKitBuild/TSan/WTF/Headers/wtf/Variant.h:1590:11 (jsc+0x101677d)
    #6 void mpark::detail::base<std::monostate, WTF::Vector<JSC::StructureID, 0ul, WTF::CrashOnOverflow, 16ul, WTF::FastMalloc>, WTF::Vector<std::tuple<JSC::StructureID, JSC::CacheableIdentifier>, 0ul, WTF::CrashOnOverflow, 16ul, WTF::FastMalloc>>::assign<1ul, WTF::Vector<JSC::StructureID, 0ul, WTF::CrashOnOverflow, 16ul, WTF::FastMalloc>>(WTF::Vector<JSC::StructureID, 0ul, WTF::CrashOnOverflow, 16ul, WTF::FastMalloc>&&) /root/WebKit/WebKitBuild/TSan/WTF/Headers/wtf/Variant.h:1612:9 (jsc+0x101677d)
    #7 mpark::variant<std::monostate, WTF::Vector<JSC::StructureID, 0ul, WTF::CrashOnOverflow, 16ul, WTF::FastMalloc>, WTF::Vector<std::tuple<JSC::StructureID, JSC::CacheableIdentifier>, 0ul, WTF::CrashOnOverflow, 16ul, WTF::FastMalloc>>& mpark::variant<std::monostate, WTF::Vector<JSC::StructureID, 0ul, WTF::CrashOnOverflow, 16ul, WTF::FastMalloc>, WTF::Vector<std::tuple<JSC::StructureID, JSC::CacheableIdentifier>, 0ul, WTF::CrashOnOverflow, 16ul, WTF::FastMalloc>>::operator=<WTF::Vector<JSC::StructureID, 0ul, WTF::CrashOnOverflow, 16ul, WTF::FastMalloc>, 0, 1ul, WTF::Vector<JSC::StructureID, 0ul, WTF::CrashOnOverflow, 16ul, WTF::FastMalloc>, 0>(WTF::Vector<JSC::StructureID, 0ul, WTF::CrashOnOverflow, 16ul, WTF::FastMalloc>&&) /root/WebKit/WebKitBuild/TSan/WTF/Headers/wtf/Variant.h:1947:22 (jsc+0x101677d)
    #8 JSC::PropertyInlineCache::considerRepatchingCacheImpl(JSC::VM&, JSC::CodeBlock*, JSC::Structure*, JSC::CacheableIdentifier) /root/WebKit/Source/JavaScriptCore/bytecode/PropertyInlineCache.h:432:46 (jsc+0x10163ff)
    #9 JSC::PropertyInlineCache::considerRepatchingCacheBy(JSC::VM&, JSC::CodeBlock*, JSC::Structure*, JSC::CacheableIdentifier) /root/WebKit/Source/JavaScriptCore/bytecode/PropertyInlineCache.h:335:16 (jsc+0xfa1f27)
    #10 operationGetByIdOptimize::$_0::operator()(bool, JSC::PropertySlot&) const /root/WebKit/Source/JavaScriptCore/jit/JITOperations.cpp:583:5 (jsc+0xfa1f27)
    #11 std::invoke_result<operationGetByIdOptimize::$_0, bool, JSC::PropertySlot&>::type JSC::JSValue::getPropertySlot<operationGetByIdOptimize::$_0>(JSC::JSGlobalObject*, JSC::PropertyName, JSC::PropertySlot&, operationGetByIdOptimize::$_0) const /root/WebKit/Source/JavaScriptCore/runtime/JSCJSValuePropertyInlines.h:70:5 (jsc+0xfa1f27)
    #12 std::invoke_result<operationGetByIdOptimize::$_0, bool, JSC::PropertySlot&>::type JSC::JSValue::getPropertySlot<operationGetByIdOptimize::$_0>(JSC::JSGlobalObject*, JSC::PropertyName, operationGetByIdOptimize::$_0) const /root/WebKit/Source/JavaScriptCore/runtime/JSCJSValuePropertyInlines.h:61:12 (jsc+0xfa1f27)
    #13 operationGetByIdOptimize /root/WebKit/Source/JavaScriptCore/jit/JITOperations.cpp:583:5 (jsc+0xfa1f27)
    #14 <null> <null> (0x7fc75d802184)
    #15 JSC::Interpreter::executeCall(JSC::JSObject*, JSC::CallData const&, JSC::JSValue, JSC::JSCell*, JSC::ArgList const&) /root/WebKit/Source/JavaScriptCore/interpreter/Interpreter.cpp (jsc+0xe89b6d)
    #16 JSC::call(JSC::JSGlobalObject*, JSC::JSValue, JSC::CallData const&, JSC::JSValue, JSC::ArgList const&) /root/WebKit/Source/JavaScriptCore/runtime/CallData.cpp:70:27 (jsc+0x135dec1)
    #17 JSC::call(JSC::JSGlobalObject*, JSC::JSValue, JSC::CallData const&, JSC::JSValue, JSC::ArgList const&, WTF::NakedPtr<JSC::Exception>&) /root/WebKit/Source/JavaScriptCore/runtime/CallData.cpp:77:22 (jsc+0x135dec1)
    #18 JSC::threadMain(JSC::VM&, WTF::Ref<JSC::ThreadState, WTF::RawPtrTraits<JSC::ThreadState>, WTF::DefaultRefDerefTraits<JSC::ThreadState>>) /root/WebKit/Source/JavaScriptCore/runtime/ThreadObject.cpp:241:30 (jsc+0x199f5cc)
    #19 JSC::constructThread(JSC::JSGlobalObject*, JSC::CallFrame*)::$_0::operator()() /root/WebKit/Source/JavaScriptCore/runtime/ThreadObject.cpp:468:9 (jsc+0x199f5cc)
    #20 WTF::Detail::CallableWrapper<JSC::constructThread(JSC::JSGlobalObject*, JSC::CallFrame*)::$_0, void>::call() /root/WebKit/WebKitBuild/TSan/WTF/Headers/wtf/Function.h:59:39 (jsc+0x199f5cc)
    #21 WTF::Function<void ()>::operator()() const /root/WebKit/Source/WTF/wtf/Function.h:103:35 (jsc+0x25b0445)
    #22 WTF::Thread::entryPoint(WTF::Thread::NewThreadContext*) /root/WebKit/Source/WTF/wtf/Threading.cpp:312:5 (jsc+0x25b0445)
    #23 WTF::wtfThreadEntryPoint(void*) /root/WebKit/Source/WTF/wtf/posix/ThreadingPOSIX.cpp:264:5 (jsc+0x260a419)

  Previous write of size 8 at 0x723800000f28 by main thread:
    #0 malloc /home/runner/work/llvm-project/llvm-project/compiler-rt/lib/tsan/rtl/tsan_interceptors_posix.cpp:682:5 (jsc+0x13dc20)
    #1 bmalloc::api::malloc(unsigned long, bmalloc::CompactAllocationMode, bmalloc::HeapKind) /root/WebKit/WebKitBuild/TSan/bmalloc/Headers/bmalloc/bmalloc.h:96:20 (jsc+0x2593689)
    #2 WTF::fastMalloc(unsigned long) /root/WebKit/Source/WTF/wtf/FastMalloc.cpp:337:20 (jsc+0x2593689)
    #3 JSC::DFG::JITData* WTF::ButterflyArray<JSC::DFG::JITData, JSC::HandlerPropertyInlineCache, void*>::createImpl<JSC::DFG::JITCode const&, WTF::FixedVector<JSC::MacroAssemblerCodeRef<(WTF::PtrTag)57886>, WTF::FastMalloc>>(unsigned int, unsigned int, JSC::DFG::JITCode const&, WTF::FixedVector<JSC::MacroAssemblerCodeRef<(WTF::PtrTag)57886>, WTF::FastMalloc>&&) /root/WebKit/WebKitBuild/TSan/WTF/Headers/wtf/ButterflyArray.h:59:51 (jsc+0x8b7da0)
    #4 JSC::DFG::JITData::tryCreate(JSC::VM&, JSC::CodeBlock*, JSC::DFG::JITCode const&, WTF::FixedVector<JSC::MacroAssemblerCodeRef<(WTF::PtrTag)57886>, WTF::FastMalloc>&&) /root/WebKit/Source/JavaScriptCore/dfg/DFGJITCode.h:375:46 (jsc+0x8b7da0)
    #5 JSC::DFG::Plan::tryFinalizeJITData(JSC::DFG::JITCode const&) /root/WebKit/Source/JavaScriptCore/dfg/DFGPlan.cpp:822:12 (jsc+0x8b7da0)
    #6 JSC::DFG::JITFinalizer::finalize() /root/WebKit/Source/JavaScriptCore/dfg/DFGJITFinalizer.cpp:68:24 (jsc+0x6e937b)
    #7 JSC::DFG::Plan::finalize()::$_0::operator()() const /root/WebKit/Source/JavaScriptCore/dfg/DFGPlan.cpp:665:36 (jsc+0x8b6e41)
    #8 JSC::DFG::Plan::finalize() /root/WebKit/Source/JavaScriptCore/dfg/DFGPlan.cpp:654:32 (jsc+0x8b6e41)
    #9 JSC::JITWorklist::completeAllReadyPlansForVM(JSC::VM&, JSC::JITCompilationKey) /root/WebKit/Source/JavaScriptCore/jit/JITWorklist.cpp:314:15 (jsc+0x1043459)
    #10 operationOptimize /root/WebKit/Source/JavaScriptCore/jit/JITOperations.cpp:3158:76 (jsc+0xfbf0d9)
    #11 <null> <null> (0x7fc75d802158)
    #12 JSC::evaluate(JSC::JSGlobalObject*, JSC::SourceCode const&, JSC::JSValue, WTF::NakedPtr<JSC::Exception>&) /root/WebKit/Source/JavaScriptCore/runtime/Completion.cpp:145:37 (jsc+0x13c1033)
    #13 runWithOptions(GlobalObject*, CommandLine&, bool&) /root/WebKit/Source/JavaScriptCore/jsc.cpp:3957:35 (jsc+0x1cafa5)
    #14 jscmain(int, char**)::$_0::operator()(JSC::VM&, GlobalObject*, bool&) const /root/WebKit/Source/JavaScriptCore/jsc.cpp:4686:13 (jsc+0x1cafa5)
    #15 int runJSC<jscmain(int, char**)::$_0>(CommandLine const&, bool, jscmain(int, char**)::$_0 const&) /root/WebKit/Source/JavaScriptCore/jsc.cpp:4472:13 (jsc+0x1cafa5)
    #16 jscmain(int, char**) /root/WebKit/Source/JavaScriptCore/jsc.cpp:4679:18 (jsc+0x1cafa5)
    #17 main /root/WebKit/Source/JavaScriptCore/jsc.cpp:3715:15 (jsc+0x1c97e3)

  Location is heap block of size 224 at 0x723800000ee0 allocated by main thread:
    #0 malloc /home/runner/work/llvm-project/llvm-project/compiler-rt/lib/tsan/rtl/tsan_interceptors_posix.cpp:682:5 (jsc+0x13dc20)
    #1 bmalloc::api::malloc(unsigned long, bmalloc::CompactAllocationMode, bmalloc::HeapKind) /root/WebKit/WebKitBuild/TSan/bmalloc/Headers/bmalloc/bmalloc.h:96:20 (jsc+0x2593689)
    #2 WTF::fastMalloc(unsigned long) /root/WebKit/Source/WTF/wtf/FastMalloc.cpp:337:20 (jsc+0x2593689)
    #3 JSC::DFG::JITData* WTF::ButterflyArray<JSC::DFG::JITData, JSC::HandlerPropertyInlineCache, void*>::createImpl<JSC::DFG::JITCode const&, WTF::FixedVector<JSC::MacroAssemblerCodeRef<(WTF::PtrTag)57886>, WTF::FastMalloc>>(unsigned int, unsigned int, JSC::DFG::JITCode const&, WTF::FixedVector<JSC::MacroAssemblerCodeRef<(WTF::PtrTag)57886>, WTF::FastMalloc>&&) /root/WebKit/WebKitBuild/TSan/WTF/Headers/wtf/ButterflyArray.h:59:51 (jsc+0x8b7da0)
    #4 JSC::DFG::JITData::tryCreate(JSC::VM&, JSC::CodeBlock*, JSC::DFG::JITCode const&, WTF::FixedVector<JSC::MacroAssemblerCodeRef<(WTF::PtrTag)57886>, WTF::FastMalloc>&&) /root/WebKit/Source/JavaScriptCore/dfg/DFGJITCode.h:375:46 (jsc+0x8b7da0)
    #5 JSC::DFG::Plan::tryFinalizeJITData(JSC::DFG::JITCode const&) /root/WebKit/Source/JavaScriptCore/dfg/DFGPlan.cpp:822:12 (jsc+0x8b7da0)
    #6 JSC::DFG::JITFinalizer::finalize() /root/WebKit/Source/JavaScriptCore/dfg/DFGJITFinalizer.cpp:68:24 (jsc+0x6e937b)
    #7 JSC::DFG::Plan::finalize()::$_0::operator()() const /root/WebKit/Source/JavaScriptCore/dfg/DFGPlan.cpp:665:36 (jsc+0x8b6e41)
    #8 JSC::DFG::Plan::finalize() /root/WebKit/Source/JavaScriptCore/dfg/DFGPlan.cpp:654:32 (jsc+0x8b6e41)
    #9 JSC::JITWorklist::completeAllReadyPlansForVM(JSC::VM&, JSC::JITCompilationKey) /root/WebKit/Source/JavaScriptCore/jit/JITWorklist.cpp:314:15 (jsc+0x1043459)
    #10 operationOptimize /root/WebKit/Source/JavaScriptCore/jit/JITOperations.cpp:3158:76 (jsc+0xfbf0d9)
    #11 <null> <null> (0x7fc75d802158)
    #12 JSC::evaluate(JSC::JSGlobalObject*, JSC::SourceCode const&, JSC::JSValue, WTF::NakedPtr<JSC::Exception>&) /root/WebKit/Source/JavaScriptCore/runtime/Completion.cpp:145:37 (jsc+0x13c1033)
    #13 runWithOptions(GlobalObject*, CommandLine&, bool&) /root/WebKit/Source/JavaScriptCore/jsc.cpp:3957:35 (jsc+0x1cafa5)
    #14 jscmain(int, char**)::$_0::operator()(JSC::VM&, GlobalObject*, bool&) const /root/WebKit/Source/JavaScriptCore/jsc.cpp:4686:13 (jsc+0x1cafa5)
    #15 int runJSC<jscmain(int, char**)::$_0>(CommandLine const&, bool, jscmain(int, char**)::$_0 const&) /root/WebKit/Source/JavaScriptCore/jsc.cpp:4472:13 (jsc+0x1cafa5)
    #16 jscmain(int, char**) /root/WebKit/Source/JavaScriptCore/jsc.cpp:4679:18 (jsc+0x1cafa5)
    #17 main /root/WebKit/Source/JavaScriptCore/jsc.cpp:3715:15 (jsc+0x1c97e3)

  Thread T3 'JS Thread' (tid=2651530, running) created by main thread at:
    #0 pthread_create /home/runner/work/llvm-project/llvm-project/compiler-rt/lib/tsan/rtl/tsan_interceptors_posix.cpp:1090:3 (jsc+0x13ff1a)
    #1 WTF::Thread::establishHandle(WTF::Thread::NewThreadContext&, WTF::StackAllocationSpecification, WTF::ThreadQOS, WTF::ThreadSchedulingPolicy) /root/WebKit/Source/WTF/wtf/posix/ThreadingPOSIX.cpp:354:17 (jsc+0x260a305)
    #2 WTF::Thread::create(WTF::ASCIILiteral, WTF::Function<void ()>&&, WTF::ThreadType, WTF::ThreadQOS, WTF::ThreadSchedulingPolicy, WTF::StackAllocationSpecification) /root/WebKit/Source/WTF/wtf/Threading.cpp:330:32 (jsc+0x25b0783)
    #3 JSC::constructThread(JSC::JSGlobalObject*, JSC::CallFrame*) /root/WebKit/Source/JavaScriptCore/runtime/ThreadObject.cpp:467:5 (jsc+0x1997b2f)
    #4 <null> <null> (0x7fc75d7ff217)
    #5 JSC::evaluate(JSC::JSGlobalObject*, JSC::SourceCode const&, JSC::JSValue, WTF::NakedPtr<JSC::Exception>&) /root/WebKit/Source/JavaScriptCore/runtime/Completion.cpp:145:37 (jsc+0x13c1033)
    #6 runWithOptions(GlobalObject*, CommandLine&, bool&) /root/WebKit/Source/JavaScriptCore/jsc.cpp:3957:35 (jsc+0x1cafa5)
    #7 jscmain(int, char**)::$_0::operator()(JSC::VM&, GlobalObject*, bool&) const /root/WebKit/Source/JavaScriptCore/jsc.cpp:4686:13 (jsc+0x1cafa5)
    #8 int runJSC<jscmain(int, char**)::$_0>(CommandLine const&, bool, jscmain(int, char**)::$_0 const&) /root/WebKit/Source/JavaScriptCore/jsc.cpp:4472:13 (jsc+0x1cafa5)
    #9 jscmain(int, char**) /root/WebKit/Source/JavaScriptCore/jsc.cpp:4679:18 (jsc+0x1cafa5)
    #10 main /root/WebKit/Source/JavaScriptCore/jsc.cpp:3715:15 (jsc+0x1c97e3)

SUMMARY: ThreadSanitizer: data race /root/WebKit/WebKitBuild/TSan/WTF/Headers/wtf/Vector.h:415:20 in WTF::VectorBuffer<JSC::StructureID, 0ul, WTF::FastMalloc>::adopt(WTF::VectorBuffer<JSC::StructureID, 0ul, WTF::FastMalloc>&&)
==================
int-gate-epoch-reclaim: PASS (pre-integration legacy-GC variant; rerun with -- int-gate at M4/CS2)
ThreadSanitizer: reported 7 warnings
