JSC: disabling useWasm under GIL-off (wasm glue still reads the raw VM-block exception word; not yet audited for UNGIL §A.1.3 COMPILED-FOR-VM; see AB-17 status block in VMEntryScope.cpp).
==================
WARNING: ThreadSanitizer: data race (pid=2652310)
  Write of size 8 at 0x7feba004d718 by thread T15:
    #0 JSC::Heap::addToRememberedSet(JSC::JSCell const*) /root/WebKit/Source/JavaScriptCore/heap/Heap.cpp:1447:23 (jsc+0xdd1ed5)
    #1 JSC::Heap::writeBarrierSlowPath(JSC::JSCell const*) /root/WebKit/Source/JavaScriptCore/heap/Heap.cpp:3399:5 (jsc+0xdde2f6)
    #2 JSC::Heap::writeBarrier(JSC::JSCell const*) /root/WebKit/Source/JavaScriptCore/heap/HeapInlines.h:135:9 (jsc+0x13b4894)
    #3 slow_path_enter /root/WebKit/Source/JavaScriptCore/runtime/CommonSlowPaths.cpp:1192:28 (jsc+0x13b4894)
    #4 llint_op_enter LowLevelInterpreter.cpp (jsc+0x1e0082b)
    #5 JSC::Interpreter::executeCall(JSC::JSObject*, JSC::CallData const&, JSC::JSValue, JSC::JSCell*, JSC::ArgList const&) /root/WebKit/Source/JavaScriptCore/interpreter/Interpreter.cpp (jsc+0xe89b6d)
    #6 JSC::call(JSC::JSGlobalObject*, JSC::JSValue, JSC::CallData const&, JSC::JSValue, JSC::ArgList const&) /root/WebKit/Source/JavaScriptCore/runtime/CallData.cpp:70:27 (jsc+0x135dec1)
    #7 JSC::call(JSC::JSGlobalObject*, JSC::JSValue, JSC::CallData const&, JSC::JSValue, JSC::ArgList const&, WTF::NakedPtr<JSC::Exception>&) /root/WebKit/Source/JavaScriptCore/runtime/CallData.cpp:77:22 (jsc+0x135dec1)
    #8 JSC::threadMain(JSC::VM&, WTF::Ref<JSC::ThreadState, WTF::RawPtrTraits<JSC::ThreadState>, WTF::DefaultRefDerefTraits<JSC::ThreadState>>) /root/WebKit/Source/JavaScriptCore/runtime/ThreadObject.cpp:241:30 (jsc+0x199f5cc)
    #9 JSC::constructThread(JSC::JSGlobalObject*, JSC::CallFrame*)::$_0::operator()() /root/WebKit/Source/JavaScriptCore/runtime/ThreadObject.cpp:468:9 (jsc+0x199f5cc)
    #10 WTF::Detail::CallableWrapper<JSC::constructThread(JSC::JSGlobalObject*, JSC::CallFrame*)::$_0, void>::call() /root/WebKit/WebKitBuild/TSan/WTF/Headers/wtf/Function.h:59:39 (jsc+0x199f5cc)
    #11 WTF::Function<void ()>::operator()() const /root/WebKit/Source/WTF/wtf/Function.h:103:35 (jsc+0x25b0445)
    #12 WTF::Thread::entryPoint(WTF::Thread::NewThreadContext*) /root/WebKit/Source/WTF/wtf/Threading.cpp:312:5 (jsc+0x25b0445)
    #13 WTF::wtfThreadEntryPoint(void*) /root/WebKit/Source/WTF/wtf/posix/ThreadingPOSIX.cpp:264:5 (jsc+0x260a419)

  Previous write of size 8 at 0x7feba004d718 by main thread:
    #0 JSC::Heap::addToRememberedSet(JSC::JSCell const*) /root/WebKit/Source/JavaScriptCore/heap/Heap.cpp:1447:23 (jsc+0xdd1ed5)
    #1 JSC::Heap::writeBarrierSlowPath(JSC::JSCell const*) /root/WebKit/Source/JavaScriptCore/heap/Heap.cpp:3399:5 (jsc+0xdde2f6)
    #2 JSC::Structure::allocateRareData(JSC::VM&) /root/WebKit/Source/JavaScriptCore/runtime/Structure.cpp (jsc+0x190a03e)
    #3 JSC::Structure::ensurePropertyReplacementWatchpointSet(JSC::VM&, int) /root/WebKit/Source/JavaScriptCore/runtime/Structure.cpp:1979:9 (jsc+0x190a331)
    #4 JSC::Structure::startWatchingPropertyForReplacements(JSC::VM&, int) /root/WebKit/Source/JavaScriptCore/runtime/Structure.h:973:9 (jsc+0x346c49)
    #5 JSC::InlineCacheCompiler::compileOneAccessCaseHandler(WTF::Vector<JSC::AccessCase*, 16ul, WTF::CrashOnOverflow, 16ul, WTF::FastMalloc> const&, JSC::CodeBlock*, JSC::AccessCase&, WTF::Vector<JSC::WatchpointSet*, 8ul, WTF::CrashOnOverflow, 16ul, WTF::FastMalloc>&&) /root/WebKit/Source/JavaScriptCore/bytecode/InlineCacheCompiler.cpp:7542:48 (jsc+0x346c49)
    #6 JSC::InlineCacheCompiler::compileHandler(JSC::GCSafeConcurrentJSLocker const&, WTF::Vector<JSC::AccessCase*, 16ul, WTF::CrashOnOverflow, 16ul, WTF::FastMalloc>&&, JSC::CodeBlock*, JSC::AccessCase&) /root/WebKit/Source/JavaScriptCore/bytecode/InlineCacheCompiler.cpp:7446:12 (jsc+0x342f52)
    #7 JSC::PropertyInlineCache::addAccessCase(JSC::GCSafeConcurrentJSLocker const&, JSC::JSGlobalObject*, JSC::CodeBlock*, JSC::ECMAMode, JSC::CacheableIdentifier, WTF::RefPtr<JSC::AccessCase, WTF::RawPtrTraits<JSC::AccessCase>, WTF::DefaultRefDerefTraits<JSC::AccessCase>>)::$_0::operator()(WTF::Ref<JSC::AccessCase, WTF::RawPtrTraits<JSC::AccessCase>, WTF::DefaultRefDerefTraits<JSC::AccessCase>>&&) const /root/WebKit/Source/JavaScriptCore/bytecode/PropertyInlineCache.cpp:304:29 (jsc+0x381f55)
    #8 JSC::PropertyInlineCache::addAccessCase(JSC::GCSafeConcurrentJSLocker const&, JSC::JSGlobalObject*, JSC::CodeBlock*, JSC::ECMAMode, JSC::CacheableIdentifier, WTF::RefPtr<JSC::AccessCase, WTF::RawPtrTraits<JSC::AccessCase>, WTF::DefaultRefDerefTraits<JSC::AccessCase>>) /root/WebKit/Source/JavaScriptCore/bytecode/PropertyInlineCache.cpp:276:37 (jsc+0x381f55)
    #9 JSC::tryCacheGetBy(JSC::JSGlobalObject*, JSC::CodeBlock*, JSC::JSValue, JSC::CacheableIdentifier, JSC::PropertySlot const&, JSC::PropertyInlineCache&, JSC::GetByKind, bool) /root/WebKit/Source/JavaScriptCore/bytecode/Repatch.cpp:906:32 (jsc+0x39b5e4)
    #10 JSC::repatchGetBy(JSC::JSGlobalObject*, JSC::CodeBlock*, JSC::JSValue, JSC::CacheableIdentifier, JSC::PropertySlot const&, JSC::PropertyInlineCache&, JSC::GetByKind, bool) /root/WebKit/Source/JavaScriptCore/bytecode/Repatch.cpp:923:13 (jsc+0x39b5e4)
    #11 operationGetByIdOptimize::$_0::operator()(bool, JSC::PropertySlot&) const /root/WebKit/Source/JavaScriptCore/jit/JITOperations.cpp:583:5 (jsc+0xfa1f5b)
    #12 std::invoke_result<operationGetByIdOptimize::$_0, bool, JSC::PropertySlot&>::type JSC::JSValue::getPropertySlot<operationGetByIdOptimize::$_0>(JSC::JSGlobalObject*, JSC::PropertyName, JSC::PropertySlot&, operationGetByIdOptimize::$_0) const /root/WebKit/Source/JavaScriptCore/runtime/JSCJSValuePropertyInlines.h:70:5 (jsc+0xfa1f5b)
    #13 std::invoke_result<operationGetByIdOptimize::$_0, bool, JSC::PropertySlot&>::type JSC::JSValue::getPropertySlot<operationGetByIdOptimize::$_0>(JSC::JSGlobalObject*, JSC::PropertyName, operationGetByIdOptimize::$_0) const /root/WebKit/Source/JavaScriptCore/runtime/JSCJSValuePropertyInlines.h:61:12 (jsc+0xfa1f5b)
    #14 operationGetByIdOptimize /root/WebKit/Source/JavaScriptCore/jit/JITOperations.cpp:583:5 (jsc+0xfa1f5b)
    #15 <null> <null> (0x7feb5e402ac4)
    #16 JSC::evaluate(JSC::JSGlobalObject*, JSC::SourceCode const&, JSC::JSValue, WTF::NakedPtr<JSC::Exception>&) /root/WebKit/Source/JavaScriptCore/runtime/Completion.cpp:145:37 (jsc+0x13c1033)
    #17 runWithOptions(GlobalObject*, CommandLine&, bool&) /root/WebKit/Source/JavaScriptCore/jsc.cpp:3957:35 (jsc+0x1cafa5)
    #18 jscmain(int, char**)::$_0::operator()(JSC::VM&, GlobalObject*, bool&) const /root/WebKit/Source/JavaScriptCore/jsc.cpp:4686:13 (jsc+0x1cafa5)
    #19 int runJSC<jscmain(int, char**)::$_0>(CommandLine const&, bool, jscmain(int, char**)::$_0 const&) /root/WebKit/Source/JavaScriptCore/jsc.cpp:4472:13 (jsc+0x1cafa5)
    #20 jscmain(int, char**) /root/WebKit/Source/JavaScriptCore/jsc.cpp:4679:18 (jsc+0x1cafa5)
    #21 main /root/WebKit/Source/JavaScriptCore/jsc.cpp:3715:15 (jsc+0x1c97e3)

  Location is heap block of size 150856 at 0x7feba004d000 allocated by main thread:
    #0 malloc /home/runner/work/llvm-project/llvm-project/compiler-rt/lib/tsan/rtl/tsan_interceptors_posix.cpp:682:5 (jsc+0x13dc20)
    #1 bmalloc::api::malloc(unsigned long, bmalloc::CompactAllocationMode, bmalloc::HeapKind) /root/WebKit/WebKitBuild/TSan/bmalloc/Headers/bmalloc/bmalloc.h:96:20 (jsc+0x2593689)
    #2 WTF::fastMalloc(unsigned long) /root/WebKit/Source/WTF/wtf/FastMalloc.cpp:337:20 (jsc+0x2593689)
    #3 JSC::VM::operator new(unsigned long) /root/WebKit/Source/JavaScriptCore/runtime/VM.h:253:5 (jsc+0x19bb3b6)
    #4 JSC::VM::create(JSC::HeapType, WTF::RunLoop*) /root/WebKit/Source/JavaScriptCore/runtime/VM.cpp:1234:22 (jsc+0x19bb3b6)
    #5 int runJSC<jscmain(int, char**)::$_0>(CommandLine const&, bool, jscmain(int, char**)::$_0 const&) /root/WebKit/Source/JavaScriptCore/jsc.cpp:4438:14 (jsc+0x1c9d6d)
    #6 jscmain(int, char**) /root/WebKit/Source/JavaScriptCore/jsc.cpp:4679:18 (jsc+0x1c9d6d)
    #7 main /root/WebKit/Source/JavaScriptCore/jsc.cpp:3715:15 (jsc+0x1c97e3)

  Thread T15 'JS Thread' (tid=2652462, running) created by main thread at:
    #0 pthread_create /home/runner/work/llvm-project/llvm-project/compiler-rt/lib/tsan/rtl/tsan_interceptors_posix.cpp:1090:3 (jsc+0x13ff1a)
    #1 WTF::Thread::establishHandle(WTF::Thread::NewThreadContext&, WTF::StackAllocationSpecification, WTF::ThreadQOS, WTF::ThreadSchedulingPolicy) /root/WebKit/Source/WTF/wtf/posix/ThreadingPOSIX.cpp:354:17 (jsc+0x260a305)
    #2 WTF::Thread::create(WTF::ASCIILiteral, WTF::Function<void ()>&&, WTF::ThreadType, WTF::ThreadQOS, WTF::ThreadSchedulingPolicy, WTF::StackAllocationSpecification) /root/WebKit/Source/WTF/wtf/Threading.cpp:330:32 (jsc+0x25b0783)
    #3 JSC::constructThread(JSC::JSGlobalObject*, JSC::CallFrame*) /root/WebKit/Source/JavaScriptCore/runtime/ThreadObject.cpp:467:5 (jsc+0x1997b2f)
    #4 <null> <null> (0x7feb5e3ff217)
    #5 JSC::evaluate(JSC::JSGlobalObject*, JSC::SourceCode const&, JSC::JSValue, WTF::NakedPtr<JSC::Exception>&) /root/WebKit/Source/JavaScriptCore/runtime/Completion.cpp:145:37 (jsc+0x13c1033)
    #6 runWithOptions(GlobalObject*, CommandLine&, bool&) /root/WebKit/Source/JavaScriptCore/jsc.cpp:3957:35 (jsc+0x1cafa5)
    #7 jscmain(int, char**)::$_0::operator()(JSC::VM&, GlobalObject*, bool&) const /root/WebKit/Source/JavaScriptCore/jsc.cpp:4686:13 (jsc+0x1cafa5)
    #8 int runJSC<jscmain(int, char**)::$_0>(CommandLine const&, bool, jscmain(int, char**)::$_0 const&) /root/WebKit/Source/JavaScriptCore/jsc.cpp:4472:13 (jsc+0x1cafa5)
    #9 jscmain(int, char**) /root/WebKit/Source/JavaScriptCore/jsc.cpp:4679:18 (jsc+0x1cafa5)
    #10 main /root/WebKit/Source/JavaScriptCore/jsc.cpp:3715:15 (jsc+0x1c97e3)

SUMMARY: ThreadSanitizer: data race /root/WebKit/Source/JavaScriptCore/heap/Heap.cpp:1447:23 in JSC::Heap::addToRememberedSet(JSC::JSCell const*)
==================
ThreadSanitizer: reported 1 warnings
