JSC: disabling useWasm under GIL-off (wasm glue still reads the raw VM-block exception word; not yet audited for UNGIL §A.1.3 COMPILED-FOR-VM; see AB-17 status block in VMEntryScope.cpp).
==================
WARNING: ThreadSanitizer: data race (pid=2652580)
  Write of size 4 at 0x7214000012d0 by thread T13:
    #0 WTF::FastBitReference::operator=(bool) /root/WebKit/WebKitBuild/TSan/WTF/Headers/wtf/FastBitVector.h (jsc+0x7e8faf)
    #1 JSC::BlockDirectoryBits::setIsDestructible(unsigned long, bool) /root/WebKit/WebKitBuild/TSan/JavaScriptCore/PrivateHeaders/JavaScriptCore/BlockDirectoryBits.h:185:5 (jsc+0x7e8faf)
    #2 JSC::BlockDirectory::setIsDestructible(unsigned long, bool) /root/WebKit/Source/JavaScriptCore/heap/BlockDirectory.h:117:5 (jsc+0x7e8faf)
    #3 JSC::BlockDirectory::setIsDestructible(JSC::MarkedBlock::Handle*, bool) /root/WebKit/Source/JavaScriptCore/heap/BlockDirectory.h:117:5 (jsc+0x7e8faf)
    #4 JSC::MarkedBlock::Handle::setIsDestructible(bool) /root/WebKit/WebKitBuild/TSan/JavaScriptCore/PrivateHeaders/JavaScriptCore/MarkedBlockInlines.h:459:25 (jsc+0x7e8faf)
    #5 JSC::HeapCell::notifyNeedsDestruction() const /root/WebKit/Source/JavaScriptCore/heap/HeapCellInlines.h:109:28 (jsc+0x7e8faf)
    #6 JSC::JSRopeString::convertToNonRope(WTF::String&&) const /root/WebKit/Source/JavaScriptCore/runtime/JSStringInlines.h:420:9 (jsc+0x7e8ed0)
    #7 JSC::JSRopeString::resolveRopeToAtomString(JSC::JSGlobalObject*) const /root/WebKit/Source/JavaScriptCore/runtime/JSString.cpp:210:5 (jsc+0x1702b15)
    #8 JSC::JSRopeString::toIdentifier(JSC::JSGlobalObject*) const /root/WebKit/WebKitBuild/TSan/JavaScriptCore/PrivateHeaders/JavaScriptCore/JSString.h:935:63 (jsc+0x1d1b31)
    #9 JSC::JSString::toIdentifier(JSC::JSGlobalObject*) const /root/WebKit/WebKitBuild/TSan/JavaScriptCore/PrivateHeaders/JavaScriptCore/JSString.h:982:56 (jsc+0x1d1b31)
    #10 JSC::JSValue::toPropertyKey(JSC::JSGlobalObject*) const /root/WebKit/Source/JavaScriptCore/runtime/JSCJSValueInlines.h (jsc+0x1c5972)
    #11 llint_slow_path_put_by_val /root/WebKit/Source/JavaScriptCore/llint/LLIntSlowPaths.cpp:1580:31 (jsc+0x1088915)
    #12 llint_op_put_by_val LowLevelInterpreter.cpp (jsc+0x1e0b123)
    #13 JSC::Interpreter::executeCall(JSC::JSObject*, JSC::CallData const&, JSC::JSValue, JSC::JSCell*, JSC::ArgList const&) /root/WebKit/Source/JavaScriptCore/interpreter/Interpreter.cpp (jsc+0xe89b6d)
    #14 JSC::call(JSC::JSGlobalObject*, JSC::JSValue, JSC::CallData const&, JSC::JSValue, JSC::ArgList const&) /root/WebKit/Source/JavaScriptCore/runtime/CallData.cpp:70:27 (jsc+0x135dec1)
    #15 JSC::call(JSC::JSGlobalObject*, JSC::JSValue, JSC::CallData const&, JSC::JSValue, JSC::ArgList const&, WTF::NakedPtr<JSC::Exception>&) /root/WebKit/Source/JavaScriptCore/runtime/CallData.cpp:77:22 (jsc+0x135dec1)
    #16 JSC::threadMain(JSC::VM&, WTF::Ref<JSC::ThreadState, WTF::RawPtrTraits<JSC::ThreadState>, WTF::DefaultRefDerefTraits<JSC::ThreadState>>) /root/WebKit/Source/JavaScriptCore/runtime/ThreadObject.cpp:241:30 (jsc+0x199f5cc)
    #17 JSC::constructThread(JSC::JSGlobalObject*, JSC::CallFrame*)::$_0::operator()() /root/WebKit/Source/JavaScriptCore/runtime/ThreadObject.cpp:468:9 (jsc+0x199f5cc)
    #18 WTF::Detail::CallableWrapper<JSC::constructThread(JSC::JSGlobalObject*, JSC::CallFrame*)::$_0, void>::call() /root/WebKit/WebKitBuild/TSan/WTF/Headers/wtf/Function.h:59:39 (jsc+0x199f5cc)
    #19 WTF::Function<void ()>::operator()() const /root/WebKit/Source/WTF/wtf/Function.h:103:35 (jsc+0x25b0445)
    #20 WTF::Thread::entryPoint(WTF::Thread::NewThreadContext*) /root/WebKit/Source/WTF/wtf/Threading.cpp:312:5 (jsc+0x25b0445)
    #21 WTF::wtfThreadEntryPoint(void*) /root/WebKit/Source/WTF/wtf/posix/ThreadingPOSIX.cpp:264:5 (jsc+0x260a419)

  Previous read of size 4 at 0x7214000012d0 by thread T14:
    #0 JSC::BlockDirectoryBits::BlockDirectoryBitVectorWordView<(JSC::BlockDirectoryBits::Kind)4>::word(unsigned long) const /root/WebKit/WebKitBuild/TSan/JavaScriptCore/PrivateHeaders/JavaScriptCore/BlockDirectoryBits.h:98:20 (jsc+0xe43f34)
    #1 WTF::FastBitVectorImpl<JSC::BlockDirectoryBits::BlockDirectoryBitVectorWordView<(JSC::BlockDirectoryBits::Kind)4>>::atImpl(unsigned long) const /root/WebKit/WebKitBuild/TSan/WTF/Headers/wtf/FastBitVector.h:414:27 (jsc+0xe43f34)
    #2 WTF::FastBitVectorImpl<JSC::BlockDirectoryBits::BlockDirectoryBitVectorWordView<(JSC::BlockDirectoryBits::Kind)4>>::operator[](unsigned long) const /root/WebKit/WebKitBuild/TSan/WTF/Headers/wtf/FastBitVector.h:285:16 (jsc+0xe43f34)
    #3 JSC::BlockDirectoryBits::isDestructible(unsigned long) const /root/WebKit/WebKitBuild/TSan/JavaScriptCore/PrivateHeaders/JavaScriptCore/BlockDirectoryBits.h:185:5 (jsc+0xe43f34)
    #4 JSC::BlockDirectory::isDestructible(unsigned long) const /root/WebKit/Source/JavaScriptCore/heap/BlockDirectory.h:117:5 (jsc+0xe43f34)
    #5 JSC::BlockDirectory::isDestructible(JSC::MarkedBlock::Handle*) const /root/WebKit/Source/JavaScriptCore/heap/BlockDirectory.h:117:5 (jsc+0xe43f34)
    #6 JSC::MarkedBlock::Handle::sweep(JSC::FreeList*) /root/WebKit/Source/JavaScriptCore/heap/MarkedBlock.cpp:597:96 (jsc+0xe43f34)
    #7 JSC::LocalAllocator::tryAllocateIn(JSC::MarkedBlock::Handle*, unsigned long) /root/WebKit/Source/JavaScriptCore/heap/LocalAllocator.cpp:346:12 (jsc+0xe43b46)
    #8 JSC::LocalAllocator::allocateIn(JSC::MarkedBlock::Handle*, unsigned long) /root/WebKit/Source/JavaScriptCore/heap/LocalAllocator.cpp:311:20 (jsc+0xe437d9)
    #9 JSC::LocalAllocator::allocateSlowCase(JSC::Heap&, unsigned long, JSC::GCDeferralContext*, JSC::AllocationFailureMode) /root/WebKit/Source/JavaScriptCore/heap/LocalAllocator.cpp:227:14 (jsc+0xe4328e)
    #10 JSC::LocalAllocator::allocate(JSC::Heap&, unsigned long, JSC::GCDeferralContext*, JSC::AllocationFailureMode)::'lambda'()::operator()() const /root/WebKit/WebKitBuild/TSan/JavaScriptCore/PrivateHeaders/JavaScriptCore/LocalAllocatorInlines.h:53:43 (jsc+0x1d133e)
    #11 JSC::HeapCell* JSC::FreeList::allocateWithCellSize<JSC::LocalAllocator::allocate(JSC::Heap&, unsigned long, JSC::GCDeferralContext*, JSC::AllocationFailureMode)::'lambda'()>(JSC::LocalAllocator::allocate(JSC::Heap&, unsigned long, JSC::GCDeferralContext*, JSC::AllocationFailureMode)::'lambda'() const&, unsigned long) /root/WebKit/Source/JavaScriptCore/heap/FreeListInlines.h:46:16 (jsc+0x7c8a8c)
    #12 JSC::LocalAllocator::allocate(JSC::Heap&, unsigned long, JSC::GCDeferralContext*, JSC::AllocationFailureMode) /root/WebKit/Source/JavaScriptCore/heap/LocalAllocatorInlines.h:50:23 (jsc+0x7c8a8c)
    #13 JSC::GCClient::IsoSubspace::allocate(JSC::VM&, unsigned long, JSC::GCDeferralContext*, JSC::AllocationFailureMode) /root/WebKit/Source/JavaScriptCore/heap/IsoSubspaceInlines.h:42:29 (jsc+0x7c8a8c)
    #14 void* JSC::tryAllocateCellHelper<JSC::JSRopeString, (JSC::AllocationFailureMode)0>(JSC::VM&, unsigned long, JSC::GCDeferralContext*) /root/WebKit/Source/JavaScriptCore/runtime/JSCellInlines.h:212:63 (jsc+0x7c8a8c)
    #15 void* JSC::allocateCell<JSC::JSRopeString>(JSC::VM&, unsigned long) /root/WebKit/Source/JavaScriptCore/runtime/JSCellInlines.h:232:12 (jsc+0x7c8a8c)
    #16 JSC::JSRopeString::create(JSC::VM&, JSC::JSString*, JSC::JSString*, JSC::JSString*) /root/WebKit/WebKitBuild/TSan/JavaScriptCore/PrivateHeaders/JavaScriptCore/JSString.h:729:49 (jsc+0x7dfeb6)
    #17 JSC::JSRopeString::RopeBuilder<WTF::RecordOverflow>::expand() /root/WebKit/Source/JavaScriptCore/runtime/JSString.cpp:62:24 (jsc+0x1701a53)
    #18 JSC::JSRopeString::RopeBuilder<WTF::RecordOverflow>::append(JSC::JSString*) /root/WebKit/WebKitBuild/TSan/JavaScriptCore/PrivateHeaders/JavaScriptCore/JSString.h:530:17 (jsc+0x10a8e2b)
    #19 JSC::jsStringFromRegisterArray(JSC::JSGlobalObject*, JSC::Register*, unsigned int) /root/WebKit/Source/JavaScriptCore/runtime/OperationsInlines.h:270:26 (jsc+0x109b173)
    #20 slow_path_strcat /root/WebKit/Source/JavaScriptCore/runtime/CommonSlowPaths.cpp:1179:5 (jsc+0x13b40e3)
    #21 llint_op_strcat LowLevelInterpreter.cpp (jsc+0x1e18d69)
    #22 JSC::Interpreter::executeCall(JSC::JSObject*, JSC::CallData const&, JSC::JSValue, JSC::JSCell*, JSC::ArgList const&) /root/WebKit/Source/JavaScriptCore/interpreter/Interpreter.cpp (jsc+0xe89b6d)
    #23 JSC::call(JSC::JSGlobalObject*, JSC::JSValue, JSC::CallData const&, JSC::JSValue, JSC::ArgList const&) /root/WebKit/Source/JavaScriptCore/runtime/CallData.cpp:70:27 (jsc+0x135dec1)
    #24 JSC::call(JSC::JSGlobalObject*, JSC::JSValue, JSC::CallData const&, JSC::JSValue, JSC::ArgList const&, WTF::NakedPtr<JSC::Exception>&) /root/WebKit/Source/JavaScriptCore/runtime/CallData.cpp:77:22 (jsc+0x135dec1)
    #25 JSC::threadMain(JSC::VM&, WTF::Ref<JSC::ThreadState, WTF::RawPtrTraits<JSC::ThreadState>, WTF::DefaultRefDerefTraits<JSC::ThreadState>>) /root/WebKit/Source/JavaScriptCore/runtime/ThreadObject.cpp:241:30 (jsc+0x199f5cc)
    #26 JSC::constructThread(JSC::JSGlobalObject*, JSC::CallFrame*)::$_0::operator()() /root/WebKit/Source/JavaScriptCore/runtime/ThreadObject.cpp:468:9 (jsc+0x199f5cc)
    #27 WTF::Detail::CallableWrapper<JSC::constructThread(JSC::JSGlobalObject*, JSC::CallFrame*)::$_0, void>::call() /root/WebKit/WebKitBuild/TSan/WTF/Headers/wtf/Function.h:59:39 (jsc+0x199f5cc)
    #28 WTF::Function<void ()>::operator()() const /root/WebKit/Source/WTF/wtf/Function.h:103:35 (jsc+0x25b0445)
    #29 WTF::Thread::entryPoint(WTF::Thread::NewThreadContext*) /root/WebKit/Source/WTF/wtf/Threading.cpp:312:5 (jsc+0x25b0445)
    #30 WTF::wtfThreadEntryPoint(void*) /root/WebKit/Source/WTF/wtf/posix/ThreadingPOSIX.cpp:264:5 (jsc+0x260a419)

  Location is heap block of size 80 at 0x7214000012c0 allocated by thread T3:
    #0 malloc /home/runner/work/llvm-project/llvm-project/compiler-rt/lib/tsan/rtl/tsan_interceptors_posix.cpp:682:5 (jsc+0x13dc20)
    #1 bmalloc::api::malloc(unsigned long, bmalloc::CompactAllocationMode, bmalloc::HeapKind) /root/WebKit/WebKitBuild/TSan/bmalloc/Headers/bmalloc/bmalloc.h:96:20 (jsc+0x2593689)
    #2 WTF::fastMalloc(unsigned long) /root/WebKit/Source/WTF/wtf/FastMalloc.cpp:337:20 (jsc+0x2593689)
    #3 WTF::FastMalloc::malloc(unsigned long) /root/WebKit/WebKitBuild/TSan/WTF/Headers/wtf/FastMalloc.h:235:47 (jsc+0xdb7688)
    #4 bool WTF::VectorBufferBase<JSC::BlockDirectoryBits::Segment, WTF::FastMalloc>::allocateBuffer<(WTF::FailureAction)0>(unsigned long) /root/WebKit/WebKitBuild/TSan/WTF/Headers/wtf/Vector.h:235:41 (jsc+0xdb7688)
    #5 bool WTF::Vector<JSC::BlockDirectoryBits::Segment, 0ul, WTF::CrashOnOverflow, 2ul, WTF::FastMalloc>::reserveCapacity<(WTF::FailureAction)0>(unsigned long) /root/WebKit/WebKitBuild/TSan/WTF/Headers/wtf/Vector.h:1412:35 (jsc+0xdb7688)
    #6 bool WTF::Vector<JSC::BlockDirectoryBits::Segment, 0ul, WTF::CrashOnOverflow, 2ul, WTF::FastMalloc>::expandCapacity<(WTF::FailureAction)0>(unsigned long) /root/WebKit/WebKitBuild/TSan/WTF/Headers/wtf/Vector.h:1262:12 (jsc+0xdb7688)
    #7 WTF::Vector<JSC::BlockDirectoryBits::Segment, 0ul, WTF::CrashOnOverflow, 2ul, WTF::FastMalloc>::resize(unsigned long) /root/WebKit/WebKitBuild/TSan/WTF/Headers/wtf/Vector.h:1311:13 (jsc+0xdb3353)
    #8 JSC::BlockDirectoryBits::resize(unsigned int) /root/WebKit/WebKitBuild/TSan/JavaScriptCore/PrivateHeaders/JavaScriptCore/BlockDirectoryBits.h:194:20 (jsc+0xdb3353)
    #9 JSC::BlockDirectory::addBlock(JSC::MarkedBlock::Handle*) /root/WebKit/Source/JavaScriptCore/heap/BlockDirectory.cpp:187:20 (jsc+0xdb31bd)
    #10 JSC::LocalAllocator::allocateSlowCase(JSC::Heap&, unsigned long, JSC::GCDeferralContext*, JSC::AllocationFailureMode) /root/WebKit/Source/JavaScriptCore/heap/LocalAllocator.cpp:226:18 (jsc+0xe4327f)
    #11 JSC::LocalAllocator::allocate(JSC::Heap&, unsigned long, JSC::GCDeferralContext*, JSC::AllocationFailureMode)::'lambda'()::operator()() const /root/WebKit/WebKitBuild/TSan/JavaScriptCore/PrivateHeaders/JavaScriptCore/LocalAllocatorInlines.h:53:43 (jsc+0x1d133e)
    #12 JSC::HeapCell* JSC::FreeList::allocateWithCellSize<JSC::LocalAllocator::allocate(JSC::Heap&, unsigned long, JSC::GCDeferralContext*, JSC::AllocationFailureMode)::'lambda'()>(JSC::LocalAllocator::allocate(JSC::Heap&, unsigned long, JSC::GCDeferralContext*, JSC::AllocationFailureMode)::'lambda'() const&, unsigned long) /root/WebKit/Source/JavaScriptCore/heap/FreeListInlines.h:46:16 (jsc+0x7c8a8c)
    #13 JSC::LocalAllocator::allocate(JSC::Heap&, unsigned long, JSC::GCDeferralContext*, JSC::AllocationFailureMode) /root/WebKit/Source/JavaScriptCore/heap/LocalAllocatorInlines.h:50:23 (jsc+0x7c8a8c)
    #14 JSC::GCClient::IsoSubspace::allocate(JSC::VM&, unsigned long, JSC::GCDeferralContext*, JSC::AllocationFailureMode) /root/WebKit/Source/JavaScriptCore/heap/IsoSubspaceInlines.h:42:29 (jsc+0x7c8a8c)
    #15 void* JSC::tryAllocateCellHelper<JSC::JSRopeString, (JSC::AllocationFailureMode)0>(JSC::VM&, unsigned long, JSC::GCDeferralContext*) /root/WebKit/Source/JavaScriptCore/runtime/JSCellInlines.h:212:63 (jsc+0x7c8a8c)
    #16 void* JSC::allocateCell<JSC::JSRopeString>(JSC::VM&, unsigned long) /root/WebKit/Source/JavaScriptCore/runtime/JSCellInlines.h:232:12 (jsc+0x7c8a8c)
    #17 JSC::JSRopeString::create(JSC::VM&, JSC::JSString*, JSC::JSString*, JSC::JSString*) /root/WebKit/WebKitBuild/TSan/JavaScriptCore/PrivateHeaders/JavaScriptCore/JSString.h:729:49 (jsc+0x7dfeb6)
    #18 JSC::JSRopeString::RopeBuilder<WTF::RecordOverflow>::expand() /root/WebKit/Source/JavaScriptCore/runtime/JSString.cpp:62:24 (jsc+0x1701a53)
    #19 JSC::JSRopeString::RopeBuilder<WTF::RecordOverflow>::append(JSC::JSString*) /root/WebKit/WebKitBuild/TSan/JavaScriptCore/PrivateHeaders/JavaScriptCore/JSString.h:530:17 (jsc+0x10a8e2b)
    #20 JSC::jsStringFromRegisterArray(JSC::JSGlobalObject*, JSC::Register*, unsigned int) /root/WebKit/Source/JavaScriptCore/runtime/OperationsInlines.h:270:26 (jsc+0x109b173)
    #21 slow_path_strcat /root/WebKit/Source/JavaScriptCore/runtime/CommonSlowPaths.cpp:1179:5 (jsc+0x13b40e3)
    #22 llint_op_strcat LowLevelInterpreter.cpp (jsc+0x1e18d69)
    #23 JSC::Interpreter::executeCall(JSC::JSObject*, JSC::CallData const&, JSC::JSValue, JSC::JSCell*, JSC::ArgList const&) /root/WebKit/Source/JavaScriptCore/interpreter/Interpreter.cpp (jsc+0xe89b6d)
    #24 JSC::call(JSC::JSGlobalObject*, JSC::JSValue, JSC::CallData const&, JSC::JSValue, JSC::ArgList const&) /root/WebKit/Source/JavaScriptCore/runtime/CallData.cpp:70:27 (jsc+0x135dec1)
    #25 JSC::call(JSC::JSGlobalObject*, JSC::JSValue, JSC::CallData const&, JSC::JSValue, JSC::ArgList const&, WTF::NakedPtr<JSC::Exception>&) /root/WebKit/Source/JavaScriptCore/runtime/CallData.cpp:77:22 (jsc+0x135dec1)
    #26 JSC::threadMain(JSC::VM&, WTF::Ref<JSC::ThreadState, WTF::RawPtrTraits<JSC::ThreadState>, WTF::DefaultRefDerefTraits<JSC::ThreadState>>) /root/WebKit/Source/JavaScriptCore/runtime/ThreadObject.cpp:241:30 (jsc+0x199f5cc)
    #27 JSC::constructThread(JSC::JSGlobalObject*, JSC::CallFrame*)::$_0::operator()() /root/WebKit/Source/JavaScriptCore/runtime/ThreadObject.cpp:468:9 (jsc+0x199f5cc)
    #28 WTF::Detail::CallableWrapper<JSC::constructThread(JSC::JSGlobalObject*, JSC::CallFrame*)::$_0, void>::call() /root/WebKit/WebKitBuild/TSan/WTF/Headers/wtf/Function.h:59:39 (jsc+0x199f5cc)
    #29 WTF::Function<void ()>::operator()() const /root/WebKit/Source/WTF/wtf/Function.h:103:35 (jsc+0x25b0445)
    #30 WTF::Thread::entryPoint(WTF::Thread::NewThreadContext*) /root/WebKit/Source/WTF/wtf/Threading.cpp:312:5 (jsc+0x25b0445)
    #31 WTF::wtfThreadEntryPoint(void*) /root/WebKit/Source/WTF/wtf/posix/ThreadingPOSIX.cpp:264:5 (jsc+0x260a419)

  Thread T13 'JS Thread' (tid=2652868, running) created by main thread at:
    #0 pthread_create /home/runner/work/llvm-project/llvm-project/compiler-rt/lib/tsan/rtl/tsan_interceptors_posix.cpp:1090:3 (jsc+0x13ff1a)
    #1 WTF::Thread::establishHandle(WTF::Thread::NewThreadContext&, WTF::StackAllocationSpecification, WTF::ThreadQOS, WTF::ThreadSchedulingPolicy) /root/WebKit/Source/WTF/wtf/posix/ThreadingPOSIX.cpp:354:17 (jsc+0x260a305)
    #2 WTF::Thread::create(WTF::ASCIILiteral, WTF::Function<void ()>&&, WTF::ThreadType, WTF::ThreadQOS, WTF::ThreadSchedulingPolicy, WTF::StackAllocationSpecification) /root/WebKit/Source/WTF/wtf/Threading.cpp:330:32 (jsc+0x25b0783)
    #3 JSC::constructThread(JSC::JSGlobalObject*, JSC::CallFrame*) /root/WebKit/Source/JavaScriptCore/runtime/ThreadObject.cpp:467:5 (jsc+0x1997b2f)
    #4 <null> <null> (0x7f5c6f7ff217)
    #5 JSC::evaluate(JSC::JSGlobalObject*, JSC::SourceCode const&, JSC::JSValue, WTF::NakedPtr<JSC::Exception>&) /root/WebKit/Source/JavaScriptCore/runtime/Completion.cpp:145:37 (jsc+0x13c1033)
    #6 runWithOptions(GlobalObject*, CommandLine&, bool&) /root/WebKit/Source/JavaScriptCore/jsc.cpp:3957:35 (jsc+0x1cafa5)
    #7 jscmain(int, char**)::$_0::operator()(JSC::VM&, GlobalObject*, bool&) const /root/WebKit/Source/JavaScriptCore/jsc.cpp:4686:13 (jsc+0x1cafa5)
    #8 int runJSC<jscmain(int, char**)::$_0>(CommandLine const&, bool, jscmain(int, char**)::$_0 const&) /root/WebKit/Source/JavaScriptCore/jsc.cpp:4472:13 (jsc+0x1cafa5)
    #9 jscmain(int, char**) /root/WebKit/Source/JavaScriptCore/jsc.cpp:4679:18 (jsc+0x1cafa5)
    #10 main /root/WebKit/Source/JavaScriptCore/jsc.cpp:3715:15 (jsc+0x1c97e3)

  Thread T14 'JS Thread' (tid=2652870, running) created by main thread at:
    #0 pthread_create /home/runner/work/llvm-project/llvm-project/compiler-rt/lib/tsan/rtl/tsan_interceptors_posix.cpp:1090:3 (jsc+0x13ff1a)
    #1 WTF::Thread::establishHandle(WTF::Thread::NewThreadContext&, WTF::StackAllocationSpecification, WTF::ThreadQOS, WTF::ThreadSchedulingPolicy) /root/WebKit/Source/WTF/wtf/posix/ThreadingPOSIX.cpp:354:17 (jsc+0x260a305)
    #2 WTF::Thread::create(WTF::ASCIILiteral, WTF::Function<void ()>&&, WTF::ThreadType, WTF::ThreadQOS, WTF::ThreadSchedulingPolicy, WTF::StackAllocationSpecification) /root/WebKit/Source/WTF/wtf/Threading.cpp:330:32 (jsc+0x25b0783)
    #3 JSC::constructThread(JSC::JSGlobalObject*, JSC::CallFrame*) /root/WebKit/Source/JavaScriptCore/runtime/ThreadObject.cpp:467:5 (jsc+0x1997b2f)
    #4 <null> <null> (0x7f5c6f7ff217)
    #5 JSC::evaluate(JSC::JSGlobalObject*, JSC::SourceCode const&, JSC::JSValue, WTF::NakedPtr<JSC::Exception>&) /root/WebKit/Source/JavaScriptCore/runtime/Completion.cpp:145:37 (jsc+0x13c1033)
    #6 runWithOptions(GlobalObject*, CommandLine&, bool&) /root/WebKit/Source/JavaScriptCore/jsc.cpp:3957:35 (jsc+0x1cafa5)
    #7 jscmain(int, char**)::$_0::operator()(JSC::VM&, GlobalObject*, bool&) const /root/WebKit/Source/JavaScriptCore/jsc.cpp:4686:13 (jsc+0x1cafa5)
    #8 int runJSC<jscmain(int, char**)::$_0>(CommandLine const&, bool, jscmain(int, char**)::$_0 const&) /root/WebKit/Source/JavaScriptCore/jsc.cpp:4472:13 (jsc+0x1cafa5)
    #9 jscmain(int, char**) /root/WebKit/Source/JavaScriptCore/jsc.cpp:4679:18 (jsc+0x1cafa5)
    #10 main /root/WebKit/Source/JavaScriptCore/jsc.cpp:3715:15 (jsc+0x1c97e3)

  Thread T3 'JS Thread' (tid=2652595, finished) created by main thread at:
    #0 pthread_create /home/runner/work/llvm-project/llvm-project/compiler-rt/lib/tsan/rtl/tsan_interceptors_posix.cpp:1090:3 (jsc+0x13ff1a)
    #1 WTF::Thread::establishHandle(WTF::Thread::NewThreadContext&, WTF::StackAllocationSpecification, WTF::ThreadQOS, WTF::ThreadSchedulingPolicy) /root/WebKit/Source/WTF/wtf/posix/ThreadingPOSIX.cpp:354:17 (jsc+0x260a305)
    #2 WTF::Thread::create(WTF::ASCIILiteral, WTF::Function<void ()>&&, WTF::ThreadType, WTF::ThreadQOS, WTF::ThreadSchedulingPolicy, WTF::StackAllocationSpecification) /root/WebKit/Source/WTF/wtf/Threading.cpp:330:32 (jsc+0x25b0783)
    #3 JSC::constructThread(JSC::JSGlobalObject*, JSC::CallFrame*) /root/WebKit/Source/JavaScriptCore/runtime/ThreadObject.cpp:467:5 (jsc+0x1997b2f)
    #4 <null> <null> (0x7f5c6f7ff217)
    #5 JSC::evaluate(JSC::JSGlobalObject*, JSC::SourceCode const&, JSC::JSValue, WTF::NakedPtr<JSC::Exception>&) /root/WebKit/Source/JavaScriptCore/runtime/Completion.cpp:145:37 (jsc+0x13c1033)
    #6 runWithOptions(GlobalObject*, CommandLine&, bool&) /root/WebKit/Source/JavaScriptCore/jsc.cpp:3957:35 (jsc+0x1cafa5)
    #7 jscmain(int, char**)::$_0::operator()(JSC::VM&, GlobalObject*, bool&) const /root/WebKit/Source/JavaScriptCore/jsc.cpp:4686:13 (jsc+0x1cafa5)
    #8 int runJSC<jscmain(int, char**)::$_0>(CommandLine const&, bool, jscmain(int, char**)::$_0 const&) /root/WebKit/Source/JavaScriptCore/jsc.cpp:4472:13 (jsc+0x1cafa5)
    #9 jscmain(int, char**) /root/WebKit/Source/JavaScriptCore/jsc.cpp:4679:18 (jsc+0x1cafa5)
    #10 main /root/WebKit/Source/JavaScriptCore/jsc.cpp:3715:15 (jsc+0x1c97e3)

SUMMARY: ThreadSanitizer: data race /root/WebKit/WebKitBuild/TSan/WTF/Headers/wtf/FastBitVector.h in WTF::FastBitReference::operator=(bool)
==================
==================
WARNING: ThreadSanitizer: data race (pid=2652580)
  Atomic read of size 1 at 0x72a000189765 by thread T5:
    #0 JSC::JSType JSC::cellHeaderConcurrentLoad<JSC::JSType>(JSC::JSType const&) /root/WebKit/WebKitBuild/TSan/JavaScriptCore/PrivateHeaders/JavaScriptCore/JSCell.h:99:5 (jsc+0x3b4124)
    #1 JSC::JSCell::type() const /root/WebKit/WebKitBuild/TSan/JavaScriptCore/PrivateHeaders/JavaScriptCore/JSCell.h:212:34 (jsc+0x3b4124)
    #2 JSC::JSCell::isString() const /root/WebKit/WebKitBuild/TSan/JavaScriptCore/PrivateHeaders/JavaScriptCore/JSCell.h:185:36 (jsc+0x3b4124)
    #3 JSC::speculationFromCell(JSC::JSCell*) /root/WebKit/Source/JavaScriptCore/bytecode/SpeculatedType.cpp:602:15 (jsc+0x3b4124)
    #4 JSC::speculationFromValue(JSC::JSValue) /root/WebKit/Source/JavaScriptCore/bytecode/SpeculatedType.cpp:640:16 (jsc+0x3b4124)
    #5 JSC::ValueProfileBase<1u, 1u>::computeUpdatedPrediction(JSC::ConcurrentJSLocker const&) /root/WebKit/Source/JavaScriptCore/bytecode/ValueProfile.h:191:38 (jsc+0x8bdb2b)
    #6 JSC::DFG::PredictionInjectionPhase::run() /root/WebKit/Source/JavaScriptCore/dfg/DFGPredictionInjectionPhase.cpp:59:71 (jsc+0x8bdb2b)
    #7 bool JSC::DFG::runAndLog<JSC::DFG::PredictionInjectionPhase>(JSC::DFG::PredictionInjectionPhase&) /root/WebKit/Source/JavaScriptCore/dfg/DFGPhase.h:86:25 (jsc+0x8bd70d)
    #8 bool JSC::DFG::runPhase<JSC::DFG::PredictionInjectionPhase>(JSC::DFG::Graph&) /root/WebKit/Source/JavaScriptCore/dfg/DFGPhase.h:99:12 (jsc+0x8af724)
    #9 JSC::DFG::performPredictionInjection(JSC::DFG::Graph&) /root/WebKit/Source/JavaScriptCore/dfg/DFGPredictionInjectionPhase.cpp:91:12 (jsc+0x8af724)
    #10 JSC::DFG::Plan::compileInThreadImpl() /root/WebKit/Source/JavaScriptCore/dfg/DFGPlan.cpp:292:5 (jsc+0x8af724)
    #11 JSC::JITPlan::compileInThread(JSC::JITWorklistThread*) /root/WebKit/Source/JavaScriptCore/jit/JITPlan.cpp:283:28 (jsc+0xfdcd1d)
    #12 JSC::JITWorklistThread::work() /root/WebKit/Source/JavaScriptCore/jit/JITWorklistThread.cpp:145:13 (jsc+0x104769b)
    #13 WTF::AutomaticThread::start(WTF::AbstractLocker const&)::$_0::operator()() const /root/WebKit/Source/WTF/wtf/AutomaticThread.cpp:260:37 (jsc+0x25854ec)
    #14 WTF::Detail::CallableWrapper<WTF::AutomaticThread::start(WTF::AbstractLocker const&)::$_0, void>::call() /root/WebKit/Source/WTF/wtf/Function.h:59:39 (jsc+0x25854ec)
    #15 WTF::Function<void ()>::operator()() const /root/WebKit/Source/WTF/wtf/Function.h:103:35 (jsc+0x25b0445)
    #16 WTF::Thread::entryPoint(WTF::Thread::NewThreadContext*) /root/WebKit/Source/WTF/wtf/Threading.cpp:312:5 (jsc+0x25b0445)
    #17 WTF::wtfThreadEntryPoint(void*) /root/WebKit/Source/WTF/wtf/posix/ThreadingPOSIX.cpp:264:5 (jsc+0x260a419)

  Previous write of size 8 at 0x72a000189760 by main thread:
    #0 aligned_alloc /home/runner/work/llvm-project/llvm-project/compiler-rt/lib/tsan/rtl/tsan_interceptors_posix.cpp:885:3 (jsc+0x13f40e)
    #1 bmalloc::api::tryMemalign(unsigned long, unsigned long, bmalloc::CompactAllocationMode, bmalloc::HeapKind) /root/WebKit/WebKitBuild/TSan/bmalloc/Headers/bmalloc/bmalloc.h:158:12 (jsc+0x25938d0)
    #2 WTF::tryFastCompactAlignedMalloc(unsigned long, unsigned long) /root/WebKit/Source/WTF/wtf/FastMalloc.cpp:553:20 (jsc+0x25938d0)
    #3 JSC::FastMallocAlignedMemoryAllocator::tryAllocateAlignedMemory(unsigned long, unsigned long) /root/WebKit/Source/JavaScriptCore/heap/FastMallocAlignedMemoryAllocator.cpp:47:12 (jsc+0xdbbcc0)
    #4 JSC::MarkedBlock::tryCreate(JSC::Heap&, JSC::AlignedMemoryAllocator*) /root/WebKit/Source/JavaScriptCore/heap/MarkedBlock.cpp:138:48 (jsc+0xe48478)
    #5 JSC::BlockDirectory::tryAllocateBlock(WTF::AbstractLocker const&, JSC::Heap&) /root/WebKit/Source/JavaScriptCore/heap/BlockDirectory.cpp:154:35 (jsc+0xdb2f0d)
    #6 JSC::LocalAllocator::allocateSlowCase(JSC::Heap&, unsigned long, JSC::GCDeferralContext*, JSC::AllocationFailureMode) /root/WebKit/Source/JavaScriptCore/heap/LocalAllocator.cpp:221:47 (jsc+0xe4325e)
    #7 JSC::LocalAllocator::allocate(JSC::Heap&, unsigned long, JSC::GCDeferralContext*, JSC::AllocationFailureMode)::'lambda'()::operator()() const /root/WebKit/WebKitBuild/TSan/JavaScriptCore/PrivateHeaders/JavaScriptCore/LocalAllocatorInlines.h:53:43 (jsc+0x1d133e)
    #8 JSC::HeapCell* JSC::FreeList::allocateWithCellSize<JSC::LocalAllocator::allocate(JSC::Heap&, unsigned long, JSC::GCDeferralContext*, JSC::AllocationFailureMode)::'lambda'()>(JSC::LocalAllocator::allocate(JSC::Heap&, unsigned long, JSC::GCDeferralContext*, JSC::AllocationFailureMode)::'lambda'() const&, unsigned long) /root/WebKit/Source/JavaScriptCore/heap/FreeListInlines.h:46:16 (jsc+0x7c8a8c)
    #9 JSC::LocalAllocator::allocate(JSC::Heap&, unsigned long, JSC::GCDeferralContext*, JSC::AllocationFailureMode) /root/WebKit/Source/JavaScriptCore/heap/LocalAllocatorInlines.h:50:23 (jsc+0x7c8a8c)
    #10 JSC::GCClient::IsoSubspace::allocate(JSC::VM&, unsigned long, JSC::GCDeferralContext*, JSC::AllocationFailureMode) /root/WebKit/Source/JavaScriptCore/heap/IsoSubspaceInlines.h:42:29 (jsc+0x7c8a8c)
    #11 void* JSC::tryAllocateCellHelper<JSC::JSRopeString, (JSC::AllocationFailureMode)0>(JSC::VM&, unsigned long, JSC::GCDeferralContext*) /root/WebKit/Source/JavaScriptCore/runtime/JSCellInlines.h:212:63 (jsc+0x7c8a8c)
    #12 void* JSC::allocateCell<JSC::JSRopeString>(JSC::VM&, unsigned long) /root/WebKit/Source/JavaScriptCore/runtime/JSCellInlines.h:232:12 (jsc+0x7c8a8c)
    #13 JSC::JSRopeString::create(JSC::VM&, JSC::JSString*, JSC::JSString*, JSC::JSString*) /root/WebKit/WebKitBuild/TSan/JavaScriptCore/PrivateHeaders/JavaScriptCore/JSString.h:729:49 (jsc+0x7dfeb6)
    #14 JSC::JSRopeString::RopeBuilder<WTF::RecordOverflow>::release() /root/WebKit/WebKitBuild/TSan/JavaScriptCore/PrivateHeaders/JavaScriptCore/JSString.h:563:26 (jsc+0x109b344)
    #15 JSC::jsStringFromRegisterArray(JSC::JSGlobalObject*, JSC::Register*, unsigned int) /root/WebKit/Source/JavaScriptCore/runtime/OperationsInlines.h:274:24 (jsc+0x109b344)
    #16 slow_path_strcat /root/WebKit/Source/JavaScriptCore/runtime/CommonSlowPaths.cpp:1179:5 (jsc+0x13b40e3)
    #17 llint_op_strcat LowLevelInterpreter.cpp (jsc+0x1e18d69)
    #18 JSC::evaluate(JSC::JSGlobalObject*, JSC::SourceCode const&, JSC::JSValue, WTF::NakedPtr<JSC::Exception>&) /root/WebKit/Source/JavaScriptCore/runtime/Completion.cpp:145:37 (jsc+0x13c1033)
    #19 runWithOptions(GlobalObject*, CommandLine&, bool&) /root/WebKit/Source/JavaScriptCore/jsc.cpp:3957:35 (jsc+0x1cafa5)
    #20 jscmain(int, char**)::$_0::operator()(JSC::VM&, GlobalObject*, bool&) const /root/WebKit/Source/JavaScriptCore/jsc.cpp:4686:13 (jsc+0x1cafa5)
    #21 int runJSC<jscmain(int, char**)::$_0>(CommandLine const&, bool, jscmain(int, char**)::$_0 const&) /root/WebKit/Source/JavaScriptCore/jsc.cpp:4472:13 (jsc+0x1cafa5)
    #22 jscmain(int, char**) /root/WebKit/Source/JavaScriptCore/jsc.cpp:4679:18 (jsc+0x1cafa5)
    #23 main /root/WebKit/Source/JavaScriptCore/jsc.cpp:3715:15 (jsc+0x1c97e3)

  Location is heap block of size 16384 at 0x72a000188000 allocated by main thread:
    #0 aligned_alloc /home/runner/work/llvm-project/llvm-project/compiler-rt/lib/tsan/rtl/tsan_interceptors_posix.cpp:885:3 (jsc+0x13f40e)
    #1 bmalloc::api::tryMemalign(unsigned long, unsigned long, bmalloc::CompactAllocationMode, bmalloc::HeapKind) /root/WebKit/WebKitBuild/TSan/bmalloc/Headers/bmalloc/bmalloc.h:158:12 (jsc+0x25938d0)
    #2 WTF::tryFastCompactAlignedMalloc(unsigned long, unsigned long) /root/WebKit/Source/WTF/wtf/FastMalloc.cpp:553:20 (jsc+0x25938d0)
    #3 JSC::FastMallocAlignedMemoryAllocator::tryAllocateAlignedMemory(unsigned long, unsigned long) /root/WebKit/Source/JavaScriptCore/heap/FastMallocAlignedMemoryAllocator.cpp:47:12 (jsc+0xdbbcc0)
    #4 JSC::MarkedBlock::tryCreate(JSC::Heap&, JSC::AlignedMemoryAllocator*) /root/WebKit/Source/JavaScriptCore/heap/MarkedBlock.cpp:138:48 (jsc+0xe48478)
    #5 JSC::BlockDirectory::tryAllocateBlock(WTF::AbstractLocker const&, JSC::Heap&) /root/WebKit/Source/JavaScriptCore/heap/BlockDirectory.cpp:154:35 (jsc+0xdb2f0d)
    #6 JSC::LocalAllocator::allocateSlowCase(JSC::Heap&, unsigned long, JSC::GCDeferralContext*, JSC::AllocationFailureMode) /root/WebKit/Source/JavaScriptCore/heap/LocalAllocator.cpp:221:47 (jsc+0xe4325e)
    #7 JSC::LocalAllocator::allocate(JSC::Heap&, unsigned long, JSC::GCDeferralContext*, JSC::AllocationFailureMode)::'lambda'()::operator()() const /root/WebKit/WebKitBuild/TSan/JavaScriptCore/PrivateHeaders/JavaScriptCore/LocalAllocatorInlines.h:53:43 (jsc+0x1d133e)
    #8 JSC::HeapCell* JSC::FreeList::allocateWithCellSize<JSC::LocalAllocator::allocate(JSC::Heap&, unsigned long, JSC::GCDeferralContext*, JSC::AllocationFailureMode)::'lambda'()>(JSC::LocalAllocator::allocate(JSC::Heap&, unsigned long, JSC::GCDeferralContext*, JSC::AllocationFailureMode)::'lambda'() const&, unsigned long) /root/WebKit/Source/JavaScriptCore/heap/FreeListInlines.h:46:16 (jsc+0x7c8a8c)
    #9 JSC::LocalAllocator::allocate(JSC::Heap&, unsigned long, JSC::GCDeferralContext*, JSC::AllocationFailureMode) /root/WebKit/Source/JavaScriptCore/heap/LocalAllocatorInlines.h:50:23 (jsc+0x7c8a8c)
    #10 JSC::GCClient::IsoSubspace::allocate(JSC::VM&, unsigned long, JSC::GCDeferralContext*, JSC::AllocationFailureMode) /root/WebKit/Source/JavaScriptCore/heap/IsoSubspaceInlines.h:42:29 (jsc+0x7c8a8c)
    #11 void* JSC::tryAllocateCellHelper<JSC::JSRopeString, (JSC::AllocationFailureMode)0>(JSC::VM&, unsigned long, JSC::GCDeferralContext*) /root/WebKit/Source/JavaScriptCore/runtime/JSCellInlines.h:212:63 (jsc+0x7c8a8c)
    #12 void* JSC::allocateCell<JSC::JSRopeString>(JSC::VM&, unsigned long) /root/WebKit/Source/JavaScriptCore/runtime/JSCellInlines.h:232:12 (jsc+0x7c8a8c)
    #13 JSC::JSRopeString::create(JSC::VM&, JSC::JSString*, JSC::JSString*, JSC::JSString*) /root/WebKit/WebKitBuild/TSan/JavaScriptCore/PrivateHeaders/JavaScriptCore/JSString.h:729:49 (jsc+0x7dfeb6)
    #14 JSC::JSRopeString::RopeBuilder<WTF::RecordOverflow>::release() /root/WebKit/WebKitBuild/TSan/JavaScriptCore/PrivateHeaders/JavaScriptCore/JSString.h:563:26 (jsc+0x109b344)
    #15 JSC::jsStringFromRegisterArray(JSC::JSGlobalObject*, JSC::Register*, unsigned int) /root/WebKit/Source/JavaScriptCore/runtime/OperationsInlines.h:274:24 (jsc+0x109b344)
    #16 slow_path_strcat /root/WebKit/Source/JavaScriptCore/runtime/CommonSlowPaths.cpp:1179:5 (jsc+0x13b40e3)
    #17 llint_op_strcat LowLevelInterpreter.cpp (jsc+0x1e18d69)
    #18 JSC::evaluate(JSC::JSGlobalObject*, JSC::SourceCode const&, JSC::JSValue, WTF::NakedPtr<JSC::Exception>&) /root/WebKit/Source/JavaScriptCore/runtime/Completion.cpp:145:37 (jsc+0x13c1033)
    #19 runWithOptions(GlobalObject*, CommandLine&, bool&) /root/WebKit/Source/JavaScriptCore/jsc.cpp:3957:35 (jsc+0x1cafa5)
    #20 jscmain(int, char**)::$_0::operator()(JSC::VM&, GlobalObject*, bool&) const /root/WebKit/Source/JavaScriptCore/jsc.cpp:4686:13 (jsc+0x1cafa5)
    #21 int runJSC<jscmain(int, char**)::$_0>(CommandLine const&, bool, jscmain(int, char**)::$_0 const&) /root/WebKit/Source/JavaScriptCore/jsc.cpp:4472:13 (jsc+0x1cafa5)
    #22 jscmain(int, char**) /root/WebKit/Source/JavaScriptCore/jsc.cpp:4679:18 (jsc+0x1cafa5)
    #23 main /root/WebKit/Source/JavaScriptCore/jsc.cpp:3715:15 (jsc+0x1c97e3)

  Thread T5 'JITWorker' (tid=2652843, running) created by main thread at:
    #0 pthread_create /home/runner/work/llvm-project/llvm-project/compiler-rt/lib/tsan/rtl/tsan_interceptors_posix.cpp:1090:3 (jsc+0x13ff1a)
    #1 WTF::Thread::establishHandle(WTF::Thread::NewThreadContext&, WTF::StackAllocationSpecification, WTF::ThreadQOS, WTF::ThreadSchedulingPolicy) /root/WebKit/Source/WTF/wtf/posix/ThreadingPOSIX.cpp:354:17 (jsc+0x260a305)
    #2 WTF::Thread::create(WTF::ASCIILiteral, WTF::Function<void ()>&&, WTF::ThreadType, WTF::ThreadQOS, WTF::ThreadSchedulingPolicy, WTF::StackAllocationSpecification) /root/WebKit/Source/WTF/wtf/Threading.cpp:330:32 (jsc+0x25b0783)
    #3 WTF::AutomaticThread::start(WTF::AbstractLocker const&) /root/WebKit/Source/WTF/wtf/AutomaticThread.cpp:189:5 (jsc+0x2583f69)
    #4 WTF::AutomaticThreadCondition::notifyOne(WTF::AbstractLocker const&) /root/WebKit/Source/WTF/wtf/AutomaticThread.cpp:60:21 (jsc+0x2583d69)
    #5 JSC::JITWorklist::wakeThreads(WTF::AbstractLocker const&, unsigned int) /root/WebKit/Source/JavaScriptCore/jit/JITWorklist.cpp:162:25 (jsc+0x10419b6)
    #6 JSC::JITWorklist::enqueue(WTF::Ref<JSC::JITPlan, WTF::RawPtrTraits<JSC::JITPlan>, WTF::DefaultRefDerefTraits<JSC::JITPlan>>) /root/WebKit/Source/JavaScriptCore/jit/JITWorklist.cpp:245:5 (jsc+0x1042222)
    #7 JSC::LLInt::jitCompileAndSetHeuristics(JSC::VM&, JSC::CodeBlock*) /root/WebKit/Source/JavaScriptCore/llint/LLIntSlowPaths.cpp:501:45 (jsc+0x107bf57)
    #8 JSC::LLInt::entryOSR(JSC::CodeBlock*, char const*, JSC::LLInt::EntryKind) /root/WebKit/Source/JavaScriptCore/llint/LLIntSlowPaths.cpp:523:10 (jsc+0x107b192)
    #9 llint_entry_osr_function_for_call /root/WebKit/Source/JavaScriptCore/llint/LLIntSlowPaths.cpp:550:12 (jsc+0x107b3f3)
    #10 llint_function_for_call_prologue LowLevelInterpreter.cpp (jsc+0x1dffe9e)
    #11 JSC::evaluate(JSC::JSGlobalObject*, JSC::SourceCode const&, JSC::JSValue, WTF::NakedPtr<JSC::Exception>&) /root/WebKit/Source/JavaScriptCore/runtime/Completion.cpp:145:37 (jsc+0x13c1033)
    #12 runWithOptions(GlobalObject*, CommandLine&, bool&) /root/WebKit/Source/JavaScriptCore/jsc.cpp:3957:35 (jsc+0x1cafa5)
    #13 jscmain(int, char**)::$_0::operator()(JSC::VM&, GlobalObject*, bool&) const /root/WebKit/Source/JavaScriptCore/jsc.cpp:4686:13 (jsc+0x1cafa5)
    #14 int runJSC<jscmain(int, char**)::$_0>(CommandLine const&, bool, jscmain(int, char**)::$_0 const&) /root/WebKit/Source/JavaScriptCore/jsc.cpp:4472:13 (jsc+0x1cafa5)
    #15 jscmain(int, char**) /root/WebKit/Source/JavaScriptCore/jsc.cpp:4679:18 (jsc+0x1cafa5)
    #16 main /root/WebKit/Source/JavaScriptCore/jsc.cpp:3715:15 (jsc+0x1c97e3)

SUMMARY: ThreadSanitizer: data race /root/WebKit/WebKitBuild/TSan/JavaScriptCore/PrivateHeaders/JavaScriptCore/JSCell.h:99:5 in JSC::JSType JSC::cellHeaderConcurrentLoad<JSC::JSType>(JSC::JSType const&)
==================
==================
WARNING: ThreadSanitizer: data race (pid=2652580)
  Atomic read of size 8 at 0x72a000189768 by thread T5:
    #0 std::__atomic_base<unsigned long>::load(std::memory_order) const /usr/lib/gcc/x86_64-amazon-linux/14/../../../../include/c++/14/bits/atomic_base.h:501:9 (jsc+0x3b4136)
    #1 WTF::Atomic<unsigned long>::load(std::memory_order) const /root/WebKit/WebKitBuild/TSan/WTF/Headers/wtf/Atomics.h:55:100 (jsc+0x3b4136)
    #2 unsigned long WTF::atomicLoad<unsigned long>(unsigned long*, std::memory_order) /root/WebKit/WebKitBuild/TSan/WTF/Headers/wtf/Atomics.h:162:49 (jsc+0x3b4136)
    #3 JSC::JSString::fiberConcurrently() const /root/WebKit/WebKitBuild/TSan/JavaScriptCore/PrivateHeaders/JavaScriptCore/JSString.h:330:50 (jsc+0x3b4136)
    #4 JSC::JSString::tryGetValueImpl() const /root/WebKit/WebKitBuild/TSan/JavaScriptCore/PrivateHeaders/JavaScriptCore/JSString.h:884:25 (jsc+0x3b4136)
    #5 JSC::speculationFromCell(JSC::JSCell*) /root/WebKit/Source/JavaScriptCore/bytecode/SpeculatedType.cpp:604:46 (jsc+0x3b4136)
    #6 JSC::speculationFromValue(JSC::JSValue) /root/WebKit/Source/JavaScriptCore/bytecode/SpeculatedType.cpp:640:16 (jsc+0x3b4136)
    #7 JSC::ValueProfileBase<1u, 1u>::computeUpdatedPrediction(JSC::ConcurrentJSLocker const&) /root/WebKit/Source/JavaScriptCore/bytecode/ValueProfile.h:191:38 (jsc+0x8bdb2b)
    #8 JSC::DFG::PredictionInjectionPhase::run() /root/WebKit/Source/JavaScriptCore/dfg/DFGPredictionInjectionPhase.cpp:59:71 (jsc+0x8bdb2b)
    #9 bool JSC::DFG::runAndLog<JSC::DFG::PredictionInjectionPhase>(JSC::DFG::PredictionInjectionPhase&) /root/WebKit/Source/JavaScriptCore/dfg/DFGPhase.h:86:25 (jsc+0x8bd70d)
    #10 bool JSC::DFG::runPhase<JSC::DFG::PredictionInjectionPhase>(JSC::DFG::Graph&) /root/WebKit/Source/JavaScriptCore/dfg/DFGPhase.h:99:12 (jsc+0x8af724)
    #11 JSC::DFG::performPredictionInjection(JSC::DFG::Graph&) /root/WebKit/Source/JavaScriptCore/dfg/DFGPredictionInjectionPhase.cpp:91:12 (jsc+0x8af724)
    #12 JSC::DFG::Plan::compileInThreadImpl() /root/WebKit/Source/JavaScriptCore/dfg/DFGPlan.cpp:292:5 (jsc+0x8af724)
    #13 JSC::JITPlan::compileInThread(JSC::JITWorklistThread*) /root/WebKit/Source/JavaScriptCore/jit/JITPlan.cpp:283:28 (jsc+0xfdcd1d)
    #14 JSC::JITWorklistThread::work() /root/WebKit/Source/JavaScriptCore/jit/JITWorklistThread.cpp:145:13 (jsc+0x104769b)
    #15 WTF::AutomaticThread::start(WTF::AbstractLocker const&)::$_0::operator()() const /root/WebKit/Source/WTF/wtf/AutomaticThread.cpp:260:37 (jsc+0x25854ec)
    #16 WTF::Detail::CallableWrapper<WTF::AutomaticThread::start(WTF::AbstractLocker const&)::$_0, void>::call() /root/WebKit/Source/WTF/wtf/Function.h:59:39 (jsc+0x25854ec)
    #17 WTF::Function<void ()>::operator()() const /root/WebKit/Source/WTF/wtf/Function.h:103:35 (jsc+0x25b0445)
    #18 WTF::Thread::entryPoint(WTF::Thread::NewThreadContext*) /root/WebKit/Source/WTF/wtf/Threading.cpp:312:5 (jsc+0x25b0445)
    #19 WTF::wtfThreadEntryPoint(void*) /root/WebKit/Source/WTF/wtf/posix/ThreadingPOSIX.cpp:264:5 (jsc+0x260a419)

  Previous write of size 8 at 0x72a000189768 by main thread:
    #0 aligned_alloc /home/runner/work/llvm-project/llvm-project/compiler-rt/lib/tsan/rtl/tsan_interceptors_posix.cpp:885:3 (jsc+0x13f40e)
    #1 bmalloc::api::tryMemalign(unsigned long, unsigned long, bmalloc::CompactAllocationMode, bmalloc::HeapKind) /root/WebKit/WebKitBuild/TSan/bmalloc/Headers/bmalloc/bmalloc.h:158:12 (jsc+0x25938d0)
    #2 WTF::tryFastCompactAlignedMalloc(unsigned long, unsigned long) /root/WebKit/Source/WTF/wtf/FastMalloc.cpp:553:20 (jsc+0x25938d0)
    #3 JSC::FastMallocAlignedMemoryAllocator::tryAllocateAlignedMemory(unsigned long, unsigned long) /root/WebKit/Source/JavaScriptCore/heap/FastMallocAlignedMemoryAllocator.cpp:47:12 (jsc+0xdbbcc0)
    #4 JSC::MarkedBlock::tryCreate(JSC::Heap&, JSC::AlignedMemoryAllocator*) /root/WebKit/Source/JavaScriptCore/heap/MarkedBlock.cpp:138:48 (jsc+0xe48478)
    #5 JSC::BlockDirectory::tryAllocateBlock(WTF::AbstractLocker const&, JSC::Heap&) /root/WebKit/Source/JavaScriptCore/heap/BlockDirectory.cpp:154:35 (jsc+0xdb2f0d)
    #6 JSC::LocalAllocator::allocateSlowCase(JSC::Heap&, unsigned long, JSC::GCDeferralContext*, JSC::AllocationFailureMode) /root/WebKit/Source/JavaScriptCore/heap/LocalAllocator.cpp:221:47 (jsc+0xe4325e)
    #7 JSC::LocalAllocator::allocate(JSC::Heap&, unsigned long, JSC::GCDeferralContext*, JSC::AllocationFailureMode)::'lambda'()::operator()() const /root/WebKit/WebKitBuild/TSan/JavaScriptCore/PrivateHeaders/JavaScriptCore/LocalAllocatorInlines.h:53:43 (jsc+0x1d133e)
    #8 JSC::HeapCell* JSC::FreeList::allocateWithCellSize<JSC::LocalAllocator::allocate(JSC::Heap&, unsigned long, JSC::GCDeferralContext*, JSC::AllocationFailureMode)::'lambda'()>(JSC::LocalAllocator::allocate(JSC::Heap&, unsigned long, JSC::GCDeferralContext*, JSC::AllocationFailureMode)::'lambda'() const&, unsigned long) /root/WebKit/Source/JavaScriptCore/heap/FreeListInlines.h:46:16 (jsc+0x7c8a8c)
    #9 JSC::LocalAllocator::allocate(JSC::Heap&, unsigned long, JSC::GCDeferralContext*, JSC::AllocationFailureMode) /root/WebKit/Source/JavaScriptCore/heap/LocalAllocatorInlines.h:50:23 (jsc+0x7c8a8c)
    #10 JSC::GCClient::IsoSubspace::allocate(JSC::VM&, unsigned long, JSC::GCDeferralContext*, JSC::AllocationFailureMode) /root/WebKit/Source/JavaScriptCore/heap/IsoSubspaceInlines.h:42:29 (jsc+0x7c8a8c)
    #11 void* JSC::tryAllocateCellHelper<JSC::JSRopeString, (JSC::AllocationFailureMode)0>(JSC::VM&, unsigned long, JSC::GCDeferralContext*) /root/WebKit/Source/JavaScriptCore/runtime/JSCellInlines.h:212:63 (jsc+0x7c8a8c)
    #12 void* JSC::allocateCell<JSC::JSRopeString>(JSC::VM&, unsigned long) /root/WebKit/Source/JavaScriptCore/runtime/JSCellInlines.h:232:12 (jsc+0x7c8a8c)
    #13 JSC::JSRopeString::create(JSC::VM&, JSC::JSString*, JSC::JSString*, JSC::JSString*) /root/WebKit/WebKitBuild/TSan/JavaScriptCore/PrivateHeaders/JavaScriptCore/JSString.h:729:49 (jsc+0x7dfeb6)
    #14 JSC::JSRopeString::RopeBuilder<WTF::RecordOverflow>::release() /root/WebKit/WebKitBuild/TSan/JavaScriptCore/PrivateHeaders/JavaScriptCore/JSString.h:563:26 (jsc+0x109b344)
    #15 JSC::jsStringFromRegisterArray(JSC::JSGlobalObject*, JSC::Register*, unsigned int) /root/WebKit/Source/JavaScriptCore/runtime/OperationsInlines.h:274:24 (jsc+0x109b344)
    #16 slow_path_strcat /root/WebKit/Source/JavaScriptCore/runtime/CommonSlowPaths.cpp:1179:5 (jsc+0x13b40e3)
    #17 llint_op_strcat LowLevelInterpreter.cpp (jsc+0x1e18d69)
    #18 JSC::evaluate(JSC::JSGlobalObject*, JSC::SourceCode const&, JSC::JSValue, WTF::NakedPtr<JSC::Exception>&) /root/WebKit/Source/JavaScriptCore/runtime/Completion.cpp:145:37 (jsc+0x13c1033)
    #19 runWithOptions(GlobalObject*, CommandLine&, bool&) /root/WebKit/Source/JavaScriptCore/jsc.cpp:3957:35 (jsc+0x1cafa5)
    #20 jscmain(int, char**)::$_0::operator()(JSC::VM&, GlobalObject*, bool&) const /root/WebKit/Source/JavaScriptCore/jsc.cpp:4686:13 (jsc+0x1cafa5)
    #21 int runJSC<jscmain(int, char**)::$_0>(CommandLine const&, bool, jscmain(int, char**)::$_0 const&) /root/WebKit/Source/JavaScriptCore/jsc.cpp:4472:13 (jsc+0x1cafa5)
    #22 jscmain(int, char**) /root/WebKit/Source/JavaScriptCore/jsc.cpp:4679:18 (jsc+0x1cafa5)
    #23 main /root/WebKit/Source/JavaScriptCore/jsc.cpp:3715:15 (jsc+0x1c97e3)

  Location is heap block of size 16384 at 0x72a000188000 allocated by main thread:
    #0 aligned_alloc /home/runner/work/llvm-project/llvm-project/compiler-rt/lib/tsan/rtl/tsan_interceptors_posix.cpp:885:3 (jsc+0x13f40e)
    #1 bmalloc::api::tryMemalign(unsigned long, unsigned long, bmalloc::CompactAllocationMode, bmalloc::HeapKind) /root/WebKit/WebKitBuild/TSan/bmalloc/Headers/bmalloc/bmalloc.h:158:12 (jsc+0x25938d0)
    #2 WTF::tryFastCompactAlignedMalloc(unsigned long, unsigned long) /root/WebKit/Source/WTF/wtf/FastMalloc.cpp:553:20 (jsc+0x25938d0)
    #3 JSC::FastMallocAlignedMemoryAllocator::tryAllocateAlignedMemory(unsigned long, unsigned long) /root/WebKit/Source/JavaScriptCore/heap/FastMallocAlignedMemoryAllocator.cpp:47:12 (jsc+0xdbbcc0)
    #4 JSC::MarkedBlock::tryCreate(JSC::Heap&, JSC::AlignedMemoryAllocator*) /root/WebKit/Source/JavaScriptCore/heap/MarkedBlock.cpp:138:48 (jsc+0xe48478)
    #5 JSC::BlockDirectory::tryAllocateBlock(WTF::AbstractLocker const&, JSC::Heap&) /root/WebKit/Source/JavaScriptCore/heap/BlockDirectory.cpp:154:35 (jsc+0xdb2f0d)
    #6 JSC::LocalAllocator::allocateSlowCase(JSC::Heap&, unsigned long, JSC::GCDeferralContext*, JSC::AllocationFailureMode) /root/WebKit/Source/JavaScriptCore/heap/LocalAllocator.cpp:221:47 (jsc+0xe4325e)
    #7 JSC::LocalAllocator::allocate(JSC::Heap&, unsigned long, JSC::GCDeferralContext*, JSC::AllocationFailureMode)::'lambda'()::operator()() const /root/WebKit/WebKitBuild/TSan/JavaScriptCore/PrivateHeaders/JavaScriptCore/LocalAllocatorInlines.h:53:43 (jsc+0x1d133e)
    #8 JSC::HeapCell* JSC::FreeList::allocateWithCellSize<JSC::LocalAllocator::allocate(JSC::Heap&, unsigned long, JSC::GCDeferralContext*, JSC::AllocationFailureMode)::'lambda'()>(JSC::LocalAllocator::allocate(JSC::Heap&, unsigned long, JSC::GCDeferralContext*, JSC::AllocationFailureMode)::'lambda'() const&, unsigned long) /root/WebKit/Source/JavaScriptCore/heap/FreeListInlines.h:46:16 (jsc+0x7c8a8c)
    #9 JSC::LocalAllocator::allocate(JSC::Heap&, unsigned long, JSC::GCDeferralContext*, JSC::AllocationFailureMode) /root/WebKit/Source/JavaScriptCore/heap/LocalAllocatorInlines.h:50:23 (jsc+0x7c8a8c)
    #10 JSC::GCClient::IsoSubspace::allocate(JSC::VM&, unsigned long, JSC::GCDeferralContext*, JSC::AllocationFailureMode) /root/WebKit/Source/JavaScriptCore/heap/IsoSubspaceInlines.h:42:29 (jsc+0x7c8a8c)
    #11 void* JSC::tryAllocateCellHelper<JSC::JSRopeString, (JSC::AllocationFailureMode)0>(JSC::VM&, unsigned long, JSC::GCDeferralContext*) /root/WebKit/Source/JavaScriptCore/runtime/JSCellInlines.h:212:63 (jsc+0x7c8a8c)
    #12 void* JSC::allocateCell<JSC::JSRopeString>(JSC::VM&, unsigned long) /root/WebKit/Source/JavaScriptCore/runtime/JSCellInlines.h:232:12 (jsc+0x7c8a8c)
    #13 JSC::JSRopeString::create(JSC::VM&, JSC::JSString*, JSC::JSString*, JSC::JSString*) /root/WebKit/WebKitBuild/TSan/JavaScriptCore/PrivateHeaders/JavaScriptCore/JSString.h:729:49 (jsc+0x7dfeb6)
    #14 JSC::JSRopeString::RopeBuilder<WTF::RecordOverflow>::release() /root/WebKit/WebKitBuild/TSan/JavaScriptCore/PrivateHeaders/JavaScriptCore/JSString.h:563:26 (jsc+0x109b344)
    #15 JSC::jsStringFromRegisterArray(JSC::JSGlobalObject*, JSC::Register*, unsigned int) /root/WebKit/Source/JavaScriptCore/runtime/OperationsInlines.h:274:24 (jsc+0x109b344)
    #16 slow_path_strcat /root/WebKit/Source/JavaScriptCore/runtime/CommonSlowPaths.cpp:1179:5 (jsc+0x13b40e3)
    #17 llint_op_strcat LowLevelInterpreter.cpp (jsc+0x1e18d69)
    #18 JSC::evaluate(JSC::JSGlobalObject*, JSC::SourceCode const&, JSC::JSValue, WTF::NakedPtr<JSC::Exception>&) /root/WebKit/Source/JavaScriptCore/runtime/Completion.cpp:145:37 (jsc+0x13c1033)
    #19 runWithOptions(GlobalObject*, CommandLine&, bool&) /root/WebKit/Source/JavaScriptCore/jsc.cpp:3957:35 (jsc+0x1cafa5)
    #20 jscmain(int, char**)::$_0::operator()(JSC::VM&, GlobalObject*, bool&) const /root/WebKit/Source/JavaScriptCore/jsc.cpp:4686:13 (jsc+0x1cafa5)
    #21 int runJSC<jscmain(int, char**)::$_0>(CommandLine const&, bool, jscmain(int, char**)::$_0 const&) /root/WebKit/Source/JavaScriptCore/jsc.cpp:4472:13 (jsc+0x1cafa5)
    #22 jscmain(int, char**) /root/WebKit/Source/JavaScriptCore/jsc.cpp:4679:18 (jsc+0x1cafa5)
    #23 main /root/WebKit/Source/JavaScriptCore/jsc.cpp:3715:15 (jsc+0x1c97e3)

  Thread T5 'JITWorker' (tid=2652843, running) created by main thread at:
    #0 pthread_create /home/runner/work/llvm-project/llvm-project/compiler-rt/lib/tsan/rtl/tsan_interceptors_posix.cpp:1090:3 (jsc+0x13ff1a)
    #1 WTF::Thread::establishHandle(WTF::Thread::NewThreadContext&, WTF::StackAllocationSpecification, WTF::ThreadQOS, WTF::ThreadSchedulingPolicy) /root/WebKit/Source/WTF/wtf/posix/ThreadingPOSIX.cpp:354:17 (jsc+0x260a305)
    #2 WTF::Thread::create(WTF::ASCIILiteral, WTF::Function<void ()>&&, WTF::ThreadType, WTF::ThreadQOS, WTF::ThreadSchedulingPolicy, WTF::StackAllocationSpecification) /root/WebKit/Source/WTF/wtf/Threading.cpp:330:32 (jsc+0x25b0783)
    #3 WTF::AutomaticThread::start(WTF::AbstractLocker const&) /root/WebKit/Source/WTF/wtf/AutomaticThread.cpp:189:5 (jsc+0x2583f69)
    #4 WTF::AutomaticThreadCondition::notifyOne(WTF::AbstractLocker const&) /root/WebKit/Source/WTF/wtf/AutomaticThread.cpp:60:21 (jsc+0x2583d69)
    #5 JSC::JITWorklist::wakeThreads(WTF::AbstractLocker const&, unsigned int) /root/WebKit/Source/JavaScriptCore/jit/JITWorklist.cpp:162:25 (jsc+0x10419b6)
    #6 JSC::JITWorklist::enqueue(WTF::Ref<JSC::JITPlan, WTF::RawPtrTraits<JSC::JITPlan>, WTF::DefaultRefDerefTraits<JSC::JITPlan>>) /root/WebKit/Source/JavaScriptCore/jit/JITWorklist.cpp:245:5 (jsc+0x1042222)
    #7 JSC::LLInt::jitCompileAndSetHeuristics(JSC::VM&, JSC::CodeBlock*) /root/WebKit/Source/JavaScriptCore/llint/LLIntSlowPaths.cpp:501:45 (jsc+0x107bf57)
    #8 JSC::LLInt::entryOSR(JSC::CodeBlock*, char const*, JSC::LLInt::EntryKind) /root/WebKit/Source/JavaScriptCore/llint/LLIntSlowPaths.cpp:523:10 (jsc+0x107b192)
    #9 llint_entry_osr_function_for_call /root/WebKit/Source/JavaScriptCore/llint/LLIntSlowPaths.cpp:550:12 (jsc+0x107b3f3)
    #10 llint_function_for_call_prologue LowLevelInterpreter.cpp (jsc+0x1dffe9e)
    #11 JSC::evaluate(JSC::JSGlobalObject*, JSC::SourceCode const&, JSC::JSValue, WTF::NakedPtr<JSC::Exception>&) /root/WebKit/Source/JavaScriptCore/runtime/Completion.cpp:145:37 (jsc+0x13c1033)
    #12 runWithOptions(GlobalObject*, CommandLine&, bool&) /root/WebKit/Source/JavaScriptCore/jsc.cpp:3957:35 (jsc+0x1cafa5)
    #13 jscmain(int, char**)::$_0::operator()(JSC::VM&, GlobalObject*, bool&) const /root/WebKit/Source/JavaScriptCore/jsc.cpp:4686:13 (jsc+0x1cafa5)
    #14 int runJSC<jscmain(int, char**)::$_0>(CommandLine const&, bool, jscmain(int, char**)::$_0 const&) /root/WebKit/Source/JavaScriptCore/jsc.cpp:4472:13 (jsc+0x1cafa5)
    #15 jscmain(int, char**) /root/WebKit/Source/JavaScriptCore/jsc.cpp:4679:18 (jsc+0x1cafa5)
    #16 main /root/WebKit/Source/JavaScriptCore/jsc.cpp:3715:15 (jsc+0x1c97e3)

SUMMARY: ThreadSanitizer: data race /root/WebKit/WebKitBuild/TSan/WTF/Headers/wtf/Atomics.h:55:100 in WTF::Atomic<unsigned long>::load(std::memory_order) const
==================
ThreadSanitizer: reported 3 warnings
