JSC: disabling useWasm under GIL-off (wasm glue still reads the raw VM-block exception word; not yet audited for UNGIL §A.1.3 COMPILED-FOR-VM; see AB-17 status block in VMEntryScope.cpp).
==================
WARNING: ThreadSanitizer: data race (pid=2654467)
  Atomic read of size 1 at 0x720800017b44 by thread T4:
    #0 std::atomic<JSC::WatchpointState>::load(std::memory_order) const /usr/lib/gcc/x86_64-amazon-linux/14/../../../../include/c++/14/atomic:302:2 (jsc+0x61d524)
    #1 WTF::Atomic<JSC::WatchpointState>::load(std::memory_order) const /root/WebKit/WebKitBuild/TSan/WTF/Headers/wtf/Atomics.h:55:100 (jsc+0x61d524)
    #2 WTF::Atomic<JSC::WatchpointState>::loadRelaxed() const /root/WebKit/WebKitBuild/TSan/WTF/Headers/wtf/Atomics.h:57:50 (jsc+0x61d524)
    #3 JSC::WatchpointSet::state() const /root/WebKit/Source/JavaScriptCore/bytecode/Watchpoint.h:250:24 (jsc+0x61d524)
    #4 JSC::InlineWatchpointSet::state() const /root/WebKit/Source/JavaScriptCore/bytecode/Watchpoint.h:438:38 (jsc+0x61d524)
    #5 JSC::InlineWatchpointSet::hasBeenInvalidated() const /root/WebKit/Source/JavaScriptCore/bytecode/Watchpoint.h:447:16 (jsc+0x61d524)
    #6 JSC::InlineWatchpointSet::isStillValid() const /root/WebKit/Source/JavaScriptCore/bytecode/Watchpoint.h:453:17 (jsc+0x61d524)
    #7 decltype(this->unwrapDependent<>().isStillValid()) JSC::Structure::TsanDeferredCtorMember<JSC::InlineWatchpointSet>::isStillValid<>() const /root/WebKit/Source/JavaScriptCore/runtime/Structure.h:1551:9 (jsc+0x61d524)
    #8 JSC::Structure::transitionWatchpointSetIsStillValid() const /root/WebKit/Source/JavaScriptCore/runtime/Structure.h:859:42 (jsc+0x61d524)
    #9 JSC::Structure::dfgShouldWatch() const /root/WebKit/Source/JavaScriptCore/runtime/Structure.h:885:46 (jsc+0x61d524)
    #10 JSC::DFG::DesiredWatchpoints::consider(JSC::Structure*) /root/WebKit/Source/JavaScriptCore/dfg/DFGDesiredWatchpoints.cpp:155:21 (jsc+0x61d524)
    #11 JSC::DFG::Graph::registerStructure(JSC::Structure*, JSC::DFG::StructureRegistrationResult&) /root/WebKit/Source/JavaScriptCore/dfg/DFGGraph.cpp:1714:30 (jsc+0x65cbe2)
    #12 JSC::DFG::Graph::registerStructure(JSC::Structure*) /root/WebKit/Source/JavaScriptCore/dfg/DFGGraph.h:297:16 (jsc+0x4d8037)
    #13 JSC::DFG::AbstractValue::mergeOSREntryValue(JSC::DFG::Graph&, JSC::JSValue, JSC::DFG::VariableAccessData*, JSC::DFG::Node*) /root/WebKit/Source/JavaScriptCore/dfg/DFGAbstractValue.cpp:220:51 (jsc+0x4d8037)
    #14 JSC::DFG::CFAPhase::injectOSR(JSC::DFG::BasicBlock*) /root/WebKit/Source/JavaScriptCore/dfg/DFGCFAPhase.cpp:183:31 (jsc+0x58ce3b)
    #15 JSC::DFG::CFAPhase::performBlockCFA(JSC::DFG::BasicBlock*) /root/WebKit/Source/JavaScriptCore/dfg/DFGCFAPhase.cpp:203:13 (jsc+0x58d18a)
    #16 JSC::DFG::CFAPhase::performForwardCFA() /root/WebKit/Source/JavaScriptCore/dfg/DFGCFAPhase.cpp:255:13 (jsc+0x58c441)
    #17 JSC::DFG::CFAPhase::run() /root/WebKit/Source/JavaScriptCore/dfg/DFGCFAPhase.cpp:115:13 (jsc+0x58c441)
    #18 bool JSC::DFG::runAndLog<JSC::DFG::CFAPhase>(JSC::DFG::CFAPhase&) /root/WebKit/Source/JavaScriptCore/dfg/DFGPhase.h:86:25 (jsc+0x58be9d)
    #19 bool JSC::DFG::runPhase<JSC::DFG::CFAPhase>(JSC::DFG::Graph&) /root/WebKit/Source/JavaScriptCore/dfg/DFGPhase.h:99:12 (jsc+0x56d635)
    #20 JSC::DFG::performCFA(JSC::DFG::Graph&) /root/WebKit/Source/JavaScriptCore/dfg/DFGCFAPhase.cpp:271:12 (jsc+0x56d5e9)
    #21 JSC::DFG::Plan::compileInThreadImpl() /root/WebKit/Source/JavaScriptCore/dfg/DFGPlan.cpp:326:5 (jsc+0x8aff96)
    #22 JSC::JITPlan::compileInThread(JSC::JITWorklistThread*) /root/WebKit/Source/JavaScriptCore/jit/JITPlan.cpp:283:28 (jsc+0xfdcd1d)
    #23 JSC::JITWorklistThread::work() /root/WebKit/Source/JavaScriptCore/jit/JITWorklistThread.cpp:145:13 (jsc+0x104769b)
    #24 WTF::AutomaticThread::start(WTF::AbstractLocker const&)::$_0::operator()() const /root/WebKit/Source/WTF/wtf/AutomaticThread.cpp:260:37 (jsc+0x25854ec)
    #25 WTF::Detail::CallableWrapper<WTF::AutomaticThread::start(WTF::AbstractLocker const&)::$_0, void>::call() /root/WebKit/Source/WTF/wtf/Function.h:59:39 (jsc+0x25854ec)
    #26 WTF::Function<void ()>::operator()() const /root/WebKit/Source/WTF/wtf/Function.h:103:35 (jsc+0x25b0445)
    #27 WTF::Thread::entryPoint(WTF::Thread::NewThreadContext*) /root/WebKit/Source/WTF/wtf/Threading.cpp:312:5 (jsc+0x25b0445)
    #28 WTF::wtfThreadEntryPoint(void*) /root/WebKit/Source/WTF/wtf/posix/ThreadingPOSIX.cpp:264:5 (jsc+0x260a419)

  Previous write of size 8 at 0x720800017b40 by main thread:
    #0 malloc /home/runner/work/llvm-project/llvm-project/compiler-rt/lib/tsan/rtl/tsan_interceptors_posix.cpp:682:5 (jsc+0x13dc20)
    #1 bmalloc::api::malloc(unsigned long, bmalloc::CompactAllocationMode, bmalloc::HeapKind) /root/WebKit/WebKitBuild/TSan/bmalloc/Headers/bmalloc/bmalloc.h:96:20 (jsc+0x2593689)
    #2 WTF::fastMalloc(unsigned long) /root/WebKit/Source/WTF/wtf/FastMalloc.cpp:337:20 (jsc+0x2593689)
    #3 JSC::WatchpointSet::operator new(unsigned long) /root/WebKit/Source/JavaScriptCore/bytecode/Watchpoint.h:223:5 (jsc+0x3c9925)
    #4 JSC::WatchpointSet::create(JSC::WatchpointState, JSC::WatchpointSetClassification) /root/WebKit/Source/JavaScriptCore/bytecode/Watchpoint.h:233:26 (jsc+0x3c9925)
    #5 JSC::InlineWatchpointSet::inflateSlow() /root/WebKit/Source/JavaScriptCore/bytecode/Watchpoint.cpp:476:27 (jsc+0x3c9925)
    #6 JSC::InlineWatchpointSet::inflate() /root/WebKit/Source/JavaScriptCore/bytecode/Watchpoint.h:580:16 (jsc+0x3c964b)
    #7 JSC::InlineWatchpointSet::add(JSC::Watchpoint*) /root/WebKit/Source/JavaScriptCore/bytecode/Watchpoint.cpp:451:5 (jsc+0x3c964b)
    #8 JSC::DFG::SetPointerAdaptor<JSC::InlineWatchpointSet*>::add(JSC::CodeBlock*, JSC::InlineWatchpointSet*, JSC::DFG::WatchpointCollector&)::'lambda'(JSC::CodeBlockJettisoningWatchpoint&)::operator()(JSC::CodeBlockJettisoningWatchpoint&) const /root/WebKit/Source/JavaScriptCore/dfg/DFGDesiredWatchpoints.h:129:18 (jsc+0x64055d)
    #9 bool JSC::DFG::WatchpointCollector::addWatchpoint<JSC::DFG::SetPointerAdaptor<JSC::InlineWatchpointSet*>::add(JSC::CodeBlock*, JSC::InlineWatchpointSet*, JSC::DFG::WatchpointCollector&)::'lambda'(JSC::CodeBlockJettisoningWatchpoint&)>(JSC::DFG::SetPointerAdaptor<JSC::InlineWatchpointSet*>::add(JSC::CodeBlock*, JSC::InlineWatchpointSet*, JSC::DFG::WatchpointCollector&)::'lambda'(JSC::CodeBlockJettisoningWatchpoint&) const&) /root/WebKit/Source/JavaScriptCore/dfg/DFGDesiredWatchpoints.h:79:20 (jsc+0x61e2d9)
    #10 JSC::DFG::SetPointerAdaptor<JSC::InlineWatchpointSet*>::add(JSC::CodeBlock*, JSC::InlineWatchpointSet*, JSC::DFG::WatchpointCollector&) /root/WebKit/Source/JavaScriptCore/dfg/DFGDesiredWatchpoints.h:121:26 (jsc+0x61e2d9)
    #11 JSC::DFG::GenericDesiredWatchpoints<JSC::InlineWatchpointSet*, JSC::DFG::SetPointerAdaptor<JSC::InlineWatchpointSet*>>::reallyAdd(JSC::CodeBlock*, JSC::DFG::WatchpointCollector&) /root/WebKit/Source/JavaScriptCore/dfg/DFGDesiredWatchpoints.h:214:18 (jsc+0x61e2d9)
    #12 JSC::DFG::DesiredWatchpoints::reallyAdd(JSC::CodeBlock*, JSC::DFG::DesiredIdentifiers&, JSC::DFG::CommonData*) /root/WebKit/Source/JavaScriptCore/dfg/DFGDesiredWatchpoints.cpp:209:23 (jsc+0x61ee00)
    #13 JSC::DFG::Plan::reallyAdd(JSC::DFG::CommonData*) /root/WebKit/Source/JavaScriptCore/dfg/DFGPlan.cpp:611:24 (jsc+0x8b6b80)
    #14 JSC::DFG::Plan::finalize()::$_0::operator()() const /root/WebKit/Source/JavaScriptCore/dfg/DFGPlan.cpp:671:14 (jsc+0x8b6eb2)
    #15 JSC::DFG::Plan::finalize() /root/WebKit/Source/JavaScriptCore/dfg/DFGPlan.cpp:654:32 (jsc+0x8b6eb2)
    #16 JSC::JITWorklist::completeAllReadyPlansForVM(JSC::VM&, JSC::JITCompilationKey) /root/WebKit/Source/JavaScriptCore/jit/JITWorklist.cpp:314:15 (jsc+0x1043459)
    #17 operationOptimize /root/WebKit/Source/JavaScriptCore/jit/JITOperations.cpp:3158:76 (jsc+0xfbf0d9)
    #18 <null> <null> (0x7f9b3a602418)
    #19 JSC::evaluate(JSC::JSGlobalObject*, JSC::SourceCode const&, JSC::JSValue, WTF::NakedPtr<JSC::Exception>&) /root/WebKit/Source/JavaScriptCore/runtime/Completion.cpp:145:37 (jsc+0x13c1033)
    #20 runWithOptions(GlobalObject*, CommandLine&, bool&) /root/WebKit/Source/JavaScriptCore/jsc.cpp:3957:35 (jsc+0x1cafa5)
    #21 jscmain(int, char**)::$_0::operator()(JSC::VM&, GlobalObject*, bool&) const /root/WebKit/Source/JavaScriptCore/jsc.cpp:4686:13 (jsc+0x1cafa5)
    #22 int runJSC<jscmain(int, char**)::$_0>(CommandLine const&, bool, jscmain(int, char**)::$_0 const&) /root/WebKit/Source/JavaScriptCore/jsc.cpp:4472:13 (jsc+0x1cafa5)
    #23 jscmain(int, char**) /root/WebKit/Source/JavaScriptCore/jsc.cpp:4679:18 (jsc+0x1cafa5)
    #24 main /root/WebKit/Source/JavaScriptCore/jsc.cpp:3715:15 (jsc+0x1c97e3)

  Location is heap block of size 24 at 0x720800017b40 allocated by main thread:
    #0 malloc /home/runner/work/llvm-project/llvm-project/compiler-rt/lib/tsan/rtl/tsan_interceptors_posix.cpp:682:5 (jsc+0x13dc20)
    #1 bmalloc::api::malloc(unsigned long, bmalloc::CompactAllocationMode, bmalloc::HeapKind) /root/WebKit/WebKitBuild/TSan/bmalloc/Headers/bmalloc/bmalloc.h:96:20 (jsc+0x2593689)
    #2 WTF::fastMalloc(unsigned long) /root/WebKit/Source/WTF/wtf/FastMalloc.cpp:337:20 (jsc+0x2593689)
    #3 JSC::WatchpointSet::operator new(unsigned long) /root/WebKit/Source/JavaScriptCore/bytecode/Watchpoint.h:223:5 (jsc+0x3c9925)
    #4 JSC::WatchpointSet::create(JSC::WatchpointState, JSC::WatchpointSetClassification) /root/WebKit/Source/JavaScriptCore/bytecode/Watchpoint.h:233:26 (jsc+0x3c9925)
    #5 JSC::InlineWatchpointSet::inflateSlow() /root/WebKit/Source/JavaScriptCore/bytecode/Watchpoint.cpp:476:27 (jsc+0x3c9925)
    #6 JSC::InlineWatchpointSet::inflate() /root/WebKit/Source/JavaScriptCore/bytecode/Watchpoint.h:580:16 (jsc+0x3c964b)
    #7 JSC::InlineWatchpointSet::add(JSC::Watchpoint*) /root/WebKit/Source/JavaScriptCore/bytecode/Watchpoint.cpp:451:5 (jsc+0x3c964b)
    #8 JSC::DFG::SetPointerAdaptor<JSC::InlineWatchpointSet*>::add(JSC::CodeBlock*, JSC::InlineWatchpointSet*, JSC::DFG::WatchpointCollector&)::'lambda'(JSC::CodeBlockJettisoningWatchpoint&)::operator()(JSC::CodeBlockJettisoningWatchpoint&) const /root/WebKit/Source/JavaScriptCore/dfg/DFGDesiredWatchpoints.h:129:18 (jsc+0x64055d)
    #9 bool JSC::DFG::WatchpointCollector::addWatchpoint<JSC::DFG::SetPointerAdaptor<JSC::InlineWatchpointSet*>::add(JSC::CodeBlock*, JSC::InlineWatchpointSet*, JSC::DFG::WatchpointCollector&)::'lambda'(JSC::CodeBlockJettisoningWatchpoint&)>(JSC::DFG::SetPointerAdaptor<JSC::InlineWatchpointSet*>::add(JSC::CodeBlock*, JSC::InlineWatchpointSet*, JSC::DFG::WatchpointCollector&)::'lambda'(JSC::CodeBlockJettisoningWatchpoint&) const&) /root/WebKit/Source/JavaScriptCore/dfg/DFGDesiredWatchpoints.h:79:20 (jsc+0x61e2d9)
    #10 JSC::DFG::SetPointerAdaptor<JSC::InlineWatchpointSet*>::add(JSC::CodeBlock*, JSC::InlineWatchpointSet*, JSC::DFG::WatchpointCollector&) /root/WebKit/Source/JavaScriptCore/dfg/DFGDesiredWatchpoints.h:121:26 (jsc+0x61e2d9)
    #11 JSC::DFG::GenericDesiredWatchpoints<JSC::InlineWatchpointSet*, JSC::DFG::SetPointerAdaptor<JSC::InlineWatchpointSet*>>::reallyAdd(JSC::CodeBlock*, JSC::DFG::WatchpointCollector&) /root/WebKit/Source/JavaScriptCore/dfg/DFGDesiredWatchpoints.h:214:18 (jsc+0x61e2d9)
    #12 JSC::DFG::DesiredWatchpoints::reallyAdd(JSC::CodeBlock*, JSC::DFG::DesiredIdentifiers&, JSC::DFG::CommonData*) /root/WebKit/Source/JavaScriptCore/dfg/DFGDesiredWatchpoints.cpp:209:23 (jsc+0x61ee00)
    #13 JSC::DFG::Plan::reallyAdd(JSC::DFG::CommonData*) /root/WebKit/Source/JavaScriptCore/dfg/DFGPlan.cpp:611:24 (jsc+0x8b6b80)
    #14 JSC::DFG::Plan::finalize()::$_0::operator()() const /root/WebKit/Source/JavaScriptCore/dfg/DFGPlan.cpp:671:14 (jsc+0x8b6eb2)
    #15 JSC::DFG::Plan::finalize() /root/WebKit/Source/JavaScriptCore/dfg/DFGPlan.cpp:654:32 (jsc+0x8b6eb2)
    #16 JSC::JITWorklist::completeAllReadyPlansForVM(JSC::VM&, JSC::JITCompilationKey) /root/WebKit/Source/JavaScriptCore/jit/JITWorklist.cpp:314:15 (jsc+0x1043459)
    #17 operationOptimize /root/WebKit/Source/JavaScriptCore/jit/JITOperations.cpp:3158:76 (jsc+0xfbf0d9)
    #18 <null> <null> (0x7f9b3a602418)
    #19 JSC::evaluate(JSC::JSGlobalObject*, JSC::SourceCode const&, JSC::JSValue, WTF::NakedPtr<JSC::Exception>&) /root/WebKit/Source/JavaScriptCore/runtime/Completion.cpp:145:37 (jsc+0x13c1033)
    #20 runWithOptions(GlobalObject*, CommandLine&, bool&) /root/WebKit/Source/JavaScriptCore/jsc.cpp:3957:35 (jsc+0x1cafa5)
    #21 jscmain(int, char**)::$_0::operator()(JSC::VM&, GlobalObject*, bool&) const /root/WebKit/Source/JavaScriptCore/jsc.cpp:4686:13 (jsc+0x1cafa5)
    #22 int runJSC<jscmain(int, char**)::$_0>(CommandLine const&, bool, jscmain(int, char**)::$_0 const&) /root/WebKit/Source/JavaScriptCore/jsc.cpp:4472:13 (jsc+0x1cafa5)
    #23 jscmain(int, char**) /root/WebKit/Source/JavaScriptCore/jsc.cpp:4679:18 (jsc+0x1cafa5)
    #24 main /root/WebKit/Source/JavaScriptCore/jsc.cpp:3715:15 (jsc+0x1c97e3)

  Thread T4 'JITWorker' (tid=2654509, running) created by main thread at:
    #0 pthread_create /home/runner/work/llvm-project/llvm-project/compiler-rt/lib/tsan/rtl/tsan_interceptors_posix.cpp:1090:3 (jsc+0x13ff1a)
    #1 WTF::Thread::establishHandle(WTF::Thread::NewThreadContext&, WTF::StackAllocationSpecification, WTF::ThreadQOS, WTF::ThreadSchedulingPolicy) /root/WebKit/Source/WTF/wtf/posix/ThreadingPOSIX.cpp:354:17 (jsc+0x260a305)
    #2 WTF::Thread::create(WTF::ASCIILiteral, WTF::Function<void ()>&&, WTF::ThreadType, WTF::ThreadQOS, WTF::ThreadSchedulingPolicy, WTF::StackAllocationSpecification) /root/WebKit/Source/WTF/wtf/Threading.cpp:330:32 (jsc+0x25b0783)
    #3 WTF::AutomaticThread::start(WTF::AbstractLocker const&) /root/WebKit/Source/WTF/wtf/AutomaticThread.cpp:189:5 (jsc+0x2583f69)
    #4 WTF::AutomaticThreadCondition::notifyOne(WTF::AbstractLocker const&) /root/WebKit/Source/WTF/wtf/AutomaticThread.cpp:60:21 (jsc+0x2583d69)
    #5 JSC::JITWorklist::wakeThreads(WTF::AbstractLocker const&, unsigned int) /root/WebKit/Source/JavaScriptCore/jit/JITWorklist.cpp:162:25 (jsc+0x10419b6)
    #6 JSC::JITWorklist::enqueue(WTF::Ref<JSC::JITPlan, WTF::RawPtrTraits<JSC::JITPlan>, WTF::DefaultRefDerefTraits<JSC::JITPlan>>) /root/WebKit/Source/JavaScriptCore/jit/JITWorklist.cpp:245:5 (jsc+0x1042222)
    #7 JSC::DFG::compileImpl(JSC::VM&, JSC::CodeBlock*, JSC::CodeBlock*, JSC::JITCompilationMode, JSC::BytecodeIndex, JSC::Operands<std::optional<JSC::JSValue>, WTF::Vector<std::optional<JSC::JSValue>, 0ul, WTF::UnsafeVectorOverflow, 16ul, WTF::FastMalloc>>&&, WTF::Ref<JSC::DeferredCompilationCallback, WTF::RawPtrTraits<JSC::DeferredCompilationCallback>, WTF::DefaultRefDerefTraits<JSC::DeferredCompilationCallback>>&&) /root/WebKit/Source/JavaScriptCore/dfg/DFGDriver.cpp:102:21 (jsc+0x64403e)
    #8 JSC::DFG::compile(JSC::VM&, JSC::CodeBlock*, JSC::CodeBlock*, JSC::JITCompilationMode, JSC::BytecodeIndex, JSC::Operands<std::optional<JSC::JSValue>, WTF::Vector<std::optional<JSC::JSValue>, 0ul, WTF::UnsafeVectorOverflow, 16ul, WTF::FastMalloc>>&&, WTF::Ref<JSC::DeferredCompilationCallback, WTF::RawPtrTraits<JSC::DeferredCompilationCallback>, WTF::DefaultRefDerefTraits<JSC::DeferredCompilationCallback>>&&) /root/WebKit/Source/JavaScriptCore/dfg/DFGDriver.cpp:118:12 (jsc+0x64403e)
    #9 operationOptimize /root/WebKit/Source/JavaScriptCore/jit/JITOperations.cpp:3269:36 (jsc+0xfbf528)
    #10 <null> <null> (0x7f9b3a602418)
    #11 JSC::evaluate(JSC::JSGlobalObject*, JSC::SourceCode const&, JSC::JSValue, WTF::NakedPtr<JSC::Exception>&) /root/WebKit/Source/JavaScriptCore/runtime/Completion.cpp:145:37 (jsc+0x13c1033)
    #12 runWithOptions(GlobalObject*, CommandLine&, bool&) /root/WebKit/Source/JavaScriptCore/jsc.cpp:3957:35 (jsc+0x1cafa5)
    #13 jscmain(int, char**)::$_0::operator()(JSC::VM&, GlobalObject*, bool&) const /root/WebKit/Source/JavaScriptCore/jsc.cpp:4686:13 (jsc+0x1cafa5)
    #14 int runJSC<jscmain(int, char**)::$_0>(CommandLine const&, bool, jscmain(int, char**)::$_0 const&) /root/WebKit/Source/JavaScriptCore/jsc.cpp:4472:13 (jsc+0x1cafa5)
    #15 jscmain(int, char**) /root/WebKit/Source/JavaScriptCore/jsc.cpp:4679:18 (jsc+0x1cafa5)
    #16 main /root/WebKit/Source/JavaScriptCore/jsc.cpp:3715:15 (jsc+0x1c97e3)

SUMMARY: ThreadSanitizer: data race /root/WebKit/WebKitBuild/TSan/WTF/Headers/wtf/Atomics.h:55:100 in WTF::Atomic<JSC::WatchpointState>::load(std::memory_order) const
==================
==================
WARNING: ThreadSanitizer: data race (pid=2654467)
  Write of size 4 at 0x729800002288 by main thread:
    #0 slow_path_resolve_scope /root/WebKit/Source/JavaScriptCore/runtime/CommonSlowPaths.cpp:1403:40 (jsc+0x13b9791)
    #1 llint_op_resolve_scope LowLevelInterpreter.cpp (jsc+0x1e0eb79)
    #2 JSC::evaluate(JSC::JSGlobalObject*, JSC::SourceCode const&, JSC::JSValue, WTF::NakedPtr<JSC::Exception>&) /root/WebKit/Source/JavaScriptCore/runtime/Completion.cpp:145:37 (jsc+0x13c1033)
    #3 runWithOptions(GlobalObject*, CommandLine&, bool&) /root/WebKit/Source/JavaScriptCore/jsc.cpp:3957:35 (jsc+0x1cafa5)
    #4 jscmain(int, char**)::$_0::operator()(JSC::VM&, GlobalObject*, bool&) const /root/WebKit/Source/JavaScriptCore/jsc.cpp:4686:13 (jsc+0x1cafa5)
    #5 int runJSC<jscmain(int, char**)::$_0>(CommandLine const&, bool, jscmain(int, char**)::$_0 const&) /root/WebKit/Source/JavaScriptCore/jsc.cpp:4472:13 (jsc+0x1cafa5)
    #6 jscmain(int, char**) /root/WebKit/Source/JavaScriptCore/jsc.cpp:4679:18 (jsc+0x1cafa5)
    #7 main /root/WebKit/Source/JavaScriptCore/jsc.cpp:3715:15 (jsc+0x1c97e3)

  Previous atomic read of size 4 at 0x729800002288 by thread T3:
    #0 std::atomic<JSC::ResolveType>::load(std::memory_order) const /usr/lib/gcc/x86_64-amazon-linux/14/../../../../include/c++/14/atomic:302:2 (jsc+0xff41c6)
    #1 WTF::Atomic<JSC::ResolveType>::load(std::memory_order) const /root/WebKit/WebKitBuild/TSan/WTF/Headers/wtf/Atomics.h:55:100 (jsc+0xff41c6)
    #2 JSC::ResolveType WTF::atomicLoad<JSC::ResolveType>(JSC::ResolveType*, std::memory_order) /root/WebKit/WebKitBuild/TSan/WTF/Headers/wtf/Atomics.h:162:49 (jsc+0xff41c6)
    #3 JSC::JIT::emit_op_resolve_scope(JSC::BaseInstruction<JSC::JSOpcodeTraits> const*) /root/WebKit/Source/JavaScriptCore/jit/JITPropertyAccess.cpp:949:39 (jsc+0xff41c6)
    #4 JSC::JIT::privateCompileMainPass() /root/WebKit/Source/JavaScriptCore/jit/JIT.cpp:439:9 (jsc+0xec21af)
    #5 JSC::JIT::compileAndLinkWithoutFinalizing(JSC::JITCompilationEffort) /root/WebKit/Source/JavaScriptCore/jit/JIT.cpp:813:5 (jsc+0xecfee6)
    #6 JSC::BaselineJITPlan::compileInThreadImpl(JSC::JITCompilationEffort) /root/WebKit/Source/JavaScriptCore/jit/BaselineJITPlan.cpp:67:32 (jsc+0xeab188)
    #7 JSC::BaselineJITPlan::compileInThreadImpl() /root/WebKit/Source/JavaScriptCore/jit/BaselineJITPlan.cpp:78:12 (jsc+0xeab32b)
    #8 JSC::JITPlan::compileInThread(JSC::JITWorklistThread*) /root/WebKit/Source/JavaScriptCore/jit/JITPlan.cpp:283:28 (jsc+0xfdcd1d)
    #9 JSC::JITWorklistThread::work() /root/WebKit/Source/JavaScriptCore/jit/JITWorklistThread.cpp:145:13 (jsc+0x104769b)
    #10 WTF::AutomaticThread::start(WTF::AbstractLocker const&)::$_0::operator()() const /root/WebKit/Source/WTF/wtf/AutomaticThread.cpp:260:37 (jsc+0x25854ec)
    #11 WTF::Detail::CallableWrapper<WTF::AutomaticThread::start(WTF::AbstractLocker const&)::$_0, void>::call() /root/WebKit/Source/WTF/wtf/Function.h:59:39 (jsc+0x25854ec)
    #12 WTF::Function<void ()>::operator()() const /root/WebKit/Source/WTF/wtf/Function.h:103:35 (jsc+0x25b0445)
    #13 WTF::Thread::entryPoint(WTF::Thread::NewThreadContext*) /root/WebKit/Source/WTF/wtf/Threading.cpp:312:5 (jsc+0x25b0445)
    #14 WTF::wtfThreadEntryPoint(void*) /root/WebKit/Source/WTF/wtf/posix/ThreadingPOSIX.cpp:264:5 (jsc+0x260a419)

  Location is heap block of size 10554 at 0x729800000000 allocated by main thread:
    #0 malloc /home/runner/work/llvm-project/llvm-project/compiler-rt/lib/tsan/rtl/tsan_interceptors_posix.cpp:682:5 (jsc+0x13dc20)
    #1 bmalloc::api::malloc(unsigned long, bmalloc::CompactAllocationMode, bmalloc::HeapKind) /root/WebKit/WebKitBuild/TSan/bmalloc/Headers/bmalloc/bmalloc.h:96:20 (jsc+0x2593689)
    #2 WTF::fastMalloc(unsigned long) /root/WebKit/Source/WTF/wtf/FastMalloc.cpp:337:20 (jsc+0x2593689)
    #3 WTF::FastMalloc::malloc(unsigned long) /root/WebKit/WebKitBuild/TSan/WTF/Headers/wtf/FastMalloc.h:235:47 (jsc+0x3bd674)
    #4 JSC::UnlinkedMetadataTable::finalize() /root/WebKit/Source/JavaScriptCore/bytecode/UnlinkedMetadataTable.cpp:164:61 (jsc+0x3bd674)
    #5 JSC::UnlinkedCodeBlockGenerator::finalize(std::unique_ptr<JSC::InstructionStream<JSC::BaseInstruction<JSC::JSOpcodeTraits>>, std::default_delete<JSC::InstructionStream<JSC::BaseInstruction<JSC::JSOpcodeTraits>>>>) /root/WebKit/Source/JavaScriptCore/bytecode/UnlinkedCodeBlockGenerator.cpp:68:34 (jsc+0x3bc287)
    #6 JSC::BytecodeGenerator::generate(unsigned int&) /root/WebKit/Source/JavaScriptCore/bytecompiler/BytecodeGenerator.cpp:422:18 (jsc+0x3cc818)
    #7 JSC::ParserError JSC::BytecodeGenerator::generate<JSC::ProgramNode, JSC::UnlinkedProgramCodeBlock>(JSC::VM&, JSC::ProgramNode*, JSC::SourceCode const&, JSC::UnlinkedProgramCodeBlock*, WTF::OptionSet<JSC::CodeGenerationMode, (WTF::ConcurrencyTag)0>, WTF::RefPtr<JSC::TDZEnvironmentLink, WTF::RawPtrTraits<JSC::TDZEnvironmentLink>, WTF::DefaultRefDerefTraits<JSC::TDZEnvironmentLink>> const&, WTF::FixedVector<JSC::Identifier, WTF::FastMalloc> const*, WTF::HashMap<WTF::RefPtr<WTF::UniquedStringImpl, WTF::PackedPtrTraits<WTF::UniquedStringImpl>, WTF::DefaultRefDerefTraits<WTF::UniquedStringImpl>>, JSC::PrivateNameEntry, JSC::IdentifierRepHash, WTF::HashTraits<WTF::RefPtr<WTF::UniquedStringImpl, WTF::RawPtrTraits<WTF::UniquedStringImpl>, WTF::DefaultRefDerefTraits<WTF::UniquedStringImpl>>>, JSC::PrivateNameEntryHashTraits, WTF::HashTableTraits, (WTF::ShouldValidateKey)0, WTF::FastMalloc> const*) /root/WebKit/Source/JavaScriptCore/bytecompiler/BytecodeGenerator.h:407:46 (jsc+0x13d8f20)
    #8 JSC::UnlinkedProgramCodeBlock* JSC::generateUnlinkedCodeBlockImpl<JSC::UnlinkedProgramCodeBlock, JSC::ProgramExecutable>(JSC::VM&, JSC::SourceCode const&, unsigned char, JSC::JSParserScriptMode, WTF::OptionSet<JSC::CodeGenerationMode, (WTF::ConcurrencyTag)0>, JSC::ParserError&, JSC::EvalContextType, JSC::DerivedContextType, bool, WTF::HashSet<WTF::RefPtr<WTF::UniquedStringImpl, WTF::RawPtrTraits<WTF::UniquedStringImpl>, WTF::DefaultRefDerefTraits<WTF::UniquedStringImpl>>, JSC::IdentifierRepHash, WTF::HashTraits<WTF::RefPtr<WTF::UniquedStringImpl, WTF::RawPtrTraits<WTF::UniquedStringImpl>, WTF::DefaultRefDerefTraits<WTF::UniquedStringImpl>>>, WTF::HashTableTraits, (WTF::ShouldValidateKey)0> const*, WTF::HashMap<WTF::RefPtr<WTF::UniquedStringImpl, WTF::PackedPtrTraits<WTF::UniquedStringImpl>, WTF::DefaultRefDerefTraits<WTF::UniquedStringImpl>>, JSC::PrivateNameEntry, JSC::IdentifierRepHash, WTF::HashTraits<WTF::RefPtr<WTF::UniquedStringImpl, WTF::RawPtrTraits<WTF::UniquedStringImpl>, WTF::DefaultRefDerefTraits<WTF::UniquedStringImpl>>>, JSC::PrivateNameEntryHashTraits, WTF::HashTableTraits, (WTF::ShouldValidateKey)0, WTF::FastMalloc> const*, JSC::ProgramExecutable*) /root/WebKit/Source/JavaScriptCore/runtime/CodeCache.cpp:211:13 (jsc+0x13dbd29)
    #9 JSC::UnlinkedProgramCodeBlock* JSC::generateUnlinkedCodeBlock<JSC::UnlinkedProgramCodeBlock, JSC::ProgramExecutable>(JSC::VM&, JSC::ProgramExecutable*, JSC::SourceCode const&, JSC::JSParserScriptMode, WTF::OptionSet<JSC::CodeGenerationMode, (WTF::ConcurrencyTag)0>, JSC::ParserError&, JSC::EvalContextType, WTF::HashSet<WTF::RefPtr<WTF::UniquedStringImpl, WTF::RawPtrTraits<WTF::UniquedStringImpl>, WTF::DefaultRefDerefTraits<WTF::UniquedStringImpl>>, JSC::IdentifierRepHash, WTF::HashTraits<WTF::RefPtr<WTF::UniquedStringImpl, WTF::RawPtrTraits<WTF::UniquedStringImpl>, WTF::DefaultRefDerefTraits<WTF::UniquedStringImpl>>>, WTF::HashTableTraits, (WTF::ShouldValidateKey)0> const*, WTF::HashMap<WTF::RefPtr<WTF::UniquedStringImpl, WTF::PackedPtrTraits<WTF::UniquedStringImpl>, WTF::DefaultRefDerefTraits<WTF::UniquedStringImpl>>, JSC::PrivateNameEntry, JSC::IdentifierRepHash, WTF::HashTraits<WTF::RefPtr<WTF::UniquedStringImpl, WTF::RawPtrTraits<WTF::UniquedStringImpl>, WTF::DefaultRefDerefTraits<WTF::UniquedStringImpl>>>, JSC::PrivateNameEntryHashTraits, WTF::HashTableTraits, (WTF::ShouldValidateKey)0, WTF::FastMalloc> const*) /root/WebKit/Source/JavaScriptCore/runtime/CodeCache.cpp:222:12 (jsc+0x1389258)
    #10 JSC::UnlinkedProgramCodeBlock* JSC::CodeCache::getUnlinkedGlobalCodeBlock<JSC::UnlinkedProgramCodeBlock, JSC::ProgramExecutable>(JSC::VM&, JSC::ProgramExecutable*, JSC::SourceCode const&, JSC::JSParserScriptMode, WTF::OptionSet<JSC::CodeGenerationMode, (WTF::ConcurrencyTag)0>, JSC::ParserError&, JSC::EvalContextType) /root/WebKit/Source/JavaScriptCore/runtime/CodeCache.cpp:284:25 (jsc+0x1389258)
    #11 JSC::CodeCache::getUnlinkedProgramCodeBlock(JSC::VM&, JSC::ProgramExecutable*, JSC::SourceCode const&, WTF::OptionSet<JSC::CodeGenerationMode, (WTF::ConcurrencyTag)0>, JSC::ParserError&) /root/WebKit/Source/JavaScriptCore/runtime/CodeCache.cpp:299:12 (jsc+0x1388c95)
    #12 JSC::ProgramExecutable::initializeGlobalProperties(JSC::VM&, JSC::JSGlobalObject*, JSC::JSScope*) /root/WebKit/Source/JavaScriptCore/runtime/ProgramExecutable.cpp:95:67 (jsc+0x1838d2c)
    #13 JSC::Interpreter::executeProgram(JSC::SourceCode const&, JSC::JSGlobalObject*, JSC::JSObject*) /root/WebKit/Source/JavaScriptCore/interpreter/Interpreter.cpp:1186:32 (jsc+0xe878fb)
    #14 JSC::evaluate(JSC::JSGlobalObject*, JSC::SourceCode const&, JSC::JSValue, WTF::NakedPtr<JSC::Exception>&) /root/WebKit/Source/JavaScriptCore/runtime/Completion.cpp:145:37 (jsc+0x13c1033)
    #15 runWithOptions(GlobalObject*, CommandLine&, bool&) /root/WebKit/Source/JavaScriptCore/jsc.cpp:3957:35 (jsc+0x1cafa5)
    #16 jscmain(int, char**)::$_0::operator()(JSC::VM&, GlobalObject*, bool&) const /root/WebKit/Source/JavaScriptCore/jsc.cpp:4686:13 (jsc+0x1cafa5)
    #17 int runJSC<jscmain(int, char**)::$_0>(CommandLine const&, bool, jscmain(int, char**)::$_0 const&) /root/WebKit/Source/JavaScriptCore/jsc.cpp:4472:13 (jsc+0x1cafa5)
    #18 jscmain(int, char**) /root/WebKit/Source/JavaScriptCore/jsc.cpp:4679:18 (jsc+0x1cafa5)
    #19 main /root/WebKit/Source/JavaScriptCore/jsc.cpp:3715:15 (jsc+0x1c97e3)

  Thread T3 'JITWorker' (tid=2654508, running) created by main thread at:
    #0 pthread_create /home/runner/work/llvm-project/llvm-project/compiler-rt/lib/tsan/rtl/tsan_interceptors_posix.cpp:1090:3 (jsc+0x13ff1a)
    #1 WTF::Thread::establishHandle(WTF::Thread::NewThreadContext&, WTF::StackAllocationSpecification, WTF::ThreadQOS, WTF::ThreadSchedulingPolicy) /root/WebKit/Source/WTF/wtf/posix/ThreadingPOSIX.cpp:354:17 (jsc+0x260a305)
    #2 WTF::Thread::create(WTF::ASCIILiteral, WTF::Function<void ()>&&, WTF::ThreadType, WTF::ThreadQOS, WTF::ThreadSchedulingPolicy, WTF::StackAllocationSpecification) /root/WebKit/Source/WTF/wtf/Threading.cpp:330:32 (jsc+0x25b0783)
    #3 WTF::AutomaticThread::start(WTF::AbstractLocker const&) /root/WebKit/Source/WTF/wtf/AutomaticThread.cpp:189:5 (jsc+0x2583f69)
    #4 WTF::AutomaticThreadCondition::notifyOne(WTF::AbstractLocker const&) /root/WebKit/Source/WTF/wtf/AutomaticThread.cpp:60:21 (jsc+0x2583d69)
    #5 JSC::JITWorklist::wakeThreads(WTF::AbstractLocker const&, unsigned int) /root/WebKit/Source/JavaScriptCore/jit/JITWorklist.cpp:162:25 (jsc+0x10419b6)
    #6 JSC::JITWorklist::enqueue(WTF::Ref<JSC::JITPlan, WTF::RawPtrTraits<JSC::JITPlan>, WTF::DefaultRefDerefTraits<JSC::JITPlan>>) /root/WebKit/Source/JavaScriptCore/jit/JITWorklist.cpp:245:5 (jsc+0x1042222)
    #7 JSC::LLInt::jitCompileAndSetHeuristics(JSC::VM&, JSC::CodeBlock*) /root/WebKit/Source/JavaScriptCore/llint/LLIntSlowPaths.cpp:501:45 (jsc+0x107bf57)
    #8 JSC::LLInt::entryOSR(JSC::CodeBlock*, char const*, JSC::LLInt::EntryKind) /root/WebKit/Source/JavaScriptCore/llint/LLIntSlowPaths.cpp:523:10 (jsc+0x107b192)
    #9 llint_entry_osr_function_for_call /root/WebKit/Source/JavaScriptCore/llint/LLIntSlowPaths.cpp:550:12 (jsc+0x107b3f3)
    #10 llint_function_for_call_prologue LowLevelInterpreter.cpp (jsc+0x1dffe9e)
    #11 JSC::evaluate(JSC::JSGlobalObject*, JSC::SourceCode const&, JSC::JSValue, WTF::NakedPtr<JSC::Exception>&) /root/WebKit/Source/JavaScriptCore/runtime/Completion.cpp:145:37 (jsc+0x13c1033)
    #12 runWithOptions(GlobalObject*, CommandLine&, bool&) /root/WebKit/Source/JavaScriptCore/jsc.cpp:3957:35 (jsc+0x1cafa5)
    #13 jscmain(int, char**)::$_0::operator()(JSC::VM&, GlobalObject*, bool&) const /root/WebKit/Source/JavaScriptCore/jsc.cpp:4686:13 (jsc+0x1cafa5)
    #14 int runJSC<jscmain(int, char**)::$_0>(CommandLine const&, bool, jscmain(int, char**)::$_0 const&) /root/WebKit/Source/JavaScriptCore/jsc.cpp:4472:13 (jsc+0x1cafa5)
    #15 jscmain(int, char**) /root/WebKit/Source/JavaScriptCore/jsc.cpp:4679:18 (jsc+0x1cafa5)
    #16 main /root/WebKit/Source/JavaScriptCore/jsc.cpp:3715:15 (jsc+0x1c97e3)

SUMMARY: ThreadSanitizer: data race /root/WebKit/Source/JavaScriptCore/runtime/CommonSlowPaths.cpp:1403:40 in slow_path_resolve_scope
==================
==================
WARNING: ThreadSanitizer: data race (pid=2654467)
  Write of size 4 at 0x7298000022c8 by main thread:
    #0 slow_path_resolve_scope /root/WebKit/Source/JavaScriptCore/runtime/CommonSlowPaths.cpp:1403:40 (jsc+0x13b9791)
    #1 llint_op_resolve_scope LowLevelInterpreter.cpp (jsc+0x1e0eb79)
    #2 JSC::evaluate(JSC::JSGlobalObject*, JSC::SourceCode const&, JSC::JSValue, WTF::NakedPtr<JSC::Exception>&) /root/WebKit/Source/JavaScriptCore/runtime/Completion.cpp:145:37 (jsc+0x13c1033)
    #3 runWithOptions(GlobalObject*, CommandLine&, bool&) /root/WebKit/Source/JavaScriptCore/jsc.cpp:3957:35 (jsc+0x1cafa5)
    #4 jscmain(int, char**)::$_0::operator()(JSC::VM&, GlobalObject*, bool&) const /root/WebKit/Source/JavaScriptCore/jsc.cpp:4686:13 (jsc+0x1cafa5)
    #5 int runJSC<jscmain(int, char**)::$_0>(CommandLine const&, bool, jscmain(int, char**)::$_0 const&) /root/WebKit/Source/JavaScriptCore/jsc.cpp:4472:13 (jsc+0x1cafa5)
    #6 jscmain(int, char**) /root/WebKit/Source/JavaScriptCore/jsc.cpp:4679:18 (jsc+0x1cafa5)
    #7 main /root/WebKit/Source/JavaScriptCore/jsc.cpp:3715:15 (jsc+0x1c97e3)

  Previous atomic read of size 4 at 0x7298000022c8 by thread T3:
    #0 std::atomic<JSC::ResolveType>::load(std::memory_order) const /usr/lib/gcc/x86_64-amazon-linux/14/../../../../include/c++/14/atomic:302:2 (jsc+0xff8e5e)
    #1 WTF::Atomic<JSC::ResolveType>::load(std::memory_order) const /root/WebKit/WebKitBuild/TSan/WTF/Headers/wtf/Atomics.h:55:100 (jsc+0xff8e5e)
    #2 JSC::ResolveType WTF::atomicLoad<JSC::ResolveType>(JSC::ResolveType*, std::memory_order) /root/WebKit/WebKitBuild/TSan/WTF/Headers/wtf/Atomics.h:162:49 (jsc+0xff8e5e)
    #3 JSC::JIT::emitSlow_op_resolve_scope(JSC::BaseInstruction<JSC::JSOpcodeTraits> const*, JSC::SlowCaseEntry*&) /root/WebKit/Source/JavaScriptCore/jit/JITPropertyAccess.cpp:1053:39 (jsc+0xff8e5e)
    #4 JSC::JIT::privateCompileSlowCases() /root/WebKit/Source/JavaScriptCore/jit/JIT.cpp:573:9 (jsc+0xecab7d)
    #5 JSC::JIT::compileAndLinkWithoutFinalizing(JSC::JITCompilationEffort) /root/WebKit/Source/JavaScriptCore/jit/JIT.cpp:815:5 (jsc+0xecfef6)
    #6 JSC::BaselineJITPlan::compileInThreadImpl(JSC::JITCompilationEffort) /root/WebKit/Source/JavaScriptCore/jit/BaselineJITPlan.cpp:67:32 (jsc+0xeab188)
    #7 JSC::BaselineJITPlan::compileInThreadImpl() /root/WebKit/Source/JavaScriptCore/jit/BaselineJITPlan.cpp:78:12 (jsc+0xeab32b)
    #8 JSC::JITPlan::compileInThread(JSC::JITWorklistThread*) /root/WebKit/Source/JavaScriptCore/jit/JITPlan.cpp:283:28 (jsc+0xfdcd1d)
    #9 JSC::JITWorklistThread::work() /root/WebKit/Source/JavaScriptCore/jit/JITWorklistThread.cpp:145:13 (jsc+0x104769b)
    #10 WTF::AutomaticThread::start(WTF::AbstractLocker const&)::$_0::operator()() const /root/WebKit/Source/WTF/wtf/AutomaticThread.cpp:260:37 (jsc+0x25854ec)
    #11 WTF::Detail::CallableWrapper<WTF::AutomaticThread::start(WTF::AbstractLocker const&)::$_0, void>::call() /root/WebKit/Source/WTF/wtf/Function.h:59:39 (jsc+0x25854ec)
    #12 WTF::Function<void ()>::operator()() const /root/WebKit/Source/WTF/wtf/Function.h:103:35 (jsc+0x25b0445)
    #13 WTF::Thread::entryPoint(WTF::Thread::NewThreadContext*) /root/WebKit/Source/WTF/wtf/Threading.cpp:312:5 (jsc+0x25b0445)
    #14 WTF::wtfThreadEntryPoint(void*) /root/WebKit/Source/WTF/wtf/posix/ThreadingPOSIX.cpp:264:5 (jsc+0x260a419)

  Location is heap block of size 10554 at 0x729800000000 allocated by main thread:
    #0 malloc /home/runner/work/llvm-project/llvm-project/compiler-rt/lib/tsan/rtl/tsan_interceptors_posix.cpp:682:5 (jsc+0x13dc20)
    #1 bmalloc::api::malloc(unsigned long, bmalloc::CompactAllocationMode, bmalloc::HeapKind) /root/WebKit/WebKitBuild/TSan/bmalloc/Headers/bmalloc/bmalloc.h:96:20 (jsc+0x2593689)
    #2 WTF::fastMalloc(unsigned long) /root/WebKit/Source/WTF/wtf/FastMalloc.cpp:337:20 (jsc+0x2593689)
    #3 WTF::FastMalloc::malloc(unsigned long) /root/WebKit/WebKitBuild/TSan/WTF/Headers/wtf/FastMalloc.h:235:47 (jsc+0x3bd674)
    #4 JSC::UnlinkedMetadataTable::finalize() /root/WebKit/Source/JavaScriptCore/bytecode/UnlinkedMetadataTable.cpp:164:61 (jsc+0x3bd674)
    #5 JSC::UnlinkedCodeBlockGenerator::finalize(std::unique_ptr<JSC::InstructionStream<JSC::BaseInstruction<JSC::JSOpcodeTraits>>, std::default_delete<JSC::InstructionStream<JSC::BaseInstruction<JSC::JSOpcodeTraits>>>>) /root/WebKit/Source/JavaScriptCore/bytecode/UnlinkedCodeBlockGenerator.cpp:68:34 (jsc+0x3bc287)
    #6 JSC::BytecodeGenerator::generate(unsigned int&) /root/WebKit/Source/JavaScriptCore/bytecompiler/BytecodeGenerator.cpp:422:18 (jsc+0x3cc818)
    #7 JSC::ParserError JSC::BytecodeGenerator::generate<JSC::ProgramNode, JSC::UnlinkedProgramCodeBlock>(JSC::VM&, JSC::ProgramNode*, JSC::SourceCode const&, JSC::UnlinkedProgramCodeBlock*, WTF::OptionSet<JSC::CodeGenerationMode, (WTF::ConcurrencyTag)0>, WTF::RefPtr<JSC::TDZEnvironmentLink, WTF::RawPtrTraits<JSC::TDZEnvironmentLink>, WTF::DefaultRefDerefTraits<JSC::TDZEnvironmentLink>> const&, WTF::FixedVector<JSC::Identifier, WTF::FastMalloc> const*, WTF::HashMap<WTF::RefPtr<WTF::UniquedStringImpl, WTF::PackedPtrTraits<WTF::UniquedStringImpl>, WTF::DefaultRefDerefTraits<WTF::UniquedStringImpl>>, JSC::PrivateNameEntry, JSC::IdentifierRepHash, WTF::HashTraits<WTF::RefPtr<WTF::UniquedStringImpl, WTF::RawPtrTraits<WTF::UniquedStringImpl>, WTF::DefaultRefDerefTraits<WTF::UniquedStringImpl>>>, JSC::PrivateNameEntryHashTraits, WTF::HashTableTraits, (WTF::ShouldValidateKey)0, WTF::FastMalloc> const*) /root/WebKit/Source/JavaScriptCore/bytecompiler/BytecodeGenerator.h:407:46 (jsc+0x13d8f20)
    #8 JSC::UnlinkedProgramCodeBlock* JSC::generateUnlinkedCodeBlockImpl<JSC::UnlinkedProgramCodeBlock, JSC::ProgramExecutable>(JSC::VM&, JSC::SourceCode const&, unsigned char, JSC::JSParserScriptMode, WTF::OptionSet<JSC::CodeGenerationMode, (WTF::ConcurrencyTag)0>, JSC::ParserError&, JSC::EvalContextType, JSC::DerivedContextType, bool, WTF::HashSet<WTF::RefPtr<WTF::UniquedStringImpl, WTF::RawPtrTraits<WTF::UniquedStringImpl>, WTF::DefaultRefDerefTraits<WTF::UniquedStringImpl>>, JSC::IdentifierRepHash, WTF::HashTraits<WTF::RefPtr<WTF::UniquedStringImpl, WTF::RawPtrTraits<WTF::UniquedStringImpl>, WTF::DefaultRefDerefTraits<WTF::UniquedStringImpl>>>, WTF::HashTableTraits, (WTF::ShouldValidateKey)0> const*, WTF::HashMap<WTF::RefPtr<WTF::UniquedStringImpl, WTF::PackedPtrTraits<WTF::UniquedStringImpl>, WTF::DefaultRefDerefTraits<WTF::UniquedStringImpl>>, JSC::PrivateNameEntry, JSC::IdentifierRepHash, WTF::HashTraits<WTF::RefPtr<WTF::UniquedStringImpl, WTF::RawPtrTraits<WTF::UniquedStringImpl>, WTF::DefaultRefDerefTraits<WTF::UniquedStringImpl>>>, JSC::PrivateNameEntryHashTraits, WTF::HashTableTraits, (WTF::ShouldValidateKey)0, WTF::FastMalloc> const*, JSC::ProgramExecutable*) /root/WebKit/Source/JavaScriptCore/runtime/CodeCache.cpp:211:13 (jsc+0x13dbd29)
    #9 JSC::UnlinkedProgramCodeBlock* JSC::generateUnlinkedCodeBlock<JSC::UnlinkedProgramCodeBlock, JSC::ProgramExecutable>(JSC::VM&, JSC::ProgramExecutable*, JSC::SourceCode const&, JSC::JSParserScriptMode, WTF::OptionSet<JSC::CodeGenerationMode, (WTF::ConcurrencyTag)0>, JSC::ParserError&, JSC::EvalContextType, WTF::HashSet<WTF::RefPtr<WTF::UniquedStringImpl, WTF::RawPtrTraits<WTF::UniquedStringImpl>, WTF::DefaultRefDerefTraits<WTF::UniquedStringImpl>>, JSC::IdentifierRepHash, WTF::HashTraits<WTF::RefPtr<WTF::UniquedStringImpl, WTF::RawPtrTraits<WTF::UniquedStringImpl>, WTF::DefaultRefDerefTraits<WTF::UniquedStringImpl>>>, WTF::HashTableTraits, (WTF::ShouldValidateKey)0> const*, WTF::HashMap<WTF::RefPtr<WTF::UniquedStringImpl, WTF::PackedPtrTraits<WTF::UniquedStringImpl>, WTF::DefaultRefDerefTraits<WTF::UniquedStringImpl>>, JSC::PrivateNameEntry, JSC::IdentifierRepHash, WTF::HashTraits<WTF::RefPtr<WTF::UniquedStringImpl, WTF::RawPtrTraits<WTF::UniquedStringImpl>, WTF::DefaultRefDerefTraits<WTF::UniquedStringImpl>>>, JSC::PrivateNameEntryHashTraits, WTF::HashTableTraits, (WTF::ShouldValidateKey)0, WTF::FastMalloc> const*) /root/WebKit/Source/JavaScriptCore/runtime/CodeCache.cpp:222:12 (jsc+0x1389258)
    #10 JSC::UnlinkedProgramCodeBlock* JSC::CodeCache::getUnlinkedGlobalCodeBlock<JSC::UnlinkedProgramCodeBlock, JSC::ProgramExecutable>(JSC::VM&, JSC::ProgramExecutable*, JSC::SourceCode const&, JSC::JSParserScriptMode, WTF::OptionSet<JSC::CodeGenerationMode, (WTF::ConcurrencyTag)0>, JSC::ParserError&, JSC::EvalContextType) /root/WebKit/Source/JavaScriptCore/runtime/CodeCache.cpp:284:25 (jsc+0x1389258)
    #11 JSC::CodeCache::getUnlinkedProgramCodeBlock(JSC::VM&, JSC::ProgramExecutable*, JSC::SourceCode const&, WTF::OptionSet<JSC::CodeGenerationMode, (WTF::ConcurrencyTag)0>, JSC::ParserError&) /root/WebKit/Source/JavaScriptCore/runtime/CodeCache.cpp:299:12 (jsc+0x1388c95)
    #12 JSC::ProgramExecutable::initializeGlobalProperties(JSC::VM&, JSC::JSGlobalObject*, JSC::JSScope*) /root/WebKit/Source/JavaScriptCore/runtime/ProgramExecutable.cpp:95:67 (jsc+0x1838d2c)
    #13 JSC::Interpreter::executeProgram(JSC::SourceCode const&, JSC::JSGlobalObject*, JSC::JSObject*) /root/WebKit/Source/JavaScriptCore/interpreter/Interpreter.cpp:1186:32 (jsc+0xe878fb)
    #14 JSC::evaluate(JSC::JSGlobalObject*, JSC::SourceCode const&, JSC::JSValue, WTF::NakedPtr<JSC::Exception>&) /root/WebKit/Source/JavaScriptCore/runtime/Completion.cpp:145:37 (jsc+0x13c1033)
    #15 runWithOptions(GlobalObject*, CommandLine&, bool&) /root/WebKit/Source/JavaScriptCore/jsc.cpp:3957:35 (jsc+0x1cafa5)
    #16 jscmain(int, char**)::$_0::operator()(JSC::VM&, GlobalObject*, bool&) const /root/WebKit/Source/JavaScriptCore/jsc.cpp:4686:13 (jsc+0x1cafa5)
    #17 int runJSC<jscmain(int, char**)::$_0>(CommandLine const&, bool, jscmain(int, char**)::$_0 const&) /root/WebKit/Source/JavaScriptCore/jsc.cpp:4472:13 (jsc+0x1cafa5)
    #18 jscmain(int, char**) /root/WebKit/Source/JavaScriptCore/jsc.cpp:4679:18 (jsc+0x1cafa5)
    #19 main /root/WebKit/Source/JavaScriptCore/jsc.cpp:3715:15 (jsc+0x1c97e3)

  Thread T3 'JITWorker' (tid=2654508, running) created by main thread at:
    #0 pthread_create /home/runner/work/llvm-project/llvm-project/compiler-rt/lib/tsan/rtl/tsan_interceptors_posix.cpp:1090:3 (jsc+0x13ff1a)
    #1 WTF::Thread::establishHandle(WTF::Thread::NewThreadContext&, WTF::StackAllocationSpecification, WTF::ThreadQOS, WTF::ThreadSchedulingPolicy) /root/WebKit/Source/WTF/wtf/posix/ThreadingPOSIX.cpp:354:17 (jsc+0x260a305)
    #2 WTF::Thread::create(WTF::ASCIILiteral, WTF::Function<void ()>&&, WTF::ThreadType, WTF::ThreadQOS, WTF::ThreadSchedulingPolicy, WTF::StackAllocationSpecification) /root/WebKit/Source/WTF/wtf/Threading.cpp:330:32 (jsc+0x25b0783)
    #3 WTF::AutomaticThread::start(WTF::AbstractLocker const&) /root/WebKit/Source/WTF/wtf/AutomaticThread.cpp:189:5 (jsc+0x2583f69)
    #4 WTF::AutomaticThreadCondition::notifyOne(WTF::AbstractLocker const&) /root/WebKit/Source/WTF/wtf/AutomaticThread.cpp:60:21 (jsc+0x2583d69)
    #5 JSC::JITWorklist::wakeThreads(WTF::AbstractLocker const&, unsigned int) /root/WebKit/Source/JavaScriptCore/jit/JITWorklist.cpp:162:25 (jsc+0x10419b6)
    #6 JSC::JITWorklist::enqueue(WTF::Ref<JSC::JITPlan, WTF::RawPtrTraits<JSC::JITPlan>, WTF::DefaultRefDerefTraits<JSC::JITPlan>>) /root/WebKit/Source/JavaScriptCore/jit/JITWorklist.cpp:245:5 (jsc+0x1042222)
    #7 JSC::LLInt::jitCompileAndSetHeuristics(JSC::VM&, JSC::CodeBlock*) /root/WebKit/Source/JavaScriptCore/llint/LLIntSlowPaths.cpp:501:45 (jsc+0x107bf57)
    #8 JSC::LLInt::entryOSR(JSC::CodeBlock*, char const*, JSC::LLInt::EntryKind) /root/WebKit/Source/JavaScriptCore/llint/LLIntSlowPaths.cpp:523:10 (jsc+0x107b192)
    #9 llint_entry_osr_function_for_call /root/WebKit/Source/JavaScriptCore/llint/LLIntSlowPaths.cpp:550:12 (jsc+0x107b3f3)
    #10 llint_function_for_call_prologue LowLevelInterpreter.cpp (jsc+0x1dffe9e)
    #11 JSC::evaluate(JSC::JSGlobalObject*, JSC::SourceCode const&, JSC::JSValue, WTF::NakedPtr<JSC::Exception>&) /root/WebKit/Source/JavaScriptCore/runtime/Completion.cpp:145:37 (jsc+0x13c1033)
    #12 runWithOptions(GlobalObject*, CommandLine&, bool&) /root/WebKit/Source/JavaScriptCore/jsc.cpp:3957:35 (jsc+0x1cafa5)
    #13 jscmain(int, char**)::$_0::operator()(JSC::VM&, GlobalObject*, bool&) const /root/WebKit/Source/JavaScriptCore/jsc.cpp:4686:13 (jsc+0x1cafa5)
    #14 int runJSC<jscmain(int, char**)::$_0>(CommandLine const&, bool, jscmain(int, char**)::$_0 const&) /root/WebKit/Source/JavaScriptCore/jsc.cpp:4472:13 (jsc+0x1cafa5)
    #15 jscmain(int, char**) /root/WebKit/Source/JavaScriptCore/jsc.cpp:4679:18 (jsc+0x1cafa5)
    #16 main /root/WebKit/Source/JavaScriptCore/jsc.cpp:3715:15 (jsc+0x1c97e3)

SUMMARY: ThreadSanitizer: data race /root/WebKit/Source/JavaScriptCore/runtime/CommonSlowPaths.cpp:1403:40 in slow_path_resolve_scope
==================
ThreadSanitizer: reported 3 warnings
