JSC: disabling useWasm under GIL-off (wasm glue still reads the raw VM-block exception word; not yet audited for UNGIL §A.1.3 COMPILED-FOR-VM; see AB-17 status block in VMEntryScope.cpp).
==================
WARNING: ThreadSanitizer: data race (pid=2655222)
  Write of size 1 at 0x721400007f7c by thread T9:
    #0 JSC::DFG::ToFTLForOSREntryDeferredCompilationCallback::compilationDidBecomeReadyAsynchronously(JSC::CodeBlock*, JSC::CodeBlock*) /root/WebKit/Source/JavaScriptCore/dfg/DFGToFTLForOSREntryDeferredCompilationCallback.cpp:56:30 (jsc+0xb776c0)
    #1 JSC::DFG::Plan::notifyReady() /root/WebKit/Source/JavaScriptCore/dfg/DFGPlan.cpp:221:17 (jsc+0x8ae5b1)
    #2 JSC::JITWorklistThread::work() /root/WebKit/Source/JavaScriptCore/jit/JITWorklistThread.cpp:158:17 (jsc+0x1047781)
    #3 WTF::AutomaticThread::start(WTF::AbstractLocker const&)::$_0::operator()() const /root/WebKit/Source/WTF/wtf/AutomaticThread.cpp:260:37 (jsc+0x25854ec)
    #4 WTF::Detail::CallableWrapper<WTF::AutomaticThread::start(WTF::AbstractLocker const&)::$_0, void>::call() /root/WebKit/Source/WTF/wtf/Function.h:59:39 (jsc+0x25854ec)
    #5 WTF::Function<void ()>::operator()() const /root/WebKit/Source/WTF/wtf/Function.h:103:35 (jsc+0x25b0445)
    #6 WTF::Thread::entryPoint(WTF::Thread::NewThreadContext*) /root/WebKit/Source/WTF/wtf/Threading.cpp:312:5 (jsc+0x25b0445)
    #7 WTF::wtfThreadEntryPoint(void*) /root/WebKit/Source/WTF/wtf/posix/ThreadingPOSIX.cpp:264:5 (jsc+0x260a419)

  Previous read of size 1 at 0x721400007f7c by main thread:
    #0 JSC::DFG::tierUpCommon(JSC::VM&, JSC::CallFrame*, JSC::BytecodeIndex, bool) /root/WebKit/Source/JavaScriptCore/dfg/DFGOperations.cpp:6531:35 (jsc+0x7bda4a)
    #1 operationTriggerOSREntryNow /root/WebKit/Source/JavaScriptCore/dfg/DFGOperations.cpp:6826:12 (jsc+0x7be98d)
    #2 <null> <null> (0x7f7a97e1344b)
    #3 JSC::evaluate(JSC::JSGlobalObject*, JSC::SourceCode const&, JSC::JSValue, WTF::NakedPtr<JSC::Exception>&) /root/WebKit/Source/JavaScriptCore/runtime/Completion.cpp:145:37 (jsc+0x13c1033)
    #4 runWithOptions(GlobalObject*, CommandLine&, bool&) /root/WebKit/Source/JavaScriptCore/jsc.cpp:3957:35 (jsc+0x1cafa5)
    #5 jscmain(int, char**)::$_0::operator()(JSC::VM&, GlobalObject*, bool&) const /root/WebKit/Source/JavaScriptCore/jsc.cpp:4686:13 (jsc+0x1cafa5)
    #6 int runJSC<jscmain(int, char**)::$_0>(CommandLine const&, bool, jscmain(int, char**)::$_0 const&) /root/WebKit/Source/JavaScriptCore/jsc.cpp:4472:13 (jsc+0x1cafa5)
    #7 jscmain(int, char**) /root/WebKit/Source/JavaScriptCore/jsc.cpp:4679:18 (jsc+0x1cafa5)
    #8 main /root/WebKit/Source/JavaScriptCore/jsc.cpp:3715:15 (jsc+0x1c97e3)

  Location is heap block of size 80 at 0x721400007f30 allocated by thread T9:
    #0 malloc /home/runner/work/llvm-project/llvm-project/compiler-rt/lib/tsan/rtl/tsan_interceptors_posix.cpp:682:5 (jsc+0x13dc20)
    #1 bmalloc::api::malloc(unsigned long, bmalloc::CompactAllocationMode, bmalloc::HeapKind) /root/WebKit/WebKitBuild/TSan/bmalloc/Headers/bmalloc/bmalloc.h:96:20 (jsc+0x2593689)
    #2 WTF::fastMalloc(unsigned long) /root/WebKit/Source/WTF/wtf/FastMalloc.cpp:337:20 (jsc+0x2593689)
    #3 WTF::FastMalloc::malloc(unsigned long) /root/WebKit/WebKitBuild/TSan/WTF/Headers/wtf/FastMalloc.h:235:47 (jsc+0x6e7167)
    #4 WTF::HashTable<JSC::BytecodeIndex, WTF::KeyValuePair<JSC::BytecodeIndex, JSC::DFG::JITCode::TriggerReason>, WTF::KeyValuePairKeyExtractor<WTF::KeyValuePair<JSC::BytecodeIndex, JSC::DFG::JITCode::TriggerReason>>, WTF::DefaultHash<JSC::BytecodeIndex>, WTF::HashMap<JSC::BytecodeIndex, JSC::DFG::JITCode::TriggerReason, WTF::DefaultHash<JSC::BytecodeIndex>, WTF::HashTraits<JSC::BytecodeIndex>, WTF::HashTraits<JSC::DFG::JITCode::TriggerReason>, WTF::HashTableTraits, (WTF::ShouldValidateKey)0, WTF::FastMalloc>::KeyValuePairTraits, WTF::HashTraits<JSC::BytecodeIndex>, WTF::FastMalloc>::allocateTable(unsigned int) /root/WebKit/WebKitBuild/TSan/WTF/Headers/wtf/HashTable.h:1227:81 (jsc+0x6e7167)
    #5 WTF::HashTable<JSC::BytecodeIndex, WTF::KeyValuePair<JSC::BytecodeIndex, JSC::DFG::JITCode::TriggerReason>, WTF::KeyValuePairKeyExtractor<WTF::KeyValuePair<JSC::BytecodeIndex, JSC::DFG::JITCode::TriggerReason>>, WTF::DefaultHash<JSC::BytecodeIndex>, WTF::HashMap<JSC::BytecodeIndex, JSC::DFG::JITCode::TriggerReason, WTF::DefaultHash<JSC::BytecodeIndex>, WTF::HashTraits<JSC::BytecodeIndex>, WTF::HashTraits<JSC::DFG::JITCode::TriggerReason>, WTF::HashTableTraits, (WTF::ShouldValidateKey)0, WTF::FastMalloc>::KeyValuePairTraits, WTF::HashTraits<JSC::BytecodeIndex>, WTF::FastMalloc>::rehash(WTF::Checked<unsigned int, WTF::CrashOnOverflow>, WTF::KeyValuePair<JSC::BytecodeIndex, JSC::DFG::JITCode::TriggerReason>*) /root/WebKit/WebKitBuild/TSan/WTF/Headers/wtf/HashTable.h:1341:19 (jsc+0x6e7167)
    #6 WTF::HashTable<JSC::BytecodeIndex, WTF::KeyValuePair<JSC::BytecodeIndex, JSC::DFG::JITCode::TriggerReason>, WTF::KeyValuePairKeyExtractor<WTF::KeyValuePair<JSC::BytecodeIndex, JSC::DFG::JITCode::TriggerReason>>, WTF::DefaultHash<JSC::BytecodeIndex>, WTF::HashMap<JSC::BytecodeIndex, JSC::DFG::JITCode::TriggerReason, WTF::DefaultHash<JSC::BytecodeIndex>, WTF::HashTraits<JSC::BytecodeIndex>, WTF::HashTraits<JSC::DFG::JITCode::TriggerReason>, WTF::HashTableTraits, (WTF::ShouldValidateKey)0, WTF::FastMalloc>::KeyValuePairTraits, WTF::HashTraits<JSC::BytecodeIndex>, WTF::FastMalloc>::expand(WTF::KeyValuePair<JSC::BytecodeIndex, JSC::DFG::JITCode::TriggerReason>*) /root/WebKit/WebKitBuild/TSan/WTF/Headers/wtf/HashTable.h:1261:16 (jsc+0x6e6e17)
    #7 WTF::HashTableAddResult<WTF::HashTableIterator<WTF::HashTable<JSC::BytecodeIndex, WTF::KeyValuePair<JSC::BytecodeIndex, JSC::DFG::JITCode::TriggerReason>, WTF::KeyValuePairKeyExtractor<WTF::KeyValuePair<JSC::BytecodeIndex, JSC::DFG::JITCode::TriggerReason>>, WTF::DefaultHash<JSC::BytecodeIndex>, WTF::HashMap<JSC::BytecodeIndex, JSC::DFG::JITCode::TriggerReason, WTF::DefaultHash<JSC::BytecodeIndex>, WTF::HashTraits<JSC::BytecodeIndex>, WTF::HashTraits<JSC::DFG::JITCode::TriggerReason>, WTF::HashTableTraits, (WTF::ShouldValidateKey)0, WTF::FastMalloc>::KeyValuePairTraits, WTF::HashTraits<JSC::BytecodeIndex>, WTF::FastMalloc>, JSC::BytecodeIndex, WTF::KeyValuePair<JSC::BytecodeIndex, JSC::DFG::JITCode::TriggerReason>, WTF::KeyValuePairKeyExtractor<WTF::KeyValuePair<JSC::BytecodeIndex, JSC::DFG::JITCode::TriggerReason>>, WTF::DefaultHash<JSC::BytecodeIndex>, WTF::HashMap<JSC::BytecodeIndex, JSC::DFG::JITCode::TriggerReason, WTF::DefaultHash<JSC::BytecodeIndex>, WTF::HashTraits<JSC::BytecodeIndex>, WTF::HashTraits<JSC::DFG::JITCode::TriggerReason>, WTF::HashTableTraits, (WTF::ShouldValidateKey)0, WTF::FastMalloc>::KeyValuePairTraits, WTF::HashTraits<JSC::BytecodeIndex>>> WTF::HashTable<JSC::BytecodeIndex, WTF::KeyValuePair<JSC::BytecodeIndex, JSC::DFG::JITCode::TriggerReason>, WTF::KeyValuePairKeyExtractor<WTF::KeyValuePair<JSC::BytecodeIndex, JSC::DFG::JITCode::TriggerReason>>, WTF::DefaultHash<JSC::BytecodeIndex>, WTF::HashMap<JSC::BytecodeIndex, JSC::DFG::JITCode::TriggerReason, WTF::DefaultHash<JSC::BytecodeIndex>, WTF::HashTraits<JSC::BytecodeIndex>, WTF::HashTraits<JSC::DFG::JITCode::TriggerReason>, WTF::HashTableTraits, (WTF::ShouldValidateKey)0, WTF::FastMalloc>::KeyValuePairTraits, WTF::HashTraits<JSC::BytecodeIndex>, WTF::FastMalloc>::add<WTF::HashMapTranslator<WTF::HashMap<JSC::BytecodeIndex, JSC::DFG::JITCode::TriggerReason, WTF::DefaultHash<JSC::BytecodeIndex>, WTF::HashTraits<JSC::BytecodeIndex>, WTF::HashTraits<JSC::DFG::JITCode::TriggerReason>, WTF::HashTableTraits, (WTF::ShouldValidateKey)0, WTF::FastMalloc>::KeyValuePairTraits, WTF::DefaultHash<JSC::BytecodeIndex>>, (WTF::ShouldValidateKey)0, JSC::BytecodeIndex const&, WTF::HashTableAddResult<WTF::HashTableIterator<WTF::HashTable<JSC::BytecodeIndex, WTF::KeyValuePair<JSC::BytecodeIndex, JSC::DFG::JITCode::TriggerReason>, WTF::KeyValuePairKeyExtractor<WTF::KeyValuePair<JSC::BytecodeIndex, JSC::DFG::JITCode::TriggerReason>>, WTF::DefaultHash<JSC::BytecodeIndex>, WTF::HashMap<JSC::BytecodeIndex, JSC::DFG::JITCode::TriggerReason, WTF::DefaultHash<JSC::BytecodeIndex>, WTF::HashTraits<JSC::BytecodeIndex>, WTF::HashTraits<JSC::DFG::JITCode::TriggerReason>, WTF::HashTableTraits, (WTF::ShouldValidateKey)0, WTF::FastMalloc>::KeyValuePairTraits, WTF::HashTraits<JSC::BytecodeIndex>, WTF::FastMalloc>, JSC::BytecodeIndex, WTF::KeyValuePair<JSC::BytecodeIndex, JSC::DFG::JITCode::TriggerReason>, WTF::KeyValuePairKeyExtractor<WTF::KeyValuePair<JSC::BytecodeIndex, JSC::DFG::JITCode::TriggerReason>>, WTF::DefaultHash<JSC::BytecodeIndex>, WTF::HashMap<JSC::BytecodeIndex, JSC::DFG::JITCode::TriggerReason, WTF::DefaultHash<JSC::BytecodeIndex>, WTF::HashTraits<JSC::BytecodeIndex>, WTF::HashTraits<JSC::DFG::JITCode::TriggerReason>, WTF::HashTableTraits, (WTF::ShouldValidateKey)0, WTF::FastMalloc>::KeyValuePairTraits, WTF::HashTraits<JSC::BytecodeIndex>>> WTF::HashMap<JSC::BytecodeIndex, JSC::DFG::JITCode::TriggerReason, WTF::DefaultHash<JSC::BytecodeIndex>, WTF::HashTraits<JSC::BytecodeIndex>, WTF::HashTraits<JSC::DFG::JITCode::TriggerReason>, WTF::HashTableTraits, (WTF::ShouldValidateKey)0, WTF::FastMalloc>::inlineAdd<JSC::BytecodeIndex const&, JSC::DFG::JITCode::TriggerReason>(JSC::BytecodeIndex const&, JSC::DFG::JITCode::TriggerReason&&)::'lambda'()>(JSC::BytecodeIndex const&, WTF::HashTableAddResult<WTF::HashTableIterator<WTF::HashTable<JSC::BytecodeIndex, WTF::KeyValuePair<JSC::BytecodeIndex, JSC::DFG::JITCode::TriggerReason>, WTF::KeyValuePairKeyExtractor<WTF::KeyValuePair<JSC::BytecodeIndex, JSC::DFG::JITCode::TriggerReason>>, WTF::DefaultHash<JSC::BytecodeIndex>, WTF::HashMap<JSC::BytecodeIndex, JSC::DFG::JITCode::TriggerReason, WTF::DefaultHash<JSC::BytecodeIndex>, WTF::HashTraits<JSC::BytecodeIndex>, WTF::HashTraits<JSC::DFG::JITCode::TriggerReason>, WTF::HashTableTraits, (WTF::ShouldValidateKey)0, WTF::FastMalloc>::KeyValuePairTraits, WTF::HashTraits<JSC::BytecodeIndex>, WTF::FastMalloc>, JSC::BytecodeIndex, WTF::KeyValuePair<JSC::BytecodeIndex, JSC::DFG::JITCode::TriggerReason>, WTF::KeyValuePairKeyExtractor<WTF::KeyValuePair<JSC::BytecodeIndex, JSC::DFG::JITCode::TriggerReason>>, WTF::DefaultHash<JSC::BytecodeIndex>, WTF::HashMap<JSC::BytecodeIndex, JSC::DFG::JITCode::TriggerReason, WTF::DefaultHash<JSC::BytecodeIndex>, WTF::HashTraits<JSC::BytecodeIndex>, WTF::HashTraits<JSC::DFG::JITCode::TriggerReason>, WTF::HashTableTraits, (WTF::ShouldValidateKey)0, WTF::FastMalloc>::KeyValuePairTraits, WTF::HashTraits<JSC::BytecodeIndex>>> WTF::HashMap<JSC::BytecodeIndex, JSC::DFG::JITCode::TriggerReason, WTF::DefaultHash<JSC::BytecodeIndex>, WTF::HashTraits<JSC::BytecodeIndex>, WTF::HashTraits<JSC::DFG::JITCode::TriggerReason>, WTF::HashTableTraits, (WTF::ShouldValidateKey)0, WTF::FastMalloc>::inlineAdd<JSC::BytecodeIndex const&, JSC::DFG::JITCode::TriggerReason>(JSC::BytecodeIndex const&, JSC::DFG::JITCode::TriggerReason&&)::'lambda'() const&) /root/WebKit/WebKitBuild/TSan/WTF/Headers/wtf/HashTable.h:867:13 (jsc+0x6e6e17)
    #8 WTF::HashTableAddResult<WTF::HashTableIterator<WTF::HashTable<JSC::BytecodeIndex, WTF::KeyValuePair<JSC::BytecodeIndex, JSC::DFG::JITCode::TriggerReason>, WTF::KeyValuePairKeyExtractor<WTF::KeyValuePair<JSC::BytecodeIndex, JSC::DFG::JITCode::TriggerReason>>, WTF::DefaultHash<JSC::BytecodeIndex>, WTF::HashMap<JSC::BytecodeIndex, JSC::DFG::JITCode::TriggerReason, WTF::DefaultHash<JSC::BytecodeIndex>, WTF::HashTraits<JSC::BytecodeIndex>, WTF::HashTraits<JSC::DFG::JITCode::TriggerReason>, WTF::HashTableTraits, (WTF::ShouldValidateKey)0, WTF::FastMalloc>::KeyValuePairTraits, WTF::HashTraits<JSC::BytecodeIndex>, WTF::FastMalloc>, JSC::BytecodeIndex, WTF::KeyValuePair<JSC::BytecodeIndex, JSC::DFG::JITCode::TriggerReason>, WTF::KeyValuePairKeyExtractor<WTF::KeyValuePair<JSC::BytecodeIndex, JSC::DFG::JITCode::TriggerReason>>, WTF::DefaultHash<JSC::BytecodeIndex>, WTF::HashMap<JSC::BytecodeIndex, JSC::DFG::JITCode::TriggerReason, WTF::DefaultHash<JSC::BytecodeIndex>, WTF::HashTraits<JSC::BytecodeIndex>, WTF::HashTraits<JSC::DFG::JITCode::TriggerReason>, WTF::HashTableTraits, (WTF::ShouldValidateKey)0, WTF::FastMalloc>::KeyValuePairTraits, WTF::HashTraits<JSC::BytecodeIndex>>> WTF::HashMap<JSC::BytecodeIndex, JSC::DFG::JITCode::TriggerReason, WTF::DefaultHash<JSC::BytecodeIndex>, WTF::HashTraits<JSC::BytecodeIndex>, WTF::HashTraits<JSC::DFG::JITCode::TriggerReason>, WTF::HashTableTraits, (WTF::ShouldValidateKey)0, WTF::FastMalloc>::inlineAdd<JSC::BytecodeIndex const&, JSC::DFG::JITCode::TriggerReason>(JSC::BytecodeIndex const&, JSC::DFG::JITCode::TriggerReason&&) /root/WebKit/WebKitBuild/TSan/WTF/Headers/wtf/HashMap.h:429:28 (jsc+0x6ccd58)
    #9 WTF::HashTableAddResult<WTF::HashTableIterator<WTF::HashTable<JSC::BytecodeIndex, WTF::KeyValuePair<JSC::BytecodeIndex, JSC::DFG::JITCode::TriggerReason>, WTF::KeyValuePairKeyExtractor<WTF::KeyValuePair<JSC::BytecodeIndex, JSC::DFG::JITCode::TriggerReason>>, WTF::DefaultHash<JSC::BytecodeIndex>, WTF::HashMap<JSC::BytecodeIndex, JSC::DFG::JITCode::TriggerReason, WTF::DefaultHash<JSC::BytecodeIndex>, WTF::HashTraits<JSC::BytecodeIndex>, WTF::HashTraits<JSC::DFG::JITCode::TriggerReason>, WTF::HashTableTraits, (WTF::ShouldValidateKey)0, WTF::FastMalloc>::KeyValuePairTraits, WTF::HashTraits<JSC::BytecodeIndex>, WTF::FastMalloc>, JSC::BytecodeIndex, WTF::KeyValuePair<JSC::BytecodeIndex, JSC::DFG::JITCode::TriggerReason>, WTF::KeyValuePairKeyExtractor<WTF::KeyValuePair<JSC::BytecodeIndex, JSC::DFG::JITCode::TriggerReason>>, WTF::DefaultHash<JSC::BytecodeIndex>, WTF::HashMap<JSC::BytecodeIndex, JSC::DFG::JITCode::TriggerReason, WTF::DefaultHash<JSC::BytecodeIndex>, WTF::HashTraits<JSC::BytecodeIndex>, WTF::HashTraits<JSC::DFG::JITCode::TriggerReason>, WTF::HashTableTraits, (WTF::ShouldValidateKey)0, WTF::FastMalloc>::KeyValuePairTraits, WTF::HashTraits<JSC::BytecodeIndex>>> WTF::HashMap<JSC::BytecodeIndex, JSC::DFG::JITCode::TriggerReason, WTF::DefaultHash<JSC::BytecodeIndex>, WTF::HashTraits<JSC::BytecodeIndex>, WTF::HashTraits<JSC::DFG::JITCode::TriggerReason>, WTF::HashTableTraits, (WTF::ShouldValidateKey)0, WTF::FastMalloc>::add<JSC::DFG::JITCode::TriggerReason>(JSC::BytecodeIndex const&, JSC::DFG::JITCode::TriggerReason&&) /root/WebKit/WebKitBuild/TSan/WTF/Headers/wtf/HashMap.h:471:12 (jsc+0x6ccd58)
    #10 JSC::DFG::JITCompiler::JITCompiler(JSC::DFG::Graph&) /root/WebKit/Source/JavaScriptCore/dfg/DFGJITCompiler.cpp:64:40 (jsc+0x6ccd58)
    #11 JSC::DFG::SpeculativeJIT::SpeculativeJIT(JSC::DFG::Graph&) /root/WebKit/Source/JavaScriptCore/dfg/DFGSpeculativeJIT.cpp:125:7 (jsc+0x8da1ea)
    #12 JSC::DFG::Plan::compileInThreadImpl() /root/WebKit/Source/JavaScriptCore/dfg/DFGPlan.cpp:397:28 (jsc+0x8b0bd0)
    #13 JSC::JITPlan::compileInThread(JSC::JITWorklistThread*) /root/WebKit/Source/JavaScriptCore/jit/JITPlan.cpp:283:28 (jsc+0xfdcd1d)
    #14 JSC::JITWorklistThread::work() /root/WebKit/Source/JavaScriptCore/jit/JITWorklistThread.cpp:145:13 (jsc+0x104769b)
    #15 WTF::AutomaticThread::start(WTF::AbstractLocker const&)::$_0::operator()() const /root/WebKit/Source/WTF/wtf/AutomaticThread.cpp:260:37 (jsc+0x25854ec)
    #16 WTF::Detail::CallableWrapper<WTF::AutomaticThread::start(WTF::AbstractLocker const&)::$_0, void>::call() /root/WebKit/Source/WTF/wtf/Function.h:59:39 (jsc+0x25854ec)
    #17 WTF::Function<void ()>::operator()() const /root/WebKit/Source/WTF/wtf/Function.h:103:35 (jsc+0x25b0445)
    #18 WTF::Thread::entryPoint(WTF::Thread::NewThreadContext*) /root/WebKit/Source/WTF/wtf/Threading.cpp:312:5 (jsc+0x25b0445)
    #19 WTF::wtfThreadEntryPoint(void*) /root/WebKit/Source/WTF/wtf/posix/ThreadingPOSIX.cpp:264:5 (jsc+0x260a419)

  Thread T9 'JITWorker' (tid=2655276, running) created by thread T7 at:
    #0 pthread_create /home/runner/work/llvm-project/llvm-project/compiler-rt/lib/tsan/rtl/tsan_interceptors_posix.cpp:1090:3 (jsc+0x13ff1a)
    #1 WTF::Thread::establishHandle(WTF::Thread::NewThreadContext&, WTF::StackAllocationSpecification, WTF::ThreadQOS, WTF::ThreadSchedulingPolicy) /root/WebKit/Source/WTF/wtf/posix/ThreadingPOSIX.cpp:354:17 (jsc+0x260a305)
    #2 WTF::Thread::create(WTF::ASCIILiteral, WTF::Function<void ()>&&, WTF::ThreadType, WTF::ThreadQOS, WTF::ThreadSchedulingPolicy, WTF::StackAllocationSpecification) /root/WebKit/Source/WTF/wtf/Threading.cpp:330:32 (jsc+0x25b0783)
    #3 WTF::AutomaticThread::start(WTF::AbstractLocker const&) /root/WebKit/Source/WTF/wtf/AutomaticThread.cpp:189:5 (jsc+0x2583f69)
    #4 WTF::AutomaticThreadCondition::notifyOne(WTF::AbstractLocker const&) /root/WebKit/Source/WTF/wtf/AutomaticThread.cpp:60:21 (jsc+0x2583d69)
    #5 JSC::JITWorklist::wakeThreads(WTF::AbstractLocker const&, unsigned int) /root/WebKit/Source/JavaScriptCore/jit/JITWorklist.cpp:162:25 (jsc+0x10419b6)
    #6 JSC::JITWorklist::enqueue(WTF::Ref<JSC::JITPlan, WTF::RawPtrTraits<JSC::JITPlan>, WTF::DefaultRefDerefTraits<JSC::JITPlan>>) /root/WebKit/Source/JavaScriptCore/jit/JITWorklist.cpp:245:5 (jsc+0x1042222)
    #7 JSC::LLInt::jitCompileAndSetHeuristics(JSC::VM&, JSC::CodeBlock*) /root/WebKit/Source/JavaScriptCore/llint/LLIntSlowPaths.cpp:501:45 (jsc+0x107bf57)
    #8 JSC::LLInt::entryOSR(JSC::CodeBlock*, char const*, JSC::LLInt::EntryKind) /root/WebKit/Source/JavaScriptCore/llint/LLIntSlowPaths.cpp:523:10 (jsc+0x107b192)
    #9 llint_entry_osr_function_for_call /root/WebKit/Source/JavaScriptCore/llint/LLIntSlowPaths.cpp:550:12 (jsc+0x107b3f3)
    #10 llint_function_for_call_prologue LowLevelInterpreter.cpp (jsc+0x1dffe9e)
    #11 JSC::Interpreter::executeCall(JSC::JSObject*, JSC::CallData const&, JSC::JSValue, JSC::JSCell*, JSC::ArgList const&) /root/WebKit/Source/JavaScriptCore/interpreter/Interpreter.cpp (jsc+0xe89b6d)
    #12 JSC::call(JSC::JSGlobalObject*, JSC::JSValue, JSC::CallData const&, JSC::JSValue, JSC::ArgList const&) /root/WebKit/Source/JavaScriptCore/runtime/CallData.cpp:70:27 (jsc+0x135dec1)
    #13 JSC::call(JSC::JSGlobalObject*, JSC::JSValue, JSC::CallData const&, JSC::JSValue, JSC::ArgList const&, WTF::NakedPtr<JSC::Exception>&) /root/WebKit/Source/JavaScriptCore/runtime/CallData.cpp:77:22 (jsc+0x135dec1)
    #14 JSC::lockProtoFuncHold(JSC::JSGlobalObject*, JSC::CallFrame*) /root/WebKit/Source/JavaScriptCore/runtime/LockObject.cpp:633:22 (jsc+0x17c260c)
    #15 <null> <null> (0x7f7a97dff157)
    #16 JSC::Interpreter::executeCall(JSC::JSObject*, JSC::CallData const&, JSC::JSValue, JSC::JSCell*, JSC::ArgList const&) /root/WebKit/Source/JavaScriptCore/interpreter/Interpreter.cpp (jsc+0xe89b6d)
    #17 JSC::call(JSC::JSGlobalObject*, JSC::JSValue, JSC::CallData const&, JSC::JSValue, JSC::ArgList const&) /root/WebKit/Source/JavaScriptCore/runtime/CallData.cpp:70:27 (jsc+0x135dec1)
    #18 JSC::call(JSC::JSGlobalObject*, JSC::JSValue, JSC::CallData const&, JSC::JSValue, JSC::ArgList const&, WTF::NakedPtr<JSC::Exception>&) /root/WebKit/Source/JavaScriptCore/runtime/CallData.cpp:77:22 (jsc+0x135dec1)
    #19 JSC::threadMain(JSC::VM&, WTF::Ref<JSC::ThreadState, WTF::RawPtrTraits<JSC::ThreadState>, WTF::DefaultRefDerefTraits<JSC::ThreadState>>) /root/WebKit/Source/JavaScriptCore/runtime/ThreadObject.cpp:241:30 (jsc+0x199f5cc)
    #20 JSC::constructThread(JSC::JSGlobalObject*, JSC::CallFrame*)::$_0::operator()() /root/WebKit/Source/JavaScriptCore/runtime/ThreadObject.cpp:468:9 (jsc+0x199f5cc)
    #21 WTF::Detail::CallableWrapper<JSC::constructThread(JSC::JSGlobalObject*, JSC::CallFrame*)::$_0, void>::call() /root/WebKit/WebKitBuild/TSan/WTF/Headers/wtf/Function.h:59:39 (jsc+0x199f5cc)
    #22 WTF::Function<void ()>::operator()() const /root/WebKit/Source/WTF/wtf/Function.h:103:35 (jsc+0x25b0445)
    #23 WTF::Thread::entryPoint(WTF::Thread::NewThreadContext*) /root/WebKit/Source/WTF/wtf/Threading.cpp:312:5 (jsc+0x25b0445)
    #24 WTF::wtfThreadEntryPoint(void*) /root/WebKit/Source/WTF/wtf/posix/ThreadingPOSIX.cpp:264:5 (jsc+0x260a419)

SUMMARY: ThreadSanitizer: data race /root/WebKit/Source/JavaScriptCore/dfg/DFGToFTLForOSREntryDeferredCompilationCallback.cpp:56:30 in JSC::DFG::ToFTLForOSREntryDeferredCompilationCallback::compilationDidBecomeReadyAsynchronously(JSC::CodeBlock*, JSC::CodeBlock*)
==================
hello-threads smoke: PASS
ThreadSanitizer: reported 1 warnings
