JSC: disabling useWasm under GIL-off (wasm glue still reads the raw VM-block exception word; not yet audited for UNGIL §A.1.3 COMPILED-FOR-VM; see AB-17 status block in VMEntryScope.cpp).
==================
WARNING: ThreadSanitizer: data race (pid=2946771)
  Read of size 4 at 0x72500004036c by main thread:
    #0 JSC::ICSlowPathCallFrameTracer::ICSlowPathCallFrameTracer(JSC::VM&, JSC::CallFrame*, JSC::PropertyInlineCache*) /root/WebKit/Source/JavaScriptCore/jit/JITOperations.cpp:120:33 (jsc+0xfb0fdb)
    #1 operationPutByValSloppyOptimize /root/WebKit/Source/JavaScriptCore/jit/JITOperations.cpp:1847:31 (jsc+0xfb0fdb)
    #2 <null> <null> (0x7f1493a13a84)
    #3 JSC::evaluate(JSC::JSGlobalObject*, JSC::SourceCode const&, JSC::JSValue, WTF::NakedPtr<JSC::Exception>&) /root/WebKit/Source/JavaScriptCore/runtime/Completion.cpp:145:37 (jsc+0x13c3783)
    #4 runWithOptions(GlobalObject*, CommandLine&, bool&) /root/WebKit/Source/JavaScriptCore/jsc.cpp:3957:35 (jsc+0x1cafc5)
    #5 jscmain(int, char**)::$_0::operator()(JSC::VM&, GlobalObject*, bool&) const /root/WebKit/Source/JavaScriptCore/jsc.cpp:4686:13 (jsc+0x1cafc5)
    #6 int runJSC<jscmain(int, char**)::$_0>(CommandLine const&, bool, jscmain(int, char**)::$_0 const&) /root/WebKit/Source/JavaScriptCore/jsc.cpp:4472:13 (jsc+0x1cafc5)
    #7 jscmain(int, char**) /root/WebKit/Source/JavaScriptCore/jsc.cpp:4679:18 (jsc+0x1cafc5)
    #8 main /root/WebKit/Source/JavaScriptCore/jsc.cpp:3715:15 (jsc+0x1c9803)

  Previous write of size 8 at 0x725000040368 by thread T4:
    #0 malloc /home/runner/work/llvm-project/llvm-project/compiler-rt/lib/tsan/rtl/tsan_interceptors_posix.cpp:682:5 (jsc+0x13dc20)
    #1 bmalloc::api::malloc(unsigned long, bmalloc::CompactAllocationMode, bmalloc::HeapKind) /root/WebKit/WebKitBuild/TSan/bmalloc/Headers/bmalloc/bmalloc.h:96:20 (jsc+0x2598389)
    #2 WTF::fastMalloc(unsigned long) /root/WebKit/Source/WTF/wtf/FastMalloc.cpp:337:20 (jsc+0x2598389)
    #3 JSC::DFG::JITData* WTF::ButterflyArray<JSC::DFG::JITData, JSC::HandlerPropertyInlineCache, void*>::createImpl<JSC::DFG::JITCode const&, WTF::FixedVector<JSC::MacroAssemblerCodeRef<(WTF::PtrTag)57886>, WTF::FastMalloc>>(unsigned int, unsigned int, JSC::DFG::JITCode const&, WTF::FixedVector<JSC::MacroAssemblerCodeRef<(WTF::PtrTag)57886>, WTF::FastMalloc>&&) /root/WebKit/WebKitBuild/TSan/WTF/Headers/wtf/ButterflyArray.h:59:51 (jsc+0x8b9730)
    #4 JSC::DFG::JITData::tryCreate(JSC::VM&, JSC::CodeBlock*, JSC::DFG::JITCode const&, WTF::FixedVector<JSC::MacroAssemblerCodeRef<(WTF::PtrTag)57886>, WTF::FastMalloc>&&) /root/WebKit/Source/JavaScriptCore/dfg/DFGJITCode.h:375:46 (jsc+0x8b9730)
    #5 JSC::DFG::Plan::tryFinalizeJITData(JSC::DFG::JITCode const&) /root/WebKit/Source/JavaScriptCore/dfg/DFGPlan.cpp:822:12 (jsc+0x8b9730)
    #6 JSC::DFG::JITFinalizer::finalize() /root/WebKit/Source/JavaScriptCore/dfg/DFGJITFinalizer.cpp:68:24 (jsc+0x6e9e0b)
    #7 JSC::DFG::Plan::finalize()::$_0::operator()() const /root/WebKit/Source/JavaScriptCore/dfg/DFGPlan.cpp:665:36 (jsc+0x8b87d1)
    #8 JSC::DFG::Plan::finalize() /root/WebKit/Source/JavaScriptCore/dfg/DFGPlan.cpp:654:32 (jsc+0x8b87d1)
    #9 JSC::JITWorklist::completeAllReadyPlansForVM(JSC::VM&, JSC::JITCompilationKey) /root/WebKit/Source/JavaScriptCore/jit/JITWorklist.cpp:314:15 (jsc+0x1045839)
    #10 operationOptimize /root/WebKit/Source/JavaScriptCore/jit/JITOperations.cpp:3158:76 (jsc+0xfc1389)
    #11 <null> <null> (0x7f1493a140b5)
    #12 JSC::Interpreter::executeCall(JSC::JSObject*, JSC::CallData const&, JSC::JSValue, JSC::JSCell*, JSC::ArgList const&) /root/WebKit/Source/JavaScriptCore/interpreter/Interpreter.cpp (jsc+0xe8bd2d)
    #13 JSC::call(JSC::JSGlobalObject*, JSC::JSValue, JSC::CallData const&, JSC::JSValue, JSC::ArgList const&) /root/WebKit/Source/JavaScriptCore/runtime/CallData.cpp:70:27 (jsc+0x1360a31)
    #14 JSC::call(JSC::JSGlobalObject*, JSC::JSValue, JSC::CallData const&, JSC::JSValue, JSC::ArgList const&, WTF::NakedPtr<JSC::Exception>&) /root/WebKit/Source/JavaScriptCore/runtime/CallData.cpp:77:22 (jsc+0x1360a31)
    #15 JSC::threadMain(JSC::VM&, WTF::Ref<JSC::ThreadState, WTF::RawPtrTraits<JSC::ThreadState>, WTF::DefaultRefDerefTraits<JSC::ThreadState>>) /root/WebKit/Source/JavaScriptCore/runtime/ThreadObject.cpp:241:30 (jsc+0x19a43fc)
    #16 JSC::constructThread(JSC::JSGlobalObject*, JSC::CallFrame*)::$_0::operator()() /root/WebKit/Source/JavaScriptCore/runtime/ThreadObject.cpp:468:9 (jsc+0x19a43fc)
    #17 WTF::Detail::CallableWrapper<JSC::constructThread(JSC::JSGlobalObject*, JSC::CallFrame*)::$_0, void>::call() /root/WebKit/WebKitBuild/TSan/WTF/Headers/wtf/Function.h:59:39 (jsc+0x19a43fc)
    #18 WTF::Function<void ()>::operator()() const /root/WebKit/Source/WTF/wtf/Function.h:103:35 (jsc+0x25b5145)
    #19 WTF::Thread::entryPoint(WTF::Thread::NewThreadContext*) /root/WebKit/Source/WTF/wtf/Threading.cpp:312:5 (jsc+0x25b5145)
    #20 WTF::wtfThreadEntryPoint(void*) /root/WebKit/Source/WTF/wtf/posix/ThreadingPOSIX.cpp:264:5 (jsc+0x260f0c9)

  Location is heap block of size 496 at 0x725000040200 allocated by thread T4:
    #0 malloc /home/runner/work/llvm-project/llvm-project/compiler-rt/lib/tsan/rtl/tsan_interceptors_posix.cpp:682:5 (jsc+0x13dc20)
    #1 bmalloc::api::malloc(unsigned long, bmalloc::CompactAllocationMode, bmalloc::HeapKind) /root/WebKit/WebKitBuild/TSan/bmalloc/Headers/bmalloc/bmalloc.h:96:20 (jsc+0x2598389)
    #2 WTF::fastMalloc(unsigned long) /root/WebKit/Source/WTF/wtf/FastMalloc.cpp:337:20 (jsc+0x2598389)
    #3 JSC::DFG::JITData* WTF::ButterflyArray<JSC::DFG::JITData, JSC::HandlerPropertyInlineCache, void*>::createImpl<JSC::DFG::JITCode const&, WTF::FixedVector<JSC::MacroAssemblerCodeRef<(WTF::PtrTag)57886>, WTF::FastMalloc>>(unsigned int, unsigned int, JSC::DFG::JITCode const&, WTF::FixedVector<JSC::MacroAssemblerCodeRef<(WTF::PtrTag)57886>, WTF::FastMalloc>&&) /root/WebKit/WebKitBuild/TSan/WTF/Headers/wtf/ButterflyArray.h:59:51 (jsc+0x8b9730)
    #4 JSC::DFG::JITData::tryCreate(JSC::VM&, JSC::CodeBlock*, JSC::DFG::JITCode const&, WTF::FixedVector<JSC::MacroAssemblerCodeRef<(WTF::PtrTag)57886>, WTF::FastMalloc>&&) /root/WebKit/Source/JavaScriptCore/dfg/DFGJITCode.h:375:46 (jsc+0x8b9730)
    #5 JSC::DFG::Plan::tryFinalizeJITData(JSC::DFG::JITCode const&) /root/WebKit/Source/JavaScriptCore/dfg/DFGPlan.cpp:822:12 (jsc+0x8b9730)
    #6 JSC::DFG::JITFinalizer::finalize() /root/WebKit/Source/JavaScriptCore/dfg/DFGJITFinalizer.cpp:68:24 (jsc+0x6e9e0b)
    #7 JSC::DFG::Plan::finalize()::$_0::operator()() const /root/WebKit/Source/JavaScriptCore/dfg/DFGPlan.cpp:665:36 (jsc+0x8b87d1)
    #8 JSC::DFG::Plan::finalize() /root/WebKit/Source/JavaScriptCore/dfg/DFGPlan.cpp:654:32 (jsc+0x8b87d1)
    #9 JSC::JITWorklist::completeAllReadyPlansForVM(JSC::VM&, JSC::JITCompilationKey) /root/WebKit/Source/JavaScriptCore/jit/JITWorklist.cpp:314:15 (jsc+0x1045839)
    #10 operationOptimize /root/WebKit/Source/JavaScriptCore/jit/JITOperations.cpp:3158:76 (jsc+0xfc1389)
    #11 <null> <null> (0x7f1493a140b5)
    #12 JSC::Interpreter::executeCall(JSC::JSObject*, JSC::CallData const&, JSC::JSValue, JSC::JSCell*, JSC::ArgList const&) /root/WebKit/Source/JavaScriptCore/interpreter/Interpreter.cpp (jsc+0xe8bd2d)
    #13 JSC::call(JSC::JSGlobalObject*, JSC::JSValue, JSC::CallData const&, JSC::JSValue, JSC::ArgList const&) /root/WebKit/Source/JavaScriptCore/runtime/CallData.cpp:70:27 (jsc+0x1360a31)
    #14 JSC::call(JSC::JSGlobalObject*, JSC::JSValue, JSC::CallData const&, JSC::JSValue, JSC::ArgList const&, WTF::NakedPtr<JSC::Exception>&) /root/WebKit/Source/JavaScriptCore/runtime/CallData.cpp:77:22 (jsc+0x1360a31)
    #15 JSC::threadMain(JSC::VM&, WTF::Ref<JSC::ThreadState, WTF::RawPtrTraits<JSC::ThreadState>, WTF::DefaultRefDerefTraits<JSC::ThreadState>>) /root/WebKit/Source/JavaScriptCore/runtime/ThreadObject.cpp:241:30 (jsc+0x19a43fc)
    #16 JSC::constructThread(JSC::JSGlobalObject*, JSC::CallFrame*)::$_0::operator()() /root/WebKit/Source/JavaScriptCore/runtime/ThreadObject.cpp:468:9 (jsc+0x19a43fc)
    #17 WTF::Detail::CallableWrapper<JSC::constructThread(JSC::JSGlobalObject*, JSC::CallFrame*)::$_0, void>::call() /root/WebKit/WebKitBuild/TSan/WTF/Headers/wtf/Function.h:59:39 (jsc+0x19a43fc)
    #18 WTF::Function<void ()>::operator()() const /root/WebKit/Source/WTF/wtf/Function.h:103:35 (jsc+0x25b5145)
    #19 WTF::Thread::entryPoint(WTF::Thread::NewThreadContext*) /root/WebKit/Source/WTF/wtf/Threading.cpp:312:5 (jsc+0x25b5145)
    #20 WTF::wtfThreadEntryPoint(void*) /root/WebKit/Source/WTF/wtf/posix/ThreadingPOSIX.cpp:264:5 (jsc+0x260f0c9)

  Thread T4 'JS Thread' (tid=2946897, running) created by main thread at:
    #0 pthread_create /home/runner/work/llvm-project/llvm-project/compiler-rt/lib/tsan/rtl/tsan_interceptors_posix.cpp:1090:3 (jsc+0x13ff1a)
    #1 WTF::Thread::establishHandle(WTF::Thread::NewThreadContext&, WTF::StackAllocationSpecification, WTF::ThreadQOS, WTF::ThreadSchedulingPolicy) /root/WebKit/Source/WTF/wtf/posix/ThreadingPOSIX.cpp:354:17 (jsc+0x260efb5)
    #2 WTF::Thread::create(WTF::ASCIILiteral, WTF::Function<void ()>&&, WTF::ThreadType, WTF::ThreadQOS, WTF::ThreadSchedulingPolicy, WTF::StackAllocationSpecification) /root/WebKit/Source/WTF/wtf/Threading.cpp:330:32 (jsc+0x25b5483)
    #3 JSC::constructThread(JSC::JSGlobalObject*, JSC::CallFrame*) /root/WebKit/Source/JavaScriptCore/runtime/ThreadObject.cpp:467:5 (jsc+0x199c98f)
    #4 <null> <null> (0x7f14939ff217)
    #5 JSC::evaluate(JSC::JSGlobalObject*, JSC::SourceCode const&, JSC::JSValue, WTF::NakedPtr<JSC::Exception>&) /root/WebKit/Source/JavaScriptCore/runtime/Completion.cpp:145:37 (jsc+0x13c3783)
    #6 runWithOptions(GlobalObject*, CommandLine&, bool&) /root/WebKit/Source/JavaScriptCore/jsc.cpp:3957:35 (jsc+0x1cafc5)
    #7 jscmain(int, char**)::$_0::operator()(JSC::VM&, GlobalObject*, bool&) const /root/WebKit/Source/JavaScriptCore/jsc.cpp:4686:13 (jsc+0x1cafc5)
    #8 int runJSC<jscmain(int, char**)::$_0>(CommandLine const&, bool, jscmain(int, char**)::$_0 const&) /root/WebKit/Source/JavaScriptCore/jsc.cpp:4472:13 (jsc+0x1cafc5)
    #9 jscmain(int, char**) /root/WebKit/Source/JavaScriptCore/jsc.cpp:4679:18 (jsc+0x1cafc5)
    #10 main /root/WebKit/Source/JavaScriptCore/jsc.cpp:3715:15 (jsc+0x1c9803)

SUMMARY: ThreadSanitizer: data race /root/WebKit/Source/JavaScriptCore/jit/JITOperations.cpp:120:33 in JSC::ICSlowPathCallFrameTracer::ICSlowPathCallFrameTracer(JSC::VM&, JSC::CallFrame*, JSC::PropertyInlineCache*)
==================
zombie-uaf-canary: PASS
ThreadSanitizer: reported 1 warnings
