JSC: disabling useWasm under GIL-off (wasm glue still reads the raw VM-block exception word; not yet audited for UNGIL §A.1.3 COMPILED-FOR-VM; see AB-17 status block in VMEntryScope.cpp).
==================
WARNING: ThreadSanitizer: data race (pid=2962384)
  Read of size 8 at 0x7f115a7fdcb8 by thread T2:
    #0 WTF::BasicRawSentinelNode<JSC::CallLinkInfoBase, WTF::RawPtrTraits<JSC::CallLinkInfoBase>>::isOnList() const /root/WebKit/WebKitBuild/TSan/WTF/Headers/wtf/SentinelLinkedList.h:69:18 (jsc+0xe8e108)
    #1 JSC::MicrotaskCall::relink(JSC::VM&, JSC::JSFunction*) /root/WebKit/Source/JavaScriptCore/interpreter/MicrotaskCall.cpp:49:9 (jsc+0xe8e108)
    #2 JSC::MicrotaskCall::initialize(JSC::VM&, JSC::JSFunction*) /root/WebKit/Source/JavaScriptCore/interpreter/MicrotaskCall.cpp:40:5 (jsc+0xe8e108)
    #3 JSC::JSValue JSC::callMicrotask<JSC::JSValue>(JSC::JSGlobalObject*, JSC::JSValue, JSC::JSValue, JSC::JSCell*, WTF::ASCIILiteral, JSC::MicrotaskCall*, T...) /root/WebKit/Source/JavaScriptCore/runtime/JSMicrotask.cpp:144:28 (jsc+0x16532b0)
    #4 JSC::runInternalMicrotask(JSC::JSGlobalObject*, JSC::VM&, JSC::InternalMicrotask, unsigned char, std::span<JSC::JSValue const, 4ul>, JSC::MicrotaskCall*) /root/WebKit/Source/JavaScriptCore/runtime/JSMicrotask.cpp:1742:26 (jsc+0x164d071)
    #5 JSC::runMicrotask(JSC::JSGlobalObject*, JSC::TopExceptionScope&, JSC::VM&, JSC::QueuedTask&, JSC::MicrotaskCall*) /root/WebKit/Source/JavaScriptCore/runtime/MicrotaskQueue.cpp:63:5 (jsc+0x17dc454)
    #6 std::pair<JSC::JSGlobalObject*, bool> JSC::MicrotaskQueue::drainImpl<true>(JSC::JSGlobalObject*, JSC::VM&, JSC::TopExceptionScope&) /root/WebKit/Source/JavaScriptCore/runtime/MicrotaskQueue.cpp:293:18 (jsc+0x17de0e3)
    #7 JSC::MicrotaskQueue::drainWithUseCallOnEachMicrotask(JSC::JSGlobalObject*, JSC::VM&, JSC::TopExceptionScope&) /root/WebKit/Source/JavaScriptCore/runtime/MicrotaskQueue.cpp:346:12 (jsc+0x17ddea0)
    #8 std::pair<JSC::JSGlobalObject*, bool> JSC::MicrotaskQueue::drain<true>(JSC::JSGlobalObject*, JSC::VM&, JSC::TopExceptionScope&) /root/WebKit/WebKitBuild/TSan/JavaScriptCore/PrivateHeaders/JavaScriptCore/MicrotaskQueue.h:346:20 (jsc+0x19c7e1e)
    #9 void JSC::MicrotaskQueue::performMicrotaskCheckpoint<true, JSC::VM::drainMicrotasks()::$_0>(JSC::VM&, JSC::VM::drainMicrotasks()::$_0 const&) /root/WebKit/Source/JavaScriptCore/runtime/MicrotaskQueueInlines.h:118:45 (jsc+0x19c7e1e)
    #10 JSC::VM::drainMicrotasks() /root/WebKit/Source/JavaScriptCore/runtime/VM.cpp:2474:28 (jsc+0x19c78c7)
    #11 functionDrainMicrotasks(JSC::JSGlobalObject*, JSC::CallFrame*) /root/WebKit/Source/JavaScriptCore/jsc.cpp:2993:8 (jsc+0x240533)
    #12 <null> <null> (0x7f11191ff157)
    #13 JSC::Interpreter::executeCall(JSC::JSObject*, JSC::CallData const&, JSC::JSValue, JSC::JSCell*, JSC::ArgList const&) /root/WebKit/Source/JavaScriptCore/interpreter/Interpreter.cpp (jsc+0xe8bd2d)
    #14 JSC::call(JSC::JSGlobalObject*, JSC::JSValue, JSC::CallData const&, JSC::JSValue, JSC::ArgList const&) /root/WebKit/Source/JavaScriptCore/runtime/CallData.cpp:70:27 (jsc+0x1360a31)
    #15 JSC::call(JSC::JSGlobalObject*, JSC::JSValue, JSC::CallData const&, JSC::JSValue, JSC::ArgList const&, WTF::NakedPtr<JSC::Exception>&) /root/WebKit/Source/JavaScriptCore/runtime/CallData.cpp:77:22 (jsc+0x1360a31)
    #16 JSC::threadMain(JSC::VM&, WTF::Ref<JSC::ThreadState, WTF::RawPtrTraits<JSC::ThreadState>, WTF::DefaultRefDerefTraits<JSC::ThreadState>>) /root/WebKit/Source/JavaScriptCore/runtime/ThreadObject.cpp:241:30 (jsc+0x19a43fc)
    #17 JSC::constructThread(JSC::JSGlobalObject*, JSC::CallFrame*)::$_0::operator()() /root/WebKit/Source/JavaScriptCore/runtime/ThreadObject.cpp:468:9 (jsc+0x19a43fc)
    #18 WTF::Detail::CallableWrapper<JSC::constructThread(JSC::JSGlobalObject*, JSC::CallFrame*)::$_0, void>::call() /root/WebKit/WebKitBuild/TSan/WTF/Headers/wtf/Function.h:59:39 (jsc+0x19a43fc)
    #19 WTF::Function<void ()>::operator()() const /root/WebKit/Source/WTF/wtf/Function.h:103:35 (jsc+0x25b5145)
    #20 WTF::Thread::entryPoint(WTF::Thread::NewThreadContext*) /root/WebKit/Source/WTF/wtf/Threading.cpp:312:5 (jsc+0x25b5145)
    #21 WTF::wtfThreadEntryPoint(void*) /root/WebKit/Source/WTF/wtf/posix/ThreadingPOSIX.cpp:264:5 (jsc+0x260f0c9)

  Previous write of size 8 at 0x7f115a7fdcb8 by thread T1:
    #0 WTF::BasicRawSentinelNode<JSC::CallLinkInfoBase, WTF::RawPtrTraits<JSC::CallLinkInfoBase>>::setPrev(WTF::BasicRawSentinelNode<JSC::CallLinkInfoBase, WTF::RawPtrTraits<JSC::CallLinkInfoBase>>*) /root/WebKit/WebKitBuild/TSan/WTF/Headers/wtf/SentinelLinkedList.h:60:55 (jsc+0x298ef0)
    #1 WTF::SentinelLinkedList<JSC::CallLinkInfoBase, WTF::BasicRawSentinelNode<JSC::CallLinkInfoBase, WTF::RawPtrTraits<JSC::CallLinkInfoBase>>>::push(JSC::CallLinkInfoBase*) /root/WebKit/WebKitBuild/TSan/WTF/Headers/wtf/SentinelLinkedList.h:212:11 (jsc+0x298ef0)
    #2 JSC::CodeBlock::linkIncomingCall(JSC::JSCell*, JSC::CallLinkInfoBase*) /root/WebKit/Source/JavaScriptCore/bytecode/CodeBlock.cpp:2368:25 (jsc+0x298ef0)
    #3 JSC::Interpreter::prepareForMicrotaskCall(JSC::MicrotaskCall&, JSC::JSFunction*) /root/WebKit/Source/JavaScriptCore/interpreter/Interpreter.cpp:1471:19 (jsc+0xe8cb86)
    #4 JSC::MicrotaskCall::relink(JSC::VM&, JSC::JSFunction*) /root/WebKit/Source/JavaScriptCore/interpreter/MicrotaskCall.cpp:52:41 (jsc+0xe8e129)
    #5 JSC::MicrotaskCall::initialize(JSC::VM&, JSC::JSFunction*) /root/WebKit/Source/JavaScriptCore/interpreter/MicrotaskCall.cpp:40:5 (jsc+0xe8e129)
    #6 JSC::JSValue JSC::callMicrotask<JSC::JSValue>(JSC::JSGlobalObject*, JSC::JSValue, JSC::JSValue, JSC::JSCell*, WTF::ASCIILiteral, JSC::MicrotaskCall*, T...) /root/WebKit/Source/JavaScriptCore/runtime/JSMicrotask.cpp:144:28 (jsc+0x16532b0)
    #7 JSC::runInternalMicrotask(JSC::JSGlobalObject*, JSC::VM&, JSC::InternalMicrotask, unsigned char, std::span<JSC::JSValue const, 4ul>, JSC::MicrotaskCall*) /root/WebKit/Source/JavaScriptCore/runtime/JSMicrotask.cpp:1742:26 (jsc+0x164d071)
    #8 JSC::runMicrotask(JSC::JSGlobalObject*, JSC::TopExceptionScope&, JSC::VM&, JSC::QueuedTask&, JSC::MicrotaskCall*) /root/WebKit/Source/JavaScriptCore/runtime/MicrotaskQueue.cpp:63:5 (jsc+0x17dc454)
    #9 std::pair<JSC::JSGlobalObject*, bool> JSC::MicrotaskQueue::drainImpl<true>(JSC::JSGlobalObject*, JSC::VM&, JSC::TopExceptionScope&) /root/WebKit/Source/JavaScriptCore/runtime/MicrotaskQueue.cpp:293:18 (jsc+0x17de0e3)
    #10 JSC::MicrotaskQueue::drainWithUseCallOnEachMicrotask(JSC::JSGlobalObject*, JSC::VM&, JSC::TopExceptionScope&) /root/WebKit/Source/JavaScriptCore/runtime/MicrotaskQueue.cpp:346:12 (jsc+0x17ddea0)
    #11 std::pair<JSC::JSGlobalObject*, bool> JSC::MicrotaskQueue::drain<true>(JSC::JSGlobalObject*, JSC::VM&, JSC::TopExceptionScope&) /root/WebKit/WebKitBuild/TSan/JavaScriptCore/PrivateHeaders/JavaScriptCore/MicrotaskQueue.h:346:20 (jsc+0x19c7e1e)
    #12 void JSC::MicrotaskQueue::performMicrotaskCheckpoint<true, JSC::VM::drainMicrotasks()::$_0>(JSC::VM&, JSC::VM::drainMicrotasks()::$_0 const&) /root/WebKit/Source/JavaScriptCore/runtime/MicrotaskQueueInlines.h:118:45 (jsc+0x19c7e1e)
    #13 JSC::VM::drainMicrotasks() /root/WebKit/Source/JavaScriptCore/runtime/VM.cpp:2474:28 (jsc+0x19c78c7)
    #14 functionDrainMicrotasks(JSC::JSGlobalObject*, JSC::CallFrame*) /root/WebKit/Source/JavaScriptCore/jsc.cpp:2993:8 (jsc+0x240533)
    #15 <null> <null> (0x7f11191ff157)
    #16 JSC::Interpreter::executeCall(JSC::JSObject*, JSC::CallData const&, JSC::JSValue, JSC::JSCell*, JSC::ArgList const&) /root/WebKit/Source/JavaScriptCore/interpreter/Interpreter.cpp (jsc+0xe8bd2d)
    #17 JSC::call(JSC::JSGlobalObject*, JSC::JSValue, JSC::CallData const&, JSC::JSValue, JSC::ArgList const&) /root/WebKit/Source/JavaScriptCore/runtime/CallData.cpp:70:27 (jsc+0x1360a31)
    #18 JSC::call(JSC::JSGlobalObject*, JSC::JSValue, JSC::CallData const&, JSC::JSValue, JSC::ArgList const&, WTF::NakedPtr<JSC::Exception>&) /root/WebKit/Source/JavaScriptCore/runtime/CallData.cpp:77:22 (jsc+0x1360a31)
    #19 JSC::threadMain(JSC::VM&, WTF::Ref<JSC::ThreadState, WTF::RawPtrTraits<JSC::ThreadState>, WTF::DefaultRefDerefTraits<JSC::ThreadState>>) /root/WebKit/Source/JavaScriptCore/runtime/ThreadObject.cpp:241:30 (jsc+0x19a43fc)
    #20 JSC::constructThread(JSC::JSGlobalObject*, JSC::CallFrame*)::$_0::operator()() /root/WebKit/Source/JavaScriptCore/runtime/ThreadObject.cpp:468:9 (jsc+0x19a43fc)
    #21 WTF::Detail::CallableWrapper<JSC::constructThread(JSC::JSGlobalObject*, JSC::CallFrame*)::$_0, void>::call() /root/WebKit/WebKitBuild/TSan/WTF/Headers/wtf/Function.h:59:39 (jsc+0x19a43fc)
    #22 WTF::Function<void ()>::operator()() const /root/WebKit/Source/WTF/wtf/Function.h:103:35 (jsc+0x25b5145)
    #23 WTF::Thread::entryPoint(WTF::Thread::NewThreadContext*) /root/WebKit/Source/WTF/wtf/Threading.cpp:312:5 (jsc+0x25b5145)
    #24 WTF::wtfThreadEntryPoint(void*) /root/WebKit/Source/WTF/wtf/posix/ThreadingPOSIX.cpp:264:5 (jsc+0x260f0c9)

  Location is stack of thread T2.

  Thread T2 'JS Thread' (tid=2962401, running) created by main thread at:
    #0 pthread_create /home/runner/work/llvm-project/llvm-project/compiler-rt/lib/tsan/rtl/tsan_interceptors_posix.cpp:1090:3 (jsc+0x13ff1a)
    #1 WTF::Thread::establishHandle(WTF::Thread::NewThreadContext&, WTF::StackAllocationSpecification, WTF::ThreadQOS, WTF::ThreadSchedulingPolicy) /root/WebKit/Source/WTF/wtf/posix/ThreadingPOSIX.cpp:354:17 (jsc+0x260efb5)
    #2 WTF::Thread::create(WTF::ASCIILiteral, WTF::Function<void ()>&&, WTF::ThreadType, WTF::ThreadQOS, WTF::ThreadSchedulingPolicy, WTF::StackAllocationSpecification) /root/WebKit/Source/WTF/wtf/Threading.cpp:330:32 (jsc+0x25b5483)
    #3 JSC::constructThread(JSC::JSGlobalObject*, JSC::CallFrame*) /root/WebKit/Source/JavaScriptCore/runtime/ThreadObject.cpp:467:5 (jsc+0x199c98f)
    #4 <null> <null> (0x7f11191ff217)
    #5 JSC::evaluate(JSC::JSGlobalObject*, JSC::SourceCode const&, JSC::JSValue, WTF::NakedPtr<JSC::Exception>&) /root/WebKit/Source/JavaScriptCore/runtime/Completion.cpp:145:37 (jsc+0x13c3783)
    #6 runWithOptions(GlobalObject*, CommandLine&, bool&) /root/WebKit/Source/JavaScriptCore/jsc.cpp:3957:35 (jsc+0x1cafc5)
    #7 jscmain(int, char**)::$_0::operator()(JSC::VM&, GlobalObject*, bool&) const /root/WebKit/Source/JavaScriptCore/jsc.cpp:4686:13 (jsc+0x1cafc5)
    #8 int runJSC<jscmain(int, char**)::$_0>(CommandLine const&, bool, jscmain(int, char**)::$_0 const&) /root/WebKit/Source/JavaScriptCore/jsc.cpp:4472:13 (jsc+0x1cafc5)
    #9 jscmain(int, char**) /root/WebKit/Source/JavaScriptCore/jsc.cpp:4679:18 (jsc+0x1cafc5)
    #10 main /root/WebKit/Source/JavaScriptCore/jsc.cpp:3715:15 (jsc+0x1c9803)

  Thread T1 'JS Thread' (tid=2962400, running) created by main thread at:
    #0 pthread_create /home/runner/work/llvm-project/llvm-project/compiler-rt/lib/tsan/rtl/tsan_interceptors_posix.cpp:1090:3 (jsc+0x13ff1a)
    #1 WTF::Thread::establishHandle(WTF::Thread::NewThreadContext&, WTF::StackAllocationSpecification, WTF::ThreadQOS, WTF::ThreadSchedulingPolicy) /root/WebKit/Source/WTF/wtf/posix/ThreadingPOSIX.cpp:354:17 (jsc+0x260efb5)
    #2 WTF::Thread::create(WTF::ASCIILiteral, WTF::Function<void ()>&&, WTF::ThreadType, WTF::ThreadQOS, WTF::ThreadSchedulingPolicy, WTF::StackAllocationSpecification) /root/WebKit/Source/WTF/wtf/Threading.cpp:330:32 (jsc+0x25b5483)
    #3 JSC::constructThread(JSC::JSGlobalObject*, JSC::CallFrame*) /root/WebKit/Source/JavaScriptCore/runtime/ThreadObject.cpp:467:5 (jsc+0x199c98f)
    #4 <null> <null> (0x7f11191ff217)
    #5 JSC::evaluate(JSC::JSGlobalObject*, JSC::SourceCode const&, JSC::JSValue, WTF::NakedPtr<JSC::Exception>&) /root/WebKit/Source/JavaScriptCore/runtime/Completion.cpp:145:37 (jsc+0x13c3783)
    #6 runWithOptions(GlobalObject*, CommandLine&, bool&) /root/WebKit/Source/JavaScriptCore/jsc.cpp:3957:35 (jsc+0x1cafc5)
    #7 jscmain(int, char**)::$_0::operator()(JSC::VM&, GlobalObject*, bool&) const /root/WebKit/Source/JavaScriptCore/jsc.cpp:4686:13 (jsc+0x1cafc5)
    #8 int runJSC<jscmain(int, char**)::$_0>(CommandLine const&, bool, jscmain(int, char**)::$_0 const&) /root/WebKit/Source/JavaScriptCore/jsc.cpp:4472:13 (jsc+0x1cafc5)
    #9 jscmain(int, char**) /root/WebKit/Source/JavaScriptCore/jsc.cpp:4679:18 (jsc+0x1cafc5)
    #10 main /root/WebKit/Source/JavaScriptCore/jsc.cpp:3715:15 (jsc+0x1c9803)

SUMMARY: ThreadSanitizer: data race /root/WebKit/WebKitBuild/TSan/WTF/Headers/wtf/SentinelLinkedList.h:69:18 in WTF::BasicRawSentinelNode<JSC::CallLinkInfoBase, WTF::RawPtrTraits<JSC::CallLinkInfoBase>>::isOnList() const
==================
ThreadSanitizer: reported 1 warnings
