JSC: disabling useWasm under GIL-off (wasm glue still reads the raw VM-block exception word; not yet audited for UNGIL §A.1.3 COMPILED-FOR-VM; see AB-17 status block in VMEntryScope.cpp).
==================
WARNING: ThreadSanitizer: data race (pid=1869669)
  Read of size 8 at 0x72a000104188 by thread T16:
    #0 JSC::UnlinkedFunctionExecutable::privateBrandRequirement() const /root/WebKit/Source/JavaScriptCore/bytecode/UnlinkedFunctionExecutable.h:150:107 (jsc+0x3bd869)
    #1 JSC::generateUnlinkedFunctionCodeBlock(JSC::VM&, JSC::UnlinkedFunctionExecutable*, JSC::SourceCode const&, JSC::CodeSpecializationKind, WTF::OptionSet<JSC::CodeGenerationMode, (WTF::ConcurrencyTag)0>, JSC::UnlinkedFunctionKind, JSC::ParserError&, JSC::SourceParseMode) /root/WebKit/Source/JavaScriptCore/bytecode/UnlinkedFunctionExecutable.cpp:161:170 (jsc+0x3bd869)
    #2 JSC::UnlinkedFunctionExecutable::unlinkedCodeBlockFor(JSC::VM&, JSC::SourceCode const&, JSC::CodeSpecializationKind, WTF::OptionSet<JSC::CodeGenerationMode, (WTF::ConcurrencyTag)0>, JSC::ParserError&, JSC::SourceParseMode) /root/WebKit/Source/JavaScriptCore/bytecode/UnlinkedFunctionExecutable.cpp:354:41 (jsc+0x3bd869)
    #3 JSC::ScriptExecutable::newCodeBlockFor(JSC::CodeSpecializationKind, JSC::JSFunction*, JSC::JSScope*) /root/WebKit/Source/JavaScriptCore/runtime/ScriptExecutable.cpp:488:43 (jsc+0x1880b58)
    #4 JSC::ScriptExecutable::prepareForExecutionImpl(JSC::VM&, JSC::JSFunction*, JSC::JSScope*, JSC::CodeSpecializationKind, JSC::CodeBlock*&) /root/WebKit/Source/JavaScriptCore/runtime/ScriptExecutable.cpp:606:28 (jsc+0x1881524)
    #5 void JSC::ScriptExecutable::prepareForExecution<JSC::FunctionExecutable>(JSC::VM&, JSC::JSFunction*, JSC::JSScope*, JSC::CodeSpecializationKind, JSC::CodeBlock*&) /root/WebKit/Source/JavaScriptCore/bytecode/CodeBlock.h:1140:5 (jsc+0xe7bfb9)
    #6 JSC::Interpreter::executeCallImpl(JSC::VM&, JSC::JSObject*, JSC::CallData const&, JSC::JSValue, JSC::JSCell*, JSC::ArgList const&) /root/WebKit/Source/JavaScriptCore/interpreter/Interpreter.cpp:1299:33 (jsc+0xe7bfb9)
    #7 JSC::Interpreter::executeCall(JSC::JSObject*, JSC::CallData const&, JSC::JSValue, JSC::JSCell*, JSC::ArgList const&) /root/WebKit/Source/JavaScriptCore/interpreter/Interpreter.cpp (jsc+0xe7c34d)
    #8 JSC::call(JSC::JSGlobalObject*, JSC::JSValue, JSC::CallData const&, JSC::JSValue, JSC::ArgList const&) /root/WebKit/Source/JavaScriptCore/runtime/CallData.cpp:70:27 (jsc+0x134e071)
    #9 JSC::call(JSC::JSGlobalObject*, JSC::JSValue, JSC::CallData const&, JSC::JSValue, JSC::ArgList const&, WTF::NakedPtr<JSC::Exception>&) /root/WebKit/Source/JavaScriptCore/runtime/CallData.cpp:77:22 (jsc+0x134e071)
    #10 JSC::threadMain(JSC::VM&, WTF::Ref<JSC::ThreadState, WTF::RawPtrTraits<JSC::ThreadState>, WTF::DefaultRefDerefTraits<JSC::ThreadState>>) /root/WebKit/Source/JavaScriptCore/runtime/ThreadObject.cpp:241:30 (jsc+0x1986a1c)
    #11 JSC::constructThread(JSC::JSGlobalObject*, JSC::CallFrame*)::$_0::operator()() /root/WebKit/Source/JavaScriptCore/runtime/ThreadObject.cpp:468:9 (jsc+0x1986a1c)
    #12 WTF::Detail::CallableWrapper<JSC::constructThread(JSC::JSGlobalObject*, JSC::CallFrame*)::$_0, void>::call() /root/WebKit/WebKitBuild/TSan/WTF/Headers/wtf/Function.h:59:39 (jsc+0x1986a1c)
    #13 WTF::Function<void ()>::operator()() const /root/WebKit/Source/WTF/wtf/Function.h:103:35 (jsc+0x2595895)
    #14 WTF::Thread::entryPoint(WTF::Thread::NewThreadContext*) /root/WebKit/Source/WTF/wtf/Threading.cpp:312:5 (jsc+0x2595895)
    #15 WTF::wtfThreadEntryPoint(void*) /root/WebKit/Source/WTF/wtf/posix/ThreadingPOSIX.cpp:264:5 (jsc+0x25f2249)

  Previous write of size 8 at 0x72a000104188 by thread T15:
    #0 JSC::UnlinkedFunctionExecutable::setSingletonHasBeenInvalidated() /root/WebKit/Source/JavaScriptCore/bytecode/UnlinkedFunctionExecutable.h:203:75 (jsc+0x1579cb7)
    #1 JSC::FunctionExecutable::notifyCreation(JSC::VM&, JSC::JSFunction*, char const*) /root/WebKit/Source/JavaScriptCore/runtime/FunctionExecutable.h:264:35 (jsc+0x1579cb7)
    #2 JSC::JSFunction::create(JSC::VM&, JSC::JSGlobalObject*, JSC::FunctionExecutable*, JSC::JSScope*, JSC::Structure*) /root/WebKit/Source/JavaScriptCore/runtime/JSFunction.cpp:94:17 (jsc+0x1579cb7)
    #3 JSC::JSFunction::create(JSC::VM&, JSC::JSGlobalObject*, JSC::FunctionExecutable*, JSC::JSScope*) /root/WebKit/Source/JavaScriptCore/runtime/JSFunction.cpp:88:12 (jsc+0x1579bbb)
    #4 llint_slow_path_new_func_exp /root/WebKit/Source/JavaScriptCore/llint/LLIntSlowPaths.cpp:2215:5 (jsc+0x108867d)
    #5 llint_op_new_func_exp LowLevelInterpreter.cpp (jsc+0x1e00145)
    #6 JSC::Interpreter::executeCall(JSC::JSObject*, JSC::CallData const&, JSC::JSValue, JSC::JSCell*, JSC::ArgList const&) /root/WebKit/Source/JavaScriptCore/interpreter/Interpreter.cpp (jsc+0xe7c34d)
    #7 JSC::call(JSC::JSGlobalObject*, JSC::JSValue, JSC::CallData const&, JSC::JSValue, JSC::ArgList const&) /root/WebKit/Source/JavaScriptCore/runtime/CallData.cpp:70:27 (jsc+0x134e071)
    #8 JSC::call(JSC::JSGlobalObject*, JSC::JSValue, JSC::CallData const&, JSC::JSValue, JSC::ArgList const&, WTF::NakedPtr<JSC::Exception>&) /root/WebKit/Source/JavaScriptCore/runtime/CallData.cpp:77:22 (jsc+0x134e071)
    #9 JSC::threadMain(JSC::VM&, WTF::Ref<JSC::ThreadState, WTF::RawPtrTraits<JSC::ThreadState>, WTF::DefaultRefDerefTraits<JSC::ThreadState>>) /root/WebKit/Source/JavaScriptCore/runtime/ThreadObject.cpp:241:30 (jsc+0x1986a1c)
    #10 JSC::constructThread(JSC::JSGlobalObject*, JSC::CallFrame*)::$_0::operator()() /root/WebKit/Source/JavaScriptCore/runtime/ThreadObject.cpp:468:9 (jsc+0x1986a1c)
    #11 WTF::Detail::CallableWrapper<JSC::constructThread(JSC::JSGlobalObject*, JSC::CallFrame*)::$_0, void>::call() /root/WebKit/WebKitBuild/TSan/WTF/Headers/wtf/Function.h:59:39 (jsc+0x1986a1c)
    #12 WTF::Function<void ()>::operator()() const /root/WebKit/Source/WTF/wtf/Function.h:103:35 (jsc+0x2595895)
    #13 WTF::Thread::entryPoint(WTF::Thread::NewThreadContext*) /root/WebKit/Source/WTF/wtf/Threading.cpp:312:5 (jsc+0x2595895)
    #14 WTF::wtfThreadEntryPoint(void*) /root/WebKit/Source/WTF/wtf/posix/ThreadingPOSIX.cpp:264:5 (jsc+0x25f2249)

  Location is heap block of size 16384 at 0x72a000104000 allocated by thread T15:
    #0 aligned_alloc /home/runner/work/llvm-project/llvm-project/compiler-rt/lib/tsan/rtl/tsan_interceptors_posix.cpp:885:3 (jsc+0x13f40e)
    #1 bmalloc::api::tryMemalign(unsigned long, unsigned long, bmalloc::CompactAllocationMode, bmalloc::HeapKind) /root/WebKit/WebKitBuild/TSan/bmalloc/Headers/bmalloc/bmalloc.h:158:12 (jsc+0x25788f0)
    #2 WTF::tryFastCompactAlignedMalloc(unsigned long, unsigned long) /root/WebKit/Source/WTF/wtf/FastMalloc.cpp:553:20 (jsc+0x25788f0)
    #3 JSC::FastMallocAlignedMemoryAllocator::tryAllocateAlignedMemory(unsigned long, unsigned long) /root/WebKit/Source/JavaScriptCore/heap/FastMallocAlignedMemoryAllocator.cpp:47:12 (jsc+0xdaf710)
    #4 JSC::MarkedBlock::tryCreate(JSC::Heap&, JSC::AlignedMemoryAllocator*) /root/WebKit/Source/JavaScriptCore/heap/MarkedBlock.cpp:138:48 (jsc+0xe3b107)
    #5 JSC::BlockDirectory::tryAllocateBlock(WTF::AbstractLocker const&, JSC::Heap&) /root/WebKit/Source/JavaScriptCore/heap/BlockDirectory.cpp:154:35 (jsc+0xda69cd)
    #6 JSC::LocalAllocator::allocateSlowCase(JSC::Heap&, unsigned long, JSC::GCDeferralContext*, JSC::AllocationFailureMode) /root/WebKit/Source/JavaScriptCore/heap/LocalAllocator.cpp:221:47 (jsc+0xe360be)
    #7 JSC::LocalAllocator::allocate(JSC::Heap&, unsigned long, JSC::GCDeferralContext*, JSC::AllocationFailureMode)::'lambda'()::operator()() const /root/WebKit/WebKitBuild/TSan/JavaScriptCore/PrivateHeaders/JavaScriptCore/LocalAllocatorInlines.h:53:43 (jsc+0x1d122e)
    #8 JSC::HeapCell* JSC::FreeList::allocateWithCellSize<JSC::LocalAllocator::allocate(JSC::Heap&, unsigned long, JSC::GCDeferralContext*, JSC::AllocationFailureMode)::'lambda'()>(JSC::LocalAllocator::allocate(JSC::Heap&, unsigned long, JSC::GCDeferralContext*, JSC::AllocationFailureMode)::'lambda'() const&, unsigned long) /root/WebKit/Source/JavaScriptCore/heap/FreeListInlines.h:46:16 (jsc+0x47a360)
    #9 JSC::LocalAllocator::allocate(JSC::Heap&, unsigned long, JSC::GCDeferralContext*, JSC::AllocationFailureMode) /root/WebKit/Source/JavaScriptCore/heap/LocalAllocatorInlines.h:50:23 (jsc+0x47a360)
    #10 JSC::GCClient::IsoSubspace::allocate(JSC::VM&, unsigned long, JSC::GCDeferralContext*, JSC::AllocationFailureMode) /root/WebKit/Source/JavaScriptCore/heap/IsoSubspaceInlines.h:42:29 (jsc+0x47a360)
    #11 void* JSC::tryAllocateCellHelper<JSC::UnlinkedFunctionExecutable, (JSC::AllocationFailureMode)0>(JSC::VM&, unsigned long, JSC::GCDeferralContext*) /root/WebKit/Source/JavaScriptCore/runtime/JSCellInlines.h:180:63 (jsc+0x47a360)
    #12 void* JSC::allocateCell<JSC::UnlinkedFunctionExecutable>(JSC::VM&, unsigned long) /root/WebKit/Source/JavaScriptCore/runtime/JSCellInlines.h:200:12 (jsc+0x47a360)
    #13 JSC::UnlinkedFunctionExecutable::create(JSC::VM&, JSC::SourceCode const&, JSC::FunctionMetadataNode*, JSC::UnlinkedFunctionKind, JSC::ConstructAbility, JSC::InlineAttribute, JSC::JSParserScriptMode, WTF::RefPtr<JSC::TDZEnvironmentLink, WTF::RawPtrTraits<JSC::TDZEnvironmentLink>, WTF::DefaultRefDerefTraits<JSC::TDZEnvironmentLink>>, std::optional<WTF::Vector<JSC::Identifier, 0ul, WTF::CrashOnOverflow, 16ul, WTF::FastMalloc>>&&, std::optional<WTF::HashMap<WTF::RefPtr<WTF::UniquedStringImpl, WTF::PackedPtrTraits<WTF::UniquedStringImpl>, WTF::DefaultRefDerefTraits<WTF::UniquedStringImpl>>, JSC::PrivateNameEntry, JSC::IdentifierRepHash, WTF::HashTraits<WTF::RefPtr<WTF::UniquedStringImpl, WTF::RawPtrTraits<WTF::UniquedStringImpl>, WTF::DefaultRefDerefTraits<WTF::UniquedStringImpl>>>, JSC::PrivateNameEntryHashTraits, WTF::HashTableTraits, (WTF::ShouldValidateKey)0, WTF::FastMalloc>>, JSC::DerivedContextType, JSC::EvalContextType, JSC::NeedsClassFieldInitializer, JSC::PrivateBrandRequirement, bool) /root/WebKit/Source/JavaScriptCore/bytecode/UnlinkedFunctionExecutable.h:78:62 (jsc+0x3d6969)
    #14 JSC::BytecodeGenerator::makeFunction(JSC::FunctionMetadataNode*) /root/WebKit/Source/JavaScriptCore/bytecompiler/BytecodeGenerator.h:1257:20 (jsc+0x3d6969)
    #15 JSC::BytecodeGenerator::emitNewFunctionExpressionCommon(JSC::RegisterID*, JSC::FunctionMetadataNode*) /root/WebKit/Source/JavaScriptCore/bytecompiler/BytecodeGenerator.cpp:3597:51 (jsc+0x3e7d71)
    #16 JSC::BytecodeGenerator::emitNewArrowFunctionExpression(JSC::RegisterID*, JSC::ArrowFuncExprNode*) /root/WebKit/Source/JavaScriptCore/bytecompiler/BytecodeGenerator.cpp:3628:5 (jsc+0x4664cc)
    #17 JSC::ArrowFuncExprNode::emitBytecode(JSC::BytecodeGenerator&, JSC::RegisterID*) /root/WebKit/Source/JavaScriptCore/bytecompiler/NodesCodegen.cpp:5824:22 (jsc+0x4664cc)
    #18 JSC::BytecodeGenerator::emitNodeInTailPosition(JSC::RegisterID*, JSC::ExpressionNode*) /root/WebKit/Source/JavaScriptCore/bytecompiler/BytecodeGenerator.h:569:23 (jsc+0x3ddb4f)
    #19 JSC::BytecodeGenerator::emitNode(JSC::RegisterID*, JSC::ExpressionNode*) /root/WebKit/Source/JavaScriptCore/bytecompiler/BytecodeGenerator.h:539:20 (jsc+0x3ddb4f)
    #20 JSC::ArgumentListNode::emitBytecode(JSC::BytecodeGenerator&, JSC::RegisterID*) /root/WebKit/Source/JavaScriptCore/bytecompiler/NodesCodegen.cpp:1225:22 (jsc+0x41ffe3)
    #21 JSC::BytecodeGenerator::emitNodeInTailPosition(JSC::RegisterID*, JSC::ExpressionNode*) /root/WebKit/Source/JavaScriptCore/bytecompiler/BytecodeGenerator.h:569:23 (jsc+0x3ddb4f)
    #22 JSC::BytecodeGenerator::emitNode(JSC::RegisterID*, JSC::ExpressionNode*) /root/WebKit/Source/JavaScriptCore/bytecompiler/BytecodeGenerator.h:539:20 (jsc+0x3ddb4f)
    #23 JSC::RegisterID* JSC::BytecodeGenerator::emitConstructImpl<JSC::OpConstruct>(JSC::RegisterID*, JSC::RegisterID*, JSC::RegisterID*, JSC::ExpectedFunction, JSC::CallArguments&, JSC::JSTextPosition const&, JSC::JSTextPosition const&, JSC::JSTextPosition const&, bool) /root/WebKit/Source/JavaScriptCore/bytecompiler/BytecodeGenerator.cpp:4072:13 (jsc+0x3f5e88)
    #24 JSC::BytecodeGenerator::emitConstruct(JSC::RegisterID*, JSC::RegisterID*, JSC::RegisterID*, JSC::ExpectedFunction, JSC::CallArguments&, JSC::JSTextPosition const&, JSC::JSTextPosition const&, JSC::JSTextPosition const&) /root/WebKit/Source/JavaScriptCore/bytecompiler/BytecodeGenerator.cpp:4097:12 (jsc+0x42032e)
    #25 JSC::NewExprNode::emitBytecode(JSC::BytecodeGenerator&, JSC::RegisterID*) /root/WebKit/Source/JavaScriptCore/bytecompiler/NodesCodegen.cpp:1244:22 (jsc+0x42032e)
    #26 JSC::BytecodeGenerator::emitNodeInTailPosition(JSC::RegisterID*, JSC::ExpressionNode*) /root/WebKit/Source/JavaScriptCore/bytecompiler/BytecodeGenerator.h:569:23 (jsc+0x3ddb4f)
    #27 JSC::BytecodeGenerator::emitNode(JSC::RegisterID*, JSC::ExpressionNode*) /root/WebKit/Source/JavaScriptCore/bytecompiler/BytecodeGenerator.h:539:20 (jsc+0x3ddb4f)
    #28 JSC::ArgumentListNode::emitBytecode(JSC::BytecodeGenerator&, JSC::RegisterID*) /root/WebKit/Source/JavaScriptCore/bytecompiler/NodesCodegen.cpp:1225:22 (jsc+0x41ffe3)
    #29 JSC::BytecodeGenerator::emitNodeInTailPosition(JSC::RegisterID*, JSC::ExpressionNode*) /root/WebKit/Source/JavaScriptCore/bytecompiler/BytecodeGenerator.h:569:23 (jsc+0x3ddb4f)
    #30 JSC::BytecodeGenerator::emitNode(JSC::RegisterID*, JSC::ExpressionNode*) /root/WebKit/Source/JavaScriptCore/bytecompiler/BytecodeGenerator.h:539:20 (jsc+0x3ddb4f)
    #31 JSC::RegisterID* JSC::BytecodeGenerator::emitCall<JSC::OpCallIgnoreResult>(JSC::RegisterID*, JSC::RegisterID*, JSC::ExpectedFunction, JSC::CallArguments&, JSC::JSTextPosition const&, JSC::JSTextPosition const&, JSC::JSTextPosition const&, JSC::DebuggableCall) /root/WebKit/Source/JavaScriptCore/bytecompiler/BytecodeGenerator.cpp:3855:13 (jsc+0x3f2502)
    #32 JSC::BytecodeGenerator::emitCallInTailPosition(JSC::RegisterID*, JSC::RegisterID*, JSC::ExpectedFunction, JSC::CallArguments&, JSC::JSTextPosition const&, JSC::JSTextPosition const&, JSC::JSTextPosition const&, JSC::DebuggableCall) /root/WebKit/Source/JavaScriptCore/bytecompiler/BytecodeGenerator.cpp:3744:16 (jsc+0x435848)
    #33 JSC::FunctionCallDotNode::emitBytecode(JSC::BytecodeGenerator&, JSC::RegisterID*) /root/WebKit/Source/JavaScriptCore/bytecompiler/NodesCodegen.cpp:2560:33 (jsc+0x435848)
    #34 JSC::BytecodeGenerator::emitNodeInTailPosition(JSC::RegisterID*, JSC::ExpressionNode*) /root/WebKit/Source/JavaScriptCore/bytecompiler/BytecodeGenerator.h:569:23 (jsc+0x4538af)
    #35 JSC::BytecodeGenerator::emitNodeInTailPositionFromExprStatementNode(JSC::RegisterID*, JSC::ExpressionNode*) /root/WebKit/Source/JavaScriptCore/bytecompiler/BytecodeGenerator.h:551:20 (jsc+0x4538af)
    #36 JSC::ExprStatementNode::emitBytecode(JSC::BytecodeGenerator&, JSC::RegisterID*) /root/WebKit/Source/JavaScriptCore/bytecompiler/NodesCodegen.cpp:4482:15 (jsc+0x4538af)
    #37 JSC::BytecodeGenerator::emitNodeInTailPosition(JSC::RegisterID*, JSC::StatementNode*) /root/WebKit/Source/JavaScriptCore/bytecompiler/BytecodeGenerator.h:512:16 (jsc+0x4cf84d)
    #38 JSC::ForNode::emitBytecode(JSC::BytecodeGenerator&, JSC::RegisterID*)::$_0::operator()(JSC::BytecodeGenerator&) const /root/WebKit/Source/JavaScriptCore/bytecompiler/NodesCodegen.cpp:4689:23 (jsc+0x4cf84d)
    #39 WTF::ScopedLambdaFunctor<void (JSC::BytecodeGenerator&), JSC::ForNode::emitBytecode(JSC::BytecodeGenerator&, JSC::RegisterID*)::$_0>::implFunction(void*, JSC::BytecodeGenerator&) /root/WebKit/WebKitBuild/TSan/WTF/Headers/wtf/ScopedLambda.h:106:16 (jsc+0x4cf84d)
    #40 void WTF::ScopedLambda<void (JSC::BytecodeGenerator&)>::operator()<JSC::BytecodeGenerator&>(JSC::BytecodeGenerator&) const /root/WebKit/WebKitBuild/TSan/WTF/Headers/wtf/ScopedLambda.h:58:16 (jsc+0x456ac8)
    #41 JSC::BytecodeGenerator::emitBodyWithUsingIfNeeded(unsigned int, bool, WTF::ScopedLambda<void (JSC::BytecodeGenerator&)> const&) /root/WebKit/Source/JavaScriptCore/bytecompiler/BytecodeGenerator.cpp:4962:9 (jsc+0x456ac8)
    #42 JSC::ForNode::emitBytecode(JSC::BytecodeGenerator&, JSC::RegisterID*) /root/WebKit/Source/JavaScriptCore/bytecompiler/NodesCodegen.cpp:4671:15 (jsc+0x456ac8)
    #43 JSC::BytecodeGenerator::emitNodeInTailPosition(JSC::RegisterID*, JSC::StatementNode*) /root/WebKit/Source/JavaScriptCore/bytecompiler/BytecodeGenerator.h:512:16 (jsc+0x47e04d)
    #44 JSC::SourceElements::emitBytecode(JSC::BytecodeGenerator&, JSC::RegisterID*) /root/WebKit/Source/JavaScriptCore/bytecompiler/NodesCodegen.cpp (jsc+0x47e04d)
    #45 JSC::BlockNode::emitBytecode(JSC::BytecodeGenerator&, JSC::RegisterID*)::$_0::operator()(JSC::BytecodeGenerator&) const /root/WebKit/Source/JavaScriptCore/bytecompiler/NodesCodegen.cpp:4457:27 (jsc+0x45374f)
    #46 WTF::ScopedLambdaFunctor<void (JSC::BytecodeGenerator&), JSC::BlockNode::emitBytecode(JSC::BytecodeGenerator&, JSC::RegisterID*)::$_0>::implFunction(void*, JSC::BytecodeGenerator&) /root/WebKit/WebKitBuild/TSan/WTF/Headers/wtf/ScopedLambda.h:106:16 (jsc+0x45374f)
    #47 void WTF::ScopedLambda<void (JSC::BytecodeGenerator&)>::operator()<JSC::BytecodeGenerator&>(JSC::BytecodeGenerator&) const /root/WebKit/WebKitBuild/TSan/WTF/Headers/wtf/ScopedLambda.h:58:16 (jsc+0x45374f)
    #48 JSC::BytecodeGenerator::emitBodyWithUsingIfNeeded(unsigned int, bool, WTF::ScopedLambda<void (JSC::BytecodeGenerator&)> const&) /root/WebKit/Source/JavaScriptCore/bytecompiler/BytecodeGenerator.cpp:4962:9 (jsc+0x45374f)
    #49 JSC::BlockNode::emitBytecode(JSC::BytecodeGenerator&, JSC::RegisterID*) /root/WebKit/Source/JavaScriptCore/bytecompiler/NodesCodegen.cpp:4455:15 (jsc+0x45374f)
    #50 JSC::BytecodeGenerator::emitNodeInTailPosition(JSC::RegisterID*, JSC::StatementNode*) /root/WebKit/Source/JavaScriptCore/bytecompiler/BytecodeGenerator.h:512:16 (jsc+0x47e04d)
    #51 JSC::SourceElements::emitBytecode(JSC::BytecodeGenerator&, JSC::RegisterID*) /root/WebKit/Source/JavaScriptCore/bytecompiler/NodesCodegen.cpp (jsc+0x47e04d)
    #52 JSC::ScopeNode::emitStatementsBytecode(JSC::BytecodeGenerator&, JSC::RegisterID*) /root/WebKit/Source/JavaScriptCore/bytecompiler/NodesCodegen.cpp:5419:19 (jsc+0x461aa8)
    #53 JSC::FunctionNode::emitBytecode(JSC::BytecodeGenerator&, JSC::RegisterID*)::$_2::operator()(JSC::BytecodeGenerator&) const /root/WebKit/Source/JavaScriptCore/bytecompiler/NodesCodegen.cpp:5772:17 (jsc+0x461aa8)
    #54 WTF::ScopedLambdaFunctor<void (JSC::BytecodeGenerator&), JSC::FunctionNode::emitBytecode(JSC::BytecodeGenerator&, JSC::RegisterID*)::$_2>::implFunction(void*, JSC::BytecodeGenerator&) /root/WebKit/WebKitBuild/TSan/WTF/Headers/wtf/ScopedLambda.h:106:16 (jsc+0x461aa8)
    #55 void WTF::ScopedLambda<void (JSC::BytecodeGenerator&)>::operator()<JSC::BytecodeGenerator&>(JSC::BytecodeGenerator&) const /root/WebKit/WebKitBuild/TSan/WTF/Headers/wtf/ScopedLambda.h:58:16 (jsc+0x461aa8)
    #56 JSC::BytecodeGenerator::emitBodyWithUsingIfNeeded(unsigned int, bool, WTF::ScopedLambda<void (JSC::BytecodeGenerator&)> const&) /root/WebKit/Source/JavaScriptCore/bytecompiler/BytecodeGenerator.cpp:4962:9 (jsc+0x461aa8)
    #57 JSC::FunctionNode::emitBytecode(JSC::BytecodeGenerator&, JSC::RegisterID*) /root/WebKit/Source/JavaScriptCore/bytecompiler/NodesCodegen.cpp:5770:19 (jsc+0x461aa8)
    #58 JSC::BytecodeGenerator::generate(unsigned int&) /root/WebKit/Source/JavaScriptCore/bytecompiler/BytecodeGenerator.cpp:325:22 (jsc+0x3c78f8)
    #59 JSC::ParserError JSC::BytecodeGenerator::generate<JSC::FunctionNode, JSC::UnlinkedFunctionCodeBlock>(JSC::VM&, JSC::FunctionNode*, JSC::SourceCode const&, JSC::UnlinkedFunctionCodeBlock*, WTF::OptionSet<JSC::CodeGenerationMode, (WTF::ConcurrencyTag)0>, WTF::RefPtr<JSC::TDZEnvironmentLink, WTF::RawPtrTraits<JSC::TDZEnvironmentLink>, WTF::DefaultRefDerefTraits<JSC::TDZEnvironmentLink>> const&, WTF::FixedVector<JSC::Identifier, WTF::FastMalloc> const*, WTF::HashMap<WTF::RefPtr<WTF::UniquedStringImpl, WTF::PackedPtrTraits<WTF::UniquedStringImpl>, WTF::DefaultRefDerefTraits<WTF::UniquedStringImpl>>, JSC::PrivateNameEntry, JSC::IdentifierRepHash, WTF::HashTraits<WTF::RefPtr<WTF::UniquedStringImpl, WTF::RawPtrTraits<WTF::UniquedStringImpl>, WTF::DefaultRefDerefTraits<WTF::UniquedStringImpl>>>, JSC::PrivateNameEntryHashTraits, WTF::HashTableTraits, (WTF::ShouldValidateKey)0, WTF::FastMalloc> const*) /root/WebKit/Source/JavaScriptCore/bytecompiler/BytecodeGenerator.h:407:46 (jsc+0x3bff90)
    #60 JSC::generateUnlinkedFunctionCodeBlock(JSC::VM&, JSC::UnlinkedFunctionExecutable*, JSC::SourceCode const&, JSC::CodeSpecializationKind, WTF::OptionSet<JSC::CodeGenerationMode, (WTF::ConcurrencyTag)0>, JSC::UnlinkedFunctionKind, JSC::ParserError&, JSC::SourceParseMode) /root/WebKit/Source/JavaScriptCore/bytecode/UnlinkedFunctionExecutable.cpp:166:13 (jsc+0x3bda19)
    #61 JSC::UnlinkedFunctionExecutable::unlinkedCodeBlockFor(JSC::VM&, JSC::SourceCode const&, JSC::CodeSpecializationKind, WTF::OptionSet<JSC::CodeGenerationMode, (WTF::ConcurrencyTag)0>, JSC::ParserError&, JSC::SourceParseMode) /root/WebKit/Source/JavaScriptCore/bytecode/UnlinkedFunctionExecutable.cpp:354:41 (jsc+0x3bda19)
    #62 JSC::ScriptExecutable::newCodeBlockFor(JSC::CodeSpecializationKind, JSC::JSFunction*, JSC::JSScope*) /root/WebKit/Source/JavaScriptCore/runtime/ScriptExecutable.cpp:488:43 (jsc+0x1880b58)
    #63 JSC::ScriptExecutable::prepareForExecutionImpl(JSC::VM&, JSC::JSFunction*, JSC::JSScope*, JSC::CodeSpecializationKind, JSC::CodeBlock*&) /root/WebKit/Source/JavaScriptCore/runtime/ScriptExecutable.cpp:606:28 (jsc+0x1881524)
    #64 void JSC::ScriptExecutable::prepareForExecution<JSC::FunctionExecutable>(JSC::VM&, JSC::JSFunction*, JSC::JSScope*, JSC::CodeSpecializationKind, JSC::CodeBlock*&) /root/WebKit/Source/JavaScriptCore/bytecode/CodeBlock.h:1140:5 (jsc+0xe7bfb9)
    #65 JSC::Interpreter::executeCallImpl(JSC::VM&, JSC::JSObject*, JSC::CallData const&, JSC::JSValue, JSC::JSCell*, JSC::ArgList const&) /root/WebKit/Source/JavaScriptCore/interpreter/Interpreter.cpp:1299:33 (jsc+0xe7bfb9)
    #66 JSC::Interpreter::executeCall(JSC::JSObject*, JSC::CallData const&, JSC::JSValue, JSC::JSCell*, JSC::ArgList const&) /root/WebKit/Source/JavaScriptCore/interpreter/Interpreter.cpp (jsc+0xe7c34d)
    #67 JSC::call(JSC::JSGlobalObject*, JSC::JSValue, JSC::CallData const&, JSC::JSValue, JSC::ArgList const&) /root/WebKit/Source/JavaScriptCore/runtime/CallData.cpp:70:27 (jsc+0x134e071)
    #68 JSC::call(JSC::JSGlobalObject*, JSC::JSValue, JSC::CallData const&, JSC::JSValue, JSC::ArgList const&, WTF::NakedPtr<JSC::Exception>&) /root/WebKit/Source/JavaScriptCore/runtime/CallData.cpp:77:22 (jsc+0x134e071)
    #69 JSC::threadMain(JSC::VM&, WTF::Ref<JSC::ThreadState, WTF::RawPtrTraits<JSC::ThreadState>, WTF::DefaultRefDerefTraits<JSC::ThreadState>>) /root/WebKit/Source/JavaScriptCore/runtime/ThreadObject.cpp:241:30 (jsc+0x1986a1c)
    #70 JSC::constructThread(JSC::JSGlobalObject*, JSC::CallFrame*)::$_0::operator()() /root/WebKit/Source/JavaScriptCore/runtime/ThreadObject.cpp:468:9 (jsc+0x1986a1c)
    #71 WTF::Detail::CallableWrapper<JSC::constructThread(JSC::JSGlobalObject*, JSC::CallFrame*)::$_0, void>::call() /root/WebKit/WebKitBuild/TSan/WTF/Headers/wtf/Function.h:59:39 (jsc+0x1986a1c)
    #72 WTF::Function<void ()>::operator()() const /root/WebKit/Source/WTF/wtf/Function.h:103:35 (jsc+0x2595895)
    #73 WTF::Thread::entryPoint(WTF::Thread::NewThreadContext*) /root/WebKit/Source/WTF/wtf/Threading.cpp:312:5 (jsc+0x2595895)
    #74 WTF::wtfThreadEntryPoint(void*) /root/WebKit/Source/WTF/wtf/posix/ThreadingPOSIX.cpp:264:5 (jsc+0x25f2249)

  Thread T16 'JS Thread' (tid=1869686, running) created by thread T15 at:
    #0 pthread_create /home/runner/work/llvm-project/llvm-project/compiler-rt/lib/tsan/rtl/tsan_interceptors_posix.cpp:1090:3 (jsc+0x13ff1a)
    #1 WTF::Thread::establishHandle(WTF::Thread::NewThreadContext&, WTF::StackAllocationSpecification, WTF::ThreadQOS, WTF::ThreadSchedulingPolicy) /root/WebKit/Source/WTF/wtf/posix/ThreadingPOSIX.cpp:354:17 (jsc+0x25f2135)
    #2 WTF::Thread::create(WTF::ASCIILiteral, WTF::Function<void ()>&&, WTF::ThreadType, WTF::ThreadQOS, WTF::ThreadSchedulingPolicy, WTF::StackAllocationSpecification) /root/WebKit/Source/WTF/wtf/Threading.cpp:330:32 (jsc+0x2595bd3)
    #3 JSC::constructThread(JSC::JSGlobalObject*, JSC::CallFrame*) /root/WebKit/Source/JavaScriptCore/runtime/ThreadObject.cpp:467:5 (jsc+0x197ed9f)
    #4 <null> <null> (0x7f93037ff217)
    #5 JSC::Interpreter::executeCall(JSC::JSObject*, JSC::CallData const&, JSC::JSValue, JSC::JSCell*, JSC::ArgList const&) /root/WebKit/Source/JavaScriptCore/interpreter/Interpreter.cpp (jsc+0xe7c34d)
    #6 JSC::call(JSC::JSGlobalObject*, JSC::JSValue, JSC::CallData const&, JSC::JSValue, JSC::ArgList const&) /root/WebKit/Source/JavaScriptCore/runtime/CallData.cpp:70:27 (jsc+0x134e071)
    #7 JSC::call(JSC::JSGlobalObject*, JSC::JSValue, JSC::CallData const&, JSC::JSValue, JSC::ArgList const&, WTF::NakedPtr<JSC::Exception>&) /root/WebKit/Source/JavaScriptCore/runtime/CallData.cpp:77:22 (jsc+0x134e071)
    #8 JSC::threadMain(JSC::VM&, WTF::Ref<JSC::ThreadState, WTF::RawPtrTraits<JSC::ThreadState>, WTF::DefaultRefDerefTraits<JSC::ThreadState>>) /root/WebKit/Source/JavaScriptCore/runtime/ThreadObject.cpp:241:30 (jsc+0x1986a1c)
    #9 JSC::constructThread(JSC::JSGlobalObject*, JSC::CallFrame*)::$_0::operator()() /root/WebKit/Source/JavaScriptCore/runtime/ThreadObject.cpp:468:9 (jsc+0x1986a1c)
    #10 WTF::Detail::CallableWrapper<JSC::constructThread(JSC::JSGlobalObject*, JSC::CallFrame*)::$_0, void>::call() /root/WebKit/WebKitBuild/TSan/WTF/Headers/wtf/Function.h:59:39 (jsc+0x1986a1c)
    #11 WTF::Function<void ()>::operator()() const /root/WebKit/Source/WTF/wtf/Function.h:103:35 (jsc+0x2595895)
    #12 WTF::Thread::entryPoint(WTF::Thread::NewThreadContext*) /root/WebKit/Source/WTF/wtf/Threading.cpp:312:5 (jsc+0x2595895)
    #13 WTF::wtfThreadEntryPoint(void*) /root/WebKit/Source/WTF/wtf/posix/ThreadingPOSIX.cpp:264:5 (jsc+0x25f2249)

  Thread T15 'JS Thread' (tid=1869685, running) created by main thread at:
    #0 pthread_create /home/runner/work/llvm-project/llvm-project/compiler-rt/lib/tsan/rtl/tsan_interceptors_posix.cpp:1090:3 (jsc+0x13ff1a)
    #1 WTF::Thread::establishHandle(WTF::Thread::NewThreadContext&, WTF::StackAllocationSpecification, WTF::ThreadQOS, WTF::ThreadSchedulingPolicy) /root/WebKit/Source/WTF/wtf/posix/ThreadingPOSIX.cpp:354:17 (jsc+0x25f2135)
    #2 WTF::Thread::create(WTF::ASCIILiteral, WTF::Function<void ()>&&, WTF::ThreadType, WTF::ThreadQOS, WTF::ThreadSchedulingPolicy, WTF::StackAllocationSpecification) /root/WebKit/Source/WTF/wtf/Threading.cpp:330:32 (jsc+0x2595bd3)
    #3 JSC::constructThread(JSC::JSGlobalObject*, JSC::CallFrame*) /root/WebKit/Source/JavaScriptCore/runtime/ThreadObject.cpp:467:5 (jsc+0x197ed9f)
    #4 <null> <null> (0x7f93037ff217)
    #5 JSC::evaluate(JSC::JSGlobalObject*, JSC::SourceCode const&, JSC::JSValue, WTF::NakedPtr<JSC::Exception>&) /root/WebKit/Source/JavaScriptCore/runtime/Completion.cpp:145:37 (jsc+0x13b02a5)
    #6 runWithOptions(GlobalObject*, CommandLine&, bool&) /root/WebKit/Source/JavaScriptCore/jsc.cpp:3957:35 (jsc+0x1caf15)
    #7 jscmain(int, char**)::$_0::operator()(JSC::VM&, GlobalObject*, bool&) const /root/WebKit/Source/JavaScriptCore/jsc.cpp:4686:13 (jsc+0x1caf15)
    #8 int runJSC<jscmain(int, char**)::$_0>(CommandLine const&, bool, jscmain(int, char**)::$_0 const&) /root/WebKit/Source/JavaScriptCore/jsc.cpp:4472:13 (jsc+0x1caf15)
    #9 jscmain(int, char**) /root/WebKit/Source/JavaScriptCore/jsc.cpp:4679:18 (jsc+0x1caf15)
    #10 main /root/WebKit/Source/JavaScriptCore/jsc.cpp:3715:15 (jsc+0x1c9793)

SUMMARY: ThreadSanitizer: data race /root/WebKit/Source/JavaScriptCore/bytecode/UnlinkedFunctionExecutable.h:150:107 in JSC::UnlinkedFunctionExecutable::privateBrandRequirement() const
==================
ThreadSanitizer: reported 1 warnings
