JSC: disabling useWasm under GIL-off (wasm glue still reads the raw VM-block exception word; not yet audited for UNGIL §A.1.3 COMPILED-FOR-VM; see AB-17 status block in VMEntryScope.cpp).
==================
WARNING: ThreadSanitizer: data race (pid=1870839)
  Read of size 8 at 0x722800000068 by main thread:
    #0 WTF::MetaAllocator::bytesAllocated() /root/WebKit/WebKitBuild/TSan/WTF/Headers/wtf/MetaAllocator.h:88:38 (jsc+0xeab662)
    #1 JSC::FixedVMPoolExecutableAllocator::bytesAllocated()::'lambda'(JSC::FixedVMPoolExecutableAllocator::Allocator&)::operator()(JSC::FixedVMPoolExecutableAllocator::Allocator&) const /root/WebKit/Source/JavaScriptCore/jit/ExecutableAllocator.cpp:624:33 (jsc+0xeab662)
    #2 void JSC::FixedVMPoolExecutableAllocator::forEachAllocator<JSC::FixedVMPoolExecutableAllocator::bytesAllocated()::'lambda'(JSC::FixedVMPoolExecutableAllocator::Allocator&)>(JSC::FixedVMPoolExecutableAllocator::bytesAllocated()::'lambda'(JSC::FixedVMPoolExecutableAllocator::Allocator&)) /root/WebKit/Source/JavaScriptCore/jit/ExecutableAllocator.cpp:1098:9 (jsc+0xeab662)
    #3 JSC::FixedVMPoolExecutableAllocator::bytesAllocated() /root/WebKit/Source/JavaScriptCore/jit/ExecutableAllocator.cpp:623:9 (jsc+0xeab662)
    #4 JSC::ExecutableAllocator::memoryPressureMultiplier(unsigned long) /root/WebKit/Source/JavaScriptCore/jit/ExecutableAllocator.cpp:1170:40 (jsc+0xeab662)
    #5 JSC::applyMemoryUsageHeuristics(int, JSC::CodeBlock*) /root/WebKit/Source/JavaScriptCore/bytecode/ExecutionCounter.cpp:86:13 (jsc+0x2b7a7d)
    #6 JSC::ExecutionCounter<(JSC::CountingVariant)0>::hasCrossedThreshold(JSC::CodeBlock*) const /root/WebKit/Source/JavaScriptCore/bytecode/ExecutionCounter.cpp:154:32 (jsc+0x2b7a7d)
    #7 JSC::ExecutionCounter<(JSC::CountingVariant)0>::checkIfThresholdCrossedAndSet(JSC::CodeBlock*) /root/WebKit/Source/JavaScriptCore/bytecode/ExecutionCounter.cpp:53:9 (jsc+0x2b7a03)
    #8 JSC::CodeBlock::checkIfJITThresholdReached() /root/WebKit/Source/JavaScriptCore/bytecode/CodeBlock.h:614:54 (jsc+0x106cfab)
    #9 JSC::LLInt::jitCompileAndSetHeuristics(JSC::VM&, JSC::CodeBlock*) /root/WebKit/Source/JavaScriptCore/llint/LLIntSlowPaths.cpp:463:21 (jsc+0x106cfab)
    #10 JSC::LLInt::entryOSR(JSC::CodeBlock*, char const*, JSC::LLInt::EntryKind) /root/WebKit/Source/JavaScriptCore/llint/LLIntSlowPaths.cpp:519:10 (jsc+0x106c552)
    #11 llint_entry_osr_function_for_call /root/WebKit/Source/JavaScriptCore/llint/LLIntSlowPaths.cpp:546:12 (jsc+0x106c7ad)
    #12 llint_function_for_call_prologue LowLevelInterpreter.cpp (jsc+0x1de669e)
    #13 JSC::evaluate(JSC::JSGlobalObject*, JSC::SourceCode const&, JSC::JSValue, WTF::NakedPtr<JSC::Exception>&) /root/WebKit/Source/JavaScriptCore/runtime/Completion.cpp:145:37 (jsc+0x13b02a5)
    #14 runWithOptions(GlobalObject*, CommandLine&, bool&) /root/WebKit/Source/JavaScriptCore/jsc.cpp:3957:35 (jsc+0x1caf15)
    #15 jscmain(int, char**)::$_0::operator()(JSC::VM&, GlobalObject*, bool&) const /root/WebKit/Source/JavaScriptCore/jsc.cpp:4686:13 (jsc+0x1caf15)
    #16 int runJSC<jscmain(int, char**)::$_0>(CommandLine const&, bool, jscmain(int, char**)::$_0 const&) /root/WebKit/Source/JavaScriptCore/jsc.cpp:4472:13 (jsc+0x1caf15)
    #17 jscmain(int, char**) /root/WebKit/Source/JavaScriptCore/jsc.cpp:4679:18 (jsc+0x1caf15)
    #18 main /root/WebKit/Source/JavaScriptCore/jsc.cpp:3715:15 (jsc+0x1c9793)

  Previous write of size 8 at 0x722800000068 by thread T1:
    #0 WTF::MetaAllocator::allocate(WTF::Locker<WTF::Lock> const&, unsigned long) /root/WebKit/Source/WTF/wtf/MetaAllocator.cpp:193:22 (jsc+0x2581f4d)
    #1 WTF::MetaAllocator::allocate(unsigned long) /root/WebKit/WebKitBuild/TSan/WTF/Headers/wtf/MetaAllocator.h:78:16 (jsc+0xeabe61)
    #2 JSC::FixedVMPoolExecutableAllocator::allocate(unsigned long) /root/WebKit/Source/JavaScriptCore/jit/ExecutableAllocator.cpp:603:28 (jsc+0xeabe61)
    #3 JSC::ExecutableAllocator::allocate(unsigned long, JSC::JITCompilationEffort) /root/WebKit/Source/JavaScriptCore/jit/ExecutableAllocator.cpp:1215:56 (jsc+0xeab962)
    #4 JSC::LinkBuffer::allocate(JSC::MacroAssembler&, JSC::JITCompilationEffort) /root/WebKit/Source/JavaScriptCore/assembler/LinkBuffer.cpp:529:59 (jsc+0x26fb17)
    #5 JSC::LinkBuffer::linkCode(JSC::MacroAssembler&, JSC::JITCompilationEffort) /root/WebKit/Source/JavaScriptCore/assembler/LinkBuffer.cpp:482:5 (jsc+0x26f580)
    #6 JSC::LinkBuffer::LinkBuffer(JSC::MacroAssembler&, void*, JSC::LinkBuffer::Profile, JSC::JITCompilationEffort) /root/WebKit/Source/JavaScriptCore/assembler/LinkBuffer.h:172:9 (jsc+0x10448df)
    #7 JSC::JITSlowPathCall::generateThunk(JSC::VM&, JSC::UGPRPair (*)(JSC::CallFrame*, JSC::BaseInstruction<JSC::JSOpcodeTraits> const*)) /root/WebKit/Source/JavaScriptCore/jit/SlowPathCall.cpp:79:16 (jsc+0x10448df)
    #8 JSC::JITThunks::ctiSlowPathFunctionStub(JSC::VM&, JSC::UGPRPair (*)(JSC::CallFrame*, JSC::BaseInstruction<JSC::JSOpcodeTraits> const*))::$_0::operator()() const /root/WebKit/Source/JavaScriptCore/jit/JITThunks.cpp:209:16 (jsc+0x1030937)
    #9 JSC::MacroAssemblerCodeRef<(WTF::PtrTag)26129> JSC::JITThunks::ctiStubImpl<JSC::JITThunks::ctiSlowPathFunctionStub(JSC::VM&, JSC::UGPRPair (*)(JSC::CallFrame*, JSC::BaseInstruction<JSC::JSOpcodeTraits> const*))::$_0>(JSC::MacroAssemblerCodeRef<(WTF::PtrTag)26129> (*)(JSC::VM&), JSC::JITThunks::ctiSlowPathFunctionStub(JSC::VM&, JSC::UGPRPair (*)(JSC::CallFrame*, JSC::BaseInstruction<JSC::JSOpcodeTraits> const*))::$_0) /root/WebKit/Source/JavaScriptCore/jit/JITThunks.cpp:183:53 (jsc+0x1030937)
    #10 JSC::JITThunks::ctiSlowPathFunctionStub(JSC::VM&, JSC::UGPRPair (*)(JSC::CallFrame*, JSC::BaseInstruction<JSC::JSOpcodeTraits> const*)) /root/WebKit/Source/JavaScriptCore/jit/JITThunks.cpp:208:12 (jsc+0x1030937)
    #11 JSC::JITSlowPathCall::call() /root/WebKit/Source/JavaScriptCore/jit/SlowPathCall.cpp:50:59 (jsc+0x10441ca)
    #12 JSC::JIT::privateCompileSlowCases() /root/WebKit/Source/JavaScriptCore/jit/SlowPathCall.h (jsc+0xebff0b)
    #13 JSC::JIT::compileAndLinkWithoutFinalizing(JSC::JITCompilationEffort) /root/WebKit/Source/JavaScriptCore/jit/JIT.cpp:815:5 (jsc+0xec22b9)
    #14 JSC::BaselineJITPlan::compileInThreadImpl(JSC::JITCompilationEffort) /root/WebKit/Source/JavaScriptCore/jit/BaselineJITPlan.cpp:67:32 (jsc+0xe9d738)
    #15 JSC::BaselineJITPlan::compileInThreadImpl() /root/WebKit/Source/JavaScriptCore/jit/BaselineJITPlan.cpp:78:12 (jsc+0xe9d8db)
    #16 JSC::JITPlan::compileInThread(JSC::JITWorklistThread*) /root/WebKit/Source/JavaScriptCore/jit/JITPlan.cpp:283:28 (jsc+0xfce44d)
    #17 JSC::JITWorklistThread::work() /root/WebKit/Source/JavaScriptCore/jit/JITWorklistThread.cpp:145:13 (jsc+0x1038bcb)
    #18 WTF::AutomaticThread::start(WTF::AbstractLocker const&)::$_0::operator()() const /root/WebKit/Source/WTF/wtf/AutomaticThread.cpp:260:37 (jsc+0x256a50c)
    #19 WTF::Detail::CallableWrapper<WTF::AutomaticThread::start(WTF::AbstractLocker const&)::$_0, void>::call() /root/WebKit/Source/WTF/wtf/Function.h:59:39 (jsc+0x256a50c)
    #20 WTF::Function<void ()>::operator()() const /root/WebKit/Source/WTF/wtf/Function.h:103:35 (jsc+0x2595895)
    #21 WTF::Thread::entryPoint(WTF::Thread::NewThreadContext*) /root/WebKit/Source/WTF/wtf/Threading.cpp:312:5 (jsc+0x2595895)
    #22 WTF::wtfThreadEntryPoint(void*) /root/WebKit/Source/WTF/wtf/posix/ThreadingPOSIX.cpp:264:5 (jsc+0x25f2249)

  Location is heap block of size 160 at 0x722800000000 allocated by main thread:
    #0 malloc /home/runner/work/llvm-project/llvm-project/compiler-rt/lib/tsan/rtl/tsan_interceptors_posix.cpp:682:5 (jsc+0x13dc20)
    #1 bmalloc::api::malloc(unsigned long, bmalloc::CompactAllocationMode, bmalloc::HeapKind) /root/WebKit/WebKitBuild/TSan/bmalloc/Headers/bmalloc/bmalloc.h:96:20 (jsc+0x25786a9)
    #2 WTF::fastMalloc(unsigned long) /root/WebKit/Source/WTF/wtf/FastMalloc.cpp:337:20 (jsc+0x25786a9)
    #3 JSC::FixedVMPoolExecutableAllocator::operator new(unsigned long) /root/WebKit/Source/JavaScriptCore/jit/ExecutableAllocator.cpp:463:5 (jsc+0xeab48b)
    #4 JSC::ExecutableAllocator::initializeUnderlyingAllocator() /root/WebKit/Source/JavaScriptCore/jit/ExecutableAllocator.cpp:1144:50 (jsc+0xeab48b)
    #5 JSC::enableAssembler() /root/WebKit/Source/JavaScriptCore/runtime/VM.cpp:316:5 (jsc+0x19cc43c)
    #6 JSC::VM::canUseAssembler()::$_0::operator()() const /root/WebKit/Source/JavaScriptCore/runtime/VM.cpp:333:19 (jsc+0x19cc43c)
    #7 void std::__invoke_impl<void, JSC::VM::canUseAssembler()::$_0>(std::__invoke_other, JSC::VM::canUseAssembler()::$_0&&) /usr/lib/gcc/x86_64-amazon-linux/14/../../../../include/c++/14/bits/invoke.h:61:14 (jsc+0x19cc43c)
    #8 std::__invoke_result<JSC::VM::canUseAssembler()::$_0>::type std::__invoke<JSC::VM::canUseAssembler()::$_0>(JSC::VM::canUseAssembler()::$_0&&) /usr/lib/gcc/x86_64-amazon-linux/14/../../../../include/c++/14/bits/invoke.h:96:14 (jsc+0x19cc43c)
    #9 void std::call_once<JSC::VM::canUseAssembler()::$_0>(std::once_flag&, JSC::VM::canUseAssembler()::$_0&&)::'lambda'()::operator()() const /usr/lib/gcc/x86_64-amazon-linux/14/../../../../include/c++/14/mutex:909:4 (jsc+0x19cc43c)
    #10 std::once_flag::_Prepare_execution::_Prepare_execution<void std::call_once<JSC::VM::canUseAssembler()::$_0>(std::once_flag&, JSC::VM::canUseAssembler()::$_0&&)::'lambda'()>(JSC::VM::canUseAssembler()::$_0&)::'lambda'()::operator()() const /usr/lib/gcc/x86_64-amazon-linux/14/../../../../include/c++/14/mutex:845:21 (jsc+0x19cc43c)
    #11 std::once_flag::_Prepare_execution::_Prepare_execution<void std::call_once<JSC::VM::canUseAssembler()::$_0>(std::once_flag&, JSC::VM::canUseAssembler()::$_0&&)::'lambda'()>(JSC::VM::canUseAssembler()::$_0&)::'lambda'()::__invoke() /usr/lib/gcc/x86_64-amazon-linux/14/../../../../include/c++/14/mutex:845:16 (jsc+0x19cc43c)
    #12 pthread_once /home/runner/work/llvm-project/llvm-project/compiler-rt/lib/tsan/rtl/tsan_interceptors_posix.cpp:1682:5 (jsc+0x143ebf)
    #13 __gthread_once(int*, void (*)()) /usr/lib/gcc/x86_64-amazon-linux/14/../../../../include/c++/14/x86_64-amazon-linux/bits/gthr-default.h:713:12 (jsc+0x19971dc)
    #14 void std::call_once<JSC::VM::canUseAssembler()::$_0>(std::once_flag&, JSC::VM::canUseAssembler()::$_0&&) /usr/lib/gcc/x86_64-amazon-linux/14/../../../../include/c++/14/mutex:916:21 (jsc+0x19971dc)
    #15 JSC::VM::canUseAssembler() /root/WebKit/Source/JavaScriptCore/runtime/VM.cpp:332:5 (jsc+0x19971dc)
    #16 JSC::VM::computeCanUseJIT() /root/WebKit/Source/JavaScriptCore/runtime/VM.cpp:348:32 (jsc+0x19971dc)
    #17 JSC::initializeWithOptionsCustomization(WTF::ScopedLambda<void ()> const&)::$_0::operator()() const /root/WebKit/Source/JavaScriptCore/runtime/InitializeThreading.cpp:102:13 (jsc+0x148d263)
    #18 void std::__invoke_impl<void, JSC::initializeWithOptionsCustomization(WTF::ScopedLambda<void ()> const&)::$_0>(std::__invoke_other, JSC::initializeWithOptionsCustomization(WTF::ScopedLambda<void ()> const&)::$_0&&) /usr/lib/gcc/x86_64-amazon-linux/14/../../../../include/c++/14/bits/invoke.h:61:14 (jsc+0x148d263)
    #19 std::__invoke_result<JSC::initializeWithOptionsCustomization(WTF::ScopedLambda<void ()> const&)::$_0>::type std::__invoke<JSC::initializeWithOptionsCustomization(WTF::ScopedLambda<void ()> const&)::$_0>(JSC::initializeWithOptionsCustomization(WTF::ScopedLambda<void ()> const&)::$_0&&) /usr/lib/gcc/x86_64-amazon-linux/14/../../../../include/c++/14/bits/invoke.h:96:14 (jsc+0x148d263)
    #20 void std::call_once<JSC::initializeWithOptionsCustomization(WTF::ScopedLambda<void ()> const&)::$_0>(std::once_flag&, JSC::initializeWithOptionsCustomization(WTF::ScopedLambda<void ()> const&)::$_0&&)::'lambda'()::operator()() const /usr/lib/gcc/x86_64-amazon-linux/14/../../../../include/c++/14/mutex:909:4 (jsc+0x148d263)
    #21 std::once_flag::_Prepare_execution::_Prepare_execution<void std::call_once<JSC::initializeWithOptionsCustomization(WTF::ScopedLambda<void ()> const&)::$_0>(std::once_flag&, JSC::initializeWithOptionsCustomization(WTF::ScopedLambda<void ()> const&)::$_0&&)::'lambda'()>(JSC::initializeWithOptionsCustomization(WTF::ScopedLambda<void ()> const&)::$_0&)::'lambda'()::operator()() const /usr/lib/gcc/x86_64-amazon-linux/14/../../../../include/c++/14/mutex:845:21 (jsc+0x148d263)
    #22 std::once_flag::_Prepare_execution::_Prepare_execution<void std::call_once<JSC::initializeWithOptionsCustomization(WTF::ScopedLambda<void ()> const&)::$_0>(std::once_flag&, JSC::initializeWithOptionsCustomization(WTF::ScopedLambda<void ()> const&)::$_0&&)::'lambda'()>(JSC::initializeWithOptionsCustomization(WTF::ScopedLambda<void ()> const&)::$_0&)::'lambda'()::__invoke() /usr/lib/gcc/x86_64-amazon-linux/14/../../../../include/c++/14/mutex:845:16 (jsc+0x148d263)
    #23 pthread_once /home/runner/work/llvm-project/llvm-project/compiler-rt/lib/tsan/rtl/tsan_interceptors_posix.cpp:1682:5 (jsc+0x143ebf)
    #24 __gthread_once(int*, void (*)()) /usr/lib/gcc/x86_64-amazon-linux/14/../../../../include/c++/14/x86_64-amazon-linux/bits/gthr-default.h:713:12 (jsc+0x14815dc)
    #25 void std::call_once<JSC::initializeWithOptionsCustomization(WTF::ScopedLambda<void ()> const&)::$_0>(std::once_flag&, JSC::initializeWithOptionsCustomization(WTF::ScopedLambda<void ()> const&)::$_0&&) /usr/lib/gcc/x86_64-amazon-linux/14/../../../../include/c++/14/mutex:916:21 (jsc+0x14815dc)
    #26 JSC::initializeWithOptionsCustomization(WTF::ScopedLambda<void ()> const&) /root/WebKit/Source/JavaScriptCore/runtime/InitializeThreading.cpp:89:5 (jsc+0x14815dc)
    #27 void JSC::initialize<JSC::initialize()::$_0>(JSC::initialize()::$_0 const&) /root/WebKit/Source/JavaScriptCore/runtime/InitializeThreading.h:42:31 (jsc+0x14815dc)
    #28 JSC::initialize() /root/WebKit/Source/JavaScriptCore/runtime/InitializeThreading.cpp:80:5 (jsc+0x14815dc)
    #29 jscmain(int, char**) /root/WebKit/Source/JavaScriptCore/jsc.cpp:4609:5 (jsc+0x1c9985)
    #30 main /root/WebKit/Source/JavaScriptCore/jsc.cpp:3715:15 (jsc+0x1c9793)

  Thread T1 'JITWorker' (tid=1870851, running) created by main thread at:
    #0 pthread_create /home/runner/work/llvm-project/llvm-project/compiler-rt/lib/tsan/rtl/tsan_interceptors_posix.cpp:1090:3 (jsc+0x13ff1a)
    #1 WTF::Thread::establishHandle(WTF::Thread::NewThreadContext&, WTF::StackAllocationSpecification, WTF::ThreadQOS, WTF::ThreadSchedulingPolicy) /root/WebKit/Source/WTF/wtf/posix/ThreadingPOSIX.cpp:354:17 (jsc+0x25f2135)
    #2 WTF::Thread::create(WTF::ASCIILiteral, WTF::Function<void ()>&&, WTF::ThreadType, WTF::ThreadQOS, WTF::ThreadSchedulingPolicy, WTF::StackAllocationSpecification) /root/WebKit/Source/WTF/wtf/Threading.cpp:330:32 (jsc+0x2595bd3)
    #3 WTF::AutomaticThread::start(WTF::AbstractLocker const&) /root/WebKit/Source/WTF/wtf/AutomaticThread.cpp:189:5 (jsc+0x2568f89)
    #4 WTF::AutomaticThreadCondition::notifyOne(WTF::AbstractLocker const&) /root/WebKit/Source/WTF/wtf/AutomaticThread.cpp:60:21 (jsc+0x2568d89)
    #5 JSC::JITWorklist::wakeThreads(WTF::AbstractLocker const&, unsigned int) /root/WebKit/Source/JavaScriptCore/jit/JITWorklist.cpp:162:25 (jsc+0x1032fe6)
    #6 JSC::JITWorklist::enqueue(WTF::Ref<JSC::JITPlan, WTF::RawPtrTraits<JSC::JITPlan>, WTF::DefaultRefDerefTraits<JSC::JITPlan>>) /root/WebKit/Source/JavaScriptCore/jit/JITWorklist.cpp:246:5 (jsc+0x103384f)
    #7 JSC::LLInt::jitCompileAndSetHeuristics(JSC::VM&, JSC::CodeBlock*) /root/WebKit/Source/JavaScriptCore/llint/LLIntSlowPaths.cpp:497:45 (jsc+0x106d26e)
    #8 JSC::LLInt::entryOSR(JSC::CodeBlock*, char const*, JSC::LLInt::EntryKind) /root/WebKit/Source/JavaScriptCore/llint/LLIntSlowPaths.cpp:519:10 (jsc+0x106c552)
    #9 llint_entry_osr_function_for_call_arityCheck /root/WebKit/Source/JavaScriptCore/llint/LLIntSlowPaths.cpp:558:12 (jsc+0x106c8b0)
    #10 llint_function_for_call_arity_check LowLevelInterpreter.cpp (jsc+0x1de6949)
    #11 JSC::evaluate(JSC::JSGlobalObject*, JSC::SourceCode const&, JSC::JSValue, WTF::NakedPtr<JSC::Exception>&) /root/WebKit/Source/JavaScriptCore/runtime/Completion.cpp:145:37 (jsc+0x13b02a5)
    #12 runWithOptions(GlobalObject*, CommandLine&, bool&) /root/WebKit/Source/JavaScriptCore/jsc.cpp:3957:35 (jsc+0x1caf15)
    #13 jscmain(int, char**)::$_0::operator()(JSC::VM&, GlobalObject*, bool&) const /root/WebKit/Source/JavaScriptCore/jsc.cpp:4686:13 (jsc+0x1caf15)
    #14 int runJSC<jscmain(int, char**)::$_0>(CommandLine const&, bool, jscmain(int, char**)::$_0 const&) /root/WebKit/Source/JavaScriptCore/jsc.cpp:4472:13 (jsc+0x1caf15)
    #15 jscmain(int, char**) /root/WebKit/Source/JavaScriptCore/jsc.cpp:4679:18 (jsc+0x1caf15)
    #16 main /root/WebKit/Source/JavaScriptCore/jsc.cpp:3715:15 (jsc+0x1c9793)

SUMMARY: ThreadSanitizer: data race /root/WebKit/WebKitBuild/TSan/WTF/Headers/wtf/MetaAllocator.h:88:38 in WTF::MetaAllocator::bytesAllocated()
==================
==================
WARNING: ThreadSanitizer: data race (pid=1870839)
  Write of size 4 at 0x729800002238 by main thread:
    #0 slow_path_resolve_scope /root/WebKit/Source/JavaScriptCore/runtime/CommonSlowPaths.cpp:1395:40 (jsc+0x13a89a5)
    #1 llint_op_resolve_scope LowLevelInterpreter.cpp (jsc+0x1df5379)
    #2 JSC::evaluate(JSC::JSGlobalObject*, JSC::SourceCode const&, JSC::JSValue, WTF::NakedPtr<JSC::Exception>&) /root/WebKit/Source/JavaScriptCore/runtime/Completion.cpp:145:37 (jsc+0x13b02a5)
    #3 runWithOptions(GlobalObject*, CommandLine&, bool&) /root/WebKit/Source/JavaScriptCore/jsc.cpp:3957:35 (jsc+0x1caf15)
    #4 jscmain(int, char**)::$_0::operator()(JSC::VM&, GlobalObject*, bool&) const /root/WebKit/Source/JavaScriptCore/jsc.cpp:4686:13 (jsc+0x1caf15)
    #5 int runJSC<jscmain(int, char**)::$_0>(CommandLine const&, bool, jscmain(int, char**)::$_0 const&) /root/WebKit/Source/JavaScriptCore/jsc.cpp:4472:13 (jsc+0x1caf15)
    #6 jscmain(int, char**) /root/WebKit/Source/JavaScriptCore/jsc.cpp:4679:18 (jsc+0x1caf15)
    #7 main /root/WebKit/Source/JavaScriptCore/jsc.cpp:3715:15 (jsc+0x1c9793)

  Previous read of size 4 at 0x729800002238 by thread T1:
    #0 JSC::JIT::emit_op_resolve_scope(JSC::BaseInstruction<JSC::JSOpcodeTraits> const*) /root/WebKit/Source/JavaScriptCore/jit/JITPropertyAccess.cpp:936:78 (jsc+0xfe59c3)
    #1 JSC::JIT::privateCompileMainPass() /root/WebKit/Source/JavaScriptCore/jit/JIT.cpp:439:9 (jsc+0xeb45ff)
    #2 JSC::JIT::compileAndLinkWithoutFinalizing(JSC::JITCompilationEffort) /root/WebKit/Source/JavaScriptCore/jit/JIT.cpp:813:5 (jsc+0xec22a9)
    #3 JSC::BaselineJITPlan::compileInThreadImpl(JSC::JITCompilationEffort) /root/WebKit/Source/JavaScriptCore/jit/BaselineJITPlan.cpp:67:32 (jsc+0xe9d738)
    #4 JSC::BaselineJITPlan::compileInThreadImpl() /root/WebKit/Source/JavaScriptCore/jit/BaselineJITPlan.cpp:78:12 (jsc+0xe9d8db)
    #5 JSC::JITPlan::compileInThread(JSC::JITWorklistThread*) /root/WebKit/Source/JavaScriptCore/jit/JITPlan.cpp:283:28 (jsc+0xfce44d)
    #6 JSC::JITWorklistThread::work() /root/WebKit/Source/JavaScriptCore/jit/JITWorklistThread.cpp:145:13 (jsc+0x1038bcb)
    #7 WTF::AutomaticThread::start(WTF::AbstractLocker const&)::$_0::operator()() const /root/WebKit/Source/WTF/wtf/AutomaticThread.cpp:260:37 (jsc+0x256a50c)
    #8 WTF::Detail::CallableWrapper<WTF::AutomaticThread::start(WTF::AbstractLocker const&)::$_0, void>::call() /root/WebKit/Source/WTF/wtf/Function.h:59:39 (jsc+0x256a50c)
    #9 WTF::Function<void ()>::operator()() const /root/WebKit/Source/WTF/wtf/Function.h:103:35 (jsc+0x2595895)
    #10 WTF::Thread::entryPoint(WTF::Thread::NewThreadContext*) /root/WebKit/Source/WTF/wtf/Threading.cpp:312:5 (jsc+0x2595895)
    #11 WTF::wtfThreadEntryPoint(void*) /root/WebKit/Source/WTF/wtf/posix/ThreadingPOSIX.cpp:264:5 (jsc+0x25f2249)

  Location is heap block of size 10800 at 0x729800000000 allocated by main thread:
    #0 malloc /home/runner/work/llvm-project/llvm-project/compiler-rt/lib/tsan/rtl/tsan_interceptors_posix.cpp:682:5 (jsc+0x13dc20)
    #1 bmalloc::api::malloc(unsigned long, bmalloc::CompactAllocationMode, bmalloc::HeapKind) /root/WebKit/WebKitBuild/TSan/bmalloc/Headers/bmalloc/bmalloc.h:96:20 (jsc+0x25786a9)
    #2 WTF::fastMalloc(unsigned long) /root/WebKit/Source/WTF/wtf/FastMalloc.cpp:337:20 (jsc+0x25786a9)
    #3 WTF::FastMalloc::malloc(unsigned long) /root/WebKit/WebKitBuild/TSan/WTF/Headers/wtf/FastMalloc.h:235:47 (jsc+0x3b9d04)
    #4 JSC::UnlinkedMetadataTable::finalize() /root/WebKit/Source/JavaScriptCore/bytecode/UnlinkedMetadataTable.cpp:164:61 (jsc+0x3b9d04)
    #5 JSC::UnlinkedCodeBlockGenerator::finalize(std::unique_ptr<JSC::InstructionStream<JSC::BaseInstruction<JSC::JSOpcodeTraits>>, std::default_delete<JSC::InstructionStream<JSC::BaseInstruction<JSC::JSOpcodeTraits>>>>) /root/WebKit/Source/JavaScriptCore/bytecode/UnlinkedCodeBlockGenerator.cpp:68:34 (jsc+0x3b8917)
    #6 JSC::BytecodeGenerator::generate(unsigned int&) /root/WebKit/Source/JavaScriptCore/bytecompiler/BytecodeGenerator.cpp:422:18 (jsc+0x3c8ce8)
    #7 JSC::ParserError JSC::BytecodeGenerator::generate<JSC::ProgramNode, JSC::UnlinkedProgramCodeBlock>(JSC::VM&, JSC::ProgramNode*, JSC::SourceCode const&, JSC::UnlinkedProgramCodeBlock*, WTF::OptionSet<JSC::CodeGenerationMode, (WTF::ConcurrencyTag)0>, WTF::RefPtr<JSC::TDZEnvironmentLink, WTF::RawPtrTraits<JSC::TDZEnvironmentLink>, WTF::DefaultRefDerefTraits<JSC::TDZEnvironmentLink>> const&, WTF::FixedVector<JSC::Identifier, WTF::FastMalloc> const*, WTF::HashMap<WTF::RefPtr<WTF::UniquedStringImpl, WTF::PackedPtrTraits<WTF::UniquedStringImpl>, WTF::DefaultRefDerefTraits<WTF::UniquedStringImpl>>, JSC::PrivateNameEntry, JSC::IdentifierRepHash, WTF::HashTraits<WTF::RefPtr<WTF::UniquedStringImpl, WTF::RawPtrTraits<WTF::UniquedStringImpl>, WTF::DefaultRefDerefTraits<WTF::UniquedStringImpl>>>, JSC::PrivateNameEntryHashTraits, WTF::HashTableTraits, (WTF::ShouldValidateKey)0, WTF::FastMalloc> const*) /root/WebKit/Source/JavaScriptCore/bytecompiler/BytecodeGenerator.h:407:46 (jsc+0x13c8080)
    #8 JSC::UnlinkedProgramCodeBlock* JSC::generateUnlinkedCodeBlockImpl<JSC::UnlinkedProgramCodeBlock, JSC::ProgramExecutable>(JSC::VM&, JSC::SourceCode const&, unsigned char, JSC::JSParserScriptMode, WTF::OptionSet<JSC::CodeGenerationMode, (WTF::ConcurrencyTag)0>, JSC::ParserError&, JSC::EvalContextType, JSC::DerivedContextType, bool, WTF::HashSet<WTF::RefPtr<WTF::UniquedStringImpl, WTF::RawPtrTraits<WTF::UniquedStringImpl>, WTF::DefaultRefDerefTraits<WTF::UniquedStringImpl>>, JSC::IdentifierRepHash, WTF::HashTraits<WTF::RefPtr<WTF::UniquedStringImpl, WTF::RawPtrTraits<WTF::UniquedStringImpl>, WTF::DefaultRefDerefTraits<WTF::UniquedStringImpl>>>, WTF::HashTableTraits, (WTF::ShouldValidateKey)0> const*, WTF::HashMap<WTF::RefPtr<WTF::UniquedStringImpl, WTF::PackedPtrTraits<WTF::UniquedStringImpl>, WTF::DefaultRefDerefTraits<WTF::UniquedStringImpl>>, JSC::PrivateNameEntry, JSC::IdentifierRepHash, WTF::HashTraits<WTF::RefPtr<WTF::UniquedStringImpl, WTF::RawPtrTraits<WTF::UniquedStringImpl>, WTF::DefaultRefDerefTraits<WTF::UniquedStringImpl>>>, JSC::PrivateNameEntryHashTraits, WTF::HashTableTraits, (WTF::ShouldValidateKey)0, WTF::FastMalloc> const*, JSC::ProgramExecutable*) /root/WebKit/Source/JavaScriptCore/runtime/CodeCache.cpp:211:13 (jsc+0x13cae43)
    #9 JSC::UnlinkedProgramCodeBlock* JSC::generateUnlinkedCodeBlock<JSC::UnlinkedProgramCodeBlock, JSC::ProgramExecutable>(JSC::VM&, JSC::ProgramExecutable*, JSC::SourceCode const&, JSC::JSParserScriptMode, WTF::OptionSet<JSC::CodeGenerationMode, (WTF::ConcurrencyTag)0>, JSC::ParserError&, JSC::EvalContextType, WTF::HashSet<WTF::RefPtr<WTF::UniquedStringImpl, WTF::RawPtrTraits<WTF::UniquedStringImpl>, WTF::DefaultRefDerefTraits<WTF::UniquedStringImpl>>, JSC::IdentifierRepHash, WTF::HashTraits<WTF::RefPtr<WTF::UniquedStringImpl, WTF::RawPtrTraits<WTF::UniquedStringImpl>, WTF::DefaultRefDerefTraits<WTF::UniquedStringImpl>>>, WTF::HashTableTraits, (WTF::ShouldValidateKey)0> const*, WTF::HashMap<WTF::RefPtr<WTF::UniquedStringImpl, WTF::PackedPtrTraits<WTF::UniquedStringImpl>, WTF::DefaultRefDerefTraits<WTF::UniquedStringImpl>>, JSC::PrivateNameEntry, JSC::IdentifierRepHash, WTF::HashTraits<WTF::RefPtr<WTF::UniquedStringImpl, WTF::RawPtrTraits<WTF::UniquedStringImpl>, WTF::DefaultRefDerefTraits<WTF::UniquedStringImpl>>>, JSC::PrivateNameEntryHashTraits, WTF::HashTableTraits, (WTF::ShouldValidateKey)0, WTF::FastMalloc> const*) /root/WebKit/Source/JavaScriptCore/runtime/CodeCache.cpp:222:12 (jsc+0x13788c3)
    #10 JSC::UnlinkedProgramCodeBlock* JSC::CodeCache::getUnlinkedGlobalCodeBlock<JSC::UnlinkedProgramCodeBlock, JSC::ProgramExecutable>(JSC::VM&, JSC::ProgramExecutable*, JSC::SourceCode const&, JSC::JSParserScriptMode, WTF::OptionSet<JSC::CodeGenerationMode, (WTF::ConcurrencyTag)0>, JSC::ParserError&, JSC::EvalContextType) /root/WebKit/Source/JavaScriptCore/runtime/CodeCache.cpp:284:25 (jsc+0x13788c3)
    #11 JSC::CodeCache::getUnlinkedProgramCodeBlock(JSC::VM&, JSC::ProgramExecutable*, JSC::SourceCode const&, WTF::OptionSet<JSC::CodeGenerationMode, (WTF::ConcurrencyTag)0>, JSC::ParserError&) /root/WebKit/Source/JavaScriptCore/runtime/CodeCache.cpp:299:12 (jsc+0x1378325)
    #12 JSC::ProgramExecutable::initializeGlobalProperties(JSC::VM&, JSC::JSGlobalObject*, JSC::JSScope*) /root/WebKit/Source/JavaScriptCore/runtime/ProgramExecutable.cpp:95:67 (jsc+0x1822c15)
    #13 JSC::Interpreter::executeProgram(JSC::SourceCode const&, JSC::JSGlobalObject*, JSC::JSObject*) /root/WebKit/Source/JavaScriptCore/interpreter/Interpreter.cpp:1186:32 (jsc+0xe7a12b)
    #14 JSC::evaluate(JSC::JSGlobalObject*, JSC::SourceCode const&, JSC::JSValue, WTF::NakedPtr<JSC::Exception>&) /root/WebKit/Source/JavaScriptCore/runtime/Completion.cpp:145:37 (jsc+0x13b02a5)
    #15 runWithOptions(GlobalObject*, CommandLine&, bool&) /root/WebKit/Source/JavaScriptCore/jsc.cpp:3957:35 (jsc+0x1caf15)
    #16 jscmain(int, char**)::$_0::operator()(JSC::VM&, GlobalObject*, bool&) const /root/WebKit/Source/JavaScriptCore/jsc.cpp:4686:13 (jsc+0x1caf15)
    #17 int runJSC<jscmain(int, char**)::$_0>(CommandLine const&, bool, jscmain(int, char**)::$_0 const&) /root/WebKit/Source/JavaScriptCore/jsc.cpp:4472:13 (jsc+0x1caf15)
    #18 jscmain(int, char**) /root/WebKit/Source/JavaScriptCore/jsc.cpp:4679:18 (jsc+0x1caf15)
    #19 main /root/WebKit/Source/JavaScriptCore/jsc.cpp:3715:15 (jsc+0x1c9793)

  Thread T1 'JITWorker' (tid=1870851, running) created by main thread at:
    #0 pthread_create /home/runner/work/llvm-project/llvm-project/compiler-rt/lib/tsan/rtl/tsan_interceptors_posix.cpp:1090:3 (jsc+0x13ff1a)
    #1 WTF::Thread::establishHandle(WTF::Thread::NewThreadContext&, WTF::StackAllocationSpecification, WTF::ThreadQOS, WTF::ThreadSchedulingPolicy) /root/WebKit/Source/WTF/wtf/posix/ThreadingPOSIX.cpp:354:17 (jsc+0x25f2135)
    #2 WTF::Thread::create(WTF::ASCIILiteral, WTF::Function<void ()>&&, WTF::ThreadType, WTF::ThreadQOS, WTF::ThreadSchedulingPolicy, WTF::StackAllocationSpecification) /root/WebKit/Source/WTF/wtf/Threading.cpp:330:32 (jsc+0x2595bd3)
    #3 WTF::AutomaticThread::start(WTF::AbstractLocker const&) /root/WebKit/Source/WTF/wtf/AutomaticThread.cpp:189:5 (jsc+0x2568f89)
    #4 WTF::AutomaticThreadCondition::notifyOne(WTF::AbstractLocker const&) /root/WebKit/Source/WTF/wtf/AutomaticThread.cpp:60:21 (jsc+0x2568d89)
    #5 JSC::JITWorklist::wakeThreads(WTF::AbstractLocker const&, unsigned int) /root/WebKit/Source/JavaScriptCore/jit/JITWorklist.cpp:162:25 (jsc+0x1032fe6)
    #6 JSC::JITWorklist::enqueue(WTF::Ref<JSC::JITPlan, WTF::RawPtrTraits<JSC::JITPlan>, WTF::DefaultRefDerefTraits<JSC::JITPlan>>) /root/WebKit/Source/JavaScriptCore/jit/JITWorklist.cpp:246:5 (jsc+0x103384f)
    #7 JSC::LLInt::jitCompileAndSetHeuristics(JSC::VM&, JSC::CodeBlock*) /root/WebKit/Source/JavaScriptCore/llint/LLIntSlowPaths.cpp:497:45 (jsc+0x106d26e)
    #8 JSC::LLInt::entryOSR(JSC::CodeBlock*, char const*, JSC::LLInt::EntryKind) /root/WebKit/Source/JavaScriptCore/llint/LLIntSlowPaths.cpp:519:10 (jsc+0x106c552)
    #9 llint_entry_osr_function_for_call_arityCheck /root/WebKit/Source/JavaScriptCore/llint/LLIntSlowPaths.cpp:558:12 (jsc+0x106c8b0)
    #10 llint_function_for_call_arity_check LowLevelInterpreter.cpp (jsc+0x1de6949)
    #11 JSC::evaluate(JSC::JSGlobalObject*, JSC::SourceCode const&, JSC::JSValue, WTF::NakedPtr<JSC::Exception>&) /root/WebKit/Source/JavaScriptCore/runtime/Completion.cpp:145:37 (jsc+0x13b02a5)
    #12 runWithOptions(GlobalObject*, CommandLine&, bool&) /root/WebKit/Source/JavaScriptCore/jsc.cpp:3957:35 (jsc+0x1caf15)
    #13 jscmain(int, char**)::$_0::operator()(JSC::VM&, GlobalObject*, bool&) const /root/WebKit/Source/JavaScriptCore/jsc.cpp:4686:13 (jsc+0x1caf15)
    #14 int runJSC<jscmain(int, char**)::$_0>(CommandLine const&, bool, jscmain(int, char**)::$_0 const&) /root/WebKit/Source/JavaScriptCore/jsc.cpp:4472:13 (jsc+0x1caf15)
    #15 jscmain(int, char**) /root/WebKit/Source/JavaScriptCore/jsc.cpp:4679:18 (jsc+0x1caf15)
    #16 main /root/WebKit/Source/JavaScriptCore/jsc.cpp:3715:15 (jsc+0x1c9793)

SUMMARY: ThreadSanitizer: data race /root/WebKit/Source/JavaScriptCore/runtime/CommonSlowPaths.cpp:1395:40 in slow_path_resolve_scope
==================
ThreadSanitizer: reported 2 warnings
