JSC: disabling useWasm under GIL-off (wasm glue still reads the raw VM-block exception word; not yet audited for UNGIL §A.1.3 COMPILED-FOR-VM; see AB-17 status block in VMEntryScope.cpp).
==================
WARNING: ThreadSanitizer: data race (pid=2797991)
  Read of size 4 at 0x722c0000b05c by main thread:
    #0 JSC::ICSlowPathCallFrameTracer::ICSlowPathCallFrameTracer(JSC::VM&, JSC::CallFrame*, JSC::PropertyInlineCache*) /root/WebKit/Source/JavaScriptCore/jit/JITOperations.cpp:120:33 (jsc+0xfa392d)
    #1 operationGetByIdOptimize /root/WebKit/Source/JavaScriptCore/jit/JITOperations.cpp:576:31 (jsc+0xfa392d)
    #2 <null> <null> (0x7fa8282026e4)
    #3 JSC::evaluate(JSC::JSGlobalObject*, JSC::SourceCode const&, JSC::JSValue, WTF::NakedPtr<JSC::Exception>&) /root/WebKit/Source/JavaScriptCore/runtime/Completion.cpp:145:37 (jsc+0x13c3de3)
    #4 runWithOptions(GlobalObject*, CommandLine&, bool&) /root/WebKit/Source/JavaScriptCore/jsc.cpp:3957:35 (jsc+0x1cafc5)
    #5 jscmain(int, char**)::$_0::operator()(JSC::VM&, GlobalObject*, bool&) const /root/WebKit/Source/JavaScriptCore/jsc.cpp:4686:13 (jsc+0x1cafc5)
    #6 int runJSC<jscmain(int, char**)::$_0>(CommandLine const&, bool, jscmain(int, char**)::$_0 const&) /root/WebKit/Source/JavaScriptCore/jsc.cpp:4472:13 (jsc+0x1cafc5)
    #7 jscmain(int, char**) /root/WebKit/Source/JavaScriptCore/jsc.cpp:4679:18 (jsc+0x1cafc5)
    #8 main /root/WebKit/Source/JavaScriptCore/jsc.cpp:3715:15 (jsc+0x1c9803)

  Previous write of size 8 at 0x722c0000b058 by thread T2:
    #0 malloc /home/runner/work/llvm-project/llvm-project/compiler-rt/lib/tsan/rtl/tsan_interceptors_posix.cpp:682:5 (jsc+0x13dc20)
    #1 bmalloc::api::malloc(unsigned long, bmalloc::CompactAllocationMode, bmalloc::HeapKind) /root/WebKit/WebKitBuild/TSan/bmalloc/Headers/bmalloc/bmalloc.h:96:20 (jsc+0x2598c09)
    #2 WTF::fastMalloc(unsigned long) /root/WebKit/Source/WTF/wtf/FastMalloc.cpp:337:20 (jsc+0x2598c09)
    #3 JSC::BaselineJITData* WTF::ButterflyArray<JSC::BaselineJITData, JSC::HandlerPropertyInlineCache, void*>::createImpl<JSC::CodeBlock*&>(unsigned int, unsigned int, JSC::CodeBlock*&) /root/WebKit/WebKitBuild/TSan/WTF/Headers/wtf/ButterflyArray.h:59:51 (jsc+0x28e570)
    #4 JSC::BaselineJITData::create(unsigned int, unsigned int, JSC::CodeBlock*) /root/WebKit/Source/JavaScriptCore/jit/BaselineJITCode.h:131:51 (jsc+0x28e570)
    #5 JSC::CodeBlock::setupWithUnlinkedBaselineCode(WTF::Ref<JSC::BaselineJITCode, WTF::RawPtrTraits<JSC::BaselineJITCode>, WTF::DefaultRefDerefTraits<JSC::BaselineJITCode>>) /root/WebKit/Source/JavaScriptCore/bytecode/CodeBlock.cpp:830:32 (jsc+0x28e570)
    #6 JSC::JIT::finalizeOnMainThread(JSC::CodeBlock*, JSC::BaselineJITPlan&, WTF::RefPtr<JSC::BaselineJITCode, WTF::RawPtrTraits<JSC::BaselineJITCode>, WTF::DefaultRefDerefTraits<JSC::BaselineJITCode>>) /root/WebKit/Source/JavaScriptCore/jit/JIT.cpp:1041:16 (jsc+0xed6210)
    #7 JSC::BaselineJITPlan::finalize() /root/WebKit/Source/JavaScriptCore/jit/BaselineJITPlan.cpp:109:32 (jsc+0xead1b9)
    #8 JSC::JITWorklist::completeAllReadyPlansForVM(JSC::VM&, JSC::JITCompilationKey) /root/WebKit/Source/JavaScriptCore/jit/JITWorklist.cpp:314:15 (jsc+0x10454c9)
    #9 JSC::LLInt::jitCompileAndSetHeuristics(JSC::VM&, JSC::CodeBlock*) /root/WebKit/Source/JavaScriptCore/llint/LLIntSlowPaths.cpp:473:76 (jsc+0x107de23)
    #10 JSC::LLInt::entryOSR(JSC::CodeBlock*, char const*, JSC::LLInt::EntryKind) /root/WebKit/Source/JavaScriptCore/llint/LLIntSlowPaths.cpp:523:10 (jsc+0x107d202)
    #11 llint_entry_osr_function_for_call /root/WebKit/Source/JavaScriptCore/llint/LLIntSlowPaths.cpp:550:12 (jsc+0x107d462)
    #12 llint_function_for_call_prologue LowLevelInterpreter.cpp (jsc+0x1e0569e)
    #13 JSC::Interpreter::executeCall(JSC::JSObject*, JSC::CallData const&, JSC::JSValue, JSC::JSCell*, JSC::ArgList const&) /root/WebKit/Source/JavaScriptCore/interpreter/Interpreter.cpp (jsc+0xe8b88d)
    #14 JSC::call(JSC::JSGlobalObject*, JSC::JSValue, JSC::CallData const&, JSC::JSValue, JSC::ArgList const&) /root/WebKit/Source/JavaScriptCore/runtime/CallData.cpp:70:27 (jsc+0x1360d91)
    #15 JSC::call(JSC::JSGlobalObject*, JSC::JSValue, JSC::CallData const&, JSC::JSValue, JSC::ArgList const&, WTF::NakedPtr<JSC::Exception>&) /root/WebKit/Source/JavaScriptCore/runtime/CallData.cpp:77:22 (jsc+0x1360d91)
    #16 JSC::threadMain(JSC::VM&, WTF::Ref<JSC::ThreadState, WTF::RawPtrTraits<JSC::ThreadState>, WTF::DefaultRefDerefTraits<JSC::ThreadState>>) /root/WebKit/Source/JavaScriptCore/runtime/ThreadObject.cpp:241:30 (jsc+0x19a4ddc)
    #17 JSC::constructThread(JSC::JSGlobalObject*, JSC::CallFrame*)::$_0::operator()() /root/WebKit/Source/JavaScriptCore/runtime/ThreadObject.cpp:468:9 (jsc+0x19a4ddc)
    #18 WTF::Detail::CallableWrapper<JSC::constructThread(JSC::JSGlobalObject*, JSC::CallFrame*)::$_0, void>::call() /root/WebKit/WebKitBuild/TSan/WTF/Headers/wtf/Function.h:59:39 (jsc+0x19a4ddc)
    #19 WTF::Function<void ()>::operator()() const /root/WebKit/Source/WTF/wtf/Function.h:103:35 (jsc+0x25b59c5)
    #20 WTF::Thread::entryPoint(WTF::Thread::NewThreadContext*) /root/WebKit/Source/WTF/wtf/Threading.cpp:312:5 (jsc+0x25b59c5)
    #21 WTF::wtfThreadEntryPoint(void*) /root/WebKit/Source/WTF/wtf/posix/ThreadingPOSIX.cpp:264:5 (jsc+0x260f949)

  Location is heap block of size 176 at 0x722c0000b000 allocated by thread T2:
    #0 malloc /home/runner/work/llvm-project/llvm-project/compiler-rt/lib/tsan/rtl/tsan_interceptors_posix.cpp:682:5 (jsc+0x13dc20)
    #1 bmalloc::api::malloc(unsigned long, bmalloc::CompactAllocationMode, bmalloc::HeapKind) /root/WebKit/WebKitBuild/TSan/bmalloc/Headers/bmalloc/bmalloc.h:96:20 (jsc+0x2598c09)
    #2 WTF::fastMalloc(unsigned long) /root/WebKit/Source/WTF/wtf/FastMalloc.cpp:337:20 (jsc+0x2598c09)
    #3 JSC::BaselineJITData* WTF::ButterflyArray<JSC::BaselineJITData, JSC::HandlerPropertyInlineCache, void*>::createImpl<JSC::CodeBlock*&>(unsigned int, unsigned int, JSC::CodeBlock*&) /root/WebKit/WebKitBuild/TSan/WTF/Headers/wtf/ButterflyArray.h:59:51 (jsc+0x28e570)
    #4 JSC::BaselineJITData::create(unsigned int, unsigned int, JSC::CodeBlock*) /root/WebKit/Source/JavaScriptCore/jit/BaselineJITCode.h:131:51 (jsc+0x28e570)
    #5 JSC::CodeBlock::setupWithUnlinkedBaselineCode(WTF::Ref<JSC::BaselineJITCode, WTF::RawPtrTraits<JSC::BaselineJITCode>, WTF::DefaultRefDerefTraits<JSC::BaselineJITCode>>) /root/WebKit/Source/JavaScriptCore/bytecode/CodeBlock.cpp:830:32 (jsc+0x28e570)
    #6 JSC::JIT::finalizeOnMainThread(JSC::CodeBlock*, JSC::BaselineJITPlan&, WTF::RefPtr<JSC::BaselineJITCode, WTF::RawPtrTraits<JSC::BaselineJITCode>, WTF::DefaultRefDerefTraits<JSC::BaselineJITCode>>) /root/WebKit/Source/JavaScriptCore/jit/JIT.cpp:1041:16 (jsc+0xed6210)
    #7 JSC::BaselineJITPlan::finalize() /root/WebKit/Source/JavaScriptCore/jit/BaselineJITPlan.cpp:109:32 (jsc+0xead1b9)
    #8 JSC::JITWorklist::completeAllReadyPlansForVM(JSC::VM&, JSC::JITCompilationKey) /root/WebKit/Source/JavaScriptCore/jit/JITWorklist.cpp:314:15 (jsc+0x10454c9)
    #9 JSC::LLInt::jitCompileAndSetHeuristics(JSC::VM&, JSC::CodeBlock*) /root/WebKit/Source/JavaScriptCore/llint/LLIntSlowPaths.cpp:473:76 (jsc+0x107de23)
    #10 JSC::LLInt::entryOSR(JSC::CodeBlock*, char const*, JSC::LLInt::EntryKind) /root/WebKit/Source/JavaScriptCore/llint/LLIntSlowPaths.cpp:523:10 (jsc+0x107d202)
    #11 llint_entry_osr_function_for_call /root/WebKit/Source/JavaScriptCore/llint/LLIntSlowPaths.cpp:550:12 (jsc+0x107d462)
    #12 llint_function_for_call_prologue LowLevelInterpreter.cpp (jsc+0x1e0569e)
    #13 JSC::Interpreter::executeCall(JSC::JSObject*, JSC::CallData const&, JSC::JSValue, JSC::JSCell*, JSC::ArgList const&) /root/WebKit/Source/JavaScriptCore/interpreter/Interpreter.cpp (jsc+0xe8b88d)
    #14 JSC::call(JSC::JSGlobalObject*, JSC::JSValue, JSC::CallData const&, JSC::JSValue, JSC::ArgList const&) /root/WebKit/Source/JavaScriptCore/runtime/CallData.cpp:70:27 (jsc+0x1360d91)
    #15 JSC::call(JSC::JSGlobalObject*, JSC::JSValue, JSC::CallData const&, JSC::JSValue, JSC::ArgList const&, WTF::NakedPtr<JSC::Exception>&) /root/WebKit/Source/JavaScriptCore/runtime/CallData.cpp:77:22 (jsc+0x1360d91)
    #16 JSC::threadMain(JSC::VM&, WTF::Ref<JSC::ThreadState, WTF::RawPtrTraits<JSC::ThreadState>, WTF::DefaultRefDerefTraits<JSC::ThreadState>>) /root/WebKit/Source/JavaScriptCore/runtime/ThreadObject.cpp:241:30 (jsc+0x19a4ddc)
    #17 JSC::constructThread(JSC::JSGlobalObject*, JSC::CallFrame*)::$_0::operator()() /root/WebKit/Source/JavaScriptCore/runtime/ThreadObject.cpp:468:9 (jsc+0x19a4ddc)
    #18 WTF::Detail::CallableWrapper<JSC::constructThread(JSC::JSGlobalObject*, JSC::CallFrame*)::$_0, void>::call() /root/WebKit/WebKitBuild/TSan/WTF/Headers/wtf/Function.h:59:39 (jsc+0x19a4ddc)
    #19 WTF::Function<void ()>::operator()() const /root/WebKit/Source/WTF/wtf/Function.h:103:35 (jsc+0x25b59c5)
    #20 WTF::Thread::entryPoint(WTF::Thread::NewThreadContext*) /root/WebKit/Source/WTF/wtf/Threading.cpp:312:5 (jsc+0x25b59c5)
    #21 WTF::wtfThreadEntryPoint(void*) /root/WebKit/Source/WTF/wtf/posix/ThreadingPOSIX.cpp:264:5 (jsc+0x260f949)

  Thread T2 'JS Thread' (tid=2797994, running) created by main thread at:
    #0 pthread_create /home/runner/work/llvm-project/llvm-project/compiler-rt/lib/tsan/rtl/tsan_interceptors_posix.cpp:1090:3 (jsc+0x13ff1a)
    #1 WTF::Thread::establishHandle(WTF::Thread::NewThreadContext&, WTF::StackAllocationSpecification, WTF::ThreadQOS, WTF::ThreadSchedulingPolicy) /root/WebKit/Source/WTF/wtf/posix/ThreadingPOSIX.cpp:354:17 (jsc+0x260f835)
    #2 WTF::Thread::create(WTF::ASCIILiteral, WTF::Function<void ()>&&, WTF::ThreadType, WTF::ThreadQOS, WTF::ThreadSchedulingPolicy, WTF::StackAllocationSpecification) /root/WebKit/Source/WTF/wtf/Threading.cpp:330:32 (jsc+0x25b5d03)
    #3 JSC::constructThread(JSC::JSGlobalObject*, JSC::CallFrame*) /root/WebKit/Source/JavaScriptCore/runtime/ThreadObject.cpp:467:5 (jsc+0x199d36f)
    #4 <null> <null> (0x7fa8281ff217)
    #5 JSC::evaluate(JSC::JSGlobalObject*, JSC::SourceCode const&, JSC::JSValue, WTF::NakedPtr<JSC::Exception>&) /root/WebKit/Source/JavaScriptCore/runtime/Completion.cpp:145:37 (jsc+0x13c3de3)
    #6 runWithOptions(GlobalObject*, CommandLine&, bool&) /root/WebKit/Source/JavaScriptCore/jsc.cpp:3957:35 (jsc+0x1cafc5)
    #7 jscmain(int, char**)::$_0::operator()(JSC::VM&, GlobalObject*, bool&) const /root/WebKit/Source/JavaScriptCore/jsc.cpp:4686:13 (jsc+0x1cafc5)
    #8 int runJSC<jscmain(int, char**)::$_0>(CommandLine const&, bool, jscmain(int, char**)::$_0 const&) /root/WebKit/Source/JavaScriptCore/jsc.cpp:4472:13 (jsc+0x1cafc5)
    #9 jscmain(int, char**) /root/WebKit/Source/JavaScriptCore/jsc.cpp:4679:18 (jsc+0x1cafc5)
    #10 main /root/WebKit/Source/JavaScriptCore/jsc.cpp:3715:15 (jsc+0x1c9803)

SUMMARY: ThreadSanitizer: data race /root/WebKit/Source/JavaScriptCore/jit/JITOperations.cpp:120:33 in JSC::ICSlowPathCallFrameTracer::ICSlowPathCallFrameTracer(JSC::VM&, JSC::CallFrame*, JSC::PropertyInlineCache*)
==================
==================
WARNING: ThreadSanitizer: data race (pid=2797991)
  Atomic read of size 8 at 0x722c0000b018 by main thread:
    #0 JSC::CacheableIdentifier JSC::icConcurrentRelaxedLoad<JSC::CacheableIdentifier>(JSC::CacheableIdentifier const&) /root/WebKit/Source/JavaScriptCore/bytecode/PropertyInlineCache.h:166:5 (jsc+0xfa3954)
    #1 JSC::PropertyInlineCache::identifier() const /root/WebKit/Source/JavaScriptCore/bytecode/PropertyInlineCache.h:273:53 (jsc+0xfa3954)
    #2 operationGetByIdOptimize /root/WebKit/Source/JavaScriptCore/jit/JITOperations.cpp:579:53 (jsc+0xfa3954)
    #3 <null> <null> (0x7fa8282026e4)
    #4 JSC::evaluate(JSC::JSGlobalObject*, JSC::SourceCode const&, JSC::JSValue, WTF::NakedPtr<JSC::Exception>&) /root/WebKit/Source/JavaScriptCore/runtime/Completion.cpp:145:37 (jsc+0x13c3de3)
    #5 runWithOptions(GlobalObject*, CommandLine&, bool&) /root/WebKit/Source/JavaScriptCore/jsc.cpp:3957:35 (jsc+0x1cafc5)
    #6 jscmain(int, char**)::$_0::operator()(JSC::VM&, GlobalObject*, bool&) const /root/WebKit/Source/JavaScriptCore/jsc.cpp:4686:13 (jsc+0x1cafc5)
    #7 int runJSC<jscmain(int, char**)::$_0>(CommandLine const&, bool, jscmain(int, char**)::$_0 const&) /root/WebKit/Source/JavaScriptCore/jsc.cpp:4472:13 (jsc+0x1cafc5)
    #8 jscmain(int, char**) /root/WebKit/Source/JavaScriptCore/jsc.cpp:4679:18 (jsc+0x1cafc5)
    #9 main /root/WebKit/Source/JavaScriptCore/jsc.cpp:3715:15 (jsc+0x1c9803)

  Previous write of size 8 at 0x722c0000b018 by thread T2:
    #0 __tsan_memset /home/runner/work/llvm-project/llvm-project/compiler-rt/lib/tsan/rtl/tsan_interceptors_memintrinsics.cpp:35:3 (jsc+0x13b4cd)
    #1 JSC::PropertyInlineCache::PropertyInlineCache(JSC::PropertyInlineCacheType, JSC::AccessType, JSC::CodeOrigin) /root/WebKit/Source/JavaScriptCore/bytecode/PropertyInlineCache.h:612:13 (jsc+0xeac89e)
    #2 JSC::PropertyInlineCache::PropertyInlineCache(JSC::PropertyInlineCacheType) /root/WebKit/Source/JavaScriptCore/bytecode/PropertyInlineCache.h:499:11 (jsc+0xeac89e)
    #3 JSC::HandlerPropertyInlineCache::HandlerPropertyInlineCache() /root/WebKit/Source/JavaScriptCore/bytecode/PropertyInlineCache.h:832:11 (jsc+0xeac89e)
    #4 WTF::VectorTypeOperations<JSC::HandlerPropertyInlineCache>::initialize(JSC::HandlerPropertyInlineCache*, JSC::HandlerPropertyInlineCache*) /root/WebKit/WebKitBuild/TSan/WTF/Headers/wtf/Vector.h:105:40 (jsc+0xeac89e)
    #5 WTF::VectorTypeOperations<JSC::HandlerPropertyInlineCache>::initializeIfNonPOD(JSC::HandlerPropertyInlineCache*, JSC::HandlerPropertyInlineCache*) /root/WebKit/WebKitBuild/TSan/WTF/Headers/wtf/Vector.h:96:13 (jsc+0xeac89e)
    #6 WTF::ButterflyArray<JSC::BaselineJITData, JSC::HandlerPropertyInlineCache, void*>::ButterflyArray(unsigned int, unsigned int) /root/WebKit/WebKitBuild/TSan/WTF/Headers/wtf/ButterflyArray.h:51:9 (jsc+0xeac89e)
    #7 JSC::BaselineJITData::BaselineJITData(unsigned int, unsigned int, JSC::CodeBlock*) /root/WebKit/Source/JavaScriptCore/jit/BaselineJITCode.cpp:71:7 (jsc+0xeac89e)
    #8 JSC::BaselineJITData* WTF::ButterflyArray<JSC::BaselineJITData, JSC::HandlerPropertyInlineCache, void*>::createImpl<JSC::CodeBlock*&>(unsigned int, unsigned int, JSC::CodeBlock*&) /root/WebKit/WebKitBuild/TSan/WTF/Headers/wtf/ButterflyArray.h:60:76 (jsc+0x28e58e)
    #9 JSC::BaselineJITData::create(unsigned int, unsigned int, JSC::CodeBlock*) /root/WebKit/Source/JavaScriptCore/jit/BaselineJITCode.h:131:51 (jsc+0x28e58e)
    #10 JSC::CodeBlock::setupWithUnlinkedBaselineCode(WTF::Ref<JSC::BaselineJITCode, WTF::RawPtrTraits<JSC::BaselineJITCode>, WTF::DefaultRefDerefTraits<JSC::BaselineJITCode>>) /root/WebKit/Source/JavaScriptCore/bytecode/CodeBlock.cpp:830:32 (jsc+0x28e58e)
    #11 JSC::JIT::finalizeOnMainThread(JSC::CodeBlock*, JSC::BaselineJITPlan&, WTF::RefPtr<JSC::BaselineJITCode, WTF::RawPtrTraits<JSC::BaselineJITCode>, WTF::DefaultRefDerefTraits<JSC::BaselineJITCode>>) /root/WebKit/Source/JavaScriptCore/jit/JIT.cpp:1041:16 (jsc+0xed6210)
    #12 JSC::BaselineJITPlan::finalize() /root/WebKit/Source/JavaScriptCore/jit/BaselineJITPlan.cpp:109:32 (jsc+0xead1b9)
    #13 JSC::JITWorklist::completeAllReadyPlansForVM(JSC::VM&, JSC::JITCompilationKey) /root/WebKit/Source/JavaScriptCore/jit/JITWorklist.cpp:314:15 (jsc+0x10454c9)
    #14 JSC::LLInt::jitCompileAndSetHeuristics(JSC::VM&, JSC::CodeBlock*) /root/WebKit/Source/JavaScriptCore/llint/LLIntSlowPaths.cpp:473:76 (jsc+0x107de23)
    #15 JSC::LLInt::entryOSR(JSC::CodeBlock*, char const*, JSC::LLInt::EntryKind) /root/WebKit/Source/JavaScriptCore/llint/LLIntSlowPaths.cpp:523:10 (jsc+0x107d202)
    #16 llint_entry_osr_function_for_call /root/WebKit/Source/JavaScriptCore/llint/LLIntSlowPaths.cpp:550:12 (jsc+0x107d462)
    #17 llint_function_for_call_prologue LowLevelInterpreter.cpp (jsc+0x1e0569e)
    #18 JSC::Interpreter::executeCall(JSC::JSObject*, JSC::CallData const&, JSC::JSValue, JSC::JSCell*, JSC::ArgList const&) /root/WebKit/Source/JavaScriptCore/interpreter/Interpreter.cpp (jsc+0xe8b88d)
    #19 JSC::call(JSC::JSGlobalObject*, JSC::JSValue, JSC::CallData const&, JSC::JSValue, JSC::ArgList const&) /root/WebKit/Source/JavaScriptCore/runtime/CallData.cpp:70:27 (jsc+0x1360d91)
    #20 JSC::call(JSC::JSGlobalObject*, JSC::JSValue, JSC::CallData const&, JSC::JSValue, JSC::ArgList const&, WTF::NakedPtr<JSC::Exception>&) /root/WebKit/Source/JavaScriptCore/runtime/CallData.cpp:77:22 (jsc+0x1360d91)
    #21 JSC::threadMain(JSC::VM&, WTF::Ref<JSC::ThreadState, WTF::RawPtrTraits<JSC::ThreadState>, WTF::DefaultRefDerefTraits<JSC::ThreadState>>) /root/WebKit/Source/JavaScriptCore/runtime/ThreadObject.cpp:241:30 (jsc+0x19a4ddc)
    #22 JSC::constructThread(JSC::JSGlobalObject*, JSC::CallFrame*)::$_0::operator()() /root/WebKit/Source/JavaScriptCore/runtime/ThreadObject.cpp:468:9 (jsc+0x19a4ddc)
    #23 WTF::Detail::CallableWrapper<JSC::constructThread(JSC::JSGlobalObject*, JSC::CallFrame*)::$_0, void>::call() /root/WebKit/WebKitBuild/TSan/WTF/Headers/wtf/Function.h:59:39 (jsc+0x19a4ddc)
    #24 WTF::Function<void ()>::operator()() const /root/WebKit/Source/WTF/wtf/Function.h:103:35 (jsc+0x25b59c5)
    #25 WTF::Thread::entryPoint(WTF::Thread::NewThreadContext*) /root/WebKit/Source/WTF/wtf/Threading.cpp:312:5 (jsc+0x25b59c5)
    #26 WTF::wtfThreadEntryPoint(void*) /root/WebKit/Source/WTF/wtf/posix/ThreadingPOSIX.cpp:264:5 (jsc+0x260f949)

  Location is heap block of size 176 at 0x722c0000b000 allocated by thread T2:
    #0 malloc /home/runner/work/llvm-project/llvm-project/compiler-rt/lib/tsan/rtl/tsan_interceptors_posix.cpp:682:5 (jsc+0x13dc20)
    #1 bmalloc::api::malloc(unsigned long, bmalloc::CompactAllocationMode, bmalloc::HeapKind) /root/WebKit/WebKitBuild/TSan/bmalloc/Headers/bmalloc/bmalloc.h:96:20 (jsc+0x2598c09)
    #2 WTF::fastMalloc(unsigned long) /root/WebKit/Source/WTF/wtf/FastMalloc.cpp:337:20 (jsc+0x2598c09)
    #3 JSC::BaselineJITData* WTF::ButterflyArray<JSC::BaselineJITData, JSC::HandlerPropertyInlineCache, void*>::createImpl<JSC::CodeBlock*&>(unsigned int, unsigned int, JSC::CodeBlock*&) /root/WebKit/WebKitBuild/TSan/WTF/Headers/wtf/ButterflyArray.h:59:51 (jsc+0x28e570)
    #4 JSC::BaselineJITData::create(unsigned int, unsigned int, JSC::CodeBlock*) /root/WebKit/Source/JavaScriptCore/jit/BaselineJITCode.h:131:51 (jsc+0x28e570)
    #5 JSC::CodeBlock::setupWithUnlinkedBaselineCode(WTF::Ref<JSC::BaselineJITCode, WTF::RawPtrTraits<JSC::BaselineJITCode>, WTF::DefaultRefDerefTraits<JSC::BaselineJITCode>>) /root/WebKit/Source/JavaScriptCore/bytecode/CodeBlock.cpp:830:32 (jsc+0x28e570)
    #6 JSC::JIT::finalizeOnMainThread(JSC::CodeBlock*, JSC::BaselineJITPlan&, WTF::RefPtr<JSC::BaselineJITCode, WTF::RawPtrTraits<JSC::BaselineJITCode>, WTF::DefaultRefDerefTraits<JSC::BaselineJITCode>>) /root/WebKit/Source/JavaScriptCore/jit/JIT.cpp:1041:16 (jsc+0xed6210)
    #7 JSC::BaselineJITPlan::finalize() /root/WebKit/Source/JavaScriptCore/jit/BaselineJITPlan.cpp:109:32 (jsc+0xead1b9)
    #8 JSC::JITWorklist::completeAllReadyPlansForVM(JSC::VM&, JSC::JITCompilationKey) /root/WebKit/Source/JavaScriptCore/jit/JITWorklist.cpp:314:15 (jsc+0x10454c9)
    #9 JSC::LLInt::jitCompileAndSetHeuristics(JSC::VM&, JSC::CodeBlock*) /root/WebKit/Source/JavaScriptCore/llint/LLIntSlowPaths.cpp:473:76 (jsc+0x107de23)
    #10 JSC::LLInt::entryOSR(JSC::CodeBlock*, char const*, JSC::LLInt::EntryKind) /root/WebKit/Source/JavaScriptCore/llint/LLIntSlowPaths.cpp:523:10 (jsc+0x107d202)
    #11 llint_entry_osr_function_for_call /root/WebKit/Source/JavaScriptCore/llint/LLIntSlowPaths.cpp:550:12 (jsc+0x107d462)
    #12 llint_function_for_call_prologue LowLevelInterpreter.cpp (jsc+0x1e0569e)
    #13 JSC::Interpreter::executeCall(JSC::JSObject*, JSC::CallData const&, JSC::JSValue, JSC::JSCell*, JSC::ArgList const&) /root/WebKit/Source/JavaScriptCore/interpreter/Interpreter.cpp (jsc+0xe8b88d)
    #14 JSC::call(JSC::JSGlobalObject*, JSC::JSValue, JSC::CallData const&, JSC::JSValue, JSC::ArgList const&) /root/WebKit/Source/JavaScriptCore/runtime/CallData.cpp:70:27 (jsc+0x1360d91)
    #15 JSC::call(JSC::JSGlobalObject*, JSC::JSValue, JSC::CallData const&, JSC::JSValue, JSC::ArgList const&, WTF::NakedPtr<JSC::Exception>&) /root/WebKit/Source/JavaScriptCore/runtime/CallData.cpp:77:22 (jsc+0x1360d91)
    #16 JSC::threadMain(JSC::VM&, WTF::Ref<JSC::ThreadState, WTF::RawPtrTraits<JSC::ThreadState>, WTF::DefaultRefDerefTraits<JSC::ThreadState>>) /root/WebKit/Source/JavaScriptCore/runtime/ThreadObject.cpp:241:30 (jsc+0x19a4ddc)
    #17 JSC::constructThread(JSC::JSGlobalObject*, JSC::CallFrame*)::$_0::operator()() /root/WebKit/Source/JavaScriptCore/runtime/ThreadObject.cpp:468:9 (jsc+0x19a4ddc)
    #18 WTF::Detail::CallableWrapper<JSC::constructThread(JSC::JSGlobalObject*, JSC::CallFrame*)::$_0, void>::call() /root/WebKit/WebKitBuild/TSan/WTF/Headers/wtf/Function.h:59:39 (jsc+0x19a4ddc)
    #19 WTF::Function<void ()>::operator()() const /root/WebKit/Source/WTF/wtf/Function.h:103:35 (jsc+0x25b59c5)
    #20 WTF::Thread::entryPoint(WTF::Thread::NewThreadContext*) /root/WebKit/Source/WTF/wtf/Threading.cpp:312:5 (jsc+0x25b59c5)
    #21 WTF::wtfThreadEntryPoint(void*) /root/WebKit/Source/WTF/wtf/posix/ThreadingPOSIX.cpp:264:5 (jsc+0x260f949)

  Thread T2 'JS Thread' (tid=2797994, running) created by main thread at:
    #0 pthread_create /home/runner/work/llvm-project/llvm-project/compiler-rt/lib/tsan/rtl/tsan_interceptors_posix.cpp:1090:3 (jsc+0x13ff1a)
    #1 WTF::Thread::establishHandle(WTF::Thread::NewThreadContext&, WTF::StackAllocationSpecification, WTF::ThreadQOS, WTF::ThreadSchedulingPolicy) /root/WebKit/Source/WTF/wtf/posix/ThreadingPOSIX.cpp:354:17 (jsc+0x260f835)
    #2 WTF::Thread::create(WTF::ASCIILiteral, WTF::Function<void ()>&&, WTF::ThreadType, WTF::ThreadQOS, WTF::ThreadSchedulingPolicy, WTF::StackAllocationSpecification) /root/WebKit/Source/WTF/wtf/Threading.cpp:330:32 (jsc+0x25b5d03)
    #3 JSC::constructThread(JSC::JSGlobalObject*, JSC::CallFrame*) /root/WebKit/Source/JavaScriptCore/runtime/ThreadObject.cpp:467:5 (jsc+0x199d36f)
    #4 <null> <null> (0x7fa8281ff217)
    #5 JSC::evaluate(JSC::JSGlobalObject*, JSC::SourceCode const&, JSC::JSValue, WTF::NakedPtr<JSC::Exception>&) /root/WebKit/Source/JavaScriptCore/runtime/Completion.cpp:145:37 (jsc+0x13c3de3)
    #6 runWithOptions(GlobalObject*, CommandLine&, bool&) /root/WebKit/Source/JavaScriptCore/jsc.cpp:3957:35 (jsc+0x1cafc5)
    #7 jscmain(int, char**)::$_0::operator()(JSC::VM&, GlobalObject*, bool&) const /root/WebKit/Source/JavaScriptCore/jsc.cpp:4686:13 (jsc+0x1cafc5)
    #8 int runJSC<jscmain(int, char**)::$_0>(CommandLine const&, bool, jscmain(int, char**)::$_0 const&) /root/WebKit/Source/JavaScriptCore/jsc.cpp:4472:13 (jsc+0x1cafc5)
    #9 jscmain(int, char**) /root/WebKit/Source/JavaScriptCore/jsc.cpp:4679:18 (jsc+0x1cafc5)
    #10 main /root/WebKit/Source/JavaScriptCore/jsc.cpp:3715:15 (jsc+0x1c9803)

SUMMARY: ThreadSanitizer: data race /root/WebKit/Source/JavaScriptCore/bytecode/PropertyInlineCache.h:166:5 in JSC::CacheableIdentifier JSC::icConcurrentRelaxedLoad<JSC::CacheableIdentifier>(JSC::CacheableIdentifier const&)
==================
==================
WARNING: ThreadSanitizer: data race (pid=2797991)
  Atomic read of size 8 at 0x722c0000b030 by thread T1:
    #0 JSC::JSGlobalObject* JSC::icConcurrentRelaxedLoad<JSC::JSGlobalObject*>(JSC::JSGlobalObject* const&) /root/WebKit/Source/JavaScriptCore/bytecode/PropertyInlineCache.h:166:5 (jsc+0xfa38b1)
    #1 JSC::ICRacyCell<JSC::JSGlobalObject*>::operator JSC::JSGlobalObject*() const /root/WebKit/Source/JavaScriptCore/bytecode/PropertyInlineCache.h:191:47 (jsc+0xfa38b1)
    #2 JSC::PropertyInlineCache::globalObject() const /root/WebKit/Source/JavaScriptCore/bytecode/PropertyInlineCache.h:550:51 (jsc+0xfa38b1)
    #3 operationGetByIdOptimize /root/WebKit/Source/JavaScriptCore/jit/JITOperations.cpp:573:51 (jsc+0xfa38b1)
    #4 <null> <null> (0x7fa8282026e4)
    #5 JSC::Interpreter::executeCall(JSC::JSObject*, JSC::CallData const&, JSC::JSValue, JSC::JSCell*, JSC::ArgList const&) /root/WebKit/Source/JavaScriptCore/interpreter/Interpreter.cpp (jsc+0xe8b88d)
    #6 JSC::call(JSC::JSGlobalObject*, JSC::JSValue, JSC::CallData const&, JSC::JSValue, JSC::ArgList const&) /root/WebKit/Source/JavaScriptCore/runtime/CallData.cpp:70:27 (jsc+0x1360d91)
    #7 JSC::call(JSC::JSGlobalObject*, JSC::JSValue, JSC::CallData const&, JSC::JSValue, JSC::ArgList const&, WTF::NakedPtr<JSC::Exception>&) /root/WebKit/Source/JavaScriptCore/runtime/CallData.cpp:77:22 (jsc+0x1360d91)
    #8 JSC::threadMain(JSC::VM&, WTF::Ref<JSC::ThreadState, WTF::RawPtrTraits<JSC::ThreadState>, WTF::DefaultRefDerefTraits<JSC::ThreadState>>) /root/WebKit/Source/JavaScriptCore/runtime/ThreadObject.cpp:241:30 (jsc+0x19a4ddc)
    #9 JSC::constructThread(JSC::JSGlobalObject*, JSC::CallFrame*)::$_0::operator()() /root/WebKit/Source/JavaScriptCore/runtime/ThreadObject.cpp:468:9 (jsc+0x19a4ddc)
    #10 WTF::Detail::CallableWrapper<JSC::constructThread(JSC::JSGlobalObject*, JSC::CallFrame*)::$_0, void>::call() /root/WebKit/WebKitBuild/TSan/WTF/Headers/wtf/Function.h:59:39 (jsc+0x19a4ddc)
    #11 WTF::Function<void ()>::operator()() const /root/WebKit/Source/WTF/wtf/Function.h:103:35 (jsc+0x25b59c5)
    #12 WTF::Thread::entryPoint(WTF::Thread::NewThreadContext*) /root/WebKit/Source/WTF/wtf/Threading.cpp:312:5 (jsc+0x25b59c5)
    #13 WTF::wtfThreadEntryPoint(void*) /root/WebKit/Source/WTF/wtf/posix/ThreadingPOSIX.cpp:264:5 (jsc+0x260f949)

  Previous write of size 8 at 0x722c0000b030 by thread T2:
    #0 malloc /home/runner/work/llvm-project/llvm-project/compiler-rt/lib/tsan/rtl/tsan_interceptors_posix.cpp:682:5 (jsc+0x13dc20)
    #1 bmalloc::api::malloc(unsigned long, bmalloc::CompactAllocationMode, bmalloc::HeapKind) /root/WebKit/WebKitBuild/TSan/bmalloc/Headers/bmalloc/bmalloc.h:96:20 (jsc+0x2598c09)
    #2 WTF::fastMalloc(unsigned long) /root/WebKit/Source/WTF/wtf/FastMalloc.cpp:337:20 (jsc+0x2598c09)
    #3 JSC::BaselineJITData* WTF::ButterflyArray<JSC::BaselineJITData, JSC::HandlerPropertyInlineCache, void*>::createImpl<JSC::CodeBlock*&>(unsigned int, unsigned int, JSC::CodeBlock*&) /root/WebKit/WebKitBuild/TSan/WTF/Headers/wtf/ButterflyArray.h:59:51 (jsc+0x28e570)
    #4 JSC::BaselineJITData::create(unsigned int, unsigned int, JSC::CodeBlock*) /root/WebKit/Source/JavaScriptCore/jit/BaselineJITCode.h:131:51 (jsc+0x28e570)
    #5 JSC::CodeBlock::setupWithUnlinkedBaselineCode(WTF::Ref<JSC::BaselineJITCode, WTF::RawPtrTraits<JSC::BaselineJITCode>, WTF::DefaultRefDerefTraits<JSC::BaselineJITCode>>) /root/WebKit/Source/JavaScriptCore/bytecode/CodeBlock.cpp:830:32 (jsc+0x28e570)
    #6 JSC::JIT::finalizeOnMainThread(JSC::CodeBlock*, JSC::BaselineJITPlan&, WTF::RefPtr<JSC::BaselineJITCode, WTF::RawPtrTraits<JSC::BaselineJITCode>, WTF::DefaultRefDerefTraits<JSC::BaselineJITCode>>) /root/WebKit/Source/JavaScriptCore/jit/JIT.cpp:1041:16 (jsc+0xed6210)
    #7 JSC::BaselineJITPlan::finalize() /root/WebKit/Source/JavaScriptCore/jit/BaselineJITPlan.cpp:109:32 (jsc+0xead1b9)
    #8 JSC::JITWorklist::completeAllReadyPlansForVM(JSC::VM&, JSC::JITCompilationKey) /root/WebKit/Source/JavaScriptCore/jit/JITWorklist.cpp:314:15 (jsc+0x10454c9)
    #9 JSC::LLInt::jitCompileAndSetHeuristics(JSC::VM&, JSC::CodeBlock*) /root/WebKit/Source/JavaScriptCore/llint/LLIntSlowPaths.cpp:473:76 (jsc+0x107de23)
    #10 JSC::LLInt::entryOSR(JSC::CodeBlock*, char const*, JSC::LLInt::EntryKind) /root/WebKit/Source/JavaScriptCore/llint/LLIntSlowPaths.cpp:523:10 (jsc+0x107d202)
    #11 llint_entry_osr_function_for_call /root/WebKit/Source/JavaScriptCore/llint/LLIntSlowPaths.cpp:550:12 (jsc+0x107d462)
    #12 llint_function_for_call_prologue LowLevelInterpreter.cpp (jsc+0x1e0569e)
    #13 JSC::Interpreter::executeCall(JSC::JSObject*, JSC::CallData const&, JSC::JSValue, JSC::JSCell*, JSC::ArgList const&) /root/WebKit/Source/JavaScriptCore/interpreter/Interpreter.cpp (jsc+0xe8b88d)
    #14 JSC::call(JSC::JSGlobalObject*, JSC::JSValue, JSC::CallData const&, JSC::JSValue, JSC::ArgList const&) /root/WebKit/Source/JavaScriptCore/runtime/CallData.cpp:70:27 (jsc+0x1360d91)
    #15 JSC::call(JSC::JSGlobalObject*, JSC::JSValue, JSC::CallData const&, JSC::JSValue, JSC::ArgList const&, WTF::NakedPtr<JSC::Exception>&) /root/WebKit/Source/JavaScriptCore/runtime/CallData.cpp:77:22 (jsc+0x1360d91)
    #16 JSC::threadMain(JSC::VM&, WTF::Ref<JSC::ThreadState, WTF::RawPtrTraits<JSC::ThreadState>, WTF::DefaultRefDerefTraits<JSC::ThreadState>>) /root/WebKit/Source/JavaScriptCore/runtime/ThreadObject.cpp:241:30 (jsc+0x19a4ddc)
    #17 JSC::constructThread(JSC::JSGlobalObject*, JSC::CallFrame*)::$_0::operator()() /root/WebKit/Source/JavaScriptCore/runtime/ThreadObject.cpp:468:9 (jsc+0x19a4ddc)
    #18 WTF::Detail::CallableWrapper<JSC::constructThread(JSC::JSGlobalObject*, JSC::CallFrame*)::$_0, void>::call() /root/WebKit/WebKitBuild/TSan/WTF/Headers/wtf/Function.h:59:39 (jsc+0x19a4ddc)
    #19 WTF::Function<void ()>::operator()() const /root/WebKit/Source/WTF/wtf/Function.h:103:35 (jsc+0x25b59c5)
    #20 WTF::Thread::entryPoint(WTF::Thread::NewThreadContext*) /root/WebKit/Source/WTF/wtf/Threading.cpp:312:5 (jsc+0x25b59c5)
    #21 WTF::wtfThreadEntryPoint(void*) /root/WebKit/Source/WTF/wtf/posix/ThreadingPOSIX.cpp:264:5 (jsc+0x260f949)

  Location is heap block of size 176 at 0x722c0000b000 allocated by thread T2:
    #0 malloc /home/runner/work/llvm-project/llvm-project/compiler-rt/lib/tsan/rtl/tsan_interceptors_posix.cpp:682:5 (jsc+0x13dc20)
    #1 bmalloc::api::malloc(unsigned long, bmalloc::CompactAllocationMode, bmalloc::HeapKind) /root/WebKit/WebKitBuild/TSan/bmalloc/Headers/bmalloc/bmalloc.h:96:20 (jsc+0x2598c09)
    #2 WTF::fastMalloc(unsigned long) /root/WebKit/Source/WTF/wtf/FastMalloc.cpp:337:20 (jsc+0x2598c09)
    #3 JSC::BaselineJITData* WTF::ButterflyArray<JSC::BaselineJITData, JSC::HandlerPropertyInlineCache, void*>::createImpl<JSC::CodeBlock*&>(unsigned int, unsigned int, JSC::CodeBlock*&) /root/WebKit/WebKitBuild/TSan/WTF/Headers/wtf/ButterflyArray.h:59:51 (jsc+0x28e570)
    #4 JSC::BaselineJITData::create(unsigned int, unsigned int, JSC::CodeBlock*) /root/WebKit/Source/JavaScriptCore/jit/BaselineJITCode.h:131:51 (jsc+0x28e570)
    #5 JSC::CodeBlock::setupWithUnlinkedBaselineCode(WTF::Ref<JSC::BaselineJITCode, WTF::RawPtrTraits<JSC::BaselineJITCode>, WTF::DefaultRefDerefTraits<JSC::BaselineJITCode>>) /root/WebKit/Source/JavaScriptCore/bytecode/CodeBlock.cpp:830:32 (jsc+0x28e570)
    #6 JSC::JIT::finalizeOnMainThread(JSC::CodeBlock*, JSC::BaselineJITPlan&, WTF::RefPtr<JSC::BaselineJITCode, WTF::RawPtrTraits<JSC::BaselineJITCode>, WTF::DefaultRefDerefTraits<JSC::BaselineJITCode>>) /root/WebKit/Source/JavaScriptCore/jit/JIT.cpp:1041:16 (jsc+0xed6210)
    #7 JSC::BaselineJITPlan::finalize() /root/WebKit/Source/JavaScriptCore/jit/BaselineJITPlan.cpp:109:32 (jsc+0xead1b9)
    #8 JSC::JITWorklist::completeAllReadyPlansForVM(JSC::VM&, JSC::JITCompilationKey) /root/WebKit/Source/JavaScriptCore/jit/JITWorklist.cpp:314:15 (jsc+0x10454c9)
    #9 JSC::LLInt::jitCompileAndSetHeuristics(JSC::VM&, JSC::CodeBlock*) /root/WebKit/Source/JavaScriptCore/llint/LLIntSlowPaths.cpp:473:76 (jsc+0x107de23)
    #10 JSC::LLInt::entryOSR(JSC::CodeBlock*, char const*, JSC::LLInt::EntryKind) /root/WebKit/Source/JavaScriptCore/llint/LLIntSlowPaths.cpp:523:10 (jsc+0x107d202)
    #11 llint_entry_osr_function_for_call /root/WebKit/Source/JavaScriptCore/llint/LLIntSlowPaths.cpp:550:12 (jsc+0x107d462)
    #12 llint_function_for_call_prologue LowLevelInterpreter.cpp (jsc+0x1e0569e)
    #13 JSC::Interpreter::executeCall(JSC::JSObject*, JSC::CallData const&, JSC::JSValue, JSC::JSCell*, JSC::ArgList const&) /root/WebKit/Source/JavaScriptCore/interpreter/Interpreter.cpp (jsc+0xe8b88d)
    #14 JSC::call(JSC::JSGlobalObject*, JSC::JSValue, JSC::CallData const&, JSC::JSValue, JSC::ArgList const&) /root/WebKit/Source/JavaScriptCore/runtime/CallData.cpp:70:27 (jsc+0x1360d91)
    #15 JSC::call(JSC::JSGlobalObject*, JSC::JSValue, JSC::CallData const&, JSC::JSValue, JSC::ArgList const&, WTF::NakedPtr<JSC::Exception>&) /root/WebKit/Source/JavaScriptCore/runtime/CallData.cpp:77:22 (jsc+0x1360d91)
    #16 JSC::threadMain(JSC::VM&, WTF::Ref<JSC::ThreadState, WTF::RawPtrTraits<JSC::ThreadState>, WTF::DefaultRefDerefTraits<JSC::ThreadState>>) /root/WebKit/Source/JavaScriptCore/runtime/ThreadObject.cpp:241:30 (jsc+0x19a4ddc)
    #17 JSC::constructThread(JSC::JSGlobalObject*, JSC::CallFrame*)::$_0::operator()() /root/WebKit/Source/JavaScriptCore/runtime/ThreadObject.cpp:468:9 (jsc+0x19a4ddc)
    #18 WTF::Detail::CallableWrapper<JSC::constructThread(JSC::JSGlobalObject*, JSC::CallFrame*)::$_0, void>::call() /root/WebKit/WebKitBuild/TSan/WTF/Headers/wtf/Function.h:59:39 (jsc+0x19a4ddc)
    #19 WTF::Function<void ()>::operator()() const /root/WebKit/Source/WTF/wtf/Function.h:103:35 (jsc+0x25b59c5)
    #20 WTF::Thread::entryPoint(WTF::Thread::NewThreadContext*) /root/WebKit/Source/WTF/wtf/Threading.cpp:312:5 (jsc+0x25b59c5)
    #21 WTF::wtfThreadEntryPoint(void*) /root/WebKit/Source/WTF/wtf/posix/ThreadingPOSIX.cpp:264:5 (jsc+0x260f949)

  Thread T1 'JS Thread' (tid=2797993, running) created by main thread at:
    #0 pthread_create /home/runner/work/llvm-project/llvm-project/compiler-rt/lib/tsan/rtl/tsan_interceptors_posix.cpp:1090:3 (jsc+0x13ff1a)
    #1 WTF::Thread::establishHandle(WTF::Thread::NewThreadContext&, WTF::StackAllocationSpecification, WTF::ThreadQOS, WTF::ThreadSchedulingPolicy) /root/WebKit/Source/WTF/wtf/posix/ThreadingPOSIX.cpp:354:17 (jsc+0x260f835)
    #2 WTF::Thread::create(WTF::ASCIILiteral, WTF::Function<void ()>&&, WTF::ThreadType, WTF::ThreadQOS, WTF::ThreadSchedulingPolicy, WTF::StackAllocationSpecification) /root/WebKit/Source/WTF/wtf/Threading.cpp:330:32 (jsc+0x25b5d03)
    #3 JSC::constructThread(JSC::JSGlobalObject*, JSC::CallFrame*) /root/WebKit/Source/JavaScriptCore/runtime/ThreadObject.cpp:467:5 (jsc+0x199d36f)
    #4 <null> <null> (0x7fa8281ff217)
    #5 JSC::evaluate(JSC::JSGlobalObject*, JSC::SourceCode const&, JSC::JSValue, WTF::NakedPtr<JSC::Exception>&) /root/WebKit/Source/JavaScriptCore/runtime/Completion.cpp:145:37 (jsc+0x13c3de3)
    #6 runWithOptions(GlobalObject*, CommandLine&, bool&) /root/WebKit/Source/JavaScriptCore/jsc.cpp:3957:35 (jsc+0x1cafc5)
    #7 jscmain(int, char**)::$_0::operator()(JSC::VM&, GlobalObject*, bool&) const /root/WebKit/Source/JavaScriptCore/jsc.cpp:4686:13 (jsc+0x1cafc5)
    #8 int runJSC<jscmain(int, char**)::$_0>(CommandLine const&, bool, jscmain(int, char**)::$_0 const&) /root/WebKit/Source/JavaScriptCore/jsc.cpp:4472:13 (jsc+0x1cafc5)
    #9 jscmain(int, char**) /root/WebKit/Source/JavaScriptCore/jsc.cpp:4679:18 (jsc+0x1cafc5)
    #10 main /root/WebKit/Source/JavaScriptCore/jsc.cpp:3715:15 (jsc+0x1c9803)

  Thread T2 'JS Thread' (tid=2797994, running) created by main thread at:
    #0 pthread_create /home/runner/work/llvm-project/llvm-project/compiler-rt/lib/tsan/rtl/tsan_interceptors_posix.cpp:1090:3 (jsc+0x13ff1a)
    #1 WTF::Thread::establishHandle(WTF::Thread::NewThreadContext&, WTF::StackAllocationSpecification, WTF::ThreadQOS, WTF::ThreadSchedulingPolicy) /root/WebKit/Source/WTF/wtf/posix/ThreadingPOSIX.cpp:354:17 (jsc+0x260f835)
    #2 WTF::Thread::create(WTF::ASCIILiteral, WTF::Function<void ()>&&, WTF::ThreadType, WTF::ThreadQOS, WTF::ThreadSchedulingPolicy, WTF::StackAllocationSpecification) /root/WebKit/Source/WTF/wtf/Threading.cpp:330:32 (jsc+0x25b5d03)
    #3 JSC::constructThread(JSC::JSGlobalObject*, JSC::CallFrame*) /root/WebKit/Source/JavaScriptCore/runtime/ThreadObject.cpp:467:5 (jsc+0x199d36f)
    #4 <null> <null> (0x7fa8281ff217)
    #5 JSC::evaluate(JSC::JSGlobalObject*, JSC::SourceCode const&, JSC::JSValue, WTF::NakedPtr<JSC::Exception>&) /root/WebKit/Source/JavaScriptCore/runtime/Completion.cpp:145:37 (jsc+0x13c3de3)
    #6 runWithOptions(GlobalObject*, CommandLine&, bool&) /root/WebKit/Source/JavaScriptCore/jsc.cpp:3957:35 (jsc+0x1cafc5)
    #7 jscmain(int, char**)::$_0::operator()(JSC::VM&, GlobalObject*, bool&) const /root/WebKit/Source/JavaScriptCore/jsc.cpp:4686:13 (jsc+0x1cafc5)
    #8 int runJSC<jscmain(int, char**)::$_0>(CommandLine const&, bool, jscmain(int, char**)::$_0 const&) /root/WebKit/Source/JavaScriptCore/jsc.cpp:4472:13 (jsc+0x1cafc5)
    #9 jscmain(int, char**) /root/WebKit/Source/JavaScriptCore/jsc.cpp:4679:18 (jsc+0x1cafc5)
    #10 main /root/WebKit/Source/JavaScriptCore/jsc.cpp:3715:15 (jsc+0x1c9803)

SUMMARY: ThreadSanitizer: data race /root/WebKit/Source/JavaScriptCore/bytecode/PropertyInlineCache.h:166:5 in JSC::JSGlobalObject* JSC::icConcurrentRelaxedLoad<JSC::JSGlobalObject*>(JSC::JSGlobalObject* const&)
==================
==================
WARNING: ThreadSanitizer: data race (pid=2797991)
  Atomic read of size 1 at 0x720800014304 by thread T4:
    #0 std::atomic<JSC::WatchpointState>::load(std::memory_order) const /usr/lib/gcc/x86_64-amazon-linux/14/../../../../include/c++/14/atomic:302:2 (jsc+0x61df94)
    #1 WTF::Atomic<JSC::WatchpointState>::load(std::memory_order) const /root/WebKit/WebKitBuild/TSan/WTF/Headers/wtf/Atomics.h:55:100 (jsc+0x61df94)
    #2 WTF::Atomic<JSC::WatchpointState>::loadRelaxed() const /root/WebKit/WebKitBuild/TSan/WTF/Headers/wtf/Atomics.h:57:50 (jsc+0x61df94)
    #3 JSC::WatchpointSet::state() const /root/WebKit/Source/JavaScriptCore/bytecode/Watchpoint.h:250:24 (jsc+0x61df94)
    #4 JSC::InlineWatchpointSet::state() const /root/WebKit/Source/JavaScriptCore/bytecode/Watchpoint.h:438:38 (jsc+0x61df94)
    #5 JSC::InlineWatchpointSet::hasBeenInvalidated() const /root/WebKit/Source/JavaScriptCore/bytecode/Watchpoint.h:447:16 (jsc+0x61df94)
    #6 JSC::InlineWatchpointSet::isStillValid() const /root/WebKit/Source/JavaScriptCore/bytecode/Watchpoint.h:453:17 (jsc+0x61df94)
    #7 decltype(this->unwrapDependent<>().isStillValid()) JSC::Structure::TsanDeferredCtorMember<JSC::InlineWatchpointSet>::isStillValid<>() const /root/WebKit/Source/JavaScriptCore/runtime/Structure.h:1551:9 (jsc+0x61df94)
    #8 JSC::Structure::transitionWatchpointSetIsStillValid() const /root/WebKit/Source/JavaScriptCore/runtime/Structure.h:859:42 (jsc+0x61df94)
    #9 JSC::Structure::dfgShouldWatch() const /root/WebKit/Source/JavaScriptCore/runtime/Structure.h:885:46 (jsc+0x61df94)
    #10 JSC::DFG::DesiredWatchpoints::consider(JSC::Structure*) /root/WebKit/Source/JavaScriptCore/dfg/DFGDesiredWatchpoints.cpp:155:21 (jsc+0x61df94)
    #11 JSC::DFG::Graph::registerStructure(JSC::Structure*, JSC::DFG::StructureRegistrationResult&) /root/WebKit/Source/JavaScriptCore/dfg/DFGGraph.cpp:1714:30 (jsc+0x6472ff)
    #12 JSC::DFG::Graph::registerStructure(JSC::Structure*) /root/WebKit/Source/JavaScriptCore/dfg/DFGGraph.h:297:16 (jsc+0x6472ff)
    #13 JSC::DFG::Graph::Graph(JSC::VM&, JSC::DFG::Plan&) /root/WebKit/Source/JavaScriptCore/dfg/DFGGraph.cpp:98:5 (jsc+0x6472ff)
    #14 JSC::DFG::Plan::compileInThreadImpl() /root/WebKit/Source/JavaScriptCore/dfg/DFGPlan.cpp:251:11 (jsc+0x8b07b0)
    #15 JSC::JITPlan::compileInThread(JSC::JITWorklistThread*) /root/WebKit/Source/JavaScriptCore/jit/JITPlan.cpp:283:28 (jsc+0xfded9d)
    #16 JSC::JITWorklistThread::work() /root/WebKit/Source/JavaScriptCore/jit/JITWorklistThread.cpp:145:13 (jsc+0x104970b)
    #17 WTF::AutomaticThread::start(WTF::AbstractLocker const&)::$_0::operator()() const /root/WebKit/Source/WTF/wtf/AutomaticThread.cpp:260:37 (jsc+0x258aaac)
    #18 WTF::Detail::CallableWrapper<WTF::AutomaticThread::start(WTF::AbstractLocker const&)::$_0, void>::call() /root/WebKit/Source/WTF/wtf/Function.h:59:39 (jsc+0x258aaac)
    #19 WTF::Function<void ()>::operator()() const /root/WebKit/Source/WTF/wtf/Function.h:103:35 (jsc+0x25b59c5)
    #20 WTF::Thread::entryPoint(WTF::Thread::NewThreadContext*) /root/WebKit/Source/WTF/wtf/Threading.cpp:312:5 (jsc+0x25b59c5)
    #21 WTF::wtfThreadEntryPoint(void*) /root/WebKit/Source/WTF/wtf/posix/ThreadingPOSIX.cpp:264:5 (jsc+0x260f949)

  Previous write of size 8 at 0x720800014300 by main thread:
    #0 malloc /home/runner/work/llvm-project/llvm-project/compiler-rt/lib/tsan/rtl/tsan_interceptors_posix.cpp:682:5 (jsc+0x13dc20)
    #1 bmalloc::api::malloc(unsigned long, bmalloc::CompactAllocationMode, bmalloc::HeapKind) /root/WebKit/WebKitBuild/TSan/bmalloc/Headers/bmalloc/bmalloc.h:96:20 (jsc+0x2598c09)
    #2 WTF::fastMalloc(unsigned long) /root/WebKit/Source/WTF/wtf/FastMalloc.cpp:337:20 (jsc+0x2598c09)
    #3 JSC::WatchpointSet::operator new(unsigned long) /root/WebKit/Source/JavaScriptCore/bytecode/Watchpoint.h:223:5 (jsc+0x3ca425)
    #4 JSC::WatchpointSet::create(JSC::WatchpointState, JSC::WatchpointSetClassification) /root/WebKit/Source/JavaScriptCore/bytecode/Watchpoint.h:233:26 (jsc+0x3ca425)
    #5 JSC::InlineWatchpointSet::inflateSlow() /root/WebKit/Source/JavaScriptCore/bytecode/Watchpoint.cpp:476:27 (jsc+0x3ca425)
    #6 JSC::InlineWatchpointSet::inflate() /root/WebKit/Source/JavaScriptCore/bytecode/Watchpoint.h:580:16 (jsc+0x3ca14b)
    #7 JSC::InlineWatchpointSet::add(JSC::Watchpoint*) /root/WebKit/Source/JavaScriptCore/bytecode/Watchpoint.cpp:451:5 (jsc+0x3ca14b)
    #8 JSC::DFG::SetPointerAdaptor<JSC::InlineWatchpointSet*>::add(JSC::CodeBlock*, JSC::InlineWatchpointSet*, JSC::DFG::WatchpointCollector&)::'lambda'(JSC::CodeBlockJettisoningWatchpoint&)::operator()(JSC::CodeBlockJettisoningWatchpoint&) const /root/WebKit/Source/JavaScriptCore/dfg/DFGDesiredWatchpoints.h:129:18 (jsc+0x64103d)
    #9 bool JSC::DFG::WatchpointCollector::addWatchpoint<JSC::DFG::SetPointerAdaptor<JSC::InlineWatchpointSet*>::add(JSC::CodeBlock*, JSC::InlineWatchpointSet*, JSC::DFG::WatchpointCollector&)::'lambda'(JSC::CodeBlockJettisoningWatchpoint&)>(JSC::DFG::SetPointerAdaptor<JSC::InlineWatchpointSet*>::add(JSC::CodeBlock*, JSC::InlineWatchpointSet*, JSC::DFG::WatchpointCollector&)::'lambda'(JSC::CodeBlockJettisoningWatchpoint&) const&) /root/WebKit/Source/JavaScriptCore/dfg/DFGDesiredWatchpoints.h:79:20 (jsc+0x61ed49)
    #10 JSC::DFG::SetPointerAdaptor<JSC::InlineWatchpointSet*>::add(JSC::CodeBlock*, JSC::InlineWatchpointSet*, JSC::DFG::WatchpointCollector&) /root/WebKit/Source/JavaScriptCore/dfg/DFGDesiredWatchpoints.h:121:26 (jsc+0x61ed49)
    #11 JSC::DFG::GenericDesiredWatchpoints<JSC::InlineWatchpointSet*, JSC::DFG::SetPointerAdaptor<JSC::InlineWatchpointSet*>>::reallyAdd(JSC::CodeBlock*, JSC::DFG::WatchpointCollector&) /root/WebKit/Source/JavaScriptCore/dfg/DFGDesiredWatchpoints.h:214:18 (jsc+0x61ed49)
    #12 JSC::DFG::DesiredWatchpoints::reallyAdd(JSC::CodeBlock*, JSC::DFG::DesiredIdentifiers&, JSC::DFG::CommonData*) /root/WebKit/Source/JavaScriptCore/dfg/DFGDesiredWatchpoints.cpp:209:23 (jsc+0x61f870)
    #13 JSC::DFG::Plan::reallyAdd(JSC::DFG::CommonData*) /root/WebKit/Source/JavaScriptCore/dfg/DFGPlan.cpp:611:24 (jsc+0x8b80f0)
    #14 JSC::DFG::Plan::finalize()::$_0::operator()() const /root/WebKit/Source/JavaScriptCore/dfg/DFGPlan.cpp:671:14 (jsc+0x8b8422)
    #15 JSC::DFG::Plan::finalize() /root/WebKit/Source/JavaScriptCore/dfg/DFGPlan.cpp:654:32 (jsc+0x8b8422)
    #16 JSC::JITWorklist::completeAllReadyPlansForVM(JSC::VM&, JSC::JITCompilationKey) /root/WebKit/Source/JavaScriptCore/jit/JITWorklist.cpp:314:15 (jsc+0x10454c9)
    #17 JSC::LLInt::jitCompileAndSetHeuristics(JSC::VM&, JSC::CodeBlock*) /root/WebKit/Source/JavaScriptCore/llint/LLIntSlowPaths.cpp:473:76 (jsc+0x107de23)
    #18 llint_loop_osr /root/WebKit/Source/JavaScriptCore/llint/LLIntSlowPaths.cpp:594:10 (jsc+0x107d80b)
    #19 llint_op_loop_hint LowLevelInterpreter.cpp (jsc+0x1e2403c)
    #20 JSC::evaluate(JSC::JSGlobalObject*, JSC::SourceCode const&, JSC::JSValue, WTF::NakedPtr<JSC::Exception>&) /root/WebKit/Source/JavaScriptCore/runtime/Completion.cpp:145:37 (jsc+0x13c3de3)
    #21 runWithOptions(GlobalObject*, CommandLine&, bool&) /root/WebKit/Source/JavaScriptCore/jsc.cpp:3957:35 (jsc+0x1cafc5)
    #22 jscmain(int, char**)::$_0::operator()(JSC::VM&, GlobalObject*, bool&) const /root/WebKit/Source/JavaScriptCore/jsc.cpp:4686:13 (jsc+0x1cafc5)
    #23 int runJSC<jscmain(int, char**)::$_0>(CommandLine const&, bool, jscmain(int, char**)::$_0 const&) /root/WebKit/Source/JavaScriptCore/jsc.cpp:4472:13 (jsc+0x1cafc5)
    #24 jscmain(int, char**) /root/WebKit/Source/JavaScriptCore/jsc.cpp:4679:18 (jsc+0x1cafc5)
    #25 main /root/WebKit/Source/JavaScriptCore/jsc.cpp:3715:15 (jsc+0x1c9803)

  Location is heap block of size 24 at 0x720800014300 allocated by main thread:
    #0 malloc /home/runner/work/llvm-project/llvm-project/compiler-rt/lib/tsan/rtl/tsan_interceptors_posix.cpp:682:5 (jsc+0x13dc20)
    #1 bmalloc::api::malloc(unsigned long, bmalloc::CompactAllocationMode, bmalloc::HeapKind) /root/WebKit/WebKitBuild/TSan/bmalloc/Headers/bmalloc/bmalloc.h:96:20 (jsc+0x2598c09)
    #2 WTF::fastMalloc(unsigned long) /root/WebKit/Source/WTF/wtf/FastMalloc.cpp:337:20 (jsc+0x2598c09)
    #3 JSC::WatchpointSet::operator new(unsigned long) /root/WebKit/Source/JavaScriptCore/bytecode/Watchpoint.h:223:5 (jsc+0x3ca425)
    #4 JSC::WatchpointSet::create(JSC::WatchpointState, JSC::WatchpointSetClassification) /root/WebKit/Source/JavaScriptCore/bytecode/Watchpoint.h:233:26 (jsc+0x3ca425)
    #5 JSC::InlineWatchpointSet::inflateSlow() /root/WebKit/Source/JavaScriptCore/bytecode/Watchpoint.cpp:476:27 (jsc+0x3ca425)
    #6 JSC::InlineWatchpointSet::inflate() /root/WebKit/Source/JavaScriptCore/bytecode/Watchpoint.h:580:16 (jsc+0x3ca14b)
    #7 JSC::InlineWatchpointSet::add(JSC::Watchpoint*) /root/WebKit/Source/JavaScriptCore/bytecode/Watchpoint.cpp:451:5 (jsc+0x3ca14b)
    #8 JSC::DFG::SetPointerAdaptor<JSC::InlineWatchpointSet*>::add(JSC::CodeBlock*, JSC::InlineWatchpointSet*, JSC::DFG::WatchpointCollector&)::'lambda'(JSC::CodeBlockJettisoningWatchpoint&)::operator()(JSC::CodeBlockJettisoningWatchpoint&) const /root/WebKit/Source/JavaScriptCore/dfg/DFGDesiredWatchpoints.h:129:18 (jsc+0x64103d)
    #9 bool JSC::DFG::WatchpointCollector::addWatchpoint<JSC::DFG::SetPointerAdaptor<JSC::InlineWatchpointSet*>::add(JSC::CodeBlock*, JSC::InlineWatchpointSet*, JSC::DFG::WatchpointCollector&)::'lambda'(JSC::CodeBlockJettisoningWatchpoint&)>(JSC::DFG::SetPointerAdaptor<JSC::InlineWatchpointSet*>::add(JSC::CodeBlock*, JSC::InlineWatchpointSet*, JSC::DFG::WatchpointCollector&)::'lambda'(JSC::CodeBlockJettisoningWatchpoint&) const&) /root/WebKit/Source/JavaScriptCore/dfg/DFGDesiredWatchpoints.h:79:20 (jsc+0x61ed49)
    #10 JSC::DFG::SetPointerAdaptor<JSC::InlineWatchpointSet*>::add(JSC::CodeBlock*, JSC::InlineWatchpointSet*, JSC::DFG::WatchpointCollector&) /root/WebKit/Source/JavaScriptCore/dfg/DFGDesiredWatchpoints.h:121:26 (jsc+0x61ed49)
    #11 JSC::DFG::GenericDesiredWatchpoints<JSC::InlineWatchpointSet*, JSC::DFG::SetPointerAdaptor<JSC::InlineWatchpointSet*>>::reallyAdd(JSC::CodeBlock*, JSC::DFG::WatchpointCollector&) /root/WebKit/Source/JavaScriptCore/dfg/DFGDesiredWatchpoints.h:214:18 (jsc+0x61ed49)
    #12 JSC::DFG::DesiredWatchpoints::reallyAdd(JSC::CodeBlock*, JSC::DFG::DesiredIdentifiers&, JSC::DFG::CommonData*) /root/WebKit/Source/JavaScriptCore/dfg/DFGDesiredWatchpoints.cpp:209:23 (jsc+0x61f870)
    #13 JSC::DFG::Plan::reallyAdd(JSC::DFG::CommonData*) /root/WebKit/Source/JavaScriptCore/dfg/DFGPlan.cpp:611:24 (jsc+0x8b80f0)
    #14 JSC::DFG::Plan::finalize()::$_0::operator()() const /root/WebKit/Source/JavaScriptCore/dfg/DFGPlan.cpp:671:14 (jsc+0x8b8422)
    #15 JSC::DFG::Plan::finalize() /root/WebKit/Source/JavaScriptCore/dfg/DFGPlan.cpp:654:32 (jsc+0x8b8422)
    #16 JSC::JITWorklist::completeAllReadyPlansForVM(JSC::VM&, JSC::JITCompilationKey) /root/WebKit/Source/JavaScriptCore/jit/JITWorklist.cpp:314:15 (jsc+0x10454c9)
    #17 JSC::LLInt::jitCompileAndSetHeuristics(JSC::VM&, JSC::CodeBlock*) /root/WebKit/Source/JavaScriptCore/llint/LLIntSlowPaths.cpp:473:76 (jsc+0x107de23)
    #18 llint_loop_osr /root/WebKit/Source/JavaScriptCore/llint/LLIntSlowPaths.cpp:594:10 (jsc+0x107d80b)
    #19 llint_op_loop_hint LowLevelInterpreter.cpp (jsc+0x1e2403c)
    #20 JSC::evaluate(JSC::JSGlobalObject*, JSC::SourceCode const&, JSC::JSValue, WTF::NakedPtr<JSC::Exception>&) /root/WebKit/Source/JavaScriptCore/runtime/Completion.cpp:145:37 (jsc+0x13c3de3)
    #21 runWithOptions(GlobalObject*, CommandLine&, bool&) /root/WebKit/Source/JavaScriptCore/jsc.cpp:3957:35 (jsc+0x1cafc5)
    #22 jscmain(int, char**)::$_0::operator()(JSC::VM&, GlobalObject*, bool&) const /root/WebKit/Source/JavaScriptCore/jsc.cpp:4686:13 (jsc+0x1cafc5)
    #23 int runJSC<jscmain(int, char**)::$_0>(CommandLine const&, bool, jscmain(int, char**)::$_0 const&) /root/WebKit/Source/JavaScriptCore/jsc.cpp:4472:13 (jsc+0x1cafc5)
    #24 jscmain(int, char**) /root/WebKit/Source/JavaScriptCore/jsc.cpp:4679:18 (jsc+0x1cafc5)
    #25 main /root/WebKit/Source/JavaScriptCore/jsc.cpp:3715:15 (jsc+0x1c9803)

  Thread T4 'JITWorker' (tid=2797996, running) created by thread T1 at:
    #0 pthread_create /home/runner/work/llvm-project/llvm-project/compiler-rt/lib/tsan/rtl/tsan_interceptors_posix.cpp:1090:3 (jsc+0x13ff1a)
    #1 WTF::Thread::establishHandle(WTF::Thread::NewThreadContext&, WTF::StackAllocationSpecification, WTF::ThreadQOS, WTF::ThreadSchedulingPolicy) /root/WebKit/Source/WTF/wtf/posix/ThreadingPOSIX.cpp:354:17 (jsc+0x260f835)
    #2 WTF::Thread::create(WTF::ASCIILiteral, WTF::Function<void ()>&&, WTF::ThreadType, WTF::ThreadQOS, WTF::ThreadSchedulingPolicy, WTF::StackAllocationSpecification) /root/WebKit/Source/WTF/wtf/Threading.cpp:330:32 (jsc+0x25b5d03)
    #3 WTF::AutomaticThread::start(WTF::AbstractLocker const&) /root/WebKit/Source/WTF/wtf/AutomaticThread.cpp:189:5 (jsc+0x2589529)
    #4 WTF::AutomaticThreadCondition::notifyOne(WTF::AbstractLocker const&) /root/WebKit/Source/WTF/wtf/AutomaticThread.cpp:60:21 (jsc+0x2589329)
    #5 JSC::JITWorklist::wakeThreads(WTF::AbstractLocker const&, unsigned int) /root/WebKit/Source/JavaScriptCore/jit/JITWorklist.cpp:162:25 (jsc+0x1043a26)
    #6 JSC::JITWorklist::enqueue(WTF::Ref<JSC::JITPlan, WTF::RawPtrTraits<JSC::JITPlan>, WTF::DefaultRefDerefTraits<JSC::JITPlan>>) /root/WebKit/Source/JavaScriptCore/jit/JITWorklist.cpp:245:5 (jsc+0x1044292)
    #7 JSC::LLInt::jitCompileAndSetHeuristics(JSC::VM&, JSC::CodeBlock*) /root/WebKit/Source/JavaScriptCore/llint/LLIntSlowPaths.cpp:501:45 (jsc+0x107dfc7)
    #8 JSC::LLInt::entryOSR(JSC::CodeBlock*, char const*, JSC::LLInt::EntryKind) /root/WebKit/Source/JavaScriptCore/llint/LLIntSlowPaths.cpp:523:10 (jsc+0x107d202)
    #9 llint_entry_osr_function_for_call /root/WebKit/Source/JavaScriptCore/llint/LLIntSlowPaths.cpp:550:12 (jsc+0x107d462)
    #10 llint_function_for_call_prologue LowLevelInterpreter.cpp (jsc+0x1e0569e)
    #11 JSC::Interpreter::executeCall(JSC::JSObject*, JSC::CallData const&, JSC::JSValue, JSC::JSCell*, JSC::ArgList const&) /root/WebKit/Source/JavaScriptCore/interpreter/Interpreter.cpp (jsc+0xe8b88d)
    #12 JSC::call(JSC::JSGlobalObject*, JSC::JSValue, JSC::CallData const&, JSC::JSValue, JSC::ArgList const&) /root/WebKit/Source/JavaScriptCore/runtime/CallData.cpp:70:27 (jsc+0x1360d91)
    #13 JSC::call(JSC::JSGlobalObject*, JSC::JSValue, JSC::CallData const&, JSC::JSValue, JSC::ArgList const&, WTF::NakedPtr<JSC::Exception>&) /root/WebKit/Source/JavaScriptCore/runtime/CallData.cpp:77:22 (jsc+0x1360d91)
    #14 JSC::threadMain(JSC::VM&, WTF::Ref<JSC::ThreadState, WTF::RawPtrTraits<JSC::ThreadState>, WTF::DefaultRefDerefTraits<JSC::ThreadState>>) /root/WebKit/Source/JavaScriptCore/runtime/ThreadObject.cpp:241:30 (jsc+0x19a4ddc)
    #15 JSC::constructThread(JSC::JSGlobalObject*, JSC::CallFrame*)::$_0::operator()() /root/WebKit/Source/JavaScriptCore/runtime/ThreadObject.cpp:468:9 (jsc+0x19a4ddc)
    #16 WTF::Detail::CallableWrapper<JSC::constructThread(JSC::JSGlobalObject*, JSC::CallFrame*)::$_0, void>::call() /root/WebKit/WebKitBuild/TSan/WTF/Headers/wtf/Function.h:59:39 (jsc+0x19a4ddc)
    #17 WTF::Function<void ()>::operator()() const /root/WebKit/Source/WTF/wtf/Function.h:103:35 (jsc+0x25b59c5)
    #18 WTF::Thread::entryPoint(WTF::Thread::NewThreadContext*) /root/WebKit/Source/WTF/wtf/Threading.cpp:312:5 (jsc+0x25b59c5)
    #19 WTF::wtfThreadEntryPoint(void*) /root/WebKit/Source/WTF/wtf/posix/ThreadingPOSIX.cpp:264:5 (jsc+0x260f949)

SUMMARY: ThreadSanitizer: data race /root/WebKit/WebKitBuild/TSan/WTF/Headers/wtf/Atomics.h:55:100 in WTF::Atomic<JSC::WatchpointState>::load(std::memory_order) const
==================
==================
WARNING: ThreadSanitizer: data race (pid=2797991)
  Atomic read of size 1 at 0x7208000143a4 by thread T4:
    #0 std::atomic<JSC::WatchpointState>::load(std::memory_order) const /usr/lib/gcc/x86_64-amazon-linux/14/../../../../include/c++/14/atomic:302:2 (jsc+0x61df94)
    #1 WTF::Atomic<JSC::WatchpointState>::load(std::memory_order) const /root/WebKit/WebKitBuild/TSan/WTF/Headers/wtf/Atomics.h:55:100 (jsc+0x61df94)
    #2 WTF::Atomic<JSC::WatchpointState>::loadRelaxed() const /root/WebKit/WebKitBuild/TSan/WTF/Headers/wtf/Atomics.h:57:50 (jsc+0x61df94)
    #3 JSC::WatchpointSet::state() const /root/WebKit/Source/JavaScriptCore/bytecode/Watchpoint.h:250:24 (jsc+0x61df94)
    #4 JSC::InlineWatchpointSet::state() const /root/WebKit/Source/JavaScriptCore/bytecode/Watchpoint.h:438:38 (jsc+0x61df94)
    #5 JSC::InlineWatchpointSet::hasBeenInvalidated() const /root/WebKit/Source/JavaScriptCore/bytecode/Watchpoint.h:447:16 (jsc+0x61df94)
    #6 JSC::InlineWatchpointSet::isStillValid() const /root/WebKit/Source/JavaScriptCore/bytecode/Watchpoint.h:453:17 (jsc+0x61df94)
    #7 decltype(this->unwrapDependent<>().isStillValid()) JSC::Structure::TsanDeferredCtorMember<JSC::InlineWatchpointSet>::isStillValid<>() const /root/WebKit/Source/JavaScriptCore/runtime/Structure.h:1551:9 (jsc+0x61df94)
    #8 JSC::Structure::transitionWatchpointSetIsStillValid() const /root/WebKit/Source/JavaScriptCore/runtime/Structure.h:859:42 (jsc+0x61df94)
    #9 JSC::Structure::dfgShouldWatch() const /root/WebKit/Source/JavaScriptCore/runtime/Structure.h:885:46 (jsc+0x61df94)
    #10 JSC::DFG::DesiredWatchpoints::consider(JSC::Structure*) /root/WebKit/Source/JavaScriptCore/dfg/DFGDesiredWatchpoints.cpp:155:21 (jsc+0x61df94)
    #11 JSC::DFG::Graph::registerStructure(JSC::Structure*, JSC::DFG::StructureRegistrationResult&) /root/WebKit/Source/JavaScriptCore/dfg/DFGGraph.cpp:1714:30 (jsc+0x65d702)
    #12 JSC::DFG::AbstractValue::set(JSC::DFG::Graph&, JSC::DFG::FrozenValue const&, JSC::DFG::StructureClobberState) /root/WebKit/Source/JavaScriptCore/dfg/DFGAbstractValue.cpp:58:57 (jsc+0x4d7c61)
    #13 JSC::DFG::AbstractInterpreter<JSC::DFG::InPlaceAbstractState>::setBuiltInConstant(JSC::DFG::Node*, JSC::DFG::FrozenValue) /root/WebKit/Source/JavaScriptCore/dfg/DFGAbstractInterpreter.h:253:23 (jsc+0x5a9a34)
    #14 JSC::DFG::AbstractInterpreter<JSC::DFG::InPlaceAbstractState>::executeEffects(unsigned int, JSC::DFG::Node*) /root/WebKit/Source/JavaScriptCore/dfg/DFGAbstractInterpreterInlines.h:430:9 (jsc+0x5940f1)
    #15 JSC::DFG::AbstractInterpreter<JSC::DFG::InPlaceAbstractState>::execute(unsigned int) /root/WebKit/Source/JavaScriptCore/dfg/DFGAbstractInterpreterInlines.h:6169:12 (jsc+0x58df1e)
    #16 JSC::DFG::CFAPhase::performBlockCFA(JSC::DFG::BasicBlock*) /root/WebKit/Source/JavaScriptCore/dfg/DFGCFAPhase.cpp:222:32 (jsc+0x58df1e)
    #17 JSC::DFG::CFAPhase::performForwardCFA() /root/WebKit/Source/JavaScriptCore/dfg/DFGCFAPhase.cpp:255:13 (jsc+0x58d071)
    #18 JSC::DFG::CFAPhase::run() /root/WebKit/Source/JavaScriptCore/dfg/DFGCFAPhase.cpp:115:13 (jsc+0x58d071)
    #19 bool JSC::DFG::runAndLog<JSC::DFG::CFAPhase>(JSC::DFG::CFAPhase&) /root/WebKit/Source/JavaScriptCore/dfg/DFGPhase.h:86:25 (jsc+0x58cacd)
    #20 bool JSC::DFG::runPhase<JSC::DFG::CFAPhase>(JSC::DFG::Graph&) /root/WebKit/Source/JavaScriptCore/dfg/DFGPhase.h:99:12 (jsc+0x56e285)
    #21 JSC::DFG::performCFA(JSC::DFG::Graph&) /root/WebKit/Source/JavaScriptCore/dfg/DFGCFAPhase.cpp:271:12 (jsc+0x56e239)
    #22 JSC::DFG::Plan::compileInThreadImpl() /root/WebKit/Source/JavaScriptCore/dfg/DFGPlan.cpp:326:5 (jsc+0x8b1506)
    #23 JSC::JITPlan::compileInThread(JSC::JITWorklistThread*) /root/WebKit/Source/JavaScriptCore/jit/JITPlan.cpp:283:28 (jsc+0xfded9d)
    #24 JSC::JITWorklistThread::work() /root/WebKit/Source/JavaScriptCore/jit/JITWorklistThread.cpp:145:13 (jsc+0x104970b)
    #25 WTF::AutomaticThread::start(WTF::AbstractLocker const&)::$_0::operator()() const /root/WebKit/Source/WTF/wtf/AutomaticThread.cpp:260:37 (jsc+0x258aaac)
    #26 WTF::Detail::CallableWrapper<WTF::AutomaticThread::start(WTF::AbstractLocker const&)::$_0, void>::call() /root/WebKit/Source/WTF/wtf/Function.h:59:39 (jsc+0x258aaac)
    #27 WTF::Function<void ()>::operator()() const /root/WebKit/Source/WTF/wtf/Function.h:103:35 (jsc+0x25b59c5)
    #28 WTF::Thread::entryPoint(WTF::Thread::NewThreadContext*) /root/WebKit/Source/WTF/wtf/Threading.cpp:312:5 (jsc+0x25b59c5)
    #29 WTF::wtfThreadEntryPoint(void*) /root/WebKit/Source/WTF/wtf/posix/ThreadingPOSIX.cpp:264:5 (jsc+0x260f949)

  Previous write of size 8 at 0x7208000143a0 by main thread:
    #0 malloc /home/runner/work/llvm-project/llvm-project/compiler-rt/lib/tsan/rtl/tsan_interceptors_posix.cpp:682:5 (jsc+0x13dc20)
    #1 bmalloc::api::malloc(unsigned long, bmalloc::CompactAllocationMode, bmalloc::HeapKind) /root/WebKit/WebKitBuild/TSan/bmalloc/Headers/bmalloc/bmalloc.h:96:20 (jsc+0x2598c09)
    #2 WTF::fastMalloc(unsigned long) /root/WebKit/Source/WTF/wtf/FastMalloc.cpp:337:20 (jsc+0x2598c09)
    #3 JSC::WatchpointSet::operator new(unsigned long) /root/WebKit/Source/JavaScriptCore/bytecode/Watchpoint.h:223:5 (jsc+0x3ca425)
    #4 JSC::WatchpointSet::create(JSC::WatchpointState, JSC::WatchpointSetClassification) /root/WebKit/Source/JavaScriptCore/bytecode/Watchpoint.h:233:26 (jsc+0x3ca425)
    #5 JSC::InlineWatchpointSet::inflateSlow() /root/WebKit/Source/JavaScriptCore/bytecode/Watchpoint.cpp:476:27 (jsc+0x3ca425)
    #6 JSC::InlineWatchpointSet::inflate() /root/WebKit/Source/JavaScriptCore/bytecode/Watchpoint.h:580:16 (jsc+0x3ca14b)
    #7 JSC::InlineWatchpointSet::add(JSC::Watchpoint*) /root/WebKit/Source/JavaScriptCore/bytecode/Watchpoint.cpp:451:5 (jsc+0x3ca14b)
    #8 JSC::DFG::SetPointerAdaptor<JSC::InlineWatchpointSet*>::add(JSC::CodeBlock*, JSC::InlineWatchpointSet*, JSC::DFG::WatchpointCollector&)::'lambda'(JSC::CodeBlockJettisoningWatchpoint&)::operator()(JSC::CodeBlockJettisoningWatchpoint&) const /root/WebKit/Source/JavaScriptCore/dfg/DFGDesiredWatchpoints.h:129:18 (jsc+0x64103d)
    #9 bool JSC::DFG::WatchpointCollector::addWatchpoint<JSC::DFG::SetPointerAdaptor<JSC::InlineWatchpointSet*>::add(JSC::CodeBlock*, JSC::InlineWatchpointSet*, JSC::DFG::WatchpointCollector&)::'lambda'(JSC::CodeBlockJettisoningWatchpoint&)>(JSC::DFG::SetPointerAdaptor<JSC::InlineWatchpointSet*>::add(JSC::CodeBlock*, JSC::InlineWatchpointSet*, JSC::DFG::WatchpointCollector&)::'lambda'(JSC::CodeBlockJettisoningWatchpoint&) const&) /root/WebKit/Source/JavaScriptCore/dfg/DFGDesiredWatchpoints.h:79:20 (jsc+0x61ed49)
    #10 JSC::DFG::SetPointerAdaptor<JSC::InlineWatchpointSet*>::add(JSC::CodeBlock*, JSC::InlineWatchpointSet*, JSC::DFG::WatchpointCollector&) /root/WebKit/Source/JavaScriptCore/dfg/DFGDesiredWatchpoints.h:121:26 (jsc+0x61ed49)
    #11 JSC::DFG::GenericDesiredWatchpoints<JSC::InlineWatchpointSet*, JSC::DFG::SetPointerAdaptor<JSC::InlineWatchpointSet*>>::reallyAdd(JSC::CodeBlock*, JSC::DFG::WatchpointCollector&) /root/WebKit/Source/JavaScriptCore/dfg/DFGDesiredWatchpoints.h:214:18 (jsc+0x61ed49)
    #12 JSC::DFG::DesiredWatchpoints::reallyAdd(JSC::CodeBlock*, JSC::DFG::DesiredIdentifiers&, JSC::DFG::CommonData*) /root/WebKit/Source/JavaScriptCore/dfg/DFGDesiredWatchpoints.cpp:209:23 (jsc+0x61f870)
    #13 JSC::DFG::Plan::reallyAdd(JSC::DFG::CommonData*) /root/WebKit/Source/JavaScriptCore/dfg/DFGPlan.cpp:611:24 (jsc+0x8b80f0)
    #14 JSC::DFG::Plan::finalize()::$_0::operator()() const /root/WebKit/Source/JavaScriptCore/dfg/DFGPlan.cpp:671:14 (jsc+0x8b8422)
    #15 JSC::DFG::Plan::finalize() /root/WebKit/Source/JavaScriptCore/dfg/DFGPlan.cpp:654:32 (jsc+0x8b8422)
    #16 JSC::JITWorklist::completeAllReadyPlansForVM(JSC::VM&, JSC::JITCompilationKey) /root/WebKit/Source/JavaScriptCore/jit/JITWorklist.cpp:314:15 (jsc+0x10454c9)
    #17 JSC::LLInt::jitCompileAndSetHeuristics(JSC::VM&, JSC::CodeBlock*) /root/WebKit/Source/JavaScriptCore/llint/LLIntSlowPaths.cpp:473:76 (jsc+0x107de23)
    #18 llint_loop_osr /root/WebKit/Source/JavaScriptCore/llint/LLIntSlowPaths.cpp:594:10 (jsc+0x107d80b)
    #19 llint_op_loop_hint LowLevelInterpreter.cpp (jsc+0x1e2403c)
    #20 JSC::evaluate(JSC::JSGlobalObject*, JSC::SourceCode const&, JSC::JSValue, WTF::NakedPtr<JSC::Exception>&) /root/WebKit/Source/JavaScriptCore/runtime/Completion.cpp:145:37 (jsc+0x13c3de3)
    #21 runWithOptions(GlobalObject*, CommandLine&, bool&) /root/WebKit/Source/JavaScriptCore/jsc.cpp:3957:35 (jsc+0x1cafc5)
    #22 jscmain(int, char**)::$_0::operator()(JSC::VM&, GlobalObject*, bool&) const /root/WebKit/Source/JavaScriptCore/jsc.cpp:4686:13 (jsc+0x1cafc5)
    #23 int runJSC<jscmain(int, char**)::$_0>(CommandLine const&, bool, jscmain(int, char**)::$_0 const&) /root/WebKit/Source/JavaScriptCore/jsc.cpp:4472:13 (jsc+0x1cafc5)
    #24 jscmain(int, char**) /root/WebKit/Source/JavaScriptCore/jsc.cpp:4679:18 (jsc+0x1cafc5)
    #25 main /root/WebKit/Source/JavaScriptCore/jsc.cpp:3715:15 (jsc+0x1c9803)

  Location is heap block of size 24 at 0x7208000143a0 allocated by main thread:
    #0 malloc /home/runner/work/llvm-project/llvm-project/compiler-rt/lib/tsan/rtl/tsan_interceptors_posix.cpp:682:5 (jsc+0x13dc20)
    #1 bmalloc::api::malloc(unsigned long, bmalloc::CompactAllocationMode, bmalloc::HeapKind) /root/WebKit/WebKitBuild/TSan/bmalloc/Headers/bmalloc/bmalloc.h:96:20 (jsc+0x2598c09)
    #2 WTF::fastMalloc(unsigned long) /root/WebKit/Source/WTF/wtf/FastMalloc.cpp:337:20 (jsc+0x2598c09)
    #3 JSC::WatchpointSet::operator new(unsigned long) /root/WebKit/Source/JavaScriptCore/bytecode/Watchpoint.h:223:5 (jsc+0x3ca425)
    #4 JSC::WatchpointSet::create(JSC::WatchpointState, JSC::WatchpointSetClassification) /root/WebKit/Source/JavaScriptCore/bytecode/Watchpoint.h:233:26 (jsc+0x3ca425)
    #5 JSC::InlineWatchpointSet::inflateSlow() /root/WebKit/Source/JavaScriptCore/bytecode/Watchpoint.cpp:476:27 (jsc+0x3ca425)
    #6 JSC::InlineWatchpointSet::inflate() /root/WebKit/Source/JavaScriptCore/bytecode/Watchpoint.h:580:16 (jsc+0x3ca14b)
    #7 JSC::InlineWatchpointSet::add(JSC::Watchpoint*) /root/WebKit/Source/JavaScriptCore/bytecode/Watchpoint.cpp:451:5 (jsc+0x3ca14b)
    #8 JSC::DFG::SetPointerAdaptor<JSC::InlineWatchpointSet*>::add(JSC::CodeBlock*, JSC::InlineWatchpointSet*, JSC::DFG::WatchpointCollector&)::'lambda'(JSC::CodeBlockJettisoningWatchpoint&)::operator()(JSC::CodeBlockJettisoningWatchpoint&) const /root/WebKit/Source/JavaScriptCore/dfg/DFGDesiredWatchpoints.h:129:18 (jsc+0x64103d)
    #9 bool JSC::DFG::WatchpointCollector::addWatchpoint<JSC::DFG::SetPointerAdaptor<JSC::InlineWatchpointSet*>::add(JSC::CodeBlock*, JSC::InlineWatchpointSet*, JSC::DFG::WatchpointCollector&)::'lambda'(JSC::CodeBlockJettisoningWatchpoint&)>(JSC::DFG::SetPointerAdaptor<JSC::InlineWatchpointSet*>::add(JSC::CodeBlock*, JSC::InlineWatchpointSet*, JSC::DFG::WatchpointCollector&)::'lambda'(JSC::CodeBlockJettisoningWatchpoint&) const&) /root/WebKit/Source/JavaScriptCore/dfg/DFGDesiredWatchpoints.h:79:20 (jsc+0x61ed49)
    #10 JSC::DFG::SetPointerAdaptor<JSC::InlineWatchpointSet*>::add(JSC::CodeBlock*, JSC::InlineWatchpointSet*, JSC::DFG::WatchpointCollector&) /root/WebKit/Source/JavaScriptCore/dfg/DFGDesiredWatchpoints.h:121:26 (jsc+0x61ed49)
    #11 JSC::DFG::GenericDesiredWatchpoints<JSC::InlineWatchpointSet*, JSC::DFG::SetPointerAdaptor<JSC::InlineWatchpointSet*>>::reallyAdd(JSC::CodeBlock*, JSC::DFG::WatchpointCollector&) /root/WebKit/Source/JavaScriptCore/dfg/DFGDesiredWatchpoints.h:214:18 (jsc+0x61ed49)
    #12 JSC::DFG::DesiredWatchpoints::reallyAdd(JSC::CodeBlock*, JSC::DFG::DesiredIdentifiers&, JSC::DFG::CommonData*) /root/WebKit/Source/JavaScriptCore/dfg/DFGDesiredWatchpoints.cpp:209:23 (jsc+0x61f870)
    #13 JSC::DFG::Plan::reallyAdd(JSC::DFG::CommonData*) /root/WebKit/Source/JavaScriptCore/dfg/DFGPlan.cpp:611:24 (jsc+0x8b80f0)
    #14 JSC::DFG::Plan::finalize()::$_0::operator()() const /root/WebKit/Source/JavaScriptCore/dfg/DFGPlan.cpp:671:14 (jsc+0x8b8422)
    #15 JSC::DFG::Plan::finalize() /root/WebKit/Source/JavaScriptCore/dfg/DFGPlan.cpp:654:32 (jsc+0x8b8422)
    #16 JSC::JITWorklist::completeAllReadyPlansForVM(JSC::VM&, JSC::JITCompilationKey) /root/WebKit/Source/JavaScriptCore/jit/JITWorklist.cpp:314:15 (jsc+0x10454c9)
    #17 JSC::LLInt::jitCompileAndSetHeuristics(JSC::VM&, JSC::CodeBlock*) /root/WebKit/Source/JavaScriptCore/llint/LLIntSlowPaths.cpp:473:76 (jsc+0x107de23)
    #18 llint_loop_osr /root/WebKit/Source/JavaScriptCore/llint/LLIntSlowPaths.cpp:594:10 (jsc+0x107d80b)
    #19 llint_op_loop_hint LowLevelInterpreter.cpp (jsc+0x1e2403c)
    #20 JSC::evaluate(JSC::JSGlobalObject*, JSC::SourceCode const&, JSC::JSValue, WTF::NakedPtr<JSC::Exception>&) /root/WebKit/Source/JavaScriptCore/runtime/Completion.cpp:145:37 (jsc+0x13c3de3)
    #21 runWithOptions(GlobalObject*, CommandLine&, bool&) /root/WebKit/Source/JavaScriptCore/jsc.cpp:3957:35 (jsc+0x1cafc5)
    #22 jscmain(int, char**)::$_0::operator()(JSC::VM&, GlobalObject*, bool&) const /root/WebKit/Source/JavaScriptCore/jsc.cpp:4686:13 (jsc+0x1cafc5)
    #23 int runJSC<jscmain(int, char**)::$_0>(CommandLine const&, bool, jscmain(int, char**)::$_0 const&) /root/WebKit/Source/JavaScriptCore/jsc.cpp:4472:13 (jsc+0x1cafc5)
    #24 jscmain(int, char**) /root/WebKit/Source/JavaScriptCore/jsc.cpp:4679:18 (jsc+0x1cafc5)
    #25 main /root/WebKit/Source/JavaScriptCore/jsc.cpp:3715:15 (jsc+0x1c9803)

  Thread T4 'JITWorker' (tid=2797996, running) created by thread T1 at:
    #0 pthread_create /home/runner/work/llvm-project/llvm-project/compiler-rt/lib/tsan/rtl/tsan_interceptors_posix.cpp:1090:3 (jsc+0x13ff1a)
    #1 WTF::Thread::establishHandle(WTF::Thread::NewThreadContext&, WTF::StackAllocationSpecification, WTF::ThreadQOS, WTF::ThreadSchedulingPolicy) /root/WebKit/Source/WTF/wtf/posix/ThreadingPOSIX.cpp:354:17 (jsc+0x260f835)
    #2 WTF::Thread::create(WTF::ASCIILiteral, WTF::Function<void ()>&&, WTF::ThreadType, WTF::ThreadQOS, WTF::ThreadSchedulingPolicy, WTF::StackAllocationSpecification) /root/WebKit/Source/WTF/wtf/Threading.cpp:330:32 (jsc+0x25b5d03)
    #3 WTF::AutomaticThread::start(WTF::AbstractLocker const&) /root/WebKit/Source/WTF/wtf/AutomaticThread.cpp:189:5 (jsc+0x2589529)
    #4 WTF::AutomaticThreadCondition::notifyOne(WTF::AbstractLocker const&) /root/WebKit/Source/WTF/wtf/AutomaticThread.cpp:60:21 (jsc+0x2589329)
    #5 JSC::JITWorklist::wakeThreads(WTF::AbstractLocker const&, unsigned int) /root/WebKit/Source/JavaScriptCore/jit/JITWorklist.cpp:162:25 (jsc+0x1043a26)
    #6 JSC::JITWorklist::enqueue(WTF::Ref<JSC::JITPlan, WTF::RawPtrTraits<JSC::JITPlan>, WTF::DefaultRefDerefTraits<JSC::JITPlan>>) /root/WebKit/Source/JavaScriptCore/jit/JITWorklist.cpp:245:5 (jsc+0x1044292)
    #7 JSC::LLInt::jitCompileAndSetHeuristics(JSC::VM&, JSC::CodeBlock*) /root/WebKit/Source/JavaScriptCore/llint/LLIntSlowPaths.cpp:501:45 (jsc+0x107dfc7)
    #8 JSC::LLInt::entryOSR(JSC::CodeBlock*, char const*, JSC::LLInt::EntryKind) /root/WebKit/Source/JavaScriptCore/llint/LLIntSlowPaths.cpp:523:10 (jsc+0x107d202)
    #9 llint_entry_osr_function_for_call /root/WebKit/Source/JavaScriptCore/llint/LLIntSlowPaths.cpp:550:12 (jsc+0x107d462)
    #10 llint_function_for_call_prologue LowLevelInterpreter.cpp (jsc+0x1e0569e)
    #11 JSC::Interpreter::executeCall(JSC::JSObject*, JSC::CallData const&, JSC::JSValue, JSC::JSCell*, JSC::ArgList const&) /root/WebKit/Source/JavaScriptCore/interpreter/Interpreter.cpp (jsc+0xe8b88d)
    #12 JSC::call(JSC::JSGlobalObject*, JSC::JSValue, JSC::CallData const&, JSC::JSValue, JSC::ArgList const&) /root/WebKit/Source/JavaScriptCore/runtime/CallData.cpp:70:27 (jsc+0x1360d91)
    #13 JSC::call(JSC::JSGlobalObject*, JSC::JSValue, JSC::CallData const&, JSC::JSValue, JSC::ArgList const&, WTF::NakedPtr<JSC::Exception>&) /root/WebKit/Source/JavaScriptCore/runtime/CallData.cpp:77:22 (jsc+0x1360d91)
    #14 JSC::threadMain(JSC::VM&, WTF::Ref<JSC::ThreadState, WTF::RawPtrTraits<JSC::ThreadState>, WTF::DefaultRefDerefTraits<JSC::ThreadState>>) /root/WebKit/Source/JavaScriptCore/runtime/ThreadObject.cpp:241:30 (jsc+0x19a4ddc)
    #15 JSC::constructThread(JSC::JSGlobalObject*, JSC::CallFrame*)::$_0::operator()() /root/WebKit/Source/JavaScriptCore/runtime/ThreadObject.cpp:468:9 (jsc+0x19a4ddc)
    #16 WTF::Detail::CallableWrapper<JSC::constructThread(JSC::JSGlobalObject*, JSC::CallFrame*)::$_0, void>::call() /root/WebKit/WebKitBuild/TSan/WTF/Headers/wtf/Function.h:59:39 (jsc+0x19a4ddc)
    #17 WTF::Function<void ()>::operator()() const /root/WebKit/Source/WTF/wtf/Function.h:103:35 (jsc+0x25b59c5)
    #18 WTF::Thread::entryPoint(WTF::Thread::NewThreadContext*) /root/WebKit/Source/WTF/wtf/Threading.cpp:312:5 (jsc+0x25b59c5)
    #19 WTF::wtfThreadEntryPoint(void*) /root/WebKit/Source/WTF/wtf/posix/ThreadingPOSIX.cpp:264:5 (jsc+0x260f949)

SUMMARY: ThreadSanitizer: data race /root/WebKit/WebKitBuild/TSan/WTF/Headers/wtf/Atomics.h:55:100 in WTF::Atomic<JSC::WatchpointState>::load(std::memory_order) const
==================
==================
WARNING: ThreadSanitizer: data race (pid=2797991)
  Atomic read of size 1 at 0x720800016984 by thread T4:
    #0 std::atomic<JSC::WatchpointState>::load(std::memory_order) const /usr/lib/gcc/x86_64-amazon-linux/14/../../../../include/c++/14/atomic:302:2 (jsc+0x61df94)
    #1 WTF::Atomic<JSC::WatchpointState>::load(std::memory_order) const /root/WebKit/WebKitBuild/TSan/WTF/Headers/wtf/Atomics.h:55:100 (jsc+0x61df94)
    #2 WTF::Atomic<JSC::WatchpointState>::loadRelaxed() const /root/WebKit/WebKitBuild/TSan/WTF/Headers/wtf/Atomics.h:57:50 (jsc+0x61df94)
    #3 JSC::WatchpointSet::state() const /root/WebKit/Source/JavaScriptCore/bytecode/Watchpoint.h:250:24 (jsc+0x61df94)
    #4 JSC::InlineWatchpointSet::state() const /root/WebKit/Source/JavaScriptCore/bytecode/Watchpoint.h:438:38 (jsc+0x61df94)
    #5 JSC::InlineWatchpointSet::hasBeenInvalidated() const /root/WebKit/Source/JavaScriptCore/bytecode/Watchpoint.h:447:16 (jsc+0x61df94)
    #6 JSC::InlineWatchpointSet::isStillValid() const /root/WebKit/Source/JavaScriptCore/bytecode/Watchpoint.h:453:17 (jsc+0x61df94)
    #7 decltype(this->unwrapDependent<>().isStillValid()) JSC::Structure::TsanDeferredCtorMember<JSC::InlineWatchpointSet>::isStillValid<>() const /root/WebKit/Source/JavaScriptCore/runtime/Structure.h:1551:9 (jsc+0x61df94)
    #8 JSC::Structure::transitionWatchpointSetIsStillValid() const /root/WebKit/Source/JavaScriptCore/runtime/Structure.h:859:42 (jsc+0x61df94)
    #9 JSC::Structure::dfgShouldWatch() const /root/WebKit/Source/JavaScriptCore/runtime/Structure.h:885:46 (jsc+0x61df94)
    #10 JSC::DFG::DesiredWatchpoints::consider(JSC::Structure*) /root/WebKit/Source/JavaScriptCore/dfg/DFGDesiredWatchpoints.cpp:155:21 (jsc+0x61df94)
    #11 JSC::DFG::Graph::registerStructure(JSC::Structure*, JSC::DFG::StructureRegistrationResult&) /root/WebKit/Source/JavaScriptCore/dfg/DFGGraph.cpp:1714:30 (jsc+0x65d702)
    #12 JSC::DFG::AbstractValue::set(JSC::DFG::Graph&, JSC::DFG::FrozenValue const&, JSC::DFG::StructureClobberState) /root/WebKit/Source/JavaScriptCore/dfg/DFGAbstractValue.cpp:58:57 (jsc+0x4d7c61)
    #13 JSC::DFG::AbstractInterpreter<JSC::DFG::InPlaceAbstractState>::setBuiltInConstant(JSC::DFG::Node*, JSC::DFG::FrozenValue) /root/WebKit/Source/JavaScriptCore/dfg/DFGAbstractInterpreter.h:253:23 (jsc+0x5a9a34)
    #14 JSC::DFG::AbstractInterpreter<JSC::DFG::InPlaceAbstractState>::executeEffects(unsigned int, JSC::DFG::Node*) /root/WebKit/Source/JavaScriptCore/dfg/DFGAbstractInterpreterInlines.h:430:9 (jsc+0x5940f1)
    #15 JSC::DFG::AbstractInterpreter<JSC::DFG::InPlaceAbstractState>::execute(unsigned int) /root/WebKit/Source/JavaScriptCore/dfg/DFGAbstractInterpreterInlines.h:6169:12 (jsc+0x58df1e)
    #16 JSC::DFG::CFAPhase::performBlockCFA(JSC::DFG::BasicBlock*) /root/WebKit/Source/JavaScriptCore/dfg/DFGCFAPhase.cpp:222:32 (jsc+0x58df1e)
    #17 JSC::DFG::CFAPhase::performForwardCFA() /root/WebKit/Source/JavaScriptCore/dfg/DFGCFAPhase.cpp:255:13 (jsc+0x58d321)
    #18 JSC::DFG::CFAPhase::run() /root/WebKit/Source/JavaScriptCore/dfg/DFGCFAPhase.cpp:130:17 (jsc+0x58d321)
    #19 bool JSC::DFG::runAndLog<JSC::DFG::CFAPhase>(JSC::DFG::CFAPhase&) /root/WebKit/Source/JavaScriptCore/dfg/DFGPhase.h:86:25 (jsc+0x58cacd)
    #20 bool JSC::DFG::runPhase<JSC::DFG::CFAPhase>(JSC::DFG::Graph&) /root/WebKit/Source/JavaScriptCore/dfg/DFGPhase.h:99:12 (jsc+0x56e285)
    #21 JSC::DFG::performCFA(JSC::DFG::Graph&) /root/WebKit/Source/JavaScriptCore/dfg/DFGCFAPhase.cpp:271:12 (jsc+0x56e239)
    #22 JSC::DFG::Plan::compileInThreadImpl() /root/WebKit/Source/JavaScriptCore/dfg/DFGPlan.cpp:359:9 (jsc+0x8b199f)
    #23 JSC::JITPlan::compileInThread(JSC::JITWorklistThread*) /root/WebKit/Source/JavaScriptCore/jit/JITPlan.cpp:283:28 (jsc+0xfded9d)
    #24 JSC::JITWorklistThread::work() /root/WebKit/Source/JavaScriptCore/jit/JITWorklistThread.cpp:145:13 (jsc+0x104970b)
    #25 WTF::AutomaticThread::start(WTF::AbstractLocker const&)::$_0::operator()() const /root/WebKit/Source/WTF/wtf/AutomaticThread.cpp:260:37 (jsc+0x258aaac)
    #26 WTF::Detail::CallableWrapper<WTF::AutomaticThread::start(WTF::AbstractLocker const&)::$_0, void>::call() /root/WebKit/Source/WTF/wtf/Function.h:59:39 (jsc+0x258aaac)
    #27 WTF::Function<void ()>::operator()() const /root/WebKit/Source/WTF/wtf/Function.h:103:35 (jsc+0x25b59c5)
    #28 WTF::Thread::entryPoint(WTF::Thread::NewThreadContext*) /root/WebKit/Source/WTF/wtf/Threading.cpp:312:5 (jsc+0x25b59c5)
    #29 WTF::wtfThreadEntryPoint(void*) /root/WebKit/Source/WTF/wtf/posix/ThreadingPOSIX.cpp:264:5 (jsc+0x260f949)

  Previous write of size 8 at 0x720800016980 by thread T2:
    #0 malloc /home/runner/work/llvm-project/llvm-project/compiler-rt/lib/tsan/rtl/tsan_interceptors_posix.cpp:682:5 (jsc+0x13dc20)
    #1 bmalloc::api::malloc(unsigned long, bmalloc::CompactAllocationMode, bmalloc::HeapKind) /root/WebKit/WebKitBuild/TSan/bmalloc/Headers/bmalloc/bmalloc.h:96:20 (jsc+0x2598c09)
    #2 WTF::fastMalloc(unsigned long) /root/WebKit/Source/WTF/wtf/FastMalloc.cpp:337:20 (jsc+0x2598c09)
    #3 JSC::WatchpointSet::operator new(unsigned long) /root/WebKit/Source/JavaScriptCore/bytecode/Watchpoint.h:223:5 (jsc+0x3ca425)
    #4 JSC::WatchpointSet::create(JSC::WatchpointState, JSC::WatchpointSetClassification) /root/WebKit/Source/JavaScriptCore/bytecode/Watchpoint.h:233:26 (jsc+0x3ca425)
    #5 JSC::InlineWatchpointSet::inflateSlow() /root/WebKit/Source/JavaScriptCore/bytecode/Watchpoint.cpp:476:27 (jsc+0x3ca425)
    #6 JSC::InlineWatchpointSet::inflate() /root/WebKit/Source/JavaScriptCore/bytecode/Watchpoint.h:580:16 (jsc+0x3ca14b)
    #7 JSC::InlineWatchpointSet::add(JSC::Watchpoint*) /root/WebKit/Source/JavaScriptCore/bytecode/Watchpoint.cpp:451:5 (jsc+0x3ca14b)
    #8 JSC::DFG::SetPointerAdaptor<JSC::InlineWatchpointSet*>::add(JSC::CodeBlock*, JSC::InlineWatchpointSet*, JSC::DFG::WatchpointCollector&)::'lambda'(JSC::CodeBlockJettisoningWatchpoint&)::operator()(JSC::CodeBlockJettisoningWatchpoint&) const /root/WebKit/Source/JavaScriptCore/dfg/DFGDesiredWatchpoints.h:129:18 (jsc+0x64103d)
    #9 bool JSC::DFG::WatchpointCollector::addWatchpoint<JSC::DFG::SetPointerAdaptor<JSC::InlineWatchpointSet*>::add(JSC::CodeBlock*, JSC::InlineWatchpointSet*, JSC::DFG::WatchpointCollector&)::'lambda'(JSC::CodeBlockJettisoningWatchpoint&)>(JSC::DFG::SetPointerAdaptor<JSC::InlineWatchpointSet*>::add(JSC::CodeBlock*, JSC::InlineWatchpointSet*, JSC::DFG::WatchpointCollector&)::'lambda'(JSC::CodeBlockJettisoningWatchpoint&) const&) /root/WebKit/Source/JavaScriptCore/dfg/DFGDesiredWatchpoints.h:79:20 (jsc+0x61ed49)
    #10 JSC::DFG::SetPointerAdaptor<JSC::InlineWatchpointSet*>::add(JSC::CodeBlock*, JSC::InlineWatchpointSet*, JSC::DFG::WatchpointCollector&) /root/WebKit/Source/JavaScriptCore/dfg/DFGDesiredWatchpoints.h:121:26 (jsc+0x61ed49)
    #11 JSC::DFG::GenericDesiredWatchpoints<JSC::InlineWatchpointSet*, JSC::DFG::SetPointerAdaptor<JSC::InlineWatchpointSet*>>::reallyAdd(JSC::CodeBlock*, JSC::DFG::WatchpointCollector&) /root/WebKit/Source/JavaScriptCore/dfg/DFGDesiredWatchpoints.h:214:18 (jsc+0x61ed49)
    #12 JSC::DFG::DesiredWatchpoints::reallyAdd(JSC::CodeBlock*, JSC::DFG::DesiredIdentifiers&, JSC::DFG::CommonData*) /root/WebKit/Source/JavaScriptCore/dfg/DFGDesiredWatchpoints.cpp:209:23 (jsc+0x61f870)
    #13 JSC::DFG::Plan::reallyAdd(JSC::DFG::CommonData*) /root/WebKit/Source/JavaScriptCore/dfg/DFGPlan.cpp:611:24 (jsc+0x8b80f0)
    #14 JSC::DFG::Plan::finalize()::$_0::operator()() const /root/WebKit/Source/JavaScriptCore/dfg/DFGPlan.cpp:671:14 (jsc+0x8b8422)
    #15 JSC::DFG::Plan::finalize() /root/WebKit/Source/JavaScriptCore/dfg/DFGPlan.cpp:654:32 (jsc+0x8b8422)
    #16 JSC::JITWorklist::completeAllReadyPlansForVM(JSC::VM&, JSC::JITCompilationKey) /root/WebKit/Source/JavaScriptCore/jit/JITWorklist.cpp:314:15 (jsc+0x10454c9)
    #17 operationOptimize /root/WebKit/Source/JavaScriptCore/jit/JITOperations.cpp:3158:76 (jsc+0xfc1029)
    #18 <null> <null> (0x7fa82820ca96)
    #19 JSC::Interpreter::executeCall(JSC::JSObject*, JSC::CallData const&, JSC::JSValue, JSC::JSCell*, JSC::ArgList const&) /root/WebKit/Source/JavaScriptCore/interpreter/Interpreter.cpp (jsc+0xe8b88d)
    #20 JSC::call(JSC::JSGlobalObject*, JSC::JSValue, JSC::CallData const&, JSC::JSValue, JSC::ArgList const&) /root/WebKit/Source/JavaScriptCore/runtime/CallData.cpp:70:27 (jsc+0x1360d91)
    #21 JSC::call(JSC::JSGlobalObject*, JSC::JSValue, JSC::CallData const&, JSC::JSValue, JSC::ArgList const&, WTF::NakedPtr<JSC::Exception>&) /root/WebKit/Source/JavaScriptCore/runtime/CallData.cpp:77:22 (jsc+0x1360d91)
    #22 JSC::threadMain(JSC::VM&, WTF::Ref<JSC::ThreadState, WTF::RawPtrTraits<JSC::ThreadState>, WTF::DefaultRefDerefTraits<JSC::ThreadState>>) /root/WebKit/Source/JavaScriptCore/runtime/ThreadObject.cpp:241:30 (jsc+0x19a4ddc)
    #23 JSC::constructThread(JSC::JSGlobalObject*, JSC::CallFrame*)::$_0::operator()() /root/WebKit/Source/JavaScriptCore/runtime/ThreadObject.cpp:468:9 (jsc+0x19a4ddc)
    #24 WTF::Detail::CallableWrapper<JSC::constructThread(JSC::JSGlobalObject*, JSC::CallFrame*)::$_0, void>::call() /root/WebKit/WebKitBuild/TSan/WTF/Headers/wtf/Function.h:59:39 (jsc+0x19a4ddc)
    #25 WTF::Function<void ()>::operator()() const /root/WebKit/Source/WTF/wtf/Function.h:103:35 (jsc+0x25b59c5)
    #26 WTF::Thread::entryPoint(WTF::Thread::NewThreadContext*) /root/WebKit/Source/WTF/wtf/Threading.cpp:312:5 (jsc+0x25b59c5)
    #27 WTF::wtfThreadEntryPoint(void*) /root/WebKit/Source/WTF/wtf/posix/ThreadingPOSIX.cpp:264:5 (jsc+0x260f949)

  Location is heap block of size 24 at 0x720800016980 allocated by thread T2:
    #0 malloc /home/runner/work/llvm-project/llvm-project/compiler-rt/lib/tsan/rtl/tsan_interceptors_posix.cpp:682:5 (jsc+0x13dc20)
    #1 bmalloc::api::malloc(unsigned long, bmalloc::CompactAllocationMode, bmalloc::HeapKind) /root/WebKit/WebKitBuild/TSan/bmalloc/Headers/bmalloc/bmalloc.h:96:20 (jsc+0x2598c09)
    #2 WTF::fastMalloc(unsigned long) /root/WebKit/Source/WTF/wtf/FastMalloc.cpp:337:20 (jsc+0x2598c09)
    #3 JSC::WatchpointSet::operator new(unsigned long) /root/WebKit/Source/JavaScriptCore/bytecode/Watchpoint.h:223:5 (jsc+0x3ca425)
    #4 JSC::WatchpointSet::create(JSC::WatchpointState, JSC::WatchpointSetClassification) /root/WebKit/Source/JavaScriptCore/bytecode/Watchpoint.h:233:26 (jsc+0x3ca425)
    #5 JSC::InlineWatchpointSet::inflateSlow() /root/WebKit/Source/JavaScriptCore/bytecode/Watchpoint.cpp:476:27 (jsc+0x3ca425)
    #6 JSC::InlineWatchpointSet::inflate() /root/WebKit/Source/JavaScriptCore/bytecode/Watchpoint.h:580:16 (jsc+0x3ca14b)
    #7 JSC::InlineWatchpointSet::add(JSC::Watchpoint*) /root/WebKit/Source/JavaScriptCore/bytecode/Watchpoint.cpp:451:5 (jsc+0x3ca14b)
    #8 JSC::DFG::SetPointerAdaptor<JSC::InlineWatchpointSet*>::add(JSC::CodeBlock*, JSC::InlineWatchpointSet*, JSC::DFG::WatchpointCollector&)::'lambda'(JSC::CodeBlockJettisoningWatchpoint&)::operator()(JSC::CodeBlockJettisoningWatchpoint&) const /root/WebKit/Source/JavaScriptCore/dfg/DFGDesiredWatchpoints.h:129:18 (jsc+0x64103d)
    #9 bool JSC::DFG::WatchpointCollector::addWatchpoint<JSC::DFG::SetPointerAdaptor<JSC::InlineWatchpointSet*>::add(JSC::CodeBlock*, JSC::InlineWatchpointSet*, JSC::DFG::WatchpointCollector&)::'lambda'(JSC::CodeBlockJettisoningWatchpoint&)>(JSC::DFG::SetPointerAdaptor<JSC::InlineWatchpointSet*>::add(JSC::CodeBlock*, JSC::InlineWatchpointSet*, JSC::DFG::WatchpointCollector&)::'lambda'(JSC::CodeBlockJettisoningWatchpoint&) const&) /root/WebKit/Source/JavaScriptCore/dfg/DFGDesiredWatchpoints.h:79:20 (jsc+0x61ed49)
    #10 JSC::DFG::SetPointerAdaptor<JSC::InlineWatchpointSet*>::add(JSC::CodeBlock*, JSC::InlineWatchpointSet*, JSC::DFG::WatchpointCollector&) /root/WebKit/Source/JavaScriptCore/dfg/DFGDesiredWatchpoints.h:121:26 (jsc+0x61ed49)
    #11 JSC::DFG::GenericDesiredWatchpoints<JSC::InlineWatchpointSet*, JSC::DFG::SetPointerAdaptor<JSC::InlineWatchpointSet*>>::reallyAdd(JSC::CodeBlock*, JSC::DFG::WatchpointCollector&) /root/WebKit/Source/JavaScriptCore/dfg/DFGDesiredWatchpoints.h:214:18 (jsc+0x61ed49)
    #12 JSC::DFG::DesiredWatchpoints::reallyAdd(JSC::CodeBlock*, JSC::DFG::DesiredIdentifiers&, JSC::DFG::CommonData*) /root/WebKit/Source/JavaScriptCore/dfg/DFGDesiredWatchpoints.cpp:209:23 (jsc+0x61f870)
    #13 JSC::DFG::Plan::reallyAdd(JSC::DFG::CommonData*) /root/WebKit/Source/JavaScriptCore/dfg/DFGPlan.cpp:611:24 (jsc+0x8b80f0)
    #14 JSC::DFG::Plan::finalize()::$_0::operator()() const /root/WebKit/Source/JavaScriptCore/dfg/DFGPlan.cpp:671:14 (jsc+0x8b8422)
    #15 JSC::DFG::Plan::finalize() /root/WebKit/Source/JavaScriptCore/dfg/DFGPlan.cpp:654:32 (jsc+0x8b8422)
    #16 JSC::JITWorklist::completeAllReadyPlansForVM(JSC::VM&, JSC::JITCompilationKey) /root/WebKit/Source/JavaScriptCore/jit/JITWorklist.cpp:314:15 (jsc+0x10454c9)
    #17 operationOptimize /root/WebKit/Source/JavaScriptCore/jit/JITOperations.cpp:3158:76 (jsc+0xfc1029)
    #18 <null> <null> (0x7fa82820ca96)
    #19 JSC::Interpreter::executeCall(JSC::JSObject*, JSC::CallData const&, JSC::JSValue, JSC::JSCell*, JSC::ArgList const&) /root/WebKit/Source/JavaScriptCore/interpreter/Interpreter.cpp (jsc+0xe8b88d)
    #20 JSC::call(JSC::JSGlobalObject*, JSC::JSValue, JSC::CallData const&, JSC::JSValue, JSC::ArgList const&) /root/WebKit/Source/JavaScriptCore/runtime/CallData.cpp:70:27 (jsc+0x1360d91)
    #21 JSC::call(JSC::JSGlobalObject*, JSC::JSValue, JSC::CallData const&, JSC::JSValue, JSC::ArgList const&, WTF::NakedPtr<JSC::Exception>&) /root/WebKit/Source/JavaScriptCore/runtime/CallData.cpp:77:22 (jsc+0x1360d91)
    #22 JSC::threadMain(JSC::VM&, WTF::Ref<JSC::ThreadState, WTF::RawPtrTraits<JSC::ThreadState>, WTF::DefaultRefDerefTraits<JSC::ThreadState>>) /root/WebKit/Source/JavaScriptCore/runtime/ThreadObject.cpp:241:30 (jsc+0x19a4ddc)
    #23 JSC::constructThread(JSC::JSGlobalObject*, JSC::CallFrame*)::$_0::operator()() /root/WebKit/Source/JavaScriptCore/runtime/ThreadObject.cpp:468:9 (jsc+0x19a4ddc)
    #24 WTF::Detail::CallableWrapper<JSC::constructThread(JSC::JSGlobalObject*, JSC::CallFrame*)::$_0, void>::call() /root/WebKit/WebKitBuild/TSan/WTF/Headers/wtf/Function.h:59:39 (jsc+0x19a4ddc)
    #25 WTF::Function<void ()>::operator()() const /root/WebKit/Source/WTF/wtf/Function.h:103:35 (jsc+0x25b59c5)
    #26 WTF::Thread::entryPoint(WTF::Thread::NewThreadContext*) /root/WebKit/Source/WTF/wtf/Threading.cpp:312:5 (jsc+0x25b59c5)
    #27 WTF::wtfThreadEntryPoint(void*) /root/WebKit/Source/WTF/wtf/posix/ThreadingPOSIX.cpp:264:5 (jsc+0x260f949)

  Thread T4 'JITWorker' (tid=2797996, running) created by thread T1 at:
    #0 pthread_create /home/runner/work/llvm-project/llvm-project/compiler-rt/lib/tsan/rtl/tsan_interceptors_posix.cpp:1090:3 (jsc+0x13ff1a)
    #1 WTF::Thread::establishHandle(WTF::Thread::NewThreadContext&, WTF::StackAllocationSpecification, WTF::ThreadQOS, WTF::ThreadSchedulingPolicy) /root/WebKit/Source/WTF/wtf/posix/ThreadingPOSIX.cpp:354:17 (jsc+0x260f835)
    #2 WTF::Thread::create(WTF::ASCIILiteral, WTF::Function<void ()>&&, WTF::ThreadType, WTF::ThreadQOS, WTF::ThreadSchedulingPolicy, WTF::StackAllocationSpecification) /root/WebKit/Source/WTF/wtf/Threading.cpp:330:32 (jsc+0x25b5d03)
    #3 WTF::AutomaticThread::start(WTF::AbstractLocker const&) /root/WebKit/Source/WTF/wtf/AutomaticThread.cpp:189:5 (jsc+0x2589529)
    #4 WTF::AutomaticThreadCondition::notifyOne(WTF::AbstractLocker const&) /root/WebKit/Source/WTF/wtf/AutomaticThread.cpp:60:21 (jsc+0x2589329)
    #5 JSC::JITWorklist::wakeThreads(WTF::AbstractLocker const&, unsigned int) /root/WebKit/Source/JavaScriptCore/jit/JITWorklist.cpp:162:25 (jsc+0x1043a26)
    #6 JSC::JITWorklist::enqueue(WTF::Ref<JSC::JITPlan, WTF::RawPtrTraits<JSC::JITPlan>, WTF::DefaultRefDerefTraits<JSC::JITPlan>>) /root/WebKit/Source/JavaScriptCore/jit/JITWorklist.cpp:245:5 (jsc+0x1044292)
    #7 JSC::LLInt::jitCompileAndSetHeuristics(JSC::VM&, JSC::CodeBlock*) /root/WebKit/Source/JavaScriptCore/llint/LLIntSlowPaths.cpp:501:45 (jsc+0x107dfc7)
    #8 JSC::LLInt::entryOSR(JSC::CodeBlock*, char const*, JSC::LLInt::EntryKind) /root/WebKit/Source/JavaScriptCore/llint/LLIntSlowPaths.cpp:523:10 (jsc+0x107d202)
    #9 llint_entry_osr_function_for_call /root/WebKit/Source/JavaScriptCore/llint/LLIntSlowPaths.cpp:550:12 (jsc+0x107d462)
    #10 llint_function_for_call_prologue LowLevelInterpreter.cpp (jsc+0x1e0569e)
    #11 JSC::Interpreter::executeCall(JSC::JSObject*, JSC::CallData const&, JSC::JSValue, JSC::JSCell*, JSC::ArgList const&) /root/WebKit/Source/JavaScriptCore/interpreter/Interpreter.cpp (jsc+0xe8b88d)
    #12 JSC::call(JSC::JSGlobalObject*, JSC::JSValue, JSC::CallData const&, JSC::JSValue, JSC::ArgList const&) /root/WebKit/Source/JavaScriptCore/runtime/CallData.cpp:70:27 (jsc+0x1360d91)
    #13 JSC::call(JSC::JSGlobalObject*, JSC::JSValue, JSC::CallData const&, JSC::JSValue, JSC::ArgList const&, WTF::NakedPtr<JSC::Exception>&) /root/WebKit/Source/JavaScriptCore/runtime/CallData.cpp:77:22 (jsc+0x1360d91)
    #14 JSC::threadMain(JSC::VM&, WTF::Ref<JSC::ThreadState, WTF::RawPtrTraits<JSC::ThreadState>, WTF::DefaultRefDerefTraits<JSC::ThreadState>>) /root/WebKit/Source/JavaScriptCore/runtime/ThreadObject.cpp:241:30 (jsc+0x19a4ddc)
    #15 JSC::constructThread(JSC::JSGlobalObject*, JSC::CallFrame*)::$_0::operator()() /root/WebKit/Source/JavaScriptCore/runtime/ThreadObject.cpp:468:9 (jsc+0x19a4ddc)
    #16 WTF::Detail::CallableWrapper<JSC::constructThread(JSC::JSGlobalObject*, JSC::CallFrame*)::$_0, void>::call() /root/WebKit/WebKitBuild/TSan/WTF/Headers/wtf/Function.h:59:39 (jsc+0x19a4ddc)
    #17 WTF::Function<void ()>::operator()() const /root/WebKit/Source/WTF/wtf/Function.h:103:35 (jsc+0x25b59c5)
    #18 WTF::Thread::entryPoint(WTF::Thread::NewThreadContext*) /root/WebKit/Source/WTF/wtf/Threading.cpp:312:5 (jsc+0x25b59c5)
    #19 WTF::wtfThreadEntryPoint(void*) /root/WebKit/Source/WTF/wtf/posix/ThreadingPOSIX.cpp:264:5 (jsc+0x260f949)

  Thread T2 'JS Thread' (tid=2797994, running) created by main thread at:
    #0 pthread_create /home/runner/work/llvm-project/llvm-project/compiler-rt/lib/tsan/rtl/tsan_interceptors_posix.cpp:1090:3 (jsc+0x13ff1a)
    #1 WTF::Thread::establishHandle(WTF::Thread::NewThreadContext&, WTF::StackAllocationSpecification, WTF::ThreadQOS, WTF::ThreadSchedulingPolicy) /root/WebKit/Source/WTF/wtf/posix/ThreadingPOSIX.cpp:354:17 (jsc+0x260f835)
    #2 WTF::Thread::create(WTF::ASCIILiteral, WTF::Function<void ()>&&, WTF::ThreadType, WTF::ThreadQOS, WTF::ThreadSchedulingPolicy, WTF::StackAllocationSpecification) /root/WebKit/Source/WTF/wtf/Threading.cpp:330:32 (jsc+0x25b5d03)
    #3 JSC::constructThread(JSC::JSGlobalObject*, JSC::CallFrame*) /root/WebKit/Source/JavaScriptCore/runtime/ThreadObject.cpp:467:5 (jsc+0x199d36f)
    #4 <null> <null> (0x7fa8281ff217)
    #5 JSC::evaluate(JSC::JSGlobalObject*, JSC::SourceCode const&, JSC::JSValue, WTF::NakedPtr<JSC::Exception>&) /root/WebKit/Source/JavaScriptCore/runtime/Completion.cpp:145:37 (jsc+0x13c3de3)
    #6 runWithOptions(GlobalObject*, CommandLine&, bool&) /root/WebKit/Source/JavaScriptCore/jsc.cpp:3957:35 (jsc+0x1cafc5)
    #7 jscmain(int, char**)::$_0::operator()(JSC::VM&, GlobalObject*, bool&) const /root/WebKit/Source/JavaScriptCore/jsc.cpp:4686:13 (jsc+0x1cafc5)
    #8 int runJSC<jscmain(int, char**)::$_0>(CommandLine const&, bool, jscmain(int, char**)::$_0 const&) /root/WebKit/Source/JavaScriptCore/jsc.cpp:4472:13 (jsc+0x1cafc5)
    #9 jscmain(int, char**) /root/WebKit/Source/JavaScriptCore/jsc.cpp:4679:18 (jsc+0x1cafc5)
    #10 main /root/WebKit/Source/JavaScriptCore/jsc.cpp:3715:15 (jsc+0x1c9803)

SUMMARY: ThreadSanitizer: data race /root/WebKit/WebKitBuild/TSan/WTF/Headers/wtf/Atomics.h:55:100 in WTF::Atomic<JSC::WatchpointState>::load(std::memory_order) const
==================
int-gate-direct-call-relink: PASS (smoke — rerun with -- int-gate at M4/CS2)
ThreadSanitizer: reported 6 warnings
