JSC: disabling useWasm under GIL-off (wasm glue still reads the raw VM-block exception word; not yet audited for UNGIL §A.1.3 COMPILED-FOR-VM; see AB-17 status block in VMEntryScope.cpp).
==================
WARNING: ThreadSanitizer: data race (pid=2798812)
  Read of size 8 at 0x72a000003868 by thread T3:
    #0 WTF::RefPtr<WTF::StringImpl, WTF::RawPtrTraits<WTF::StringImpl>, WTF::DefaultRefDerefTraits<WTF::StringImpl>>::operator!() const /root/WebKit/WebKitBuild/TSan/WTF/Headers/wtf/RefPtr.h:129:38 (jsc+0x187ed09)
    #1 WTF::String::isNull() const /root/WebKit/WebKitBuild/TSan/WTF/Headers/wtf/text/WTFString.h:114:34 (jsc+0x187ed09)
    #2 JSC::regExpProtoFuncTest(JSC::JSGlobalObject*, JSC::CallFrame*) /root/WebKit/Source/JavaScriptCore/runtime/RegExpPrototype.cpp:167:24 (jsc+0x187ed09)
    #3 <null> <null> (0x7fdfc5bff157)
    #4 JSC::Interpreter::executeCall(JSC::JSObject*, JSC::CallData const&, JSC::JSValue, JSC::JSCell*, JSC::ArgList const&) /root/WebKit/Source/JavaScriptCore/interpreter/Interpreter.cpp (jsc+0xe8b88d)
    #5 JSC::call(JSC::JSGlobalObject*, JSC::JSValue, JSC::CallData const&, JSC::JSValue, JSC::ArgList const&) /root/WebKit/Source/JavaScriptCore/runtime/CallData.cpp:70:27 (jsc+0x1360d91)
    #6 JSC::call(JSC::JSGlobalObject*, JSC::JSValue, JSC::CallData const&, JSC::JSValue, JSC::ArgList const&, WTF::NakedPtr<JSC::Exception>&) /root/WebKit/Source/JavaScriptCore/runtime/CallData.cpp:77:22 (jsc+0x1360d91)
    #7 JSC::threadMain(JSC::VM&, WTF::Ref<JSC::ThreadState, WTF::RawPtrTraits<JSC::ThreadState>, WTF::DefaultRefDerefTraits<JSC::ThreadState>>) /root/WebKit/Source/JavaScriptCore/runtime/ThreadObject.cpp:241:30 (jsc+0x19a4ddc)
    #8 JSC::constructThread(JSC::JSGlobalObject*, JSC::CallFrame*)::$_0::operator()() /root/WebKit/Source/JavaScriptCore/runtime/ThreadObject.cpp:468:9 (jsc+0x19a4ddc)
    #9 WTF::Detail::CallableWrapper<JSC::constructThread(JSC::JSGlobalObject*, JSC::CallFrame*)::$_0, void>::call() /root/WebKit/WebKitBuild/TSan/WTF/Headers/wtf/Function.h:59:39 (jsc+0x19a4ddc)
    #10 WTF::Function<void ()>::operator()() const /root/WebKit/Source/WTF/wtf/Function.h:103:35 (jsc+0x25b59c5)
    #11 WTF::Thread::entryPoint(WTF::Thread::NewThreadContext*) /root/WebKit/Source/WTF/wtf/Threading.cpp:312:5 (jsc+0x25b59c5)
    #12 WTF::wtfThreadEntryPoint(void*) /root/WebKit/Source/WTF/wtf/posix/ThreadingPOSIX.cpp:264:5 (jsc+0x260f949)

  Previous atomic write of size 8 at 0x72a000003868 by main thread:
    #0 std::__atomic_base<unsigned long>::store(unsigned long, std::memory_order) /usr/lib/gcc/x86_64-amazon-linux/14/../../../../include/c++/14/bits/atomic_base.h:477:2 (jsc+0x7c95ca)
    #1 WTF::Atomic<unsigned long>::store(unsigned long, std::memory_order) /root/WebKit/WebKitBuild/TSan/WTF/Headers/wtf/Atomics.h:67:102 (jsc+0x7c95ca)
    #2 void WTF::atomicStore<unsigned long>(unsigned long*, unsigned long, std::memory_order) /root/WebKit/WebKitBuild/TSan/WTF/Headers/wtf/Atomics.h:174:42 (jsc+0x7c95ca)
    #3 JSC::JSString::JSString(JSC::VM&, WTF::Ref<WTF::StringImpl, WTF::RawPtrTraits<WTF::StringImpl>, WTF::DefaultRefDerefTraits<WTF::StringImpl>>&&) /root/WebKit/WebKitBuild/TSan/JavaScriptCore/PrivateHeaders/JavaScriptCore/JSString.h:178:9 (jsc+0x7c95ca)
    #4 JSC::JSString::create(JSC::VM&, WTF::Ref<WTF::StringImpl, WTF::RawPtrTraits<WTF::StringImpl>, WTF::DefaultRefDerefTraits<WTF::StringImpl>>&&) /root/WebKit/WebKitBuild/TSan/JavaScriptCore/PrivateHeaders/JavaScriptCore/JSString.h:219:73 (jsc+0x7c95ca)
    #5 JSC::jsString(JSC::JSGlobalObject*, JSC::JSString*, WTF::String const&) /root/WebKit/Source/JavaScriptCore/runtime/OperationsInlines.h:141:12 (jsc+0x7c95ca)
    #6 JSC::jsAddNonNumber(JSC::JSGlobalObject*, JSC::JSValue, JSC::JSValue) /root/WebKit/Source/JavaScriptCore/runtime/OperationsInlines.h:555:9 (jsc+0x75244a)
    #7 JSC::jsAdd(JSC::JSGlobalObject*, JSC::JSValue, JSC::JSValue) /root/WebKit/Source/JavaScriptCore/runtime/OperationsInlines.h:567:12 (jsc+0x13aa69d)
    #8 slow_path_add /root/WebKit/Source/JavaScriptCore/runtime/CommonSlowPaths.cpp:614:22 (jsc+0x13aa69d)
    #9 llint_op_add LowLevelInterpreter.cpp (jsc+0x1e08e7d)
    #10 JSC::evaluate(JSC::JSGlobalObject*, JSC::SourceCode const&, JSC::JSValue, WTF::NakedPtr<JSC::Exception>&) /root/WebKit/Source/JavaScriptCore/runtime/Completion.cpp:145:37 (jsc+0x13c3de3)
    #11 runWithOptions(GlobalObject*, CommandLine&, bool&) /root/WebKit/Source/JavaScriptCore/jsc.cpp:3957:35 (jsc+0x1cafc5)
    #12 jscmain(int, char**)::$_0::operator()(JSC::VM&, GlobalObject*, bool&) const /root/WebKit/Source/JavaScriptCore/jsc.cpp:4686:13 (jsc+0x1cafc5)
    #13 int runJSC<jscmain(int, char**)::$_0>(CommandLine const&, bool, jscmain(int, char**)::$_0 const&) /root/WebKit/Source/JavaScriptCore/jsc.cpp:4472:13 (jsc+0x1cafc5)
    #14 jscmain(int, char**) /root/WebKit/Source/JavaScriptCore/jsc.cpp:4679:18 (jsc+0x1cafc5)
    #15 main /root/WebKit/Source/JavaScriptCore/jsc.cpp:3715:15 (jsc+0x1c9803)

  Location is heap block of size 16384 at 0x72a000000000 allocated by main thread:
    #0 aligned_alloc /home/runner/work/llvm-project/llvm-project/compiler-rt/lib/tsan/rtl/tsan_interceptors_posix.cpp:885:3 (jsc+0x13f40e)
    #1 bmalloc::api::tryMemalign(unsigned long, unsigned long, bmalloc::CompactAllocationMode, bmalloc::HeapKind) /root/WebKit/WebKitBuild/TSan/bmalloc/Headers/bmalloc/bmalloc.h:158:12 (jsc+0x2598e50)
    #2 WTF::tryFastCompactAlignedMalloc(unsigned long, unsigned long) /root/WebKit/Source/WTF/wtf/FastMalloc.cpp:553:20 (jsc+0x2598e50)
    #3 JSC::FastMallocAlignedMemoryAllocator::tryAllocateAlignedMemory(unsigned long, unsigned long) /root/WebKit/Source/JavaScriptCore/heap/FastMallocAlignedMemoryAllocator.cpp:47:12 (jsc+0xdbd320)
    #4 JSC::MarkedBlock::tryCreate(JSC::Heap&, JSC::AlignedMemoryAllocator*) /root/WebKit/Source/JavaScriptCore/heap/MarkedBlock.cpp:138:48 (jsc+0xe49ff8)
    #5 JSC::BlockDirectory::tryAllocateBlock(WTF::AbstractLocker const&, JSC::Heap&) /root/WebKit/Source/JavaScriptCore/heap/BlockDirectory.cpp:154:35 (jsc+0xdb451d)
    #6 JSC::LocalAllocator::allocateSlowCase(JSC::Heap&, unsigned long, JSC::GCDeferralContext*, JSC::AllocationFailureMode) /root/WebKit/Source/JavaScriptCore/heap/LocalAllocator.cpp:221:47 (jsc+0xe44dbe)
    #7 JSC::LocalAllocator::allocate(JSC::Heap&, unsigned long, JSC::GCDeferralContext*, JSC::AllocationFailureMode)::'lambda'()::operator()() const /root/WebKit/WebKitBuild/TSan/JavaScriptCore/PrivateHeaders/JavaScriptCore/LocalAllocatorInlines.h:53:43 (jsc+0x1d135e)
    #8 JSC::HeapCell* JSC::FreeList::allocateWithCellSize<JSC::LocalAllocator::allocate(JSC::Heap&, unsigned long, JSC::GCDeferralContext*, JSC::AllocationFailureMode)::'lambda'()>(JSC::LocalAllocator::allocate(JSC::Heap&, unsigned long, JSC::GCDeferralContext*, JSC::AllocationFailureMode)::'lambda'() const&, unsigned long) /root/WebKit/WebKitBuild/TSan/JavaScriptCore/PrivateHeaders/JavaScriptCore/FreeListInlines.h:46:16 (jsc+0x1e387f)
    #9 JSC::LocalAllocator::allocate(JSC::Heap&, unsigned long, JSC::GCDeferralContext*, JSC::AllocationFailureMode) /root/WebKit/WebKitBuild/TSan/JavaScriptCore/PrivateHeaders/JavaScriptCore/LocalAllocatorInlines.h:50:23 (jsc+0x1e387f)
    #10 JSC::GCClient::IsoSubspace::allocate(JSC::VM&, unsigned long, JSC::GCDeferralContext*, JSC::AllocationFailureMode) /root/WebKit/WebKitBuild/TSan/JavaScriptCore/PrivateHeaders/JavaScriptCore/IsoSubspaceInlines.h:42:29 (jsc+0x1e387f)
    #11 void* JSC::tryAllocateCellHelper<JSC::JSString, (JSC::AllocationFailureMode)0>(JSC::VM&, unsigned long, JSC::GCDeferralContext*) /root/WebKit/WebKitBuild/TSan/JavaScriptCore/PrivateHeaders/JavaScriptCore/JSCellInlines.h:212:63 (jsc+0x1e387f)
    #12 void* JSC::allocateCell<JSC::JSString>(JSC::VM&, unsigned long) /root/WebKit/WebKitBuild/TSan/JavaScriptCore/PrivateHeaders/JavaScriptCore/JSCellInlines.h:232:12 (jsc+0x1e387f)
    #13 JSC::JSString::createEmptyString(JSC::VM&) /root/WebKit/Source/JavaScriptCore/runtime/JSString.cpp:46:41 (jsc+0x1705eff)
    #14 JSC::SmallStrings::initializeCommonStrings(JSC::VM&) /root/WebKit/Source/JavaScriptCore/runtime/SmallStrings.cpp:47:21 (jsc+0x18bb6c7)
    #15 JSC::VM::VM(JSC::VM::VMType, JSC::HeapType, WTF::RunLoop*, bool*) /root/WebKit/Source/JavaScriptCore/runtime/VM.cpp:483:18 (jsc+0x19b62f5)
    #16 JSC::VM::create(JSC::HeapType, WTF::RunLoop*) /root/WebKit/Source/JavaScriptCore/runtime/VM.cpp:1234:26 (jsc+0x19c0c2c)
    #17 int runJSC<jscmain(int, char**)::$_0>(CommandLine const&, bool, jscmain(int, char**)::$_0 const&) /root/WebKit/Source/JavaScriptCore/jsc.cpp:4438:14 (jsc+0x1c9d8d)
    #18 jscmain(int, char**) /root/WebKit/Source/JavaScriptCore/jsc.cpp:4679:18 (jsc+0x1c9d8d)
    #19 main /root/WebKit/Source/JavaScriptCore/jsc.cpp:3715:15 (jsc+0x1c9803)

  Thread T3 'JS Thread' (tid=2798915, running) created by main thread at:
    #0 pthread_create /home/runner/work/llvm-project/llvm-project/compiler-rt/lib/tsan/rtl/tsan_interceptors_posix.cpp:1090:3 (jsc+0x13ff1a)
    #1 WTF::Thread::establishHandle(WTF::Thread::NewThreadContext&, WTF::StackAllocationSpecification, WTF::ThreadQOS, WTF::ThreadSchedulingPolicy) /root/WebKit/Source/WTF/wtf/posix/ThreadingPOSIX.cpp:354:17 (jsc+0x260f835)
    #2 WTF::Thread::create(WTF::ASCIILiteral, WTF::Function<void ()>&&, WTF::ThreadType, WTF::ThreadQOS, WTF::ThreadSchedulingPolicy, WTF::StackAllocationSpecification) /root/WebKit/Source/WTF/wtf/Threading.cpp:330:32 (jsc+0x25b5d03)
    #3 JSC::constructThread(JSC::JSGlobalObject*, JSC::CallFrame*) /root/WebKit/Source/JavaScriptCore/runtime/ThreadObject.cpp:467:5 (jsc+0x199d36f)
    #4 <null> <null> (0x7fdfc5bff217)
    #5 JSC::evaluate(JSC::JSGlobalObject*, JSC::SourceCode const&, JSC::JSValue, WTF::NakedPtr<JSC::Exception>&) /root/WebKit/Source/JavaScriptCore/runtime/Completion.cpp:145:37 (jsc+0x13c3de3)
    #6 runWithOptions(GlobalObject*, CommandLine&, bool&) /root/WebKit/Source/JavaScriptCore/jsc.cpp:3957:35 (jsc+0x1cafc5)
    #7 jscmain(int, char**)::$_0::operator()(JSC::VM&, GlobalObject*, bool&) const /root/WebKit/Source/JavaScriptCore/jsc.cpp:4686:13 (jsc+0x1cafc5)
    #8 int runJSC<jscmain(int, char**)::$_0>(CommandLine const&, bool, jscmain(int, char**)::$_0 const&) /root/WebKit/Source/JavaScriptCore/jsc.cpp:4472:13 (jsc+0x1cafc5)
    #9 jscmain(int, char**) /root/WebKit/Source/JavaScriptCore/jsc.cpp:4679:18 (jsc+0x1cafc5)
    #10 main /root/WebKit/Source/JavaScriptCore/jsc.cpp:3715:15 (jsc+0x1c9803)

SUMMARY: ThreadSanitizer: data race /root/WebKit/WebKitBuild/TSan/WTF/Headers/wtf/RefPtr.h:129:38 in WTF::RefPtr<WTF::StringImpl, WTF::RawPtrTraits<WTF::StringImpl>, WTF::DefaultRefDerefTraits<WTF::StringImpl>>::operator!() const
==================
==================
WARNING: ThreadSanitizer: data race (pid=2798812)
  Atomic read of size 4 at 0x7208000139f0 by thread T3:
    #0 std::__atomic_base<unsigned int>::load(std::memory_order) const /usr/lib/gcc/x86_64-amazon-linux/14/../../../../include/c++/14/bits/atomic_base.h:501:9 (jsc+0x7db405)
    #1 WTF::StringImplShape::hashAndFlags() const /root/WebKit/WebKitBuild/TSan/WTF/Headers/wtf/text/StringImpl.h:192:59 (jsc+0x7db405)
    #2 WTF::StringImpl::is8Bit() const /root/WebKit/WebKitBuild/TSan/WTF/Headers/wtf/text/StringImpl.h:356:34 (jsc+0x7db405)
    #3 WTF::StringView::StringView(WTF::StringImpl const&) /root/WebKit/WebKitBuild/TSan/WTF/Headers/wtf/text/StringView.h:449:16 (jsc+0x7db405)
    #4 JSC::JSString::view(JSC::JSGlobalObject*) const /root/WebKit/WebKitBuild/TSan/JavaScriptCore/PrivateHeaders/JavaScriptCore/JSString.h:1400:20 (jsc+0x7db405)
    #5 JSC::RegExpObject::matchInline(JSC::JSGlobalObject*, JSC::JSString*) /root/WebKit/Source/JavaScriptCore/runtime/RegExpObjectInlines.h:258:26 (jsc+0x7db405)
    #6 JSC::RegExpObject::match(JSC::JSGlobalObject*, JSC::JSString*) /root/WebKit/Source/JavaScriptCore/runtime/RegExpObject.cpp:167:12 (jsc+0x187ed3c)
    #7 JSC::RegExpObject::test(JSC::JSGlobalObject*, JSC::JSString*) /root/WebKit/Source/JavaScriptCore/runtime/RegExpObject.h:107:74 (jsc+0x187ed3c)
    #8 JSC::regExpProtoFuncTest(JSC::JSGlobalObject*, JSC::CallFrame*) /root/WebKit/Source/JavaScriptCore/runtime/RegExpPrototype.cpp:168:13 (jsc+0x187ed3c)
    #9 <null> <null> (0x7fdfc5bff157)
    #10 JSC::Interpreter::executeCall(JSC::JSObject*, JSC::CallData const&, JSC::JSValue, JSC::JSCell*, JSC::ArgList const&) /root/WebKit/Source/JavaScriptCore/interpreter/Interpreter.cpp (jsc+0xe8b88d)
    #11 JSC::call(JSC::JSGlobalObject*, JSC::JSValue, JSC::CallData const&, JSC::JSValue, JSC::ArgList const&) /root/WebKit/Source/JavaScriptCore/runtime/CallData.cpp:70:27 (jsc+0x1360d91)
    #12 JSC::call(JSC::JSGlobalObject*, JSC::JSValue, JSC::CallData const&, JSC::JSValue, JSC::ArgList const&, WTF::NakedPtr<JSC::Exception>&) /root/WebKit/Source/JavaScriptCore/runtime/CallData.cpp:77:22 (jsc+0x1360d91)
    #13 JSC::threadMain(JSC::VM&, WTF::Ref<JSC::ThreadState, WTF::RawPtrTraits<JSC::ThreadState>, WTF::DefaultRefDerefTraits<JSC::ThreadState>>) /root/WebKit/Source/JavaScriptCore/runtime/ThreadObject.cpp:241:30 (jsc+0x19a4ddc)
    #14 JSC::constructThread(JSC::JSGlobalObject*, JSC::CallFrame*)::$_0::operator()() /root/WebKit/Source/JavaScriptCore/runtime/ThreadObject.cpp:468:9 (jsc+0x19a4ddc)
    #15 WTF::Detail::CallableWrapper<JSC::constructThread(JSC::JSGlobalObject*, JSC::CallFrame*)::$_0, void>::call() /root/WebKit/WebKitBuild/TSan/WTF/Headers/wtf/Function.h:59:39 (jsc+0x19a4ddc)
    #16 WTF::Function<void ()>::operator()() const /root/WebKit/Source/WTF/wtf/Function.h:103:35 (jsc+0x25b59c5)
    #17 WTF::Thread::entryPoint(WTF::Thread::NewThreadContext*) /root/WebKit/Source/WTF/wtf/Threading.cpp:312:5 (jsc+0x25b59c5)
    #18 WTF::wtfThreadEntryPoint(void*) /root/WebKit/Source/WTF/wtf/posix/ThreadingPOSIX.cpp:264:5 (jsc+0x260f949)

  Previous write of size 8 at 0x7208000139f0 by main thread:
    #0 malloc /home/runner/work/llvm-project/llvm-project/compiler-rt/lib/tsan/rtl/tsan_interceptors_posix.cpp:682:5 (jsc+0x13dc20)
    #1 bmalloc::api::tryMalloc(unsigned long, bmalloc::CompactAllocationMode, bmalloc::HeapKind) /root/WebKit/WebKitBuild/TSan/bmalloc/Headers/bmalloc/bmalloc.h:76:12 (jsc+0x2598e8d)
    #2 WTF::tryFastCompactMalloc(unsigned long) /root/WebKit/Source/WTF/wtf/FastMalloc.cpp:566:20 (jsc+0x2598e8d)
    #3 WTF::FastCompactMalloc::tryMalloc(unsigned long) /root/WebKit/WebKitBuild/TSan/WTF/Headers/wtf/FastMalloc.h:291:23 (jsc+0x7c9b49)
    #4 WTF::RefPtr<WTF::StringImpl, WTF::RawPtrTraits<WTF::StringImpl>, WTF::DefaultRefDerefTraits<WTF::StringImpl>> WTF::StringImpl::tryCreateUninitialized<unsigned char>(unsigned long, std::span<unsigned char, 18446744073709551615ul>&) /root/WebKit/WebKitBuild/TSan/WTF/Headers/wtf/text/StringImpl.h:1226:64 (jsc+0x7c9b49)
    #5 WTF::RefPtr<WTF::StringImpl, WTF::RawPtrTraits<WTF::StringImpl>, WTF::DefaultRefDerefTraits<WTF::StringImpl>> WTF::tryMakeStringImplFromAdaptersInternal<WTF::StringTypeAdapter<WTF::String>, WTF::StringTypeAdapter<WTF::String>>(unsigned int, bool, WTF::StringTypeAdapter<WTF::String>, WTF::StringTypeAdapter<WTF::String>) /root/WebKit/WebKitBuild/TSan/WTF/Headers/wtf/text/MakeString.h:49:25 (jsc+0x7c9b49)
    #6 WTF::String WTF::tryMakeStringFromAdapters<WTF::StringTypeAdapter<WTF::String>, WTF::StringTypeAdapter<WTF::String>>(WTF::StringTypeAdapter<WTF::String>&&, WTF::StringTypeAdapter<WTF::String>&&) /root/WebKit/WebKitBuild/TSan/WTF/Headers/wtf/text/MakeString.h:85:16 (jsc+0x7c94cb)
    #7 WTF::String WTF::tryMakeString<WTF::String, WTF::String>(WTF::String, WTF::String const&...) /root/WebKit/WebKitBuild/TSan/WTF/Headers/wtf/text/MakeString.h:92:12 (jsc+0x7c94cb)
    #8 JSC::jsString(JSC::JSGlobalObject*, JSC::JSString*, WTF::String const&) /root/WebKit/Source/JavaScriptCore/runtime/OperationsInlines.h:136:24 (jsc+0x7c94cb)
    #9 JSC::jsAddNonNumber(JSC::JSGlobalObject*, JSC::JSValue, JSC::JSValue) /root/WebKit/Source/JavaScriptCore/runtime/OperationsInlines.h:555:9 (jsc+0x75244a)
    #10 JSC::jsAdd(JSC::JSGlobalObject*, JSC::JSValue, JSC::JSValue) /root/WebKit/Source/JavaScriptCore/runtime/OperationsInlines.h:567:12 (jsc+0x13aa69d)
    #11 slow_path_add /root/WebKit/Source/JavaScriptCore/runtime/CommonSlowPaths.cpp:614:22 (jsc+0x13aa69d)
    #12 llint_op_add LowLevelInterpreter.cpp (jsc+0x1e08e7d)
    #13 JSC::evaluate(JSC::JSGlobalObject*, JSC::SourceCode const&, JSC::JSValue, WTF::NakedPtr<JSC::Exception>&) /root/WebKit/Source/JavaScriptCore/runtime/Completion.cpp:145:37 (jsc+0x13c3de3)
    #14 runWithOptions(GlobalObject*, CommandLine&, bool&) /root/WebKit/Source/JavaScriptCore/jsc.cpp:3957:35 (jsc+0x1cafc5)
    #15 jscmain(int, char**)::$_0::operator()(JSC::VM&, GlobalObject*, bool&) const /root/WebKit/Source/JavaScriptCore/jsc.cpp:4686:13 (jsc+0x1cafc5)
    #16 int runJSC<jscmain(int, char**)::$_0>(CommandLine const&, bool, jscmain(int, char**)::$_0 const&) /root/WebKit/Source/JavaScriptCore/jsc.cpp:4472:13 (jsc+0x1cafc5)
    #17 jscmain(int, char**) /root/WebKit/Source/JavaScriptCore/jsc.cpp:4679:18 (jsc+0x1cafc5)
    #18 main /root/WebKit/Source/JavaScriptCore/jsc.cpp:3715:15 (jsc+0x1c9803)

  Location is heap block of size 24 at 0x7208000139e0 allocated by main thread:
    #0 malloc /home/runner/work/llvm-project/llvm-project/compiler-rt/lib/tsan/rtl/tsan_interceptors_posix.cpp:682:5 (jsc+0x13dc20)
    #1 bmalloc::api::tryMalloc(unsigned long, bmalloc::CompactAllocationMode, bmalloc::HeapKind) /root/WebKit/WebKitBuild/TSan/bmalloc/Headers/bmalloc/bmalloc.h:76:12 (jsc+0x2598e8d)
    #2 WTF::tryFastCompactMalloc(unsigned long) /root/WebKit/Source/WTF/wtf/FastMalloc.cpp:566:20 (jsc+0x2598e8d)
    #3 WTF::FastCompactMalloc::tryMalloc(unsigned long) /root/WebKit/WebKitBuild/TSan/WTF/Headers/wtf/FastMalloc.h:291:23 (jsc+0x7c9b49)
    #4 WTF::RefPtr<WTF::StringImpl, WTF::RawPtrTraits<WTF::StringImpl>, WTF::DefaultRefDerefTraits<WTF::StringImpl>> WTF::StringImpl::tryCreateUninitialized<unsigned char>(unsigned long, std::span<unsigned char, 18446744073709551615ul>&) /root/WebKit/WebKitBuild/TSan/WTF/Headers/wtf/text/StringImpl.h:1226:64 (jsc+0x7c9b49)
    #5 WTF::RefPtr<WTF::StringImpl, WTF::RawPtrTraits<WTF::StringImpl>, WTF::DefaultRefDerefTraits<WTF::StringImpl>> WTF::tryMakeStringImplFromAdaptersInternal<WTF::StringTypeAdapter<WTF::String>, WTF::StringTypeAdapter<WTF::String>>(unsigned int, bool, WTF::StringTypeAdapter<WTF::String>, WTF::StringTypeAdapter<WTF::String>) /root/WebKit/WebKitBuild/TSan/WTF/Headers/wtf/text/MakeString.h:49:25 (jsc+0x7c9b49)
    #6 WTF::String WTF::tryMakeStringFromAdapters<WTF::StringTypeAdapter<WTF::String>, WTF::StringTypeAdapter<WTF::String>>(WTF::StringTypeAdapter<WTF::String>&&, WTF::StringTypeAdapter<WTF::String>&&) /root/WebKit/WebKitBuild/TSan/WTF/Headers/wtf/text/MakeString.h:85:16 (jsc+0x7c94cb)
    #7 WTF::String WTF::tryMakeString<WTF::String, WTF::String>(WTF::String, WTF::String const&...) /root/WebKit/WebKitBuild/TSan/WTF/Headers/wtf/text/MakeString.h:92:12 (jsc+0x7c94cb)
    #8 JSC::jsString(JSC::JSGlobalObject*, JSC::JSString*, WTF::String const&) /root/WebKit/Source/JavaScriptCore/runtime/OperationsInlines.h:136:24 (jsc+0x7c94cb)
    #9 JSC::jsAddNonNumber(JSC::JSGlobalObject*, JSC::JSValue, JSC::JSValue) /root/WebKit/Source/JavaScriptCore/runtime/OperationsInlines.h:555:9 (jsc+0x75244a)
    #10 JSC::jsAdd(JSC::JSGlobalObject*, JSC::JSValue, JSC::JSValue) /root/WebKit/Source/JavaScriptCore/runtime/OperationsInlines.h:567:12 (jsc+0x13aa69d)
    #11 slow_path_add /root/WebKit/Source/JavaScriptCore/runtime/CommonSlowPaths.cpp:614:22 (jsc+0x13aa69d)
    #12 llint_op_add LowLevelInterpreter.cpp (jsc+0x1e08e7d)
    #13 JSC::evaluate(JSC::JSGlobalObject*, JSC::SourceCode const&, JSC::JSValue, WTF::NakedPtr<JSC::Exception>&) /root/WebKit/Source/JavaScriptCore/runtime/Completion.cpp:145:37 (jsc+0x13c3de3)
    #14 runWithOptions(GlobalObject*, CommandLine&, bool&) /root/WebKit/Source/JavaScriptCore/jsc.cpp:3957:35 (jsc+0x1cafc5)
    #15 jscmain(int, char**)::$_0::operator()(JSC::VM&, GlobalObject*, bool&) const /root/WebKit/Source/JavaScriptCore/jsc.cpp:4686:13 (jsc+0x1cafc5)
    #16 int runJSC<jscmain(int, char**)::$_0>(CommandLine const&, bool, jscmain(int, char**)::$_0 const&) /root/WebKit/Source/JavaScriptCore/jsc.cpp:4472:13 (jsc+0x1cafc5)
    #17 jscmain(int, char**) /root/WebKit/Source/JavaScriptCore/jsc.cpp:4679:18 (jsc+0x1cafc5)
    #18 main /root/WebKit/Source/JavaScriptCore/jsc.cpp:3715:15 (jsc+0x1c9803)

  Thread T3 'JS Thread' (tid=2798915, running) created by main thread at:
    #0 pthread_create /home/runner/work/llvm-project/llvm-project/compiler-rt/lib/tsan/rtl/tsan_interceptors_posix.cpp:1090:3 (jsc+0x13ff1a)
    #1 WTF::Thread::establishHandle(WTF::Thread::NewThreadContext&, WTF::StackAllocationSpecification, WTF::ThreadQOS, WTF::ThreadSchedulingPolicy) /root/WebKit/Source/WTF/wtf/posix/ThreadingPOSIX.cpp:354:17 (jsc+0x260f835)
    #2 WTF::Thread::create(WTF::ASCIILiteral, WTF::Function<void ()>&&, WTF::ThreadType, WTF::ThreadQOS, WTF::ThreadSchedulingPolicy, WTF::StackAllocationSpecification) /root/WebKit/Source/WTF/wtf/Threading.cpp:330:32 (jsc+0x25b5d03)
    #3 JSC::constructThread(JSC::JSGlobalObject*, JSC::CallFrame*) /root/WebKit/Source/JavaScriptCore/runtime/ThreadObject.cpp:467:5 (jsc+0x199d36f)
    #4 <null> <null> (0x7fdfc5bff217)
    #5 JSC::evaluate(JSC::JSGlobalObject*, JSC::SourceCode const&, JSC::JSValue, WTF::NakedPtr<JSC::Exception>&) /root/WebKit/Source/JavaScriptCore/runtime/Completion.cpp:145:37 (jsc+0x13c3de3)
    #6 runWithOptions(GlobalObject*, CommandLine&, bool&) /root/WebKit/Source/JavaScriptCore/jsc.cpp:3957:35 (jsc+0x1cafc5)
    #7 jscmain(int, char**)::$_0::operator()(JSC::VM&, GlobalObject*, bool&) const /root/WebKit/Source/JavaScriptCore/jsc.cpp:4686:13 (jsc+0x1cafc5)
    #8 int runJSC<jscmain(int, char**)::$_0>(CommandLine const&, bool, jscmain(int, char**)::$_0 const&) /root/WebKit/Source/JavaScriptCore/jsc.cpp:4472:13 (jsc+0x1cafc5)
    #9 jscmain(int, char**) /root/WebKit/Source/JavaScriptCore/jsc.cpp:4679:18 (jsc+0x1cafc5)
    #10 main /root/WebKit/Source/JavaScriptCore/jsc.cpp:3715:15 (jsc+0x1c9803)

SUMMARY: ThreadSanitizer: data race /root/WebKit/WebKitBuild/TSan/WTF/Headers/wtf/text/StringImpl.h:192:59 in WTF::StringImplShape::hashAndFlags() const
==================
==================
WARNING: ThreadSanitizer: data race (pid=2798812)
  Read of size 8 at 0x7208000139e8 by thread T3:
    #0 WTF::StringView::StringView(WTF::StringImpl const&) /root/WebKit/WebKitBuild/TSan/WTF/Headers/wtf/text/StringView.h (jsc+0x7db411)
    #1 JSC::JSString::view(JSC::JSGlobalObject*) const /root/WebKit/WebKitBuild/TSan/JavaScriptCore/PrivateHeaders/JavaScriptCore/JSString.h:1400:20 (jsc+0x7db411)
    #2 JSC::RegExpObject::matchInline(JSC::JSGlobalObject*, JSC::JSString*) /root/WebKit/Source/JavaScriptCore/runtime/RegExpObjectInlines.h:258:26 (jsc+0x7db411)
    #3 JSC::RegExpObject::match(JSC::JSGlobalObject*, JSC::JSString*) /root/WebKit/Source/JavaScriptCore/runtime/RegExpObject.cpp:167:12 (jsc+0x187ed3c)
    #4 JSC::RegExpObject::test(JSC::JSGlobalObject*, JSC::JSString*) /root/WebKit/Source/JavaScriptCore/runtime/RegExpObject.h:107:74 (jsc+0x187ed3c)
    #5 JSC::regExpProtoFuncTest(JSC::JSGlobalObject*, JSC::CallFrame*) /root/WebKit/Source/JavaScriptCore/runtime/RegExpPrototype.cpp:168:13 (jsc+0x187ed3c)
    #6 <null> <null> (0x7fdfc5bff157)
    #7 JSC::Interpreter::executeCall(JSC::JSObject*, JSC::CallData const&, JSC::JSValue, JSC::JSCell*, JSC::ArgList const&) /root/WebKit/Source/JavaScriptCore/interpreter/Interpreter.cpp (jsc+0xe8b88d)
    #8 JSC::call(JSC::JSGlobalObject*, JSC::JSValue, JSC::CallData const&, JSC::JSValue, JSC::ArgList const&) /root/WebKit/Source/JavaScriptCore/runtime/CallData.cpp:70:27 (jsc+0x1360d91)
    #9 JSC::call(JSC::JSGlobalObject*, JSC::JSValue, JSC::CallData const&, JSC::JSValue, JSC::ArgList const&, WTF::NakedPtr<JSC::Exception>&) /root/WebKit/Source/JavaScriptCore/runtime/CallData.cpp:77:22 (jsc+0x1360d91)
    #10 JSC::threadMain(JSC::VM&, WTF::Ref<JSC::ThreadState, WTF::RawPtrTraits<JSC::ThreadState>, WTF::DefaultRefDerefTraits<JSC::ThreadState>>) /root/WebKit/Source/JavaScriptCore/runtime/ThreadObject.cpp:241:30 (jsc+0x19a4ddc)
    #11 JSC::constructThread(JSC::JSGlobalObject*, JSC::CallFrame*)::$_0::operator()() /root/WebKit/Source/JavaScriptCore/runtime/ThreadObject.cpp:468:9 (jsc+0x19a4ddc)
    #12 WTF::Detail::CallableWrapper<JSC::constructThread(JSC::JSGlobalObject*, JSC::CallFrame*)::$_0, void>::call() /root/WebKit/WebKitBuild/TSan/WTF/Headers/wtf/Function.h:59:39 (jsc+0x19a4ddc)
    #13 WTF::Function<void ()>::operator()() const /root/WebKit/Source/WTF/wtf/Function.h:103:35 (jsc+0x25b59c5)
    #14 WTF::Thread::entryPoint(WTF::Thread::NewThreadContext*) /root/WebKit/Source/WTF/wtf/Threading.cpp:312:5 (jsc+0x25b59c5)
    #15 WTF::wtfThreadEntryPoint(void*) /root/WebKit/Source/WTF/wtf/posix/ThreadingPOSIX.cpp:264:5 (jsc+0x260f949)

  Previous write of size 8 at 0x7208000139e8 by main thread:
    #0 malloc /home/runner/work/llvm-project/llvm-project/compiler-rt/lib/tsan/rtl/tsan_interceptors_posix.cpp:682:5 (jsc+0x13dc20)
    #1 bmalloc::api::tryMalloc(unsigned long, bmalloc::CompactAllocationMode, bmalloc::HeapKind) /root/WebKit/WebKitBuild/TSan/bmalloc/Headers/bmalloc/bmalloc.h:76:12 (jsc+0x2598e8d)
    #2 WTF::tryFastCompactMalloc(unsigned long) /root/WebKit/Source/WTF/wtf/FastMalloc.cpp:566:20 (jsc+0x2598e8d)
    #3 WTF::FastCompactMalloc::tryMalloc(unsigned long) /root/WebKit/WebKitBuild/TSan/WTF/Headers/wtf/FastMalloc.h:291:23 (jsc+0x7c9b49)
    #4 WTF::RefPtr<WTF::StringImpl, WTF::RawPtrTraits<WTF::StringImpl>, WTF::DefaultRefDerefTraits<WTF::StringImpl>> WTF::StringImpl::tryCreateUninitialized<unsigned char>(unsigned long, std::span<unsigned char, 18446744073709551615ul>&) /root/WebKit/WebKitBuild/TSan/WTF/Headers/wtf/text/StringImpl.h:1226:64 (jsc+0x7c9b49)
    #5 WTF::RefPtr<WTF::StringImpl, WTF::RawPtrTraits<WTF::StringImpl>, WTF::DefaultRefDerefTraits<WTF::StringImpl>> WTF::tryMakeStringImplFromAdaptersInternal<WTF::StringTypeAdapter<WTF::String>, WTF::StringTypeAdapter<WTF::String>>(unsigned int, bool, WTF::StringTypeAdapter<WTF::String>, WTF::StringTypeAdapter<WTF::String>) /root/WebKit/WebKitBuild/TSan/WTF/Headers/wtf/text/MakeString.h:49:25 (jsc+0x7c9b49)
    #6 WTF::String WTF::tryMakeStringFromAdapters<WTF::StringTypeAdapter<WTF::String>, WTF::StringTypeAdapter<WTF::String>>(WTF::StringTypeAdapter<WTF::String>&&, WTF::StringTypeAdapter<WTF::String>&&) /root/WebKit/WebKitBuild/TSan/WTF/Headers/wtf/text/MakeString.h:85:16 (jsc+0x7c94cb)
    #7 WTF::String WTF::tryMakeString<WTF::String, WTF::String>(WTF::String, WTF::String const&...) /root/WebKit/WebKitBuild/TSan/WTF/Headers/wtf/text/MakeString.h:92:12 (jsc+0x7c94cb)
    #8 JSC::jsString(JSC::JSGlobalObject*, JSC::JSString*, WTF::String const&) /root/WebKit/Source/JavaScriptCore/runtime/OperationsInlines.h:136:24 (jsc+0x7c94cb)
    #9 JSC::jsAddNonNumber(JSC::JSGlobalObject*, JSC::JSValue, JSC::JSValue) /root/WebKit/Source/JavaScriptCore/runtime/OperationsInlines.h:555:9 (jsc+0x75244a)
    #10 JSC::jsAdd(JSC::JSGlobalObject*, JSC::JSValue, JSC::JSValue) /root/WebKit/Source/JavaScriptCore/runtime/OperationsInlines.h:567:12 (jsc+0x13aa69d)
    #11 slow_path_add /root/WebKit/Source/JavaScriptCore/runtime/CommonSlowPaths.cpp:614:22 (jsc+0x13aa69d)
    #12 llint_op_add LowLevelInterpreter.cpp (jsc+0x1e08e7d)
    #13 JSC::evaluate(JSC::JSGlobalObject*, JSC::SourceCode const&, JSC::JSValue, WTF::NakedPtr<JSC::Exception>&) /root/WebKit/Source/JavaScriptCore/runtime/Completion.cpp:145:37 (jsc+0x13c3de3)
    #14 runWithOptions(GlobalObject*, CommandLine&, bool&) /root/WebKit/Source/JavaScriptCore/jsc.cpp:3957:35 (jsc+0x1cafc5)
    #15 jscmain(int, char**)::$_0::operator()(JSC::VM&, GlobalObject*, bool&) const /root/WebKit/Source/JavaScriptCore/jsc.cpp:4686:13 (jsc+0x1cafc5)
    #16 int runJSC<jscmain(int, char**)::$_0>(CommandLine const&, bool, jscmain(int, char**)::$_0 const&) /root/WebKit/Source/JavaScriptCore/jsc.cpp:4472:13 (jsc+0x1cafc5)
    #17 jscmain(int, char**) /root/WebKit/Source/JavaScriptCore/jsc.cpp:4679:18 (jsc+0x1cafc5)
    #18 main /root/WebKit/Source/JavaScriptCore/jsc.cpp:3715:15 (jsc+0x1c9803)

  Location is heap block of size 24 at 0x7208000139e0 allocated by main thread:
    #0 malloc /home/runner/work/llvm-project/llvm-project/compiler-rt/lib/tsan/rtl/tsan_interceptors_posix.cpp:682:5 (jsc+0x13dc20)
    #1 bmalloc::api::tryMalloc(unsigned long, bmalloc::CompactAllocationMode, bmalloc::HeapKind) /root/WebKit/WebKitBuild/TSan/bmalloc/Headers/bmalloc/bmalloc.h:76:12 (jsc+0x2598e8d)
    #2 WTF::tryFastCompactMalloc(unsigned long) /root/WebKit/Source/WTF/wtf/FastMalloc.cpp:566:20 (jsc+0x2598e8d)
    #3 WTF::FastCompactMalloc::tryMalloc(unsigned long) /root/WebKit/WebKitBuild/TSan/WTF/Headers/wtf/FastMalloc.h:291:23 (jsc+0x7c9b49)
    #4 WTF::RefPtr<WTF::StringImpl, WTF::RawPtrTraits<WTF::StringImpl>, WTF::DefaultRefDerefTraits<WTF::StringImpl>> WTF::StringImpl::tryCreateUninitialized<unsigned char>(unsigned long, std::span<unsigned char, 18446744073709551615ul>&) /root/WebKit/WebKitBuild/TSan/WTF/Headers/wtf/text/StringImpl.h:1226:64 (jsc+0x7c9b49)
    #5 WTF::RefPtr<WTF::StringImpl, WTF::RawPtrTraits<WTF::StringImpl>, WTF::DefaultRefDerefTraits<WTF::StringImpl>> WTF::tryMakeStringImplFromAdaptersInternal<WTF::StringTypeAdapter<WTF::String>, WTF::StringTypeAdapter<WTF::String>>(unsigned int, bool, WTF::StringTypeAdapter<WTF::String>, WTF::StringTypeAdapter<WTF::String>) /root/WebKit/WebKitBuild/TSan/WTF/Headers/wtf/text/MakeString.h:49:25 (jsc+0x7c9b49)
    #6 WTF::String WTF::tryMakeStringFromAdapters<WTF::StringTypeAdapter<WTF::String>, WTF::StringTypeAdapter<WTF::String>>(WTF::StringTypeAdapter<WTF::String>&&, WTF::StringTypeAdapter<WTF::String>&&) /root/WebKit/WebKitBuild/TSan/WTF/Headers/wtf/text/MakeString.h:85:16 (jsc+0x7c94cb)
    #7 WTF::String WTF::tryMakeString<WTF::String, WTF::String>(WTF::String, WTF::String const&...) /root/WebKit/WebKitBuild/TSan/WTF/Headers/wtf/text/MakeString.h:92:12 (jsc+0x7c94cb)
    #8 JSC::jsString(JSC::JSGlobalObject*, JSC::JSString*, WTF::String const&) /root/WebKit/Source/JavaScriptCore/runtime/OperationsInlines.h:136:24 (jsc+0x7c94cb)
    #9 JSC::jsAddNonNumber(JSC::JSGlobalObject*, JSC::JSValue, JSC::JSValue) /root/WebKit/Source/JavaScriptCore/runtime/OperationsInlines.h:555:9 (jsc+0x75244a)
    #10 JSC::jsAdd(JSC::JSGlobalObject*, JSC::JSValue, JSC::JSValue) /root/WebKit/Source/JavaScriptCore/runtime/OperationsInlines.h:567:12 (jsc+0x13aa69d)
    #11 slow_path_add /root/WebKit/Source/JavaScriptCore/runtime/CommonSlowPaths.cpp:614:22 (jsc+0x13aa69d)
    #12 llint_op_add LowLevelInterpreter.cpp (jsc+0x1e08e7d)
    #13 JSC::evaluate(JSC::JSGlobalObject*, JSC::SourceCode const&, JSC::JSValue, WTF::NakedPtr<JSC::Exception>&) /root/WebKit/Source/JavaScriptCore/runtime/Completion.cpp:145:37 (jsc+0x13c3de3)
    #14 runWithOptions(GlobalObject*, CommandLine&, bool&) /root/WebKit/Source/JavaScriptCore/jsc.cpp:3957:35 (jsc+0x1cafc5)
    #15 jscmain(int, char**)::$_0::operator()(JSC::VM&, GlobalObject*, bool&) const /root/WebKit/Source/JavaScriptCore/jsc.cpp:4686:13 (jsc+0x1cafc5)
    #16 int runJSC<jscmain(int, char**)::$_0>(CommandLine const&, bool, jscmain(int, char**)::$_0 const&) /root/WebKit/Source/JavaScriptCore/jsc.cpp:4472:13 (jsc+0x1cafc5)
    #17 jscmain(int, char**) /root/WebKit/Source/JavaScriptCore/jsc.cpp:4679:18 (jsc+0x1cafc5)
    #18 main /root/WebKit/Source/JavaScriptCore/jsc.cpp:3715:15 (jsc+0x1c9803)

  Thread T3 'JS Thread' (tid=2798915, running) created by main thread at:
    #0 pthread_create /home/runner/work/llvm-project/llvm-project/compiler-rt/lib/tsan/rtl/tsan_interceptors_posix.cpp:1090:3 (jsc+0x13ff1a)
    #1 WTF::Thread::establishHandle(WTF::Thread::NewThreadContext&, WTF::StackAllocationSpecification, WTF::ThreadQOS, WTF::ThreadSchedulingPolicy) /root/WebKit/Source/WTF/wtf/posix/ThreadingPOSIX.cpp:354:17 (jsc+0x260f835)
    #2 WTF::Thread::create(WTF::ASCIILiteral, WTF::Function<void ()>&&, WTF::ThreadType, WTF::ThreadQOS, WTF::ThreadSchedulingPolicy, WTF::StackAllocationSpecification) /root/WebKit/Source/WTF/wtf/Threading.cpp:330:32 (jsc+0x25b5d03)
    #3 JSC::constructThread(JSC::JSGlobalObject*, JSC::CallFrame*) /root/WebKit/Source/JavaScriptCore/runtime/ThreadObject.cpp:467:5 (jsc+0x199d36f)
    #4 <null> <null> (0x7fdfc5bff217)
    #5 JSC::evaluate(JSC::JSGlobalObject*, JSC::SourceCode const&, JSC::JSValue, WTF::NakedPtr<JSC::Exception>&) /root/WebKit/Source/JavaScriptCore/runtime/Completion.cpp:145:37 (jsc+0x13c3de3)
    #6 runWithOptions(GlobalObject*, CommandLine&, bool&) /root/WebKit/Source/JavaScriptCore/jsc.cpp:3957:35 (jsc+0x1cafc5)
    #7 jscmain(int, char**)::$_0::operator()(JSC::VM&, GlobalObject*, bool&) const /root/WebKit/Source/JavaScriptCore/jsc.cpp:4686:13 (jsc+0x1cafc5)
    #8 int runJSC<jscmain(int, char**)::$_0>(CommandLine const&, bool, jscmain(int, char**)::$_0 const&) /root/WebKit/Source/JavaScriptCore/jsc.cpp:4472:13 (jsc+0x1cafc5)
    #9 jscmain(int, char**) /root/WebKit/Source/JavaScriptCore/jsc.cpp:4679:18 (jsc+0x1cafc5)
    #10 main /root/WebKit/Source/JavaScriptCore/jsc.cpp:3715:15 (jsc+0x1c9803)

SUMMARY: ThreadSanitizer: data race /root/WebKit/WebKitBuild/TSan/WTF/Headers/wtf/text/StringView.h in WTF::StringView::StringView(WTF::StringImpl const&)
==================
==================
WARNING: ThreadSanitizer: data race (pid=2798812)
  Atomic read of size 4 at 0x7208000139e4 by thread T3:
    #0 WTF::StringView::StringView(WTF::StringImpl const&) /root/WebKit/WebKitBuild/TSan/WTF/Headers/wtf/text/StringView.h (jsc+0x7db423)
    #1 JSC::JSString::view(JSC::JSGlobalObject*) const /root/WebKit/WebKitBuild/TSan/JavaScriptCore/PrivateHeaders/JavaScriptCore/JSString.h:1400:20 (jsc+0x7db423)
    #2 JSC::RegExpObject::matchInline(JSC::JSGlobalObject*, JSC::JSString*) /root/WebKit/Source/JavaScriptCore/runtime/RegExpObjectInlines.h:258:26 (jsc+0x7db423)
    #3 JSC::RegExpObject::match(JSC::JSGlobalObject*, JSC::JSString*) /root/WebKit/Source/JavaScriptCore/runtime/RegExpObject.cpp:167:12 (jsc+0x187ed3c)
    #4 JSC::RegExpObject::test(JSC::JSGlobalObject*, JSC::JSString*) /root/WebKit/Source/JavaScriptCore/runtime/RegExpObject.h:107:74 (jsc+0x187ed3c)
    #5 JSC::regExpProtoFuncTest(JSC::JSGlobalObject*, JSC::CallFrame*) /root/WebKit/Source/JavaScriptCore/runtime/RegExpPrototype.cpp:168:13 (jsc+0x187ed3c)
    #6 <null> <null> (0x7fdfc5bff157)
    #7 JSC::Interpreter::executeCall(JSC::JSObject*, JSC::CallData const&, JSC::JSValue, JSC::JSCell*, JSC::ArgList const&) /root/WebKit/Source/JavaScriptCore/interpreter/Interpreter.cpp (jsc+0xe8b88d)
    #8 JSC::call(JSC::JSGlobalObject*, JSC::JSValue, JSC::CallData const&, JSC::JSValue, JSC::ArgList const&) /root/WebKit/Source/JavaScriptCore/runtime/CallData.cpp:70:27 (jsc+0x1360d91)
    #9 JSC::call(JSC::JSGlobalObject*, JSC::JSValue, JSC::CallData const&, JSC::JSValue, JSC::ArgList const&, WTF::NakedPtr<JSC::Exception>&) /root/WebKit/Source/JavaScriptCore/runtime/CallData.cpp:77:22 (jsc+0x1360d91)
    #10 JSC::threadMain(JSC::VM&, WTF::Ref<JSC::ThreadState, WTF::RawPtrTraits<JSC::ThreadState>, WTF::DefaultRefDerefTraits<JSC::ThreadState>>) /root/WebKit/Source/JavaScriptCore/runtime/ThreadObject.cpp:241:30 (jsc+0x19a4ddc)
    #11 JSC::constructThread(JSC::JSGlobalObject*, JSC::CallFrame*)::$_0::operator()() /root/WebKit/Source/JavaScriptCore/runtime/ThreadObject.cpp:468:9 (jsc+0x19a4ddc)
    #12 WTF::Detail::CallableWrapper<JSC::constructThread(JSC::JSGlobalObject*, JSC::CallFrame*)::$_0, void>::call() /root/WebKit/WebKitBuild/TSan/WTF/Headers/wtf/Function.h:59:39 (jsc+0x19a4ddc)
    #13 WTF::Function<void ()>::operator()() const /root/WebKit/Source/WTF/wtf/Function.h:103:35 (jsc+0x25b59c5)
    #14 WTF::Thread::entryPoint(WTF::Thread::NewThreadContext*) /root/WebKit/Source/WTF/wtf/Threading.cpp:312:5 (jsc+0x25b59c5)
    #15 WTF::wtfThreadEntryPoint(void*) /root/WebKit/Source/WTF/wtf/posix/ThreadingPOSIX.cpp:264:5 (jsc+0x260f949)

  Previous write of size 8 at 0x7208000139e0 by main thread:
    #0 malloc /home/runner/work/llvm-project/llvm-project/compiler-rt/lib/tsan/rtl/tsan_interceptors_posix.cpp:682:5 (jsc+0x13dc20)
    #1 bmalloc::api::tryMalloc(unsigned long, bmalloc::CompactAllocationMode, bmalloc::HeapKind) /root/WebKit/WebKitBuild/TSan/bmalloc/Headers/bmalloc/bmalloc.h:76:12 (jsc+0x2598e8d)
    #2 WTF::tryFastCompactMalloc(unsigned long) /root/WebKit/Source/WTF/wtf/FastMalloc.cpp:566:20 (jsc+0x2598e8d)
    #3 WTF::FastCompactMalloc::tryMalloc(unsigned long) /root/WebKit/WebKitBuild/TSan/WTF/Headers/wtf/FastMalloc.h:291:23 (jsc+0x7c9b49)
    #4 WTF::RefPtr<WTF::StringImpl, WTF::RawPtrTraits<WTF::StringImpl>, WTF::DefaultRefDerefTraits<WTF::StringImpl>> WTF::StringImpl::tryCreateUninitialized<unsigned char>(unsigned long, std::span<unsigned char, 18446744073709551615ul>&) /root/WebKit/WebKitBuild/TSan/WTF/Headers/wtf/text/StringImpl.h:1226:64 (jsc+0x7c9b49)
    #5 WTF::RefPtr<WTF::StringImpl, WTF::RawPtrTraits<WTF::StringImpl>, WTF::DefaultRefDerefTraits<WTF::StringImpl>> WTF::tryMakeStringImplFromAdaptersInternal<WTF::StringTypeAdapter<WTF::String>, WTF::StringTypeAdapter<WTF::String>>(unsigned int, bool, WTF::StringTypeAdapter<WTF::String>, WTF::StringTypeAdapter<WTF::String>) /root/WebKit/WebKitBuild/TSan/WTF/Headers/wtf/text/MakeString.h:49:25 (jsc+0x7c9b49)
    #6 WTF::String WTF::tryMakeStringFromAdapters<WTF::StringTypeAdapter<WTF::String>, WTF::StringTypeAdapter<WTF::String>>(WTF::StringTypeAdapter<WTF::String>&&, WTF::StringTypeAdapter<WTF::String>&&) /root/WebKit/WebKitBuild/TSan/WTF/Headers/wtf/text/MakeString.h:85:16 (jsc+0x7c94cb)
    #7 WTF::String WTF::tryMakeString<WTF::String, WTF::String>(WTF::String, WTF::String const&...) /root/WebKit/WebKitBuild/TSan/WTF/Headers/wtf/text/MakeString.h:92:12 (jsc+0x7c94cb)
    #8 JSC::jsString(JSC::JSGlobalObject*, JSC::JSString*, WTF::String const&) /root/WebKit/Source/JavaScriptCore/runtime/OperationsInlines.h:136:24 (jsc+0x7c94cb)
    #9 JSC::jsAddNonNumber(JSC::JSGlobalObject*, JSC::JSValue, JSC::JSValue) /root/WebKit/Source/JavaScriptCore/runtime/OperationsInlines.h:555:9 (jsc+0x75244a)
    #10 JSC::jsAdd(JSC::JSGlobalObject*, JSC::JSValue, JSC::JSValue) /root/WebKit/Source/JavaScriptCore/runtime/OperationsInlines.h:567:12 (jsc+0x13aa69d)
    #11 slow_path_add /root/WebKit/Source/JavaScriptCore/runtime/CommonSlowPaths.cpp:614:22 (jsc+0x13aa69d)
    #12 llint_op_add LowLevelInterpreter.cpp (jsc+0x1e08e7d)
    #13 JSC::evaluate(JSC::JSGlobalObject*, JSC::SourceCode const&, JSC::JSValue, WTF::NakedPtr<JSC::Exception>&) /root/WebKit/Source/JavaScriptCore/runtime/Completion.cpp:145:37 (jsc+0x13c3de3)
    #14 runWithOptions(GlobalObject*, CommandLine&, bool&) /root/WebKit/Source/JavaScriptCore/jsc.cpp:3957:35 (jsc+0x1cafc5)
    #15 jscmain(int, char**)::$_0::operator()(JSC::VM&, GlobalObject*, bool&) const /root/WebKit/Source/JavaScriptCore/jsc.cpp:4686:13 (jsc+0x1cafc5)
    #16 int runJSC<jscmain(int, char**)::$_0>(CommandLine const&, bool, jscmain(int, char**)::$_0 const&) /root/WebKit/Source/JavaScriptCore/jsc.cpp:4472:13 (jsc+0x1cafc5)
    #17 jscmain(int, char**) /root/WebKit/Source/JavaScriptCore/jsc.cpp:4679:18 (jsc+0x1cafc5)
    #18 main /root/WebKit/Source/JavaScriptCore/jsc.cpp:3715:15 (jsc+0x1c9803)

  Location is heap block of size 24 at 0x7208000139e0 allocated by main thread:
    #0 malloc /home/runner/work/llvm-project/llvm-project/compiler-rt/lib/tsan/rtl/tsan_interceptors_posix.cpp:682:5 (jsc+0x13dc20)
    #1 bmalloc::api::tryMalloc(unsigned long, bmalloc::CompactAllocationMode, bmalloc::HeapKind) /root/WebKit/WebKitBuild/TSan/bmalloc/Headers/bmalloc/bmalloc.h:76:12 (jsc+0x2598e8d)
    #2 WTF::tryFastCompactMalloc(unsigned long) /root/WebKit/Source/WTF/wtf/FastMalloc.cpp:566:20 (jsc+0x2598e8d)
    #3 WTF::FastCompactMalloc::tryMalloc(unsigned long) /root/WebKit/WebKitBuild/TSan/WTF/Headers/wtf/FastMalloc.h:291:23 (jsc+0x7c9b49)
    #4 WTF::RefPtr<WTF::StringImpl, WTF::RawPtrTraits<WTF::StringImpl>, WTF::DefaultRefDerefTraits<WTF::StringImpl>> WTF::StringImpl::tryCreateUninitialized<unsigned char>(unsigned long, std::span<unsigned char, 18446744073709551615ul>&) /root/WebKit/WebKitBuild/TSan/WTF/Headers/wtf/text/StringImpl.h:1226:64 (jsc+0x7c9b49)
    #5 WTF::RefPtr<WTF::StringImpl, WTF::RawPtrTraits<WTF::StringImpl>, WTF::DefaultRefDerefTraits<WTF::StringImpl>> WTF::tryMakeStringImplFromAdaptersInternal<WTF::StringTypeAdapter<WTF::String>, WTF::StringTypeAdapter<WTF::String>>(unsigned int, bool, WTF::StringTypeAdapter<WTF::String>, WTF::StringTypeAdapter<WTF::String>) /root/WebKit/WebKitBuild/TSan/WTF/Headers/wtf/text/MakeString.h:49:25 (jsc+0x7c9b49)
    #6 WTF::String WTF::tryMakeStringFromAdapters<WTF::StringTypeAdapter<WTF::String>, WTF::StringTypeAdapter<WTF::String>>(WTF::StringTypeAdapter<WTF::String>&&, WTF::StringTypeAdapter<WTF::String>&&) /root/WebKit/WebKitBuild/TSan/WTF/Headers/wtf/text/MakeString.h:85:16 (jsc+0x7c94cb)
    #7 WTF::String WTF::tryMakeString<WTF::String, WTF::String>(WTF::String, WTF::String const&...) /root/WebKit/WebKitBuild/TSan/WTF/Headers/wtf/text/MakeString.h:92:12 (jsc+0x7c94cb)
    #8 JSC::jsString(JSC::JSGlobalObject*, JSC::JSString*, WTF::String const&) /root/WebKit/Source/JavaScriptCore/runtime/OperationsInlines.h:136:24 (jsc+0x7c94cb)
    #9 JSC::jsAddNonNumber(JSC::JSGlobalObject*, JSC::JSValue, JSC::JSValue) /root/WebKit/Source/JavaScriptCore/runtime/OperationsInlines.h:555:9 (jsc+0x75244a)
    #10 JSC::jsAdd(JSC::JSGlobalObject*, JSC::JSValue, JSC::JSValue) /root/WebKit/Source/JavaScriptCore/runtime/OperationsInlines.h:567:12 (jsc+0x13aa69d)
    #11 slow_path_add /root/WebKit/Source/JavaScriptCore/runtime/CommonSlowPaths.cpp:614:22 (jsc+0x13aa69d)
    #12 llint_op_add LowLevelInterpreter.cpp (jsc+0x1e08e7d)
    #13 JSC::evaluate(JSC::JSGlobalObject*, JSC::SourceCode const&, JSC::JSValue, WTF::NakedPtr<JSC::Exception>&) /root/WebKit/Source/JavaScriptCore/runtime/Completion.cpp:145:37 (jsc+0x13c3de3)
    #14 runWithOptions(GlobalObject*, CommandLine&, bool&) /root/WebKit/Source/JavaScriptCore/jsc.cpp:3957:35 (jsc+0x1cafc5)
    #15 jscmain(int, char**)::$_0::operator()(JSC::VM&, GlobalObject*, bool&) const /root/WebKit/Source/JavaScriptCore/jsc.cpp:4686:13 (jsc+0x1cafc5)
    #16 int runJSC<jscmain(int, char**)::$_0>(CommandLine const&, bool, jscmain(int, char**)::$_0 const&) /root/WebKit/Source/JavaScriptCore/jsc.cpp:4472:13 (jsc+0x1cafc5)
    #17 jscmain(int, char**) /root/WebKit/Source/JavaScriptCore/jsc.cpp:4679:18 (jsc+0x1cafc5)
    #18 main /root/WebKit/Source/JavaScriptCore/jsc.cpp:3715:15 (jsc+0x1c9803)

  Thread T3 'JS Thread' (tid=2798915, running) created by main thread at:
    #0 pthread_create /home/runner/work/llvm-project/llvm-project/compiler-rt/lib/tsan/rtl/tsan_interceptors_posix.cpp:1090:3 (jsc+0x13ff1a)
    #1 WTF::Thread::establishHandle(WTF::Thread::NewThreadContext&, WTF::StackAllocationSpecification, WTF::ThreadQOS, WTF::ThreadSchedulingPolicy) /root/WebKit/Source/WTF/wtf/posix/ThreadingPOSIX.cpp:354:17 (jsc+0x260f835)
    #2 WTF::Thread::create(WTF::ASCIILiteral, WTF::Function<void ()>&&, WTF::ThreadType, WTF::ThreadQOS, WTF::ThreadSchedulingPolicy, WTF::StackAllocationSpecification) /root/WebKit/Source/WTF/wtf/Threading.cpp:330:32 (jsc+0x25b5d03)
    #3 JSC::constructThread(JSC::JSGlobalObject*, JSC::CallFrame*) /root/WebKit/Source/JavaScriptCore/runtime/ThreadObject.cpp:467:5 (jsc+0x199d36f)
    #4 <null> <null> (0x7fdfc5bff217)
    #5 JSC::evaluate(JSC::JSGlobalObject*, JSC::SourceCode const&, JSC::JSValue, WTF::NakedPtr<JSC::Exception>&) /root/WebKit/Source/JavaScriptCore/runtime/Completion.cpp:145:37 (jsc+0x13c3de3)
    #6 runWithOptions(GlobalObject*, CommandLine&, bool&) /root/WebKit/Source/JavaScriptCore/jsc.cpp:3957:35 (jsc+0x1cafc5)
    #7 jscmain(int, char**)::$_0::operator()(JSC::VM&, GlobalObject*, bool&) const /root/WebKit/Source/JavaScriptCore/jsc.cpp:4686:13 (jsc+0x1cafc5)
    #8 int runJSC<jscmain(int, char**)::$_0>(CommandLine const&, bool, jscmain(int, char**)::$_0 const&) /root/WebKit/Source/JavaScriptCore/jsc.cpp:4472:13 (jsc+0x1cafc5)
    #9 jscmain(int, char**) /root/WebKit/Source/JavaScriptCore/jsc.cpp:4679:18 (jsc+0x1cafc5)
    #10 main /root/WebKit/Source/JavaScriptCore/jsc.cpp:3715:15 (jsc+0x1c9803)

SUMMARY: ThreadSanitizer: data race /root/WebKit/WebKitBuild/TSan/WTF/Headers/wtf/text/StringView.h in WTF::StringView::StringView(WTF::StringImpl const&)
==================
==================
WARNING: ThreadSanitizer: data race (pid=2798812)
  Read of size 8 at 0x72a0000f0178 by thread T4:
    #0 WTF::RefPtr<WTF::StringImpl, WTF::RawPtrTraits<WTF::StringImpl>, WTF::DefaultRefDerefTraits<WTF::StringImpl>>::operator!() const /root/WebKit/WebKitBuild/TSan/WTF/Headers/wtf/RefPtr.h:129:38 (jsc+0x187ed09)
    #1 WTF::String::isNull() const /root/WebKit/WebKitBuild/TSan/WTF/Headers/wtf/text/WTFString.h:114:34 (jsc+0x187ed09)
    #2 JSC::regExpProtoFuncTest(JSC::JSGlobalObject*, JSC::CallFrame*) /root/WebKit/Source/JavaScriptCore/runtime/RegExpPrototype.cpp:167:24 (jsc+0x187ed09)
    #3 <null> <null> (0x7fdfc5bff157)
    #4 JSC::Interpreter::executeCall(JSC::JSObject*, JSC::CallData const&, JSC::JSValue, JSC::JSCell*, JSC::ArgList const&) /root/WebKit/Source/JavaScriptCore/interpreter/Interpreter.cpp (jsc+0xe8b88d)
    #5 JSC::call(JSC::JSGlobalObject*, JSC::JSValue, JSC::CallData const&, JSC::JSValue, JSC::ArgList const&) /root/WebKit/Source/JavaScriptCore/runtime/CallData.cpp:70:27 (jsc+0x1360d91)
    #6 JSC::call(JSC::JSGlobalObject*, JSC::JSValue, JSC::CallData const&, JSC::JSValue, JSC::ArgList const&, WTF::NakedPtr<JSC::Exception>&) /root/WebKit/Source/JavaScriptCore/runtime/CallData.cpp:77:22 (jsc+0x1360d91)
    #7 JSC::threadMain(JSC::VM&, WTF::Ref<JSC::ThreadState, WTF::RawPtrTraits<JSC::ThreadState>, WTF::DefaultRefDerefTraits<JSC::ThreadState>>) /root/WebKit/Source/JavaScriptCore/runtime/ThreadObject.cpp:241:30 (jsc+0x19a4ddc)
    #8 JSC::constructThread(JSC::JSGlobalObject*, JSC::CallFrame*)::$_0::operator()() /root/WebKit/Source/JavaScriptCore/runtime/ThreadObject.cpp:468:9 (jsc+0x19a4ddc)
    #9 WTF::Detail::CallableWrapper<JSC::constructThread(JSC::JSGlobalObject*, JSC::CallFrame*)::$_0, void>::call() /root/WebKit/WebKitBuild/TSan/WTF/Headers/wtf/Function.h:59:39 (jsc+0x19a4ddc)
    #10 WTF::Function<void ()>::operator()() const /root/WebKit/Source/WTF/wtf/Function.h:103:35 (jsc+0x25b59c5)
    #11 WTF::Thread::entryPoint(WTF::Thread::NewThreadContext*) /root/WebKit/Source/WTF/wtf/Threading.cpp:312:5 (jsc+0x25b59c5)
    #12 WTF::wtfThreadEntryPoint(void*) /root/WebKit/Source/WTF/wtf/posix/ThreadingPOSIX.cpp:264:5 (jsc+0x260f949)

  Previous atomic write of size 8 at 0x72a0000f0178 by main thread:
    #0 std::__atomic_base<unsigned long>::store(unsigned long, std::memory_order) /usr/lib/gcc/x86_64-amazon-linux/14/../../../../include/c++/14/bits/atomic_base.h:477:2 (jsc+0x7c95ca)
    #1 WTF::Atomic<unsigned long>::store(unsigned long, std::memory_order) /root/WebKit/WebKitBuild/TSan/WTF/Headers/wtf/Atomics.h:67:102 (jsc+0x7c95ca)
    #2 void WTF::atomicStore<unsigned long>(unsigned long*, unsigned long, std::memory_order) /root/WebKit/WebKitBuild/TSan/WTF/Headers/wtf/Atomics.h:174:42 (jsc+0x7c95ca)
    #3 JSC::JSString::JSString(JSC::VM&, WTF::Ref<WTF::StringImpl, WTF::RawPtrTraits<WTF::StringImpl>, WTF::DefaultRefDerefTraits<WTF::StringImpl>>&&) /root/WebKit/WebKitBuild/TSan/JavaScriptCore/PrivateHeaders/JavaScriptCore/JSString.h:178:9 (jsc+0x7c95ca)
    #4 JSC::JSString::create(JSC::VM&, WTF::Ref<WTF::StringImpl, WTF::RawPtrTraits<WTF::StringImpl>, WTF::DefaultRefDerefTraits<WTF::StringImpl>>&&) /root/WebKit/WebKitBuild/TSan/JavaScriptCore/PrivateHeaders/JavaScriptCore/JSString.h:219:73 (jsc+0x7c95ca)
    #5 JSC::jsString(JSC::JSGlobalObject*, JSC::JSString*, WTF::String const&) /root/WebKit/Source/JavaScriptCore/runtime/OperationsInlines.h:141:12 (jsc+0x7c95ca)
    #6 JSC::jsAddNonNumber(JSC::JSGlobalObject*, JSC::JSValue, JSC::JSValue) /root/WebKit/Source/JavaScriptCore/runtime/OperationsInlines.h:555:9 (jsc+0x75244a)
    #7 JSC::jsAdd(JSC::JSGlobalObject*, JSC::JSValue, JSC::JSValue) /root/WebKit/Source/JavaScriptCore/runtime/OperationsInlines.h:567:12 (jsc+0xfd40b8)
    #8 JSC::profiledAdd(JSC::JSGlobalObject*, JSC::JSValue, JSC::JSValue, JSC::BinaryArithProfile&) /root/WebKit/Source/JavaScriptCore/jit/JITOperations.cpp:126:22 (jsc+0xfd40b8)
    #9 operationValueAddProfiled /root/WebKit/Source/JavaScriptCore/jit/JITOperations.cpp:5049:5 (jsc+0xfd40b8)
    #10 <null> <null> (0x7fdfc5c06bab)
    #11 JSC::evaluate(JSC::JSGlobalObject*, JSC::SourceCode const&, JSC::JSValue, WTF::NakedPtr<JSC::Exception>&) /root/WebKit/Source/JavaScriptCore/runtime/Completion.cpp:145:37 (jsc+0x13c3de3)
    #12 runWithOptions(GlobalObject*, CommandLine&, bool&) /root/WebKit/Source/JavaScriptCore/jsc.cpp:3957:35 (jsc+0x1cafc5)
    #13 jscmain(int, char**)::$_0::operator()(JSC::VM&, GlobalObject*, bool&) const /root/WebKit/Source/JavaScriptCore/jsc.cpp:4686:13 (jsc+0x1cafc5)
    #14 int runJSC<jscmain(int, char**)::$_0>(CommandLine const&, bool, jscmain(int, char**)::$_0 const&) /root/WebKit/Source/JavaScriptCore/jsc.cpp:4472:13 (jsc+0x1cafc5)
    #15 jscmain(int, char**) /root/WebKit/Source/JavaScriptCore/jsc.cpp:4679:18 (jsc+0x1cafc5)
    #16 main /root/WebKit/Source/JavaScriptCore/jsc.cpp:3715:15 (jsc+0x1c9803)

  Location is heap block of size 16384 at 0x72a0000f0000 allocated by main thread:
    #0 aligned_alloc /home/runner/work/llvm-project/llvm-project/compiler-rt/lib/tsan/rtl/tsan_interceptors_posix.cpp:885:3 (jsc+0x13f40e)
    #1 bmalloc::api::tryMemalign(unsigned long, unsigned long, bmalloc::CompactAllocationMode, bmalloc::HeapKind) /root/WebKit/WebKitBuild/TSan/bmalloc/Headers/bmalloc/bmalloc.h:158:12 (jsc+0x2598e50)
    #2 WTF::tryFastCompactAlignedMalloc(unsigned long, unsigned long) /root/WebKit/Source/WTF/wtf/FastMalloc.cpp:553:20 (jsc+0x2598e50)
    #3 JSC::FastMallocAlignedMemoryAllocator::tryAllocateAlignedMemory(unsigned long, unsigned long) /root/WebKit/Source/JavaScriptCore/heap/FastMallocAlignedMemoryAllocator.cpp:47:12 (jsc+0xdbd320)
    #4 JSC::MarkedBlock::tryCreate(JSC::Heap&, JSC::AlignedMemoryAllocator*) /root/WebKit/Source/JavaScriptCore/heap/MarkedBlock.cpp:138:48 (jsc+0xe49ff8)
    #5 JSC::BlockDirectory::tryAllocateBlock(WTF::AbstractLocker const&, JSC::Heap&) /root/WebKit/Source/JavaScriptCore/heap/BlockDirectory.cpp:154:35 (jsc+0xdb451d)
    #6 JSC::LocalAllocator::allocateSlowCase(JSC::Heap&, unsigned long, JSC::GCDeferralContext*, JSC::AllocationFailureMode) /root/WebKit/Source/JavaScriptCore/heap/LocalAllocator.cpp:221:47 (jsc+0xe44dbe)
    #7 JSC::LocalAllocator::allocate(JSC::Heap&, unsigned long, JSC::GCDeferralContext*, JSC::AllocationFailureMode)::'lambda'()::operator()() const /root/WebKit/WebKitBuild/TSan/JavaScriptCore/PrivateHeaders/JavaScriptCore/LocalAllocatorInlines.h:53:43 (jsc+0x1d135e)
    #8 JSC::HeapCell* JSC::FreeList::allocateWithCellSize<JSC::LocalAllocator::allocate(JSC::Heap&, unsigned long, JSC::GCDeferralContext*, JSC::AllocationFailureMode)::'lambda'()>(JSC::LocalAllocator::allocate(JSC::Heap&, unsigned long, JSC::GCDeferralContext*, JSC::AllocationFailureMode)::'lambda'() const&, unsigned long) /root/WebKit/WebKitBuild/TSan/JavaScriptCore/PrivateHeaders/JavaScriptCore/FreeListInlines.h:46:16 (jsc+0x1e387f)
    #9 JSC::LocalAllocator::allocate(JSC::Heap&, unsigned long, JSC::GCDeferralContext*, JSC::AllocationFailureMode) /root/WebKit/WebKitBuild/TSan/JavaScriptCore/PrivateHeaders/JavaScriptCore/LocalAllocatorInlines.h:50:23 (jsc+0x1e387f)
    #10 JSC::GCClient::IsoSubspace::allocate(JSC::VM&, unsigned long, JSC::GCDeferralContext*, JSC::AllocationFailureMode) /root/WebKit/WebKitBuild/TSan/JavaScriptCore/PrivateHeaders/JavaScriptCore/IsoSubspaceInlines.h:42:29 (jsc+0x1e387f)
    #11 void* JSC::tryAllocateCellHelper<JSC::JSString, (JSC::AllocationFailureMode)0>(JSC::VM&, unsigned long, JSC::GCDeferralContext*) /root/WebKit/WebKitBuild/TSan/JavaScriptCore/PrivateHeaders/JavaScriptCore/JSCellInlines.h:212:63 (jsc+0x1e387f)
    #12 void* JSC::allocateCell<JSC::JSString>(JSC::VM&, unsigned long) /root/WebKit/WebKitBuild/TSan/JavaScriptCore/PrivateHeaders/JavaScriptCore/JSCellInlines.h:232:12 (jsc+0x1e387f)
    #13 JSC::JSString::create(JSC::VM&, WTF::Ref<WTF::StringImpl, WTF::RawPtrTraits<WTF::StringImpl>, WTF::DefaultRefDerefTraits<WTF::StringImpl>>&&) /root/WebKit/WebKitBuild/TSan/JavaScriptCore/PrivateHeaders/JavaScriptCore/JSString.h:219:45 (jsc+0x7c958f)
    #14 JSC::jsString(JSC::JSGlobalObject*, JSC::JSString*, WTF::String const&) /root/WebKit/Source/JavaScriptCore/runtime/OperationsInlines.h:141:12 (jsc+0x7c958f)
    #15 JSC::jsAddNonNumber(JSC::JSGlobalObject*, JSC::JSValue, JSC::JSValue) /root/WebKit/Source/JavaScriptCore/runtime/OperationsInlines.h:555:9 (jsc+0x75244a)
    #16 JSC::jsAdd(JSC::JSGlobalObject*, JSC::JSValue, JSC::JSValue) /root/WebKit/Source/JavaScriptCore/runtime/OperationsInlines.h:567:12 (jsc+0x13aa69d)
    #17 slow_path_add /root/WebKit/Source/JavaScriptCore/runtime/CommonSlowPaths.cpp:614:22 (jsc+0x13aa69d)
    #18 llint_op_add LowLevelInterpreter.cpp (jsc+0x1e08e7d)
    #19 JSC::evaluate(JSC::JSGlobalObject*, JSC::SourceCode const&, JSC::JSValue, WTF::NakedPtr<JSC::Exception>&) /root/WebKit/Source/JavaScriptCore/runtime/Completion.cpp:145:37 (jsc+0x13c3de3)
    #20 runWithOptions(GlobalObject*, CommandLine&, bool&) /root/WebKit/Source/JavaScriptCore/jsc.cpp:3957:35 (jsc+0x1cafc5)
    #21 jscmain(int, char**)::$_0::operator()(JSC::VM&, GlobalObject*, bool&) const /root/WebKit/Source/JavaScriptCore/jsc.cpp:4686:13 (jsc+0x1cafc5)
    #22 int runJSC<jscmain(int, char**)::$_0>(CommandLine const&, bool, jscmain(int, char**)::$_0 const&) /root/WebKit/Source/JavaScriptCore/jsc.cpp:4472:13 (jsc+0x1cafc5)
    #23 jscmain(int, char**) /root/WebKit/Source/JavaScriptCore/jsc.cpp:4679:18 (jsc+0x1cafc5)
    #24 main /root/WebKit/Source/JavaScriptCore/jsc.cpp:3715:15 (jsc+0x1c9803)

  Thread T4 'JS Thread' (tid=2798918, running) created by main thread at:
    #0 pthread_create /home/runner/work/llvm-project/llvm-project/compiler-rt/lib/tsan/rtl/tsan_interceptors_posix.cpp:1090:3 (jsc+0x13ff1a)
    #1 WTF::Thread::establishHandle(WTF::Thread::NewThreadContext&, WTF::StackAllocationSpecification, WTF::ThreadQOS, WTF::ThreadSchedulingPolicy) /root/WebKit/Source/WTF/wtf/posix/ThreadingPOSIX.cpp:354:17 (jsc+0x260f835)
    #2 WTF::Thread::create(WTF::ASCIILiteral, WTF::Function<void ()>&&, WTF::ThreadType, WTF::ThreadQOS, WTF::ThreadSchedulingPolicy, WTF::StackAllocationSpecification) /root/WebKit/Source/WTF/wtf/Threading.cpp:330:32 (jsc+0x25b5d03)
    #3 JSC::constructThread(JSC::JSGlobalObject*, JSC::CallFrame*) /root/WebKit/Source/JavaScriptCore/runtime/ThreadObject.cpp:467:5 (jsc+0x199d36f)
    #4 <null> <null> (0x7fdfc5bff217)
    #5 JSC::evaluate(JSC::JSGlobalObject*, JSC::SourceCode const&, JSC::JSValue, WTF::NakedPtr<JSC::Exception>&) /root/WebKit/Source/JavaScriptCore/runtime/Completion.cpp:145:37 (jsc+0x13c3de3)
    #6 runWithOptions(GlobalObject*, CommandLine&, bool&) /root/WebKit/Source/JavaScriptCore/jsc.cpp:3957:35 (jsc+0x1cafc5)
    #7 jscmain(int, char**)::$_0::operator()(JSC::VM&, GlobalObject*, bool&) const /root/WebKit/Source/JavaScriptCore/jsc.cpp:4686:13 (jsc+0x1cafc5)
    #8 int runJSC<jscmain(int, char**)::$_0>(CommandLine const&, bool, jscmain(int, char**)::$_0 const&) /root/WebKit/Source/JavaScriptCore/jsc.cpp:4472:13 (jsc+0x1cafc5)
    #9 jscmain(int, char**) /root/WebKit/Source/JavaScriptCore/jsc.cpp:4679:18 (jsc+0x1cafc5)
    #10 main /root/WebKit/Source/JavaScriptCore/jsc.cpp:3715:15 (jsc+0x1c9803)

SUMMARY: ThreadSanitizer: data race /root/WebKit/WebKitBuild/TSan/WTF/Headers/wtf/RefPtr.h:129:38 in WTF::RefPtr<WTF::StringImpl, WTF::RawPtrTraits<WTF::StringImpl>, WTF::DefaultRefDerefTraits<WTF::StringImpl>>::operator!() const
==================
==================
WARNING: ThreadSanitizer: data race (pid=2798812)
  Atomic read of size 4 at 0x720800015c90 by thread T4:
    #0 std::__atomic_base<unsigned int>::load(std::memory_order) const /usr/lib/gcc/x86_64-amazon-linux/14/../../../../include/c++/14/bits/atomic_base.h:501:9 (jsc+0x7db405)
    #1 WTF::StringImplShape::hashAndFlags() const /root/WebKit/WebKitBuild/TSan/WTF/Headers/wtf/text/StringImpl.h:192:59 (jsc+0x7db405)
    #2 WTF::StringImpl::is8Bit() const /root/WebKit/WebKitBuild/TSan/WTF/Headers/wtf/text/StringImpl.h:356:34 (jsc+0x7db405)
    #3 WTF::StringView::StringView(WTF::StringImpl const&) /root/WebKit/WebKitBuild/TSan/WTF/Headers/wtf/text/StringView.h:449:16 (jsc+0x7db405)
    #4 JSC::JSString::view(JSC::JSGlobalObject*) const /root/WebKit/WebKitBuild/TSan/JavaScriptCore/PrivateHeaders/JavaScriptCore/JSString.h:1400:20 (jsc+0x7db405)
    #5 JSC::RegExpObject::matchInline(JSC::JSGlobalObject*, JSC::JSString*) /root/WebKit/Source/JavaScriptCore/runtime/RegExpObjectInlines.h:258:26 (jsc+0x7db405)
    #6 JSC::RegExpObject::match(JSC::JSGlobalObject*, JSC::JSString*) /root/WebKit/Source/JavaScriptCore/runtime/RegExpObject.cpp:167:12 (jsc+0x187ed3c)
    #7 JSC::RegExpObject::test(JSC::JSGlobalObject*, JSC::JSString*) /root/WebKit/Source/JavaScriptCore/runtime/RegExpObject.h:107:74 (jsc+0x187ed3c)
    #8 JSC::regExpProtoFuncTest(JSC::JSGlobalObject*, JSC::CallFrame*) /root/WebKit/Source/JavaScriptCore/runtime/RegExpPrototype.cpp:168:13 (jsc+0x187ed3c)
    #9 <null> <null> (0x7fdfc5bff157)
    #10 JSC::Interpreter::executeCall(JSC::JSObject*, JSC::CallData const&, JSC::JSValue, JSC::JSCell*, JSC::ArgList const&) /root/WebKit/Source/JavaScriptCore/interpreter/Interpreter.cpp (jsc+0xe8b88d)
    #11 JSC::call(JSC::JSGlobalObject*, JSC::JSValue, JSC::CallData const&, JSC::JSValue, JSC::ArgList const&) /root/WebKit/Source/JavaScriptCore/runtime/CallData.cpp:70:27 (jsc+0x1360d91)
    #12 JSC::call(JSC::JSGlobalObject*, JSC::JSValue, JSC::CallData const&, JSC::JSValue, JSC::ArgList const&, WTF::NakedPtr<JSC::Exception>&) /root/WebKit/Source/JavaScriptCore/runtime/CallData.cpp:77:22 (jsc+0x1360d91)
    #13 JSC::threadMain(JSC::VM&, WTF::Ref<JSC::ThreadState, WTF::RawPtrTraits<JSC::ThreadState>, WTF::DefaultRefDerefTraits<JSC::ThreadState>>) /root/WebKit/Source/JavaScriptCore/runtime/ThreadObject.cpp:241:30 (jsc+0x19a4ddc)
    #14 JSC::constructThread(JSC::JSGlobalObject*, JSC::CallFrame*)::$_0::operator()() /root/WebKit/Source/JavaScriptCore/runtime/ThreadObject.cpp:468:9 (jsc+0x19a4ddc)
    #15 WTF::Detail::CallableWrapper<JSC::constructThread(JSC::JSGlobalObject*, JSC::CallFrame*)::$_0, void>::call() /root/WebKit/WebKitBuild/TSan/WTF/Headers/wtf/Function.h:59:39 (jsc+0x19a4ddc)
    #16 WTF::Function<void ()>::operator()() const /root/WebKit/Source/WTF/wtf/Function.h:103:35 (jsc+0x25b59c5)
    #17 WTF::Thread::entryPoint(WTF::Thread::NewThreadContext*) /root/WebKit/Source/WTF/wtf/Threading.cpp:312:5 (jsc+0x25b59c5)
    #18 WTF::wtfThreadEntryPoint(void*) /root/WebKit/Source/WTF/wtf/posix/ThreadingPOSIX.cpp:264:5 (jsc+0x260f949)

  Previous write of size 8 at 0x720800015c90 by main thread:
    #0 malloc /home/runner/work/llvm-project/llvm-project/compiler-rt/lib/tsan/rtl/tsan_interceptors_posix.cpp:682:5 (jsc+0x13dc20)
    #1 bmalloc::api::tryMalloc(unsigned long, bmalloc::CompactAllocationMode, bmalloc::HeapKind) /root/WebKit/WebKitBuild/TSan/bmalloc/Headers/bmalloc/bmalloc.h:76:12 (jsc+0x2598e8d)
    #2 WTF::tryFastCompactMalloc(unsigned long) /root/WebKit/Source/WTF/wtf/FastMalloc.cpp:566:20 (jsc+0x2598e8d)
    #3 WTF::FastCompactMalloc::tryMalloc(unsigned long) /root/WebKit/WebKitBuild/TSan/WTF/Headers/wtf/FastMalloc.h:291:23 (jsc+0x7c9b49)
    #4 WTF::RefPtr<WTF::StringImpl, WTF::RawPtrTraits<WTF::StringImpl>, WTF::DefaultRefDerefTraits<WTF::StringImpl>> WTF::StringImpl::tryCreateUninitialized<unsigned char>(unsigned long, std::span<unsigned char, 18446744073709551615ul>&) /root/WebKit/WebKitBuild/TSan/WTF/Headers/wtf/text/StringImpl.h:1226:64 (jsc+0x7c9b49)
    #5 WTF::RefPtr<WTF::StringImpl, WTF::RawPtrTraits<WTF::StringImpl>, WTF::DefaultRefDerefTraits<WTF::StringImpl>> WTF::tryMakeStringImplFromAdaptersInternal<WTF::StringTypeAdapter<WTF::String>, WTF::StringTypeAdapter<WTF::String>>(unsigned int, bool, WTF::StringTypeAdapter<WTF::String>, WTF::StringTypeAdapter<WTF::String>) /root/WebKit/WebKitBuild/TSan/WTF/Headers/wtf/text/MakeString.h:49:25 (jsc+0x7c9b49)
    #6 WTF::String WTF::tryMakeStringFromAdapters<WTF::StringTypeAdapter<WTF::String>, WTF::StringTypeAdapter<WTF::String>>(WTF::StringTypeAdapter<WTF::String>&&, WTF::StringTypeAdapter<WTF::String>&&) /root/WebKit/WebKitBuild/TSan/WTF/Headers/wtf/text/MakeString.h:85:16 (jsc+0x7c94cb)
    #7 WTF::String WTF::tryMakeString<WTF::String, WTF::String>(WTF::String, WTF::String const&...) /root/WebKit/WebKitBuild/TSan/WTF/Headers/wtf/text/MakeString.h:92:12 (jsc+0x7c94cb)
    #8 JSC::jsString(JSC::JSGlobalObject*, JSC::JSString*, WTF::String const&) /root/WebKit/Source/JavaScriptCore/runtime/OperationsInlines.h:136:24 (jsc+0x7c94cb)
    #9 JSC::jsAddNonNumber(JSC::JSGlobalObject*, JSC::JSValue, JSC::JSValue) /root/WebKit/Source/JavaScriptCore/runtime/OperationsInlines.h:555:9 (jsc+0x75244a)
    #10 JSC::jsAdd(JSC::JSGlobalObject*, JSC::JSValue, JSC::JSValue) /root/WebKit/Source/JavaScriptCore/runtime/OperationsInlines.h:567:12 (jsc+0xfd40b8)
    #11 JSC::profiledAdd(JSC::JSGlobalObject*, JSC::JSValue, JSC::JSValue, JSC::BinaryArithProfile&) /root/WebKit/Source/JavaScriptCore/jit/JITOperations.cpp:126:22 (jsc+0xfd40b8)
    #12 operationValueAddProfiled /root/WebKit/Source/JavaScriptCore/jit/JITOperations.cpp:5049:5 (jsc+0xfd40b8)
    #13 <null> <null> (0x7fdfc5c06bab)
    #14 JSC::evaluate(JSC::JSGlobalObject*, JSC::SourceCode const&, JSC::JSValue, WTF::NakedPtr<JSC::Exception>&) /root/WebKit/Source/JavaScriptCore/runtime/Completion.cpp:145:37 (jsc+0x13c3de3)
    #15 runWithOptions(GlobalObject*, CommandLine&, bool&) /root/WebKit/Source/JavaScriptCore/jsc.cpp:3957:35 (jsc+0x1cafc5)
    #16 jscmain(int, char**)::$_0::operator()(JSC::VM&, GlobalObject*, bool&) const /root/WebKit/Source/JavaScriptCore/jsc.cpp:4686:13 (jsc+0x1cafc5)
    #17 int runJSC<jscmain(int, char**)::$_0>(CommandLine const&, bool, jscmain(int, char**)::$_0 const&) /root/WebKit/Source/JavaScriptCore/jsc.cpp:4472:13 (jsc+0x1cafc5)
    #18 jscmain(int, char**) /root/WebKit/Source/JavaScriptCore/jsc.cpp:4679:18 (jsc+0x1cafc5)
    #19 main /root/WebKit/Source/JavaScriptCore/jsc.cpp:3715:15 (jsc+0x1c9803)

  Location is heap block of size 24 at 0x720800015c80 allocated by main thread:
    #0 malloc /home/runner/work/llvm-project/llvm-project/compiler-rt/lib/tsan/rtl/tsan_interceptors_posix.cpp:682:5 (jsc+0x13dc20)
    #1 bmalloc::api::tryMalloc(unsigned long, bmalloc::CompactAllocationMode, bmalloc::HeapKind) /root/WebKit/WebKitBuild/TSan/bmalloc/Headers/bmalloc/bmalloc.h:76:12 (jsc+0x2598e8d)
    #2 WTF::tryFastCompactMalloc(unsigned long) /root/WebKit/Source/WTF/wtf/FastMalloc.cpp:566:20 (jsc+0x2598e8d)
    #3 WTF::FastCompactMalloc::tryMalloc(unsigned long) /root/WebKit/WebKitBuild/TSan/WTF/Headers/wtf/FastMalloc.h:291:23 (jsc+0x7c9b49)
    #4 WTF::RefPtr<WTF::StringImpl, WTF::RawPtrTraits<WTF::StringImpl>, WTF::DefaultRefDerefTraits<WTF::StringImpl>> WTF::StringImpl::tryCreateUninitialized<unsigned char>(unsigned long, std::span<unsigned char, 18446744073709551615ul>&) /root/WebKit/WebKitBuild/TSan/WTF/Headers/wtf/text/StringImpl.h:1226:64 (jsc+0x7c9b49)
    #5 WTF::RefPtr<WTF::StringImpl, WTF::RawPtrTraits<WTF::StringImpl>, WTF::DefaultRefDerefTraits<WTF::StringImpl>> WTF::tryMakeStringImplFromAdaptersInternal<WTF::StringTypeAdapter<WTF::String>, WTF::StringTypeAdapter<WTF::String>>(unsigned int, bool, WTF::StringTypeAdapter<WTF::String>, WTF::StringTypeAdapter<WTF::String>) /root/WebKit/WebKitBuild/TSan/WTF/Headers/wtf/text/MakeString.h:49:25 (jsc+0x7c9b49)
    #6 WTF::String WTF::tryMakeStringFromAdapters<WTF::StringTypeAdapter<WTF::String>, WTF::StringTypeAdapter<WTF::String>>(WTF::StringTypeAdapter<WTF::String>&&, WTF::StringTypeAdapter<WTF::String>&&) /root/WebKit/WebKitBuild/TSan/WTF/Headers/wtf/text/MakeString.h:85:16 (jsc+0x7c94cb)
    #7 WTF::String WTF::tryMakeString<WTF::String, WTF::String>(WTF::String, WTF::String const&...) /root/WebKit/WebKitBuild/TSan/WTF/Headers/wtf/text/MakeString.h:92:12 (jsc+0x7c94cb)
    #8 JSC::jsString(JSC::JSGlobalObject*, JSC::JSString*, WTF::String const&) /root/WebKit/Source/JavaScriptCore/runtime/OperationsInlines.h:136:24 (jsc+0x7c94cb)
    #9 JSC::jsAddNonNumber(JSC::JSGlobalObject*, JSC::JSValue, JSC::JSValue) /root/WebKit/Source/JavaScriptCore/runtime/OperationsInlines.h:555:9 (jsc+0x75244a)
    #10 JSC::jsAdd(JSC::JSGlobalObject*, JSC::JSValue, JSC::JSValue) /root/WebKit/Source/JavaScriptCore/runtime/OperationsInlines.h:567:12 (jsc+0xfd40b8)
    #11 JSC::profiledAdd(JSC::JSGlobalObject*, JSC::JSValue, JSC::JSValue, JSC::BinaryArithProfile&) /root/WebKit/Source/JavaScriptCore/jit/JITOperations.cpp:126:22 (jsc+0xfd40b8)
    #12 operationValueAddProfiled /root/WebKit/Source/JavaScriptCore/jit/JITOperations.cpp:5049:5 (jsc+0xfd40b8)
    #13 <null> <null> (0x7fdfc5c06bab)
    #14 JSC::evaluate(JSC::JSGlobalObject*, JSC::SourceCode const&, JSC::JSValue, WTF::NakedPtr<JSC::Exception>&) /root/WebKit/Source/JavaScriptCore/runtime/Completion.cpp:145:37 (jsc+0x13c3de3)
    #15 runWithOptions(GlobalObject*, CommandLine&, bool&) /root/WebKit/Source/JavaScriptCore/jsc.cpp:3957:35 (jsc+0x1cafc5)
    #16 jscmain(int, char**)::$_0::operator()(JSC::VM&, GlobalObject*, bool&) const /root/WebKit/Source/JavaScriptCore/jsc.cpp:4686:13 (jsc+0x1cafc5)
    #17 int runJSC<jscmain(int, char**)::$_0>(CommandLine const&, bool, jscmain(int, char**)::$_0 const&) /root/WebKit/Source/JavaScriptCore/jsc.cpp:4472:13 (jsc+0x1cafc5)
    #18 jscmain(int, char**) /root/WebKit/Source/JavaScriptCore/jsc.cpp:4679:18 (jsc+0x1cafc5)
    #19 main /root/WebKit/Source/JavaScriptCore/jsc.cpp:3715:15 (jsc+0x1c9803)

  Thread T4 'JS Thread' (tid=2798918, running) created by main thread at:
    #0 pthread_create /home/runner/work/llvm-project/llvm-project/compiler-rt/lib/tsan/rtl/tsan_interceptors_posix.cpp:1090:3 (jsc+0x13ff1a)
    #1 WTF::Thread::establishHandle(WTF::Thread::NewThreadContext&, WTF::StackAllocationSpecification, WTF::ThreadQOS, WTF::ThreadSchedulingPolicy) /root/WebKit/Source/WTF/wtf/posix/ThreadingPOSIX.cpp:354:17 (jsc+0x260f835)
    #2 WTF::Thread::create(WTF::ASCIILiteral, WTF::Function<void ()>&&, WTF::ThreadType, WTF::ThreadQOS, WTF::ThreadSchedulingPolicy, WTF::StackAllocationSpecification) /root/WebKit/Source/WTF/wtf/Threading.cpp:330:32 (jsc+0x25b5d03)
    #3 JSC::constructThread(JSC::JSGlobalObject*, JSC::CallFrame*) /root/WebKit/Source/JavaScriptCore/runtime/ThreadObject.cpp:467:5 (jsc+0x199d36f)
    #4 <null> <null> (0x7fdfc5bff217)
    #5 JSC::evaluate(JSC::JSGlobalObject*, JSC::SourceCode const&, JSC::JSValue, WTF::NakedPtr<JSC::Exception>&) /root/WebKit/Source/JavaScriptCore/runtime/Completion.cpp:145:37 (jsc+0x13c3de3)
    #6 runWithOptions(GlobalObject*, CommandLine&, bool&) /root/WebKit/Source/JavaScriptCore/jsc.cpp:3957:35 (jsc+0x1cafc5)
    #7 jscmain(int, char**)::$_0::operator()(JSC::VM&, GlobalObject*, bool&) const /root/WebKit/Source/JavaScriptCore/jsc.cpp:4686:13 (jsc+0x1cafc5)
    #8 int runJSC<jscmain(int, char**)::$_0>(CommandLine const&, bool, jscmain(int, char**)::$_0 const&) /root/WebKit/Source/JavaScriptCore/jsc.cpp:4472:13 (jsc+0x1cafc5)
    #9 jscmain(int, char**) /root/WebKit/Source/JavaScriptCore/jsc.cpp:4679:18 (jsc+0x1cafc5)
    #10 main /root/WebKit/Source/JavaScriptCore/jsc.cpp:3715:15 (jsc+0x1c9803)

SUMMARY: ThreadSanitizer: data race /root/WebKit/WebKitBuild/TSan/WTF/Headers/wtf/text/StringImpl.h:192:59 in WTF::StringImplShape::hashAndFlags() const
==================
==================
WARNING: ThreadSanitizer: data race (pid=2798812)
  Read of size 8 at 0x720800015c88 by thread T4:
    #0 WTF::StringView::StringView(WTF::StringImpl const&) /root/WebKit/WebKitBuild/TSan/WTF/Headers/wtf/text/StringView.h (jsc+0x7db411)
    #1 JSC::JSString::view(JSC::JSGlobalObject*) const /root/WebKit/WebKitBuild/TSan/JavaScriptCore/PrivateHeaders/JavaScriptCore/JSString.h:1400:20 (jsc+0x7db411)
    #2 JSC::RegExpObject::matchInline(JSC::JSGlobalObject*, JSC::JSString*) /root/WebKit/Source/JavaScriptCore/runtime/RegExpObjectInlines.h:258:26 (jsc+0x7db411)
    #3 JSC::RegExpObject::match(JSC::JSGlobalObject*, JSC::JSString*) /root/WebKit/Source/JavaScriptCore/runtime/RegExpObject.cpp:167:12 (jsc+0x187ed3c)
    #4 JSC::RegExpObject::test(JSC::JSGlobalObject*, JSC::JSString*) /root/WebKit/Source/JavaScriptCore/runtime/RegExpObject.h:107:74 (jsc+0x187ed3c)
    #5 JSC::regExpProtoFuncTest(JSC::JSGlobalObject*, JSC::CallFrame*) /root/WebKit/Source/JavaScriptCore/runtime/RegExpPrototype.cpp:168:13 (jsc+0x187ed3c)
    #6 <null> <null> (0x7fdfc5bff157)
    #7 JSC::Interpreter::executeCall(JSC::JSObject*, JSC::CallData const&, JSC::JSValue, JSC::JSCell*, JSC::ArgList const&) /root/WebKit/Source/JavaScriptCore/interpreter/Interpreter.cpp (jsc+0xe8b88d)
    #8 JSC::call(JSC::JSGlobalObject*, JSC::JSValue, JSC::CallData const&, JSC::JSValue, JSC::ArgList const&) /root/WebKit/Source/JavaScriptCore/runtime/CallData.cpp:70:27 (jsc+0x1360d91)
    #9 JSC::call(JSC::JSGlobalObject*, JSC::JSValue, JSC::CallData const&, JSC::JSValue, JSC::ArgList const&, WTF::NakedPtr<JSC::Exception>&) /root/WebKit/Source/JavaScriptCore/runtime/CallData.cpp:77:22 (jsc+0x1360d91)
    #10 JSC::threadMain(JSC::VM&, WTF::Ref<JSC::ThreadState, WTF::RawPtrTraits<JSC::ThreadState>, WTF::DefaultRefDerefTraits<JSC::ThreadState>>) /root/WebKit/Source/JavaScriptCore/runtime/ThreadObject.cpp:241:30 (jsc+0x19a4ddc)
    #11 JSC::constructThread(JSC::JSGlobalObject*, JSC::CallFrame*)::$_0::operator()() /root/WebKit/Source/JavaScriptCore/runtime/ThreadObject.cpp:468:9 (jsc+0x19a4ddc)
    #12 WTF::Detail::CallableWrapper<JSC::constructThread(JSC::JSGlobalObject*, JSC::CallFrame*)::$_0, void>::call() /root/WebKit/WebKitBuild/TSan/WTF/Headers/wtf/Function.h:59:39 (jsc+0x19a4ddc)
    #13 WTF::Function<void ()>::operator()() const /root/WebKit/Source/WTF/wtf/Function.h:103:35 (jsc+0x25b59c5)
    #14 WTF::Thread::entryPoint(WTF::Thread::NewThreadContext*) /root/WebKit/Source/WTF/wtf/Threading.cpp:312:5 (jsc+0x25b59c5)
    #15 WTF::wtfThreadEntryPoint(void*) /root/WebKit/Source/WTF/wtf/posix/ThreadingPOSIX.cpp:264:5 (jsc+0x260f949)

  Previous write of size 8 at 0x720800015c88 by main thread:
    #0 malloc /home/runner/work/llvm-project/llvm-project/compiler-rt/lib/tsan/rtl/tsan_interceptors_posix.cpp:682:5 (jsc+0x13dc20)
    #1 bmalloc::api::tryMalloc(unsigned long, bmalloc::CompactAllocationMode, bmalloc::HeapKind) /root/WebKit/WebKitBuild/TSan/bmalloc/Headers/bmalloc/bmalloc.h:76:12 (jsc+0x2598e8d)
    #2 WTF::tryFastCompactMalloc(unsigned long) /root/WebKit/Source/WTF/wtf/FastMalloc.cpp:566:20 (jsc+0x2598e8d)
    #3 WTF::FastCompactMalloc::tryMalloc(unsigned long) /root/WebKit/WebKitBuild/TSan/WTF/Headers/wtf/FastMalloc.h:291:23 (jsc+0x7c9b49)
    #4 WTF::RefPtr<WTF::StringImpl, WTF::RawPtrTraits<WTF::StringImpl>, WTF::DefaultRefDerefTraits<WTF::StringImpl>> WTF::StringImpl::tryCreateUninitialized<unsigned char>(unsigned long, std::span<unsigned char, 18446744073709551615ul>&) /root/WebKit/WebKitBuild/TSan/WTF/Headers/wtf/text/StringImpl.h:1226:64 (jsc+0x7c9b49)
    #5 WTF::RefPtr<WTF::StringImpl, WTF::RawPtrTraits<WTF::StringImpl>, WTF::DefaultRefDerefTraits<WTF::StringImpl>> WTF::tryMakeStringImplFromAdaptersInternal<WTF::StringTypeAdapter<WTF::String>, WTF::StringTypeAdapter<WTF::String>>(unsigned int, bool, WTF::StringTypeAdapter<WTF::String>, WTF::StringTypeAdapter<WTF::String>) /root/WebKit/WebKitBuild/TSan/WTF/Headers/wtf/text/MakeString.h:49:25 (jsc+0x7c9b49)
    #6 WTF::String WTF::tryMakeStringFromAdapters<WTF::StringTypeAdapter<WTF::String>, WTF::StringTypeAdapter<WTF::String>>(WTF::StringTypeAdapter<WTF::String>&&, WTF::StringTypeAdapter<WTF::String>&&) /root/WebKit/WebKitBuild/TSan/WTF/Headers/wtf/text/MakeString.h:85:16 (jsc+0x7c94cb)
    #7 WTF::String WTF::tryMakeString<WTF::String, WTF::String>(WTF::String, WTF::String const&...) /root/WebKit/WebKitBuild/TSan/WTF/Headers/wtf/text/MakeString.h:92:12 (jsc+0x7c94cb)
    #8 JSC::jsString(JSC::JSGlobalObject*, JSC::JSString*, WTF::String const&) /root/WebKit/Source/JavaScriptCore/runtime/OperationsInlines.h:136:24 (jsc+0x7c94cb)
    #9 JSC::jsAddNonNumber(JSC::JSGlobalObject*, JSC::JSValue, JSC::JSValue) /root/WebKit/Source/JavaScriptCore/runtime/OperationsInlines.h:555:9 (jsc+0x75244a)
    #10 JSC::jsAdd(JSC::JSGlobalObject*, JSC::JSValue, JSC::JSValue) /root/WebKit/Source/JavaScriptCore/runtime/OperationsInlines.h:567:12 (jsc+0xfd40b8)
    #11 JSC::profiledAdd(JSC::JSGlobalObject*, JSC::JSValue, JSC::JSValue, JSC::BinaryArithProfile&) /root/WebKit/Source/JavaScriptCore/jit/JITOperations.cpp:126:22 (jsc+0xfd40b8)
    #12 operationValueAddProfiled /root/WebKit/Source/JavaScriptCore/jit/JITOperations.cpp:5049:5 (jsc+0xfd40b8)
    #13 <null> <null> (0x7fdfc5c06bab)
    #14 JSC::evaluate(JSC::JSGlobalObject*, JSC::SourceCode const&, JSC::JSValue, WTF::NakedPtr<JSC::Exception>&) /root/WebKit/Source/JavaScriptCore/runtime/Completion.cpp:145:37 (jsc+0x13c3de3)
    #15 runWithOptions(GlobalObject*, CommandLine&, bool&) /root/WebKit/Source/JavaScriptCore/jsc.cpp:3957:35 (jsc+0x1cafc5)
    #16 jscmain(int, char**)::$_0::operator()(JSC::VM&, GlobalObject*, bool&) const /root/WebKit/Source/JavaScriptCore/jsc.cpp:4686:13 (jsc+0x1cafc5)
    #17 int runJSC<jscmain(int, char**)::$_0>(CommandLine const&, bool, jscmain(int, char**)::$_0 const&) /root/WebKit/Source/JavaScriptCore/jsc.cpp:4472:13 (jsc+0x1cafc5)
    #18 jscmain(int, char**) /root/WebKit/Source/JavaScriptCore/jsc.cpp:4679:18 (jsc+0x1cafc5)
    #19 main /root/WebKit/Source/JavaScriptCore/jsc.cpp:3715:15 (jsc+0x1c9803)

  Location is heap block of size 24 at 0x720800015c80 allocated by main thread:
    #0 malloc /home/runner/work/llvm-project/llvm-project/compiler-rt/lib/tsan/rtl/tsan_interceptors_posix.cpp:682:5 (jsc+0x13dc20)
    #1 bmalloc::api::tryMalloc(unsigned long, bmalloc::CompactAllocationMode, bmalloc::HeapKind) /root/WebKit/WebKitBuild/TSan/bmalloc/Headers/bmalloc/bmalloc.h:76:12 (jsc+0x2598e8d)
    #2 WTF::tryFastCompactMalloc(unsigned long) /root/WebKit/Source/WTF/wtf/FastMalloc.cpp:566:20 (jsc+0x2598e8d)
    #3 WTF::FastCompactMalloc::tryMalloc(unsigned long) /root/WebKit/WebKitBuild/TSan/WTF/Headers/wtf/FastMalloc.h:291:23 (jsc+0x7c9b49)
    #4 WTF::RefPtr<WTF::StringImpl, WTF::RawPtrTraits<WTF::StringImpl>, WTF::DefaultRefDerefTraits<WTF::StringImpl>> WTF::StringImpl::tryCreateUninitialized<unsigned char>(unsigned long, std::span<unsigned char, 18446744073709551615ul>&) /root/WebKit/WebKitBuild/TSan/WTF/Headers/wtf/text/StringImpl.h:1226:64 (jsc+0x7c9b49)
    #5 WTF::RefPtr<WTF::StringImpl, WTF::RawPtrTraits<WTF::StringImpl>, WTF::DefaultRefDerefTraits<WTF::StringImpl>> WTF::tryMakeStringImplFromAdaptersInternal<WTF::StringTypeAdapter<WTF::String>, WTF::StringTypeAdapter<WTF::String>>(unsigned int, bool, WTF::StringTypeAdapter<WTF::String>, WTF::StringTypeAdapter<WTF::String>) /root/WebKit/WebKitBuild/TSan/WTF/Headers/wtf/text/MakeString.h:49:25 (jsc+0x7c9b49)
    #6 WTF::String WTF::tryMakeStringFromAdapters<WTF::StringTypeAdapter<WTF::String>, WTF::StringTypeAdapter<WTF::String>>(WTF::StringTypeAdapter<WTF::String>&&, WTF::StringTypeAdapter<WTF::String>&&) /root/WebKit/WebKitBuild/TSan/WTF/Headers/wtf/text/MakeString.h:85:16 (jsc+0x7c94cb)
    #7 WTF::String WTF::tryMakeString<WTF::String, WTF::String>(WTF::String, WTF::String const&...) /root/WebKit/WebKitBuild/TSan/WTF/Headers/wtf/text/MakeString.h:92:12 (jsc+0x7c94cb)
    #8 JSC::jsString(JSC::JSGlobalObject*, JSC::JSString*, WTF::String const&) /root/WebKit/Source/JavaScriptCore/runtime/OperationsInlines.h:136:24 (jsc+0x7c94cb)
    #9 JSC::jsAddNonNumber(JSC::JSGlobalObject*, JSC::JSValue, JSC::JSValue) /root/WebKit/Source/JavaScriptCore/runtime/OperationsInlines.h:555:9 (jsc+0x75244a)
    #10 JSC::jsAdd(JSC::JSGlobalObject*, JSC::JSValue, JSC::JSValue) /root/WebKit/Source/JavaScriptCore/runtime/OperationsInlines.h:567:12 (jsc+0xfd40b8)
    #11 JSC::profiledAdd(JSC::JSGlobalObject*, JSC::JSValue, JSC::JSValue, JSC::BinaryArithProfile&) /root/WebKit/Source/JavaScriptCore/jit/JITOperations.cpp:126:22 (jsc+0xfd40b8)
    #12 operationValueAddProfiled /root/WebKit/Source/JavaScriptCore/jit/JITOperations.cpp:5049:5 (jsc+0xfd40b8)
    #13 <null> <null> (0x7fdfc5c06bab)
    #14 JSC::evaluate(JSC::JSGlobalObject*, JSC::SourceCode const&, JSC::JSValue, WTF::NakedPtr<JSC::Exception>&) /root/WebKit/Source/JavaScriptCore/runtime/Completion.cpp:145:37 (jsc+0x13c3de3)
    #15 runWithOptions(GlobalObject*, CommandLine&, bool&) /root/WebKit/Source/JavaScriptCore/jsc.cpp:3957:35 (jsc+0x1cafc5)
    #16 jscmain(int, char**)::$_0::operator()(JSC::VM&, GlobalObject*, bool&) const /root/WebKit/Source/JavaScriptCore/jsc.cpp:4686:13 (jsc+0x1cafc5)
    #17 int runJSC<jscmain(int, char**)::$_0>(CommandLine const&, bool, jscmain(int, char**)::$_0 const&) /root/WebKit/Source/JavaScriptCore/jsc.cpp:4472:13 (jsc+0x1cafc5)
    #18 jscmain(int, char**) /root/WebKit/Source/JavaScriptCore/jsc.cpp:4679:18 (jsc+0x1cafc5)
    #19 main /root/WebKit/Source/JavaScriptCore/jsc.cpp:3715:15 (jsc+0x1c9803)

  Thread T4 'JS Thread' (tid=2798918, running) created by main thread at:
    #0 pthread_create /home/runner/work/llvm-project/llvm-project/compiler-rt/lib/tsan/rtl/tsan_interceptors_posix.cpp:1090:3 (jsc+0x13ff1a)
    #1 WTF::Thread::establishHandle(WTF::Thread::NewThreadContext&, WTF::StackAllocationSpecification, WTF::ThreadQOS, WTF::ThreadSchedulingPolicy) /root/WebKit/Source/WTF/wtf/posix/ThreadingPOSIX.cpp:354:17 (jsc+0x260f835)
    #2 WTF::Thread::create(WTF::ASCIILiteral, WTF::Function<void ()>&&, WTF::ThreadType, WTF::ThreadQOS, WTF::ThreadSchedulingPolicy, WTF::StackAllocationSpecification) /root/WebKit/Source/WTF/wtf/Threading.cpp:330:32 (jsc+0x25b5d03)
    #3 JSC::constructThread(JSC::JSGlobalObject*, JSC::CallFrame*) /root/WebKit/Source/JavaScriptCore/runtime/ThreadObject.cpp:467:5 (jsc+0x199d36f)
    #4 <null> <null> (0x7fdfc5bff217)
    #5 JSC::evaluate(JSC::JSGlobalObject*, JSC::SourceCode const&, JSC::JSValue, WTF::NakedPtr<JSC::Exception>&) /root/WebKit/Source/JavaScriptCore/runtime/Completion.cpp:145:37 (jsc+0x13c3de3)
    #6 runWithOptions(GlobalObject*, CommandLine&, bool&) /root/WebKit/Source/JavaScriptCore/jsc.cpp:3957:35 (jsc+0x1cafc5)
    #7 jscmain(int, char**)::$_0::operator()(JSC::VM&, GlobalObject*, bool&) const /root/WebKit/Source/JavaScriptCore/jsc.cpp:4686:13 (jsc+0x1cafc5)
    #8 int runJSC<jscmain(int, char**)::$_0>(CommandLine const&, bool, jscmain(int, char**)::$_0 const&) /root/WebKit/Source/JavaScriptCore/jsc.cpp:4472:13 (jsc+0x1cafc5)
    #9 jscmain(int, char**) /root/WebKit/Source/JavaScriptCore/jsc.cpp:4679:18 (jsc+0x1cafc5)
    #10 main /root/WebKit/Source/JavaScriptCore/jsc.cpp:3715:15 (jsc+0x1c9803)

SUMMARY: ThreadSanitizer: data race /root/WebKit/WebKitBuild/TSan/WTF/Headers/wtf/text/StringView.h in WTF::StringView::StringView(WTF::StringImpl const&)
==================
==================
WARNING: ThreadSanitizer: data race (pid=2798812)
  Atomic read of size 4 at 0x720800015c84 by thread T4:
    #0 WTF::StringView::StringView(WTF::StringImpl const&) /root/WebKit/WebKitBuild/TSan/WTF/Headers/wtf/text/StringView.h (jsc+0x7db423)
    #1 JSC::JSString::view(JSC::JSGlobalObject*) const /root/WebKit/WebKitBuild/TSan/JavaScriptCore/PrivateHeaders/JavaScriptCore/JSString.h:1400:20 (jsc+0x7db423)
    #2 JSC::RegExpObject::matchInline(JSC::JSGlobalObject*, JSC::JSString*) /root/WebKit/Source/JavaScriptCore/runtime/RegExpObjectInlines.h:258:26 (jsc+0x7db423)
    #3 JSC::RegExpObject::match(JSC::JSGlobalObject*, JSC::JSString*) /root/WebKit/Source/JavaScriptCore/runtime/RegExpObject.cpp:167:12 (jsc+0x187ed3c)
    #4 JSC::RegExpObject::test(JSC::JSGlobalObject*, JSC::JSString*) /root/WebKit/Source/JavaScriptCore/runtime/RegExpObject.h:107:74 (jsc+0x187ed3c)
    #5 JSC::regExpProtoFuncTest(JSC::JSGlobalObject*, JSC::CallFrame*) /root/WebKit/Source/JavaScriptCore/runtime/RegExpPrototype.cpp:168:13 (jsc+0x187ed3c)
    #6 <null> <null> (0x7fdfc5bff157)
    #7 JSC::Interpreter::executeCall(JSC::JSObject*, JSC::CallData const&, JSC::JSValue, JSC::JSCell*, JSC::ArgList const&) /root/WebKit/Source/JavaScriptCore/interpreter/Interpreter.cpp (jsc+0xe8b88d)
    #8 JSC::call(JSC::JSGlobalObject*, JSC::JSValue, JSC::CallData const&, JSC::JSValue, JSC::ArgList const&) /root/WebKit/Source/JavaScriptCore/runtime/CallData.cpp:70:27 (jsc+0x1360d91)
    #9 JSC::call(JSC::JSGlobalObject*, JSC::JSValue, JSC::CallData const&, JSC::JSValue, JSC::ArgList const&, WTF::NakedPtr<JSC::Exception>&) /root/WebKit/Source/JavaScriptCore/runtime/CallData.cpp:77:22 (jsc+0x1360d91)
    #10 JSC::threadMain(JSC::VM&, WTF::Ref<JSC::ThreadState, WTF::RawPtrTraits<JSC::ThreadState>, WTF::DefaultRefDerefTraits<JSC::ThreadState>>) /root/WebKit/Source/JavaScriptCore/runtime/ThreadObject.cpp:241:30 (jsc+0x19a4ddc)
    #11 JSC::constructThread(JSC::JSGlobalObject*, JSC::CallFrame*)::$_0::operator()() /root/WebKit/Source/JavaScriptCore/runtime/ThreadObject.cpp:468:9 (jsc+0x19a4ddc)
    #12 WTF::Detail::CallableWrapper<JSC::constructThread(JSC::JSGlobalObject*, JSC::CallFrame*)::$_0, void>::call() /root/WebKit/WebKitBuild/TSan/WTF/Headers/wtf/Function.h:59:39 (jsc+0x19a4ddc)
    #13 WTF::Function<void ()>::operator()() const /root/WebKit/Source/WTF/wtf/Function.h:103:35 (jsc+0x25b59c5)
    #14 WTF::Thread::entryPoint(WTF::Thread::NewThreadContext*) /root/WebKit/Source/WTF/wtf/Threading.cpp:312:5 (jsc+0x25b59c5)
    #15 WTF::wtfThreadEntryPoint(void*) /root/WebKit/Source/WTF/wtf/posix/ThreadingPOSIX.cpp:264:5 (jsc+0x260f949)

  Previous write of size 8 at 0x720800015c80 by main thread:
    #0 malloc /home/runner/work/llvm-project/llvm-project/compiler-rt/lib/tsan/rtl/tsan_interceptors_posix.cpp:682:5 (jsc+0x13dc20)
    #1 bmalloc::api::tryMalloc(unsigned long, bmalloc::CompactAllocationMode, bmalloc::HeapKind) /root/WebKit/WebKitBuild/TSan/bmalloc/Headers/bmalloc/bmalloc.h:76:12 (jsc+0x2598e8d)
    #2 WTF::tryFastCompactMalloc(unsigned long) /root/WebKit/Source/WTF/wtf/FastMalloc.cpp:566:20 (jsc+0x2598e8d)
    #3 WTF::FastCompactMalloc::tryMalloc(unsigned long) /root/WebKit/WebKitBuild/TSan/WTF/Headers/wtf/FastMalloc.h:291:23 (jsc+0x7c9b49)
    #4 WTF::RefPtr<WTF::StringImpl, WTF::RawPtrTraits<WTF::StringImpl>, WTF::DefaultRefDerefTraits<WTF::StringImpl>> WTF::StringImpl::tryCreateUninitialized<unsigned char>(unsigned long, std::span<unsigned char, 18446744073709551615ul>&) /root/WebKit/WebKitBuild/TSan/WTF/Headers/wtf/text/StringImpl.h:1226:64 (jsc+0x7c9b49)
    #5 WTF::RefPtr<WTF::StringImpl, WTF::RawPtrTraits<WTF::StringImpl>, WTF::DefaultRefDerefTraits<WTF::StringImpl>> WTF::tryMakeStringImplFromAdaptersInternal<WTF::StringTypeAdapter<WTF::String>, WTF::StringTypeAdapter<WTF::String>>(unsigned int, bool, WTF::StringTypeAdapter<WTF::String>, WTF::StringTypeAdapter<WTF::String>) /root/WebKit/WebKitBuild/TSan/WTF/Headers/wtf/text/MakeString.h:49:25 (jsc+0x7c9b49)
    #6 WTF::String WTF::tryMakeStringFromAdapters<WTF::StringTypeAdapter<WTF::String>, WTF::StringTypeAdapter<WTF::String>>(WTF::StringTypeAdapter<WTF::String>&&, WTF::StringTypeAdapter<WTF::String>&&) /root/WebKit/WebKitBuild/TSan/WTF/Headers/wtf/text/MakeString.h:85:16 (jsc+0x7c94cb)
    #7 WTF::String WTF::tryMakeString<WTF::String, WTF::String>(WTF::String, WTF::String const&...) /root/WebKit/WebKitBuild/TSan/WTF/Headers/wtf/text/MakeString.h:92:12 (jsc+0x7c94cb)
    #8 JSC::jsString(JSC::JSGlobalObject*, JSC::JSString*, WTF::String const&) /root/WebKit/Source/JavaScriptCore/runtime/OperationsInlines.h:136:24 (jsc+0x7c94cb)
    #9 JSC::jsAddNonNumber(JSC::JSGlobalObject*, JSC::JSValue, JSC::JSValue) /root/WebKit/Source/JavaScriptCore/runtime/OperationsInlines.h:555:9 (jsc+0x75244a)
    #10 JSC::jsAdd(JSC::JSGlobalObject*, JSC::JSValue, JSC::JSValue) /root/WebKit/Source/JavaScriptCore/runtime/OperationsInlines.h:567:12 (jsc+0xfd40b8)
    #11 JSC::profiledAdd(JSC::JSGlobalObject*, JSC::JSValue, JSC::JSValue, JSC::BinaryArithProfile&) /root/WebKit/Source/JavaScriptCore/jit/JITOperations.cpp:126:22 (jsc+0xfd40b8)
    #12 operationValueAddProfiled /root/WebKit/Source/JavaScriptCore/jit/JITOperations.cpp:5049:5 (jsc+0xfd40b8)
    #13 <null> <null> (0x7fdfc5c06bab)
    #14 JSC::evaluate(JSC::JSGlobalObject*, JSC::SourceCode const&, JSC::JSValue, WTF::NakedPtr<JSC::Exception>&) /root/WebKit/Source/JavaScriptCore/runtime/Completion.cpp:145:37 (jsc+0x13c3de3)
    #15 runWithOptions(GlobalObject*, CommandLine&, bool&) /root/WebKit/Source/JavaScriptCore/jsc.cpp:3957:35 (jsc+0x1cafc5)
    #16 jscmain(int, char**)::$_0::operator()(JSC::VM&, GlobalObject*, bool&) const /root/WebKit/Source/JavaScriptCore/jsc.cpp:4686:13 (jsc+0x1cafc5)
    #17 int runJSC<jscmain(int, char**)::$_0>(CommandLine const&, bool, jscmain(int, char**)::$_0 const&) /root/WebKit/Source/JavaScriptCore/jsc.cpp:4472:13 (jsc+0x1cafc5)
    #18 jscmain(int, char**) /root/WebKit/Source/JavaScriptCore/jsc.cpp:4679:18 (jsc+0x1cafc5)
    #19 main /root/WebKit/Source/JavaScriptCore/jsc.cpp:3715:15 (jsc+0x1c9803)

  Location is heap block of size 24 at 0x720800015c80 allocated by main thread:
    #0 malloc /home/runner/work/llvm-project/llvm-project/compiler-rt/lib/tsan/rtl/tsan_interceptors_posix.cpp:682:5 (jsc+0x13dc20)
    #1 bmalloc::api::tryMalloc(unsigned long, bmalloc::CompactAllocationMode, bmalloc::HeapKind) /root/WebKit/WebKitBuild/TSan/bmalloc/Headers/bmalloc/bmalloc.h:76:12 (jsc+0x2598e8d)
    #2 WTF::tryFastCompactMalloc(unsigned long) /root/WebKit/Source/WTF/wtf/FastMalloc.cpp:566:20 (jsc+0x2598e8d)
    #3 WTF::FastCompactMalloc::tryMalloc(unsigned long) /root/WebKit/WebKitBuild/TSan/WTF/Headers/wtf/FastMalloc.h:291:23 (jsc+0x7c9b49)
    #4 WTF::RefPtr<WTF::StringImpl, WTF::RawPtrTraits<WTF::StringImpl>, WTF::DefaultRefDerefTraits<WTF::StringImpl>> WTF::StringImpl::tryCreateUninitialized<unsigned char>(unsigned long, std::span<unsigned char, 18446744073709551615ul>&) /root/WebKit/WebKitBuild/TSan/WTF/Headers/wtf/text/StringImpl.h:1226:64 (jsc+0x7c9b49)
    #5 WTF::RefPtr<WTF::StringImpl, WTF::RawPtrTraits<WTF::StringImpl>, WTF::DefaultRefDerefTraits<WTF::StringImpl>> WTF::tryMakeStringImplFromAdaptersInternal<WTF::StringTypeAdapter<WTF::String>, WTF::StringTypeAdapter<WTF::String>>(unsigned int, bool, WTF::StringTypeAdapter<WTF::String>, WTF::StringTypeAdapter<WTF::String>) /root/WebKit/WebKitBuild/TSan/WTF/Headers/wtf/text/MakeString.h:49:25 (jsc+0x7c9b49)
    #6 WTF::String WTF::tryMakeStringFromAdapters<WTF::StringTypeAdapter<WTF::String>, WTF::StringTypeAdapter<WTF::String>>(WTF::StringTypeAdapter<WTF::String>&&, WTF::StringTypeAdapter<WTF::String>&&) /root/WebKit/WebKitBuild/TSan/WTF/Headers/wtf/text/MakeString.h:85:16 (jsc+0x7c94cb)
    #7 WTF::String WTF::tryMakeString<WTF::String, WTF::String>(WTF::String, WTF::String const&...) /root/WebKit/WebKitBuild/TSan/WTF/Headers/wtf/text/MakeString.h:92:12 (jsc+0x7c94cb)
    #8 JSC::jsString(JSC::JSGlobalObject*, JSC::JSString*, WTF::String const&) /root/WebKit/Source/JavaScriptCore/runtime/OperationsInlines.h:136:24 (jsc+0x7c94cb)
    #9 JSC::jsAddNonNumber(JSC::JSGlobalObject*, JSC::JSValue, JSC::JSValue) /root/WebKit/Source/JavaScriptCore/runtime/OperationsInlines.h:555:9 (jsc+0x75244a)
    #10 JSC::jsAdd(JSC::JSGlobalObject*, JSC::JSValue, JSC::JSValue) /root/WebKit/Source/JavaScriptCore/runtime/OperationsInlines.h:567:12 (jsc+0xfd40b8)
    #11 JSC::profiledAdd(JSC::JSGlobalObject*, JSC::JSValue, JSC::JSValue, JSC::BinaryArithProfile&) /root/WebKit/Source/JavaScriptCore/jit/JITOperations.cpp:126:22 (jsc+0xfd40b8)
    #12 operationValueAddProfiled /root/WebKit/Source/JavaScriptCore/jit/JITOperations.cpp:5049:5 (jsc+0xfd40b8)
    #13 <null> <null> (0x7fdfc5c06bab)
    #14 JSC::evaluate(JSC::JSGlobalObject*, JSC::SourceCode const&, JSC::JSValue, WTF::NakedPtr<JSC::Exception>&) /root/WebKit/Source/JavaScriptCore/runtime/Completion.cpp:145:37 (jsc+0x13c3de3)
    #15 runWithOptions(GlobalObject*, CommandLine&, bool&) /root/WebKit/Source/JavaScriptCore/jsc.cpp:3957:35 (jsc+0x1cafc5)
    #16 jscmain(int, char**)::$_0::operator()(JSC::VM&, GlobalObject*, bool&) const /root/WebKit/Source/JavaScriptCore/jsc.cpp:4686:13 (jsc+0x1cafc5)
    #17 int runJSC<jscmain(int, char**)::$_0>(CommandLine const&, bool, jscmain(int, char**)::$_0 const&) /root/WebKit/Source/JavaScriptCore/jsc.cpp:4472:13 (jsc+0x1cafc5)
    #18 jscmain(int, char**) /root/WebKit/Source/JavaScriptCore/jsc.cpp:4679:18 (jsc+0x1cafc5)
    #19 main /root/WebKit/Source/JavaScriptCore/jsc.cpp:3715:15 (jsc+0x1c9803)

  Thread T4 'JS Thread' (tid=2798918, running) created by main thread at:
    #0 pthread_create /home/runner/work/llvm-project/llvm-project/compiler-rt/lib/tsan/rtl/tsan_interceptors_posix.cpp:1090:3 (jsc+0x13ff1a)
    #1 WTF::Thread::establishHandle(WTF::Thread::NewThreadContext&, WTF::StackAllocationSpecification, WTF::ThreadQOS, WTF::ThreadSchedulingPolicy) /root/WebKit/Source/WTF/wtf/posix/ThreadingPOSIX.cpp:354:17 (jsc+0x260f835)
    #2 WTF::Thread::create(WTF::ASCIILiteral, WTF::Function<void ()>&&, WTF::ThreadType, WTF::ThreadQOS, WTF::ThreadSchedulingPolicy, WTF::StackAllocationSpecification) /root/WebKit/Source/WTF/wtf/Threading.cpp:330:32 (jsc+0x25b5d03)
    #3 JSC::constructThread(JSC::JSGlobalObject*, JSC::CallFrame*) /root/WebKit/Source/JavaScriptCore/runtime/ThreadObject.cpp:467:5 (jsc+0x199d36f)
    #4 <null> <null> (0x7fdfc5bff217)
    #5 JSC::evaluate(JSC::JSGlobalObject*, JSC::SourceCode const&, JSC::JSValue, WTF::NakedPtr<JSC::Exception>&) /root/WebKit/Source/JavaScriptCore/runtime/Completion.cpp:145:37 (jsc+0x13c3de3)
    #6 runWithOptions(GlobalObject*, CommandLine&, bool&) /root/WebKit/Source/JavaScriptCore/jsc.cpp:3957:35 (jsc+0x1cafc5)
    #7 jscmain(int, char**)::$_0::operator()(JSC::VM&, GlobalObject*, bool&) const /root/WebKit/Source/JavaScriptCore/jsc.cpp:4686:13 (jsc+0x1cafc5)
    #8 int runJSC<jscmain(int, char**)::$_0>(CommandLine const&, bool, jscmain(int, char**)::$_0 const&) /root/WebKit/Source/JavaScriptCore/jsc.cpp:4472:13 (jsc+0x1cafc5)
    #9 jscmain(int, char**) /root/WebKit/Source/JavaScriptCore/jsc.cpp:4679:18 (jsc+0x1cafc5)
    #10 main /root/WebKit/Source/JavaScriptCore/jsc.cpp:3715:15 (jsc+0x1c9803)

SUMMARY: ThreadSanitizer: data race /root/WebKit/WebKitBuild/TSan/WTF/Headers/wtf/text/StringView.h in WTF::StringView::StringView(WTF::StringImpl const&)
==================
ThreadSanitizer: reported 8 warnings
