JSC: disabling useWasm under GIL-off (wasm glue still reads the raw VM-block exception word; not yet audited for UNGIL §A.1.3 COMPILED-FOR-VM; see AB-17 status block in VMEntryScope.cpp).
==================
WARNING: ThreadSanitizer: data race (pid=2800994)
  Atomic read of size 8 at 0x720c000025c8 by thread T1:
    #0 std::__atomic_base<JSC::JSScope*>::load(std::memory_order) const /usr/lib/gcc/x86_64-amazon-linux/14/../../../../include/c++/14/bits/atomic_base.h:833:9 (jsc+0x544cb9)
    #1 std::atomic<JSC::JSScope*>::load(std::memory_order) const /usr/lib/gcc/x86_64-amazon-linux/14/../../../../include/c++/14/atomic:582:21 (jsc+0x544cb9)
    #2 JSC::InferredValue<JSC::JSScope>::InferredValueWatchpointSet::inferredValue() const /root/WebKit/WebKitBuild/TSan/JavaScriptCore/PrivateHeaders/JavaScriptCore/InferredValue.h:168:60 (jsc+0x544cb9)
    #3 JSC::InferredValue<JSC::JSScope>::inferredValue() /root/WebKit/WebKitBuild/TSan/JavaScriptCore/PrivateHeaders/JavaScriptCore/InferredValue.h:55:31 (jsc+0x544cb9)
    #4 JSC::DFG::ByteCodeParser::parseBlock(unsigned int) /root/WebKit/Source/JavaScriptCore/dfg/DFGByteCodeParser.cpp:9777:67 (jsc+0x544cb9)
    #5 JSC::DFG::ByteCodeParser::parseCodeBlock() /root/WebKit/Source/JavaScriptCore/dfg/DFGByteCodeParser.cpp:10992:13 (jsc+0x563957)
    #6 JSC::DFG::ByteCodeParser::parse() /root/WebKit/Source/JavaScriptCore/dfg/DFGByteCodeParser.cpp:13043:5 (jsc+0x56d8ce)
    #7 JSC::DFG::parse(JSC::DFG::Graph&) /root/WebKit/Source/JavaScriptCore/dfg/DFGByteCodeParser.cpp:13083:34 (jsc+0x56df55)
    #8 JSC::DFG::Plan::compileInThreadImpl() /root/WebKit/Source/JavaScriptCore/dfg/DFGPlan.cpp:255:14 (jsc+0x8b07e0)
    #9 JSC::JITPlan::compileInThread(JSC::JITWorklistThread*) /root/WebKit/Source/JavaScriptCore/jit/JITPlan.cpp:283:28 (jsc+0xfded9d)
    #10 JSC::JITWorklistThread::work() /root/WebKit/Source/JavaScriptCore/jit/JITWorklistThread.cpp:145:13 (jsc+0x104970b)
    #11 WTF::AutomaticThread::start(WTF::AbstractLocker const&)::$_0::operator()() const /root/WebKit/Source/WTF/wtf/AutomaticThread.cpp:260:37 (jsc+0x258aaac)
    #12 WTF::Detail::CallableWrapper<WTF::AutomaticThread::start(WTF::AbstractLocker const&)::$_0, void>::call() /root/WebKit/Source/WTF/wtf/Function.h:59:39 (jsc+0x258aaac)
    #13 WTF::Function<void ()>::operator()() const /root/WebKit/Source/WTF/wtf/Function.h:103:35 (jsc+0x25b59c5)
    #14 WTF::Thread::entryPoint(WTF::Thread::NewThreadContext*) /root/WebKit/Source/WTF/wtf/Threading.cpp:312:5 (jsc+0x25b59c5)
    #15 WTF::wtfThreadEntryPoint(void*) /root/WebKit/Source/WTF/wtf/posix/ThreadingPOSIX.cpp:264:5 (jsc+0x260f949)

  Previous write of size 8 at 0x720c000025c8 by main thread:
    #0 malloc /home/runner/work/llvm-project/llvm-project/compiler-rt/lib/tsan/rtl/tsan_interceptors_posix.cpp:682:5 (jsc+0x13dc20)
    #1 bmalloc::api::malloc(unsigned long, bmalloc::CompactAllocationMode, bmalloc::HeapKind) /root/WebKit/WebKitBuild/TSan/bmalloc/Headers/bmalloc/bmalloc.h:96:20 (jsc+0x2598c09)
    #2 WTF::fastMalloc(unsigned long) /root/WebKit/Source/WTF/wtf/FastMalloc.cpp:337:20 (jsc+0x2598c09)
    #3 JSC::WatchpointSet::operator new(unsigned long) /root/WebKit/Source/JavaScriptCore/bytecode/Watchpoint.h:223:5 (jsc+0x63e769)
    #4 JSC::InferredValue<JSC::JSScope>::inflateSlow() /root/WebKit/WebKitBuild/TSan/JavaScriptCore/PrivateHeaders/JavaScriptCore/InferredValue.h:456:55 (jsc+0x63e769)
    #5 JSC::InferredValue<JSC::JSScope>::inflate() /root/WebKit/WebKitBuild/TSan/JavaScriptCore/PrivateHeaders/JavaScriptCore/InferredValue.h:256:16 (jsc+0x61d762)
    #6 JSC::InferredValue<JSC::JSScope>::add(JSC::Watchpoint*) /root/WebKit/WebKitBuild/TSan/JavaScriptCore/PrivateHeaders/JavaScriptCore/InferredValue.h:434:5 (jsc+0x61d762)
    #7 JSC::DFG::SymbolTableAdaptor::add(JSC::CodeBlock*, JSC::SymbolTable*, JSC::DFG::WatchpointCollector&)::$_0::operator()(JSC::CodeBlockJettisoningWatchpoint&) const /root/WebKit/Source/JavaScriptCore/dfg/DFGDesiredWatchpoints.cpp:66:34 (jsc+0x61d762)
    #8 bool JSC::DFG::WatchpointCollector::addWatchpoint<JSC::DFG::SymbolTableAdaptor::add(JSC::CodeBlock*, JSC::SymbolTable*, JSC::DFG::WatchpointCollector&)::$_0>(JSC::DFG::SymbolTableAdaptor::add(JSC::CodeBlock*, JSC::SymbolTable*, JSC::DFG::WatchpointCollector&)::$_0 const&) /root/WebKit/Source/JavaScriptCore/dfg/DFGDesiredWatchpoints.h:79:20 (jsc+0x61d762)
    #9 JSC::DFG::SymbolTableAdaptor::add(JSC::CodeBlock*, JSC::SymbolTable*, JSC::DFG::WatchpointCollector&) /root/WebKit/Source/JavaScriptCore/dfg/DFGDesiredWatchpoints.cpp:60:22 (jsc+0x61d762)
    #10 JSC::DFG::GenericDesiredWatchpoints<JSC::SymbolTable*, JSC::DFG::SymbolTableAdaptor>::reallyAdd(JSC::CodeBlock*, JSC::DFG::WatchpointCollector&) /root/WebKit/Source/JavaScriptCore/dfg/DFGDesiredWatchpoints.h:214:18 (jsc+0x61ef3b)
    #11 JSC::DFG::DesiredWatchpoints::reallyAdd(JSC::CodeBlock*, JSC::DFG::DesiredIdentifiers&, JSC::DFG::CommonData*) /root/WebKit/Source/JavaScriptCore/dfg/DFGDesiredWatchpoints.cpp:212:25 (jsc+0x61f885)
    #12 JSC::DFG::Plan::reallyAdd(JSC::DFG::CommonData*) /root/WebKit/Source/JavaScriptCore/dfg/DFGPlan.cpp:611:24 (jsc+0x8b80f0)
    #13 JSC::DFG::Plan::finalize()::$_0::operator()() const /root/WebKit/Source/JavaScriptCore/dfg/DFGPlan.cpp:671:14 (jsc+0x8b8422)
    #14 JSC::DFG::Plan::finalize() /root/WebKit/Source/JavaScriptCore/dfg/DFGPlan.cpp:654:32 (jsc+0x8b8422)
    #15 JSC::JITWorklist::completeAllReadyPlansForVM(JSC::VM&, JSC::JITCompilationKey) /root/WebKit/Source/JavaScriptCore/jit/JITWorklist.cpp:314:15 (jsc+0x10454c9)
    #16 operationOptimize /root/WebKit/Source/JavaScriptCore/jit/JITOperations.cpp:3158:76 (jsc+0xfc1029)
    #17 <null> <null> (0x7f1055202958)
    #18 JSC::evaluate(JSC::JSGlobalObject*, JSC::SourceCode const&, JSC::JSValue, WTF::NakedPtr<JSC::Exception>&) /root/WebKit/Source/JavaScriptCore/runtime/Completion.cpp:145:37 (jsc+0x13c3de3)
    #19 runWithOptions(GlobalObject*, CommandLine&, bool&) /root/WebKit/Source/JavaScriptCore/jsc.cpp:3957:35 (jsc+0x1cafc5)
    #20 jscmain(int, char**)::$_0::operator()(JSC::VM&, GlobalObject*, bool&) const /root/WebKit/Source/JavaScriptCore/jsc.cpp:4686:13 (jsc+0x1cafc5)
    #21 int runJSC<jscmain(int, char**)::$_0>(CommandLine const&, bool, jscmain(int, char**)::$_0 const&) /root/WebKit/Source/JavaScriptCore/jsc.cpp:4472:13 (jsc+0x1cafc5)
    #22 jscmain(int, char**) /root/WebKit/Source/JavaScriptCore/jsc.cpp:4679:18 (jsc+0x1cafc5)
    #23 main /root/WebKit/Source/JavaScriptCore/jsc.cpp:3715:15 (jsc+0x1c9803)

  Location is heap block of size 40 at 0x720c000025b0 allocated by main thread:
    #0 malloc /home/runner/work/llvm-project/llvm-project/compiler-rt/lib/tsan/rtl/tsan_interceptors_posix.cpp:682:5 (jsc+0x13dc20)
    #1 bmalloc::api::malloc(unsigned long, bmalloc::CompactAllocationMode, bmalloc::HeapKind) /root/WebKit/WebKitBuild/TSan/bmalloc/Headers/bmalloc/bmalloc.h:96:20 (jsc+0x2598c09)
    #2 WTF::fastMalloc(unsigned long) /root/WebKit/Source/WTF/wtf/FastMalloc.cpp:337:20 (jsc+0x2598c09)
    #3 JSC::WatchpointSet::operator new(unsigned long) /root/WebKit/Source/JavaScriptCore/bytecode/Watchpoint.h:223:5 (jsc+0x63e769)
    #4 JSC::InferredValue<JSC::JSScope>::inflateSlow() /root/WebKit/WebKitBuild/TSan/JavaScriptCore/PrivateHeaders/JavaScriptCore/InferredValue.h:456:55 (jsc+0x63e769)
    #5 JSC::InferredValue<JSC::JSScope>::inflate() /root/WebKit/WebKitBuild/TSan/JavaScriptCore/PrivateHeaders/JavaScriptCore/InferredValue.h:256:16 (jsc+0x61d762)
    #6 JSC::InferredValue<JSC::JSScope>::add(JSC::Watchpoint*) /root/WebKit/WebKitBuild/TSan/JavaScriptCore/PrivateHeaders/JavaScriptCore/InferredValue.h:434:5 (jsc+0x61d762)
    #7 JSC::DFG::SymbolTableAdaptor::add(JSC::CodeBlock*, JSC::SymbolTable*, JSC::DFG::WatchpointCollector&)::$_0::operator()(JSC::CodeBlockJettisoningWatchpoint&) const /root/WebKit/Source/JavaScriptCore/dfg/DFGDesiredWatchpoints.cpp:66:34 (jsc+0x61d762)
    #8 bool JSC::DFG::WatchpointCollector::addWatchpoint<JSC::DFG::SymbolTableAdaptor::add(JSC::CodeBlock*, JSC::SymbolTable*, JSC::DFG::WatchpointCollector&)::$_0>(JSC::DFG::SymbolTableAdaptor::add(JSC::CodeBlock*, JSC::SymbolTable*, JSC::DFG::WatchpointCollector&)::$_0 const&) /root/WebKit/Source/JavaScriptCore/dfg/DFGDesiredWatchpoints.h:79:20 (jsc+0x61d762)
    #9 JSC::DFG::SymbolTableAdaptor::add(JSC::CodeBlock*, JSC::SymbolTable*, JSC::DFG::WatchpointCollector&) /root/WebKit/Source/JavaScriptCore/dfg/DFGDesiredWatchpoints.cpp:60:22 (jsc+0x61d762)
    #10 JSC::DFG::GenericDesiredWatchpoints<JSC::SymbolTable*, JSC::DFG::SymbolTableAdaptor>::reallyAdd(JSC::CodeBlock*, JSC::DFG::WatchpointCollector&) /root/WebKit/Source/JavaScriptCore/dfg/DFGDesiredWatchpoints.h:214:18 (jsc+0x61ef3b)
    #11 JSC::DFG::DesiredWatchpoints::reallyAdd(JSC::CodeBlock*, JSC::DFG::DesiredIdentifiers&, JSC::DFG::CommonData*) /root/WebKit/Source/JavaScriptCore/dfg/DFGDesiredWatchpoints.cpp:212:25 (jsc+0x61f885)
    #12 JSC::DFG::Plan::reallyAdd(JSC::DFG::CommonData*) /root/WebKit/Source/JavaScriptCore/dfg/DFGPlan.cpp:611:24 (jsc+0x8b80f0)
    #13 JSC::DFG::Plan::finalize()::$_0::operator()() const /root/WebKit/Source/JavaScriptCore/dfg/DFGPlan.cpp:671:14 (jsc+0x8b8422)
    #14 JSC::DFG::Plan::finalize() /root/WebKit/Source/JavaScriptCore/dfg/DFGPlan.cpp:654:32 (jsc+0x8b8422)
    #15 JSC::JITWorklist::completeAllReadyPlansForVM(JSC::VM&, JSC::JITCompilationKey) /root/WebKit/Source/JavaScriptCore/jit/JITWorklist.cpp:314:15 (jsc+0x10454c9)
    #16 operationOptimize /root/WebKit/Source/JavaScriptCore/jit/JITOperations.cpp:3158:76 (jsc+0xfc1029)
    #17 <null> <null> (0x7f1055202958)
    #18 JSC::evaluate(JSC::JSGlobalObject*, JSC::SourceCode const&, JSC::JSValue, WTF::NakedPtr<JSC::Exception>&) /root/WebKit/Source/JavaScriptCore/runtime/Completion.cpp:145:37 (jsc+0x13c3de3)
    #19 runWithOptions(GlobalObject*, CommandLine&, bool&) /root/WebKit/Source/JavaScriptCore/jsc.cpp:3957:35 (jsc+0x1cafc5)
    #20 jscmain(int, char**)::$_0::operator()(JSC::VM&, GlobalObject*, bool&) const /root/WebKit/Source/JavaScriptCore/jsc.cpp:4686:13 (jsc+0x1cafc5)
    #21 int runJSC<jscmain(int, char**)::$_0>(CommandLine const&, bool, jscmain(int, char**)::$_0 const&) /root/WebKit/Source/JavaScriptCore/jsc.cpp:4472:13 (jsc+0x1cafc5)
    #22 jscmain(int, char**) /root/WebKit/Source/JavaScriptCore/jsc.cpp:4679:18 (jsc+0x1cafc5)
    #23 main /root/WebKit/Source/JavaScriptCore/jsc.cpp:3715:15 (jsc+0x1c9803)

  Thread T1 'JITWorker' (tid=2801003, running) created by main thread at:
    #0 pthread_create /home/runner/work/llvm-project/llvm-project/compiler-rt/lib/tsan/rtl/tsan_interceptors_posix.cpp:1090:3 (jsc+0x13ff1a)
    #1 WTF::Thread::establishHandle(WTF::Thread::NewThreadContext&, WTF::StackAllocationSpecification, WTF::ThreadQOS, WTF::ThreadSchedulingPolicy) /root/WebKit/Source/WTF/wtf/posix/ThreadingPOSIX.cpp:354:17 (jsc+0x260f835)
    #2 WTF::Thread::create(WTF::ASCIILiteral, WTF::Function<void ()>&&, WTF::ThreadType, WTF::ThreadQOS, WTF::ThreadSchedulingPolicy, WTF::StackAllocationSpecification) /root/WebKit/Source/WTF/wtf/Threading.cpp:330:32 (jsc+0x25b5d03)
    #3 WTF::AutomaticThread::start(WTF::AbstractLocker const&) /root/WebKit/Source/WTF/wtf/AutomaticThread.cpp:189:5 (jsc+0x2589529)
    #4 WTF::AutomaticThreadCondition::notifyOne(WTF::AbstractLocker const&) /root/WebKit/Source/WTF/wtf/AutomaticThread.cpp:60:21 (jsc+0x2589329)
    #5 JSC::JITWorklist::wakeThreads(WTF::AbstractLocker const&, unsigned int) /root/WebKit/Source/JavaScriptCore/jit/JITWorklist.cpp:162:25 (jsc+0x1043a26)
    #6 JSC::JITWorklist::enqueue(WTF::Ref<JSC::JITPlan, WTF::RawPtrTraits<JSC::JITPlan>, WTF::DefaultRefDerefTraits<JSC::JITPlan>>) /root/WebKit/Source/JavaScriptCore/jit/JITWorklist.cpp:245:5 (jsc+0x1044292)
    #7 JSC::LLInt::jitCompileAndSetHeuristics(JSC::VM&, JSC::CodeBlock*) /root/WebKit/Source/JavaScriptCore/llint/LLIntSlowPaths.cpp:501:45 (jsc+0x107dfc7)
    #8 JSC::LLInt::entryOSR(JSC::CodeBlock*, char const*, JSC::LLInt::EntryKind) /root/WebKit/Source/JavaScriptCore/llint/LLIntSlowPaths.cpp:523:10 (jsc+0x107d202)
    #9 llint_entry_osr_function_for_construct /root/WebKit/Source/JavaScriptCore/llint/LLIntSlowPaths.cpp:556:12 (jsc+0x107d4e2)
    #10 llint_function_for_construct_prologue LowLevelInterpreter.cpp (jsc+0x1e057f1)
    #11 JSC::evaluate(JSC::JSGlobalObject*, JSC::SourceCode const&, JSC::JSValue, WTF::NakedPtr<JSC::Exception>&) /root/WebKit/Source/JavaScriptCore/runtime/Completion.cpp:145:37 (jsc+0x13c3de3)
    #12 runWithOptions(GlobalObject*, CommandLine&, bool&) /root/WebKit/Source/JavaScriptCore/jsc.cpp:3957:35 (jsc+0x1cafc5)
    #13 jscmain(int, char**)::$_0::operator()(JSC::VM&, GlobalObject*, bool&) const /root/WebKit/Source/JavaScriptCore/jsc.cpp:4686:13 (jsc+0x1cafc5)
    #14 int runJSC<jscmain(int, char**)::$_0>(CommandLine const&, bool, jscmain(int, char**)::$_0 const&) /root/WebKit/Source/JavaScriptCore/jsc.cpp:4472:13 (jsc+0x1cafc5)
    #15 jscmain(int, char**) /root/WebKit/Source/JavaScriptCore/jsc.cpp:4679:18 (jsc+0x1cafc5)
    #16 main /root/WebKit/Source/JavaScriptCore/jsc.cpp:3715:15 (jsc+0x1c9803)

SUMMARY: ThreadSanitizer: data race /root/WebKit/WebKitBuild/TSan/JavaScriptCore/PrivateHeaders/JavaScriptCore/InferredValue.h:168:60 in JSC::InferredValue<JSC::JSScope>::InferredValueWatchpointSet::inferredValue() const
==================
==================
WARNING: ThreadSanitizer: data race (pid=2800994)
  Atomic read of size 1 at 0x72a0007b0134 by thread T5:
    #0 unsigned char JSC::cellHeaderConcurrentLoad<unsigned char>(unsigned char const&) /root/WebKit/WebKitBuild/TSan/JavaScriptCore/PrivateHeaders/JavaScriptCore/JSCell.h:99:5 (jsc+0x7daeb0)
    #1 JSC::JSCell::indexingTypeAndMisc() const /root/WebKit/WebKitBuild/TSan/JavaScriptCore/PrivateHeaders/JavaScriptCore/JSCell.h:213:55 (jsc+0x7daeb0)
    #2 JSC::JSCell::indexingType() const /root/WebKit/WebKitBuild/TSan/JavaScriptCore/PrivateHeaders/JavaScriptCore/JSCell.h:215:48 (jsc+0x7daeb0)
    #3 JSC::ArrayAllocationProfile::selectIndexingType() /root/WebKit/Source/JavaScriptCore/bytecode/ArrayAllocationProfile.h:62:28 (jsc+0x7daeb0)
    #4 JSC::ArrayAllocationProfile::selectIndexingTypeFor(JSC::ArrayAllocationProfile*) /root/WebKit/Source/JavaScriptCore/bytecode/ArrayAllocationProfile.h:102:25 (jsc+0x7daeb0)
    #5 JSC::JSGlobalObject::arrayStructureForProfileDuringAllocation(JSC::JSGlobalObject*, JSC::ArrayAllocationProfile*, JSC::JSValue) const /root/WebKit/Source/JavaScriptCore/runtime/JSGlobalObjectInlines.h:400:72 (jsc+0x7daeb0)
    #6 JSC::constructEmptyArray(JSC::JSGlobalObject*, JSC::ArrayAllocationProfile*, unsigned int, JSC::JSValue) /root/WebKit/Source/JavaScriptCore/runtime/JSGlobalObjectInlines.h:287:35 (jsc+0x7daeb0)
    #7 JSC::constructArrayWithSizeQuirk(JSC::JSGlobalObject*, JSC::ArrayAllocationProfile*, JSC::JSValue, JSC::JSValue) /root/WebKit/Source/JavaScriptCore/runtime/ArrayConstructor.cpp:91:5 (jsc+0x12ff384)
    #8 operationNewArrayWithSizeAndProfile /root/WebKit/Source/JavaScriptCore/jit/JITOperations.cpp:2720:5 (jsc+0xfbd86d)
    #9 <null> <null> (0x7f105520a6d0)
    #10 JSC::Interpreter::executeCall(JSC::JSObject*, JSC::CallData const&, JSC::JSValue, JSC::JSCell*, JSC::ArgList const&) /root/WebKit/Source/JavaScriptCore/interpreter/Interpreter.cpp (jsc+0xe8b88d)
    #11 JSC::call(JSC::JSGlobalObject*, JSC::JSValue, JSC::CallData const&, JSC::JSValue, JSC::ArgList const&) /root/WebKit/Source/JavaScriptCore/runtime/CallData.cpp:70:27 (jsc+0x1360d91)
    #12 JSC::call(JSC::JSGlobalObject*, JSC::JSValue, JSC::CallData const&, JSC::JSValue, JSC::ArgList const&, WTF::NakedPtr<JSC::Exception>&) /root/WebKit/Source/JavaScriptCore/runtime/CallData.cpp:77:22 (jsc+0x1360d91)
    #13 JSC::threadMain(JSC::VM&, WTF::Ref<JSC::ThreadState, WTF::RawPtrTraits<JSC::ThreadState>, WTF::DefaultRefDerefTraits<JSC::ThreadState>>) /root/WebKit/Source/JavaScriptCore/runtime/ThreadObject.cpp:241:30 (jsc+0x19a4ddc)
    #14 JSC::constructThread(JSC::JSGlobalObject*, JSC::CallFrame*)::$_0::operator()() /root/WebKit/Source/JavaScriptCore/runtime/ThreadObject.cpp:468:9 (jsc+0x19a4ddc)
    #15 WTF::Detail::CallableWrapper<JSC::constructThread(JSC::JSGlobalObject*, JSC::CallFrame*)::$_0, void>::call() /root/WebKit/WebKitBuild/TSan/WTF/Headers/wtf/Function.h:59:39 (jsc+0x19a4ddc)
    #16 WTF::Function<void ()>::operator()() const /root/WebKit/Source/WTF/wtf/Function.h:103:35 (jsc+0x25b59c5)
    #17 WTF::Thread::entryPoint(WTF::Thread::NewThreadContext*) /root/WebKit/Source/WTF/wtf/Threading.cpp:312:5 (jsc+0x25b59c5)
    #18 WTF::wtfThreadEntryPoint(void*) /root/WebKit/Source/WTF/wtf/posix/ThreadingPOSIX.cpp:264:5 (jsc+0x260f949)

  Previous write of size 8 at 0x72a0007b0130 by thread T4:
    #0 aligned_alloc /home/runner/work/llvm-project/llvm-project/compiler-rt/lib/tsan/rtl/tsan_interceptors_posix.cpp:885:3 (jsc+0x13f40e)
    #1 bmalloc::api::tryMemalign(unsigned long, unsigned long, bmalloc::CompactAllocationMode, bmalloc::HeapKind) /root/WebKit/WebKitBuild/TSan/bmalloc/Headers/bmalloc/bmalloc.h:158:12 (jsc+0x2598e50)
    #2 WTF::tryFastCompactAlignedMalloc(unsigned long, unsigned long) /root/WebKit/Source/WTF/wtf/FastMalloc.cpp:553:20 (jsc+0x2598e50)
    #3 JSC::FastMallocAlignedMemoryAllocator::tryAllocateAlignedMemory(unsigned long, unsigned long) /root/WebKit/Source/JavaScriptCore/heap/FastMallocAlignedMemoryAllocator.cpp:47:12 (jsc+0xdbd320)
    #4 JSC::MarkedBlock::tryCreate(JSC::Heap&, JSC::AlignedMemoryAllocator*) /root/WebKit/Source/JavaScriptCore/heap/MarkedBlock.cpp:138:48 (jsc+0xe49ff8)
    #5 JSC::BlockDirectory::tryAllocateBlock(WTF::AbstractLocker const&, JSC::Heap&) /root/WebKit/Source/JavaScriptCore/heap/BlockDirectory.cpp:154:35 (jsc+0xdb451d)
    #6 JSC::LocalAllocator::allocateSlowCase(JSC::Heap&, unsigned long, JSC::GCDeferralContext*, JSC::AllocationFailureMode) /root/WebKit/Source/JavaScriptCore/heap/LocalAllocator.cpp:221:47 (jsc+0xe44dbe)
    #7 JSC::LocalAllocator::allocate(JSC::Heap&, unsigned long, JSC::GCDeferralContext*, JSC::AllocationFailureMode)::'lambda'()::operator()() const /root/WebKit/WebKitBuild/TSan/JavaScriptCore/PrivateHeaders/JavaScriptCore/LocalAllocatorInlines.h:53:43 (jsc+0x1d135e)
    #8 JSC::HeapCell* JSC::FreeList::allocateWithCellSize<JSC::LocalAllocator::allocate(JSC::Heap&, unsigned long, JSC::GCDeferralContext*, JSC::AllocationFailureMode)::'lambda'()>(JSC::LocalAllocator::allocate(JSC::Heap&, unsigned long, JSC::GCDeferralContext*, JSC::AllocationFailureMode)::'lambda'() const&, unsigned long) /root/WebKit/WebKitBuild/TSan/JavaScriptCore/PrivateHeaders/JavaScriptCore/FreeListInlines.h:46:16 (jsc+0x252e3a)
    #9 JSC::LocalAllocator::allocate(JSC::Heap&, unsigned long, JSC::GCDeferralContext*, JSC::AllocationFailureMode) /root/WebKit/WebKitBuild/TSan/JavaScriptCore/PrivateHeaders/JavaScriptCore/LocalAllocatorInlines.h:50:23 (jsc+0x252e3a)
    #10 JSC::GCClient::IsoSubspace::allocate(JSC::VM&, unsigned long, JSC::GCDeferralContext*, JSC::AllocationFailureMode) /root/WebKit/WebKitBuild/TSan/JavaScriptCore/PrivateHeaders/JavaScriptCore/IsoSubspaceInlines.h:42:29 (jsc+0x252e3a)
    #11 void* JSC::tryAllocateCellHelper<JSC::JSArray, (JSC::AllocationFailureMode)0>(JSC::VM&, unsigned long, JSC::GCDeferralContext*) /root/WebKit/WebKitBuild/TSan/JavaScriptCore/PrivateHeaders/JavaScriptCore/JSCellInlines.h:212:63 (jsc+0x252e3a)
    #12 void* JSC::allocateCell<JSC::JSArray>(JSC::VM&, JSC::GCDeferralContext*, unsigned long) /root/WebKit/WebKitBuild/TSan/JavaScriptCore/PrivateHeaders/JavaScriptCore/JSCellInlines.h:244:12 (jsc+0x252e3a)
    #13 JSC::JSArray::createWithButterfly(JSC::VM&, JSC::GCDeferralContext*, JSC::Structure*, JSC::Butterfly*) /root/WebKit/Source/JavaScriptCore/runtime/JSArray.h:244:36 (jsc+0x252a50)
    #14 JSC::JSArray::tryCreate(JSC::VM&, JSC::Structure*, unsigned int, unsigned int) /root/WebKit/Source/JavaScriptCore/runtime/JSArrayInlines.h:78:12 (jsc+0x252a50)
    #15 JSC::JSArray::tryCreate(JSC::VM&, JSC::Structure*, unsigned int) /root/WebKit/Source/JavaScriptCore/runtime/JSArrayInlines.h:83:12 (jsc+0x7db016)
    #16 JSC::constructEmptyArray(JSC::JSGlobalObject*, JSC::ArrayAllocationProfile*, unsigned int, JSC::JSValue) /root/WebKit/Source/JavaScriptCore/runtime/JSGlobalObjectInlines.h:290:23 (jsc+0x7db016)
    #17 JSC::constructArrayWithSizeQuirk(JSC::JSGlobalObject*, JSC::ArrayAllocationProfile*, JSC::JSValue, JSC::JSValue) /root/WebKit/Source/JavaScriptCore/runtime/ArrayConstructor.cpp:91:5 (jsc+0x12ff384)
    #18 operationNewArrayWithSizeAndProfile /root/WebKit/Source/JavaScriptCore/jit/JITOperations.cpp:2720:5 (jsc+0xfbd86d)
    #19 <null> <null> (0x7f105520a6d0)
    #20 JSC::Interpreter::executeCall(JSC::JSObject*, JSC::CallData const&, JSC::JSValue, JSC::JSCell*, JSC::ArgList const&) /root/WebKit/Source/JavaScriptCore/interpreter/Interpreter.cpp (jsc+0xe8b88d)
    #21 JSC::call(JSC::JSGlobalObject*, JSC::JSValue, JSC::CallData const&, JSC::JSValue, JSC::ArgList const&) /root/WebKit/Source/JavaScriptCore/runtime/CallData.cpp:70:27 (jsc+0x1360d91)
    #22 JSC::call(JSC::JSGlobalObject*, JSC::JSValue, JSC::CallData const&, JSC::JSValue, JSC::ArgList const&, WTF::NakedPtr<JSC::Exception>&) /root/WebKit/Source/JavaScriptCore/runtime/CallData.cpp:77:22 (jsc+0x1360d91)
    #23 JSC::threadMain(JSC::VM&, WTF::Ref<JSC::ThreadState, WTF::RawPtrTraits<JSC::ThreadState>, WTF::DefaultRefDerefTraits<JSC::ThreadState>>) /root/WebKit/Source/JavaScriptCore/runtime/ThreadObject.cpp:241:30 (jsc+0x19a4ddc)
    #24 JSC::constructThread(JSC::JSGlobalObject*, JSC::CallFrame*)::$_0::operator()() /root/WebKit/Source/JavaScriptCore/runtime/ThreadObject.cpp:468:9 (jsc+0x19a4ddc)
    #25 WTF::Detail::CallableWrapper<JSC::constructThread(JSC::JSGlobalObject*, JSC::CallFrame*)::$_0, void>::call() /root/WebKit/WebKitBuild/TSan/WTF/Headers/wtf/Function.h:59:39 (jsc+0x19a4ddc)
    #26 WTF::Function<void ()>::operator()() const /root/WebKit/Source/WTF/wtf/Function.h:103:35 (jsc+0x25b59c5)
    #27 WTF::Thread::entryPoint(WTF::Thread::NewThreadContext*) /root/WebKit/Source/WTF/wtf/Threading.cpp:312:5 (jsc+0x25b59c5)
    #28 WTF::wtfThreadEntryPoint(void*) /root/WebKit/Source/WTF/wtf/posix/ThreadingPOSIX.cpp:264:5 (jsc+0x260f949)

  Location is heap block of size 16384 at 0x72a0007b0000 allocated by thread T4:
    #0 aligned_alloc /home/runner/work/llvm-project/llvm-project/compiler-rt/lib/tsan/rtl/tsan_interceptors_posix.cpp:885:3 (jsc+0x13f40e)
    #1 bmalloc::api::tryMemalign(unsigned long, unsigned long, bmalloc::CompactAllocationMode, bmalloc::HeapKind) /root/WebKit/WebKitBuild/TSan/bmalloc/Headers/bmalloc/bmalloc.h:158:12 (jsc+0x2598e50)
    #2 WTF::tryFastCompactAlignedMalloc(unsigned long, unsigned long) /root/WebKit/Source/WTF/wtf/FastMalloc.cpp:553:20 (jsc+0x2598e50)
    #3 JSC::FastMallocAlignedMemoryAllocator::tryAllocateAlignedMemory(unsigned long, unsigned long) /root/WebKit/Source/JavaScriptCore/heap/FastMallocAlignedMemoryAllocator.cpp:47:12 (jsc+0xdbd320)
    #4 JSC::MarkedBlock::tryCreate(JSC::Heap&, JSC::AlignedMemoryAllocator*) /root/WebKit/Source/JavaScriptCore/heap/MarkedBlock.cpp:138:48 (jsc+0xe49ff8)
    #5 JSC::BlockDirectory::tryAllocateBlock(WTF::AbstractLocker const&, JSC::Heap&) /root/WebKit/Source/JavaScriptCore/heap/BlockDirectory.cpp:154:35 (jsc+0xdb451d)
    #6 JSC::LocalAllocator::allocateSlowCase(JSC::Heap&, unsigned long, JSC::GCDeferralContext*, JSC::AllocationFailureMode) /root/WebKit/Source/JavaScriptCore/heap/LocalAllocator.cpp:221:47 (jsc+0xe44dbe)
    #7 JSC::LocalAllocator::allocate(JSC::Heap&, unsigned long, JSC::GCDeferralContext*, JSC::AllocationFailureMode)::'lambda'()::operator()() const /root/WebKit/WebKitBuild/TSan/JavaScriptCore/PrivateHeaders/JavaScriptCore/LocalAllocatorInlines.h:53:43 (jsc+0x1d135e)
    #8 JSC::HeapCell* JSC::FreeList::allocateWithCellSize<JSC::LocalAllocator::allocate(JSC::Heap&, unsigned long, JSC::GCDeferralContext*, JSC::AllocationFailureMode)::'lambda'()>(JSC::LocalAllocator::allocate(JSC::Heap&, unsigned long, JSC::GCDeferralContext*, JSC::AllocationFailureMode)::'lambda'() const&, unsigned long) /root/WebKit/WebKitBuild/TSan/JavaScriptCore/PrivateHeaders/JavaScriptCore/FreeListInlines.h:46:16 (jsc+0x252e3a)
    #9 JSC::LocalAllocator::allocate(JSC::Heap&, unsigned long, JSC::GCDeferralContext*, JSC::AllocationFailureMode) /root/WebKit/WebKitBuild/TSan/JavaScriptCore/PrivateHeaders/JavaScriptCore/LocalAllocatorInlines.h:50:23 (jsc+0x252e3a)
    #10 JSC::GCClient::IsoSubspace::allocate(JSC::VM&, unsigned long, JSC::GCDeferralContext*, JSC::AllocationFailureMode) /root/WebKit/WebKitBuild/TSan/JavaScriptCore/PrivateHeaders/JavaScriptCore/IsoSubspaceInlines.h:42:29 (jsc+0x252e3a)
    #11 void* JSC::tryAllocateCellHelper<JSC::JSArray, (JSC::AllocationFailureMode)0>(JSC::VM&, unsigned long, JSC::GCDeferralContext*) /root/WebKit/WebKitBuild/TSan/JavaScriptCore/PrivateHeaders/JavaScriptCore/JSCellInlines.h:212:63 (jsc+0x252e3a)
    #12 void* JSC::allocateCell<JSC::JSArray>(JSC::VM&, JSC::GCDeferralContext*, unsigned long) /root/WebKit/WebKitBuild/TSan/JavaScriptCore/PrivateHeaders/JavaScriptCore/JSCellInlines.h:244:12 (jsc+0x252e3a)
    #13 JSC::JSArray::createWithButterfly(JSC::VM&, JSC::GCDeferralContext*, JSC::Structure*, JSC::Butterfly*) /root/WebKit/Source/JavaScriptCore/runtime/JSArray.h:244:36 (jsc+0x252a50)
    #14 JSC::JSArray::tryCreate(JSC::VM&, JSC::Structure*, unsigned int, unsigned int) /root/WebKit/Source/JavaScriptCore/runtime/JSArrayInlines.h:78:12 (jsc+0x252a50)
    #15 JSC::JSArray::tryCreate(JSC::VM&, JSC::Structure*, unsigned int) /root/WebKit/Source/JavaScriptCore/runtime/JSArrayInlines.h:83:12 (jsc+0x7db016)
    #16 JSC::constructEmptyArray(JSC::JSGlobalObject*, JSC::ArrayAllocationProfile*, unsigned int, JSC::JSValue) /root/WebKit/Source/JavaScriptCore/runtime/JSGlobalObjectInlines.h:290:23 (jsc+0x7db016)
    #17 JSC::constructArrayWithSizeQuirk(JSC::JSGlobalObject*, JSC::ArrayAllocationProfile*, JSC::JSValue, JSC::JSValue) /root/WebKit/Source/JavaScriptCore/runtime/ArrayConstructor.cpp:91:5 (jsc+0x12ff384)
    #18 operationNewArrayWithSizeAndProfile /root/WebKit/Source/JavaScriptCore/jit/JITOperations.cpp:2720:5 (jsc+0xfbd86d)
    #19 <null> <null> (0x7f105520a6d0)
    #20 JSC::Interpreter::executeCall(JSC::JSObject*, JSC::CallData const&, JSC::JSValue, JSC::JSCell*, JSC::ArgList const&) /root/WebKit/Source/JavaScriptCore/interpreter/Interpreter.cpp (jsc+0xe8b88d)
    #21 JSC::call(JSC::JSGlobalObject*, JSC::JSValue, JSC::CallData const&, JSC::JSValue, JSC::ArgList const&) /root/WebKit/Source/JavaScriptCore/runtime/CallData.cpp:70:27 (jsc+0x1360d91)
    #22 JSC::call(JSC::JSGlobalObject*, JSC::JSValue, JSC::CallData const&, JSC::JSValue, JSC::ArgList const&, WTF::NakedPtr<JSC::Exception>&) /root/WebKit/Source/JavaScriptCore/runtime/CallData.cpp:77:22 (jsc+0x1360d91)
    #23 JSC::threadMain(JSC::VM&, WTF::Ref<JSC::ThreadState, WTF::RawPtrTraits<JSC::ThreadState>, WTF::DefaultRefDerefTraits<JSC::ThreadState>>) /root/WebKit/Source/JavaScriptCore/runtime/ThreadObject.cpp:241:30 (jsc+0x19a4ddc)
    #24 JSC::constructThread(JSC::JSGlobalObject*, JSC::CallFrame*)::$_0::operator()() /root/WebKit/Source/JavaScriptCore/runtime/ThreadObject.cpp:468:9 (jsc+0x19a4ddc)
    #25 WTF::Detail::CallableWrapper<JSC::constructThread(JSC::JSGlobalObject*, JSC::CallFrame*)::$_0, void>::call() /root/WebKit/WebKitBuild/TSan/WTF/Headers/wtf/Function.h:59:39 (jsc+0x19a4ddc)
    #26 WTF::Function<void ()>::operator()() const /root/WebKit/Source/WTF/wtf/Function.h:103:35 (jsc+0x25b59c5)
    #27 WTF::Thread::entryPoint(WTF::Thread::NewThreadContext*) /root/WebKit/Source/WTF/wtf/Threading.cpp:312:5 (jsc+0x25b59c5)
    #28 WTF::wtfThreadEntryPoint(void*) /root/WebKit/Source/WTF/wtf/posix/ThreadingPOSIX.cpp:264:5 (jsc+0x260f949)

  Thread T5 'JS Thread' (tid=2801114, running) created by main thread at:
    #0 pthread_create /home/runner/work/llvm-project/llvm-project/compiler-rt/lib/tsan/rtl/tsan_interceptors_posix.cpp:1090:3 (jsc+0x13ff1a)
    #1 WTF::Thread::establishHandle(WTF::Thread::NewThreadContext&, WTF::StackAllocationSpecification, WTF::ThreadQOS, WTF::ThreadSchedulingPolicy) /root/WebKit/Source/WTF/wtf/posix/ThreadingPOSIX.cpp:354:17 (jsc+0x260f835)
    #2 WTF::Thread::create(WTF::ASCIILiteral, WTF::Function<void ()>&&, WTF::ThreadType, WTF::ThreadQOS, WTF::ThreadSchedulingPolicy, WTF::StackAllocationSpecification) /root/WebKit/Source/WTF/wtf/Threading.cpp:330:32 (jsc+0x25b5d03)
    #3 JSC::constructThread(JSC::JSGlobalObject*, JSC::CallFrame*) /root/WebKit/Source/JavaScriptCore/runtime/ThreadObject.cpp:467:5 (jsc+0x199d36f)
    #4 <null> <null> (0x7f10551ff217)
    #5 JSC::evaluate(JSC::JSGlobalObject*, JSC::SourceCode const&, JSC::JSValue, WTF::NakedPtr<JSC::Exception>&) /root/WebKit/Source/JavaScriptCore/runtime/Completion.cpp:145:37 (jsc+0x13c3de3)
    #6 runWithOptions(GlobalObject*, CommandLine&, bool&) /root/WebKit/Source/JavaScriptCore/jsc.cpp:3957:35 (jsc+0x1cafc5)
    #7 jscmain(int, char**)::$_0::operator()(JSC::VM&, GlobalObject*, bool&) const /root/WebKit/Source/JavaScriptCore/jsc.cpp:4686:13 (jsc+0x1cafc5)
    #8 int runJSC<jscmain(int, char**)::$_0>(CommandLine const&, bool, jscmain(int, char**)::$_0 const&) /root/WebKit/Source/JavaScriptCore/jsc.cpp:4472:13 (jsc+0x1cafc5)
    #9 jscmain(int, char**) /root/WebKit/Source/JavaScriptCore/jsc.cpp:4679:18 (jsc+0x1cafc5)
    #10 main /root/WebKit/Source/JavaScriptCore/jsc.cpp:3715:15 (jsc+0x1c9803)

  Thread T4 'JS Thread' (tid=2801113, running) created by main thread at:
    #0 pthread_create /home/runner/work/llvm-project/llvm-project/compiler-rt/lib/tsan/rtl/tsan_interceptors_posix.cpp:1090:3 (jsc+0x13ff1a)
    #1 WTF::Thread::establishHandle(WTF::Thread::NewThreadContext&, WTF::StackAllocationSpecification, WTF::ThreadQOS, WTF::ThreadSchedulingPolicy) /root/WebKit/Source/WTF/wtf/posix/ThreadingPOSIX.cpp:354:17 (jsc+0x260f835)
    #2 WTF::Thread::create(WTF::ASCIILiteral, WTF::Function<void ()>&&, WTF::ThreadType, WTF::ThreadQOS, WTF::ThreadSchedulingPolicy, WTF::StackAllocationSpecification) /root/WebKit/Source/WTF/wtf/Threading.cpp:330:32 (jsc+0x25b5d03)
    #3 JSC::constructThread(JSC::JSGlobalObject*, JSC::CallFrame*) /root/WebKit/Source/JavaScriptCore/runtime/ThreadObject.cpp:467:5 (jsc+0x199d36f)
    #4 <null> <null> (0x7f10551ff217)
    #5 JSC::evaluate(JSC::JSGlobalObject*, JSC::SourceCode const&, JSC::JSValue, WTF::NakedPtr<JSC::Exception>&) /root/WebKit/Source/JavaScriptCore/runtime/Completion.cpp:145:37 (jsc+0x13c3de3)
    #6 runWithOptions(GlobalObject*, CommandLine&, bool&) /root/WebKit/Source/JavaScriptCore/jsc.cpp:3957:35 (jsc+0x1cafc5)
    #7 jscmain(int, char**)::$_0::operator()(JSC::VM&, GlobalObject*, bool&) const /root/WebKit/Source/JavaScriptCore/jsc.cpp:4686:13 (jsc+0x1cafc5)
    #8 int runJSC<jscmain(int, char**)::$_0>(CommandLine const&, bool, jscmain(int, char**)::$_0 const&) /root/WebKit/Source/JavaScriptCore/jsc.cpp:4472:13 (jsc+0x1cafc5)
    #9 jscmain(int, char**) /root/WebKit/Source/JavaScriptCore/jsc.cpp:4679:18 (jsc+0x1cafc5)
    #10 main /root/WebKit/Source/JavaScriptCore/jsc.cpp:3715:15 (jsc+0x1c9803)

SUMMARY: ThreadSanitizer: data race /root/WebKit/WebKitBuild/TSan/JavaScriptCore/PrivateHeaders/JavaScriptCore/JSCell.h:99:5 in unsigned char JSC::cellHeaderConcurrentLoad<unsigned char>(unsigned char const&)
==================
SCALING splay-like 2 1745.075
ThreadSanitizer: reported 2 warnings
