JSC: disabling useWasm under GIL-off (wasm glue still reads the raw VM-block exception word; not yet audited for UNGIL §A.1.3 COMPILED-FOR-VM; see AB-17 status block in VMEntryScope.cpp).
==================
WARNING: ThreadSanitizer: data race (pid=2802548)
  Atomic read of size 4 at 0x7208000173f0 by thread T5:
    #0 std::__atomic_base<unsigned int>::load(std::memory_order) const /usr/lib/gcc/x86_64-amazon-linux/14/../../../../include/c++/14/bits/atomic_base.h:501:9 (jsc+0x3b4d0a)
    #1 WTF::StringImplShape::hashAndFlags() const /root/WebKit/WebKitBuild/TSan/WTF/Headers/wtf/text/StringImpl.h:192:59 (jsc+0x3b4d0a)
    #2 WTF::StringImpl::isAtom() const /root/WebKit/WebKitBuild/TSan/WTF/Headers/wtf/text/StringImpl.h:368:34 (jsc+0x3b4d0a)
    #3 JSC::speculationFromCell(JSC::JSCell*) /root/WebKit/Source/JavaScriptCore/bytecode/SpeculatedType.cpp:609:23 (jsc+0x3b4d0a)
    #4 JSC::speculationFromValue(JSC::JSValue) /root/WebKit/Source/JavaScriptCore/bytecode/SpeculatedType.cpp:640:16 (jsc+0x3b4d0a)
    #5 JSC::ValueProfileBase<1u, 0u>::computeUpdatedPrediction(JSC::ConcurrentJSLocker const&) /root/WebKit/Source/JavaScriptCore/bytecode/ValueProfile.h:191:38 (jsc+0x2a07c4)
    #6 JSC::CodeBlock::valueProfilePredictionForBytecodeIndex(JSC::ConcurrentJSLocker const&, JSC::BytecodeIndex, JSC::JSValue*) /root/WebKit/Source/JavaScriptCore/bytecode/CodeBlock.cpp:3717:30 (jsc+0x2a07c4)
    #7 JSC::DFG::ByteCodeParser::getPredictionWithoutOSRExit(JSC::BytecodeIndex)::'lambda'(JSC::DFG::ByteCodeParser::InlineStackEntry*, JSC::CodeOrigin const&)::operator()(JSC::DFG::ByteCodeParser::InlineStackEntry*, JSC::CodeOrigin const&) const /root/WebKit/Source/JavaScriptCore/dfg/DFGByteCodeParser.cpp:999:41 (jsc+0x576ded)
    #8 JSC::DFG::ByteCodeParser::getPredictionWithoutOSRExit(JSC::BytecodeIndex) /root/WebKit/Source/JavaScriptCore/dfg/DFGByteCodeParser.cpp:1008:37 (jsc+0x56b4d5)
    #9 JSC::DFG::ByteCodeParser::getPrediction(JSC::BytecodeIndex) /root/WebKit/Source/JavaScriptCore/dfg/DFGByteCodeParser.cpp:1054:37 (jsc+0x555c32)
    #10 JSC::DFG::ByteCodeParser::getPrediction() /root/WebKit/Source/JavaScriptCore/dfg/DFGByteCodeParser.cpp:1072:16 (jsc+0x555c32)
    #11 JSC::DFG::ByteCodeParser::Terminality JSC::DFG::ByteCodeParser::handleCall<JSC::OpCall>(JSC::BaseInstruction<JSC::JSOpcodeTraits> const*, JSC::DFG::NodeType, JSC::CallMode, JSC::BytecodeIndex, JSC::DFG::Node*) /root/WebKit/Source/JavaScriptCore/dfg/DFGByteCodeParser.cpp:1471:111 (jsc+0x555c32)
    #12 JSC::DFG::ByteCodeParser::parseBlock(unsigned int) /root/WebKit/Source/JavaScriptCore/dfg/DFGByteCodeParser.cpp:9549:13 (jsc+0x52a0ed)
    #13 JSC::DFG::ByteCodeParser::parseCodeBlock() /root/WebKit/Source/JavaScriptCore/dfg/DFGByteCodeParser.cpp:10992:13 (jsc+0x563957)
    #14 JSC::DFG::ByteCodeParser::parse() /root/WebKit/Source/JavaScriptCore/dfg/DFGByteCodeParser.cpp:13043:5 (jsc+0x56d8ce)
    #15 JSC::DFG::parse(JSC::DFG::Graph&) /root/WebKit/Source/JavaScriptCore/dfg/DFGByteCodeParser.cpp:13083:34 (jsc+0x56df55)
    #16 JSC::DFG::Plan::compileInThreadImpl() /root/WebKit/Source/JavaScriptCore/dfg/DFGPlan.cpp:255:14 (jsc+0x8b07e0)
    #17 JSC::JITPlan::compileInThread(JSC::JITWorklistThread*) /root/WebKit/Source/JavaScriptCore/jit/JITPlan.cpp:283:28 (jsc+0xfded9d)
    #18 JSC::JITWorklistThread::work() /root/WebKit/Source/JavaScriptCore/jit/JITWorklistThread.cpp:145:13 (jsc+0x104970b)
    #19 WTF::AutomaticThread::start(WTF::AbstractLocker const&)::$_0::operator()() const /root/WebKit/Source/WTF/wtf/AutomaticThread.cpp:260:37 (jsc+0x258aaac)
    #20 WTF::Detail::CallableWrapper<WTF::AutomaticThread::start(WTF::AbstractLocker const&)::$_0, void>::call() /root/WebKit/Source/WTF/wtf/Function.h:59:39 (jsc+0x258aaac)
    #21 WTF::Function<void ()>::operator()() const /root/WebKit/Source/WTF/wtf/Function.h:103:35 (jsc+0x25b59c5)
    #22 WTF::Thread::entryPoint(WTF::Thread::NewThreadContext*) /root/WebKit/Source/WTF/wtf/Threading.cpp:312:5 (jsc+0x25b59c5)
    #23 WTF::wtfThreadEntryPoint(void*) /root/WebKit/Source/WTF/wtf/posix/ThreadingPOSIX.cpp:264:5 (jsc+0x260f949)

  Previous write of size 8 at 0x7208000173f0 by thread T2:
    #0 malloc /home/runner/work/llvm-project/llvm-project/compiler-rt/lib/tsan/rtl/tsan_interceptors_posix.cpp:682:5 (jsc+0x13dc20)
    #1 bmalloc::api::tryMalloc(unsigned long, bmalloc::CompactAllocationMode, bmalloc::HeapKind) /root/WebKit/WebKitBuild/TSan/bmalloc/Headers/bmalloc/bmalloc.h:76:12 (jsc+0x2598e8d)
    #2 WTF::tryFastCompactMalloc(unsigned long) /root/WebKit/Source/WTF/wtf/FastMalloc.cpp:566:20 (jsc+0x2598e8d)
    #3 WTF::FastCompactMalloc::tryMalloc(unsigned long) /root/WebKit/WebKitBuild/TSan/WTF/Headers/wtf/FastMalloc.h:291:23 (jsc+0x18fd524)
    #4 WTF::RefPtr<WTF::StringImpl, WTF::RawPtrTraits<WTF::StringImpl>, WTF::DefaultRefDerefTraits<WTF::StringImpl>> WTF::StringImpl::tryCreateUninitialized<unsigned char>(unsigned long, std::span<unsigned char, 18446744073709551615ul>&) /root/WebKit/WebKitBuild/TSan/WTF/Headers/wtf/text/StringImpl.h:1226:64 (jsc+0x18fd524)
    #5 JSC::jsSpliceSubstringsWithSeparator(JSC::JSGlobalObject*, JSC::JSString*, WTF::String const&, WTF::Range<int> const*, int, WTF::String const&, int) /root/WebKit/Source/JavaScriptCore/runtime/StringPrototypeInlines.h:255:21 (jsc+0x18fd524)
    #6 JSC::replaceAllWithStringUsingRegExpSearchNoBackreferences(JSC::VM&, JSC::JSGlobalObject*, JSC::JSString*, WTF::String const&, JSC::RegExp*, WTF::String const&) /root/WebKit/Source/JavaScriptCore/runtime/StringPrototypeInlines.h:1227:5 (jsc+0x18fcdb3)
    #7 JSC::replaceAllWithStringUsingRegExpSearch(JSC::VM&, JSC::JSGlobalObject*, JSC::JSString*, WTF::String const&, JSC::RegExp*, WTF::String const&) /root/WebKit/Source/JavaScriptCore/runtime/StringPrototypeInlines.h:1236:9 (jsc+0x18ee8cb)
    #8 JSC::replaceUsingRegExpSearch(JSC::VM&, JSC::JSGlobalObject*, JSC::JSString*, JSC::JSValue, JSC::CallData const&, WTF::String const&, JSC::JSValue) /root/WebKit/Source/JavaScriptCore/runtime/StringPrototype.cpp:382:13 (jsc+0x18eb14c)
    #9 JSC::replaceUsingRegExpSearch(JSC::VM&, JSC::JSGlobalObject*, JSC::JSString*, JSC::JSValue, JSC::JSValue) /root/WebKit/Source/JavaScriptCore/runtime/StringPrototype.cpp:597:5 (jsc+0x18ef339)
    #10 JSC::stringProtoFuncReplace(JSC::JSGlobalObject*, JSC::CallFrame*) /root/WebKit/Source/JavaScriptCore/runtime/StringPrototype.cpp:618:13 (jsc+0x18cddaa)
    #11 <null> <null> (0x7f90401ff157)
    #12 JSC::replaceUsingRegExpSearch(JSC::VM&, JSC::JSGlobalObject*, JSC::JSString*, JSC::JSValue, JSC::JSValue) /root/WebKit/Source/JavaScriptCore/runtime/StringPrototype.cpp:597:5 (jsc+0x18ef339)
    #13 JSC::stringProtoFuncReplace(JSC::JSGlobalObject*, JSC::CallFrame*) /root/WebKit/Source/JavaScriptCore/runtime/StringPrototype.cpp:618:13 (jsc+0x18cddaa)
    #14 <null> <null> (0x7f90401ff157)
    #15 JSC::Interpreter::executeCall(JSC::JSObject*, JSC::CallData const&, JSC::JSValue, JSC::JSCell*, JSC::ArgList const&) /root/WebKit/Source/JavaScriptCore/interpreter/Interpreter.cpp (jsc+0xe8b88d)
    #16 JSC::call(JSC::JSGlobalObject*, JSC::JSValue, JSC::CallData const&, JSC::JSValue, JSC::ArgList const&) /root/WebKit/Source/JavaScriptCore/runtime/CallData.cpp:70:27 (jsc+0x1360d91)
    #17 JSC::call(JSC::JSGlobalObject*, JSC::JSValue, JSC::CallData const&, JSC::JSValue, JSC::ArgList const&, WTF::NakedPtr<JSC::Exception>&) /root/WebKit/Source/JavaScriptCore/runtime/CallData.cpp:77:22 (jsc+0x1360d91)
    #18 JSC::threadMain(JSC::VM&, WTF::Ref<JSC::ThreadState, WTF::RawPtrTraits<JSC::ThreadState>, WTF::DefaultRefDerefTraits<JSC::ThreadState>>) /root/WebKit/Source/JavaScriptCore/runtime/ThreadObject.cpp:241:30 (jsc+0x19a4ddc)
    #19 JSC::constructThread(JSC::JSGlobalObject*, JSC::CallFrame*)::$_0::operator()() /root/WebKit/Source/JavaScriptCore/runtime/ThreadObject.cpp:468:9 (jsc+0x19a4ddc)
    #20 WTF::Detail::CallableWrapper<JSC::constructThread(JSC::JSGlobalObject*, JSC::CallFrame*)::$_0, void>::call() /root/WebKit/WebKitBuild/TSan/WTF/Headers/wtf/Function.h:59:39 (jsc+0x19a4ddc)
    #21 WTF::Function<void ()>::operator()() const /root/WebKit/Source/WTF/wtf/Function.h:103:35 (jsc+0x25b59c5)
    #22 WTF::Thread::entryPoint(WTF::Thread::NewThreadContext*) /root/WebKit/Source/WTF/wtf/Threading.cpp:312:5 (jsc+0x25b59c5)
    #23 WTF::wtfThreadEntryPoint(void*) /root/WebKit/Source/WTF/wtf/posix/ThreadingPOSIX.cpp:264:5 (jsc+0x260f949)

  Location is heap block of size 23 at 0x7208000173e0 allocated by thread T2:
    #0 malloc /home/runner/work/llvm-project/llvm-project/compiler-rt/lib/tsan/rtl/tsan_interceptors_posix.cpp:682:5 (jsc+0x13dc20)
    #1 bmalloc::api::tryMalloc(unsigned long, bmalloc::CompactAllocationMode, bmalloc::HeapKind) /root/WebKit/WebKitBuild/TSan/bmalloc/Headers/bmalloc/bmalloc.h:76:12 (jsc+0x2598e8d)
    #2 WTF::tryFastCompactMalloc(unsigned long) /root/WebKit/Source/WTF/wtf/FastMalloc.cpp:566:20 (jsc+0x2598e8d)
    #3 WTF::FastCompactMalloc::tryMalloc(unsigned long) /root/WebKit/WebKitBuild/TSan/WTF/Headers/wtf/FastMalloc.h:291:23 (jsc+0x18fd524)
    #4 WTF::RefPtr<WTF::StringImpl, WTF::RawPtrTraits<WTF::StringImpl>, WTF::DefaultRefDerefTraits<WTF::StringImpl>> WTF::StringImpl::tryCreateUninitialized<unsigned char>(unsigned long, std::span<unsigned char, 18446744073709551615ul>&) /root/WebKit/WebKitBuild/TSan/WTF/Headers/wtf/text/StringImpl.h:1226:64 (jsc+0x18fd524)
    #5 JSC::jsSpliceSubstringsWithSeparator(JSC::JSGlobalObject*, JSC::JSString*, WTF::String const&, WTF::Range<int> const*, int, WTF::String const&, int) /root/WebKit/Source/JavaScriptCore/runtime/StringPrototypeInlines.h:255:21 (jsc+0x18fd524)
    #6 JSC::replaceAllWithStringUsingRegExpSearchNoBackreferences(JSC::VM&, JSC::JSGlobalObject*, JSC::JSString*, WTF::String const&, JSC::RegExp*, WTF::String const&) /root/WebKit/Source/JavaScriptCore/runtime/StringPrototypeInlines.h:1227:5 (jsc+0x18fcdb3)
    #7 JSC::replaceAllWithStringUsingRegExpSearch(JSC::VM&, JSC::JSGlobalObject*, JSC::JSString*, WTF::String const&, JSC::RegExp*, WTF::String const&) /root/WebKit/Source/JavaScriptCore/runtime/StringPrototypeInlines.h:1236:9 (jsc+0x18ee8cb)
    #8 JSC::replaceUsingRegExpSearch(JSC::VM&, JSC::JSGlobalObject*, JSC::JSString*, JSC::JSValue, JSC::CallData const&, WTF::String const&, JSC::JSValue) /root/WebKit/Source/JavaScriptCore/runtime/StringPrototype.cpp:382:13 (jsc+0x18eb14c)
    #9 JSC::replaceUsingRegExpSearch(JSC::VM&, JSC::JSGlobalObject*, JSC::JSString*, JSC::JSValue, JSC::JSValue) /root/WebKit/Source/JavaScriptCore/runtime/StringPrototype.cpp:597:5 (jsc+0x18ef339)
    #10 JSC::stringProtoFuncReplace(JSC::JSGlobalObject*, JSC::CallFrame*) /root/WebKit/Source/JavaScriptCore/runtime/StringPrototype.cpp:618:13 (jsc+0x18cddaa)
    #11 <null> <null> (0x7f90401ff157)
    #12 JSC::replaceUsingRegExpSearch(JSC::VM&, JSC::JSGlobalObject*, JSC::JSString*, JSC::JSValue, JSC::JSValue) /root/WebKit/Source/JavaScriptCore/runtime/StringPrototype.cpp:597:5 (jsc+0x18ef339)
    #13 JSC::stringProtoFuncReplace(JSC::JSGlobalObject*, JSC::CallFrame*) /root/WebKit/Source/JavaScriptCore/runtime/StringPrototype.cpp:618:13 (jsc+0x18cddaa)
    #14 <null> <null> (0x7f90401ff157)
    #15 JSC::Interpreter::executeCall(JSC::JSObject*, JSC::CallData const&, JSC::JSValue, JSC::JSCell*, JSC::ArgList const&) /root/WebKit/Source/JavaScriptCore/interpreter/Interpreter.cpp (jsc+0xe8b88d)
    #16 JSC::call(JSC::JSGlobalObject*, JSC::JSValue, JSC::CallData const&, JSC::JSValue, JSC::ArgList const&) /root/WebKit/Source/JavaScriptCore/runtime/CallData.cpp:70:27 (jsc+0x1360d91)
    #17 JSC::call(JSC::JSGlobalObject*, JSC::JSValue, JSC::CallData const&, JSC::JSValue, JSC::ArgList const&, WTF::NakedPtr<JSC::Exception>&) /root/WebKit/Source/JavaScriptCore/runtime/CallData.cpp:77:22 (jsc+0x1360d91)
    #18 JSC::threadMain(JSC::VM&, WTF::Ref<JSC::ThreadState, WTF::RawPtrTraits<JSC::ThreadState>, WTF::DefaultRefDerefTraits<JSC::ThreadState>>) /root/WebKit/Source/JavaScriptCore/runtime/ThreadObject.cpp:241:30 (jsc+0x19a4ddc)
    #19 JSC::constructThread(JSC::JSGlobalObject*, JSC::CallFrame*)::$_0::operator()() /root/WebKit/Source/JavaScriptCore/runtime/ThreadObject.cpp:468:9 (jsc+0x19a4ddc)
    #20 WTF::Detail::CallableWrapper<JSC::constructThread(JSC::JSGlobalObject*, JSC::CallFrame*)::$_0, void>::call() /root/WebKit/WebKitBuild/TSan/WTF/Headers/wtf/Function.h:59:39 (jsc+0x19a4ddc)
    #21 WTF::Function<void ()>::operator()() const /root/WebKit/Source/WTF/wtf/Function.h:103:35 (jsc+0x25b59c5)
    #22 WTF::Thread::entryPoint(WTF::Thread::NewThreadContext*) /root/WebKit/Source/WTF/wtf/Threading.cpp:312:5 (jsc+0x25b59c5)
    #23 WTF::wtfThreadEntryPoint(void*) /root/WebKit/Source/WTF/wtf/posix/ThreadingPOSIX.cpp:264:5 (jsc+0x260f949)

  Thread T5 'JITWorker' (tid=2802588, running) created by thread T4 at:
    #0 pthread_create /home/runner/work/llvm-project/llvm-project/compiler-rt/lib/tsan/rtl/tsan_interceptors_posix.cpp:1090:3 (jsc+0x13ff1a)
    #1 WTF::Thread::establishHandle(WTF::Thread::NewThreadContext&, WTF::StackAllocationSpecification, WTF::ThreadQOS, WTF::ThreadSchedulingPolicy) /root/WebKit/Source/WTF/wtf/posix/ThreadingPOSIX.cpp:354:17 (jsc+0x260f835)
    #2 WTF::Thread::create(WTF::ASCIILiteral, WTF::Function<void ()>&&, WTF::ThreadType, WTF::ThreadQOS, WTF::ThreadSchedulingPolicy, WTF::StackAllocationSpecification) /root/WebKit/Source/WTF/wtf/Threading.cpp:330:32 (jsc+0x25b5d03)
    #3 WTF::AutomaticThread::start(WTF::AbstractLocker const&) /root/WebKit/Source/WTF/wtf/AutomaticThread.cpp:189:5 (jsc+0x2589529)
    #4 WTF::AutomaticThreadCondition::notifyOne(WTF::AbstractLocker const&) /root/WebKit/Source/WTF/wtf/AutomaticThread.cpp:60:21 (jsc+0x2589329)
    #5 JSC::JITWorklist::wakeThreads(WTF::AbstractLocker const&, unsigned int) /root/WebKit/Source/JavaScriptCore/jit/JITWorklist.cpp:162:25 (jsc+0x1043a26)
    #6 JSC::JITWorklist::enqueue(WTF::Ref<JSC::JITPlan, WTF::RawPtrTraits<JSC::JITPlan>, WTF::DefaultRefDerefTraits<JSC::JITPlan>>) /root/WebKit/Source/JavaScriptCore/jit/JITWorklist.cpp:245:5 (jsc+0x1044292)
    #7 JSC::LLInt::jitCompileAndSetHeuristics(JSC::VM&, JSC::CodeBlock*) /root/WebKit/Source/JavaScriptCore/llint/LLIntSlowPaths.cpp:501:45 (jsc+0x107dfc7)
    #8 JSC::LLInt::entryOSR(JSC::CodeBlock*, char const*, JSC::LLInt::EntryKind) /root/WebKit/Source/JavaScriptCore/llint/LLIntSlowPaths.cpp:523:10 (jsc+0x107d202)
    #9 llint_entry_osr_function_for_call /root/WebKit/Source/JavaScriptCore/llint/LLIntSlowPaths.cpp:550:12 (jsc+0x107d462)
    #10 llint_function_for_call_prologue LowLevelInterpreter.cpp (jsc+0x1e0569e)
    #11 JSC::replaceUsingRegExpSearch(JSC::VM&, JSC::JSGlobalObject*, JSC::JSString*, JSC::JSValue, JSC::JSValue) /root/WebKit/Source/JavaScriptCore/runtime/StringPrototype.cpp:597:5 (jsc+0x18ef339)
    #12 JSC::stringProtoFuncReplace(JSC::JSGlobalObject*, JSC::CallFrame*) /root/WebKit/Source/JavaScriptCore/runtime/StringPrototype.cpp:618:13 (jsc+0x18cddaa)
    #13 <null> <null> (0x7f90401ff157)
    #14 JSC::Interpreter::executeCall(JSC::JSObject*, JSC::CallData const&, JSC::JSValue, JSC::JSCell*, JSC::ArgList const&) /root/WebKit/Source/JavaScriptCore/interpreter/Interpreter.cpp (jsc+0xe8b88d)
    #15 JSC::call(JSC::JSGlobalObject*, JSC::JSValue, JSC::CallData const&, JSC::JSValue, JSC::ArgList const&) /root/WebKit/Source/JavaScriptCore/runtime/CallData.cpp:70:27 (jsc+0x1360d91)
    #16 JSC::call(JSC::JSGlobalObject*, JSC::JSValue, JSC::CallData const&, JSC::JSValue, JSC::ArgList const&, WTF::NakedPtr<JSC::Exception>&) /root/WebKit/Source/JavaScriptCore/runtime/CallData.cpp:77:22 (jsc+0x1360d91)
    #17 JSC::threadMain(JSC::VM&, WTF::Ref<JSC::ThreadState, WTF::RawPtrTraits<JSC::ThreadState>, WTF::DefaultRefDerefTraits<JSC::ThreadState>>) /root/WebKit/Source/JavaScriptCore/runtime/ThreadObject.cpp:241:30 (jsc+0x19a4ddc)
    #18 JSC::constructThread(JSC::JSGlobalObject*, JSC::CallFrame*)::$_0::operator()() /root/WebKit/Source/JavaScriptCore/runtime/ThreadObject.cpp:468:9 (jsc+0x19a4ddc)
    #19 WTF::Detail::CallableWrapper<JSC::constructThread(JSC::JSGlobalObject*, JSC::CallFrame*)::$_0, void>::call() /root/WebKit/WebKitBuild/TSan/WTF/Headers/wtf/Function.h:59:39 (jsc+0x19a4ddc)
    #20 WTF::Function<void ()>::operator()() const /root/WebKit/Source/WTF/wtf/Function.h:103:35 (jsc+0x25b59c5)
    #21 WTF::Thread::entryPoint(WTF::Thread::NewThreadContext*) /root/WebKit/Source/WTF/wtf/Threading.cpp:312:5 (jsc+0x25b59c5)
    #22 WTF::wtfThreadEntryPoint(void*) /root/WebKit/Source/WTF/wtf/posix/ThreadingPOSIX.cpp:264:5 (jsc+0x260f949)

  Thread T2 'JS Thread' (tid=2802551, running) created by main thread at:
    #0 pthread_create /home/runner/work/llvm-project/llvm-project/compiler-rt/lib/tsan/rtl/tsan_interceptors_posix.cpp:1090:3 (jsc+0x13ff1a)
    #1 WTF::Thread::establishHandle(WTF::Thread::NewThreadContext&, WTF::StackAllocationSpecification, WTF::ThreadQOS, WTF::ThreadSchedulingPolicy) /root/WebKit/Source/WTF/wtf/posix/ThreadingPOSIX.cpp:354:17 (jsc+0x260f835)
    #2 WTF::Thread::create(WTF::ASCIILiteral, WTF::Function<void ()>&&, WTF::ThreadType, WTF::ThreadQOS, WTF::ThreadSchedulingPolicy, WTF::StackAllocationSpecification) /root/WebKit/Source/WTF/wtf/Threading.cpp:330:32 (jsc+0x25b5d03)
    #3 JSC::constructThread(JSC::JSGlobalObject*, JSC::CallFrame*) /root/WebKit/Source/JavaScriptCore/runtime/ThreadObject.cpp:467:5 (jsc+0x199d36f)
    #4 <null> <null> (0x7f90401ff217)
    #5 JSC::evaluate(JSC::JSGlobalObject*, JSC::SourceCode const&, JSC::JSValue, WTF::NakedPtr<JSC::Exception>&) /root/WebKit/Source/JavaScriptCore/runtime/Completion.cpp:145:37 (jsc+0x13c3de3)
    #6 runWithOptions(GlobalObject*, CommandLine&, bool&) /root/WebKit/Source/JavaScriptCore/jsc.cpp:3957:35 (jsc+0x1cafc5)
    #7 jscmain(int, char**)::$_0::operator()(JSC::VM&, GlobalObject*, bool&) const /root/WebKit/Source/JavaScriptCore/jsc.cpp:4686:13 (jsc+0x1cafc5)
    #8 int runJSC<jscmain(int, char**)::$_0>(CommandLine const&, bool, jscmain(int, char**)::$_0 const&) /root/WebKit/Source/JavaScriptCore/jsc.cpp:4472:13 (jsc+0x1cafc5)
    #9 jscmain(int, char**) /root/WebKit/Source/JavaScriptCore/jsc.cpp:4679:18 (jsc+0x1cafc5)
    #10 main /root/WebKit/Source/JavaScriptCore/jsc.cpp:3715:15 (jsc+0x1c9803)

SUMMARY: ThreadSanitizer: data race /root/WebKit/WebKitBuild/TSan/WTF/Headers/wtf/text/StringImpl.h:192:59 in WTF::StringImplShape::hashAndFlags() const
==================
==================
WARNING: ThreadSanitizer: data race (pid=2802548)
  Atomic read of size 1 at 0x72a00012c145 by thread T5:
    #0 JSC::JSType JSC::cellHeaderConcurrentLoad<JSC::JSType>(JSC::JSType const&) /root/WebKit/WebKitBuild/TSan/JavaScriptCore/PrivateHeaders/JavaScriptCore/JSCell.h:99:5 (jsc+0x3b4c5e)
    #1 JSC::JSCell::type() const /root/WebKit/WebKitBuild/TSan/JavaScriptCore/PrivateHeaders/JavaScriptCore/JSCell.h:212:34 (jsc+0x3b4c5e)
    #2 JSC::JSCell::isString() const /root/WebKit/WebKitBuild/TSan/JavaScriptCore/PrivateHeaders/JavaScriptCore/JSCell.h:185:36 (jsc+0x3b4c5e)
    #3 JSC::speculationFromCell(JSC::JSCell*) /root/WebKit/Source/JavaScriptCore/bytecode/SpeculatedType.cpp:602:15 (jsc+0x3b4c5e)
    #4 JSC::speculationFromValue(JSC::JSValue) /root/WebKit/Source/JavaScriptCore/bytecode/SpeculatedType.cpp:640:16 (jsc+0x3b4c5e)
    #5 JSC::ValueProfileBase<1u, 0u>::computeUpdatedPrediction(JSC::ConcurrentJSLocker const&) /root/WebKit/Source/JavaScriptCore/bytecode/ValueProfile.h:191:38 (jsc+0x2a07c4)
    #6 JSC::CodeBlock::valueProfilePredictionForBytecodeIndex(JSC::ConcurrentJSLocker const&, JSC::BytecodeIndex, JSC::JSValue*) /root/WebKit/Source/JavaScriptCore/bytecode/CodeBlock.cpp:3717:30 (jsc+0x2a07c4)
    #7 JSC::DFG::ByteCodeParser::getPredictionWithoutOSRExit(JSC::BytecodeIndex)::'lambda'(JSC::DFG::ByteCodeParser::InlineStackEntry*, JSC::CodeOrigin const&)::operator()(JSC::DFG::ByteCodeParser::InlineStackEntry*, JSC::CodeOrigin const&) const /root/WebKit/Source/JavaScriptCore/dfg/DFGByteCodeParser.cpp:999:41 (jsc+0x576ded)
    #8 JSC::DFG::ByteCodeParser::getPredictionWithoutOSRExit(JSC::BytecodeIndex) /root/WebKit/Source/JavaScriptCore/dfg/DFGByteCodeParser.cpp:1008:37 (jsc+0x56b4d5)
    #9 JSC::DFG::ByteCodeParser::getPredictionWithoutOSRExit() /root/WebKit/Source/JavaScriptCore/dfg/DFGByteCodeParser.cpp:1067:16 (jsc+0x538952)
    #10 JSC::DFG::ByteCodeParser::parseBlock(unsigned int) /root/WebKit/Source/JavaScriptCore/dfg/DFGByteCodeParser.cpp:8586:41 (jsc+0x538952)
    #11 JSC::DFG::ByteCodeParser::parseCodeBlock() /root/WebKit/Source/JavaScriptCore/dfg/DFGByteCodeParser.cpp:10992:13 (jsc+0x563957)
    #12 JSC::DFG::ByteCodeParser::parse() /root/WebKit/Source/JavaScriptCore/dfg/DFGByteCodeParser.cpp:13043:5 (jsc+0x56d8ce)
    #13 JSC::DFG::parse(JSC::DFG::Graph&) /root/WebKit/Source/JavaScriptCore/dfg/DFGByteCodeParser.cpp:13083:34 (jsc+0x56df55)
    #14 JSC::DFG::Plan::compileInThreadImpl() /root/WebKit/Source/JavaScriptCore/dfg/DFGPlan.cpp:255:14 (jsc+0x8b07e0)
    #15 JSC::JITPlan::compileInThread(JSC::JITWorklistThread*) /root/WebKit/Source/JavaScriptCore/jit/JITPlan.cpp:283:28 (jsc+0xfded9d)
    #16 JSC::JITWorklistThread::work() /root/WebKit/Source/JavaScriptCore/jit/JITWorklistThread.cpp:145:13 (jsc+0x104970b)
    #17 WTF::AutomaticThread::start(WTF::AbstractLocker const&)::$_0::operator()() const /root/WebKit/Source/WTF/wtf/AutomaticThread.cpp:260:37 (jsc+0x258aaac)
    #18 WTF::Detail::CallableWrapper<WTF::AutomaticThread::start(WTF::AbstractLocker const&)::$_0, void>::call() /root/WebKit/Source/WTF/wtf/Function.h:59:39 (jsc+0x258aaac)
    #19 WTF::Function<void ()>::operator()() const /root/WebKit/Source/WTF/wtf/Function.h:103:35 (jsc+0x25b59c5)
    #20 WTF::Thread::entryPoint(WTF::Thread::NewThreadContext*) /root/WebKit/Source/WTF/wtf/Threading.cpp:312:5 (jsc+0x25b59c5)
    #21 WTF::wtfThreadEntryPoint(void*) /root/WebKit/Source/WTF/wtf/posix/ThreadingPOSIX.cpp:264:5 (jsc+0x260f949)

  Previous write of size 8 at 0x72a00012c140 by thread T1:
    #0 aligned_alloc /home/runner/work/llvm-project/llvm-project/compiler-rt/lib/tsan/rtl/tsan_interceptors_posix.cpp:885:3 (jsc+0x13f40e)
    #1 bmalloc::api::tryMemalign(unsigned long, unsigned long, bmalloc::CompactAllocationMode, bmalloc::HeapKind) /root/WebKit/WebKitBuild/TSan/bmalloc/Headers/bmalloc/bmalloc.h:158:12 (jsc+0x2598e50)
    #2 WTF::tryFastCompactAlignedMalloc(unsigned long, unsigned long) /root/WebKit/Source/WTF/wtf/FastMalloc.cpp:553:20 (jsc+0x2598e50)
    #3 JSC::FastMallocAlignedMemoryAllocator::tryAllocateAlignedMemory(unsigned long, unsigned long) /root/WebKit/Source/JavaScriptCore/heap/FastMallocAlignedMemoryAllocator.cpp:47:12 (jsc+0xdbd320)
    #4 JSC::MarkedBlock::tryCreate(JSC::Heap&, JSC::AlignedMemoryAllocator*) /root/WebKit/Source/JavaScriptCore/heap/MarkedBlock.cpp:138:48 (jsc+0xe49ff8)
    #5 JSC::BlockDirectory::tryAllocateBlock(WTF::AbstractLocker const&, JSC::Heap&) /root/WebKit/Source/JavaScriptCore/heap/BlockDirectory.cpp:154:35 (jsc+0xdb451d)
    #6 JSC::LocalAllocator::allocateSlowCase(JSC::Heap&, unsigned long, JSC::GCDeferralContext*, JSC::AllocationFailureMode) /root/WebKit/Source/JavaScriptCore/heap/LocalAllocator.cpp:221:47 (jsc+0xe44dbe)
    #7 JSC::LocalAllocator::allocate(JSC::Heap&, unsigned long, JSC::GCDeferralContext*, JSC::AllocationFailureMode)::'lambda'()::operator()() const /root/WebKit/WebKitBuild/TSan/JavaScriptCore/PrivateHeaders/JavaScriptCore/LocalAllocatorInlines.h:53:43 (jsc+0x1d135e)
    #8 JSC::HeapCell* JSC::FreeList::allocateWithCellSize<JSC::LocalAllocator::allocate(JSC::Heap&, unsigned long, JSC::GCDeferralContext*, JSC::AllocationFailureMode)::'lambda'()>(JSC::LocalAllocator::allocate(JSC::Heap&, unsigned long, JSC::GCDeferralContext*, JSC::AllocationFailureMode)::'lambda'() const&, unsigned long) /root/WebKit/Source/JavaScriptCore/heap/FreeListInlines.h:46:16 (jsc+0x7d3b5e)
    #9 JSC::LocalAllocator::allocate(JSC::Heap&, unsigned long, JSC::GCDeferralContext*, JSC::AllocationFailureMode) /root/WebKit/Source/JavaScriptCore/heap/LocalAllocatorInlines.h:50:23 (jsc+0x7d3b5e)
    #10 JSC::GCClient::IsoSubspace::allocate(JSC::VM&, unsigned long, JSC::GCDeferralContext*, JSC::AllocationFailureMode) /root/WebKit/Source/JavaScriptCore/heap/IsoSubspaceInlines.h:42:29 (jsc+0x7d3b5e)
    #11 void* JSC::tryAllocateCellHelper<JSC::JSRopeString, (JSC::AllocationFailureMode)0>(JSC::VM&, unsigned long, JSC::GCDeferralContext*) /root/WebKit/Source/JavaScriptCore/runtime/JSCellInlines.h:212:63 (jsc+0x7d3b5e)
    #12 void* JSC::allocateCell<JSC::JSRopeString>(JSC::VM&, JSC::GCDeferralContext*, unsigned long) /root/WebKit/Source/JavaScriptCore/runtime/JSCellInlines.h:244:12 (jsc+0x7d3b5e)
    #13 JSC::JSRopeString::createSubstringOfResolved(JSC::VM&, JSC::GCDeferralContext*, JSC::JSString*, unsigned int, unsigned int, bool) /root/WebKit/WebKitBuild/TSan/JavaScriptCore/PrivateHeaders/JavaScriptCore/JSString.h:753:49 (jsc+0x7d30cb)
    #14 JSC::jsSubstringOfResolved(JSC::VM&, JSC::GCDeferralContext*, JSC::JSString*, unsigned int, unsigned int) /root/WebKit/Source/JavaScriptCore/runtime/JSStringInlines.h:913:12 (jsc+0x7d30cb)
    #15 JSC::createRegExpMatchesArrayForPlainRegExp(JSC::VM&, JSC::JSGlobalObject*, JSC::JSString*, JSC::MatchResult const&, std::span<int const, 18446744073709551615ul>, unsigned int) /root/WebKit/Source/JavaScriptCore/runtime/RegExpMatchesArray.h:98:21 (jsc+0x7d25c5)
    #16 JSC::createRegExpMatchesArray(JSC::VM&, JSC::JSGlobalObject*, JSC::JSString*, WTF::StringView, JSC::RegExp*, unsigned int, JSC::MatchResult&) /root/WebKit/Source/JavaScriptCore/runtime/RegExpMatchesArray.h:127:16 (jsc+0x766e4b)
    #17 JSC::RegExpObject::execInline(JSC::JSGlobalObject*, JSC::JSString*) /root/WebKit/Source/JavaScriptCore/runtime/RegExpObjectInlines.h:236:22 (jsc+0x765a68)
    #18 JSC::RegExpObject::exec(JSC::JSGlobalObject*, JSC::JSString*) /root/WebKit/Source/JavaScriptCore/runtime/RegExpObject.cpp:161:12 (jsc+0x1875b7f)
    #19 JSC::regExpProtoFuncExec(JSC::JSGlobalObject*, JSC::CallFrame*) /root/WebKit/Source/JavaScriptCore/runtime/RegExpPrototype.cpp:190:5 (jsc+0x1875b7f)
    #20 <null> <null> (0x7f90401ff157)
    #21 JSC::Interpreter::executeCall(JSC::JSObject*, JSC::CallData const&, JSC::JSValue, JSC::JSCell*, JSC::ArgList const&) /root/WebKit/Source/JavaScriptCore/interpreter/Interpreter.cpp (jsc+0xe8b88d)
    #22 JSC::call(JSC::JSGlobalObject*, JSC::JSValue, JSC::CallData const&, JSC::JSValue, JSC::ArgList const&) /root/WebKit/Source/JavaScriptCore/runtime/CallData.cpp:70:27 (jsc+0x1360d91)
    #23 JSC::call(JSC::JSGlobalObject*, JSC::JSValue, JSC::CallData const&, JSC::JSValue, JSC::ArgList const&, WTF::NakedPtr<JSC::Exception>&) /root/WebKit/Source/JavaScriptCore/runtime/CallData.cpp:77:22 (jsc+0x1360d91)
    #24 JSC::threadMain(JSC::VM&, WTF::Ref<JSC::ThreadState, WTF::RawPtrTraits<JSC::ThreadState>, WTF::DefaultRefDerefTraits<JSC::ThreadState>>) /root/WebKit/Source/JavaScriptCore/runtime/ThreadObject.cpp:241:30 (jsc+0x19a4ddc)
    #25 JSC::constructThread(JSC::JSGlobalObject*, JSC::CallFrame*)::$_0::operator()() /root/WebKit/Source/JavaScriptCore/runtime/ThreadObject.cpp:468:9 (jsc+0x19a4ddc)
    #26 WTF::Detail::CallableWrapper<JSC::constructThread(JSC::JSGlobalObject*, JSC::CallFrame*)::$_0, void>::call() /root/WebKit/WebKitBuild/TSan/WTF/Headers/wtf/Function.h:59:39 (jsc+0x19a4ddc)
    #27 WTF::Function<void ()>::operator()() const /root/WebKit/Source/WTF/wtf/Function.h:103:35 (jsc+0x25b59c5)
    #28 WTF::Thread::entryPoint(WTF::Thread::NewThreadContext*) /root/WebKit/Source/WTF/wtf/Threading.cpp:312:5 (jsc+0x25b59c5)
    #29 WTF::wtfThreadEntryPoint(void*) /root/WebKit/Source/WTF/wtf/posix/ThreadingPOSIX.cpp:264:5 (jsc+0x260f949)

  Location is heap block of size 16384 at 0x72a00012c000 allocated by thread T1:
    #0 aligned_alloc /home/runner/work/llvm-project/llvm-project/compiler-rt/lib/tsan/rtl/tsan_interceptors_posix.cpp:885:3 (jsc+0x13f40e)
    #1 bmalloc::api::tryMemalign(unsigned long, unsigned long, bmalloc::CompactAllocationMode, bmalloc::HeapKind) /root/WebKit/WebKitBuild/TSan/bmalloc/Headers/bmalloc/bmalloc.h:158:12 (jsc+0x2598e50)
    #2 WTF::tryFastCompactAlignedMalloc(unsigned long, unsigned long) /root/WebKit/Source/WTF/wtf/FastMalloc.cpp:553:20 (jsc+0x2598e50)
    #3 JSC::FastMallocAlignedMemoryAllocator::tryAllocateAlignedMemory(unsigned long, unsigned long) /root/WebKit/Source/JavaScriptCore/heap/FastMallocAlignedMemoryAllocator.cpp:47:12 (jsc+0xdbd320)
    #4 JSC::MarkedBlock::tryCreate(JSC::Heap&, JSC::AlignedMemoryAllocator*) /root/WebKit/Source/JavaScriptCore/heap/MarkedBlock.cpp:138:48 (jsc+0xe49ff8)
    #5 JSC::BlockDirectory::tryAllocateBlock(WTF::AbstractLocker const&, JSC::Heap&) /root/WebKit/Source/JavaScriptCore/heap/BlockDirectory.cpp:154:35 (jsc+0xdb451d)
    #6 JSC::LocalAllocator::allocateSlowCase(JSC::Heap&, unsigned long, JSC::GCDeferralContext*, JSC::AllocationFailureMode) /root/WebKit/Source/JavaScriptCore/heap/LocalAllocator.cpp:221:47 (jsc+0xe44dbe)
    #7 JSC::LocalAllocator::allocate(JSC::Heap&, unsigned long, JSC::GCDeferralContext*, JSC::AllocationFailureMode)::'lambda'()::operator()() const /root/WebKit/WebKitBuild/TSan/JavaScriptCore/PrivateHeaders/JavaScriptCore/LocalAllocatorInlines.h:53:43 (jsc+0x1d135e)
    #8 JSC::HeapCell* JSC::FreeList::allocateWithCellSize<JSC::LocalAllocator::allocate(JSC::Heap&, unsigned long, JSC::GCDeferralContext*, JSC::AllocationFailureMode)::'lambda'()>(JSC::LocalAllocator::allocate(JSC::Heap&, unsigned long, JSC::GCDeferralContext*, JSC::AllocationFailureMode)::'lambda'() const&, unsigned long) /root/WebKit/Source/JavaScriptCore/heap/FreeListInlines.h:46:16 (jsc+0x7d3b5e)
    #9 JSC::LocalAllocator::allocate(JSC::Heap&, unsigned long, JSC::GCDeferralContext*, JSC::AllocationFailureMode) /root/WebKit/Source/JavaScriptCore/heap/LocalAllocatorInlines.h:50:23 (jsc+0x7d3b5e)
    #10 JSC::GCClient::IsoSubspace::allocate(JSC::VM&, unsigned long, JSC::GCDeferralContext*, JSC::AllocationFailureMode) /root/WebKit/Source/JavaScriptCore/heap/IsoSubspaceInlines.h:42:29 (jsc+0x7d3b5e)
    #11 void* JSC::tryAllocateCellHelper<JSC::JSRopeString, (JSC::AllocationFailureMode)0>(JSC::VM&, unsigned long, JSC::GCDeferralContext*) /root/WebKit/Source/JavaScriptCore/runtime/JSCellInlines.h:212:63 (jsc+0x7d3b5e)
    #12 void* JSC::allocateCell<JSC::JSRopeString>(JSC::VM&, JSC::GCDeferralContext*, unsigned long) /root/WebKit/Source/JavaScriptCore/runtime/JSCellInlines.h:244:12 (jsc+0x7d3b5e)
    #13 JSC::JSRopeString::createSubstringOfResolved(JSC::VM&, JSC::GCDeferralContext*, JSC::JSString*, unsigned int, unsigned int, bool) /root/WebKit/WebKitBuild/TSan/JavaScriptCore/PrivateHeaders/JavaScriptCore/JSString.h:753:49 (jsc+0x7d30cb)
    #14 JSC::jsSubstringOfResolved(JSC::VM&, JSC::GCDeferralContext*, JSC::JSString*, unsigned int, unsigned int) /root/WebKit/Source/JavaScriptCore/runtime/JSStringInlines.h:913:12 (jsc+0x7d30cb)
    #15 JSC::createRegExpMatchesArrayForPlainRegExp(JSC::VM&, JSC::JSGlobalObject*, JSC::JSString*, JSC::MatchResult const&, std::span<int const, 18446744073709551615ul>, unsigned int) /root/WebKit/Source/JavaScriptCore/runtime/RegExpMatchesArray.h:98:21 (jsc+0x7d25c5)
    #16 JSC::createRegExpMatchesArray(JSC::VM&, JSC::JSGlobalObject*, JSC::JSString*, WTF::StringView, JSC::RegExp*, unsigned int, JSC::MatchResult&) /root/WebKit/Source/JavaScriptCore/runtime/RegExpMatchesArray.h:127:16 (jsc+0x766e4b)
    #17 JSC::RegExpObject::execInline(JSC::JSGlobalObject*, JSC::JSString*) /root/WebKit/Source/JavaScriptCore/runtime/RegExpObjectInlines.h:236:22 (jsc+0x765a68)
    #18 JSC::RegExpObject::exec(JSC::JSGlobalObject*, JSC::JSString*) /root/WebKit/Source/JavaScriptCore/runtime/RegExpObject.cpp:161:12 (jsc+0x1875b7f)
    #19 JSC::regExpProtoFuncExec(JSC::JSGlobalObject*, JSC::CallFrame*) /root/WebKit/Source/JavaScriptCore/runtime/RegExpPrototype.cpp:190:5 (jsc+0x1875b7f)
    #20 <null> <null> (0x7f90401ff157)
    #21 JSC::Interpreter::executeCall(JSC::JSObject*, JSC::CallData const&, JSC::JSValue, JSC::JSCell*, JSC::ArgList const&) /root/WebKit/Source/JavaScriptCore/interpreter/Interpreter.cpp (jsc+0xe8b88d)
    #22 JSC::call(JSC::JSGlobalObject*, JSC::JSValue, JSC::CallData const&, JSC::JSValue, JSC::ArgList const&) /root/WebKit/Source/JavaScriptCore/runtime/CallData.cpp:70:27 (jsc+0x1360d91)
    #23 JSC::call(JSC::JSGlobalObject*, JSC::JSValue, JSC::CallData const&, JSC::JSValue, JSC::ArgList const&, WTF::NakedPtr<JSC::Exception>&) /root/WebKit/Source/JavaScriptCore/runtime/CallData.cpp:77:22 (jsc+0x1360d91)
    #24 JSC::threadMain(JSC::VM&, WTF::Ref<JSC::ThreadState, WTF::RawPtrTraits<JSC::ThreadState>, WTF::DefaultRefDerefTraits<JSC::ThreadState>>) /root/WebKit/Source/JavaScriptCore/runtime/ThreadObject.cpp:241:30 (jsc+0x19a4ddc)
    #25 JSC::constructThread(JSC::JSGlobalObject*, JSC::CallFrame*)::$_0::operator()() /root/WebKit/Source/JavaScriptCore/runtime/ThreadObject.cpp:468:9 (jsc+0x19a4ddc)
    #26 WTF::Detail::CallableWrapper<JSC::constructThread(JSC::JSGlobalObject*, JSC::CallFrame*)::$_0, void>::call() /root/WebKit/WebKitBuild/TSan/WTF/Headers/wtf/Function.h:59:39 (jsc+0x19a4ddc)
    #27 WTF::Function<void ()>::operator()() const /root/WebKit/Source/WTF/wtf/Function.h:103:35 (jsc+0x25b59c5)
    #28 WTF::Thread::entryPoint(WTF::Thread::NewThreadContext*) /root/WebKit/Source/WTF/wtf/Threading.cpp:312:5 (jsc+0x25b59c5)
    #29 WTF::wtfThreadEntryPoint(void*) /root/WebKit/Source/WTF/wtf/posix/ThreadingPOSIX.cpp:264:5 (jsc+0x260f949)

  Thread T5 'JITWorker' (tid=2802588, running) created by thread T4 at:
    #0 pthread_create /home/runner/work/llvm-project/llvm-project/compiler-rt/lib/tsan/rtl/tsan_interceptors_posix.cpp:1090:3 (jsc+0x13ff1a)
    #1 WTF::Thread::establishHandle(WTF::Thread::NewThreadContext&, WTF::StackAllocationSpecification, WTF::ThreadQOS, WTF::ThreadSchedulingPolicy) /root/WebKit/Source/WTF/wtf/posix/ThreadingPOSIX.cpp:354:17 (jsc+0x260f835)
    #2 WTF::Thread::create(WTF::ASCIILiteral, WTF::Function<void ()>&&, WTF::ThreadType, WTF::ThreadQOS, WTF::ThreadSchedulingPolicy, WTF::StackAllocationSpecification) /root/WebKit/Source/WTF/wtf/Threading.cpp:330:32 (jsc+0x25b5d03)
    #3 WTF::AutomaticThread::start(WTF::AbstractLocker const&) /root/WebKit/Source/WTF/wtf/AutomaticThread.cpp:189:5 (jsc+0x2589529)
    #4 WTF::AutomaticThreadCondition::notifyOne(WTF::AbstractLocker const&) /root/WebKit/Source/WTF/wtf/AutomaticThread.cpp:60:21 (jsc+0x2589329)
    #5 JSC::JITWorklist::wakeThreads(WTF::AbstractLocker const&, unsigned int) /root/WebKit/Source/JavaScriptCore/jit/JITWorklist.cpp:162:25 (jsc+0x1043a26)
    #6 JSC::JITWorklist::enqueue(WTF::Ref<JSC::JITPlan, WTF::RawPtrTraits<JSC::JITPlan>, WTF::DefaultRefDerefTraits<JSC::JITPlan>>) /root/WebKit/Source/JavaScriptCore/jit/JITWorklist.cpp:245:5 (jsc+0x1044292)
    #7 JSC::LLInt::jitCompileAndSetHeuristics(JSC::VM&, JSC::CodeBlock*) /root/WebKit/Source/JavaScriptCore/llint/LLIntSlowPaths.cpp:501:45 (jsc+0x107dfc7)
    #8 JSC::LLInt::entryOSR(JSC::CodeBlock*, char const*, JSC::LLInt::EntryKind) /root/WebKit/Source/JavaScriptCore/llint/LLIntSlowPaths.cpp:523:10 (jsc+0x107d202)
    #9 llint_entry_osr_function_for_call /root/WebKit/Source/JavaScriptCore/llint/LLIntSlowPaths.cpp:550:12 (jsc+0x107d462)
    #10 llint_function_for_call_prologue LowLevelInterpreter.cpp (jsc+0x1e0569e)
    #11 JSC::replaceUsingRegExpSearch(JSC::VM&, JSC::JSGlobalObject*, JSC::JSString*, JSC::JSValue, JSC::JSValue) /root/WebKit/Source/JavaScriptCore/runtime/StringPrototype.cpp:597:5 (jsc+0x18ef339)
    #12 JSC::stringProtoFuncReplace(JSC::JSGlobalObject*, JSC::CallFrame*) /root/WebKit/Source/JavaScriptCore/runtime/StringPrototype.cpp:618:13 (jsc+0x18cddaa)
    #13 <null> <null> (0x7f90401ff157)
    #14 JSC::Interpreter::executeCall(JSC::JSObject*, JSC::CallData const&, JSC::JSValue, JSC::JSCell*, JSC::ArgList const&) /root/WebKit/Source/JavaScriptCore/interpreter/Interpreter.cpp (jsc+0xe8b88d)
    #15 JSC::call(JSC::JSGlobalObject*, JSC::JSValue, JSC::CallData const&, JSC::JSValue, JSC::ArgList const&) /root/WebKit/Source/JavaScriptCore/runtime/CallData.cpp:70:27 (jsc+0x1360d91)
    #16 JSC::call(JSC::JSGlobalObject*, JSC::JSValue, JSC::CallData const&, JSC::JSValue, JSC::ArgList const&, WTF::NakedPtr<JSC::Exception>&) /root/WebKit/Source/JavaScriptCore/runtime/CallData.cpp:77:22 (jsc+0x1360d91)
    #17 JSC::threadMain(JSC::VM&, WTF::Ref<JSC::ThreadState, WTF::RawPtrTraits<JSC::ThreadState>, WTF::DefaultRefDerefTraits<JSC::ThreadState>>) /root/WebKit/Source/JavaScriptCore/runtime/ThreadObject.cpp:241:30 (jsc+0x19a4ddc)
    #18 JSC::constructThread(JSC::JSGlobalObject*, JSC::CallFrame*)::$_0::operator()() /root/WebKit/Source/JavaScriptCore/runtime/ThreadObject.cpp:468:9 (jsc+0x19a4ddc)
    #19 WTF::Detail::CallableWrapper<JSC::constructThread(JSC::JSGlobalObject*, JSC::CallFrame*)::$_0, void>::call() /root/WebKit/WebKitBuild/TSan/WTF/Headers/wtf/Function.h:59:39 (jsc+0x19a4ddc)
    #20 WTF::Function<void ()>::operator()() const /root/WebKit/Source/WTF/wtf/Function.h:103:35 (jsc+0x25b59c5)
    #21 WTF::Thread::entryPoint(WTF::Thread::NewThreadContext*) /root/WebKit/Source/WTF/wtf/Threading.cpp:312:5 (jsc+0x25b59c5)
    #22 WTF::wtfThreadEntryPoint(void*) /root/WebKit/Source/WTF/wtf/posix/ThreadingPOSIX.cpp:264:5 (jsc+0x260f949)

  Thread T1 'JS Thread' (tid=2802550, running) created by main thread at:
    #0 pthread_create /home/runner/work/llvm-project/llvm-project/compiler-rt/lib/tsan/rtl/tsan_interceptors_posix.cpp:1090:3 (jsc+0x13ff1a)
    #1 WTF::Thread::establishHandle(WTF::Thread::NewThreadContext&, WTF::StackAllocationSpecification, WTF::ThreadQOS, WTF::ThreadSchedulingPolicy) /root/WebKit/Source/WTF/wtf/posix/ThreadingPOSIX.cpp:354:17 (jsc+0x260f835)
    #2 WTF::Thread::create(WTF::ASCIILiteral, WTF::Function<void ()>&&, WTF::ThreadType, WTF::ThreadQOS, WTF::ThreadSchedulingPolicy, WTF::StackAllocationSpecification) /root/WebKit/Source/WTF/wtf/Threading.cpp:330:32 (jsc+0x25b5d03)
    #3 JSC::constructThread(JSC::JSGlobalObject*, JSC::CallFrame*) /root/WebKit/Source/JavaScriptCore/runtime/ThreadObject.cpp:467:5 (jsc+0x199d36f)
    #4 <null> <null> (0x7f90401ff217)
    #5 JSC::evaluate(JSC::JSGlobalObject*, JSC::SourceCode const&, JSC::JSValue, WTF::NakedPtr<JSC::Exception>&) /root/WebKit/Source/JavaScriptCore/runtime/Completion.cpp:145:37 (jsc+0x13c3de3)
    #6 runWithOptions(GlobalObject*, CommandLine&, bool&) /root/WebKit/Source/JavaScriptCore/jsc.cpp:3957:35 (jsc+0x1cafc5)
    #7 jscmain(int, char**)::$_0::operator()(JSC::VM&, GlobalObject*, bool&) const /root/WebKit/Source/JavaScriptCore/jsc.cpp:4686:13 (jsc+0x1cafc5)
    #8 int runJSC<jscmain(int, char**)::$_0>(CommandLine const&, bool, jscmain(int, char**)::$_0 const&) /root/WebKit/Source/JavaScriptCore/jsc.cpp:4472:13 (jsc+0x1cafc5)
    #9 jscmain(int, char**) /root/WebKit/Source/JavaScriptCore/jsc.cpp:4679:18 (jsc+0x1cafc5)
    #10 main /root/WebKit/Source/JavaScriptCore/jsc.cpp:3715:15 (jsc+0x1c9803)

SUMMARY: ThreadSanitizer: data race /root/WebKit/WebKitBuild/TSan/JavaScriptCore/PrivateHeaders/JavaScriptCore/JSCell.h:99:5 in JSC::JSType JSC::cellHeaderConcurrentLoad<JSC::JSType>(JSC::JSType const&)
==================
==================
WARNING: ThreadSanitizer: data race (pid=2802548)
  Atomic read of size 8 at 0x72a00012c148 by thread T5:
    #0 std::__atomic_base<unsigned long>::load(std::memory_order) const /usr/lib/gcc/x86_64-amazon-linux/14/../../../../include/c++/14/bits/atomic_base.h:501:9 (jsc+0x3b4c73)
    #1 WTF::Atomic<unsigned long>::load(std::memory_order) const /root/WebKit/WebKitBuild/TSan/WTF/Headers/wtf/Atomics.h:55:100 (jsc+0x3b4c73)
    #2 unsigned long WTF::atomicLoad<unsigned long>(unsigned long*, std::memory_order) /root/WebKit/WebKitBuild/TSan/WTF/Headers/wtf/Atomics.h:162:49 (jsc+0x3b4c73)
    #3 JSC::JSString::fiberConcurrently() const /root/WebKit/WebKitBuild/TSan/JavaScriptCore/PrivateHeaders/JavaScriptCore/JSString.h:341:16 (jsc+0x3b4c73)
    #4 JSC::JSString::tryGetValueImpl() const /root/WebKit/WebKitBuild/TSan/JavaScriptCore/PrivateHeaders/JavaScriptCore/JSString.h:899:25 (jsc+0x3b4c73)
    #5 JSC::speculationFromCell(JSC::JSCell*) /root/WebKit/Source/JavaScriptCore/bytecode/SpeculatedType.cpp:604:46 (jsc+0x3b4c73)
    #6 JSC::speculationFromValue(JSC::JSValue) /root/WebKit/Source/JavaScriptCore/bytecode/SpeculatedType.cpp:640:16 (jsc+0x3b4c73)
    #7 JSC::ValueProfileBase<1u, 0u>::computeUpdatedPrediction(JSC::ConcurrentJSLocker const&) /root/WebKit/Source/JavaScriptCore/bytecode/ValueProfile.h:191:38 (jsc+0x2a07c4)
    #8 JSC::CodeBlock::valueProfilePredictionForBytecodeIndex(JSC::ConcurrentJSLocker const&, JSC::BytecodeIndex, JSC::JSValue*) /root/WebKit/Source/JavaScriptCore/bytecode/CodeBlock.cpp:3717:30 (jsc+0x2a07c4)
    #9 JSC::DFG::ByteCodeParser::getPredictionWithoutOSRExit(JSC::BytecodeIndex)::'lambda'(JSC::DFG::ByteCodeParser::InlineStackEntry*, JSC::CodeOrigin const&)::operator()(JSC::DFG::ByteCodeParser::InlineStackEntry*, JSC::CodeOrigin const&) const /root/WebKit/Source/JavaScriptCore/dfg/DFGByteCodeParser.cpp:999:41 (jsc+0x576ded)
    #10 JSC::DFG::ByteCodeParser::getPredictionWithoutOSRExit(JSC::BytecodeIndex) /root/WebKit/Source/JavaScriptCore/dfg/DFGByteCodeParser.cpp:1008:37 (jsc+0x56b4d5)
    #11 JSC::DFG::ByteCodeParser::getPredictionWithoutOSRExit() /root/WebKit/Source/JavaScriptCore/dfg/DFGByteCodeParser.cpp:1067:16 (jsc+0x538952)
    #12 JSC::DFG::ByteCodeParser::parseBlock(unsigned int) /root/WebKit/Source/JavaScriptCore/dfg/DFGByteCodeParser.cpp:8586:41 (jsc+0x538952)
    #13 JSC::DFG::ByteCodeParser::parseCodeBlock() /root/WebKit/Source/JavaScriptCore/dfg/DFGByteCodeParser.cpp:10992:13 (jsc+0x563957)
    #14 JSC::DFG::ByteCodeParser::parse() /root/WebKit/Source/JavaScriptCore/dfg/DFGByteCodeParser.cpp:13043:5 (jsc+0x56d8ce)
    #15 JSC::DFG::parse(JSC::DFG::Graph&) /root/WebKit/Source/JavaScriptCore/dfg/DFGByteCodeParser.cpp:13083:34 (jsc+0x56df55)
    #16 JSC::DFG::Plan::compileInThreadImpl() /root/WebKit/Source/JavaScriptCore/dfg/DFGPlan.cpp:255:14 (jsc+0x8b07e0)
    #17 JSC::JITPlan::compileInThread(JSC::JITWorklistThread*) /root/WebKit/Source/JavaScriptCore/jit/JITPlan.cpp:283:28 (jsc+0xfded9d)
    #18 JSC::JITWorklistThread::work() /root/WebKit/Source/JavaScriptCore/jit/JITWorklistThread.cpp:145:13 (jsc+0x104970b)
    #19 WTF::AutomaticThread::start(WTF::AbstractLocker const&)::$_0::operator()() const /root/WebKit/Source/WTF/wtf/AutomaticThread.cpp:260:37 (jsc+0x258aaac)
    #20 WTF::Detail::CallableWrapper<WTF::AutomaticThread::start(WTF::AbstractLocker const&)::$_0, void>::call() /root/WebKit/Source/WTF/wtf/Function.h:59:39 (jsc+0x258aaac)
    #21 WTF::Function<void ()>::operator()() const /root/WebKit/Source/WTF/wtf/Function.h:103:35 (jsc+0x25b59c5)
    #22 WTF::Thread::entryPoint(WTF::Thread::NewThreadContext*) /root/WebKit/Source/WTF/wtf/Threading.cpp:312:5 (jsc+0x25b59c5)
    #23 WTF::wtfThreadEntryPoint(void*) /root/WebKit/Source/WTF/wtf/posix/ThreadingPOSIX.cpp:264:5 (jsc+0x260f949)

  Previous write of size 8 at 0x72a00012c148 by thread T1:
    #0 aligned_alloc /home/runner/work/llvm-project/llvm-project/compiler-rt/lib/tsan/rtl/tsan_interceptors_posix.cpp:885:3 (jsc+0x13f40e)
    #1 bmalloc::api::tryMemalign(unsigned long, unsigned long, bmalloc::CompactAllocationMode, bmalloc::HeapKind) /root/WebKit/WebKitBuild/TSan/bmalloc/Headers/bmalloc/bmalloc.h:158:12 (jsc+0x2598e50)
    #2 WTF::tryFastCompactAlignedMalloc(unsigned long, unsigned long) /root/WebKit/Source/WTF/wtf/FastMalloc.cpp:553:20 (jsc+0x2598e50)
    #3 JSC::FastMallocAlignedMemoryAllocator::tryAllocateAlignedMemory(unsigned long, unsigned long) /root/WebKit/Source/JavaScriptCore/heap/FastMallocAlignedMemoryAllocator.cpp:47:12 (jsc+0xdbd320)
    #4 JSC::MarkedBlock::tryCreate(JSC::Heap&, JSC::AlignedMemoryAllocator*) /root/WebKit/Source/JavaScriptCore/heap/MarkedBlock.cpp:138:48 (jsc+0xe49ff8)
    #5 JSC::BlockDirectory::tryAllocateBlock(WTF::AbstractLocker const&, JSC::Heap&) /root/WebKit/Source/JavaScriptCore/heap/BlockDirectory.cpp:154:35 (jsc+0xdb451d)
    #6 JSC::LocalAllocator::allocateSlowCase(JSC::Heap&, unsigned long, JSC::GCDeferralContext*, JSC::AllocationFailureMode) /root/WebKit/Source/JavaScriptCore/heap/LocalAllocator.cpp:221:47 (jsc+0xe44dbe)
    #7 JSC::LocalAllocator::allocate(JSC::Heap&, unsigned long, JSC::GCDeferralContext*, JSC::AllocationFailureMode)::'lambda'()::operator()() const /root/WebKit/WebKitBuild/TSan/JavaScriptCore/PrivateHeaders/JavaScriptCore/LocalAllocatorInlines.h:53:43 (jsc+0x1d135e)
    #8 JSC::HeapCell* JSC::FreeList::allocateWithCellSize<JSC::LocalAllocator::allocate(JSC::Heap&, unsigned long, JSC::GCDeferralContext*, JSC::AllocationFailureMode)::'lambda'()>(JSC::LocalAllocator::allocate(JSC::Heap&, unsigned long, JSC::GCDeferralContext*, JSC::AllocationFailureMode)::'lambda'() const&, unsigned long) /root/WebKit/Source/JavaScriptCore/heap/FreeListInlines.h:46:16 (jsc+0x7d3b5e)
    #9 JSC::LocalAllocator::allocate(JSC::Heap&, unsigned long, JSC::GCDeferralContext*, JSC::AllocationFailureMode) /root/WebKit/Source/JavaScriptCore/heap/LocalAllocatorInlines.h:50:23 (jsc+0x7d3b5e)
    #10 JSC::GCClient::IsoSubspace::allocate(JSC::VM&, unsigned long, JSC::GCDeferralContext*, JSC::AllocationFailureMode) /root/WebKit/Source/JavaScriptCore/heap/IsoSubspaceInlines.h:42:29 (jsc+0x7d3b5e)
    #11 void* JSC::tryAllocateCellHelper<JSC::JSRopeString, (JSC::AllocationFailureMode)0>(JSC::VM&, unsigned long, JSC::GCDeferralContext*) /root/WebKit/Source/JavaScriptCore/runtime/JSCellInlines.h:212:63 (jsc+0x7d3b5e)
    #12 void* JSC::allocateCell<JSC::JSRopeString>(JSC::VM&, JSC::GCDeferralContext*, unsigned long) /root/WebKit/Source/JavaScriptCore/runtime/JSCellInlines.h:244:12 (jsc+0x7d3b5e)
    #13 JSC::JSRopeString::createSubstringOfResolved(JSC::VM&, JSC::GCDeferralContext*, JSC::JSString*, unsigned int, unsigned int, bool) /root/WebKit/WebKitBuild/TSan/JavaScriptCore/PrivateHeaders/JavaScriptCore/JSString.h:753:49 (jsc+0x7d30cb)
    #14 JSC::jsSubstringOfResolved(JSC::VM&, JSC::GCDeferralContext*, JSC::JSString*, unsigned int, unsigned int) /root/WebKit/Source/JavaScriptCore/runtime/JSStringInlines.h:913:12 (jsc+0x7d30cb)
    #15 JSC::createRegExpMatchesArrayForPlainRegExp(JSC::VM&, JSC::JSGlobalObject*, JSC::JSString*, JSC::MatchResult const&, std::span<int const, 18446744073709551615ul>, unsigned int) /root/WebKit/Source/JavaScriptCore/runtime/RegExpMatchesArray.h:98:21 (jsc+0x7d25c5)
    #16 JSC::createRegExpMatchesArray(JSC::VM&, JSC::JSGlobalObject*, JSC::JSString*, WTF::StringView, JSC::RegExp*, unsigned int, JSC::MatchResult&) /root/WebKit/Source/JavaScriptCore/runtime/RegExpMatchesArray.h:127:16 (jsc+0x766e4b)
    #17 JSC::RegExpObject::execInline(JSC::JSGlobalObject*, JSC::JSString*) /root/WebKit/Source/JavaScriptCore/runtime/RegExpObjectInlines.h:236:22 (jsc+0x765a68)
    #18 JSC::RegExpObject::exec(JSC::JSGlobalObject*, JSC::JSString*) /root/WebKit/Source/JavaScriptCore/runtime/RegExpObject.cpp:161:12 (jsc+0x1875b7f)
    #19 JSC::regExpProtoFuncExec(JSC::JSGlobalObject*, JSC::CallFrame*) /root/WebKit/Source/JavaScriptCore/runtime/RegExpPrototype.cpp:190:5 (jsc+0x1875b7f)
    #20 <null> <null> (0x7f90401ff157)
    #21 JSC::Interpreter::executeCall(JSC::JSObject*, JSC::CallData const&, JSC::JSValue, JSC::JSCell*, JSC::ArgList const&) /root/WebKit/Source/JavaScriptCore/interpreter/Interpreter.cpp (jsc+0xe8b88d)
    #22 JSC::call(JSC::JSGlobalObject*, JSC::JSValue, JSC::CallData const&, JSC::JSValue, JSC::ArgList const&) /root/WebKit/Source/JavaScriptCore/runtime/CallData.cpp:70:27 (jsc+0x1360d91)
    #23 JSC::call(JSC::JSGlobalObject*, JSC::JSValue, JSC::CallData const&, JSC::JSValue, JSC::ArgList const&, WTF::NakedPtr<JSC::Exception>&) /root/WebKit/Source/JavaScriptCore/runtime/CallData.cpp:77:22 (jsc+0x1360d91)
    #24 JSC::threadMain(JSC::VM&, WTF::Ref<JSC::ThreadState, WTF::RawPtrTraits<JSC::ThreadState>, WTF::DefaultRefDerefTraits<JSC::ThreadState>>) /root/WebKit/Source/JavaScriptCore/runtime/ThreadObject.cpp:241:30 (jsc+0x19a4ddc)
    #25 JSC::constructThread(JSC::JSGlobalObject*, JSC::CallFrame*)::$_0::operator()() /root/WebKit/Source/JavaScriptCore/runtime/ThreadObject.cpp:468:9 (jsc+0x19a4ddc)
    #26 WTF::Detail::CallableWrapper<JSC::constructThread(JSC::JSGlobalObject*, JSC::CallFrame*)::$_0, void>::call() /root/WebKit/WebKitBuild/TSan/WTF/Headers/wtf/Function.h:59:39 (jsc+0x19a4ddc)
    #27 WTF::Function<void ()>::operator()() const /root/WebKit/Source/WTF/wtf/Function.h:103:35 (jsc+0x25b59c5)
    #28 WTF::Thread::entryPoint(WTF::Thread::NewThreadContext*) /root/WebKit/Source/WTF/wtf/Threading.cpp:312:5 (jsc+0x25b59c5)
    #29 WTF::wtfThreadEntryPoint(void*) /root/WebKit/Source/WTF/wtf/posix/ThreadingPOSIX.cpp:264:5 (jsc+0x260f949)

  Location is heap block of size 16384 at 0x72a00012c000 allocated by thread T1:
    #0 aligned_alloc /home/runner/work/llvm-project/llvm-project/compiler-rt/lib/tsan/rtl/tsan_interceptors_posix.cpp:885:3 (jsc+0x13f40e)
    #1 bmalloc::api::tryMemalign(unsigned long, unsigned long, bmalloc::CompactAllocationMode, bmalloc::HeapKind) /root/WebKit/WebKitBuild/TSan/bmalloc/Headers/bmalloc/bmalloc.h:158:12 (jsc+0x2598e50)
    #2 WTF::tryFastCompactAlignedMalloc(unsigned long, unsigned long) /root/WebKit/Source/WTF/wtf/FastMalloc.cpp:553:20 (jsc+0x2598e50)
    #3 JSC::FastMallocAlignedMemoryAllocator::tryAllocateAlignedMemory(unsigned long, unsigned long) /root/WebKit/Source/JavaScriptCore/heap/FastMallocAlignedMemoryAllocator.cpp:47:12 (jsc+0xdbd320)
    #4 JSC::MarkedBlock::tryCreate(JSC::Heap&, JSC::AlignedMemoryAllocator*) /root/WebKit/Source/JavaScriptCore/heap/MarkedBlock.cpp:138:48 (jsc+0xe49ff8)
    #5 JSC::BlockDirectory::tryAllocateBlock(WTF::AbstractLocker const&, JSC::Heap&) /root/WebKit/Source/JavaScriptCore/heap/BlockDirectory.cpp:154:35 (jsc+0xdb451d)
    #6 JSC::LocalAllocator::allocateSlowCase(JSC::Heap&, unsigned long, JSC::GCDeferralContext*, JSC::AllocationFailureMode) /root/WebKit/Source/JavaScriptCore/heap/LocalAllocator.cpp:221:47 (jsc+0xe44dbe)
    #7 JSC::LocalAllocator::allocate(JSC::Heap&, unsigned long, JSC::GCDeferralContext*, JSC::AllocationFailureMode)::'lambda'()::operator()() const /root/WebKit/WebKitBuild/TSan/JavaScriptCore/PrivateHeaders/JavaScriptCore/LocalAllocatorInlines.h:53:43 (jsc+0x1d135e)
    #8 JSC::HeapCell* JSC::FreeList::allocateWithCellSize<JSC::LocalAllocator::allocate(JSC::Heap&, unsigned long, JSC::GCDeferralContext*, JSC::AllocationFailureMode)::'lambda'()>(JSC::LocalAllocator::allocate(JSC::Heap&, unsigned long, JSC::GCDeferralContext*, JSC::AllocationFailureMode)::'lambda'() const&, unsigned long) /root/WebKit/Source/JavaScriptCore/heap/FreeListInlines.h:46:16 (jsc+0x7d3b5e)
    #9 JSC::LocalAllocator::allocate(JSC::Heap&, unsigned long, JSC::GCDeferralContext*, JSC::AllocationFailureMode) /root/WebKit/Source/JavaScriptCore/heap/LocalAllocatorInlines.h:50:23 (jsc+0x7d3b5e)
    #10 JSC::GCClient::IsoSubspace::allocate(JSC::VM&, unsigned long, JSC::GCDeferralContext*, JSC::AllocationFailureMode) /root/WebKit/Source/JavaScriptCore/heap/IsoSubspaceInlines.h:42:29 (jsc+0x7d3b5e)
    #11 void* JSC::tryAllocateCellHelper<JSC::JSRopeString, (JSC::AllocationFailureMode)0>(JSC::VM&, unsigned long, JSC::GCDeferralContext*) /root/WebKit/Source/JavaScriptCore/runtime/JSCellInlines.h:212:63 (jsc+0x7d3b5e)
    #12 void* JSC::allocateCell<JSC::JSRopeString>(JSC::VM&, JSC::GCDeferralContext*, unsigned long) /root/WebKit/Source/JavaScriptCore/runtime/JSCellInlines.h:244:12 (jsc+0x7d3b5e)
    #13 JSC::JSRopeString::createSubstringOfResolved(JSC::VM&, JSC::GCDeferralContext*, JSC::JSString*, unsigned int, unsigned int, bool) /root/WebKit/WebKitBuild/TSan/JavaScriptCore/PrivateHeaders/JavaScriptCore/JSString.h:753:49 (jsc+0x7d30cb)
    #14 JSC::jsSubstringOfResolved(JSC::VM&, JSC::GCDeferralContext*, JSC::JSString*, unsigned int, unsigned int) /root/WebKit/Source/JavaScriptCore/runtime/JSStringInlines.h:913:12 (jsc+0x7d30cb)
    #15 JSC::createRegExpMatchesArrayForPlainRegExp(JSC::VM&, JSC::JSGlobalObject*, JSC::JSString*, JSC::MatchResult const&, std::span<int const, 18446744073709551615ul>, unsigned int) /root/WebKit/Source/JavaScriptCore/runtime/RegExpMatchesArray.h:98:21 (jsc+0x7d25c5)
    #16 JSC::createRegExpMatchesArray(JSC::VM&, JSC::JSGlobalObject*, JSC::JSString*, WTF::StringView, JSC::RegExp*, unsigned int, JSC::MatchResult&) /root/WebKit/Source/JavaScriptCore/runtime/RegExpMatchesArray.h:127:16 (jsc+0x766e4b)
    #17 JSC::RegExpObject::execInline(JSC::JSGlobalObject*, JSC::JSString*) /root/WebKit/Source/JavaScriptCore/runtime/RegExpObjectInlines.h:236:22 (jsc+0x765a68)
    #18 JSC::RegExpObject::exec(JSC::JSGlobalObject*, JSC::JSString*) /root/WebKit/Source/JavaScriptCore/runtime/RegExpObject.cpp:161:12 (jsc+0x1875b7f)
    #19 JSC::regExpProtoFuncExec(JSC::JSGlobalObject*, JSC::CallFrame*) /root/WebKit/Source/JavaScriptCore/runtime/RegExpPrototype.cpp:190:5 (jsc+0x1875b7f)
    #20 <null> <null> (0x7f90401ff157)
    #21 JSC::Interpreter::executeCall(JSC::JSObject*, JSC::CallData const&, JSC::JSValue, JSC::JSCell*, JSC::ArgList const&) /root/WebKit/Source/JavaScriptCore/interpreter/Interpreter.cpp (jsc+0xe8b88d)
    #22 JSC::call(JSC::JSGlobalObject*, JSC::JSValue, JSC::CallData const&, JSC::JSValue, JSC::ArgList const&) /root/WebKit/Source/JavaScriptCore/runtime/CallData.cpp:70:27 (jsc+0x1360d91)
    #23 JSC::call(JSC::JSGlobalObject*, JSC::JSValue, JSC::CallData const&, JSC::JSValue, JSC::ArgList const&, WTF::NakedPtr<JSC::Exception>&) /root/WebKit/Source/JavaScriptCore/runtime/CallData.cpp:77:22 (jsc+0x1360d91)
    #24 JSC::threadMain(JSC::VM&, WTF::Ref<JSC::ThreadState, WTF::RawPtrTraits<JSC::ThreadState>, WTF::DefaultRefDerefTraits<JSC::ThreadState>>) /root/WebKit/Source/JavaScriptCore/runtime/ThreadObject.cpp:241:30 (jsc+0x19a4ddc)
    #25 JSC::constructThread(JSC::JSGlobalObject*, JSC::CallFrame*)::$_0::operator()() /root/WebKit/Source/JavaScriptCore/runtime/ThreadObject.cpp:468:9 (jsc+0x19a4ddc)
    #26 WTF::Detail::CallableWrapper<JSC::constructThread(JSC::JSGlobalObject*, JSC::CallFrame*)::$_0, void>::call() /root/WebKit/WebKitBuild/TSan/WTF/Headers/wtf/Function.h:59:39 (jsc+0x19a4ddc)
    #27 WTF::Function<void ()>::operator()() const /root/WebKit/Source/WTF/wtf/Function.h:103:35 (jsc+0x25b59c5)
    #28 WTF::Thread::entryPoint(WTF::Thread::NewThreadContext*) /root/WebKit/Source/WTF/wtf/Threading.cpp:312:5 (jsc+0x25b59c5)
    #29 WTF::wtfThreadEntryPoint(void*) /root/WebKit/Source/WTF/wtf/posix/ThreadingPOSIX.cpp:264:5 (jsc+0x260f949)

  Thread T5 'JITWorker' (tid=2802588, running) created by thread T4 at:
    #0 pthread_create /home/runner/work/llvm-project/llvm-project/compiler-rt/lib/tsan/rtl/tsan_interceptors_posix.cpp:1090:3 (jsc+0x13ff1a)
    #1 WTF::Thread::establishHandle(WTF::Thread::NewThreadContext&, WTF::StackAllocationSpecification, WTF::ThreadQOS, WTF::ThreadSchedulingPolicy) /root/WebKit/Source/WTF/wtf/posix/ThreadingPOSIX.cpp:354:17 (jsc+0x260f835)
    #2 WTF::Thread::create(WTF::ASCIILiteral, WTF::Function<void ()>&&, WTF::ThreadType, WTF::ThreadQOS, WTF::ThreadSchedulingPolicy, WTF::StackAllocationSpecification) /root/WebKit/Source/WTF/wtf/Threading.cpp:330:32 (jsc+0x25b5d03)
    #3 WTF::AutomaticThread::start(WTF::AbstractLocker const&) /root/WebKit/Source/WTF/wtf/AutomaticThread.cpp:189:5 (jsc+0x2589529)
    #4 WTF::AutomaticThreadCondition::notifyOne(WTF::AbstractLocker const&) /root/WebKit/Source/WTF/wtf/AutomaticThread.cpp:60:21 (jsc+0x2589329)
    #5 JSC::JITWorklist::wakeThreads(WTF::AbstractLocker const&, unsigned int) /root/WebKit/Source/JavaScriptCore/jit/JITWorklist.cpp:162:25 (jsc+0x1043a26)
    #6 JSC::JITWorklist::enqueue(WTF::Ref<JSC::JITPlan, WTF::RawPtrTraits<JSC::JITPlan>, WTF::DefaultRefDerefTraits<JSC::JITPlan>>) /root/WebKit/Source/JavaScriptCore/jit/JITWorklist.cpp:245:5 (jsc+0x1044292)
    #7 JSC::LLInt::jitCompileAndSetHeuristics(JSC::VM&, JSC::CodeBlock*) /root/WebKit/Source/JavaScriptCore/llint/LLIntSlowPaths.cpp:501:45 (jsc+0x107dfc7)
    #8 JSC::LLInt::entryOSR(JSC::CodeBlock*, char const*, JSC::LLInt::EntryKind) /root/WebKit/Source/JavaScriptCore/llint/LLIntSlowPaths.cpp:523:10 (jsc+0x107d202)
    #9 llint_entry_osr_function_for_call /root/WebKit/Source/JavaScriptCore/llint/LLIntSlowPaths.cpp:550:12 (jsc+0x107d462)
    #10 llint_function_for_call_prologue LowLevelInterpreter.cpp (jsc+0x1e0569e)
    #11 JSC::replaceUsingRegExpSearch(JSC::VM&, JSC::JSGlobalObject*, JSC::JSString*, JSC::JSValue, JSC::JSValue) /root/WebKit/Source/JavaScriptCore/runtime/StringPrototype.cpp:597:5 (jsc+0x18ef339)
    #12 JSC::stringProtoFuncReplace(JSC::JSGlobalObject*, JSC::CallFrame*) /root/WebKit/Source/JavaScriptCore/runtime/StringPrototype.cpp:618:13 (jsc+0x18cddaa)
    #13 <null> <null> (0x7f90401ff157)
    #14 JSC::Interpreter::executeCall(JSC::JSObject*, JSC::CallData const&, JSC::JSValue, JSC::JSCell*, JSC::ArgList const&) /root/WebKit/Source/JavaScriptCore/interpreter/Interpreter.cpp (jsc+0xe8b88d)
    #15 JSC::call(JSC::JSGlobalObject*, JSC::JSValue, JSC::CallData const&, JSC::JSValue, JSC::ArgList const&) /root/WebKit/Source/JavaScriptCore/runtime/CallData.cpp:70:27 (jsc+0x1360d91)
    #16 JSC::call(JSC::JSGlobalObject*, JSC::JSValue, JSC::CallData const&, JSC::JSValue, JSC::ArgList const&, WTF::NakedPtr<JSC::Exception>&) /root/WebKit/Source/JavaScriptCore/runtime/CallData.cpp:77:22 (jsc+0x1360d91)
    #17 JSC::threadMain(JSC::VM&, WTF::Ref<JSC::ThreadState, WTF::RawPtrTraits<JSC::ThreadState>, WTF::DefaultRefDerefTraits<JSC::ThreadState>>) /root/WebKit/Source/JavaScriptCore/runtime/ThreadObject.cpp:241:30 (jsc+0x19a4ddc)
    #18 JSC::constructThread(JSC::JSGlobalObject*, JSC::CallFrame*)::$_0::operator()() /root/WebKit/Source/JavaScriptCore/runtime/ThreadObject.cpp:468:9 (jsc+0x19a4ddc)
    #19 WTF::Detail::CallableWrapper<JSC::constructThread(JSC::JSGlobalObject*, JSC::CallFrame*)::$_0, void>::call() /root/WebKit/WebKitBuild/TSan/WTF/Headers/wtf/Function.h:59:39 (jsc+0x19a4ddc)
    #20 WTF::Function<void ()>::operator()() const /root/WebKit/Source/WTF/wtf/Function.h:103:35 (jsc+0x25b59c5)
    #21 WTF::Thread::entryPoint(WTF::Thread::NewThreadContext*) /root/WebKit/Source/WTF/wtf/Threading.cpp:312:5 (jsc+0x25b59c5)
    #22 WTF::wtfThreadEntryPoint(void*) /root/WebKit/Source/WTF/wtf/posix/ThreadingPOSIX.cpp:264:5 (jsc+0x260f949)

  Thread T1 'JS Thread' (tid=2802550, running) created by main thread at:
    #0 pthread_create /home/runner/work/llvm-project/llvm-project/compiler-rt/lib/tsan/rtl/tsan_interceptors_posix.cpp:1090:3 (jsc+0x13ff1a)
    #1 WTF::Thread::establishHandle(WTF::Thread::NewThreadContext&, WTF::StackAllocationSpecification, WTF::ThreadQOS, WTF::ThreadSchedulingPolicy) /root/WebKit/Source/WTF/wtf/posix/ThreadingPOSIX.cpp:354:17 (jsc+0x260f835)
    #2 WTF::Thread::create(WTF::ASCIILiteral, WTF::Function<void ()>&&, WTF::ThreadType, WTF::ThreadQOS, WTF::ThreadSchedulingPolicy, WTF::StackAllocationSpecification) /root/WebKit/Source/WTF/wtf/Threading.cpp:330:32 (jsc+0x25b5d03)
    #3 JSC::constructThread(JSC::JSGlobalObject*, JSC::CallFrame*) /root/WebKit/Source/JavaScriptCore/runtime/ThreadObject.cpp:467:5 (jsc+0x199d36f)
    #4 <null> <null> (0x7f90401ff217)
    #5 JSC::evaluate(JSC::JSGlobalObject*, JSC::SourceCode const&, JSC::JSValue, WTF::NakedPtr<JSC::Exception>&) /root/WebKit/Source/JavaScriptCore/runtime/Completion.cpp:145:37 (jsc+0x13c3de3)
    #6 runWithOptions(GlobalObject*, CommandLine&, bool&) /root/WebKit/Source/JavaScriptCore/jsc.cpp:3957:35 (jsc+0x1cafc5)
    #7 jscmain(int, char**)::$_0::operator()(JSC::VM&, GlobalObject*, bool&) const /root/WebKit/Source/JavaScriptCore/jsc.cpp:4686:13 (jsc+0x1cafc5)
    #8 int runJSC<jscmain(int, char**)::$_0>(CommandLine const&, bool, jscmain(int, char**)::$_0 const&) /root/WebKit/Source/JavaScriptCore/jsc.cpp:4472:13 (jsc+0x1cafc5)
    #9 jscmain(int, char**) /root/WebKit/Source/JavaScriptCore/jsc.cpp:4679:18 (jsc+0x1cafc5)
    #10 main /root/WebKit/Source/JavaScriptCore/jsc.cpp:3715:15 (jsc+0x1c9803)

SUMMARY: ThreadSanitizer: data race /root/WebKit/WebKitBuild/TSan/WTF/Headers/wtf/Atomics.h:55:100 in WTF::Atomic<unsigned long>::load(std::memory_order) const
==================
==================
WARNING: ThreadSanitizer: data race (pid=2802548)
  Atomic read of size 4 at 0x7208000267d0 by thread T5:
    #0 std::__atomic_base<unsigned int>::load(std::memory_order) const /usr/lib/gcc/x86_64-amazon-linux/14/../../../../include/c++/14/bits/atomic_base.h:501:9 (jsc+0x3b4d0a)
    #1 WTF::StringImplShape::hashAndFlags() const /root/WebKit/WebKitBuild/TSan/WTF/Headers/wtf/text/StringImpl.h:192:59 (jsc+0x3b4d0a)
    #2 WTF::StringImpl::isAtom() const /root/WebKit/WebKitBuild/TSan/WTF/Headers/wtf/text/StringImpl.h:368:34 (jsc+0x3b4d0a)
    #3 JSC::speculationFromCell(JSC::JSCell*) /root/WebKit/Source/JavaScriptCore/bytecode/SpeculatedType.cpp:609:23 (jsc+0x3b4d0a)
    #4 JSC::speculationFromValue(JSC::JSValue) /root/WebKit/Source/JavaScriptCore/bytecode/SpeculatedType.cpp:640:16 (jsc+0x3b4d0a)
    #5 JSC::ValueProfileBase<1u, 0u>::computeUpdatedPrediction(JSC::ConcurrentJSLocker const&) /root/WebKit/Source/JavaScriptCore/bytecode/ValueProfile.h:191:38 (jsc+0x2a07c4)
    #6 JSC::CodeBlock::valueProfilePredictionForBytecodeIndex(JSC::ConcurrentJSLocker const&, JSC::BytecodeIndex, JSC::JSValue*) /root/WebKit/Source/JavaScriptCore/bytecode/CodeBlock.cpp:3717:30 (jsc+0x2a07c4)
    #7 JSC::DFG::ByteCodeParser::getPredictionWithoutOSRExit(JSC::BytecodeIndex)::'lambda'(JSC::DFG::ByteCodeParser::InlineStackEntry*, JSC::CodeOrigin const&)::operator()(JSC::DFG::ByteCodeParser::InlineStackEntry*, JSC::CodeOrigin const&) const /root/WebKit/Source/JavaScriptCore/dfg/DFGByteCodeParser.cpp:999:41 (jsc+0x576ded)
    #8 JSC::DFG::ByteCodeParser::getPredictionWithoutOSRExit(JSC::BytecodeIndex) /root/WebKit/Source/JavaScriptCore/dfg/DFGByteCodeParser.cpp:1008:37 (jsc+0x56b4d5)
    #9 JSC::DFG::ByteCodeParser::getPredictionWithoutOSRExit() /root/WebKit/Source/JavaScriptCore/dfg/DFGByteCodeParser.cpp:1067:16 (jsc+0x538952)
    #10 JSC::DFG::ByteCodeParser::parseBlock(unsigned int) /root/WebKit/Source/JavaScriptCore/dfg/DFGByteCodeParser.cpp:8586:41 (jsc+0x538952)
    #11 JSC::DFG::ByteCodeParser::parseCodeBlock() /root/WebKit/Source/JavaScriptCore/dfg/DFGByteCodeParser.cpp:10992:13 (jsc+0x563957)
    #12 JSC::DFG::ByteCodeParser::parse() /root/WebKit/Source/JavaScriptCore/dfg/DFGByteCodeParser.cpp:13043:5 (jsc+0x56d8ce)
    #13 JSC::DFG::parse(JSC::DFG::Graph&) /root/WebKit/Source/JavaScriptCore/dfg/DFGByteCodeParser.cpp:13083:34 (jsc+0x56df55)
    #14 JSC::DFG::Plan::compileInThreadImpl() /root/WebKit/Source/JavaScriptCore/dfg/DFGPlan.cpp:255:14 (jsc+0x8b07e0)
    #15 JSC::JITPlan::compileInThread(JSC::JITWorklistThread*) /root/WebKit/Source/JavaScriptCore/jit/JITPlan.cpp:283:28 (jsc+0xfded9d)
    #16 JSC::JITWorklistThread::work() /root/WebKit/Source/JavaScriptCore/jit/JITWorklistThread.cpp:145:13 (jsc+0x104970b)
    #17 WTF::AutomaticThread::start(WTF::AbstractLocker const&)::$_0::operator()() const /root/WebKit/Source/WTF/wtf/AutomaticThread.cpp:260:37 (jsc+0x258aaac)
    #18 WTF::Detail::CallableWrapper<WTF::AutomaticThread::start(WTF::AbstractLocker const&)::$_0, void>::call() /root/WebKit/Source/WTF/wtf/Function.h:59:39 (jsc+0x258aaac)
    #19 WTF::Function<void ()>::operator()() const /root/WebKit/Source/WTF/wtf/Function.h:103:35 (jsc+0x25b59c5)
    #20 WTF::Thread::entryPoint(WTF::Thread::NewThreadContext*) /root/WebKit/Source/WTF/wtf/Threading.cpp:312:5 (jsc+0x25b59c5)
    #21 WTF::wtfThreadEntryPoint(void*) /root/WebKit/Source/WTF/wtf/posix/ThreadingPOSIX.cpp:264:5 (jsc+0x260f949)

  Previous write of size 8 at 0x7208000267d0 by thread T1:
    #0 malloc /home/runner/work/llvm-project/llvm-project/compiler-rt/lib/tsan/rtl/tsan_interceptors_posix.cpp:682:5 (jsc+0x13dc20)
    #1 bmalloc::api::malloc(unsigned long, bmalloc::CompactAllocationMode, bmalloc::HeapKind) /root/WebKit/WebKitBuild/TSan/bmalloc/Headers/bmalloc/bmalloc.h:96:20 (jsc+0x2598c59)
    #2 WTF::fastCompactMalloc(unsigned long) /root/WebKit/Source/WTF/wtf/FastMalloc.cpp:482:20 (jsc+0x2598c59)
    #3 WTF::FastCompactMalloc::malloc(unsigned long) /root/WebKit/Source/WTF/wtf/FastMalloc.h:287:47 (jsc+0x25f53f2)
    #4 WTF::Ref<WTF::StringImpl, WTF::RawPtrTraits<WTF::StringImpl>, WTF::DefaultRefDerefTraits<WTF::StringImpl>> WTF::StringImpl::createUninitializedInternalNonEmpty<unsigned char>(unsigned long, std::span<unsigned char, 18446744073709551615ul>&) /root/WebKit/Source/WTF/wtf/text/StringImpl.h:1508:76 (jsc+0x25f53f2)
    #5 WTF::Ref<WTF::StringImpl, WTF::RawPtrTraits<WTF::StringImpl>, WTF::DefaultRefDerefTraits<WTF::StringImpl>> WTF::StringImpl::createInternal<unsigned char>(std::span<unsigned char const, 18446744073709551615ul>) /root/WebKit/Source/WTF/wtf/text/StringImpl.cpp:292:19 (jsc+0x25f53f2)
    #6 WTF::StringImpl::create(std::span<unsigned char const, 18446744073709551615ul>) /root/WebKit/Source/WTF/wtf/text/StringImpl.cpp:304:12 (jsc+0x25f53f2)
    #7 WTF::Latin1BufferTranslator::translate(WTF::Packed<WTF::StringImpl*>&, WTF::HashTranslatorCharBuffer<unsigned char> const&, unsigned int) /root/WebKit/Source/WTF/wtf/text/AtomStringImpl.cpp:256:26 (jsc+0x25ed36c)
    #8 void WTF::HashSetTranslatorAdapter<WTF::Latin1BufferTranslator>::translate<WTF::Packed<WTF::StringImpl*>, WTF::HashTranslatorCharBuffer<unsigned char>, WTF::HashTableAddResult<WTF::HashTableIterator<WTF::HashTable<WTF::Packed<WTF::StringImpl*>, WTF::Packed<WTF::StringImpl*>, WTF::IdentityExtractor, WTF::DefaultHash<WTF::Packed<WTF::StringImpl*>>, WTF::HashTraits<WTF::Packed<WTF::StringImpl*>>, WTF::HashTraits<WTF::Packed<WTF::StringImpl*>>, WTF::FastMalloc>, WTF::Packed<WTF::StringImpl*>, WTF::Packed<WTF::StringImpl*>, WTF::IdentityExtractor, WTF::DefaultHash<WTF::Packed<WTF::StringImpl*>>, WTF::HashTraits<WTF::Packed<WTF::StringImpl*>>, WTF::HashTraits<WTF::Packed<WTF::StringImpl*>>>> WTF::HashSet<WTF::Packed<WTF::StringImpl*>, WTF::DefaultHash<WTF::Packed<WTF::StringImpl*>>, WTF::HashTraits<WTF::Packed<WTF::StringImpl*>>, WTF::HashTableTraits, (WTF::ShouldValidateKey)0>::add<WTF::Latin1BufferTranslator, WTF::HashTranslatorCharBuffer<unsigned char>>(WTF::HashTranslatorCharBuffer<unsigned char> const&)::'lambda'()>(WTF::Packed<WTF::StringImpl*>&, WTF::HashTranslatorCharBuffer<unsigned char> const&, WTF::HashTableAddResult<WTF::HashTableIterator<WTF::HashTable<WTF::Packed<WTF::StringImpl*>, WTF::Packed<WTF::StringImpl*>, WTF::IdentityExtractor, WTF::DefaultHash<WTF::Packed<WTF::StringImpl*>>, WTF::HashTraits<WTF::Packed<WTF::StringImpl*>>, WTF::HashTraits<WTF::Packed<WTF::StringImpl*>>, WTF::FastMalloc>, WTF::Packed<WTF::StringImpl*>, WTF::Packed<WTF::StringImpl*>, WTF::IdentityExtractor, WTF::DefaultHash<WTF::Packed<WTF::StringImpl*>>, WTF::HashTraits<WTF::Packed<WTF::StringImpl*>>, WTF::HashTraits<WTF::Packed<WTF::StringImpl*>>>> WTF::HashSet<WTF::Packed<WTF::StringImpl*>, WTF::DefaultHash<WTF::Packed<WTF::StringImpl*>>, WTF::HashTraits<WTF::Packed<WTF::StringImpl*>>, WTF::HashTableTraits, (WTF::ShouldValidateKey)0>::add<WTF::Latin1BufferTranslator, WTF::HashTranslatorCharBuffer<unsigned char>>(WTF::HashTranslatorCharBuffer<unsigned char> const&)::'lambda'() const&, unsigned int) /root/WebKit/Source/WTF/wtf/HashSet.h:251:9 (jsc+0x25ed36c)
    #9 WTF::HashTableAddResult<WTF::HashTableIterator<WTF::HashTable<WTF::Packed<WTF::StringImpl*>, WTF::Packed<WTF::StringImpl*>, WTF::IdentityExtractor, WTF::DefaultHash<WTF::Packed<WTF::StringImpl*>>, WTF::HashTraits<WTF::Packed<WTF::StringImpl*>>, WTF::HashTraits<WTF::Packed<WTF::StringImpl*>>, WTF::FastMalloc>, WTF::Packed<WTF::StringImpl*>, WTF::Packed<WTF::StringImpl*>, WTF::IdentityExtractor, WTF::DefaultHash<WTF::Packed<WTF::StringImpl*>>, WTF::HashTraits<WTF::Packed<WTF::StringImpl*>>, WTF::HashTraits<WTF::Packed<WTF::StringImpl*>>>> WTF::HashTable<WTF::Packed<WTF::StringImpl*>, WTF::Packed<WTF::StringImpl*>, WTF::IdentityExtractor, WTF::DefaultHash<WTF::Packed<WTF::StringImpl*>>, WTF::HashTraits<WTF::Packed<WTF::StringImpl*>>, WTF::HashTraits<WTF::Packed<WTF::StringImpl*>>, WTF::FastMalloc>::addPassingHashCode<WTF::HashSetTranslatorAdapter<WTF::Latin1BufferTranslator>, (WTF::ShouldValidateKey)0, WTF::HashTranslatorCharBuffer<unsigned char> const&, WTF::HashTableAddResult<WTF::HashTableIterator<WTF::HashTable<WTF::Packed<WTF::StringImpl*>, WTF::Packed<WTF::StringImpl*>, WTF::IdentityExtractor, WTF::DefaultHash<WTF::Packed<WTF::StringImpl*>>, WTF::HashTraits<WTF::Packed<WTF::StringImpl*>>, WTF::HashTraits<WTF::Packed<WTF::StringImpl*>>, WTF::FastMalloc>, WTF::Packed<WTF::StringImpl*>, WTF::Packed<WTF::StringImpl*>, WTF::IdentityExtractor, WTF::DefaultHash<WTF::Packed<WTF::StringImpl*>>, WTF::HashTraits<WTF::Packed<WTF::StringImpl*>>, WTF::HashTraits<WTF::Packed<WTF::StringImpl*>>>> WTF::HashSet<WTF::Packed<WTF::StringImpl*>, WTF::DefaultHash<WTF::Packed<WTF::StringImpl*>>, WTF::HashTraits<WTF::Packed<WTF::StringImpl*>>, WTF::HashTableTraits, (WTF::ShouldValidateKey)0>::add<WTF::Latin1BufferTranslator, WTF::HashTranslatorCharBuffer<unsigned char>>(WTF::HashTranslatorCharBuffer<unsigned char> const&)::'lambda'()>(WTF::HashTranslatorCharBuffer<unsigned char> const&, WTF::HashTableAddResult<WTF::HashTableIterator<WTF::HashTable<WTF::Packed<WTF::StringImpl*>, WTF::Packed<WTF::StringImpl*>, WTF::IdentityExtractor, WTF::DefaultHash<WTF::Packed<WTF::StringImpl*>>, WTF::HashTraits<WTF::Packed<WTF::StringImpl*>>, WTF::HashTraits<WTF::Packed<WTF::StringImpl*>>, WTF::FastMalloc>, WTF::Packed<WTF::StringImpl*>, WTF::Packed<WTF::StringImpl*>, WTF::IdentityExtractor, WTF::DefaultHash<WTF::Packed<WTF::StringImpl*>>, WTF::HashTraits<WTF::Packed<WTF::StringImpl*>>, WTF::HashTraits<WTF::Packed<WTF::StringImpl*>>>> WTF::HashSet<WTF::Packed<WTF::StringImpl*>, WTF::DefaultHash<WTF::Packed<WTF::StringImpl*>>, WTF::HashTraits<WTF::Packed<WTF::StringImpl*>>, WTF::HashTableTraits, (WTF::ShouldValidateKey)0>::add<WTF::Latin1BufferTranslator, WTF::HashTranslatorCharBuffer<unsigned char>>(WTF::HashTranslatorCharBuffer<unsigned char> const&)::'lambda'() const&) /root/WebKit/Source/WTF/wtf/HashTable.h:972:9 (jsc+0x25ed36c)
    #10 WTF::HashTableAddResult<WTF::HashTableIterator<WTF::HashTable<WTF::Packed<WTF::StringImpl*>, WTF::Packed<WTF::StringImpl*>, WTF::IdentityExtractor, WTF::DefaultHash<WTF::Packed<WTF::StringImpl*>>, WTF::HashTraits<WTF::Packed<WTF::StringImpl*>>, WTF::HashTraits<WTF::Packed<WTF::StringImpl*>>, WTF::FastMalloc>, WTF::Packed<WTF::StringImpl*>, WTF::Packed<WTF::StringImpl*>, WTF::IdentityExtractor, WTF::DefaultHash<WTF::Packed<WTF::StringImpl*>>, WTF::HashTraits<WTF::Packed<WTF::StringImpl*>>, WTF::HashTraits<WTF::Packed<WTF::StringImpl*>>>> WTF::HashSet<WTF::Packed<WTF::StringImpl*>, WTF::DefaultHash<WTF::Packed<WTF::StringImpl*>>, WTF::HashTraits<WTF::Packed<WTF::StringImpl*>>, WTF::HashTableTraits, (WTF::ShouldValidateKey)0>::add<WTF::Latin1BufferTranslator, WTF::HashTranslatorCharBuffer<unsigned char>>(WTF::HashTranslatorCharBuffer<unsigned char> const&) /root/WebKit/Source/WTF/wtf/HashSet.h:386:28 (jsc+0x25ecf78)
    #11 WTF::Ref<WTF::AtomStringImpl, WTF::RawPtrTraits<WTF::AtomStringImpl>, WTF::DefaultRefDerefTraits<WTF::AtomStringImpl>> WTF::addToSharedStringTable<WTF::HashTranslatorCharBuffer<unsigned char>, WTF::Latin1BufferTranslator>(WTF::SharedAtomStringTable::Shard&, WTF::HashTranslatorCharBuffer<unsigned char> const&) /root/WebKit/Source/WTF/wtf/text/AtomStringImpl.cpp:101:34 (jsc+0x25ecf78)
    #12 WTF::Ref<WTF::AtomStringImpl, WTF::RawPtrTraits<WTF::AtomStringImpl>, WTF::DefaultRefDerefTraits<WTF::AtomStringImpl>> WTF::addToStringTable<WTF::HashTranslatorCharBuffer<unsigned char>, WTF::Latin1BufferTranslator>(WTF::HashTranslatorCharBuffer<unsigned char> const&) /root/WebKit/Source/WTF/wtf/text/AtomStringImpl.cpp:131:16 (jsc+0x25e6602)
    #13 WTF::AtomStringImpl::add(WTF::HashTranslatorCharBuffer<unsigned char>&) /root/WebKit/Source/WTF/wtf/text/AtomStringImpl.cpp:324:12 (jsc+0x25e6473)
    #14 auto JSC::jsSubstringOfResolved(JSC::VM&, JSC::GCDeferralContext*, JSC::JSString*, unsigned int, unsigned int)::'lambda'(JSC::VM&, auto&)::operator()<WTF::HashTranslatorCharBuffer<unsigned char>>(JSC::VM&, auto&) const /root/WebKit/Source/JavaScriptCore/runtime/JSStringInlines.h:905:29 (jsc+0x7d3501)
    #15 JSC::JSString* JSC::KeyAtomStringCache::make<WTF::HashTranslatorCharBuffer<unsigned char>, JSC::jsSubstringOfResolved(JSC::VM&, JSC::GCDeferralContext*, JSC::JSString*, unsigned int, unsigned int)::'lambda'(JSC::VM&, auto&)>(JSC::VM&, auto&, JSC::jsSubstringOfResolved(JSC::VM&, JSC::GCDeferralContext*, JSC::JSString*, unsigned int, unsigned int)::'lambda'(JSC::VM&, auto&) const&) /root/WebKit/Source/JavaScriptCore/runtime/KeyAtomStringCacheInlines.h:67:24 (jsc+0x7d3383)
    #16 JSC::jsSubstringOfResolved(JSC::VM&, JSC::GCDeferralContext*, JSC::JSString*, unsigned int, unsigned int) /root/WebKit/Source/JavaScriptCore/runtime/JSStringInlines.h:910:42 (jsc+0x7d3383)
    #17 JSC::createRegExpMatchesArrayForPlainRegExp(JSC::VM&, JSC::JSGlobalObject*, JSC::JSString*, JSC::MatchResult const&, std::span<int const, 18446744073709551615ul>, unsigned int) /root/WebKit/Source/JavaScriptCore/runtime/RegExpMatchesArray.h:98:21 (jsc+0x7d25c5)
    #18 JSC::createRegExpMatchesArray(JSC::VM&, JSC::JSGlobalObject*, JSC::JSString*, WTF::StringView, JSC::RegExp*, unsigned int, JSC::MatchResult&) /root/WebKit/Source/JavaScriptCore/runtime/RegExpMatchesArray.h:127:16 (jsc+0x766e4b)
    #19 JSC::RegExpObject::execInline(JSC::JSGlobalObject*, JSC::JSString*) /root/WebKit/Source/JavaScriptCore/runtime/RegExpObjectInlines.h:236:22 (jsc+0x765a68)
    #20 JSC::RegExpObject::exec(JSC::JSGlobalObject*, JSC::JSString*) /root/WebKit/Source/JavaScriptCore/runtime/RegExpObject.cpp:161:12 (jsc+0x1875b7f)
    #21 JSC::regExpProtoFuncExec(JSC::JSGlobalObject*, JSC::CallFrame*) /root/WebKit/Source/JavaScriptCore/runtime/RegExpPrototype.cpp:190:5 (jsc+0x1875b7f)
    #22 <null> <null> (0x7f90401ff157)
    #23 JSC::Interpreter::executeCall(JSC::JSObject*, JSC::CallData const&, JSC::JSValue, JSC::JSCell*, JSC::ArgList const&) /root/WebKit/Source/JavaScriptCore/interpreter/Interpreter.cpp (jsc+0xe8b88d)
    #24 JSC::call(JSC::JSGlobalObject*, JSC::JSValue, JSC::CallData const&, JSC::JSValue, JSC::ArgList const&) /root/WebKit/Source/JavaScriptCore/runtime/CallData.cpp:70:27 (jsc+0x1360d91)
    #25 JSC::call(JSC::JSGlobalObject*, JSC::JSValue, JSC::CallData const&, JSC::JSValue, JSC::ArgList const&, WTF::NakedPtr<JSC::Exception>&) /root/WebKit/Source/JavaScriptCore/runtime/CallData.cpp:77:22 (jsc+0x1360d91)
    #26 JSC::threadMain(JSC::VM&, WTF::Ref<JSC::ThreadState, WTF::RawPtrTraits<JSC::ThreadState>, WTF::DefaultRefDerefTraits<JSC::ThreadState>>) /root/WebKit/Source/JavaScriptCore/runtime/ThreadObject.cpp:241:30 (jsc+0x19a4ddc)
    #27 JSC::constructThread(JSC::JSGlobalObject*, JSC::CallFrame*)::$_0::operator()() /root/WebKit/Source/JavaScriptCore/runtime/ThreadObject.cpp:468:9 (jsc+0x19a4ddc)
    #28 WTF::Detail::CallableWrapper<JSC::constructThread(JSC::JSGlobalObject*, JSC::CallFrame*)::$_0, void>::call() /root/WebKit/WebKitBuild/TSan/WTF/Headers/wtf/Function.h:59:39 (jsc+0x19a4ddc)
    #29 WTF::Function<void ()>::operator()() const /root/WebKit/Source/WTF/wtf/Function.h:103:35 (jsc+0x25b59c5)
    #30 WTF::Thread::entryPoint(WTF::Thread::NewThreadContext*) /root/WebKit/Source/WTF/wtf/Threading.cpp:312:5 (jsc+0x25b59c5)
    #31 WTF::wtfThreadEntryPoint(void*) /root/WebKit/Source/WTF/wtf/posix/ThreadingPOSIX.cpp:264:5 (jsc+0x260f949)

  Location is heap block of size 22 at 0x7208000267c0 allocated by thread T1:
    #0 malloc /home/runner/work/llvm-project/llvm-project/compiler-rt/lib/tsan/rtl/tsan_interceptors_posix.cpp:682:5 (jsc+0x13dc20)
    #1 bmalloc::api::malloc(unsigned long, bmalloc::CompactAllocationMode, bmalloc::HeapKind) /root/WebKit/WebKitBuild/TSan/bmalloc/Headers/bmalloc/bmalloc.h:96:20 (jsc+0x2598c59)
    #2 WTF::fastCompactMalloc(unsigned long) /root/WebKit/Source/WTF/wtf/FastMalloc.cpp:482:20 (jsc+0x2598c59)
    #3 WTF::FastCompactMalloc::malloc(unsigned long) /root/WebKit/Source/WTF/wtf/FastMalloc.h:287:47 (jsc+0x25f53f2)
    #4 WTF::Ref<WTF::StringImpl, WTF::RawPtrTraits<WTF::StringImpl>, WTF::DefaultRefDerefTraits<WTF::StringImpl>> WTF::StringImpl::createUninitializedInternalNonEmpty<unsigned char>(unsigned long, std::span<unsigned char, 18446744073709551615ul>&) /root/WebKit/Source/WTF/wtf/text/StringImpl.h:1508:76 (jsc+0x25f53f2)
    #5 WTF::Ref<WTF::StringImpl, WTF::RawPtrTraits<WTF::StringImpl>, WTF::DefaultRefDerefTraits<WTF::StringImpl>> WTF::StringImpl::createInternal<unsigned char>(std::span<unsigned char const, 18446744073709551615ul>) /root/WebKit/Source/WTF/wtf/text/StringImpl.cpp:292:19 (jsc+0x25f53f2)
    #6 WTF::StringImpl::create(std::span<unsigned char const, 18446744073709551615ul>) /root/WebKit/Source/WTF/wtf/text/StringImpl.cpp:304:12 (jsc+0x25f53f2)
    #7 WTF::Latin1BufferTranslator::translate(WTF::Packed<WTF::StringImpl*>&, WTF::HashTranslatorCharBuffer<unsigned char> const&, unsigned int) /root/WebKit/Source/WTF/wtf/text/AtomStringImpl.cpp:256:26 (jsc+0x25ed36c)
    #8 void WTF::HashSetTranslatorAdapter<WTF::Latin1BufferTranslator>::translate<WTF::Packed<WTF::StringImpl*>, WTF::HashTranslatorCharBuffer<unsigned char>, WTF::HashTableAddResult<WTF::HashTableIterator<WTF::HashTable<WTF::Packed<WTF::StringImpl*>, WTF::Packed<WTF::StringImpl*>, WTF::IdentityExtractor, WTF::DefaultHash<WTF::Packed<WTF::StringImpl*>>, WTF::HashTraits<WTF::Packed<WTF::StringImpl*>>, WTF::HashTraits<WTF::Packed<WTF::StringImpl*>>, WTF::FastMalloc>, WTF::Packed<WTF::StringImpl*>, WTF::Packed<WTF::StringImpl*>, WTF::IdentityExtractor, WTF::DefaultHash<WTF::Packed<WTF::StringImpl*>>, WTF::HashTraits<WTF::Packed<WTF::StringImpl*>>, WTF::HashTraits<WTF::Packed<WTF::StringImpl*>>>> WTF::HashSet<WTF::Packed<WTF::StringImpl*>, WTF::DefaultHash<WTF::Packed<WTF::StringImpl*>>, WTF::HashTraits<WTF::Packed<WTF::StringImpl*>>, WTF::HashTableTraits, (WTF::ShouldValidateKey)0>::add<WTF::Latin1BufferTranslator, WTF::HashTranslatorCharBuffer<unsigned char>>(WTF::HashTranslatorCharBuffer<unsigned char> const&)::'lambda'()>(WTF::Packed<WTF::StringImpl*>&, WTF::HashTranslatorCharBuffer<unsigned char> const&, WTF::HashTableAddResult<WTF::HashTableIterator<WTF::HashTable<WTF::Packed<WTF::StringImpl*>, WTF::Packed<WTF::StringImpl*>, WTF::IdentityExtractor, WTF::DefaultHash<WTF::Packed<WTF::StringImpl*>>, WTF::HashTraits<WTF::Packed<WTF::StringImpl*>>, WTF::HashTraits<WTF::Packed<WTF::StringImpl*>>, WTF::FastMalloc>, WTF::Packed<WTF::StringImpl*>, WTF::Packed<WTF::StringImpl*>, WTF::IdentityExtractor, WTF::DefaultHash<WTF::Packed<WTF::StringImpl*>>, WTF::HashTraits<WTF::Packed<WTF::StringImpl*>>, WTF::HashTraits<WTF::Packed<WTF::StringImpl*>>>> WTF::HashSet<WTF::Packed<WTF::StringImpl*>, WTF::DefaultHash<WTF::Packed<WTF::StringImpl*>>, WTF::HashTraits<WTF::Packed<WTF::StringImpl*>>, WTF::HashTableTraits, (WTF::ShouldValidateKey)0>::add<WTF::Latin1BufferTranslator, WTF::HashTranslatorCharBuffer<unsigned char>>(WTF::HashTranslatorCharBuffer<unsigned char> const&)::'lambda'() const&, unsigned int) /root/WebKit/Source/WTF/wtf/HashSet.h:251:9 (jsc+0x25ed36c)
    #9 WTF::HashTableAddResult<WTF::HashTableIterator<WTF::HashTable<WTF::Packed<WTF::StringImpl*>, WTF::Packed<WTF::StringImpl*>, WTF::IdentityExtractor, WTF::DefaultHash<WTF::Packed<WTF::StringImpl*>>, WTF::HashTraits<WTF::Packed<WTF::StringImpl*>>, WTF::HashTraits<WTF::Packed<WTF::StringImpl*>>, WTF::FastMalloc>, WTF::Packed<WTF::StringImpl*>, WTF::Packed<WTF::StringImpl*>, WTF::IdentityExtractor, WTF::DefaultHash<WTF::Packed<WTF::StringImpl*>>, WTF::HashTraits<WTF::Packed<WTF::StringImpl*>>, WTF::HashTraits<WTF::Packed<WTF::StringImpl*>>>> WTF::HashTable<WTF::Packed<WTF::StringImpl*>, WTF::Packed<WTF::StringImpl*>, WTF::IdentityExtractor, WTF::DefaultHash<WTF::Packed<WTF::StringImpl*>>, WTF::HashTraits<WTF::Packed<WTF::StringImpl*>>, WTF::HashTraits<WTF::Packed<WTF::StringImpl*>>, WTF::FastMalloc>::addPassingHashCode<WTF::HashSetTranslatorAdapter<WTF::Latin1BufferTranslator>, (WTF::ShouldValidateKey)0, WTF::HashTranslatorCharBuffer<unsigned char> const&, WTF::HashTableAddResult<WTF::HashTableIterator<WTF::HashTable<WTF::Packed<WTF::StringImpl*>, WTF::Packed<WTF::StringImpl*>, WTF::IdentityExtractor, WTF::DefaultHash<WTF::Packed<WTF::StringImpl*>>, WTF::HashTraits<WTF::Packed<WTF::StringImpl*>>, WTF::HashTraits<WTF::Packed<WTF::StringImpl*>>, WTF::FastMalloc>, WTF::Packed<WTF::StringImpl*>, WTF::Packed<WTF::StringImpl*>, WTF::IdentityExtractor, WTF::DefaultHash<WTF::Packed<WTF::StringImpl*>>, WTF::HashTraits<WTF::Packed<WTF::StringImpl*>>, WTF::HashTraits<WTF::Packed<WTF::StringImpl*>>>> WTF::HashSet<WTF::Packed<WTF::StringImpl*>, WTF::DefaultHash<WTF::Packed<WTF::StringImpl*>>, WTF::HashTraits<WTF::Packed<WTF::StringImpl*>>, WTF::HashTableTraits, (WTF::ShouldValidateKey)0>::add<WTF::Latin1BufferTranslator, WTF::HashTranslatorCharBuffer<unsigned char>>(WTF::HashTranslatorCharBuffer<unsigned char> const&)::'lambda'()>(WTF::HashTranslatorCharBuffer<unsigned char> const&, WTF::HashTableAddResult<WTF::HashTableIterator<WTF::HashTable<WTF::Packed<WTF::StringImpl*>, WTF::Packed<WTF::StringImpl*>, WTF::IdentityExtractor, WTF::DefaultHash<WTF::Packed<WTF::StringImpl*>>, WTF::HashTraits<WTF::Packed<WTF::StringImpl*>>, WTF::HashTraits<WTF::Packed<WTF::StringImpl*>>, WTF::FastMalloc>, WTF::Packed<WTF::StringImpl*>, WTF::Packed<WTF::StringImpl*>, WTF::IdentityExtractor, WTF::DefaultHash<WTF::Packed<WTF::StringImpl*>>, WTF::HashTraits<WTF::Packed<WTF::StringImpl*>>, WTF::HashTraits<WTF::Packed<WTF::StringImpl*>>>> WTF::HashSet<WTF::Packed<WTF::StringImpl*>, WTF::DefaultHash<WTF::Packed<WTF::StringImpl*>>, WTF::HashTraits<WTF::Packed<WTF::StringImpl*>>, WTF::HashTableTraits, (WTF::ShouldValidateKey)0>::add<WTF::Latin1BufferTranslator, WTF::HashTranslatorCharBuffer<unsigned char>>(WTF::HashTranslatorCharBuffer<unsigned char> const&)::'lambda'() const&) /root/WebKit/Source/WTF/wtf/HashTable.h:972:9 (jsc+0x25ed36c)
    #10 WTF::HashTableAddResult<WTF::HashTableIterator<WTF::HashTable<WTF::Packed<WTF::StringImpl*>, WTF::Packed<WTF::StringImpl*>, WTF::IdentityExtractor, WTF::DefaultHash<WTF::Packed<WTF::StringImpl*>>, WTF::HashTraits<WTF::Packed<WTF::StringImpl*>>, WTF::HashTraits<WTF::Packed<WTF::StringImpl*>>, WTF::FastMalloc>, WTF::Packed<WTF::StringImpl*>, WTF::Packed<WTF::StringImpl*>, WTF::IdentityExtractor, WTF::DefaultHash<WTF::Packed<WTF::StringImpl*>>, WTF::HashTraits<WTF::Packed<WTF::StringImpl*>>, WTF::HashTraits<WTF::Packed<WTF::StringImpl*>>>> WTF::HashSet<WTF::Packed<WTF::StringImpl*>, WTF::DefaultHash<WTF::Packed<WTF::StringImpl*>>, WTF::HashTraits<WTF::Packed<WTF::StringImpl*>>, WTF::HashTableTraits, (WTF::ShouldValidateKey)0>::add<WTF::Latin1BufferTranslator, WTF::HashTranslatorCharBuffer<unsigned char>>(WTF::HashTranslatorCharBuffer<unsigned char> const&) /root/WebKit/Source/WTF/wtf/HashSet.h:386:28 (jsc+0x25ecf78)
    #11 WTF::Ref<WTF::AtomStringImpl, WTF::RawPtrTraits<WTF::AtomStringImpl>, WTF::DefaultRefDerefTraits<WTF::AtomStringImpl>> WTF::addToSharedStringTable<WTF::HashTranslatorCharBuffer<unsigned char>, WTF::Latin1BufferTranslator>(WTF::SharedAtomStringTable::Shard&, WTF::HashTranslatorCharBuffer<unsigned char> const&) /root/WebKit/Source/WTF/wtf/text/AtomStringImpl.cpp:101:34 (jsc+0x25ecf78)
    #12 WTF::Ref<WTF::AtomStringImpl, WTF::RawPtrTraits<WTF::AtomStringImpl>, WTF::DefaultRefDerefTraits<WTF::AtomStringImpl>> WTF::addToStringTable<WTF::HashTranslatorCharBuffer<unsigned char>, WTF::Latin1BufferTranslator>(WTF::HashTranslatorCharBuffer<unsigned char> const&) /root/WebKit/Source/WTF/wtf/text/AtomStringImpl.cpp:131:16 (jsc+0x25e6602)
    #13 WTF::AtomStringImpl::add(WTF::HashTranslatorCharBuffer<unsigned char>&) /root/WebKit/Source/WTF/wtf/text/AtomStringImpl.cpp:324:12 (jsc+0x25e6473)
    #14 auto JSC::jsSubstringOfResolved(JSC::VM&, JSC::GCDeferralContext*, JSC::JSString*, unsigned int, unsigned int)::'lambda'(JSC::VM&, auto&)::operator()<WTF::HashTranslatorCharBuffer<unsigned char>>(JSC::VM&, auto&) const /root/WebKit/Source/JavaScriptCore/runtime/JSStringInlines.h:905:29 (jsc+0x7d3501)
    #15 JSC::JSString* JSC::KeyAtomStringCache::make<WTF::HashTranslatorCharBuffer<unsigned char>, JSC::jsSubstringOfResolved(JSC::VM&, JSC::GCDeferralContext*, JSC::JSString*, unsigned int, unsigned int)::'lambda'(JSC::VM&, auto&)>(JSC::VM&, auto&, JSC::jsSubstringOfResolved(JSC::VM&, JSC::GCDeferralContext*, JSC::JSString*, unsigned int, unsigned int)::'lambda'(JSC::VM&, auto&) const&) /root/WebKit/Source/JavaScriptCore/runtime/KeyAtomStringCacheInlines.h:67:24 (jsc+0x7d3383)
    #16 JSC::jsSubstringOfResolved(JSC::VM&, JSC::GCDeferralContext*, JSC::JSString*, unsigned int, unsigned int) /root/WebKit/Source/JavaScriptCore/runtime/JSStringInlines.h:910:42 (jsc+0x7d3383)
    #17 JSC::createRegExpMatchesArrayForPlainRegExp(JSC::VM&, JSC::JSGlobalObject*, JSC::JSString*, JSC::MatchResult const&, std::span<int const, 18446744073709551615ul>, unsigned int) /root/WebKit/Source/JavaScriptCore/runtime/RegExpMatchesArray.h:98:21 (jsc+0x7d25c5)
    #18 JSC::createRegExpMatchesArray(JSC::VM&, JSC::JSGlobalObject*, JSC::JSString*, WTF::StringView, JSC::RegExp*, unsigned int, JSC::MatchResult&) /root/WebKit/Source/JavaScriptCore/runtime/RegExpMatchesArray.h:127:16 (jsc+0x766e4b)
    #19 JSC::RegExpObject::execInline(JSC::JSGlobalObject*, JSC::JSString*) /root/WebKit/Source/JavaScriptCore/runtime/RegExpObjectInlines.h:236:22 (jsc+0x765a68)
    #20 JSC::RegExpObject::exec(JSC::JSGlobalObject*, JSC::JSString*) /root/WebKit/Source/JavaScriptCore/runtime/RegExpObject.cpp:161:12 (jsc+0x1875b7f)
    #21 JSC::regExpProtoFuncExec(JSC::JSGlobalObject*, JSC::CallFrame*) /root/WebKit/Source/JavaScriptCore/runtime/RegExpPrototype.cpp:190:5 (jsc+0x1875b7f)
    #22 <null> <null> (0x7f90401ff157)
    #23 JSC::Interpreter::executeCall(JSC::JSObject*, JSC::CallData const&, JSC::JSValue, JSC::JSCell*, JSC::ArgList const&) /root/WebKit/Source/JavaScriptCore/interpreter/Interpreter.cpp (jsc+0xe8b88d)
    #24 JSC::call(JSC::JSGlobalObject*, JSC::JSValue, JSC::CallData const&, JSC::JSValue, JSC::ArgList const&) /root/WebKit/Source/JavaScriptCore/runtime/CallData.cpp:70:27 (jsc+0x1360d91)
    #25 JSC::call(JSC::JSGlobalObject*, JSC::JSValue, JSC::CallData const&, JSC::JSValue, JSC::ArgList const&, WTF::NakedPtr<JSC::Exception>&) /root/WebKit/Source/JavaScriptCore/runtime/CallData.cpp:77:22 (jsc+0x1360d91)
    #26 JSC::threadMain(JSC::VM&, WTF::Ref<JSC::ThreadState, WTF::RawPtrTraits<JSC::ThreadState>, WTF::DefaultRefDerefTraits<JSC::ThreadState>>) /root/WebKit/Source/JavaScriptCore/runtime/ThreadObject.cpp:241:30 (jsc+0x19a4ddc)
    #27 JSC::constructThread(JSC::JSGlobalObject*, JSC::CallFrame*)::$_0::operator()() /root/WebKit/Source/JavaScriptCore/runtime/ThreadObject.cpp:468:9 (jsc+0x19a4ddc)
    #28 WTF::Detail::CallableWrapper<JSC::constructThread(JSC::JSGlobalObject*, JSC::CallFrame*)::$_0, void>::call() /root/WebKit/WebKitBuild/TSan/WTF/Headers/wtf/Function.h:59:39 (jsc+0x19a4ddc)
    #29 WTF::Function<void ()>::operator()() const /root/WebKit/Source/WTF/wtf/Function.h:103:35 (jsc+0x25b59c5)
    #30 WTF::Thread::entryPoint(WTF::Thread::NewThreadContext*) /root/WebKit/Source/WTF/wtf/Threading.cpp:312:5 (jsc+0x25b59c5)
    #31 WTF::wtfThreadEntryPoint(void*) /root/WebKit/Source/WTF/wtf/posix/ThreadingPOSIX.cpp:264:5 (jsc+0x260f949)

  Thread T5 'JITWorker' (tid=2802588, running) created by thread T4 at:
    #0 pthread_create /home/runner/work/llvm-project/llvm-project/compiler-rt/lib/tsan/rtl/tsan_interceptors_posix.cpp:1090:3 (jsc+0x13ff1a)
    #1 WTF::Thread::establishHandle(WTF::Thread::NewThreadContext&, WTF::StackAllocationSpecification, WTF::ThreadQOS, WTF::ThreadSchedulingPolicy) /root/WebKit/Source/WTF/wtf/posix/ThreadingPOSIX.cpp:354:17 (jsc+0x260f835)
    #2 WTF::Thread::create(WTF::ASCIILiteral, WTF::Function<void ()>&&, WTF::ThreadType, WTF::ThreadQOS, WTF::ThreadSchedulingPolicy, WTF::StackAllocationSpecification) /root/WebKit/Source/WTF/wtf/Threading.cpp:330:32 (jsc+0x25b5d03)
    #3 WTF::AutomaticThread::start(WTF::AbstractLocker const&) /root/WebKit/Source/WTF/wtf/AutomaticThread.cpp:189:5 (jsc+0x2589529)
    #4 WTF::AutomaticThreadCondition::notifyOne(WTF::AbstractLocker const&) /root/WebKit/Source/WTF/wtf/AutomaticThread.cpp:60:21 (jsc+0x2589329)
    #5 JSC::JITWorklist::wakeThreads(WTF::AbstractLocker const&, unsigned int) /root/WebKit/Source/JavaScriptCore/jit/JITWorklist.cpp:162:25 (jsc+0x1043a26)
    #6 JSC::JITWorklist::enqueue(WTF::Ref<JSC::JITPlan, WTF::RawPtrTraits<JSC::JITPlan>, WTF::DefaultRefDerefTraits<JSC::JITPlan>>) /root/WebKit/Source/JavaScriptCore/jit/JITWorklist.cpp:245:5 (jsc+0x1044292)
    #7 JSC::LLInt::jitCompileAndSetHeuristics(JSC::VM&, JSC::CodeBlock*) /root/WebKit/Source/JavaScriptCore/llint/LLIntSlowPaths.cpp:501:45 (jsc+0x107dfc7)
    #8 JSC::LLInt::entryOSR(JSC::CodeBlock*, char const*, JSC::LLInt::EntryKind) /root/WebKit/Source/JavaScriptCore/llint/LLIntSlowPaths.cpp:523:10 (jsc+0x107d202)
    #9 llint_entry_osr_function_for_call /root/WebKit/Source/JavaScriptCore/llint/LLIntSlowPaths.cpp:550:12 (jsc+0x107d462)
    #10 llint_function_for_call_prologue LowLevelInterpreter.cpp (jsc+0x1e0569e)
    #11 JSC::replaceUsingRegExpSearch(JSC::VM&, JSC::JSGlobalObject*, JSC::JSString*, JSC::JSValue, JSC::JSValue) /root/WebKit/Source/JavaScriptCore/runtime/StringPrototype.cpp:597:5 (jsc+0x18ef339)
    #12 JSC::stringProtoFuncReplace(JSC::JSGlobalObject*, JSC::CallFrame*) /root/WebKit/Source/JavaScriptCore/runtime/StringPrototype.cpp:618:13 (jsc+0x18cddaa)
    #13 <null> <null> (0x7f90401ff157)
    #14 JSC::Interpreter::executeCall(JSC::JSObject*, JSC::CallData const&, JSC::JSValue, JSC::JSCell*, JSC::ArgList const&) /root/WebKit/Source/JavaScriptCore/interpreter/Interpreter.cpp (jsc+0xe8b88d)
    #15 JSC::call(JSC::JSGlobalObject*, JSC::JSValue, JSC::CallData const&, JSC::JSValue, JSC::ArgList const&) /root/WebKit/Source/JavaScriptCore/runtime/CallData.cpp:70:27 (jsc+0x1360d91)
    #16 JSC::call(JSC::JSGlobalObject*, JSC::JSValue, JSC::CallData const&, JSC::JSValue, JSC::ArgList const&, WTF::NakedPtr<JSC::Exception>&) /root/WebKit/Source/JavaScriptCore/runtime/CallData.cpp:77:22 (jsc+0x1360d91)
    #17 JSC::threadMain(JSC::VM&, WTF::Ref<JSC::ThreadState, WTF::RawPtrTraits<JSC::ThreadState>, WTF::DefaultRefDerefTraits<JSC::ThreadState>>) /root/WebKit/Source/JavaScriptCore/runtime/ThreadObject.cpp:241:30 (jsc+0x19a4ddc)
    #18 JSC::constructThread(JSC::JSGlobalObject*, JSC::CallFrame*)::$_0::operator()() /root/WebKit/Source/JavaScriptCore/runtime/ThreadObject.cpp:468:9 (jsc+0x19a4ddc)
    #19 WTF::Detail::CallableWrapper<JSC::constructThread(JSC::JSGlobalObject*, JSC::CallFrame*)::$_0, void>::call() /root/WebKit/WebKitBuild/TSan/WTF/Headers/wtf/Function.h:59:39 (jsc+0x19a4ddc)
    #20 WTF::Function<void ()>::operator()() const /root/WebKit/Source/WTF/wtf/Function.h:103:35 (jsc+0x25b59c5)
    #21 WTF::Thread::entryPoint(WTF::Thread::NewThreadContext*) /root/WebKit/Source/WTF/wtf/Threading.cpp:312:5 (jsc+0x25b59c5)
    #22 WTF::wtfThreadEntryPoint(void*) /root/WebKit/Source/WTF/wtf/posix/ThreadingPOSIX.cpp:264:5 (jsc+0x260f949)

  Thread T1 'JS Thread' (tid=2802550, running) created by main thread at:
    #0 pthread_create /home/runner/work/llvm-project/llvm-project/compiler-rt/lib/tsan/rtl/tsan_interceptors_posix.cpp:1090:3 (jsc+0x13ff1a)
    #1 WTF::Thread::establishHandle(WTF::Thread::NewThreadContext&, WTF::StackAllocationSpecification, WTF::ThreadQOS, WTF::ThreadSchedulingPolicy) /root/WebKit/Source/WTF/wtf/posix/ThreadingPOSIX.cpp:354:17 (jsc+0x260f835)
    #2 WTF::Thread::create(WTF::ASCIILiteral, WTF::Function<void ()>&&, WTF::ThreadType, WTF::ThreadQOS, WTF::ThreadSchedulingPolicy, WTF::StackAllocationSpecification) /root/WebKit/Source/WTF/wtf/Threading.cpp:330:32 (jsc+0x25b5d03)
    #3 JSC::constructThread(JSC::JSGlobalObject*, JSC::CallFrame*) /root/WebKit/Source/JavaScriptCore/runtime/ThreadObject.cpp:467:5 (jsc+0x199d36f)
    #4 <null> <null> (0x7f90401ff217)
    #5 JSC::evaluate(JSC::JSGlobalObject*, JSC::SourceCode const&, JSC::JSValue, WTF::NakedPtr<JSC::Exception>&) /root/WebKit/Source/JavaScriptCore/runtime/Completion.cpp:145:37 (jsc+0x13c3de3)
    #6 runWithOptions(GlobalObject*, CommandLine&, bool&) /root/WebKit/Source/JavaScriptCore/jsc.cpp:3957:35 (jsc+0x1cafc5)
    #7 jscmain(int, char**)::$_0::operator()(JSC::VM&, GlobalObject*, bool&) const /root/WebKit/Source/JavaScriptCore/jsc.cpp:4686:13 (jsc+0x1cafc5)
    #8 int runJSC<jscmain(int, char**)::$_0>(CommandLine const&, bool, jscmain(int, char**)::$_0 const&) /root/WebKit/Source/JavaScriptCore/jsc.cpp:4472:13 (jsc+0x1cafc5)
    #9 jscmain(int, char**) /root/WebKit/Source/JavaScriptCore/jsc.cpp:4679:18 (jsc+0x1cafc5)
    #10 main /root/WebKit/Source/JavaScriptCore/jsc.cpp:3715:15 (jsc+0x1c9803)

SUMMARY: ThreadSanitizer: data race /root/WebKit/WebKitBuild/TSan/WTF/Headers/wtf/text/StringImpl.h:192:59 in WTF::StringImplShape::hashAndFlags() const
==================
ThreadSanitizer: reported 4 warnings
