JSC: disabling useWasm under GIL-off (wasm glue still reads the raw VM-block exception word; not yet audited for UNGIL §A.1.3 COMPILED-FOR-VM; see AB-17 status block in VMEntryScope.cpp).
==================
WARNING: ThreadSanitizer: data race (pid=3022802)
  Atomic read of size 8 at 0x7204000020b0 by thread T3:
    #0 std::__atomic_base<unsigned long>::load(std::memory_order) const /usr/lib/gcc/x86_64-amazon-linux/14/../../../../include/c++/14/bits/atomic_base.h:501:9 (jsc+0x36ee0e)
    #1 WTF::Atomic<unsigned long>::load(std::memory_order) const /root/WebKit/WebKitBuild/TSan/WTF/Headers/wtf/Atomics.h:55:100 (jsc+0x36ee0e)
    #2 unsigned long WTF::atomicLoad<unsigned long>(unsigned long*, std::memory_order) /root/WebKit/WebKitBuild/TSan/WTF/Headers/wtf/Atomics.h:162:49 (jsc+0x36ee0e)
    #3 WTF::ConcurrentBuffer<std::unique_ptr<WTF::ConcurrentVector<JSC::CompressedLazyValueProfileHolder::LazyValueProfileHolder::SpeculationFailureValueProfileBucket, 8ul>::Segment, std::default_delete<WTF::ConcurrentVector<JSC::CompressedLazyValueProfileHolder::LazyValueProfileHolder::SpeculationFailureValueProfileBucket, 8ul>::Segment>>>::Array::sizeConcurrently() const /root/WebKit/WebKitBuild/TSan/WTF/Headers/wtf/ConcurrentBuffer.h:91:50 (jsc+0x36ee0e)
    #4 WTF::ConcurrentBuffer<std::unique_ptr<WTF::ConcurrentVector<JSC::CompressedLazyValueProfileHolder::LazyValueProfileHolder::SpeculationFailureValueProfileBucket, 8ul>::Segment, std::default_delete<WTF::ConcurrentVector<JSC::CompressedLazyValueProfileHolder::LazyValueProfileHolder::SpeculationFailureValueProfileBucket, 8ul>::Segment>>>::Array::span() /root/WebKit/WebKitBuild/TSan/WTF/Headers/wtf/ConcurrentBuffer.h:92:74 (jsc+0x36ee0e)
    #5 WTF::ConcurrentBuffer<std::unique_ptr<WTF::ConcurrentVector<JSC::CompressedLazyValueProfileHolder::LazyValueProfileHolder::SpeculationFailureValueProfileBucket, 8ul>::Segment, std::default_delete<WTF::ConcurrentVector<JSC::CompressedLazyValueProfileHolder::LazyValueProfileHolder::SpeculationFailureValueProfileBucket, 8ul>::Segment>>>::operator[](unsigned long) /root/WebKit/WebKitBuild/TSan/WTF/Headers/wtf/ConcurrentBuffer.h:101:78 (jsc+0x36ee0e)
    #6 WTF::ConcurrentVector<JSC::CompressedLazyValueProfileHolder::LazyValueProfileHolder::SpeculationFailureValueProfileBucket, 8ul>::segmentFor(unsigned long) /root/WebKit/WebKitBuild/TSan/WTF/Headers/wtf/ConcurrentVector.h:246:58 (jsc+0x36ee0e)
    #7 WTF::ConcurrentVector<JSC::CompressedLazyValueProfileHolder::LazyValueProfileHolder::SpeculationFailureValueProfileBucket, 8ul>::at(unsigned long) /root/WebKit/WebKitBuild/TSan/WTF/Headers/wtf/ConcurrentVector.h:120:16 (jsc+0x36ee0e)
    #8 WTF::ConcurrentVectorIterator<JSC::CompressedLazyValueProfileHolder::LazyValueProfileHolder::SpeculationFailureValueProfileBucket, 8ul>::operator*() const /root/WebKit/WebKitBuild/TSan/WTF/Headers/wtf/ConcurrentVector.h:48:44 (jsc+0x36ee0e)
    #9 JSC::CompressedLazyValueProfileHolder::speculationFailureValueProfileBucketsMap() /root/WebKit/Source/JavaScriptCore/bytecode/LazyValueProfile.cpp:105:25 (jsc+0x36ee0e)
    #10 JSC::DFG::ByteCodeParser::InlineStackEntry::InlineStackEntry(JSC::DFG::ByteCodeParser*, JSC::CodeBlock*, JSC::CodeBlock*, JSC::JSFunction*, JSC::Operand, JSC::VirtualRegister, int, JSC::InlineCallFrame::Kind, JSC::DFG::BasicBlock*) /root/WebKit/Source/JavaScriptCore/dfg/DFGByteCodeParser.cpp:10830:78 (jsc+0x561558)
    #11 void JSC::DFG::ByteCodeParser::inlineCall<JSC::DFG::ByteCodeParser::handleCallVariant(JSC::DFG::Node*, JSC::Operand, JSC::CallVariant, int, JSC::VirtualRegister, int, JSC::BytecodeIndex, JSC::DFG::NodeType, JSC::InlineCallFrame::Kind, unsigned long, JSC::DFG::Node*, unsigned int&, JSC::DFG::BasicBlock*, bool)::$_2>(JSC::DFG::Node*, JSC::Operand, JSC::CallVariant, int, int, JSC::InlineCallFrame::Kind, JSC::DFG::BasicBlock*, JSC::DFG::ByteCodeParser::handleCallVariant(JSC::DFG::Node*, JSC::Operand, JSC::CallVariant, int, JSC::VirtualRegister, int, JSC::BytecodeIndex, JSC::DFG::NodeType, JSC::InlineCallFrame::Kind, unsigned long, JSC::DFG::Node*, unsigned int&, JSC::DFG::BasicBlock*, bool)::$_2 const&) /root/WebKit/Source/JavaScriptCore/dfg/DFGByteCodeParser.cpp:1889:22 (jsc+0x515377)
    #12 JSC::DFG::ByteCodeParser::handleCallVariant(JSC::DFG::Node*, JSC::Operand, JSC::CallVariant, int, JSC::VirtualRegister, int, JSC::BytecodeIndex, JSC::DFG::NodeType, JSC::InlineCallFrame::Kind, unsigned long, JSC::DFG::Node*, unsigned int&, JSC::DFG::BasicBlock*, bool) /root/WebKit/Source/JavaScriptCore/dfg/DFGByteCodeParser.cpp:2127:5 (jsc+0x515377)
    #13 JSC::DFG::ByteCodeParser::handleInlining(JSC::DFG::Node*, JSC::Operand, JSC::CallLinkStatus const&, int, JSC::VirtualRegister, int, JSC::BytecodeIndex, JSC::DFG::NodeType, JSC::InlineCallFrame::Kind, unsigned long, JSC::DFG::Node*, JSC::ECMAMode) /root/WebKit/Source/JavaScriptCore/dfg/DFGByteCodeParser.cpp:2440:31 (jsc+0x5109f1)
    #14 JSC::DFG::ByteCodeParser::handleCall(JSC::Operand, JSC::DFG::NodeType, JSC::InlineCallFrame::Kind, JSC::BytecodeIndex, JSC::DFG::Node*, int, int, JSC::CallLinkStatus, unsigned long, JSC::DFG::Node*, JSC::ECMAMode) /root/WebKit/Source/JavaScriptCore/dfg/DFGByteCodeParser.cpp:1497:35 (jsc+0x50fe10)
    #15 JSC::DFG::ByteCodeParser::Terminality JSC::DFG::ByteCodeParser::handleCall<JSC::OpCall>(JSC::BaseInstruction<JSC::JSOpcodeTraits> const*, JSC::DFG::NodeType, JSC::CallMode, JSC::BytecodeIndex, JSC::DFG::Node*) /root/WebKit/Source/JavaScriptCore/dfg/DFGByteCodeParser.cpp:1470:12 (jsc+0x555df9)
    #16 JSC::DFG::ByteCodeParser::parseBlock(unsigned int) /root/WebKit/Source/JavaScriptCore/dfg/DFGByteCodeParser.cpp:9549:13 (jsc+0x52a25d)
    #17 JSC::DFG::ByteCodeParser::parseCodeBlock() /root/WebKit/Source/JavaScriptCore/dfg/DFGByteCodeParser.cpp:10992:13 (jsc+0x563ac7)
    #18 JSC::DFG::ByteCodeParser::parse() /root/WebKit/Source/JavaScriptCore/dfg/DFGByteCodeParser.cpp:13043:5 (jsc+0x56da3e)
    #19 JSC::DFG::parse(JSC::DFG::Graph&) /root/WebKit/Source/JavaScriptCore/dfg/DFGByteCodeParser.cpp:13083:34 (jsc+0x56e0c5)
    #20 JSC::DFG::Plan::compileInThreadImpl() /root/WebKit/Source/JavaScriptCore/dfg/DFGPlan.cpp:255:14 (jsc+0x8b0c40)
    #21 JSC::JITPlan::compileInThread(JSC::JITWorklistThread*) /root/WebKit/Source/JavaScriptCore/jit/JITPlan.cpp:283:28 (jsc+0xfdf13d)
    #22 JSC::JITWorklistThread::work() /root/WebKit/Source/JavaScriptCore/jit/JITWorklistThread.cpp:145:13 (jsc+0x1049abb)
    #23 WTF::AutomaticThread::start(WTF::AbstractLocker const&)::$_0::operator()() const /root/WebKit/Source/WTF/wtf/AutomaticThread.cpp:260:37 (jsc+0x258a42c)
    #24 WTF::Detail::CallableWrapper<WTF::AutomaticThread::start(WTF::AbstractLocker const&)::$_0, void>::call() /root/WebKit/Source/WTF/wtf/Function.h:59:39 (jsc+0x258a42c)
    #25 WTF::Function<void ()>::operator()() const /root/WebKit/Source/WTF/wtf/Function.h:103:35 (jsc+0x25b5345)
    #26 WTF::Thread::entryPoint(WTF::Thread::NewThreadContext*) /root/WebKit/Source/WTF/wtf/Threading.cpp:312:5 (jsc+0x25b5345)
    #27 WTF::wtfThreadEntryPoint(void*) /root/WebKit/Source/WTF/wtf/posix/ThreadingPOSIX.cpp:264:5 (jsc+0x260f2f9)

  Previous write of size 8 at 0x7204000020b0 by main thread:
    #0 malloc /home/runner/work/llvm-project/llvm-project/compiler-rt/lib/tsan/rtl/tsan_interceptors_posix.cpp:682:5 (jsc+0x13dc20)
    #1 bmalloc::api::malloc(unsigned long, bmalloc::CompactAllocationMode, bmalloc::HeapKind) /root/WebKit/WebKitBuild/TSan/bmalloc/Headers/bmalloc/bmalloc.h:96:20 (jsc+0x2598589)
    #2 WTF::fastMalloc(unsigned long) /root/WebKit/Source/WTF/wtf/FastMalloc.cpp:337:20 (jsc+0x2598589)
    #3 WTF::FastMalloc::malloc(unsigned long) /root/WebKit/WebKitBuild/TSan/WTF/Headers/wtf/FastMalloc.h:235:47 (jsc+0x375eb8)
    #4 WTF::ConcurrentBuffer<std::unique_ptr<WTF::ConcurrentVector<JSC::CompressedLazyValueProfileHolder::LazyValueProfileHolder::SpeculationFailureValueProfileBucket, 8ul>::Segment, std::default_delete<WTF::ConcurrentVector<JSC::CompressedLazyValueProfileHolder::LazyValueProfileHolder::SpeculationFailureValueProfileBucket, 8ul>::Segment>>>::createArray(unsigned long) /root/WebKit/WebKitBuild/TSan/WTF/Headers/wtf/ConcurrentBuffer.h:110:41 (jsc+0x375eb8)
    #5 WTF::ConcurrentBuffer<std::unique_ptr<WTF::ConcurrentVector<JSC::CompressedLazyValueProfileHolder::LazyValueProfileHolder::SpeculationFailureValueProfileBucket, 8ul>::Segment, std::default_delete<WTF::ConcurrentVector<JSC::CompressedLazyValueProfileHolder::LazyValueProfileHolder::SpeculationFailureValueProfileBucket, 8ul>::Segment>>>::growExact(unsigned long) /root/WebKit/WebKitBuild/TSan/WTF/Headers/wtf/ConcurrentBuffer.h:64:25 (jsc+0x375eb8)
    #6 WTF::ConcurrentBuffer<std::unique_ptr<WTF::ConcurrentVector<JSC::CompressedLazyValueProfileHolder::LazyValueProfileHolder::SpeculationFailureValueProfileBucket, 8ul>::Segment, std::default_delete<WTF::ConcurrentVector<JSC::CompressedLazyValueProfileHolder::LazyValueProfileHolder::SpeculationFailureValueProfileBucket, 8ul>::Segment>>>::grow(unsigned long) /root/WebKit/WebKitBuild/TSan/WTF/Headers/wtf/ConcurrentBuffer.h:84:9 (jsc+0x36e9dc)
    #7 WTF::ConcurrentVector<JSC::CompressedLazyValueProfileHolder::LazyValueProfileHolder::SpeculationFailureValueProfileBucket, 8ul>::allocateSegment() /root/WebKit/WebKitBuild/TSan/WTF/Headers/wtf/ConcurrentVector.h:274:20 (jsc+0x36e9dc)
    #8 void WTF::ConcurrentVector<JSC::CompressedLazyValueProfileHolder::LazyValueProfileHolder::SpeculationFailureValueProfileBucket, 8ul>::appendConcurrently<std::pair<JSC::BytecodeIndex, JSC::JSValue>>(std::pair<JSC::BytecodeIndex, JSC::JSValue>&&) /root/WebKit/WebKitBuild/TSan/WTF/Headers/wtf/ConcurrentVector.h:193:13 (jsc+0x36e9dc)
    #9 JSC::CompressedLazyValueProfileHolder::addSpeculationFailureValueProfile(JSC::BytecodeIndex) /root/WebKit/Source/JavaScriptCore/bytecode/LazyValueProfile.cpp:96:51 (jsc+0x36e884)
    #10 JSC::MethodOfGettingAValueProfile::emitReportValue(JSC::CCallHelpers&, JSC::CodeBlock*, JSC::JSValueRegs, JSC::X86Registers::RegisterID, JSC::TagRegistersMode) const /root/WebKit/Source/JavaScriptCore/bytecode/MethodOfGettingAValueProfile.cpp:77:62 (jsc+0x36f886)
    #11 JSC::DFG::OSRExit::compileExit(JSC::CCallHelpers&, JSC::VM&, JSC::DFG::OSRExit const&, JSC::Operands<JSC::ValueRecovery, WTF::Vector<JSC::ValueRecovery, 0ul, WTF::UnsafeVectorOverflow, 16ul, WTF::FastMalloc>> const&, JSC::DFG::SpeculationRecovery*, unsigned int) /root/WebKit/Source/JavaScriptCore/dfg/DFGOSRExit.cpp:546:25 (jsc+0x739324)
    #12 operationCompileOSRExit /root/WebKit/Source/JavaScriptCore/dfg/DFGOSRExit.cpp:270:9 (jsc+0x737558)
    #13 <null> <null> (0x7f3eb2e055c8)
    #14 JSC::evaluate(JSC::JSGlobalObject*, JSC::SourceCode const&, JSC::JSValue, WTF::NakedPtr<JSC::Exception>&) /root/WebKit/Source/JavaScriptCore/runtime/Completion.cpp:145:37 (jsc+0x13c37c3)
    #15 runWithOptions(GlobalObject*, CommandLine&, bool&) /root/WebKit/Source/JavaScriptCore/jsc.cpp:3957:35 (jsc+0x1cafc5)
    #16 jscmain(int, char**)::$_0::operator()(JSC::VM&, GlobalObject*, bool&) const /root/WebKit/Source/JavaScriptCore/jsc.cpp:4686:13 (jsc+0x1cafc5)
    #17 int runJSC<jscmain(int, char**)::$_0>(CommandLine const&, bool, jscmain(int, char**)::$_0 const&) /root/WebKit/Source/JavaScriptCore/jsc.cpp:4472:13 (jsc+0x1cafc5)
    #18 jscmain(int, char**) /root/WebKit/Source/JavaScriptCore/jsc.cpp:4679:18 (jsc+0x1cafc5)
    #19 main /root/WebKit/Source/JavaScriptCore/jsc.cpp:3715:15 (jsc+0x1c9803)

  Location is heap block of size 16 at 0x7204000020b0 allocated by main thread:
    #0 malloc /home/runner/work/llvm-project/llvm-project/compiler-rt/lib/tsan/rtl/tsan_interceptors_posix.cpp:682:5 (jsc+0x13dc20)
    #1 bmalloc::api::malloc(unsigned long, bmalloc::CompactAllocationMode, bmalloc::HeapKind) /root/WebKit/WebKitBuild/TSan/bmalloc/Headers/bmalloc/bmalloc.h:96:20 (jsc+0x2598589)
    #2 WTF::fastMalloc(unsigned long) /root/WebKit/Source/WTF/wtf/FastMalloc.cpp:337:20 (jsc+0x2598589)
    #3 WTF::FastMalloc::malloc(unsigned long) /root/WebKit/WebKitBuild/TSan/WTF/Headers/wtf/FastMalloc.h:235:47 (jsc+0x375eb8)
    #4 WTF::ConcurrentBuffer<std::unique_ptr<WTF::ConcurrentVector<JSC::CompressedLazyValueProfileHolder::LazyValueProfileHolder::SpeculationFailureValueProfileBucket, 8ul>::Segment, std::default_delete<WTF::ConcurrentVector<JSC::CompressedLazyValueProfileHolder::LazyValueProfileHolder::SpeculationFailureValueProfileBucket, 8ul>::Segment>>>::createArray(unsigned long) /root/WebKit/WebKitBuild/TSan/WTF/Headers/wtf/ConcurrentBuffer.h:110:41 (jsc+0x375eb8)
    #5 WTF::ConcurrentBuffer<std::unique_ptr<WTF::ConcurrentVector<JSC::CompressedLazyValueProfileHolder::LazyValueProfileHolder::SpeculationFailureValueProfileBucket, 8ul>::Segment, std::default_delete<WTF::ConcurrentVector<JSC::CompressedLazyValueProfileHolder::LazyValueProfileHolder::SpeculationFailureValueProfileBucket, 8ul>::Segment>>>::growExact(unsigned long) /root/WebKit/WebKitBuild/TSan/WTF/Headers/wtf/ConcurrentBuffer.h:64:25 (jsc+0x375eb8)
    #6 WTF::ConcurrentBuffer<std::unique_ptr<WTF::ConcurrentVector<JSC::CompressedLazyValueProfileHolder::LazyValueProfileHolder::SpeculationFailureValueProfileBucket, 8ul>::Segment, std::default_delete<WTF::ConcurrentVector<JSC::CompressedLazyValueProfileHolder::LazyValueProfileHolder::SpeculationFailureValueProfileBucket, 8ul>::Segment>>>::grow(unsigned long) /root/WebKit/WebKitBuild/TSan/WTF/Headers/wtf/ConcurrentBuffer.h:84:9 (jsc+0x36e9dc)
    #7 WTF::ConcurrentVector<JSC::CompressedLazyValueProfileHolder::LazyValueProfileHolder::SpeculationFailureValueProfileBucket, 8ul>::allocateSegment() /root/WebKit/WebKitBuild/TSan/WTF/Headers/wtf/ConcurrentVector.h:274:20 (jsc+0x36e9dc)
    #8 void WTF::ConcurrentVector<JSC::CompressedLazyValueProfileHolder::LazyValueProfileHolder::SpeculationFailureValueProfileBucket, 8ul>::appendConcurrently<std::pair<JSC::BytecodeIndex, JSC::JSValue>>(std::pair<JSC::BytecodeIndex, JSC::JSValue>&&) /root/WebKit/WebKitBuild/TSan/WTF/Headers/wtf/ConcurrentVector.h:193:13 (jsc+0x36e9dc)
    #9 JSC::CompressedLazyValueProfileHolder::addSpeculationFailureValueProfile(JSC::BytecodeIndex) /root/WebKit/Source/JavaScriptCore/bytecode/LazyValueProfile.cpp:96:51 (jsc+0x36e884)
    #10 JSC::MethodOfGettingAValueProfile::emitReportValue(JSC::CCallHelpers&, JSC::CodeBlock*, JSC::JSValueRegs, JSC::X86Registers::RegisterID, JSC::TagRegistersMode) const /root/WebKit/Source/JavaScriptCore/bytecode/MethodOfGettingAValueProfile.cpp:77:62 (jsc+0x36f886)
    #11 JSC::DFG::OSRExit::compileExit(JSC::CCallHelpers&, JSC::VM&, JSC::DFG::OSRExit const&, JSC::Operands<JSC::ValueRecovery, WTF::Vector<JSC::ValueRecovery, 0ul, WTF::UnsafeVectorOverflow, 16ul, WTF::FastMalloc>> const&, JSC::DFG::SpeculationRecovery*, unsigned int) /root/WebKit/Source/JavaScriptCore/dfg/DFGOSRExit.cpp:546:25 (jsc+0x739324)
    #12 operationCompileOSRExit /root/WebKit/Source/JavaScriptCore/dfg/DFGOSRExit.cpp:270:9 (jsc+0x737558)
    #13 <null> <null> (0x7f3eb2e055c8)
    #14 JSC::evaluate(JSC::JSGlobalObject*, JSC::SourceCode const&, JSC::JSValue, WTF::NakedPtr<JSC::Exception>&) /root/WebKit/Source/JavaScriptCore/runtime/Completion.cpp:145:37 (jsc+0x13c37c3)
    #15 runWithOptions(GlobalObject*, CommandLine&, bool&) /root/WebKit/Source/JavaScriptCore/jsc.cpp:3957:35 (jsc+0x1cafc5)
    #16 jscmain(int, char**)::$_0::operator()(JSC::VM&, GlobalObject*, bool&) const /root/WebKit/Source/JavaScriptCore/jsc.cpp:4686:13 (jsc+0x1cafc5)
    #17 int runJSC<jscmain(int, char**)::$_0>(CommandLine const&, bool, jscmain(int, char**)::$_0 const&) /root/WebKit/Source/JavaScriptCore/jsc.cpp:4472:13 (jsc+0x1cafc5)
    #18 jscmain(int, char**) /root/WebKit/Source/JavaScriptCore/jsc.cpp:4679:18 (jsc+0x1cafc5)
    #19 main /root/WebKit/Source/JavaScriptCore/jsc.cpp:3715:15 (jsc+0x1c9803)

  Thread T3 'JITWorker' (tid=3022821, running) created by thread T2 at:
    #0 pthread_create /home/runner/work/llvm-project/llvm-project/compiler-rt/lib/tsan/rtl/tsan_interceptors_posix.cpp:1090:3 (jsc+0x13ff1a)
    #1 WTF::Thread::establishHandle(WTF::Thread::NewThreadContext&, WTF::StackAllocationSpecification, WTF::ThreadQOS, WTF::ThreadSchedulingPolicy) /root/WebKit/Source/WTF/wtf/posix/ThreadingPOSIX.cpp:354:17 (jsc+0x260f1e5)
    #2 WTF::Thread::create(WTF::ASCIILiteral, WTF::Function<void ()>&&, WTF::ThreadType, WTF::ThreadQOS, WTF::ThreadSchedulingPolicy, WTF::StackAllocationSpecification) /root/WebKit/Source/WTF/wtf/Threading.cpp:330:32 (jsc+0x25b56a5)
    #3 WTF::AutomaticThread::start(WTF::AbstractLocker const&) /root/WebKit/Source/WTF/wtf/AutomaticThread.cpp:189:5 (jsc+0x2588ea9)
    #4 WTF::AutomaticThreadCondition::notifyOne(WTF::AbstractLocker const&) /root/WebKit/Source/WTF/wtf/AutomaticThread.cpp:60:21 (jsc+0x2588ca9)
    #5 JSC::JITWorklist::wakeThreads(WTF::AbstractLocker const&, unsigned int) /root/WebKit/Source/JavaScriptCore/jit/JITWorklist.cpp:162:25 (jsc+0x1043dd6)
    #6 JSC::JITWorklist::enqueue(WTF::Ref<JSC::JITPlan, WTF::RawPtrTraits<JSC::JITPlan>, WTF::DefaultRefDerefTraits<JSC::JITPlan>>) /root/WebKit/Source/JavaScriptCore/jit/JITWorklist.cpp:245:5 (jsc+0x1044642)
    #7 JSC::LLInt::jitCompileAndSetHeuristics(JSC::VM&, JSC::CodeBlock*) /root/WebKit/Source/JavaScriptCore/llint/LLIntSlowPaths.cpp:501:45 (jsc+0x107e377)
    #8 llint_loop_osr /root/WebKit/Source/JavaScriptCore/llint/LLIntSlowPaths.cpp:594:10 (jsc+0x107dbbb)
    #9 llint_op_loop_hint LowLevelInterpreter.cpp (jsc+0x1e2383c)
    #10 JSC::Interpreter::executeCall(JSC::JSObject*, JSC::CallData const&, JSC::JSValue, JSC::JSCell*, JSC::ArgList const&) /root/WebKit/Source/JavaScriptCore/interpreter/Interpreter.cpp (jsc+0xe8bd6d)
    #11 JSC::call(JSC::JSGlobalObject*, JSC::JSValue, JSC::CallData const&, JSC::JSValue, JSC::ArgList const&) /root/WebKit/Source/JavaScriptCore/runtime/CallData.cpp:70:27 (jsc+0x1360a71)
    #12 JSC::call(JSC::JSGlobalObject*, JSC::JSValue, JSC::CallData const&, JSC::JSValue, JSC::ArgList const&, WTF::NakedPtr<JSC::Exception>&) /root/WebKit/Source/JavaScriptCore/runtime/CallData.cpp:77:22 (jsc+0x1360a71)
    #13 JSC::threadMain(JSC::VM&, WTF::Ref<JSC::ThreadState, WTF::RawPtrTraits<JSC::ThreadState>, WTF::DefaultRefDerefTraits<JSC::ThreadState>>) /root/WebKit/Source/JavaScriptCore/runtime/ThreadObject.cpp:241:30 (jsc+0x19a443c)
    #14 JSC::constructThread(JSC::JSGlobalObject*, JSC::CallFrame*)::$_0::operator()() /root/WebKit/Source/JavaScriptCore/runtime/ThreadObject.cpp:468:9 (jsc+0x19a443c)
    #15 WTF::Detail::CallableWrapper<JSC::constructThread(JSC::JSGlobalObject*, JSC::CallFrame*)::$_0, void>::call() /root/WebKit/WebKitBuild/TSan/WTF/Headers/wtf/Function.h:59:39 (jsc+0x19a443c)
    #16 WTF::Function<void ()>::operator()() const /root/WebKit/Source/WTF/wtf/Function.h:103:35 (jsc+0x25b5345)
    #17 WTF::Thread::entryPoint(WTF::Thread::NewThreadContext*) /root/WebKit/Source/WTF/wtf/Threading.cpp:312:5 (jsc+0x25b5345)
    #18 WTF::wtfThreadEntryPoint(void*) /root/WebKit/Source/WTF/wtf/posix/ThreadingPOSIX.cpp:264:5 (jsc+0x260f2f9)

SUMMARY: ThreadSanitizer: data race /root/WebKit/WebKitBuild/TSan/WTF/Headers/wtf/Atomics.h:55:100 in WTF::Atomic<unsigned long>::load(std::memory_order) const
==================
==================
WARNING: ThreadSanitizer: data race (pid=3022802)
  Atomic read of size 8 at 0x7204000020b8 by thread T3:
    #0 std::__atomic_base<WTF::ConcurrentVector<JSC::CompressedLazyValueProfileHolder::LazyValueProfileHolder::SpeculationFailureValueProfileBucket, 8ul>::Segment*>::load(std::memory_order) const /usr/lib/gcc/x86_64-amazon-linux/14/../../../../include/c++/14/bits/atomic_base.h:833:9 (jsc+0x36ee22)
    #1 std::atomic<WTF::ConcurrentVector<JSC::CompressedLazyValueProfileHolder::LazyValueProfileHolder::SpeculationFailureValueProfileBucket, 8ul>::Segment*>::load(std::memory_order) const /usr/lib/gcc/x86_64-amazon-linux/14/../../../../include/c++/14/atomic:582:21 (jsc+0x36ee22)
    #2 WTF::Atomic<WTF::ConcurrentVector<JSC::CompressedLazyValueProfileHolder::LazyValueProfileHolder::SpeculationFailureValueProfileBucket, 8ul>::Segment*>::load(std::memory_order) const /root/WebKit/WebKitBuild/TSan/WTF/Headers/wtf/Atomics.h:55:100 (jsc+0x36ee22)
    #3 WTF::ConcurrentVector<JSC::CompressedLazyValueProfileHolder::LazyValueProfileHolder::SpeculationFailureValueProfileBucket, 8ul>::Segment* WTF::atomicLoad<WTF::ConcurrentVector<JSC::CompressedLazyValueProfileHolder::LazyValueProfileHolder::SpeculationFailureValueProfileBucket, 8ul>::Segment*>(WTF::ConcurrentVector<JSC::CompressedLazyValueProfileHolder::LazyValueProfileHolder::SpeculationFailureValueProfileBucket, 8ul>::Segment**, std::memory_order) /root/WebKit/WebKitBuild/TSan/WTF/Headers/wtf/Atomics.h:162:49 (jsc+0x36ee22)
    #4 WTF::ConcurrentVector<JSC::CompressedLazyValueProfileHolder::LazyValueProfileHolder::SpeculationFailureValueProfileBucket, 8ul>::segmentFor(unsigned long) /root/WebKit/WebKitBuild/TSan/WTF/Headers/wtf/ConcurrentVector.h:246:16 (jsc+0x36ee22)
    #5 WTF::ConcurrentVector<JSC::CompressedLazyValueProfileHolder::LazyValueProfileHolder::SpeculationFailureValueProfileBucket, 8ul>::at(unsigned long) /root/WebKit/WebKitBuild/TSan/WTF/Headers/wtf/ConcurrentVector.h:120:16 (jsc+0x36ee22)
    #6 WTF::ConcurrentVectorIterator<JSC::CompressedLazyValueProfileHolder::LazyValueProfileHolder::SpeculationFailureValueProfileBucket, 8ul>::operator*() const /root/WebKit/WebKitBuild/TSan/WTF/Headers/wtf/ConcurrentVector.h:48:44 (jsc+0x36ee22)
    #7 JSC::CompressedLazyValueProfileHolder::speculationFailureValueProfileBucketsMap() /root/WebKit/Source/JavaScriptCore/bytecode/LazyValueProfile.cpp:105:25 (jsc+0x36ee22)
    #8 JSC::DFG::ByteCodeParser::InlineStackEntry::InlineStackEntry(JSC::DFG::ByteCodeParser*, JSC::CodeBlock*, JSC::CodeBlock*, JSC::JSFunction*, JSC::Operand, JSC::VirtualRegister, int, JSC::InlineCallFrame::Kind, JSC::DFG::BasicBlock*) /root/WebKit/Source/JavaScriptCore/dfg/DFGByteCodeParser.cpp:10830:78 (jsc+0x561558)
    #9 void JSC::DFG::ByteCodeParser::inlineCall<JSC::DFG::ByteCodeParser::handleCallVariant(JSC::DFG::Node*, JSC::Operand, JSC::CallVariant, int, JSC::VirtualRegister, int, JSC::BytecodeIndex, JSC::DFG::NodeType, JSC::InlineCallFrame::Kind, unsigned long, JSC::DFG::Node*, unsigned int&, JSC::DFG::BasicBlock*, bool)::$_2>(JSC::DFG::Node*, JSC::Operand, JSC::CallVariant, int, int, JSC::InlineCallFrame::Kind, JSC::DFG::BasicBlock*, JSC::DFG::ByteCodeParser::handleCallVariant(JSC::DFG::Node*, JSC::Operand, JSC::CallVariant, int, JSC::VirtualRegister, int, JSC::BytecodeIndex, JSC::DFG::NodeType, JSC::InlineCallFrame::Kind, unsigned long, JSC::DFG::Node*, unsigned int&, JSC::DFG::BasicBlock*, bool)::$_2 const&) /root/WebKit/Source/JavaScriptCore/dfg/DFGByteCodeParser.cpp:1889:22 (jsc+0x515377)
    #10 JSC::DFG::ByteCodeParser::handleCallVariant(JSC::DFG::Node*, JSC::Operand, JSC::CallVariant, int, JSC::VirtualRegister, int, JSC::BytecodeIndex, JSC::DFG::NodeType, JSC::InlineCallFrame::Kind, unsigned long, JSC::DFG::Node*, unsigned int&, JSC::DFG::BasicBlock*, bool) /root/WebKit/Source/JavaScriptCore/dfg/DFGByteCodeParser.cpp:2127:5 (jsc+0x515377)
    #11 JSC::DFG::ByteCodeParser::handleInlining(JSC::DFG::Node*, JSC::Operand, JSC::CallLinkStatus const&, int, JSC::VirtualRegister, int, JSC::BytecodeIndex, JSC::DFG::NodeType, JSC::InlineCallFrame::Kind, unsigned long, JSC::DFG::Node*, JSC::ECMAMode) /root/WebKit/Source/JavaScriptCore/dfg/DFGByteCodeParser.cpp:2440:31 (jsc+0x5109f1)
    #12 JSC::DFG::ByteCodeParser::handleCall(JSC::Operand, JSC::DFG::NodeType, JSC::InlineCallFrame::Kind, JSC::BytecodeIndex, JSC::DFG::Node*, int, int, JSC::CallLinkStatus, unsigned long, JSC::DFG::Node*, JSC::ECMAMode) /root/WebKit/Source/JavaScriptCore/dfg/DFGByteCodeParser.cpp:1497:35 (jsc+0x50fe10)
    #13 JSC::DFG::ByteCodeParser::Terminality JSC::DFG::ByteCodeParser::handleCall<JSC::OpCall>(JSC::BaseInstruction<JSC::JSOpcodeTraits> const*, JSC::DFG::NodeType, JSC::CallMode, JSC::BytecodeIndex, JSC::DFG::Node*) /root/WebKit/Source/JavaScriptCore/dfg/DFGByteCodeParser.cpp:1470:12 (jsc+0x555df9)
    #14 JSC::DFG::ByteCodeParser::parseBlock(unsigned int) /root/WebKit/Source/JavaScriptCore/dfg/DFGByteCodeParser.cpp:9549:13 (jsc+0x52a25d)
    #15 JSC::DFG::ByteCodeParser::parseCodeBlock() /root/WebKit/Source/JavaScriptCore/dfg/DFGByteCodeParser.cpp:10992:13 (jsc+0x563ac7)
    #16 JSC::DFG::ByteCodeParser::parse() /root/WebKit/Source/JavaScriptCore/dfg/DFGByteCodeParser.cpp:13043:5 (jsc+0x56da3e)
    #17 JSC::DFG::parse(JSC::DFG::Graph&) /root/WebKit/Source/JavaScriptCore/dfg/DFGByteCodeParser.cpp:13083:34 (jsc+0x56e0c5)
    #18 JSC::DFG::Plan::compileInThreadImpl() /root/WebKit/Source/JavaScriptCore/dfg/DFGPlan.cpp:255:14 (jsc+0x8b0c40)
    #19 JSC::JITPlan::compileInThread(JSC::JITWorklistThread*) /root/WebKit/Source/JavaScriptCore/jit/JITPlan.cpp:283:28 (jsc+0xfdf13d)
    #20 JSC::JITWorklistThread::work() /root/WebKit/Source/JavaScriptCore/jit/JITWorklistThread.cpp:145:13 (jsc+0x1049abb)
    #21 WTF::AutomaticThread::start(WTF::AbstractLocker const&)::$_0::operator()() const /root/WebKit/Source/WTF/wtf/AutomaticThread.cpp:260:37 (jsc+0x258a42c)
    #22 WTF::Detail::CallableWrapper<WTF::AutomaticThread::start(WTF::AbstractLocker const&)::$_0, void>::call() /root/WebKit/Source/WTF/wtf/Function.h:59:39 (jsc+0x258a42c)
    #23 WTF::Function<void ()>::operator()() const /root/WebKit/Source/WTF/wtf/Function.h:103:35 (jsc+0x25b5345)
    #24 WTF::Thread::entryPoint(WTF::Thread::NewThreadContext*) /root/WebKit/Source/WTF/wtf/Threading.cpp:312:5 (jsc+0x25b5345)
    #25 WTF::wtfThreadEntryPoint(void*) /root/WebKit/Source/WTF/wtf/posix/ThreadingPOSIX.cpp:264:5 (jsc+0x260f2f9)

  Previous write of size 8 at 0x7204000020b8 by main thread:
    #0 __tsan_memset /home/runner/work/llvm-project/llvm-project/compiler-rt/lib/tsan/rtl/tsan_interceptors_memintrinsics.cpp:35:3 (jsc+0x13b4cd)
    #1 std::_Head_base<0ul, WTF::ConcurrentVector<JSC::CompressedLazyValueProfileHolder::LazyValueProfileHolder::SpeculationFailureValueProfileBucket, 8ul>::Segment*, false>::_Head_base() /usr/lib/gcc/x86_64-amazon-linux/14/../../../../include/c++/14/tuple:199:9 (jsc+0x375f04)
    #2 std::_Tuple_impl<0ul, WTF::ConcurrentVector<JSC::CompressedLazyValueProfileHolder::LazyValueProfileHolder::SpeculationFailureValueProfileBucket, 8ul>::Segment*, std::default_delete<WTF::ConcurrentVector<JSC::CompressedLazyValueProfileHolder::LazyValueProfileHolder::SpeculationFailureValueProfileBucket, 8ul>::Segment>>::_Tuple_impl() /usr/lib/gcc/x86_64-amazon-linux/14/../../../../include/c++/14/tuple:305:23 (jsc+0x375f04)
    #3 std::tuple<WTF::ConcurrentVector<JSC::CompressedLazyValueProfileHolder::LazyValueProfileHolder::SpeculationFailureValueProfileBucket, 8ul>::Segment*, std::default_delete<WTF::ConcurrentVector<JSC::CompressedLazyValueProfileHolder::LazyValueProfileHolder::SpeculationFailureValueProfileBucket, 8ul>::Segment>>::tuple() requires ((is_default_constructible_v<T>...) && ...) /usr/lib/gcc/x86_64-amazon-linux/14/../../../../include/c++/14/tuple:967:9 (jsc+0x375f04)
    #4 std::__uniq_ptr_impl<WTF::ConcurrentVector<JSC::CompressedLazyValueProfileHolder::LazyValueProfileHolder::SpeculationFailureValueProfileBucket, 8ul>::Segment, std::default_delete<WTF::ConcurrentVector<JSC::CompressedLazyValueProfileHolder::LazyValueProfileHolder::SpeculationFailureValueProfileBucket, 8ul>::Segment>>::__uniq_ptr_impl() /usr/lib/gcc/x86_64-amazon-linux/14/../../../../include/c++/14/bits/unique_ptr.h:168:7 (jsc+0x375f04)
    #5 std::__uniq_ptr_data<WTF::ConcurrentVector<JSC::CompressedLazyValueProfileHolder::LazyValueProfileHolder::SpeculationFailureValueProfileBucket, 8ul>::Segment, std::default_delete<WTF::ConcurrentVector<JSC::CompressedLazyValueProfileHolder::LazyValueProfileHolder::SpeculationFailureValueProfileBucket, 8ul>::Segment>, true, true>::__uniq_ptr_data() /usr/lib/gcc/x86_64-amazon-linux/14/../../../../include/c++/14/bits/unique_ptr.h:233:12 (jsc+0x375f04)
    #6 std::unique_ptr<WTF::ConcurrentVector<JSC::CompressedLazyValueProfileHolder::LazyValueProfileHolder::SpeculationFailureValueProfileBucket, 8ul>::Segment, std::default_delete<WTF::ConcurrentVector<JSC::CompressedLazyValueProfileHolder::LazyValueProfileHolder::SpeculationFailureValueProfileBucket, 8ul>::Segment>>::unique_ptr<std::default_delete<WTF::ConcurrentVector<JSC::CompressedLazyValueProfileHolder::LazyValueProfileHolder::SpeculationFailureValueProfileBucket, 8ul>::Segment>, void>() /usr/lib/gcc/x86_64-amazon-linux/14/../../../../include/c++/14/bits/unique_ptr.h:299:4 (jsc+0x375f04)
    #7 WTF::ConcurrentBuffer<std::unique_ptr<WTF::ConcurrentVector<JSC::CompressedLazyValueProfileHolder::LazyValueProfileHolder::SpeculationFailureValueProfileBucket, 8ul>::Segment, std::default_delete<WTF::ConcurrentVector<JSC::CompressedLazyValueProfileHolder::LazyValueProfileHolder::SpeculationFailureValueProfileBucket, 8ul>::Segment>>>::growExact(unsigned long) /root/WebKit/WebKitBuild/TSan/WTF/Headers/wtf/ConcurrentBuffer.h:70:25 (jsc+0x375f04)
    #8 WTF::ConcurrentBuffer<std::unique_ptr<WTF::ConcurrentVector<JSC::CompressedLazyValueProfileHolder::LazyValueProfileHolder::SpeculationFailureValueProfileBucket, 8ul>::Segment, std::default_delete<WTF::ConcurrentVector<JSC::CompressedLazyValueProfileHolder::LazyValueProfileHolder::SpeculationFailureValueProfileBucket, 8ul>::Segment>>>::grow(unsigned long) /root/WebKit/WebKitBuild/TSan/WTF/Headers/wtf/ConcurrentBuffer.h:84:9 (jsc+0x36e9dc)
    #9 WTF::ConcurrentVector<JSC::CompressedLazyValueProfileHolder::LazyValueProfileHolder::SpeculationFailureValueProfileBucket, 8ul>::allocateSegment() /root/WebKit/WebKitBuild/TSan/WTF/Headers/wtf/ConcurrentVector.h:274:20 (jsc+0x36e9dc)
    #10 void WTF::ConcurrentVector<JSC::CompressedLazyValueProfileHolder::LazyValueProfileHolder::SpeculationFailureValueProfileBucket, 8ul>::appendConcurrently<std::pair<JSC::BytecodeIndex, JSC::JSValue>>(std::pair<JSC::BytecodeIndex, JSC::JSValue>&&) /root/WebKit/WebKitBuild/TSan/WTF/Headers/wtf/ConcurrentVector.h:193:13 (jsc+0x36e9dc)
    #11 JSC::CompressedLazyValueProfileHolder::addSpeculationFailureValueProfile(JSC::BytecodeIndex) /root/WebKit/Source/JavaScriptCore/bytecode/LazyValueProfile.cpp:96:51 (jsc+0x36e884)
    #12 JSC::MethodOfGettingAValueProfile::emitReportValue(JSC::CCallHelpers&, JSC::CodeBlock*, JSC::JSValueRegs, JSC::X86Registers::RegisterID, JSC::TagRegistersMode) const /root/WebKit/Source/JavaScriptCore/bytecode/MethodOfGettingAValueProfile.cpp:77:62 (jsc+0x36f886)
    #13 JSC::DFG::OSRExit::compileExit(JSC::CCallHelpers&, JSC::VM&, JSC::DFG::OSRExit const&, JSC::Operands<JSC::ValueRecovery, WTF::Vector<JSC::ValueRecovery, 0ul, WTF::UnsafeVectorOverflow, 16ul, WTF::FastMalloc>> const&, JSC::DFG::SpeculationRecovery*, unsigned int) /root/WebKit/Source/JavaScriptCore/dfg/DFGOSRExit.cpp:546:25 (jsc+0x739324)
    #14 operationCompileOSRExit /root/WebKit/Source/JavaScriptCore/dfg/DFGOSRExit.cpp:270:9 (jsc+0x737558)
    #15 <null> <null> (0x7f3eb2e055c8)
    #16 JSC::evaluate(JSC::JSGlobalObject*, JSC::SourceCode const&, JSC::JSValue, WTF::NakedPtr<JSC::Exception>&) /root/WebKit/Source/JavaScriptCore/runtime/Completion.cpp:145:37 (jsc+0x13c37c3)
    #17 runWithOptions(GlobalObject*, CommandLine&, bool&) /root/WebKit/Source/JavaScriptCore/jsc.cpp:3957:35 (jsc+0x1cafc5)
    #18 jscmain(int, char**)::$_0::operator()(JSC::VM&, GlobalObject*, bool&) const /root/WebKit/Source/JavaScriptCore/jsc.cpp:4686:13 (jsc+0x1cafc5)
    #19 int runJSC<jscmain(int, char**)::$_0>(CommandLine const&, bool, jscmain(int, char**)::$_0 const&) /root/WebKit/Source/JavaScriptCore/jsc.cpp:4472:13 (jsc+0x1cafc5)
    #20 jscmain(int, char**) /root/WebKit/Source/JavaScriptCore/jsc.cpp:4679:18 (jsc+0x1cafc5)
    #21 main /root/WebKit/Source/JavaScriptCore/jsc.cpp:3715:15 (jsc+0x1c9803)

  Location is heap block of size 16 at 0x7204000020b0 allocated by main thread:
    #0 malloc /home/runner/work/llvm-project/llvm-project/compiler-rt/lib/tsan/rtl/tsan_interceptors_posix.cpp:682:5 (jsc+0x13dc20)
    #1 bmalloc::api::malloc(unsigned long, bmalloc::CompactAllocationMode, bmalloc::HeapKind) /root/WebKit/WebKitBuild/TSan/bmalloc/Headers/bmalloc/bmalloc.h:96:20 (jsc+0x2598589)
    #2 WTF::fastMalloc(unsigned long) /root/WebKit/Source/WTF/wtf/FastMalloc.cpp:337:20 (jsc+0x2598589)
    #3 WTF::FastMalloc::malloc(unsigned long) /root/WebKit/WebKitBuild/TSan/WTF/Headers/wtf/FastMalloc.h:235:47 (jsc+0x375eb8)
    #4 WTF::ConcurrentBuffer<std::unique_ptr<WTF::ConcurrentVector<JSC::CompressedLazyValueProfileHolder::LazyValueProfileHolder::SpeculationFailureValueProfileBucket, 8ul>::Segment, std::default_delete<WTF::ConcurrentVector<JSC::CompressedLazyValueProfileHolder::LazyValueProfileHolder::SpeculationFailureValueProfileBucket, 8ul>::Segment>>>::createArray(unsigned long) /root/WebKit/WebKitBuild/TSan/WTF/Headers/wtf/ConcurrentBuffer.h:110:41 (jsc+0x375eb8)
    #5 WTF::ConcurrentBuffer<std::unique_ptr<WTF::ConcurrentVector<JSC::CompressedLazyValueProfileHolder::LazyValueProfileHolder::SpeculationFailureValueProfileBucket, 8ul>::Segment, std::default_delete<WTF::ConcurrentVector<JSC::CompressedLazyValueProfileHolder::LazyValueProfileHolder::SpeculationFailureValueProfileBucket, 8ul>::Segment>>>::growExact(unsigned long) /root/WebKit/WebKitBuild/TSan/WTF/Headers/wtf/ConcurrentBuffer.h:64:25 (jsc+0x375eb8)
    #6 WTF::ConcurrentBuffer<std::unique_ptr<WTF::ConcurrentVector<JSC::CompressedLazyValueProfileHolder::LazyValueProfileHolder::SpeculationFailureValueProfileBucket, 8ul>::Segment, std::default_delete<WTF::ConcurrentVector<JSC::CompressedLazyValueProfileHolder::LazyValueProfileHolder::SpeculationFailureValueProfileBucket, 8ul>::Segment>>>::grow(unsigned long) /root/WebKit/WebKitBuild/TSan/WTF/Headers/wtf/ConcurrentBuffer.h:84:9 (jsc+0x36e9dc)
    #7 WTF::ConcurrentVector<JSC::CompressedLazyValueProfileHolder::LazyValueProfileHolder::SpeculationFailureValueProfileBucket, 8ul>::allocateSegment() /root/WebKit/WebKitBuild/TSan/WTF/Headers/wtf/ConcurrentVector.h:274:20 (jsc+0x36e9dc)
    #8 void WTF::ConcurrentVector<JSC::CompressedLazyValueProfileHolder::LazyValueProfileHolder::SpeculationFailureValueProfileBucket, 8ul>::appendConcurrently<std::pair<JSC::BytecodeIndex, JSC::JSValue>>(std::pair<JSC::BytecodeIndex, JSC::JSValue>&&) /root/WebKit/WebKitBuild/TSan/WTF/Headers/wtf/ConcurrentVector.h:193:13 (jsc+0x36e9dc)
    #9 JSC::CompressedLazyValueProfileHolder::addSpeculationFailureValueProfile(JSC::BytecodeIndex) /root/WebKit/Source/JavaScriptCore/bytecode/LazyValueProfile.cpp:96:51 (jsc+0x36e884)
    #10 JSC::MethodOfGettingAValueProfile::emitReportValue(JSC::CCallHelpers&, JSC::CodeBlock*, JSC::JSValueRegs, JSC::X86Registers::RegisterID, JSC::TagRegistersMode) const /root/WebKit/Source/JavaScriptCore/bytecode/MethodOfGettingAValueProfile.cpp:77:62 (jsc+0x36f886)
    #11 JSC::DFG::OSRExit::compileExit(JSC::CCallHelpers&, JSC::VM&, JSC::DFG::OSRExit const&, JSC::Operands<JSC::ValueRecovery, WTF::Vector<JSC::ValueRecovery, 0ul, WTF::UnsafeVectorOverflow, 16ul, WTF::FastMalloc>> const&, JSC::DFG::SpeculationRecovery*, unsigned int) /root/WebKit/Source/JavaScriptCore/dfg/DFGOSRExit.cpp:546:25 (jsc+0x739324)
    #12 operationCompileOSRExit /root/WebKit/Source/JavaScriptCore/dfg/DFGOSRExit.cpp:270:9 (jsc+0x737558)
    #13 <null> <null> (0x7f3eb2e055c8)
    #14 JSC::evaluate(JSC::JSGlobalObject*, JSC::SourceCode const&, JSC::JSValue, WTF::NakedPtr<JSC::Exception>&) /root/WebKit/Source/JavaScriptCore/runtime/Completion.cpp:145:37 (jsc+0x13c37c3)
    #15 runWithOptions(GlobalObject*, CommandLine&, bool&) /root/WebKit/Source/JavaScriptCore/jsc.cpp:3957:35 (jsc+0x1cafc5)
    #16 jscmain(int, char**)::$_0::operator()(JSC::VM&, GlobalObject*, bool&) const /root/WebKit/Source/JavaScriptCore/jsc.cpp:4686:13 (jsc+0x1cafc5)
    #17 int runJSC<jscmain(int, char**)::$_0>(CommandLine const&, bool, jscmain(int, char**)::$_0 const&) /root/WebKit/Source/JavaScriptCore/jsc.cpp:4472:13 (jsc+0x1cafc5)
    #18 jscmain(int, char**) /root/WebKit/Source/JavaScriptCore/jsc.cpp:4679:18 (jsc+0x1cafc5)
    #19 main /root/WebKit/Source/JavaScriptCore/jsc.cpp:3715:15 (jsc+0x1c9803)

  Thread T3 'JITWorker' (tid=3022821, running) created by thread T2 at:
    #0 pthread_create /home/runner/work/llvm-project/llvm-project/compiler-rt/lib/tsan/rtl/tsan_interceptors_posix.cpp:1090:3 (jsc+0x13ff1a)
    #1 WTF::Thread::establishHandle(WTF::Thread::NewThreadContext&, WTF::StackAllocationSpecification, WTF::ThreadQOS, WTF::ThreadSchedulingPolicy) /root/WebKit/Source/WTF/wtf/posix/ThreadingPOSIX.cpp:354:17 (jsc+0x260f1e5)
    #2 WTF::Thread::create(WTF::ASCIILiteral, WTF::Function<void ()>&&, WTF::ThreadType, WTF::ThreadQOS, WTF::ThreadSchedulingPolicy, WTF::StackAllocationSpecification) /root/WebKit/Source/WTF/wtf/Threading.cpp:330:32 (jsc+0x25b56a5)
    #3 WTF::AutomaticThread::start(WTF::AbstractLocker const&) /root/WebKit/Source/WTF/wtf/AutomaticThread.cpp:189:5 (jsc+0x2588ea9)
    #4 WTF::AutomaticThreadCondition::notifyOne(WTF::AbstractLocker const&) /root/WebKit/Source/WTF/wtf/AutomaticThread.cpp:60:21 (jsc+0x2588ca9)
    #5 JSC::JITWorklist::wakeThreads(WTF::AbstractLocker const&, unsigned int) /root/WebKit/Source/JavaScriptCore/jit/JITWorklist.cpp:162:25 (jsc+0x1043dd6)
    #6 JSC::JITWorklist::enqueue(WTF::Ref<JSC::JITPlan, WTF::RawPtrTraits<JSC::JITPlan>, WTF::DefaultRefDerefTraits<JSC::JITPlan>>) /root/WebKit/Source/JavaScriptCore/jit/JITWorklist.cpp:245:5 (jsc+0x1044642)
    #7 JSC::LLInt::jitCompileAndSetHeuristics(JSC::VM&, JSC::CodeBlock*) /root/WebKit/Source/JavaScriptCore/llint/LLIntSlowPaths.cpp:501:45 (jsc+0x107e377)
    #8 llint_loop_osr /root/WebKit/Source/JavaScriptCore/llint/LLIntSlowPaths.cpp:594:10 (jsc+0x107dbbb)
    #9 llint_op_loop_hint LowLevelInterpreter.cpp (jsc+0x1e2383c)
    #10 JSC::Interpreter::executeCall(JSC::JSObject*, JSC::CallData const&, JSC::JSValue, JSC::JSCell*, JSC::ArgList const&) /root/WebKit/Source/JavaScriptCore/interpreter/Interpreter.cpp (jsc+0xe8bd6d)
    #11 JSC::call(JSC::JSGlobalObject*, JSC::JSValue, JSC::CallData const&, JSC::JSValue, JSC::ArgList const&) /root/WebKit/Source/JavaScriptCore/runtime/CallData.cpp:70:27 (jsc+0x1360a71)
    #12 JSC::call(JSC::JSGlobalObject*, JSC::JSValue, JSC::CallData const&, JSC::JSValue, JSC::ArgList const&, WTF::NakedPtr<JSC::Exception>&) /root/WebKit/Source/JavaScriptCore/runtime/CallData.cpp:77:22 (jsc+0x1360a71)
    #13 JSC::threadMain(JSC::VM&, WTF::Ref<JSC::ThreadState, WTF::RawPtrTraits<JSC::ThreadState>, WTF::DefaultRefDerefTraits<JSC::ThreadState>>) /root/WebKit/Source/JavaScriptCore/runtime/ThreadObject.cpp:241:30 (jsc+0x19a443c)
    #14 JSC::constructThread(JSC::JSGlobalObject*, JSC::CallFrame*)::$_0::operator()() /root/WebKit/Source/JavaScriptCore/runtime/ThreadObject.cpp:468:9 (jsc+0x19a443c)
    #15 WTF::Detail::CallableWrapper<JSC::constructThread(JSC::JSGlobalObject*, JSC::CallFrame*)::$_0, void>::call() /root/WebKit/WebKitBuild/TSan/WTF/Headers/wtf/Function.h:59:39 (jsc+0x19a443c)
    #16 WTF::Function<void ()>::operator()() const /root/WebKit/Source/WTF/wtf/Function.h:103:35 (jsc+0x25b5345)
    #17 WTF::Thread::entryPoint(WTF::Thread::NewThreadContext*) /root/WebKit/Source/WTF/wtf/Threading.cpp:312:5 (jsc+0x25b5345)
    #18 WTF::wtfThreadEntryPoint(void*) /root/WebKit/Source/WTF/wtf/posix/ThreadingPOSIX.cpp:264:5 (jsc+0x260f2f9)

SUMMARY: ThreadSanitizer: data race /root/WebKit/WebKitBuild/TSan/WTF/Headers/wtf/Atomics.h:55:100 in WTF::Atomic<WTF::ConcurrentVector<JSC::CompressedLazyValueProfileHolder::LazyValueProfileHolder::SpeculationFailureValueProfileBucket, 8ul>::Segment*>::load(std::memory_order) const
==================
==================
WARNING: ThreadSanitizer: data race (pid=3022802)
  Read of size 4 at 0x722000002680 by thread T3:
    #0 JSC::BytecodeIndex::hash() const /root/WebKit/Source/JavaScriptCore/bytecode/BytecodeIndex.h:63:44 (jsc+0x3764a1)
    #1 WTF::MemberBasedHash<JSC::BytecodeIndex>::hash(JSC::BytecodeIndex const&) /root/WebKit/WebKitBuild/TSan/WTF/Headers/wtf/HashFunctions.h:255:57 (jsc+0x3764a1)
    #2 unsigned int WTF::HashMapTranslator<WTF::HashMap<JSC::BytecodeIndex, JSC::JSValue*, WTF::DefaultHash<JSC::BytecodeIndex>, WTF::HashTraits<JSC::BytecodeIndex>, WTF::HashTraits<JSC::JSValue*>, WTF::HashTableTraits, (WTF::ShouldValidateKey)0, WTF::FastMalloc>::KeyValuePairTraits, WTF::DefaultHash<JSC::BytecodeIndex>>::hash<JSC::BytecodeIndex>(JSC::BytecodeIndex const&) /root/WebKit/WebKitBuild/TSan/WTF/Headers/wtf/HashMap.h:269:52 (jsc+0x3764a1)
    #3 WTF::HashTableAddResult<WTF::HashTableIterator<WTF::HashTable<JSC::BytecodeIndex, WTF::KeyValuePair<JSC::BytecodeIndex, JSC::JSValue*>, WTF::KeyValuePairKeyExtractor<WTF::KeyValuePair<JSC::BytecodeIndex, JSC::JSValue*>>, WTF::DefaultHash<JSC::BytecodeIndex>, WTF::HashMap<JSC::BytecodeIndex, JSC::JSValue*, WTF::DefaultHash<JSC::BytecodeIndex>, WTF::HashTraits<JSC::BytecodeIndex>, WTF::HashTraits<JSC::JSValue*>, WTF::HashTableTraits, (WTF::ShouldValidateKey)0, WTF::FastMalloc>::KeyValuePairTraits, WTF::HashTraits<JSC::BytecodeIndex>, WTF::FastMalloc>, JSC::BytecodeIndex, WTF::KeyValuePair<JSC::BytecodeIndex, JSC::JSValue*>, WTF::KeyValuePairKeyExtractor<WTF::KeyValuePair<JSC::BytecodeIndex, JSC::JSValue*>>, WTF::DefaultHash<JSC::BytecodeIndex>, WTF::HashMap<JSC::BytecodeIndex, JSC::JSValue*, WTF::DefaultHash<JSC::BytecodeIndex>, WTF::HashTraits<JSC::BytecodeIndex>, WTF::HashTraits<JSC::JSValue*>, WTF::HashTableTraits, (WTF::ShouldValidateKey)0, WTF::FastMalloc>::KeyValuePairTraits, WTF::HashTraits<JSC::BytecodeIndex>>> WTF::HashTable<JSC::BytecodeIndex, WTF::KeyValuePair<JSC::BytecodeIndex, JSC::JSValue*>, WTF::KeyValuePairKeyExtractor<WTF::KeyValuePair<JSC::BytecodeIndex, JSC::JSValue*>>, WTF::DefaultHash<JSC::BytecodeIndex>, WTF::HashMap<JSC::BytecodeIndex, JSC::JSValue*, WTF::DefaultHash<JSC::BytecodeIndex>, WTF::HashTraits<JSC::BytecodeIndex>, WTF::HashTraits<JSC::JSValue*>, WTF::HashTableTraits, (WTF::ShouldValidateKey)0, WTF::FastMalloc>::KeyValuePairTraits, WTF::HashTraits<JSC::BytecodeIndex>, WTF::FastMalloc>::add<WTF::HashMapTranslator<WTF::HashMap<JSC::BytecodeIndex, JSC::JSValue*, WTF::DefaultHash<JSC::BytecodeIndex>, WTF::HashTraits<JSC::BytecodeIndex>, WTF::HashTraits<JSC::JSValue*>, WTF::HashTableTraits, (WTF::ShouldValidateKey)0, WTF::FastMalloc>::KeyValuePairTraits, WTF::DefaultHash<JSC::BytecodeIndex>>, (WTF::ShouldValidateKey)0, JSC::BytecodeIndex const&, WTF::HashTableAddResult<WTF::HashTableIterator<WTF::HashTable<JSC::BytecodeIndex, WTF::KeyValuePair<JSC::BytecodeIndex, JSC::JSValue*>, WTF::KeyValuePairKeyExtractor<WTF::KeyValuePair<JSC::BytecodeIndex, JSC::JSValue*>>, WTF::DefaultHash<JSC::BytecodeIndex>, WTF::HashMap<JSC::BytecodeIndex, JSC::JSValue*, WTF::DefaultHash<JSC::BytecodeIndex>, WTF::HashTraits<JSC::BytecodeIndex>, WTF::HashTraits<JSC::JSValue*>, WTF::HashTableTraits, (WTF::ShouldValidateKey)0, WTF::FastMalloc>::KeyValuePairTraits, WTF::HashTraits<JSC::BytecodeIndex>, WTF::FastMalloc>, JSC::BytecodeIndex, WTF::KeyValuePair<JSC::BytecodeIndex, JSC::JSValue*>, WTF::KeyValuePairKeyExtractor<WTF::KeyValuePair<JSC::BytecodeIndex, JSC::JSValue*>>, WTF::DefaultHash<JSC::BytecodeIndex>, WTF::HashMap<JSC::BytecodeIndex, JSC::JSValue*, WTF::DefaultHash<JSC::BytecodeIndex>, WTF::HashTraits<JSC::BytecodeIndex>, WTF::HashTraits<JSC::JSValue*>, WTF::HashTableTraits, (WTF::ShouldValidateKey)0, WTF::FastMalloc>::KeyValuePairTraits, WTF::HashTraits<JSC::BytecodeIndex>>> WTF::HashMap<JSC::BytecodeIndex, JSC::JSValue*, WTF::DefaultHash<JSC::BytecodeIndex>, WTF::HashTraits<JSC::BytecodeIndex>, WTF::HashTraits<JSC::JSValue*>, WTF::HashTableTraits, (WTF::ShouldValidateKey)0, WTF::FastMalloc>::inlineAdd<JSC::BytecodeIndex const&, JSC::JSValue*>(JSC::BytecodeIndex const&, JSC::JSValue*&&)::'lambda'()>(JSC::BytecodeIndex const&, WTF::HashTableAddResult<WTF::HashTableIterator<WTF::HashTable<JSC::BytecodeIndex, WTF::KeyValuePair<JSC::BytecodeIndex, JSC::JSValue*>, WTF::KeyValuePairKeyExtractor<WTF::KeyValuePair<JSC::BytecodeIndex, JSC::JSValue*>>, WTF::DefaultHash<JSC::BytecodeIndex>, WTF::HashMap<JSC::BytecodeIndex, JSC::JSValue*, WTF::DefaultHash<JSC::BytecodeIndex>, WTF::HashTraits<JSC::BytecodeIndex>, WTF::HashTraits<JSC::JSValue*>, WTF::HashTableTraits, (WTF::ShouldValidateKey)0, WTF::FastMalloc>::KeyValuePairTraits, WTF::HashTraits<JSC::BytecodeIndex>, WTF::FastMalloc>, JSC::BytecodeIndex, WTF::KeyValuePair<JSC::BytecodeIndex, JSC::JSValue*>, WTF::KeyValuePairKeyExtractor<WTF::KeyValuePair<JSC::BytecodeIndex, JSC::JSValue*>>, WTF::DefaultHash<JSC::BytecodeIndex>, WTF::HashMap<JSC::BytecodeIndex, JSC::JSValue*, WTF::DefaultHash<JSC::BytecodeIndex>, WTF::HashTraits<JSC::BytecodeIndex>, WTF::HashTraits<JSC::JSValue*>, WTF::HashTableTraits, (WTF::ShouldValidateKey)0, WTF::FastMalloc>::KeyValuePairTraits, WTF::HashTraits<JSC::BytecodeIndex>>> WTF::HashMap<JSC::BytecodeIndex, JSC::JSValue*, WTF::DefaultHash<JSC::BytecodeIndex>, WTF::HashTraits<JSC::BytecodeIndex>, WTF::HashTraits<JSC::JSValue*>, WTF::HashTableTraits, (WTF::ShouldValidateKey)0, WTF::FastMalloc>::inlineAdd<JSC::BytecodeIndex const&, JSC::JSValue*>(JSC::BytecodeIndex const&, JSC::JSValue*&&)::'lambda'() const&) /root/WebKit/WebKitBuild/TSan/WTF/Headers/wtf/HashTable.h:875:22 (jsc+0x3764a1)
    #4 WTF::HashTableAddResult<WTF::HashTableIterator<WTF::HashTable<JSC::BytecodeIndex, WTF::KeyValuePair<JSC::BytecodeIndex, JSC::JSValue*>, WTF::KeyValuePairKeyExtractor<WTF::KeyValuePair<JSC::BytecodeIndex, JSC::JSValue*>>, WTF::DefaultHash<JSC::BytecodeIndex>, WTF::HashMap<JSC::BytecodeIndex, JSC::JSValue*, WTF::DefaultHash<JSC::BytecodeIndex>, WTF::HashTraits<JSC::BytecodeIndex>, WTF::HashTraits<JSC::JSValue*>, WTF::HashTableTraits, (WTF::ShouldValidateKey)0, WTF::FastMalloc>::KeyValuePairTraits, WTF::HashTraits<JSC::BytecodeIndex>, WTF::FastMalloc>, JSC::BytecodeIndex, WTF::KeyValuePair<JSC::BytecodeIndex, JSC::JSValue*>, WTF::KeyValuePairKeyExtractor<WTF::KeyValuePair<JSC::BytecodeIndex, JSC::JSValue*>>, WTF::DefaultHash<JSC::BytecodeIndex>, WTF::HashMap<JSC::BytecodeIndex, JSC::JSValue*, WTF::DefaultHash<JSC::BytecodeIndex>, WTF::HashTraits<JSC::BytecodeIndex>, WTF::HashTraits<JSC::JSValue*>, WTF::HashTableTraits, (WTF::ShouldValidateKey)0, WTF::FastMalloc>::KeyValuePairTraits, WTF::HashTraits<JSC::BytecodeIndex>>> WTF::HashMap<JSC::BytecodeIndex, JSC::JSValue*, WTF::DefaultHash<JSC::BytecodeIndex>, WTF::HashTraits<JSC::BytecodeIndex>, WTF::HashTraits<JSC::JSValue*>, WTF::HashTableTraits, (WTF::ShouldValidateKey)0, WTF::FastMalloc>::inlineAdd<JSC::BytecodeIndex const&, JSC::JSValue*>(JSC::BytecodeIndex const&, JSC::JSValue*&&) /root/WebKit/WebKitBuild/TSan/WTF/Headers/wtf/HashMap.h:429:28 (jsc+0x36ee5b)
    #5 WTF::HashTableAddResult<WTF::HashTableIterator<WTF::HashTable<JSC::BytecodeIndex, WTF::KeyValuePair<JSC::BytecodeIndex, JSC::JSValue*>, WTF::KeyValuePairKeyExtractor<WTF::KeyValuePair<JSC::BytecodeIndex, JSC::JSValue*>>, WTF::DefaultHash<JSC::BytecodeIndex>, WTF::HashMap<JSC::BytecodeIndex, JSC::JSValue*, WTF::DefaultHash<JSC::BytecodeIndex>, WTF::HashTraits<JSC::BytecodeIndex>, WTF::HashTraits<JSC::JSValue*>, WTF::HashTableTraits, (WTF::ShouldValidateKey)0, WTF::FastMalloc>::KeyValuePairTraits, WTF::HashTraits<JSC::BytecodeIndex>, WTF::FastMalloc>, JSC::BytecodeIndex, WTF::KeyValuePair<JSC::BytecodeIndex, JSC::JSValue*>, WTF::KeyValuePairKeyExtractor<WTF::KeyValuePair<JSC::BytecodeIndex, JSC::JSValue*>>, WTF::DefaultHash<JSC::BytecodeIndex>, WTF::HashMap<JSC::BytecodeIndex, JSC::JSValue*, WTF::DefaultHash<JSC::BytecodeIndex>, WTF::HashTraits<JSC::BytecodeIndex>, WTF::HashTraits<JSC::JSValue*>, WTF::HashTableTraits, (WTF::ShouldValidateKey)0, WTF::FastMalloc>::KeyValuePairTraits, WTF::HashTraits<JSC::BytecodeIndex>>> WTF::HashMap<JSC::BytecodeIndex, JSC::JSValue*, WTF::DefaultHash<JSC::BytecodeIndex>, WTF::HashTraits<JSC::BytecodeIndex>, WTF::HashTraits<JSC::JSValue*>, WTF::HashTableTraits, (WTF::ShouldValidateKey)0, WTF::FastMalloc>::add<JSC::JSValue*>(JSC::BytecodeIndex const&, JSC::JSValue*&&) /root/WebKit/WebKitBuild/TSan/WTF/Headers/wtf/HashMap.h:471:12 (jsc+0x36ee5b)
    #6 JSC::CompressedLazyValueProfileHolder::speculationFailureValueProfileBucketsMap() /root/WebKit/Source/JavaScriptCore/bytecode/LazyValueProfile.cpp:106:20 (jsc+0x36ee5b)
    #7 JSC::DFG::ByteCodeParser::InlineStackEntry::InlineStackEntry(JSC::DFG::ByteCodeParser*, JSC::CodeBlock*, JSC::CodeBlock*, JSC::JSFunction*, JSC::Operand, JSC::VirtualRegister, int, JSC::InlineCallFrame::Kind, JSC::DFG::BasicBlock*) /root/WebKit/Source/JavaScriptCore/dfg/DFGByteCodeParser.cpp:10830:78 (jsc+0x561558)
    #8 void JSC::DFG::ByteCodeParser::inlineCall<JSC::DFG::ByteCodeParser::handleCallVariant(JSC::DFG::Node*, JSC::Operand, JSC::CallVariant, int, JSC::VirtualRegister, int, JSC::BytecodeIndex, JSC::DFG::NodeType, JSC::InlineCallFrame::Kind, unsigned long, JSC::DFG::Node*, unsigned int&, JSC::DFG::BasicBlock*, bool)::$_2>(JSC::DFG::Node*, JSC::Operand, JSC::CallVariant, int, int, JSC::InlineCallFrame::Kind, JSC::DFG::BasicBlock*, JSC::DFG::ByteCodeParser::handleCallVariant(JSC::DFG::Node*, JSC::Operand, JSC::CallVariant, int, JSC::VirtualRegister, int, JSC::BytecodeIndex, JSC::DFG::NodeType, JSC::InlineCallFrame::Kind, unsigned long, JSC::DFG::Node*, unsigned int&, JSC::DFG::BasicBlock*, bool)::$_2 const&) /root/WebKit/Source/JavaScriptCore/dfg/DFGByteCodeParser.cpp:1889:22 (jsc+0x515377)
    #9 JSC::DFG::ByteCodeParser::handleCallVariant(JSC::DFG::Node*, JSC::Operand, JSC::CallVariant, int, JSC::VirtualRegister, int, JSC::BytecodeIndex, JSC::DFG::NodeType, JSC::InlineCallFrame::Kind, unsigned long, JSC::DFG::Node*, unsigned int&, JSC::DFG::BasicBlock*, bool) /root/WebKit/Source/JavaScriptCore/dfg/DFGByteCodeParser.cpp:2127:5 (jsc+0x515377)
    #10 JSC::DFG::ByteCodeParser::handleInlining(JSC::DFG::Node*, JSC::Operand, JSC::CallLinkStatus const&, int, JSC::VirtualRegister, int, JSC::BytecodeIndex, JSC::DFG::NodeType, JSC::InlineCallFrame::Kind, unsigned long, JSC::DFG::Node*, JSC::ECMAMode) /root/WebKit/Source/JavaScriptCore/dfg/DFGByteCodeParser.cpp:2440:31 (jsc+0x5109f1)
    #11 JSC::DFG::ByteCodeParser::handleCall(JSC::Operand, JSC::DFG::NodeType, JSC::InlineCallFrame::Kind, JSC::BytecodeIndex, JSC::DFG::Node*, int, int, JSC::CallLinkStatus, unsigned long, JSC::DFG::Node*, JSC::ECMAMode) /root/WebKit/Source/JavaScriptCore/dfg/DFGByteCodeParser.cpp:1497:35 (jsc+0x50fe10)
    #12 JSC::DFG::ByteCodeParser::Terminality JSC::DFG::ByteCodeParser::handleCall<JSC::OpCall>(JSC::BaseInstruction<JSC::JSOpcodeTraits> const*, JSC::DFG::NodeType, JSC::CallMode, JSC::BytecodeIndex, JSC::DFG::Node*) /root/WebKit/Source/JavaScriptCore/dfg/DFGByteCodeParser.cpp:1470:12 (jsc+0x555df9)
    #13 JSC::DFG::ByteCodeParser::parseBlock(unsigned int) /root/WebKit/Source/JavaScriptCore/dfg/DFGByteCodeParser.cpp:9549:13 (jsc+0x52a25d)
    #14 JSC::DFG::ByteCodeParser::parseCodeBlock() /root/WebKit/Source/JavaScriptCore/dfg/DFGByteCodeParser.cpp:10992:13 (jsc+0x563ac7)
    #15 JSC::DFG::ByteCodeParser::parse() /root/WebKit/Source/JavaScriptCore/dfg/DFGByteCodeParser.cpp:13043:5 (jsc+0x56da3e)
    #16 JSC::DFG::parse(JSC::DFG::Graph&) /root/WebKit/Source/JavaScriptCore/dfg/DFGByteCodeParser.cpp:13083:34 (jsc+0x56e0c5)
    #17 JSC::DFG::Plan::compileInThreadImpl() /root/WebKit/Source/JavaScriptCore/dfg/DFGPlan.cpp:255:14 (jsc+0x8b0c40)
    #18 JSC::JITPlan::compileInThread(JSC::JITWorklistThread*) /root/WebKit/Source/JavaScriptCore/jit/JITPlan.cpp:283:28 (jsc+0xfdf13d)
    #19 JSC::JITWorklistThread::work() /root/WebKit/Source/JavaScriptCore/jit/JITWorklistThread.cpp:145:13 (jsc+0x1049abb)
    #20 WTF::AutomaticThread::start(WTF::AbstractLocker const&)::$_0::operator()() const /root/WebKit/Source/WTF/wtf/AutomaticThread.cpp:260:37 (jsc+0x258a42c)
    #21 WTF::Detail::CallableWrapper<WTF::AutomaticThread::start(WTF::AbstractLocker const&)::$_0, void>::call() /root/WebKit/Source/WTF/wtf/Function.h:59:39 (jsc+0x258a42c)
    #22 WTF::Function<void ()>::operator()() const /root/WebKit/Source/WTF/wtf/Function.h:103:35 (jsc+0x25b5345)
    #23 WTF::Thread::entryPoint(WTF::Thread::NewThreadContext*) /root/WebKit/Source/WTF/wtf/Threading.cpp:312:5 (jsc+0x25b5345)
    #24 WTF::wtfThreadEntryPoint(void*) /root/WebKit/Source/WTF/wtf/posix/ThreadingPOSIX.cpp:264:5 (jsc+0x260f2f9)

  Previous write of size 8 at 0x722000002680 by main thread:
    #0 __tsan_memset /home/runner/work/llvm-project/llvm-project/compiler-rt/lib/tsan/rtl/tsan_interceptors_memintrinsics.cpp:35:3 (jsc+0x13b4cd)
    #1 std::__detail::_MakeUniq<WTF::ConcurrentVector<JSC::CompressedLazyValueProfileHolder::LazyValueProfileHolder::SpeculationFailureValueProfileBucket, 8ul>::Segment>::__single_object std::make_unique<WTF::ConcurrentVector<JSC::CompressedLazyValueProfileHolder::LazyValueProfileHolder::SpeculationFailureValueProfileBucket, 8ul>::Segment>() /usr/lib/gcc/x86_64-amazon-linux/14/../../../../include/c++/14/bits/unique_ptr.h:1077:34 (jsc+0x36ea20)
    #2 decltype(auto) WTF::makeUnique<WTF::ConcurrentVector<JSC::CompressedLazyValueProfileHolder::LazyValueProfileHolder::SpeculationFailureValueProfileBucket, 8ul>::Segment>() /root/WebKit/WebKitBuild/TSan/WTF/Headers/wtf/StdLibExtras.h:893:12 (jsc+0x36ea20)
    #3 WTF::ConcurrentVector<JSC::CompressedLazyValueProfileHolder::LazyValueProfileHolder::SpeculationFailureValueProfileBucket, 8ul>::allocateSegment() /root/WebKit/WebKitBuild/TSan/WTF/Headers/wtf/ConcurrentVector.h:277:78 (jsc+0x36ea20)
    #4 void WTF::ConcurrentVector<JSC::CompressedLazyValueProfileHolder::LazyValueProfileHolder::SpeculationFailureValueProfileBucket, 8ul>::appendConcurrently<std::pair<JSC::BytecodeIndex, JSC::JSValue>>(std::pair<JSC::BytecodeIndex, JSC::JSValue>&&) /root/WebKit/WebKitBuild/TSan/WTF/Headers/wtf/ConcurrentVector.h:193:13 (jsc+0x36ea20)
    #5 JSC::CompressedLazyValueProfileHolder::addSpeculationFailureValueProfile(JSC::BytecodeIndex) /root/WebKit/Source/JavaScriptCore/bytecode/LazyValueProfile.cpp:96:51 (jsc+0x36e884)
    #6 JSC::MethodOfGettingAValueProfile::emitReportValue(JSC::CCallHelpers&, JSC::CodeBlock*, JSC::JSValueRegs, JSC::X86Registers::RegisterID, JSC::TagRegistersMode) const /root/WebKit/Source/JavaScriptCore/bytecode/MethodOfGettingAValueProfile.cpp:77:62 (jsc+0x36f886)
    #7 JSC::DFG::OSRExit::compileExit(JSC::CCallHelpers&, JSC::VM&, JSC::DFG::OSRExit const&, JSC::Operands<JSC::ValueRecovery, WTF::Vector<JSC::ValueRecovery, 0ul, WTF::UnsafeVectorOverflow, 16ul, WTF::FastMalloc>> const&, JSC::DFG::SpeculationRecovery*, unsigned int) /root/WebKit/Source/JavaScriptCore/dfg/DFGOSRExit.cpp:546:25 (jsc+0x739324)
    #8 operationCompileOSRExit /root/WebKit/Source/JavaScriptCore/dfg/DFGOSRExit.cpp:270:9 (jsc+0x737558)
    #9 <null> <null> (0x7f3eb2e055c8)
    #10 JSC::evaluate(JSC::JSGlobalObject*, JSC::SourceCode const&, JSC::JSValue, WTF::NakedPtr<JSC::Exception>&) /root/WebKit/Source/JavaScriptCore/runtime/Completion.cpp:145:37 (jsc+0x13c37c3)
    #11 runWithOptions(GlobalObject*, CommandLine&, bool&) /root/WebKit/Source/JavaScriptCore/jsc.cpp:3957:35 (jsc+0x1cafc5)
    #12 jscmain(int, char**)::$_0::operator()(JSC::VM&, GlobalObject*, bool&) const /root/WebKit/Source/JavaScriptCore/jsc.cpp:4686:13 (jsc+0x1cafc5)
    #13 int runJSC<jscmain(int, char**)::$_0>(CommandLine const&, bool, jscmain(int, char**)::$_0 const&) /root/WebKit/Source/JavaScriptCore/jsc.cpp:4472:13 (jsc+0x1cafc5)
    #14 jscmain(int, char**) /root/WebKit/Source/JavaScriptCore/jsc.cpp:4679:18 (jsc+0x1cafc5)
    #15 main /root/WebKit/Source/JavaScriptCore/jsc.cpp:3715:15 (jsc+0x1c9803)

  Location is heap block of size 128 at 0x722000002680 allocated by main thread:
    #0 malloc /home/runner/work/llvm-project/llvm-project/compiler-rt/lib/tsan/rtl/tsan_interceptors_posix.cpp:682:5 (jsc+0x13dc20)
    #1 bmalloc::api::malloc(unsigned long, bmalloc::CompactAllocationMode, bmalloc::HeapKind) /root/WebKit/WebKitBuild/TSan/bmalloc/Headers/bmalloc/bmalloc.h:96:20 (jsc+0x2598589)
    #2 WTF::fastMalloc(unsigned long) /root/WebKit/Source/WTF/wtf/FastMalloc.cpp:337:20 (jsc+0x2598589)
    #3 WTF::ConcurrentVector<JSC::CompressedLazyValueProfileHolder::LazyValueProfileHolder::SpeculationFailureValueProfileBucket, 8ul>::Segment::operator new(unsigned long) /root/WebKit/WebKitBuild/TSan/WTF/Headers/wtf/ConcurrentVector.h:231:9 (jsc+0x36ea0e)
    #4 std::__detail::_MakeUniq<WTF::ConcurrentVector<JSC::CompressedLazyValueProfileHolder::LazyValueProfileHolder::SpeculationFailureValueProfileBucket, 8ul>::Segment>::__single_object std::make_unique<WTF::ConcurrentVector<JSC::CompressedLazyValueProfileHolder::LazyValueProfileHolder::SpeculationFailureValueProfileBucket, 8ul>::Segment>() /usr/lib/gcc/x86_64-amazon-linux/14/../../../../include/c++/14/bits/unique_ptr.h:1077:30 (jsc+0x36ea0e)
    #5 decltype(auto) WTF::makeUnique<WTF::ConcurrentVector<JSC::CompressedLazyValueProfileHolder::LazyValueProfileHolder::SpeculationFailureValueProfileBucket, 8ul>::Segment>() /root/WebKit/WebKitBuild/TSan/WTF/Headers/wtf/StdLibExtras.h:893:12 (jsc+0x36ea0e)
    #6 WTF::ConcurrentVector<JSC::CompressedLazyValueProfileHolder::LazyValueProfileHolder::SpeculationFailureValueProfileBucket, 8ul>::allocateSegment() /root/WebKit/WebKitBuild/TSan/WTF/Headers/wtf/ConcurrentVector.h:277:78 (jsc+0x36ea0e)
    #7 void WTF::ConcurrentVector<JSC::CompressedLazyValueProfileHolder::LazyValueProfileHolder::SpeculationFailureValueProfileBucket, 8ul>::appendConcurrently<std::pair<JSC::BytecodeIndex, JSC::JSValue>>(std::pair<JSC::BytecodeIndex, JSC::JSValue>&&) /root/WebKit/WebKitBuild/TSan/WTF/Headers/wtf/ConcurrentVector.h:193:13 (jsc+0x36ea0e)
    #8 JSC::CompressedLazyValueProfileHolder::addSpeculationFailureValueProfile(JSC::BytecodeIndex) /root/WebKit/Source/JavaScriptCore/bytecode/LazyValueProfile.cpp:96:51 (jsc+0x36e884)
    #9 JSC::MethodOfGettingAValueProfile::emitReportValue(JSC::CCallHelpers&, JSC::CodeBlock*, JSC::JSValueRegs, JSC::X86Registers::RegisterID, JSC::TagRegistersMode) const /root/WebKit/Source/JavaScriptCore/bytecode/MethodOfGettingAValueProfile.cpp:77:62 (jsc+0x36f886)
    #10 JSC::DFG::OSRExit::compileExit(JSC::CCallHelpers&, JSC::VM&, JSC::DFG::OSRExit const&, JSC::Operands<JSC::ValueRecovery, WTF::Vector<JSC::ValueRecovery, 0ul, WTF::UnsafeVectorOverflow, 16ul, WTF::FastMalloc>> const&, JSC::DFG::SpeculationRecovery*, unsigned int) /root/WebKit/Source/JavaScriptCore/dfg/DFGOSRExit.cpp:546:25 (jsc+0x739324)
    #11 operationCompileOSRExit /root/WebKit/Source/JavaScriptCore/dfg/DFGOSRExit.cpp:270:9 (jsc+0x737558)
    #12 <null> <null> (0x7f3eb2e055c8)
    #13 JSC::evaluate(JSC::JSGlobalObject*, JSC::SourceCode const&, JSC::JSValue, WTF::NakedPtr<JSC::Exception>&) /root/WebKit/Source/JavaScriptCore/runtime/Completion.cpp:145:37 (jsc+0x13c37c3)
    #14 runWithOptions(GlobalObject*, CommandLine&, bool&) /root/WebKit/Source/JavaScriptCore/jsc.cpp:3957:35 (jsc+0x1cafc5)
    #15 jscmain(int, char**)::$_0::operator()(JSC::VM&, GlobalObject*, bool&) const /root/WebKit/Source/JavaScriptCore/jsc.cpp:4686:13 (jsc+0x1cafc5)
    #16 int runJSC<jscmain(int, char**)::$_0>(CommandLine const&, bool, jscmain(int, char**)::$_0 const&) /root/WebKit/Source/JavaScriptCore/jsc.cpp:4472:13 (jsc+0x1cafc5)
    #17 jscmain(int, char**) /root/WebKit/Source/JavaScriptCore/jsc.cpp:4679:18 (jsc+0x1cafc5)
    #18 main /root/WebKit/Source/JavaScriptCore/jsc.cpp:3715:15 (jsc+0x1c9803)

  Thread T3 'JITWorker' (tid=3022821, running) created by thread T2 at:
    #0 pthread_create /home/runner/work/llvm-project/llvm-project/compiler-rt/lib/tsan/rtl/tsan_interceptors_posix.cpp:1090:3 (jsc+0x13ff1a)
    #1 WTF::Thread::establishHandle(WTF::Thread::NewThreadContext&, WTF::StackAllocationSpecification, WTF::ThreadQOS, WTF::ThreadSchedulingPolicy) /root/WebKit/Source/WTF/wtf/posix/ThreadingPOSIX.cpp:354:17 (jsc+0x260f1e5)
    #2 WTF::Thread::create(WTF::ASCIILiteral, WTF::Function<void ()>&&, WTF::ThreadType, WTF::ThreadQOS, WTF::ThreadSchedulingPolicy, WTF::StackAllocationSpecification) /root/WebKit/Source/WTF/wtf/Threading.cpp:330:32 (jsc+0x25b56a5)
    #3 WTF::AutomaticThread::start(WTF::AbstractLocker const&) /root/WebKit/Source/WTF/wtf/AutomaticThread.cpp:189:5 (jsc+0x2588ea9)
    #4 WTF::AutomaticThreadCondition::notifyOne(WTF::AbstractLocker const&) /root/WebKit/Source/WTF/wtf/AutomaticThread.cpp:60:21 (jsc+0x2588ca9)
    #5 JSC::JITWorklist::wakeThreads(WTF::AbstractLocker const&, unsigned int) /root/WebKit/Source/JavaScriptCore/jit/JITWorklist.cpp:162:25 (jsc+0x1043dd6)
    #6 JSC::JITWorklist::enqueue(WTF::Ref<JSC::JITPlan, WTF::RawPtrTraits<JSC::JITPlan>, WTF::DefaultRefDerefTraits<JSC::JITPlan>>) /root/WebKit/Source/JavaScriptCore/jit/JITWorklist.cpp:245:5 (jsc+0x1044642)
    #7 JSC::LLInt::jitCompileAndSetHeuristics(JSC::VM&, JSC::CodeBlock*) /root/WebKit/Source/JavaScriptCore/llint/LLIntSlowPaths.cpp:501:45 (jsc+0x107e377)
    #8 llint_loop_osr /root/WebKit/Source/JavaScriptCore/llint/LLIntSlowPaths.cpp:594:10 (jsc+0x107dbbb)
    #9 llint_op_loop_hint LowLevelInterpreter.cpp (jsc+0x1e2383c)
    #10 JSC::Interpreter::executeCall(JSC::JSObject*, JSC::CallData const&, JSC::JSValue, JSC::JSCell*, JSC::ArgList const&) /root/WebKit/Source/JavaScriptCore/interpreter/Interpreter.cpp (jsc+0xe8bd6d)
    #11 JSC::call(JSC::JSGlobalObject*, JSC::JSValue, JSC::CallData const&, JSC::JSValue, JSC::ArgList const&) /root/WebKit/Source/JavaScriptCore/runtime/CallData.cpp:70:27 (jsc+0x1360a71)
    #12 JSC::call(JSC::JSGlobalObject*, JSC::JSValue, JSC::CallData const&, JSC::JSValue, JSC::ArgList const&, WTF::NakedPtr<JSC::Exception>&) /root/WebKit/Source/JavaScriptCore/runtime/CallData.cpp:77:22 (jsc+0x1360a71)
    #13 JSC::threadMain(JSC::VM&, WTF::Ref<JSC::ThreadState, WTF::RawPtrTraits<JSC::ThreadState>, WTF::DefaultRefDerefTraits<JSC::ThreadState>>) /root/WebKit/Source/JavaScriptCore/runtime/ThreadObject.cpp:241:30 (jsc+0x19a443c)
    #14 JSC::constructThread(JSC::JSGlobalObject*, JSC::CallFrame*)::$_0::operator()() /root/WebKit/Source/JavaScriptCore/runtime/ThreadObject.cpp:468:9 (jsc+0x19a443c)
    #15 WTF::Detail::CallableWrapper<JSC::constructThread(JSC::JSGlobalObject*, JSC::CallFrame*)::$_0, void>::call() /root/WebKit/WebKitBuild/TSan/WTF/Headers/wtf/Function.h:59:39 (jsc+0x19a443c)
    #16 WTF::Function<void ()>::operator()() const /root/WebKit/Source/WTF/wtf/Function.h:103:35 (jsc+0x25b5345)
    #17 WTF::Thread::entryPoint(WTF::Thread::NewThreadContext*) /root/WebKit/Source/WTF/wtf/Threading.cpp:312:5 (jsc+0x25b5345)
    #18 WTF::wtfThreadEntryPoint(void*) /root/WebKit/Source/WTF/wtf/posix/ThreadingPOSIX.cpp:264:5 (jsc+0x260f2f9)

SUMMARY: ThreadSanitizer: data race /root/WebKit/Source/JavaScriptCore/bytecode/BytecodeIndex.h:63:44 in JSC::BytecodeIndex::hash() const
==================
int-gate-jettison-vs-execute: PASS (smoke — rerun with -- int-gate at M4/CS2)
ThreadSanitizer: reported 3 warnings
