JSC: disabling useWasm under GIL-off (wasm glue still reads the raw VM-block exception word; not yet audited for UNGIL §A.1.3 COMPILED-FOR-VM; see AB-17 status block in VMEntryScope.cpp).
==================
WARNING: ThreadSanitizer: data race (pid=3025438)
  Atomic read of size 8 at 0x720c00001ea8 by thread T2:
    #0 std::__atomic_base<JSC::JSScope*>::load(std::memory_order) const /usr/lib/gcc/x86_64-amazon-linux/14/../../../../include/c++/14/bits/atomic_base.h:833:9 (jsc+0x544e29)
    #1 std::atomic<JSC::JSScope*>::load(std::memory_order) const /usr/lib/gcc/x86_64-amazon-linux/14/../../../../include/c++/14/atomic:582:21 (jsc+0x544e29)
    #2 JSC::InferredValue<JSC::JSScope>::InferredValueWatchpointSet::inferredValue() const /root/WebKit/WebKitBuild/TSan/JavaScriptCore/PrivateHeaders/JavaScriptCore/InferredValue.h:168:60 (jsc+0x544e29)
    #3 JSC::InferredValue<JSC::JSScope>::inferredValue() /root/WebKit/WebKitBuild/TSan/JavaScriptCore/PrivateHeaders/JavaScriptCore/InferredValue.h:55:31 (jsc+0x544e29)
    #4 JSC::DFG::ByteCodeParser::parseBlock(unsigned int) /root/WebKit/Source/JavaScriptCore/dfg/DFGByteCodeParser.cpp:9777:67 (jsc+0x544e29)
    #5 JSC::DFG::ByteCodeParser::parseCodeBlock() /root/WebKit/Source/JavaScriptCore/dfg/DFGByteCodeParser.cpp:10992:13 (jsc+0x563ac7)
    #6 void JSC::DFG::ByteCodeParser::inlineCall<JSC::DFG::ByteCodeParser::handleCallVariant(JSC::DFG::Node*, JSC::Operand, JSC::CallVariant, int, JSC::VirtualRegister, int, JSC::BytecodeIndex, JSC::DFG::NodeType, JSC::InlineCallFrame::Kind, unsigned long, JSC::DFG::Node*, unsigned int&, JSC::DFG::BasicBlock*, bool)::$_2>(JSC::DFG::Node*, JSC::Operand, JSC::CallVariant, int, int, JSC::InlineCallFrame::Kind, JSC::DFG::BasicBlock*, JSC::DFG::ByteCodeParser::handleCallVariant(JSC::DFG::Node*, JSC::Operand, JSC::CallVariant, int, JSC::VirtualRegister, int, JSC::BytecodeIndex, JSC::DFG::NodeType, JSC::InlineCallFrame::Kind, unsigned long, JSC::DFG::Node*, unsigned int&, JSC::DFG::BasicBlock*, bool)::$_2 const&) /root/WebKit/Source/JavaScriptCore/dfg/DFGByteCodeParser.cpp:2019:5 (jsc+0x516235)
    #7 JSC::DFG::ByteCodeParser::handleCallVariant(JSC::DFG::Node*, JSC::Operand, JSC::CallVariant, int, JSC::VirtualRegister, int, JSC::BytecodeIndex, JSC::DFG::NodeType, JSC::InlineCallFrame::Kind, unsigned long, JSC::DFG::Node*, unsigned int&, JSC::DFG::BasicBlock*, bool) /root/WebKit/Source/JavaScriptCore/dfg/DFGByteCodeParser.cpp:2127:5 (jsc+0x516235)
    #8 JSC::DFG::ByteCodeParser::handleInlining(JSC::DFG::Node*, JSC::Operand, JSC::CallLinkStatus const&, int, JSC::VirtualRegister, int, JSC::BytecodeIndex, JSC::DFG::NodeType, JSC::InlineCallFrame::Kind, unsigned long, JSC::DFG::Node*, JSC::ECMAMode) /root/WebKit/Source/JavaScriptCore/dfg/DFGByteCodeParser.cpp:2308:49 (jsc+0x5102c7)
    #9 JSC::DFG::ByteCodeParser::handleCall(JSC::Operand, JSC::DFG::NodeType, JSC::InlineCallFrame::Kind, JSC::BytecodeIndex, JSC::DFG::Node*, int, int, JSC::CallLinkStatus, unsigned long, JSC::DFG::Node*, JSC::ECMAMode) /root/WebKit/Source/JavaScriptCore/dfg/DFGByteCodeParser.cpp:1497:35 (jsc+0x50fe10)
    #10 JSC::DFG::ByteCodeParser::Terminality JSC::DFG::ByteCodeParser::handleCall<JSC::OpCallIgnoreResult>(JSC::BaseInstruction<JSC::JSOpcodeTraits> const*, JSC::DFG::NodeType, JSC::CallMode, JSC::BytecodeIndex, JSC::DFG::Node*) /root/WebKit/Source/JavaScriptCore/dfg/DFGByteCodeParser.cpp:1470:12 (jsc+0x55934e)
    #11 JSC::DFG::ByteCodeParser::parseBlock(unsigned int) /root/WebKit/Source/JavaScriptCore/dfg/DFGByteCodeParser.cpp:9640:13 (jsc+0x52a81f)
    #12 JSC::DFG::ByteCodeParser::parseCodeBlock() /root/WebKit/Source/JavaScriptCore/dfg/DFGByteCodeParser.cpp:10992:13 (jsc+0x563ac7)
    #13 JSC::DFG::ByteCodeParser::parse() /root/WebKit/Source/JavaScriptCore/dfg/DFGByteCodeParser.cpp:13043:5 (jsc+0x56da3e)
    #14 JSC::DFG::parse(JSC::DFG::Graph&) /root/WebKit/Source/JavaScriptCore/dfg/DFGByteCodeParser.cpp:13083:34 (jsc+0x56e0c5)
    #15 JSC::DFG::Plan::compileInThreadImpl() /root/WebKit/Source/JavaScriptCore/dfg/DFGPlan.cpp:255:14 (jsc+0x8b0c40)
    #16 JSC::JITPlan::compileInThread(JSC::JITWorklistThread*) /root/WebKit/Source/JavaScriptCore/jit/JITPlan.cpp:283:28 (jsc+0xfdf13d)
    #17 JSC::JITWorklistThread::work() /root/WebKit/Source/JavaScriptCore/jit/JITWorklistThread.cpp:145:13 (jsc+0x1049abb)
    #18 WTF::AutomaticThread::start(WTF::AbstractLocker const&)::$_0::operator()() const /root/WebKit/Source/WTF/wtf/AutomaticThread.cpp:260:37 (jsc+0x258a42c)
    #19 WTF::Detail::CallableWrapper<WTF::AutomaticThread::start(WTF::AbstractLocker const&)::$_0, void>::call() /root/WebKit/Source/WTF/wtf/Function.h:59:39 (jsc+0x258a42c)
    #20 WTF::Function<void ()>::operator()() const /root/WebKit/Source/WTF/wtf/Function.h:103:35 (jsc+0x25b5345)
    #21 WTF::Thread::entryPoint(WTF::Thread::NewThreadContext*) /root/WebKit/Source/WTF/wtf/Threading.cpp:312:5 (jsc+0x25b5345)
    #22 WTF::wtfThreadEntryPoint(void*) /root/WebKit/Source/WTF/wtf/posix/ThreadingPOSIX.cpp:264:5 (jsc+0x260f2f9)

  Previous write of size 8 at 0x720c00001ea8 by main thread:
    #0 malloc /home/runner/work/llvm-project/llvm-project/compiler-rt/lib/tsan/rtl/tsan_interceptors_posix.cpp:682:5 (jsc+0x13dc20)
    #1 bmalloc::api::malloc(unsigned long, bmalloc::CompactAllocationMode, bmalloc::HeapKind) /root/WebKit/WebKitBuild/TSan/bmalloc/Headers/bmalloc/bmalloc.h:96:20 (jsc+0x2598589)
    #2 WTF::fastMalloc(unsigned long) /root/WebKit/Source/WTF/wtf/FastMalloc.cpp:337:20 (jsc+0x2598589)
    #3 JSC::WatchpointSet::operator new(unsigned long) /root/WebKit/Source/JavaScriptCore/bytecode/Watchpoint.h:223:5 (jsc+0x63e689)
    #4 JSC::InferredValue<JSC::JSScope>::inflateSlow() /root/WebKit/WebKitBuild/TSan/JavaScriptCore/PrivateHeaders/JavaScriptCore/InferredValue.h:456:55 (jsc+0x63e689)
    #5 JSC::InferredValue<JSC::JSScope>::inflate() /root/WebKit/WebKitBuild/TSan/JavaScriptCore/PrivateHeaders/JavaScriptCore/InferredValue.h:256:16 (jsc+0x61d682)
    #6 JSC::InferredValue<JSC::JSScope>::add(JSC::Watchpoint*) /root/WebKit/WebKitBuild/TSan/JavaScriptCore/PrivateHeaders/JavaScriptCore/InferredValue.h:434:5 (jsc+0x61d682)
    #7 JSC::DFG::SymbolTableAdaptor::add(JSC::CodeBlock*, JSC::SymbolTable*, JSC::DFG::WatchpointCollector&)::$_0::operator()(JSC::CodeBlockJettisoningWatchpoint&) const /root/WebKit/Source/JavaScriptCore/dfg/DFGDesiredWatchpoints.cpp:66:34 (jsc+0x61d682)
    #8 bool JSC::DFG::WatchpointCollector::addWatchpoint<JSC::DFG::SymbolTableAdaptor::add(JSC::CodeBlock*, JSC::SymbolTable*, JSC::DFG::WatchpointCollector&)::$_0>(JSC::DFG::SymbolTableAdaptor::add(JSC::CodeBlock*, JSC::SymbolTable*, JSC::DFG::WatchpointCollector&)::$_0 const&) /root/WebKit/Source/JavaScriptCore/dfg/DFGDesiredWatchpoints.h:79:20 (jsc+0x61d682)
    #9 JSC::DFG::SymbolTableAdaptor::add(JSC::CodeBlock*, JSC::SymbolTable*, JSC::DFG::WatchpointCollector&) /root/WebKit/Source/JavaScriptCore/dfg/DFGDesiredWatchpoints.cpp:60:22 (jsc+0x61d682)
    #10 JSC::DFG::GenericDesiredWatchpoints<JSC::SymbolTable*, JSC::DFG::SymbolTableAdaptor>::reallyAdd(JSC::CodeBlock*, JSC::DFG::WatchpointCollector&) /root/WebKit/Source/JavaScriptCore/dfg/DFGDesiredWatchpoints.h:214:18 (jsc+0x61ee5b)
    #11 JSC::DFG::DesiredWatchpoints::reallyAdd(JSC::CodeBlock*, JSC::DFG::DesiredIdentifiers&, JSC::DFG::CommonData*) /root/WebKit/Source/JavaScriptCore/dfg/DFGDesiredWatchpoints.cpp:212:25 (jsc+0x61f7a5)
    #12 JSC::DFG::Plan::reallyAdd(JSC::DFG::CommonData*) /root/WebKit/Source/JavaScriptCore/dfg/DFGPlan.cpp:611:24 (jsc+0x8b8550)
    #13 JSC::DFG::Plan::finalize()::$_0::operator()() const /root/WebKit/Source/JavaScriptCore/dfg/DFGPlan.cpp:671:14 (jsc+0x8b8882)
    #14 JSC::DFG::Plan::finalize() /root/WebKit/Source/JavaScriptCore/dfg/DFGPlan.cpp:654:32 (jsc+0x8b8882)
    #15 JSC::JITWorklist::completeAllReadyPlansForVM(JSC::VM&, JSC::JITCompilationKey) /root/WebKit/Source/JavaScriptCore/jit/JITWorklist.cpp:314:15 (jsc+0x1045879)
    #16 operationOptimize /root/WebKit/Source/JavaScriptCore/jit/JITOperations.cpp:3158:76 (jsc+0xfc13c9)
    #17 <null> <null> (0x7eff80a029f8)
    #18 JSC::evaluate(JSC::JSGlobalObject*, JSC::SourceCode const&, JSC::JSValue, WTF::NakedPtr<JSC::Exception>&) /root/WebKit/Source/JavaScriptCore/runtime/Completion.cpp:145:37 (jsc+0x13c37c3)
    #19 runWithOptions(GlobalObject*, CommandLine&, bool&) /root/WebKit/Source/JavaScriptCore/jsc.cpp:3957:35 (jsc+0x1cafc5)
    #20 jscmain(int, char**)::$_0::operator()(JSC::VM&, GlobalObject*, bool&) const /root/WebKit/Source/JavaScriptCore/jsc.cpp:4686:13 (jsc+0x1cafc5)
    #21 int runJSC<jscmain(int, char**)::$_0>(CommandLine const&, bool, jscmain(int, char**)::$_0 const&) /root/WebKit/Source/JavaScriptCore/jsc.cpp:4472:13 (jsc+0x1cafc5)
    #22 jscmain(int, char**) /root/WebKit/Source/JavaScriptCore/jsc.cpp:4679:18 (jsc+0x1cafc5)
    #23 main /root/WebKit/Source/JavaScriptCore/jsc.cpp:3715:15 (jsc+0x1c9803)

  Location is heap block of size 40 at 0x720c00001e90 allocated by main thread:
    #0 malloc /home/runner/work/llvm-project/llvm-project/compiler-rt/lib/tsan/rtl/tsan_interceptors_posix.cpp:682:5 (jsc+0x13dc20)
    #1 bmalloc::api::malloc(unsigned long, bmalloc::CompactAllocationMode, bmalloc::HeapKind) /root/WebKit/WebKitBuild/TSan/bmalloc/Headers/bmalloc/bmalloc.h:96:20 (jsc+0x2598589)
    #2 WTF::fastMalloc(unsigned long) /root/WebKit/Source/WTF/wtf/FastMalloc.cpp:337:20 (jsc+0x2598589)
    #3 JSC::WatchpointSet::operator new(unsigned long) /root/WebKit/Source/JavaScriptCore/bytecode/Watchpoint.h:223:5 (jsc+0x63e689)
    #4 JSC::InferredValue<JSC::JSScope>::inflateSlow() /root/WebKit/WebKitBuild/TSan/JavaScriptCore/PrivateHeaders/JavaScriptCore/InferredValue.h:456:55 (jsc+0x63e689)
    #5 JSC::InferredValue<JSC::JSScope>::inflate() /root/WebKit/WebKitBuild/TSan/JavaScriptCore/PrivateHeaders/JavaScriptCore/InferredValue.h:256:16 (jsc+0x61d682)
    #6 JSC::InferredValue<JSC::JSScope>::add(JSC::Watchpoint*) /root/WebKit/WebKitBuild/TSan/JavaScriptCore/PrivateHeaders/JavaScriptCore/InferredValue.h:434:5 (jsc+0x61d682)
    #7 JSC::DFG::SymbolTableAdaptor::add(JSC::CodeBlock*, JSC::SymbolTable*, JSC::DFG::WatchpointCollector&)::$_0::operator()(JSC::CodeBlockJettisoningWatchpoint&) const /root/WebKit/Source/JavaScriptCore/dfg/DFGDesiredWatchpoints.cpp:66:34 (jsc+0x61d682)
    #8 bool JSC::DFG::WatchpointCollector::addWatchpoint<JSC::DFG::SymbolTableAdaptor::add(JSC::CodeBlock*, JSC::SymbolTable*, JSC::DFG::WatchpointCollector&)::$_0>(JSC::DFG::SymbolTableAdaptor::add(JSC::CodeBlock*, JSC::SymbolTable*, JSC::DFG::WatchpointCollector&)::$_0 const&) /root/WebKit/Source/JavaScriptCore/dfg/DFGDesiredWatchpoints.h:79:20 (jsc+0x61d682)
    #9 JSC::DFG::SymbolTableAdaptor::add(JSC::CodeBlock*, JSC::SymbolTable*, JSC::DFG::WatchpointCollector&) /root/WebKit/Source/JavaScriptCore/dfg/DFGDesiredWatchpoints.cpp:60:22 (jsc+0x61d682)
    #10 JSC::DFG::GenericDesiredWatchpoints<JSC::SymbolTable*, JSC::DFG::SymbolTableAdaptor>::reallyAdd(JSC::CodeBlock*, JSC::DFG::WatchpointCollector&) /root/WebKit/Source/JavaScriptCore/dfg/DFGDesiredWatchpoints.h:214:18 (jsc+0x61ee5b)
    #11 JSC::DFG::DesiredWatchpoints::reallyAdd(JSC::CodeBlock*, JSC::DFG::DesiredIdentifiers&, JSC::DFG::CommonData*) /root/WebKit/Source/JavaScriptCore/dfg/DFGDesiredWatchpoints.cpp:212:25 (jsc+0x61f7a5)
    #12 JSC::DFG::Plan::reallyAdd(JSC::DFG::CommonData*) /root/WebKit/Source/JavaScriptCore/dfg/DFGPlan.cpp:611:24 (jsc+0x8b8550)
    #13 JSC::DFG::Plan::finalize()::$_0::operator()() const /root/WebKit/Source/JavaScriptCore/dfg/DFGPlan.cpp:671:14 (jsc+0x8b8882)
    #14 JSC::DFG::Plan::finalize() /root/WebKit/Source/JavaScriptCore/dfg/DFGPlan.cpp:654:32 (jsc+0x8b8882)
    #15 JSC::JITWorklist::completeAllReadyPlansForVM(JSC::VM&, JSC::JITCompilationKey) /root/WebKit/Source/JavaScriptCore/jit/JITWorklist.cpp:314:15 (jsc+0x1045879)
    #16 operationOptimize /root/WebKit/Source/JavaScriptCore/jit/JITOperations.cpp:3158:76 (jsc+0xfc13c9)
    #17 <null> <null> (0x7eff80a029f8)
    #18 JSC::evaluate(JSC::JSGlobalObject*, JSC::SourceCode const&, JSC::JSValue, WTF::NakedPtr<JSC::Exception>&) /root/WebKit/Source/JavaScriptCore/runtime/Completion.cpp:145:37 (jsc+0x13c37c3)
    #19 runWithOptions(GlobalObject*, CommandLine&, bool&) /root/WebKit/Source/JavaScriptCore/jsc.cpp:3957:35 (jsc+0x1cafc5)
    #20 jscmain(int, char**)::$_0::operator()(JSC::VM&, GlobalObject*, bool&) const /root/WebKit/Source/JavaScriptCore/jsc.cpp:4686:13 (jsc+0x1cafc5)
    #21 int runJSC<jscmain(int, char**)::$_0>(CommandLine const&, bool, jscmain(int, char**)::$_0 const&) /root/WebKit/Source/JavaScriptCore/jsc.cpp:4472:13 (jsc+0x1cafc5)
    #22 jscmain(int, char**) /root/WebKit/Source/JavaScriptCore/jsc.cpp:4679:18 (jsc+0x1cafc5)
    #23 main /root/WebKit/Source/JavaScriptCore/jsc.cpp:3715:15 (jsc+0x1c9803)

  Thread T2 'JITWorker' (tid=3025448, running) created by main thread at:
    #0 pthread_create /home/runner/work/llvm-project/llvm-project/compiler-rt/lib/tsan/rtl/tsan_interceptors_posix.cpp:1090:3 (jsc+0x13ff1a)
    #1 WTF::Thread::establishHandle(WTF::Thread::NewThreadContext&, WTF::StackAllocationSpecification, WTF::ThreadQOS, WTF::ThreadSchedulingPolicy) /root/WebKit/Source/WTF/wtf/posix/ThreadingPOSIX.cpp:354:17 (jsc+0x260f1e5)
    #2 WTF::Thread::create(WTF::ASCIILiteral, WTF::Function<void ()>&&, WTF::ThreadType, WTF::ThreadQOS, WTF::ThreadSchedulingPolicy, WTF::StackAllocationSpecification) /root/WebKit/Source/WTF/wtf/Threading.cpp:330:32 (jsc+0x25b56a5)
    #3 WTF::AutomaticThread::start(WTF::AbstractLocker const&) /root/WebKit/Source/WTF/wtf/AutomaticThread.cpp:189:5 (jsc+0x2588ea9)
    #4 WTF::AutomaticThreadCondition::notifyOne(WTF::AbstractLocker const&) /root/WebKit/Source/WTF/wtf/AutomaticThread.cpp:60:21 (jsc+0x2588ca9)
    #5 JSC::JITWorklist::wakeThreads(WTF::AbstractLocker const&, unsigned int) /root/WebKit/Source/JavaScriptCore/jit/JITWorklist.cpp:162:25 (jsc+0x1043dd6)
    #6 JSC::JITWorklist::enqueue(WTF::Ref<JSC::JITPlan, WTF::RawPtrTraits<JSC::JITPlan>, WTF::DefaultRefDerefTraits<JSC::JITPlan>>) /root/WebKit/Source/JavaScriptCore/jit/JITWorklist.cpp:245:5 (jsc+0x1044642)
    #7 JSC::DFG::compileImpl(JSC::VM&, JSC::CodeBlock*, JSC::CodeBlock*, JSC::JITCompilationMode, JSC::BytecodeIndex, JSC::Operands<std::optional<JSC::JSValue>, WTF::Vector<std::optional<JSC::JSValue>, 0ul, WTF::UnsafeVectorOverflow, 16ul, WTF::FastMalloc>>&&, WTF::Ref<JSC::DeferredCompilationCallback, WTF::RawPtrTraits<JSC::DeferredCompilationCallback>, WTF::DefaultRefDerefTraits<JSC::DeferredCompilationCallback>>&&) /root/WebKit/Source/JavaScriptCore/dfg/DFGDriver.cpp:102:21 (jsc+0x644a05)
    #8 JSC::DFG::compile(JSC::VM&, JSC::CodeBlock*, JSC::CodeBlock*, JSC::JITCompilationMode, JSC::BytecodeIndex, JSC::Operands<std::optional<JSC::JSValue>, WTF::Vector<std::optional<JSC::JSValue>, 0ul, WTF::UnsafeVectorOverflow, 16ul, WTF::FastMalloc>>&&, WTF::Ref<JSC::DeferredCompilationCallback, WTF::RawPtrTraits<JSC::DeferredCompilationCallback>, WTF::DefaultRefDerefTraits<JSC::DeferredCompilationCallback>>&&) /root/WebKit/Source/JavaScriptCore/dfg/DFGDriver.cpp:118:12 (jsc+0x644a05)
    #9 operationOptimize /root/WebKit/Source/JavaScriptCore/jit/JITOperations.cpp:3269:36 (jsc+0xfc1818)
    #10 <null> <null> (0x7eff80a05b9d)
    #11 JSC::evaluate(JSC::JSGlobalObject*, JSC::SourceCode const&, JSC::JSValue, WTF::NakedPtr<JSC::Exception>&) /root/WebKit/Source/JavaScriptCore/runtime/Completion.cpp:145:37 (jsc+0x13c37c3)
    #12 runWithOptions(GlobalObject*, CommandLine&, bool&) /root/WebKit/Source/JavaScriptCore/jsc.cpp:3957:35 (jsc+0x1cafc5)
    #13 jscmain(int, char**)::$_0::operator()(JSC::VM&, GlobalObject*, bool&) const /root/WebKit/Source/JavaScriptCore/jsc.cpp:4686:13 (jsc+0x1cafc5)
    #14 int runJSC<jscmain(int, char**)::$_0>(CommandLine const&, bool, jscmain(int, char**)::$_0 const&) /root/WebKit/Source/JavaScriptCore/jsc.cpp:4472:13 (jsc+0x1cafc5)
    #15 jscmain(int, char**) /root/WebKit/Source/JavaScriptCore/jsc.cpp:4679:18 (jsc+0x1cafc5)
    #16 main /root/WebKit/Source/JavaScriptCore/jsc.cpp:3715:15 (jsc+0x1c9803)

SUMMARY: ThreadSanitizer: data race /root/WebKit/WebKitBuild/TSan/JavaScriptCore/PrivateHeaders/JavaScriptCore/InferredValue.h:168:60 in JSC::InferredValue<JSC::JSScope>::InferredValueWatchpointSet::inferredValue() const
==================
SCALING string-heavy 2 998.267
ThreadSanitizer: reported 1 warnings
