JSC: disabling useWasm under GIL-off (wasm glue still reads the raw VM-block exception word; not yet audited for UNGIL §A.1.3 COMPILED-FOR-VM; see AB-17 status block in VMEntryScope.cpp).
==================
WARNING: ThreadSanitizer: data race (pid=3025541)
  Read of size 4 at 0x72380002305c by thread T2:
    #0 JSC::ICSlowPathCallFrameTracer::ICSlowPathCallFrameTracer(JSC::VM&, JSC::CallFrame*, JSC::PropertyInlineCache*) /root/WebKit/Source/JavaScriptCore/jit/JITOperations.cpp:120:33 (jsc+0xfa3e3d)
    #1 operationGetByIdOptimize /root/WebKit/Source/JavaScriptCore/jit/JITOperations.cpp:576:31 (jsc+0xfa3e3d)
    #2 <null> <null> (0x7fbf53a02a04)
    #3 JSC::Interpreter::executeCall(JSC::JSObject*, JSC::CallData const&, JSC::JSValue, JSC::JSCell*, JSC::ArgList const&) /root/WebKit/Source/JavaScriptCore/interpreter/Interpreter.cpp (jsc+0xe8bd6d)
    #4 JSC::call(JSC::JSGlobalObject*, JSC::JSValue, JSC::CallData const&, JSC::JSValue, JSC::ArgList const&) /root/WebKit/Source/JavaScriptCore/runtime/CallData.cpp:70:27 (jsc+0x1360a71)
    #5 JSC::call(JSC::JSGlobalObject*, JSC::JSValue, JSC::CallData const&, JSC::JSValue, JSC::ArgList const&, WTF::NakedPtr<JSC::Exception>&) /root/WebKit/Source/JavaScriptCore/runtime/CallData.cpp:77:22 (jsc+0x1360a71)
    #6 JSC::threadMain(JSC::VM&, WTF::Ref<JSC::ThreadState, WTF::RawPtrTraits<JSC::ThreadState>, WTF::DefaultRefDerefTraits<JSC::ThreadState>>) /root/WebKit/Source/JavaScriptCore/runtime/ThreadObject.cpp:241:30 (jsc+0x19a443c)
    #7 JSC::constructThread(JSC::JSGlobalObject*, JSC::CallFrame*)::$_0::operator()() /root/WebKit/Source/JavaScriptCore/runtime/ThreadObject.cpp:468:9 (jsc+0x19a443c)
    #8 WTF::Detail::CallableWrapper<JSC::constructThread(JSC::JSGlobalObject*, JSC::CallFrame*)::$_0, void>::call() /root/WebKit/WebKitBuild/TSan/WTF/Headers/wtf/Function.h:59:39 (jsc+0x19a443c)
    #9 WTF::Function<void ()>::operator()() const /root/WebKit/Source/WTF/wtf/Function.h:103:35 (jsc+0x25b5345)
    #10 WTF::Thread::entryPoint(WTF::Thread::NewThreadContext*) /root/WebKit/Source/WTF/wtf/Threading.cpp:312:5 (jsc+0x25b5345)
    #11 WTF::wtfThreadEntryPoint(void*) /root/WebKit/Source/WTF/wtf/posix/ThreadingPOSIX.cpp:264:5 (jsc+0x260f2f9)

  Previous write of size 8 at 0x723800023058 by thread T5:
    #0 malloc /home/runner/work/llvm-project/llvm-project/compiler-rt/lib/tsan/rtl/tsan_interceptors_posix.cpp:682:5 (jsc+0x13dc20)
    #1 bmalloc::api::malloc(unsigned long, bmalloc::CompactAllocationMode, bmalloc::HeapKind) /root/WebKit/WebKitBuild/TSan/bmalloc/Headers/bmalloc/bmalloc.h:96:20 (jsc+0x2598589)
    #2 WTF::fastMalloc(unsigned long) /root/WebKit/Source/WTF/wtf/FastMalloc.cpp:337:20 (jsc+0x2598589)
    #3 JSC::DFG::JITData* WTF::ButterflyArray<JSC::DFG::JITData, JSC::HandlerPropertyInlineCache, void*>::createImpl<JSC::DFG::JITCode const&, WTF::FixedVector<JSC::MacroAssemblerCodeRef<(WTF::PtrTag)57886>, WTF::FastMalloc>>(unsigned int, unsigned int, JSC::DFG::JITCode const&, WTF::FixedVector<JSC::MacroAssemblerCodeRef<(WTF::PtrTag)57886>, WTF::FastMalloc>&&) /root/WebKit/WebKitBuild/TSan/WTF/Headers/wtf/ButterflyArray.h:59:51 (jsc+0x8b9770)
    #4 JSC::DFG::JITData::tryCreate(JSC::VM&, JSC::CodeBlock*, JSC::DFG::JITCode const&, WTF::FixedVector<JSC::MacroAssemblerCodeRef<(WTF::PtrTag)57886>, WTF::FastMalloc>&&) /root/WebKit/Source/JavaScriptCore/dfg/DFGJITCode.h:375:46 (jsc+0x8b9770)
    #5 JSC::DFG::Plan::tryFinalizeJITData(JSC::DFG::JITCode const&) /root/WebKit/Source/JavaScriptCore/dfg/DFGPlan.cpp:822:12 (jsc+0x8b9770)
    #6 JSC::DFG::JITFinalizer::finalize() /root/WebKit/Source/JavaScriptCore/dfg/DFGJITFinalizer.cpp:68:24 (jsc+0x6e9e2b)
    #7 JSC::DFG::Plan::finalize()::$_0::operator()() const /root/WebKit/Source/JavaScriptCore/dfg/DFGPlan.cpp:665:36 (jsc+0x8b8811)
    #8 JSC::DFG::Plan::finalize() /root/WebKit/Source/JavaScriptCore/dfg/DFGPlan.cpp:654:32 (jsc+0x8b8811)
    #9 JSC::JITWorklist::completeAllReadyPlansForVM(JSC::VM&, JSC::JITCompilationKey) /root/WebKit/Source/JavaScriptCore/jit/JITWorklist.cpp:314:15 (jsc+0x1045879)
    #10 operationOptimize /root/WebKit/Source/JavaScriptCore/jit/JITOperations.cpp:3158:76 (jsc+0xfc13c9)
    #11 <null> <null> (0x7fbf53a02178)
    #12 JSC::Interpreter::executeCall(JSC::JSObject*, JSC::CallData const&, JSC::JSValue, JSC::JSCell*, JSC::ArgList const&) /root/WebKit/Source/JavaScriptCore/interpreter/Interpreter.cpp (jsc+0xe8bd6d)
    #13 JSC::call(JSC::JSGlobalObject*, JSC::JSValue, JSC::CallData const&, JSC::JSValue, JSC::ArgList const&) /root/WebKit/Source/JavaScriptCore/runtime/CallData.cpp:70:27 (jsc+0x1360a71)
    #14 JSC::call(JSC::JSGlobalObject*, JSC::JSValue, JSC::CallData const&, JSC::JSValue, JSC::ArgList const&, WTF::NakedPtr<JSC::Exception>&) /root/WebKit/Source/JavaScriptCore/runtime/CallData.cpp:77:22 (jsc+0x1360a71)
    #15 JSC::threadMain(JSC::VM&, WTF::Ref<JSC::ThreadState, WTF::RawPtrTraits<JSC::ThreadState>, WTF::DefaultRefDerefTraits<JSC::ThreadState>>) /root/WebKit/Source/JavaScriptCore/runtime/ThreadObject.cpp:241:30 (jsc+0x19a443c)
    #16 JSC::constructThread(JSC::JSGlobalObject*, JSC::CallFrame*)::$_0::operator()() /root/WebKit/Source/JavaScriptCore/runtime/ThreadObject.cpp:468:9 (jsc+0x19a443c)
    #17 WTF::Detail::CallableWrapper<JSC::constructThread(JSC::JSGlobalObject*, JSC::CallFrame*)::$_0, void>::call() /root/WebKit/WebKitBuild/TSan/WTF/Headers/wtf/Function.h:59:39 (jsc+0x19a443c)
    #18 WTF::Function<void ()>::operator()() const /root/WebKit/Source/WTF/wtf/Function.h:103:35 (jsc+0x25b5345)
    #19 WTF::Thread::entryPoint(WTF::Thread::NewThreadContext*) /root/WebKit/Source/WTF/wtf/Threading.cpp:312:5 (jsc+0x25b5345)
    #20 WTF::wtfThreadEntryPoint(void*) /root/WebKit/Source/WTF/wtf/posix/ThreadingPOSIX.cpp:264:5 (jsc+0x260f2f9)

  Location is heap block of size 224 at 0x723800023000 allocated by thread T5:
    #0 malloc /home/runner/work/llvm-project/llvm-project/compiler-rt/lib/tsan/rtl/tsan_interceptors_posix.cpp:682:5 (jsc+0x13dc20)
    #1 bmalloc::api::malloc(unsigned long, bmalloc::CompactAllocationMode, bmalloc::HeapKind) /root/WebKit/WebKitBuild/TSan/bmalloc/Headers/bmalloc/bmalloc.h:96:20 (jsc+0x2598589)
    #2 WTF::fastMalloc(unsigned long) /root/WebKit/Source/WTF/wtf/FastMalloc.cpp:337:20 (jsc+0x2598589)
    #3 JSC::DFG::JITData* WTF::ButterflyArray<JSC::DFG::JITData, JSC::HandlerPropertyInlineCache, void*>::createImpl<JSC::DFG::JITCode const&, WTF::FixedVector<JSC::MacroAssemblerCodeRef<(WTF::PtrTag)57886>, WTF::FastMalloc>>(unsigned int, unsigned int, JSC::DFG::JITCode const&, WTF::FixedVector<JSC::MacroAssemblerCodeRef<(WTF::PtrTag)57886>, WTF::FastMalloc>&&) /root/WebKit/WebKitBuild/TSan/WTF/Headers/wtf/ButterflyArray.h:59:51 (jsc+0x8b9770)
    #4 JSC::DFG::JITData::tryCreate(JSC::VM&, JSC::CodeBlock*, JSC::DFG::JITCode const&, WTF::FixedVector<JSC::MacroAssemblerCodeRef<(WTF::PtrTag)57886>, WTF::FastMalloc>&&) /root/WebKit/Source/JavaScriptCore/dfg/DFGJITCode.h:375:46 (jsc+0x8b9770)
    #5 JSC::DFG::Plan::tryFinalizeJITData(JSC::DFG::JITCode const&) /root/WebKit/Source/JavaScriptCore/dfg/DFGPlan.cpp:822:12 (jsc+0x8b9770)
    #6 JSC::DFG::JITFinalizer::finalize() /root/WebKit/Source/JavaScriptCore/dfg/DFGJITFinalizer.cpp:68:24 (jsc+0x6e9e2b)
    #7 JSC::DFG::Plan::finalize()::$_0::operator()() const /root/WebKit/Source/JavaScriptCore/dfg/DFGPlan.cpp:665:36 (jsc+0x8b8811)
    #8 JSC::DFG::Plan::finalize() /root/WebKit/Source/JavaScriptCore/dfg/DFGPlan.cpp:654:32 (jsc+0x8b8811)
    #9 JSC::JITWorklist::completeAllReadyPlansForVM(JSC::VM&, JSC::JITCompilationKey) /root/WebKit/Source/JavaScriptCore/jit/JITWorklist.cpp:314:15 (jsc+0x1045879)
    #10 operationOptimize /root/WebKit/Source/JavaScriptCore/jit/JITOperations.cpp:3158:76 (jsc+0xfc13c9)
    #11 <null> <null> (0x7fbf53a02178)
    #12 JSC::Interpreter::executeCall(JSC::JSObject*, JSC::CallData const&, JSC::JSValue, JSC::JSCell*, JSC::ArgList const&) /root/WebKit/Source/JavaScriptCore/interpreter/Interpreter.cpp (jsc+0xe8bd6d)
    #13 JSC::call(JSC::JSGlobalObject*, JSC::JSValue, JSC::CallData const&, JSC::JSValue, JSC::ArgList const&) /root/WebKit/Source/JavaScriptCore/runtime/CallData.cpp:70:27 (jsc+0x1360a71)
    #14 JSC::call(JSC::JSGlobalObject*, JSC::JSValue, JSC::CallData const&, JSC::JSValue, JSC::ArgList const&, WTF::NakedPtr<JSC::Exception>&) /root/WebKit/Source/JavaScriptCore/runtime/CallData.cpp:77:22 (jsc+0x1360a71)
    #15 JSC::threadMain(JSC::VM&, WTF::Ref<JSC::ThreadState, WTF::RawPtrTraits<JSC::ThreadState>, WTF::DefaultRefDerefTraits<JSC::ThreadState>>) /root/WebKit/Source/JavaScriptCore/runtime/ThreadObject.cpp:241:30 (jsc+0x19a443c)
    #16 JSC::constructThread(JSC::JSGlobalObject*, JSC::CallFrame*)::$_0::operator()() /root/WebKit/Source/JavaScriptCore/runtime/ThreadObject.cpp:468:9 (jsc+0x19a443c)
    #17 WTF::Detail::CallableWrapper<JSC::constructThread(JSC::JSGlobalObject*, JSC::CallFrame*)::$_0, void>::call() /root/WebKit/WebKitBuild/TSan/WTF/Headers/wtf/Function.h:59:39 (jsc+0x19a443c)
    #18 WTF::Function<void ()>::operator()() const /root/WebKit/Source/WTF/wtf/Function.h:103:35 (jsc+0x25b5345)
    #19 WTF::Thread::entryPoint(WTF::Thread::NewThreadContext*) /root/WebKit/Source/WTF/wtf/Threading.cpp:312:5 (jsc+0x25b5345)
    #20 WTF::wtfThreadEntryPoint(void*) /root/WebKit/Source/WTF/wtf/posix/ThreadingPOSIX.cpp:264:5 (jsc+0x260f2f9)

  Thread T2 'JS Thread' (tid=3025544, running) created by main thread at:
    #0 pthread_create /home/runner/work/llvm-project/llvm-project/compiler-rt/lib/tsan/rtl/tsan_interceptors_posix.cpp:1090:3 (jsc+0x13ff1a)
    #1 WTF::Thread::establishHandle(WTF::Thread::NewThreadContext&, WTF::StackAllocationSpecification, WTF::ThreadQOS, WTF::ThreadSchedulingPolicy) /root/WebKit/Source/WTF/wtf/posix/ThreadingPOSIX.cpp:354:17 (jsc+0x260f1e5)
    #2 WTF::Thread::create(WTF::ASCIILiteral, WTF::Function<void ()>&&, WTF::ThreadType, WTF::ThreadQOS, WTF::ThreadSchedulingPolicy, WTF::StackAllocationSpecification) /root/WebKit/Source/WTF/wtf/Threading.cpp:330:32 (jsc+0x25b56a5)
    #3 JSC::constructThread(JSC::JSGlobalObject*, JSC::CallFrame*) /root/WebKit/Source/JavaScriptCore/runtime/ThreadObject.cpp:467:5 (jsc+0x199c9cf)
    #4 <null> <null> (0x7fbf539ff217)
    #5 JSC::evaluate(JSC::JSGlobalObject*, JSC::SourceCode const&, JSC::JSValue, WTF::NakedPtr<JSC::Exception>&) /root/WebKit/Source/JavaScriptCore/runtime/Completion.cpp:145:37 (jsc+0x13c37c3)
    #6 runWithOptions(GlobalObject*, CommandLine&, bool&) /root/WebKit/Source/JavaScriptCore/jsc.cpp:3957:35 (jsc+0x1cafc5)
    #7 jscmain(int, char**)::$_0::operator()(JSC::VM&, GlobalObject*, bool&) const /root/WebKit/Source/JavaScriptCore/jsc.cpp:4686:13 (jsc+0x1cafc5)
    #8 int runJSC<jscmain(int, char**)::$_0>(CommandLine const&, bool, jscmain(int, char**)::$_0 const&) /root/WebKit/Source/JavaScriptCore/jsc.cpp:4472:13 (jsc+0x1cafc5)
    #9 jscmain(int, char**) /root/WebKit/Source/JavaScriptCore/jsc.cpp:4679:18 (jsc+0x1cafc5)
    #10 main /root/WebKit/Source/JavaScriptCore/jsc.cpp:3715:15 (jsc+0x1c9803)

  Thread T5 'JS Thread' (tid=3025547, running) created by main thread at:
    #0 pthread_create /home/runner/work/llvm-project/llvm-project/compiler-rt/lib/tsan/rtl/tsan_interceptors_posix.cpp:1090:3 (jsc+0x13ff1a)
    #1 WTF::Thread::establishHandle(WTF::Thread::NewThreadContext&, WTF::StackAllocationSpecification, WTF::ThreadQOS, WTF::ThreadSchedulingPolicy) /root/WebKit/Source/WTF/wtf/posix/ThreadingPOSIX.cpp:354:17 (jsc+0x260f1e5)
    #2 WTF::Thread::create(WTF::ASCIILiteral, WTF::Function<void ()>&&, WTF::ThreadType, WTF::ThreadQOS, WTF::ThreadSchedulingPolicy, WTF::StackAllocationSpecification) /root/WebKit/Source/WTF/wtf/Threading.cpp:330:32 (jsc+0x25b56a5)
    #3 JSC::constructThread(JSC::JSGlobalObject*, JSC::CallFrame*) /root/WebKit/Source/JavaScriptCore/runtime/ThreadObject.cpp:467:5 (jsc+0x199c9cf)
    #4 <null> <null> (0x7fbf539ff217)
    #5 JSC::evaluate(JSC::JSGlobalObject*, JSC::SourceCode const&, JSC::JSValue, WTF::NakedPtr<JSC::Exception>&) /root/WebKit/Source/JavaScriptCore/runtime/Completion.cpp:145:37 (jsc+0x13c37c3)
    #6 runWithOptions(GlobalObject*, CommandLine&, bool&) /root/WebKit/Source/JavaScriptCore/jsc.cpp:3957:35 (jsc+0x1cafc5)
    #7 jscmain(int, char**)::$_0::operator()(JSC::VM&, GlobalObject*, bool&) const /root/WebKit/Source/JavaScriptCore/jsc.cpp:4686:13 (jsc+0x1cafc5)
    #8 int runJSC<jscmain(int, char**)::$_0>(CommandLine const&, bool, jscmain(int, char**)::$_0 const&) /root/WebKit/Source/JavaScriptCore/jsc.cpp:4472:13 (jsc+0x1cafc5)
    #9 jscmain(int, char**) /root/WebKit/Source/JavaScriptCore/jsc.cpp:4679:18 (jsc+0x1cafc5)
    #10 main /root/WebKit/Source/JavaScriptCore/jsc.cpp:3715:15 (jsc+0x1c9803)

SUMMARY: ThreadSanitizer: data race /root/WebKit/Source/JavaScriptCore/jit/JITOperations.cpp:120:33 in JSC::ICSlowPathCallFrameTracer::ICSlowPathCallFrameTracer(JSC::VM&, JSC::CallFrame*, JSC::PropertyInlineCache*)
==================
==================
WARNING: ThreadSanitizer: data race (pid=3025541)
  Read of size 1 at 0x723800007130 by thread T5:
    #0 mpark::detail::base<std::monostate, WTF::Vector<JSC::StructureID, 0ul, WTF::CrashOnOverflow, 16ul, WTF::FastMalloc>, WTF::Vector<std::tuple<JSC::StructureID, JSC::CacheableIdentifier>, 0ul, WTF::CrashOnOverflow, 16ul, WTF::FastMalloc>>::valueless_by_exception() const /root/WebKit/WebKitBuild/TSan/WTF/Headers/wtf/Variant.h:1524:16 (jsc+0x10187e3)
    #1 mpark::detail::base<std::monostate, WTF::Vector<JSC::StructureID, 0ul, WTF::CrashOnOverflow, 16ul, WTF::FastMalloc>, WTF::Vector<std::tuple<JSC::StructureID, JSC::CacheableIdentifier>, 0ul, WTF::CrashOnOverflow, 16ul, WTF::FastMalloc>>::index() const /root/WebKit/WebKitBuild/TSan/WTF/Headers/wtf/Variant.h:1528:16 (jsc+0x10187e3)
    #2 mpark::variant<std::monostate, WTF::Vector<JSC::StructureID, 0ul, WTF::CrashOnOverflow, 16ul, WTF::FastMalloc>, WTF::Vector<std::tuple<JSC::StructureID, JSC::CacheableIdentifier>, 0ul, WTF::CrashOnOverflow, 16ul, WTF::FastMalloc>>::index() const /root/WebKit/WebKitBuild/TSan/WTF/Headers/wtf/Variant.h:2000:20 (jsc+0x10187e3)
    #3 bool mpark::holds_alternative<0ul, std::monostate, WTF::Vector<JSC::StructureID, 0ul, WTF::CrashOnOverflow, 16ul, WTF::FastMalloc>, WTF::Vector<std::tuple<JSC::StructureID, JSC::CacheableIdentifier>, 0ul, WTF::CrashOnOverflow, 16ul, WTF::FastMalloc>>(mpark::variant<std::monostate, WTF::Vector<JSC::StructureID, 0ul, WTF::CrashOnOverflow, 16ul, WTF::FastMalloc>, WTF::Vector<std::tuple<JSC::StructureID, JSC::CacheableIdentifier>, 0ul, WTF::CrashOnOverflow, 16ul, WTF::FastMalloc>> const&) /root/WebKit/WebKitBuild/TSan/WTF/Headers/wtf/Variant.h:2026:14 (jsc+0x10187e3)
    #4 bool mpark::holds_alternative<std::monostate, std::monostate, WTF::Vector<JSC::StructureID, 0ul, WTF::CrashOnOverflow, 16ul, WTF::FastMalloc>, WTF::Vector<std::tuple<JSC::StructureID, JSC::CacheableIdentifier>, 0ul, WTF::CrashOnOverflow, 16ul, WTF::FastMalloc>>(mpark::variant<std::monostate, WTF::Vector<JSC::StructureID, 0ul, WTF::CrashOnOverflow, 16ul, WTF::FastMalloc>, WTF::Vector<std::tuple<JSC::StructureID, JSC::CacheableIdentifier>, 0ul, WTF::CrashOnOverflow, 16ul, WTF::FastMalloc>> const&) /root/WebKit/WebKitBuild/TSan/WTF/Headers/wtf/Variant.h:2031:12 (jsc+0x10187e3)
    #5 bool std::holds_alternative<std::monostate, std::monostate, WTF::Vector<JSC::StructureID, 0ul, WTF::CrashOnOverflow, 16ul, WTF::FastMalloc>, WTF::Vector<std::tuple<JSC::StructureID, JSC::CacheableIdentifier>, 0ul, WTF::CrashOnOverflow, 16ul, WTF::FastMalloc>>(mpark::variant<std::monostate, WTF::Vector<JSC::StructureID, 0ul, WTF::CrashOnOverflow, 16ul, WTF::FastMalloc>, WTF::Vector<std::tuple<JSC::StructureID, JSC::CacheableIdentifier>, 0ul, WTF::CrashOnOverflow, 16ul, WTF::FastMalloc>> const&) /root/WebKit/WebKitBuild/TSan/WTF/Headers/wtf/Variant.h:2441:135 (jsc+0x10187e3)
    #6 JSC::PropertyInlineCache::considerRepatchingCacheImpl(JSC::VM&, JSC::CodeBlock*, JSC::Structure*, JSC::CacheableIdentifier) /root/WebKit/Source/JavaScriptCore/bytecode/PropertyInlineCache.h:430:21 (jsc+0x10187e3)
    #7 JSC::PropertyInlineCache::considerRepatchingCacheBy(JSC::VM&, JSC::CodeBlock*, JSC::Structure*, JSC::CacheableIdentifier) /root/WebKit/Source/JavaScriptCore/bytecode/PropertyInlineCache.h:335:16 (jsc+0xfa41b5)
    #8 operationGetByIdOptimize::$_0::operator()(bool, JSC::PropertySlot&) const /root/WebKit/Source/JavaScriptCore/jit/JITOperations.cpp:583:5 (jsc+0xfa41b5)
    #9 std::invoke_result<operationGetByIdOptimize::$_0, bool, JSC::PropertySlot&>::type JSC::JSValue::getPropertySlot<operationGetByIdOptimize::$_0>(JSC::JSGlobalObject*, JSC::PropertyName, JSC::PropertySlot&, operationGetByIdOptimize::$_0) const /root/WebKit/Source/JavaScriptCore/runtime/JSCJSValuePropertyInlines.h:70:5 (jsc+0xfa41b5)
    #10 std::invoke_result<operationGetByIdOptimize::$_0, bool, JSC::PropertySlot&>::type JSC::JSValue::getPropertySlot<operationGetByIdOptimize::$_0>(JSC::JSGlobalObject*, JSC::PropertyName, operationGetByIdOptimize::$_0) const /root/WebKit/Source/JavaScriptCore/runtime/JSCJSValuePropertyInlines.h:61:12 (jsc+0xfa41b5)
    #11 operationGetByIdOptimize /root/WebKit/Source/JavaScriptCore/jit/JITOperations.cpp:583:5 (jsc+0xfa41b5)
    #12 <null> <null> (0x7fbf53a02a04)
    #13 JSC::Interpreter::executeCall(JSC::JSObject*, JSC::CallData const&, JSC::JSValue, JSC::JSCell*, JSC::ArgList const&) /root/WebKit/Source/JavaScriptCore/interpreter/Interpreter.cpp (jsc+0xe8bd6d)
    #14 JSC::call(JSC::JSGlobalObject*, JSC::JSValue, JSC::CallData const&, JSC::JSValue, JSC::ArgList const&) /root/WebKit/Source/JavaScriptCore/runtime/CallData.cpp:70:27 (jsc+0x1360a71)
    #15 JSC::call(JSC::JSGlobalObject*, JSC::JSValue, JSC::CallData const&, JSC::JSValue, JSC::ArgList const&, WTF::NakedPtr<JSC::Exception>&) /root/WebKit/Source/JavaScriptCore/runtime/CallData.cpp:77:22 (jsc+0x1360a71)
    #16 JSC::threadMain(JSC::VM&, WTF::Ref<JSC::ThreadState, WTF::RawPtrTraits<JSC::ThreadState>, WTF::DefaultRefDerefTraits<JSC::ThreadState>>) /root/WebKit/Source/JavaScriptCore/runtime/ThreadObject.cpp:241:30 (jsc+0x19a443c)
    #17 JSC::constructThread(JSC::JSGlobalObject*, JSC::CallFrame*)::$_0::operator()() /root/WebKit/Source/JavaScriptCore/runtime/ThreadObject.cpp:468:9 (jsc+0x19a443c)
    #18 WTF::Detail::CallableWrapper<JSC::constructThread(JSC::JSGlobalObject*, JSC::CallFrame*)::$_0, void>::call() /root/WebKit/WebKitBuild/TSan/WTF/Headers/wtf/Function.h:59:39 (jsc+0x19a443c)
    #19 WTF::Function<void ()>::operator()() const /root/WebKit/Source/WTF/wtf/Function.h:103:35 (jsc+0x25b5345)
    #20 WTF::Thread::entryPoint(WTF::Thread::NewThreadContext*) /root/WebKit/Source/WTF/wtf/Threading.cpp:312:5 (jsc+0x25b5345)
    #21 WTF::wtfThreadEntryPoint(void*) /root/WebKit/Source/WTF/wtf/posix/ThreadingPOSIX.cpp:264:5 (jsc+0x260f2f9)

  Previous write of size 8 at 0x723800007130 by thread T2:
    #0 malloc /home/runner/work/llvm-project/llvm-project/compiler-rt/lib/tsan/rtl/tsan_interceptors_posix.cpp:682:5 (jsc+0x13dc20)
    #1 bmalloc::api::malloc(unsigned long, bmalloc::CompactAllocationMode, bmalloc::HeapKind) /root/WebKit/WebKitBuild/TSan/bmalloc/Headers/bmalloc/bmalloc.h:96:20 (jsc+0x2598589)
    #2 WTF::fastMalloc(unsigned long) /root/WebKit/Source/WTF/wtf/FastMalloc.cpp:337:20 (jsc+0x2598589)
    #3 JSC::DFG::JITData* WTF::ButterflyArray<JSC::DFG::JITData, JSC::HandlerPropertyInlineCache, void*>::createImpl<JSC::DFG::JITCode const&, WTF::FixedVector<JSC::MacroAssemblerCodeRef<(WTF::PtrTag)57886>, WTF::FastMalloc>>(unsigned int, unsigned int, JSC::DFG::JITCode const&, WTF::FixedVector<JSC::MacroAssemblerCodeRef<(WTF::PtrTag)57886>, WTF::FastMalloc>&&) /root/WebKit/WebKitBuild/TSan/WTF/Headers/wtf/ButterflyArray.h:59:51 (jsc+0x8b9770)
    #4 JSC::DFG::JITData::tryCreate(JSC::VM&, JSC::CodeBlock*, JSC::DFG::JITCode const&, WTF::FixedVector<JSC::MacroAssemblerCodeRef<(WTF::PtrTag)57886>, WTF::FastMalloc>&&) /root/WebKit/Source/JavaScriptCore/dfg/DFGJITCode.h:375:46 (jsc+0x8b9770)
    #5 JSC::DFG::Plan::tryFinalizeJITData(JSC::DFG::JITCode const&) /root/WebKit/Source/JavaScriptCore/dfg/DFGPlan.cpp:822:12 (jsc+0x8b9770)
    #6 JSC::DFG::JITFinalizer::finalize() /root/WebKit/Source/JavaScriptCore/dfg/DFGJITFinalizer.cpp:68:24 (jsc+0x6e9e2b)
    #7 JSC::DFG::Plan::finalize()::$_0::operator()() const /root/WebKit/Source/JavaScriptCore/dfg/DFGPlan.cpp:665:36 (jsc+0x8b8811)
    #8 JSC::DFG::Plan::finalize() /root/WebKit/Source/JavaScriptCore/dfg/DFGPlan.cpp:654:32 (jsc+0x8b8811)
    #9 JSC::JITWorklist::completeAllReadyPlansForVM(JSC::VM&, JSC::JITCompilationKey) /root/WebKit/Source/JavaScriptCore/jit/JITWorklist.cpp:314:15 (jsc+0x1045879)
    #10 operationOptimize /root/WebKit/Source/JavaScriptCore/jit/JITOperations.cpp:3158:76 (jsc+0xfc13c9)
    #11 <null> <null> (0x7fbf53a02178)
    #12 JSC::Interpreter::executeCall(JSC::JSObject*, JSC::CallData const&, JSC::JSValue, JSC::JSCell*, JSC::ArgList const&) /root/WebKit/Source/JavaScriptCore/interpreter/Interpreter.cpp (jsc+0xe8bd6d)
    #13 JSC::call(JSC::JSGlobalObject*, JSC::JSValue, JSC::CallData const&, JSC::JSValue, JSC::ArgList const&) /root/WebKit/Source/JavaScriptCore/runtime/CallData.cpp:70:27 (jsc+0x1360a71)
    #14 JSC::call(JSC::JSGlobalObject*, JSC::JSValue, JSC::CallData const&, JSC::JSValue, JSC::ArgList const&, WTF::NakedPtr<JSC::Exception>&) /root/WebKit/Source/JavaScriptCore/runtime/CallData.cpp:77:22 (jsc+0x1360a71)
    #15 JSC::threadMain(JSC::VM&, WTF::Ref<JSC::ThreadState, WTF::RawPtrTraits<JSC::ThreadState>, WTF::DefaultRefDerefTraits<JSC::ThreadState>>) /root/WebKit/Source/JavaScriptCore/runtime/ThreadObject.cpp:241:30 (jsc+0x19a443c)
    #16 JSC::constructThread(JSC::JSGlobalObject*, JSC::CallFrame*)::$_0::operator()() /root/WebKit/Source/JavaScriptCore/runtime/ThreadObject.cpp:468:9 (jsc+0x19a443c)
    #17 WTF::Detail::CallableWrapper<JSC::constructThread(JSC::JSGlobalObject*, JSC::CallFrame*)::$_0, void>::call() /root/WebKit/WebKitBuild/TSan/WTF/Headers/wtf/Function.h:59:39 (jsc+0x19a443c)
    #18 WTF::Function<void ()>::operator()() const /root/WebKit/Source/WTF/wtf/Function.h:103:35 (jsc+0x25b5345)
    #19 WTF::Thread::entryPoint(WTF::Thread::NewThreadContext*) /root/WebKit/Source/WTF/wtf/Threading.cpp:312:5 (jsc+0x25b5345)
    #20 WTF::wtfThreadEntryPoint(void*) /root/WebKit/Source/WTF/wtf/posix/ThreadingPOSIX.cpp:264:5 (jsc+0x260f2f9)

  Location is heap block of size 224 at 0x7238000070e0 allocated by thread T2:
    #0 malloc /home/runner/work/llvm-project/llvm-project/compiler-rt/lib/tsan/rtl/tsan_interceptors_posix.cpp:682:5 (jsc+0x13dc20)
    #1 bmalloc::api::malloc(unsigned long, bmalloc::CompactAllocationMode, bmalloc::HeapKind) /root/WebKit/WebKitBuild/TSan/bmalloc/Headers/bmalloc/bmalloc.h:96:20 (jsc+0x2598589)
    #2 WTF::fastMalloc(unsigned long) /root/WebKit/Source/WTF/wtf/FastMalloc.cpp:337:20 (jsc+0x2598589)
    #3 JSC::DFG::JITData* WTF::ButterflyArray<JSC::DFG::JITData, JSC::HandlerPropertyInlineCache, void*>::createImpl<JSC::DFG::JITCode const&, WTF::FixedVector<JSC::MacroAssemblerCodeRef<(WTF::PtrTag)57886>, WTF::FastMalloc>>(unsigned int, unsigned int, JSC::DFG::JITCode const&, WTF::FixedVector<JSC::MacroAssemblerCodeRef<(WTF::PtrTag)57886>, WTF::FastMalloc>&&) /root/WebKit/WebKitBuild/TSan/WTF/Headers/wtf/ButterflyArray.h:59:51 (jsc+0x8b9770)
    #4 JSC::DFG::JITData::tryCreate(JSC::VM&, JSC::CodeBlock*, JSC::DFG::JITCode const&, WTF::FixedVector<JSC::MacroAssemblerCodeRef<(WTF::PtrTag)57886>, WTF::FastMalloc>&&) /root/WebKit/Source/JavaScriptCore/dfg/DFGJITCode.h:375:46 (jsc+0x8b9770)
    #5 JSC::DFG::Plan::tryFinalizeJITData(JSC::DFG::JITCode const&) /root/WebKit/Source/JavaScriptCore/dfg/DFGPlan.cpp:822:12 (jsc+0x8b9770)
    #6 JSC::DFG::JITFinalizer::finalize() /root/WebKit/Source/JavaScriptCore/dfg/DFGJITFinalizer.cpp:68:24 (jsc+0x6e9e2b)
    #7 JSC::DFG::Plan::finalize()::$_0::operator()() const /root/WebKit/Source/JavaScriptCore/dfg/DFGPlan.cpp:665:36 (jsc+0x8b8811)
    #8 JSC::DFG::Plan::finalize() /root/WebKit/Source/JavaScriptCore/dfg/DFGPlan.cpp:654:32 (jsc+0x8b8811)
    #9 JSC::JITWorklist::completeAllReadyPlansForVM(JSC::VM&, JSC::JITCompilationKey) /root/WebKit/Source/JavaScriptCore/jit/JITWorklist.cpp:314:15 (jsc+0x1045879)
    #10 operationOptimize /root/WebKit/Source/JavaScriptCore/jit/JITOperations.cpp:3158:76 (jsc+0xfc13c9)
    #11 <null> <null> (0x7fbf53a02178)
    #12 JSC::Interpreter::executeCall(JSC::JSObject*, JSC::CallData const&, JSC::JSValue, JSC::JSCell*, JSC::ArgList const&) /root/WebKit/Source/JavaScriptCore/interpreter/Interpreter.cpp (jsc+0xe8bd6d)
    #13 JSC::call(JSC::JSGlobalObject*, JSC::JSValue, JSC::CallData const&, JSC::JSValue, JSC::ArgList const&) /root/WebKit/Source/JavaScriptCore/runtime/CallData.cpp:70:27 (jsc+0x1360a71)
    #14 JSC::call(JSC::JSGlobalObject*, JSC::JSValue, JSC::CallData const&, JSC::JSValue, JSC::ArgList const&, WTF::NakedPtr<JSC::Exception>&) /root/WebKit/Source/JavaScriptCore/runtime/CallData.cpp:77:22 (jsc+0x1360a71)
    #15 JSC::threadMain(JSC::VM&, WTF::Ref<JSC::ThreadState, WTF::RawPtrTraits<JSC::ThreadState>, WTF::DefaultRefDerefTraits<JSC::ThreadState>>) /root/WebKit/Source/JavaScriptCore/runtime/ThreadObject.cpp:241:30 (jsc+0x19a443c)
    #16 JSC::constructThread(JSC::JSGlobalObject*, JSC::CallFrame*)::$_0::operator()() /root/WebKit/Source/JavaScriptCore/runtime/ThreadObject.cpp:468:9 (jsc+0x19a443c)
    #17 WTF::Detail::CallableWrapper<JSC::constructThread(JSC::JSGlobalObject*, JSC::CallFrame*)::$_0, void>::call() /root/WebKit/WebKitBuild/TSan/WTF/Headers/wtf/Function.h:59:39 (jsc+0x19a443c)
    #18 WTF::Function<void ()>::operator()() const /root/WebKit/Source/WTF/wtf/Function.h:103:35 (jsc+0x25b5345)
    #19 WTF::Thread::entryPoint(WTF::Thread::NewThreadContext*) /root/WebKit/Source/WTF/wtf/Threading.cpp:312:5 (jsc+0x25b5345)
    #20 WTF::wtfThreadEntryPoint(void*) /root/WebKit/Source/WTF/wtf/posix/ThreadingPOSIX.cpp:264:5 (jsc+0x260f2f9)

  Thread T5 'JS Thread' (tid=3025547, running) created by main thread at:
    #0 pthread_create /home/runner/work/llvm-project/llvm-project/compiler-rt/lib/tsan/rtl/tsan_interceptors_posix.cpp:1090:3 (jsc+0x13ff1a)
    #1 WTF::Thread::establishHandle(WTF::Thread::NewThreadContext&, WTF::StackAllocationSpecification, WTF::ThreadQOS, WTF::ThreadSchedulingPolicy) /root/WebKit/Source/WTF/wtf/posix/ThreadingPOSIX.cpp:354:17 (jsc+0x260f1e5)
    #2 WTF::Thread::create(WTF::ASCIILiteral, WTF::Function<void ()>&&, WTF::ThreadType, WTF::ThreadQOS, WTF::ThreadSchedulingPolicy, WTF::StackAllocationSpecification) /root/WebKit/Source/WTF/wtf/Threading.cpp:330:32 (jsc+0x25b56a5)
    #3 JSC::constructThread(JSC::JSGlobalObject*, JSC::CallFrame*) /root/WebKit/Source/JavaScriptCore/runtime/ThreadObject.cpp:467:5 (jsc+0x199c9cf)
    #4 <null> <null> (0x7fbf539ff217)
    #5 JSC::evaluate(JSC::JSGlobalObject*, JSC::SourceCode const&, JSC::JSValue, WTF::NakedPtr<JSC::Exception>&) /root/WebKit/Source/JavaScriptCore/runtime/Completion.cpp:145:37 (jsc+0x13c37c3)
    #6 runWithOptions(GlobalObject*, CommandLine&, bool&) /root/WebKit/Source/JavaScriptCore/jsc.cpp:3957:35 (jsc+0x1cafc5)
    #7 jscmain(int, char**)::$_0::operator()(JSC::VM&, GlobalObject*, bool&) const /root/WebKit/Source/JavaScriptCore/jsc.cpp:4686:13 (jsc+0x1cafc5)
    #8 int runJSC<jscmain(int, char**)::$_0>(CommandLine const&, bool, jscmain(int, char**)::$_0 const&) /root/WebKit/Source/JavaScriptCore/jsc.cpp:4472:13 (jsc+0x1cafc5)
    #9 jscmain(int, char**) /root/WebKit/Source/JavaScriptCore/jsc.cpp:4679:18 (jsc+0x1cafc5)
    #10 main /root/WebKit/Source/JavaScriptCore/jsc.cpp:3715:15 (jsc+0x1c9803)

  Thread T2 'JS Thread' (tid=3025544, running) created by main thread at:
    #0 pthread_create /home/runner/work/llvm-project/llvm-project/compiler-rt/lib/tsan/rtl/tsan_interceptors_posix.cpp:1090:3 (jsc+0x13ff1a)
    #1 WTF::Thread::establishHandle(WTF::Thread::NewThreadContext&, WTF::StackAllocationSpecification, WTF::ThreadQOS, WTF::ThreadSchedulingPolicy) /root/WebKit/Source/WTF/wtf/posix/ThreadingPOSIX.cpp:354:17 (jsc+0x260f1e5)
    #2 WTF::Thread::create(WTF::ASCIILiteral, WTF::Function<void ()>&&, WTF::ThreadType, WTF::ThreadQOS, WTF::ThreadSchedulingPolicy, WTF::StackAllocationSpecification) /root/WebKit/Source/WTF/wtf/Threading.cpp:330:32 (jsc+0x25b56a5)
    #3 JSC::constructThread(JSC::JSGlobalObject*, JSC::CallFrame*) /root/WebKit/Source/JavaScriptCore/runtime/ThreadObject.cpp:467:5 (jsc+0x199c9cf)
    #4 <null> <null> (0x7fbf539ff217)
    #5 JSC::evaluate(JSC::JSGlobalObject*, JSC::SourceCode const&, JSC::JSValue, WTF::NakedPtr<JSC::Exception>&) /root/WebKit/Source/JavaScriptCore/runtime/Completion.cpp:145:37 (jsc+0x13c37c3)
    #6 runWithOptions(GlobalObject*, CommandLine&, bool&) /root/WebKit/Source/JavaScriptCore/jsc.cpp:3957:35 (jsc+0x1cafc5)
    #7 jscmain(int, char**)::$_0::operator()(JSC::VM&, GlobalObject*, bool&) const /root/WebKit/Source/JavaScriptCore/jsc.cpp:4686:13 (jsc+0x1cafc5)
    #8 int runJSC<jscmain(int, char**)::$_0>(CommandLine const&, bool, jscmain(int, char**)::$_0 const&) /root/WebKit/Source/JavaScriptCore/jsc.cpp:4472:13 (jsc+0x1cafc5)
    #9 jscmain(int, char**) /root/WebKit/Source/JavaScriptCore/jsc.cpp:4679:18 (jsc+0x1cafc5)
    #10 main /root/WebKit/Source/JavaScriptCore/jsc.cpp:3715:15 (jsc+0x1c9803)

SUMMARY: ThreadSanitizer: data race /root/WebKit/WebKitBuild/TSan/WTF/Headers/wtf/Variant.h:1524:16 in mpark::detail::base<std::monostate, WTF::Vector<JSC::StructureID, 0ul, WTF::CrashOnOverflow, 16ul, WTF::FastMalloc>, WTF::Vector<std::tuple<JSC::StructureID, JSC::CacheableIdentifier>, 0ul, WTF::CrashOnOverflow, 16ul, WTF::FastMalloc>>::valueless_by_exception() const
==================
==================
WARNING: ThreadSanitizer: data race (pid=3025541)
  Write of size 8 at 0x723800007120 by thread T5:
    #0 __tsan_memset /home/runner/work/llvm-project/llvm-project/compiler-rt/lib/tsan/rtl/tsan_interceptors_memintrinsics.cpp:35:3 (jsc+0x13b4cd)
    #1 WTF::VectorBufferBase<JSC::StructureID, WTF::FastMalloc>::VectorBufferBase() /root/WebKit/WebKitBuild/TSan/WTF/Headers/wtf/Vector.h:295:11 (jsc+0x1018b28)
    #2 WTF::VectorBuffer<JSC::StructureID, 0ul, WTF::FastMalloc>::VectorBuffer() /root/WebKit/WebKitBuild/TSan/WTF/Headers/wtf/Vector.h:355:5 (jsc+0x1018b28)
    #3 WTF::Vector<JSC::StructureID, 0ul, WTF::CrashOnOverflow, 16ul, WTF::FastMalloc>::Vector(WTF::Vector<JSC::StructureID, 0ul, WTF::CrashOnOverflow, 16ul, WTF::FastMalloc>&&) /root/WebKit/WebKitBuild/TSan/WTF/Headers/wtf/Vector.h:1088:73 (jsc+0x1018b28)
    #4 mpark::detail::alt<1ul, WTF::Vector<JSC::StructureID, 0ul, WTF::CrashOnOverflow, 16ul, WTF::FastMalloc>>::alt<WTF::Vector<JSC::StructureID, 0ul, WTF::CrashOnOverflow, 16ul, WTF::FastMalloc>>(mpark::in_place_t, WTF::Vector<JSC::StructureID, 0ul, WTF::CrashOnOverflow, 16ul, WTF::FastMalloc>&&) /root/WebKit/WebKitBuild/TSan/WTF/Headers/wtf/Variant.h:1487:13 (jsc+0x1018b28)
    #5 auto& mpark::detail::base<std::monostate, WTF::Vector<JSC::StructureID, 0ul, WTF::CrashOnOverflow, 16ul, WTF::FastMalloc>, WTF::Vector<std::tuple<JSC::StructureID, JSC::CacheableIdentifier>, 0ul, WTF::CrashOnOverflow, 16ul, WTF::FastMalloc>>::construct_alt<1ul, WTF::Vector<JSC::StructureID, 0ul, WTF::CrashOnOverflow, 16ul, WTF::FastMalloc>>(mpark::detail::base<std::monostate, WTF::Vector<JSC::StructureID, 0ul, WTF::CrashOnOverflow, 16ul, WTF::FastMalloc>, WTF::Vector<std::tuple<JSC::StructureID, JSC::CacheableIdentifier>, 0ul, WTF::CrashOnOverflow, 16ul, WTF::FastMalloc>>&, WTF::Vector<JSC::StructureID, 0ul, WTF::CrashOnOverflow, 16ul, WTF::FastMalloc>&&) /root/WebKit/WebKitBuild/TSan/WTF/Headers/wtf/Variant.h:1557:13 (jsc+0x1018b28)
    #6 auto& mpark::detail::base<std::monostate, WTF::Vector<JSC::StructureID, 0ul, WTF::CrashOnOverflow, 16ul, WTF::FastMalloc>, WTF::Vector<std::tuple<JSC::StructureID, JSC::CacheableIdentifier>, 0ul, WTF::CrashOnOverflow, 16ul, WTF::FastMalloc>>::emplace<1ul, WTF::Vector<JSC::StructureID, 0ul, WTF::CrashOnOverflow, 16ul, WTF::FastMalloc>>(WTF::Vector<JSC::StructureID, 0ul, WTF::CrashOnOverflow, 16ul, WTF::FastMalloc>&&) /root/WebKit/WebKitBuild/TSan/WTF/Headers/wtf/Variant.h:1579:24 (jsc+0x1018b28)
    #7 void mpark::detail::base<std::monostate, WTF::Vector<JSC::StructureID, 0ul, WTF::CrashOnOverflow, 16ul, WTF::FastMalloc>, WTF::Vector<std::tuple<JSC::StructureID, JSC::CacheableIdentifier>, 0ul, WTF::CrashOnOverflow, 16ul, WTF::FastMalloc>>::assign_alt<1ul, WTF::Vector<JSC::StructureID, 0ul, WTF::CrashOnOverflow, 16ul, WTF::FastMalloc>, WTF::Vector<JSC::StructureID, 0ul, WTF::CrashOnOverflow, 16ul, WTF::FastMalloc>>(mpark::detail::alt<1ul, WTF::Vector<JSC::StructureID, 0ul, WTF::CrashOnOverflow, 16ul, WTF::FastMalloc>>&, WTF::Vector<JSC::StructureID, 0ul, WTF::CrashOnOverflow, 16ul, WTF::FastMalloc>&&) /root/WebKit/WebKitBuild/TSan/WTF/Headers/wtf/Variant.h:1590:11 (jsc+0x1018b28)
    #8 void mpark::detail::base<std::monostate, WTF::Vector<JSC::StructureID, 0ul, WTF::CrashOnOverflow, 16ul, WTF::FastMalloc>, WTF::Vector<std::tuple<JSC::StructureID, JSC::CacheableIdentifier>, 0ul, WTF::CrashOnOverflow, 16ul, WTF::FastMalloc>>::assign<1ul, WTF::Vector<JSC::StructureID, 0ul, WTF::CrashOnOverflow, 16ul, WTF::FastMalloc>>(WTF::Vector<JSC::StructureID, 0ul, WTF::CrashOnOverflow, 16ul, WTF::FastMalloc>&&) /root/WebKit/WebKitBuild/TSan/WTF/Headers/wtf/Variant.h:1612:9 (jsc+0x1018b28)
    #9 mpark::variant<std::monostate, WTF::Vector<JSC::StructureID, 0ul, WTF::CrashOnOverflow, 16ul, WTF::FastMalloc>, WTF::Vector<std::tuple<JSC::StructureID, JSC::CacheableIdentifier>, 0ul, WTF::CrashOnOverflow, 16ul, WTF::FastMalloc>>& mpark::variant<std::monostate, WTF::Vector<JSC::StructureID, 0ul, WTF::CrashOnOverflow, 16ul, WTF::FastMalloc>, WTF::Vector<std::tuple<JSC::StructureID, JSC::CacheableIdentifier>, 0ul, WTF::CrashOnOverflow, 16ul, WTF::FastMalloc>>::operator=<WTF::Vector<JSC::StructureID, 0ul, WTF::CrashOnOverflow, 16ul, WTF::FastMalloc>, 0, 1ul, WTF::Vector<JSC::StructureID, 0ul, WTF::CrashOnOverflow, 16ul, WTF::FastMalloc>, 0>(WTF::Vector<JSC::StructureID, 0ul, WTF::CrashOnOverflow, 16ul, WTF::FastMalloc>&&) /root/WebKit/WebKitBuild/TSan/WTF/Headers/wtf/Variant.h:1947:22 (jsc+0x1018b28)
    #10 JSC::PropertyInlineCache::considerRepatchingCacheImpl(JSC::VM&, JSC::CodeBlock*, JSC::Structure*, JSC::CacheableIdentifier) /root/WebKit/Source/JavaScriptCore/bytecode/PropertyInlineCache.h:432:46 (jsc+0x1018825)
    #11 JSC::PropertyInlineCache::considerRepatchingCacheBy(JSC::VM&, JSC::CodeBlock*, JSC::Structure*, JSC::CacheableIdentifier) /root/WebKit/Source/JavaScriptCore/bytecode/PropertyInlineCache.h:335:16 (jsc+0xfa41b5)
    #12 operationGetByIdOptimize::$_0::operator()(bool, JSC::PropertySlot&) const /root/WebKit/Source/JavaScriptCore/jit/JITOperations.cpp:583:5 (jsc+0xfa41b5)
    #13 std::invoke_result<operationGetByIdOptimize::$_0, bool, JSC::PropertySlot&>::type JSC::JSValue::getPropertySlot<operationGetByIdOptimize::$_0>(JSC::JSGlobalObject*, JSC::PropertyName, JSC::PropertySlot&, operationGetByIdOptimize::$_0) const /root/WebKit/Source/JavaScriptCore/runtime/JSCJSValuePropertyInlines.h:70:5 (jsc+0xfa41b5)
    #14 std::invoke_result<operationGetByIdOptimize::$_0, bool, JSC::PropertySlot&>::type JSC::JSValue::getPropertySlot<operationGetByIdOptimize::$_0>(JSC::JSGlobalObject*, JSC::PropertyName, operationGetByIdOptimize::$_0) const /root/WebKit/Source/JavaScriptCore/runtime/JSCJSValuePropertyInlines.h:61:12 (jsc+0xfa41b5)
    #15 operationGetByIdOptimize /root/WebKit/Source/JavaScriptCore/jit/JITOperations.cpp:583:5 (jsc+0xfa41b5)
    #16 <null> <null> (0x7fbf53a02a04)
    #17 JSC::Interpreter::executeCall(JSC::JSObject*, JSC::CallData const&, JSC::JSValue, JSC::JSCell*, JSC::ArgList const&) /root/WebKit/Source/JavaScriptCore/interpreter/Interpreter.cpp (jsc+0xe8bd6d)
    #18 JSC::call(JSC::JSGlobalObject*, JSC::JSValue, JSC::CallData const&, JSC::JSValue, JSC::ArgList const&) /root/WebKit/Source/JavaScriptCore/runtime/CallData.cpp:70:27 (jsc+0x1360a71)
    #19 JSC::call(JSC::JSGlobalObject*, JSC::JSValue, JSC::CallData const&, JSC::JSValue, JSC::ArgList const&, WTF::NakedPtr<JSC::Exception>&) /root/WebKit/Source/JavaScriptCore/runtime/CallData.cpp:77:22 (jsc+0x1360a71)
    #20 JSC::threadMain(JSC::VM&, WTF::Ref<JSC::ThreadState, WTF::RawPtrTraits<JSC::ThreadState>, WTF::DefaultRefDerefTraits<JSC::ThreadState>>) /root/WebKit/Source/JavaScriptCore/runtime/ThreadObject.cpp:241:30 (jsc+0x19a443c)
    #21 JSC::constructThread(JSC::JSGlobalObject*, JSC::CallFrame*)::$_0::operator()() /root/WebKit/Source/JavaScriptCore/runtime/ThreadObject.cpp:468:9 (jsc+0x19a443c)
    #22 WTF::Detail::CallableWrapper<JSC::constructThread(JSC::JSGlobalObject*, JSC::CallFrame*)::$_0, void>::call() /root/WebKit/WebKitBuild/TSan/WTF/Headers/wtf/Function.h:59:39 (jsc+0x19a443c)
    #23 WTF::Function<void ()>::operator()() const /root/WebKit/Source/WTF/wtf/Function.h:103:35 (jsc+0x25b5345)
    #24 WTF::Thread::entryPoint(WTF::Thread::NewThreadContext*) /root/WebKit/Source/WTF/wtf/Threading.cpp:312:5 (jsc+0x25b5345)
    #25 WTF::wtfThreadEntryPoint(void*) /root/WebKit/Source/WTF/wtf/posix/ThreadingPOSIX.cpp:264:5 (jsc+0x260f2f9)

  Previous write of size 8 at 0x723800007120 by thread T2:
    #0 malloc /home/runner/work/llvm-project/llvm-project/compiler-rt/lib/tsan/rtl/tsan_interceptors_posix.cpp:682:5 (jsc+0x13dc20)
    #1 bmalloc::api::malloc(unsigned long, bmalloc::CompactAllocationMode, bmalloc::HeapKind) /root/WebKit/WebKitBuild/TSan/bmalloc/Headers/bmalloc/bmalloc.h:96:20 (jsc+0x2598589)
    #2 WTF::fastMalloc(unsigned long) /root/WebKit/Source/WTF/wtf/FastMalloc.cpp:337:20 (jsc+0x2598589)
    #3 JSC::DFG::JITData* WTF::ButterflyArray<JSC::DFG::JITData, JSC::HandlerPropertyInlineCache, void*>::createImpl<JSC::DFG::JITCode const&, WTF::FixedVector<JSC::MacroAssemblerCodeRef<(WTF::PtrTag)57886>, WTF::FastMalloc>>(unsigned int, unsigned int, JSC::DFG::JITCode const&, WTF::FixedVector<JSC::MacroAssemblerCodeRef<(WTF::PtrTag)57886>, WTF::FastMalloc>&&) /root/WebKit/WebKitBuild/TSan/WTF/Headers/wtf/ButterflyArray.h:59:51 (jsc+0x8b9770)
    #4 JSC::DFG::JITData::tryCreate(JSC::VM&, JSC::CodeBlock*, JSC::DFG::JITCode const&, WTF::FixedVector<JSC::MacroAssemblerCodeRef<(WTF::PtrTag)57886>, WTF::FastMalloc>&&) /root/WebKit/Source/JavaScriptCore/dfg/DFGJITCode.h:375:46 (jsc+0x8b9770)
    #5 JSC::DFG::Plan::tryFinalizeJITData(JSC::DFG::JITCode const&) /root/WebKit/Source/JavaScriptCore/dfg/DFGPlan.cpp:822:12 (jsc+0x8b9770)
    #6 JSC::DFG::JITFinalizer::finalize() /root/WebKit/Source/JavaScriptCore/dfg/DFGJITFinalizer.cpp:68:24 (jsc+0x6e9e2b)
    #7 JSC::DFG::Plan::finalize()::$_0::operator()() const /root/WebKit/Source/JavaScriptCore/dfg/DFGPlan.cpp:665:36 (jsc+0x8b8811)
    #8 JSC::DFG::Plan::finalize() /root/WebKit/Source/JavaScriptCore/dfg/DFGPlan.cpp:654:32 (jsc+0x8b8811)
    #9 JSC::JITWorklist::completeAllReadyPlansForVM(JSC::VM&, JSC::JITCompilationKey) /root/WebKit/Source/JavaScriptCore/jit/JITWorklist.cpp:314:15 (jsc+0x1045879)
    #10 operationOptimize /root/WebKit/Source/JavaScriptCore/jit/JITOperations.cpp:3158:76 (jsc+0xfc13c9)
    #11 <null> <null> (0x7fbf53a02178)
    #12 JSC::Interpreter::executeCall(JSC::JSObject*, JSC::CallData const&, JSC::JSValue, JSC::JSCell*, JSC::ArgList const&) /root/WebKit/Source/JavaScriptCore/interpreter/Interpreter.cpp (jsc+0xe8bd6d)
    #13 JSC::call(JSC::JSGlobalObject*, JSC::JSValue, JSC::CallData const&, JSC::JSValue, JSC::ArgList const&) /root/WebKit/Source/JavaScriptCore/runtime/CallData.cpp:70:27 (jsc+0x1360a71)
    #14 JSC::call(JSC::JSGlobalObject*, JSC::JSValue, JSC::CallData const&, JSC::JSValue, JSC::ArgList const&, WTF::NakedPtr<JSC::Exception>&) /root/WebKit/Source/JavaScriptCore/runtime/CallData.cpp:77:22 (jsc+0x1360a71)
    #15 JSC::threadMain(JSC::VM&, WTF::Ref<JSC::ThreadState, WTF::RawPtrTraits<JSC::ThreadState>, WTF::DefaultRefDerefTraits<JSC::ThreadState>>) /root/WebKit/Source/JavaScriptCore/runtime/ThreadObject.cpp:241:30 (jsc+0x19a443c)
    #16 JSC::constructThread(JSC::JSGlobalObject*, JSC::CallFrame*)::$_0::operator()() /root/WebKit/Source/JavaScriptCore/runtime/ThreadObject.cpp:468:9 (jsc+0x19a443c)
    #17 WTF::Detail::CallableWrapper<JSC::constructThread(JSC::JSGlobalObject*, JSC::CallFrame*)::$_0, void>::call() /root/WebKit/WebKitBuild/TSan/WTF/Headers/wtf/Function.h:59:39 (jsc+0x19a443c)
    #18 WTF::Function<void ()>::operator()() const /root/WebKit/Source/WTF/wtf/Function.h:103:35 (jsc+0x25b5345)
    #19 WTF::Thread::entryPoint(WTF::Thread::NewThreadContext*) /root/WebKit/Source/WTF/wtf/Threading.cpp:312:5 (jsc+0x25b5345)
    #20 WTF::wtfThreadEntryPoint(void*) /root/WebKit/Source/WTF/wtf/posix/ThreadingPOSIX.cpp:264:5 (jsc+0x260f2f9)

  Location is heap block of size 224 at 0x7238000070e0 allocated by thread T2:
    #0 malloc /home/runner/work/llvm-project/llvm-project/compiler-rt/lib/tsan/rtl/tsan_interceptors_posix.cpp:682:5 (jsc+0x13dc20)
    #1 bmalloc::api::malloc(unsigned long, bmalloc::CompactAllocationMode, bmalloc::HeapKind) /root/WebKit/WebKitBuild/TSan/bmalloc/Headers/bmalloc/bmalloc.h:96:20 (jsc+0x2598589)
    #2 WTF::fastMalloc(unsigned long) /root/WebKit/Source/WTF/wtf/FastMalloc.cpp:337:20 (jsc+0x2598589)
    #3 JSC::DFG::JITData* WTF::ButterflyArray<JSC::DFG::JITData, JSC::HandlerPropertyInlineCache, void*>::createImpl<JSC::DFG::JITCode const&, WTF::FixedVector<JSC::MacroAssemblerCodeRef<(WTF::PtrTag)57886>, WTF::FastMalloc>>(unsigned int, unsigned int, JSC::DFG::JITCode const&, WTF::FixedVector<JSC::MacroAssemblerCodeRef<(WTF::PtrTag)57886>, WTF::FastMalloc>&&) /root/WebKit/WebKitBuild/TSan/WTF/Headers/wtf/ButterflyArray.h:59:51 (jsc+0x8b9770)
    #4 JSC::DFG::JITData::tryCreate(JSC::VM&, JSC::CodeBlock*, JSC::DFG::JITCode const&, WTF::FixedVector<JSC::MacroAssemblerCodeRef<(WTF::PtrTag)57886>, WTF::FastMalloc>&&) /root/WebKit/Source/JavaScriptCore/dfg/DFGJITCode.h:375:46 (jsc+0x8b9770)
    #5 JSC::DFG::Plan::tryFinalizeJITData(JSC::DFG::JITCode const&) /root/WebKit/Source/JavaScriptCore/dfg/DFGPlan.cpp:822:12 (jsc+0x8b9770)
    #6 JSC::DFG::JITFinalizer::finalize() /root/WebKit/Source/JavaScriptCore/dfg/DFGJITFinalizer.cpp:68:24 (jsc+0x6e9e2b)
    #7 JSC::DFG::Plan::finalize()::$_0::operator()() const /root/WebKit/Source/JavaScriptCore/dfg/DFGPlan.cpp:665:36 (jsc+0x8b8811)
    #8 JSC::DFG::Plan::finalize() /root/WebKit/Source/JavaScriptCore/dfg/DFGPlan.cpp:654:32 (jsc+0x8b8811)
    #9 JSC::JITWorklist::completeAllReadyPlansForVM(JSC::VM&, JSC::JITCompilationKey) /root/WebKit/Source/JavaScriptCore/jit/JITWorklist.cpp:314:15 (jsc+0x1045879)
    #10 operationOptimize /root/WebKit/Source/JavaScriptCore/jit/JITOperations.cpp:3158:76 (jsc+0xfc13c9)
    #11 <null> <null> (0x7fbf53a02178)
    #12 JSC::Interpreter::executeCall(JSC::JSObject*, JSC::CallData const&, JSC::JSValue, JSC::JSCell*, JSC::ArgList const&) /root/WebKit/Source/JavaScriptCore/interpreter/Interpreter.cpp (jsc+0xe8bd6d)
    #13 JSC::call(JSC::JSGlobalObject*, JSC::JSValue, JSC::CallData const&, JSC::JSValue, JSC::ArgList const&) /root/WebKit/Source/JavaScriptCore/runtime/CallData.cpp:70:27 (jsc+0x1360a71)
    #14 JSC::call(JSC::JSGlobalObject*, JSC::JSValue, JSC::CallData const&, JSC::JSValue, JSC::ArgList const&, WTF::NakedPtr<JSC::Exception>&) /root/WebKit/Source/JavaScriptCore/runtime/CallData.cpp:77:22 (jsc+0x1360a71)
    #15 JSC::threadMain(JSC::VM&, WTF::Ref<JSC::ThreadState, WTF::RawPtrTraits<JSC::ThreadState>, WTF::DefaultRefDerefTraits<JSC::ThreadState>>) /root/WebKit/Source/JavaScriptCore/runtime/ThreadObject.cpp:241:30 (jsc+0x19a443c)
    #16 JSC::constructThread(JSC::JSGlobalObject*, JSC::CallFrame*)::$_0::operator()() /root/WebKit/Source/JavaScriptCore/runtime/ThreadObject.cpp:468:9 (jsc+0x19a443c)
    #17 WTF::Detail::CallableWrapper<JSC::constructThread(JSC::JSGlobalObject*, JSC::CallFrame*)::$_0, void>::call() /root/WebKit/WebKitBuild/TSan/WTF/Headers/wtf/Function.h:59:39 (jsc+0x19a443c)
    #18 WTF::Function<void ()>::operator()() const /root/WebKit/Source/WTF/wtf/Function.h:103:35 (jsc+0x25b5345)
    #19 WTF::Thread::entryPoint(WTF::Thread::NewThreadContext*) /root/WebKit/Source/WTF/wtf/Threading.cpp:312:5 (jsc+0x25b5345)
    #20 WTF::wtfThreadEntryPoint(void*) /root/WebKit/Source/WTF/wtf/posix/ThreadingPOSIX.cpp:264:5 (jsc+0x260f2f9)

  Thread T5 'JS Thread' (tid=3025547, running) created by main thread at:
    #0 pthread_create /home/runner/work/llvm-project/llvm-project/compiler-rt/lib/tsan/rtl/tsan_interceptors_posix.cpp:1090:3 (jsc+0x13ff1a)
    #1 WTF::Thread::establishHandle(WTF::Thread::NewThreadContext&, WTF::StackAllocationSpecification, WTF::ThreadQOS, WTF::ThreadSchedulingPolicy) /root/WebKit/Source/WTF/wtf/posix/ThreadingPOSIX.cpp:354:17 (jsc+0x260f1e5)
    #2 WTF::Thread::create(WTF::ASCIILiteral, WTF::Function<void ()>&&, WTF::ThreadType, WTF::ThreadQOS, WTF::ThreadSchedulingPolicy, WTF::StackAllocationSpecification) /root/WebKit/Source/WTF/wtf/Threading.cpp:330:32 (jsc+0x25b56a5)
    #3 JSC::constructThread(JSC::JSGlobalObject*, JSC::CallFrame*) /root/WebKit/Source/JavaScriptCore/runtime/ThreadObject.cpp:467:5 (jsc+0x199c9cf)
    #4 <null> <null> (0x7fbf539ff217)
    #5 JSC::evaluate(JSC::JSGlobalObject*, JSC::SourceCode const&, JSC::JSValue, WTF::NakedPtr<JSC::Exception>&) /root/WebKit/Source/JavaScriptCore/runtime/Completion.cpp:145:37 (jsc+0x13c37c3)
    #6 runWithOptions(GlobalObject*, CommandLine&, bool&) /root/WebKit/Source/JavaScriptCore/jsc.cpp:3957:35 (jsc+0x1cafc5)
    #7 jscmain(int, char**)::$_0::operator()(JSC::VM&, GlobalObject*, bool&) const /root/WebKit/Source/JavaScriptCore/jsc.cpp:4686:13 (jsc+0x1cafc5)
    #8 int runJSC<jscmain(int, char**)::$_0>(CommandLine const&, bool, jscmain(int, char**)::$_0 const&) /root/WebKit/Source/JavaScriptCore/jsc.cpp:4472:13 (jsc+0x1cafc5)
    #9 jscmain(int, char**) /root/WebKit/Source/JavaScriptCore/jsc.cpp:4679:18 (jsc+0x1cafc5)
    #10 main /root/WebKit/Source/JavaScriptCore/jsc.cpp:3715:15 (jsc+0x1c9803)

  Thread T2 'JS Thread' (tid=3025544, running) created by main thread at:
    #0 pthread_create /home/runner/work/llvm-project/llvm-project/compiler-rt/lib/tsan/rtl/tsan_interceptors_posix.cpp:1090:3 (jsc+0x13ff1a)
    #1 WTF::Thread::establishHandle(WTF::Thread::NewThreadContext&, WTF::StackAllocationSpecification, WTF::ThreadQOS, WTF::ThreadSchedulingPolicy) /root/WebKit/Source/WTF/wtf/posix/ThreadingPOSIX.cpp:354:17 (jsc+0x260f1e5)
    #2 WTF::Thread::create(WTF::ASCIILiteral, WTF::Function<void ()>&&, WTF::ThreadType, WTF::ThreadQOS, WTF::ThreadSchedulingPolicy, WTF::StackAllocationSpecification) /root/WebKit/Source/WTF/wtf/Threading.cpp:330:32 (jsc+0x25b56a5)
    #3 JSC::constructThread(JSC::JSGlobalObject*, JSC::CallFrame*) /root/WebKit/Source/JavaScriptCore/runtime/ThreadObject.cpp:467:5 (jsc+0x199c9cf)
    #4 <null> <null> (0x7fbf539ff217)
    #5 JSC::evaluate(JSC::JSGlobalObject*, JSC::SourceCode const&, JSC::JSValue, WTF::NakedPtr<JSC::Exception>&) /root/WebKit/Source/JavaScriptCore/runtime/Completion.cpp:145:37 (jsc+0x13c37c3)
    #6 runWithOptions(GlobalObject*, CommandLine&, bool&) /root/WebKit/Source/JavaScriptCore/jsc.cpp:3957:35 (jsc+0x1cafc5)
    #7 jscmain(int, char**)::$_0::operator()(JSC::VM&, GlobalObject*, bool&) const /root/WebKit/Source/JavaScriptCore/jsc.cpp:4686:13 (jsc+0x1cafc5)
    #8 int runJSC<jscmain(int, char**)::$_0>(CommandLine const&, bool, jscmain(int, char**)::$_0 const&) /root/WebKit/Source/JavaScriptCore/jsc.cpp:4472:13 (jsc+0x1cafc5)
    #9 jscmain(int, char**) /root/WebKit/Source/JavaScriptCore/jsc.cpp:4679:18 (jsc+0x1cafc5)
    #10 main /root/WebKit/Source/JavaScriptCore/jsc.cpp:3715:15 (jsc+0x1c9803)

SUMMARY: ThreadSanitizer: data race /root/WebKit/WebKitBuild/TSan/WTF/Headers/wtf/Vector.h:295:11 in WTF::VectorBufferBase<JSC::StructureID, WTF::FastMalloc>::VectorBufferBase()
==================
==================
WARNING: ThreadSanitizer: data race (pid=3025541)
  Write of size 4 at 0x723800007128 by thread T5:
    #0 WTF::VectorBuffer<JSC::StructureID, 0ul, WTF::FastMalloc>::adopt(WTF::VectorBuffer<JSC::StructureID, 0ul, WTF::FastMalloc>&&) /root/WebKit/WebKitBuild/TSan/WTF/Headers/wtf/Vector.h:415:20 (jsc+0x1018b7d)
    #1 WTF::Vector<JSC::StructureID, 0ul, WTF::CrashOnOverflow, 16ul, WTF::FastMalloc>::Vector(WTF::Vector<JSC::StructureID, 0ul, WTF::CrashOnOverflow, 16ul, WTF::FastMalloc>&&) /root/WebKit/WebKitBuild/TSan/WTF/Headers/wtf/Vector.h:1094:11 (jsc+0x1018b7d)
    #2 mpark::detail::alt<1ul, WTF::Vector<JSC::StructureID, 0ul, WTF::CrashOnOverflow, 16ul, WTF::FastMalloc>>::alt<WTF::Vector<JSC::StructureID, 0ul, WTF::CrashOnOverflow, 16ul, WTF::FastMalloc>>(mpark::in_place_t, WTF::Vector<JSC::StructureID, 0ul, WTF::CrashOnOverflow, 16ul, WTF::FastMalloc>&&) /root/WebKit/WebKitBuild/TSan/WTF/Headers/wtf/Variant.h:1487:13 (jsc+0x1018b7d)
    #3 auto& mpark::detail::base<std::monostate, WTF::Vector<JSC::StructureID, 0ul, WTF::CrashOnOverflow, 16ul, WTF::FastMalloc>, WTF::Vector<std::tuple<JSC::StructureID, JSC::CacheableIdentifier>, 0ul, WTF::CrashOnOverflow, 16ul, WTF::FastMalloc>>::construct_alt<1ul, WTF::Vector<JSC::StructureID, 0ul, WTF::CrashOnOverflow, 16ul, WTF::FastMalloc>>(mpark::detail::base<std::monostate, WTF::Vector<JSC::StructureID, 0ul, WTF::CrashOnOverflow, 16ul, WTF::FastMalloc>, WTF::Vector<std::tuple<JSC::StructureID, JSC::CacheableIdentifier>, 0ul, WTF::CrashOnOverflow, 16ul, WTF::FastMalloc>>&, WTF::Vector<JSC::StructureID, 0ul, WTF::CrashOnOverflow, 16ul, WTF::FastMalloc>&&) /root/WebKit/WebKitBuild/TSan/WTF/Headers/wtf/Variant.h:1557:13 (jsc+0x1018b7d)
    #4 auto& mpark::detail::base<std::monostate, WTF::Vector<JSC::StructureID, 0ul, WTF::CrashOnOverflow, 16ul, WTF::FastMalloc>, WTF::Vector<std::tuple<JSC::StructureID, JSC::CacheableIdentifier>, 0ul, WTF::CrashOnOverflow, 16ul, WTF::FastMalloc>>::emplace<1ul, WTF::Vector<JSC::StructureID, 0ul, WTF::CrashOnOverflow, 16ul, WTF::FastMalloc>>(WTF::Vector<JSC::StructureID, 0ul, WTF::CrashOnOverflow, 16ul, WTF::FastMalloc>&&) /root/WebKit/WebKitBuild/TSan/WTF/Headers/wtf/Variant.h:1579:24 (jsc+0x1018b7d)
    #5 void mpark::detail::base<std::monostate, WTF::Vector<JSC::StructureID, 0ul, WTF::CrashOnOverflow, 16ul, WTF::FastMalloc>, WTF::Vector<std::tuple<JSC::StructureID, JSC::CacheableIdentifier>, 0ul, WTF::CrashOnOverflow, 16ul, WTF::FastMalloc>>::assign_alt<1ul, WTF::Vector<JSC::StructureID, 0ul, WTF::CrashOnOverflow, 16ul, WTF::FastMalloc>, WTF::Vector<JSC::StructureID, 0ul, WTF::CrashOnOverflow, 16ul, WTF::FastMalloc>>(mpark::detail::alt<1ul, WTF::Vector<JSC::StructureID, 0ul, WTF::CrashOnOverflow, 16ul, WTF::FastMalloc>>&, WTF::Vector<JSC::StructureID, 0ul, WTF::CrashOnOverflow, 16ul, WTF::FastMalloc>&&) /root/WebKit/WebKitBuild/TSan/WTF/Headers/wtf/Variant.h:1590:11 (jsc+0x1018b7d)
    #6 void mpark::detail::base<std::monostate, WTF::Vector<JSC::StructureID, 0ul, WTF::CrashOnOverflow, 16ul, WTF::FastMalloc>, WTF::Vector<std::tuple<JSC::StructureID, JSC::CacheableIdentifier>, 0ul, WTF::CrashOnOverflow, 16ul, WTF::FastMalloc>>::assign<1ul, WTF::Vector<JSC::StructureID, 0ul, WTF::CrashOnOverflow, 16ul, WTF::FastMalloc>>(WTF::Vector<JSC::StructureID, 0ul, WTF::CrashOnOverflow, 16ul, WTF::FastMalloc>&&) /root/WebKit/WebKitBuild/TSan/WTF/Headers/wtf/Variant.h:1612:9 (jsc+0x1018b7d)
    #7 mpark::variant<std::monostate, WTF::Vector<JSC::StructureID, 0ul, WTF::CrashOnOverflow, 16ul, WTF::FastMalloc>, WTF::Vector<std::tuple<JSC::StructureID, JSC::CacheableIdentifier>, 0ul, WTF::CrashOnOverflow, 16ul, WTF::FastMalloc>>& mpark::variant<std::monostate, WTF::Vector<JSC::StructureID, 0ul, WTF::CrashOnOverflow, 16ul, WTF::FastMalloc>, WTF::Vector<std::tuple<JSC::StructureID, JSC::CacheableIdentifier>, 0ul, WTF::CrashOnOverflow, 16ul, WTF::FastMalloc>>::operator=<WTF::Vector<JSC::StructureID, 0ul, WTF::CrashOnOverflow, 16ul, WTF::FastMalloc>, 0, 1ul, WTF::Vector<JSC::StructureID, 0ul, WTF::CrashOnOverflow, 16ul, WTF::FastMalloc>, 0>(WTF::Vector<JSC::StructureID, 0ul, WTF::CrashOnOverflow, 16ul, WTF::FastMalloc>&&) /root/WebKit/WebKitBuild/TSan/WTF/Headers/wtf/Variant.h:1947:22 (jsc+0x1018b7d)
    #8 JSC::PropertyInlineCache::considerRepatchingCacheImpl(JSC::VM&, JSC::CodeBlock*, JSC::Structure*, JSC::CacheableIdentifier) /root/WebKit/Source/JavaScriptCore/bytecode/PropertyInlineCache.h:432:46 (jsc+0x1018825)
    #9 JSC::PropertyInlineCache::considerRepatchingCacheBy(JSC::VM&, JSC::CodeBlock*, JSC::Structure*, JSC::CacheableIdentifier) /root/WebKit/Source/JavaScriptCore/bytecode/PropertyInlineCache.h:335:16 (jsc+0xfa41b5)
    #10 operationGetByIdOptimize::$_0::operator()(bool, JSC::PropertySlot&) const /root/WebKit/Source/JavaScriptCore/jit/JITOperations.cpp:583:5 (jsc+0xfa41b5)
    #11 std::invoke_result<operationGetByIdOptimize::$_0, bool, JSC::PropertySlot&>::type JSC::JSValue::getPropertySlot<operationGetByIdOptimize::$_0>(JSC::JSGlobalObject*, JSC::PropertyName, JSC::PropertySlot&, operationGetByIdOptimize::$_0) const /root/WebKit/Source/JavaScriptCore/runtime/JSCJSValuePropertyInlines.h:70:5 (jsc+0xfa41b5)
    #12 std::invoke_result<operationGetByIdOptimize::$_0, bool, JSC::PropertySlot&>::type JSC::JSValue::getPropertySlot<operationGetByIdOptimize::$_0>(JSC::JSGlobalObject*, JSC::PropertyName, operationGetByIdOptimize::$_0) const /root/WebKit/Source/JavaScriptCore/runtime/JSCJSValuePropertyInlines.h:61:12 (jsc+0xfa41b5)
    #13 operationGetByIdOptimize /root/WebKit/Source/JavaScriptCore/jit/JITOperations.cpp:583:5 (jsc+0xfa41b5)
    #14 <null> <null> (0x7fbf53a02a04)
    #15 JSC::Interpreter::executeCall(JSC::JSObject*, JSC::CallData const&, JSC::JSValue, JSC::JSCell*, JSC::ArgList const&) /root/WebKit/Source/JavaScriptCore/interpreter/Interpreter.cpp (jsc+0xe8bd6d)
    #16 JSC::call(JSC::JSGlobalObject*, JSC::JSValue, JSC::CallData const&, JSC::JSValue, JSC::ArgList const&) /root/WebKit/Source/JavaScriptCore/runtime/CallData.cpp:70:27 (jsc+0x1360a71)
    #17 JSC::call(JSC::JSGlobalObject*, JSC::JSValue, JSC::CallData const&, JSC::JSValue, JSC::ArgList const&, WTF::NakedPtr<JSC::Exception>&) /root/WebKit/Source/JavaScriptCore/runtime/CallData.cpp:77:22 (jsc+0x1360a71)
    #18 JSC::threadMain(JSC::VM&, WTF::Ref<JSC::ThreadState, WTF::RawPtrTraits<JSC::ThreadState>, WTF::DefaultRefDerefTraits<JSC::ThreadState>>) /root/WebKit/Source/JavaScriptCore/runtime/ThreadObject.cpp:241:30 (jsc+0x19a443c)
    #19 JSC::constructThread(JSC::JSGlobalObject*, JSC::CallFrame*)::$_0::operator()() /root/WebKit/Source/JavaScriptCore/runtime/ThreadObject.cpp:468:9 (jsc+0x19a443c)
    #20 WTF::Detail::CallableWrapper<JSC::constructThread(JSC::JSGlobalObject*, JSC::CallFrame*)::$_0, void>::call() /root/WebKit/WebKitBuild/TSan/WTF/Headers/wtf/Function.h:59:39 (jsc+0x19a443c)
    #21 WTF::Function<void ()>::operator()() const /root/WebKit/Source/WTF/wtf/Function.h:103:35 (jsc+0x25b5345)
    #22 WTF::Thread::entryPoint(WTF::Thread::NewThreadContext*) /root/WebKit/Source/WTF/wtf/Threading.cpp:312:5 (jsc+0x25b5345)
    #23 WTF::wtfThreadEntryPoint(void*) /root/WebKit/Source/WTF/wtf/posix/ThreadingPOSIX.cpp:264:5 (jsc+0x260f2f9)

  Previous write of size 8 at 0x723800007128 by thread T2:
    #0 malloc /home/runner/work/llvm-project/llvm-project/compiler-rt/lib/tsan/rtl/tsan_interceptors_posix.cpp:682:5 (jsc+0x13dc20)
    #1 bmalloc::api::malloc(unsigned long, bmalloc::CompactAllocationMode, bmalloc::HeapKind) /root/WebKit/WebKitBuild/TSan/bmalloc/Headers/bmalloc/bmalloc.h:96:20 (jsc+0x2598589)
    #2 WTF::fastMalloc(unsigned long) /root/WebKit/Source/WTF/wtf/FastMalloc.cpp:337:20 (jsc+0x2598589)
    #3 JSC::DFG::JITData* WTF::ButterflyArray<JSC::DFG::JITData, JSC::HandlerPropertyInlineCache, void*>::createImpl<JSC::DFG::JITCode const&, WTF::FixedVector<JSC::MacroAssemblerCodeRef<(WTF::PtrTag)57886>, WTF::FastMalloc>>(unsigned int, unsigned int, JSC::DFG::JITCode const&, WTF::FixedVector<JSC::MacroAssemblerCodeRef<(WTF::PtrTag)57886>, WTF::FastMalloc>&&) /root/WebKit/WebKitBuild/TSan/WTF/Headers/wtf/ButterflyArray.h:59:51 (jsc+0x8b9770)
    #4 JSC::DFG::JITData::tryCreate(JSC::VM&, JSC::CodeBlock*, JSC::DFG::JITCode const&, WTF::FixedVector<JSC::MacroAssemblerCodeRef<(WTF::PtrTag)57886>, WTF::FastMalloc>&&) /root/WebKit/Source/JavaScriptCore/dfg/DFGJITCode.h:375:46 (jsc+0x8b9770)
    #5 JSC::DFG::Plan::tryFinalizeJITData(JSC::DFG::JITCode const&) /root/WebKit/Source/JavaScriptCore/dfg/DFGPlan.cpp:822:12 (jsc+0x8b9770)
    #6 JSC::DFG::JITFinalizer::finalize() /root/WebKit/Source/JavaScriptCore/dfg/DFGJITFinalizer.cpp:68:24 (jsc+0x6e9e2b)
    #7 JSC::DFG::Plan::finalize()::$_0::operator()() const /root/WebKit/Source/JavaScriptCore/dfg/DFGPlan.cpp:665:36 (jsc+0x8b8811)
    #8 JSC::DFG::Plan::finalize() /root/WebKit/Source/JavaScriptCore/dfg/DFGPlan.cpp:654:32 (jsc+0x8b8811)
    #9 JSC::JITWorklist::completeAllReadyPlansForVM(JSC::VM&, JSC::JITCompilationKey) /root/WebKit/Source/JavaScriptCore/jit/JITWorklist.cpp:314:15 (jsc+0x1045879)
    #10 operationOptimize /root/WebKit/Source/JavaScriptCore/jit/JITOperations.cpp:3158:76 (jsc+0xfc13c9)
    #11 <null> <null> (0x7fbf53a02178)
    #12 JSC::Interpreter::executeCall(JSC::JSObject*, JSC::CallData const&, JSC::JSValue, JSC::JSCell*, JSC::ArgList const&) /root/WebKit/Source/JavaScriptCore/interpreter/Interpreter.cpp (jsc+0xe8bd6d)
    #13 JSC::call(JSC::JSGlobalObject*, JSC::JSValue, JSC::CallData const&, JSC::JSValue, JSC::ArgList const&) /root/WebKit/Source/JavaScriptCore/runtime/CallData.cpp:70:27 (jsc+0x1360a71)
    #14 JSC::call(JSC::JSGlobalObject*, JSC::JSValue, JSC::CallData const&, JSC::JSValue, JSC::ArgList const&, WTF::NakedPtr<JSC::Exception>&) /root/WebKit/Source/JavaScriptCore/runtime/CallData.cpp:77:22 (jsc+0x1360a71)
    #15 JSC::threadMain(JSC::VM&, WTF::Ref<JSC::ThreadState, WTF::RawPtrTraits<JSC::ThreadState>, WTF::DefaultRefDerefTraits<JSC::ThreadState>>) /root/WebKit/Source/JavaScriptCore/runtime/ThreadObject.cpp:241:30 (jsc+0x19a443c)
    #16 JSC::constructThread(JSC::JSGlobalObject*, JSC::CallFrame*)::$_0::operator()() /root/WebKit/Source/JavaScriptCore/runtime/ThreadObject.cpp:468:9 (jsc+0x19a443c)
    #17 WTF::Detail::CallableWrapper<JSC::constructThread(JSC::JSGlobalObject*, JSC::CallFrame*)::$_0, void>::call() /root/WebKit/WebKitBuild/TSan/WTF/Headers/wtf/Function.h:59:39 (jsc+0x19a443c)
    #18 WTF::Function<void ()>::operator()() const /root/WebKit/Source/WTF/wtf/Function.h:103:35 (jsc+0x25b5345)
    #19 WTF::Thread::entryPoint(WTF::Thread::NewThreadContext*) /root/WebKit/Source/WTF/wtf/Threading.cpp:312:5 (jsc+0x25b5345)
    #20 WTF::wtfThreadEntryPoint(void*) /root/WebKit/Source/WTF/wtf/posix/ThreadingPOSIX.cpp:264:5 (jsc+0x260f2f9)

  Location is heap block of size 224 at 0x7238000070e0 allocated by thread T2:
    #0 malloc /home/runner/work/llvm-project/llvm-project/compiler-rt/lib/tsan/rtl/tsan_interceptors_posix.cpp:682:5 (jsc+0x13dc20)
    #1 bmalloc::api::malloc(unsigned long, bmalloc::CompactAllocationMode, bmalloc::HeapKind) /root/WebKit/WebKitBuild/TSan/bmalloc/Headers/bmalloc/bmalloc.h:96:20 (jsc+0x2598589)
    #2 WTF::fastMalloc(unsigned long) /root/WebKit/Source/WTF/wtf/FastMalloc.cpp:337:20 (jsc+0x2598589)
    #3 JSC::DFG::JITData* WTF::ButterflyArray<JSC::DFG::JITData, JSC::HandlerPropertyInlineCache, void*>::createImpl<JSC::DFG::JITCode const&, WTF::FixedVector<JSC::MacroAssemblerCodeRef<(WTF::PtrTag)57886>, WTF::FastMalloc>>(unsigned int, unsigned int, JSC::DFG::JITCode const&, WTF::FixedVector<JSC::MacroAssemblerCodeRef<(WTF::PtrTag)57886>, WTF::FastMalloc>&&) /root/WebKit/WebKitBuild/TSan/WTF/Headers/wtf/ButterflyArray.h:59:51 (jsc+0x8b9770)
    #4 JSC::DFG::JITData::tryCreate(JSC::VM&, JSC::CodeBlock*, JSC::DFG::JITCode const&, WTF::FixedVector<JSC::MacroAssemblerCodeRef<(WTF::PtrTag)57886>, WTF::FastMalloc>&&) /root/WebKit/Source/JavaScriptCore/dfg/DFGJITCode.h:375:46 (jsc+0x8b9770)
    #5 JSC::DFG::Plan::tryFinalizeJITData(JSC::DFG::JITCode const&) /root/WebKit/Source/JavaScriptCore/dfg/DFGPlan.cpp:822:12 (jsc+0x8b9770)
    #6 JSC::DFG::JITFinalizer::finalize() /root/WebKit/Source/JavaScriptCore/dfg/DFGJITFinalizer.cpp:68:24 (jsc+0x6e9e2b)
    #7 JSC::DFG::Plan::finalize()::$_0::operator()() const /root/WebKit/Source/JavaScriptCore/dfg/DFGPlan.cpp:665:36 (jsc+0x8b8811)
    #8 JSC::DFG::Plan::finalize() /root/WebKit/Source/JavaScriptCore/dfg/DFGPlan.cpp:654:32 (jsc+0x8b8811)
    #9 JSC::JITWorklist::completeAllReadyPlansForVM(JSC::VM&, JSC::JITCompilationKey) /root/WebKit/Source/JavaScriptCore/jit/JITWorklist.cpp:314:15 (jsc+0x1045879)
    #10 operationOptimize /root/WebKit/Source/JavaScriptCore/jit/JITOperations.cpp:3158:76 (jsc+0xfc13c9)
    #11 <null> <null> (0x7fbf53a02178)
    #12 JSC::Interpreter::executeCall(JSC::JSObject*, JSC::CallData const&, JSC::JSValue, JSC::JSCell*, JSC::ArgList const&) /root/WebKit/Source/JavaScriptCore/interpreter/Interpreter.cpp (jsc+0xe8bd6d)
    #13 JSC::call(JSC::JSGlobalObject*, JSC::JSValue, JSC::CallData const&, JSC::JSValue, JSC::ArgList const&) /root/WebKit/Source/JavaScriptCore/runtime/CallData.cpp:70:27 (jsc+0x1360a71)
    #14 JSC::call(JSC::JSGlobalObject*, JSC::JSValue, JSC::CallData const&, JSC::JSValue, JSC::ArgList const&, WTF::NakedPtr<JSC::Exception>&) /root/WebKit/Source/JavaScriptCore/runtime/CallData.cpp:77:22 (jsc+0x1360a71)
    #15 JSC::threadMain(JSC::VM&, WTF::Ref<JSC::ThreadState, WTF::RawPtrTraits<JSC::ThreadState>, WTF::DefaultRefDerefTraits<JSC::ThreadState>>) /root/WebKit/Source/JavaScriptCore/runtime/ThreadObject.cpp:241:30 (jsc+0x19a443c)
    #16 JSC::constructThread(JSC::JSGlobalObject*, JSC::CallFrame*)::$_0::operator()() /root/WebKit/Source/JavaScriptCore/runtime/ThreadObject.cpp:468:9 (jsc+0x19a443c)
    #17 WTF::Detail::CallableWrapper<JSC::constructThread(JSC::JSGlobalObject*, JSC::CallFrame*)::$_0, void>::call() /root/WebKit/WebKitBuild/TSan/WTF/Headers/wtf/Function.h:59:39 (jsc+0x19a443c)
    #18 WTF::Function<void ()>::operator()() const /root/WebKit/Source/WTF/wtf/Function.h:103:35 (jsc+0x25b5345)
    #19 WTF::Thread::entryPoint(WTF::Thread::NewThreadContext*) /root/WebKit/Source/WTF/wtf/Threading.cpp:312:5 (jsc+0x25b5345)
    #20 WTF::wtfThreadEntryPoint(void*) /root/WebKit/Source/WTF/wtf/posix/ThreadingPOSIX.cpp:264:5 (jsc+0x260f2f9)

  Thread T5 'JS Thread' (tid=3025547, running) created by main thread at:
    #0 pthread_create /home/runner/work/llvm-project/llvm-project/compiler-rt/lib/tsan/rtl/tsan_interceptors_posix.cpp:1090:3 (jsc+0x13ff1a)
    #1 WTF::Thread::establishHandle(WTF::Thread::NewThreadContext&, WTF::StackAllocationSpecification, WTF::ThreadQOS, WTF::ThreadSchedulingPolicy) /root/WebKit/Source/WTF/wtf/posix/ThreadingPOSIX.cpp:354:17 (jsc+0x260f1e5)
    #2 WTF::Thread::create(WTF::ASCIILiteral, WTF::Function<void ()>&&, WTF::ThreadType, WTF::ThreadQOS, WTF::ThreadSchedulingPolicy, WTF::StackAllocationSpecification) /root/WebKit/Source/WTF/wtf/Threading.cpp:330:32 (jsc+0x25b56a5)
    #3 JSC::constructThread(JSC::JSGlobalObject*, JSC::CallFrame*) /root/WebKit/Source/JavaScriptCore/runtime/ThreadObject.cpp:467:5 (jsc+0x199c9cf)
    #4 <null> <null> (0x7fbf539ff217)
    #5 JSC::evaluate(JSC::JSGlobalObject*, JSC::SourceCode const&, JSC::JSValue, WTF::NakedPtr<JSC::Exception>&) /root/WebKit/Source/JavaScriptCore/runtime/Completion.cpp:145:37 (jsc+0x13c37c3)
    #6 runWithOptions(GlobalObject*, CommandLine&, bool&) /root/WebKit/Source/JavaScriptCore/jsc.cpp:3957:35 (jsc+0x1cafc5)
    #7 jscmain(int, char**)::$_0::operator()(JSC::VM&, GlobalObject*, bool&) const /root/WebKit/Source/JavaScriptCore/jsc.cpp:4686:13 (jsc+0x1cafc5)
    #8 int runJSC<jscmain(int, char**)::$_0>(CommandLine const&, bool, jscmain(int, char**)::$_0 const&) /root/WebKit/Source/JavaScriptCore/jsc.cpp:4472:13 (jsc+0x1cafc5)
    #9 jscmain(int, char**) /root/WebKit/Source/JavaScriptCore/jsc.cpp:4679:18 (jsc+0x1cafc5)
    #10 main /root/WebKit/Source/JavaScriptCore/jsc.cpp:3715:15 (jsc+0x1c9803)

  Thread T2 'JS Thread' (tid=3025544, running) created by main thread at:
    #0 pthread_create /home/runner/work/llvm-project/llvm-project/compiler-rt/lib/tsan/rtl/tsan_interceptors_posix.cpp:1090:3 (jsc+0x13ff1a)
    #1 WTF::Thread::establishHandle(WTF::Thread::NewThreadContext&, WTF::StackAllocationSpecification, WTF::ThreadQOS, WTF::ThreadSchedulingPolicy) /root/WebKit/Source/WTF/wtf/posix/ThreadingPOSIX.cpp:354:17 (jsc+0x260f1e5)
    #2 WTF::Thread::create(WTF::ASCIILiteral, WTF::Function<void ()>&&, WTF::ThreadType, WTF::ThreadQOS, WTF::ThreadSchedulingPolicy, WTF::StackAllocationSpecification) /root/WebKit/Source/WTF/wtf/Threading.cpp:330:32 (jsc+0x25b56a5)
    #3 JSC::constructThread(JSC::JSGlobalObject*, JSC::CallFrame*) /root/WebKit/Source/JavaScriptCore/runtime/ThreadObject.cpp:467:5 (jsc+0x199c9cf)
    #4 <null> <null> (0x7fbf539ff217)
    #5 JSC::evaluate(JSC::JSGlobalObject*, JSC::SourceCode const&, JSC::JSValue, WTF::NakedPtr<JSC::Exception>&) /root/WebKit/Source/JavaScriptCore/runtime/Completion.cpp:145:37 (jsc+0x13c37c3)
    #6 runWithOptions(GlobalObject*, CommandLine&, bool&) /root/WebKit/Source/JavaScriptCore/jsc.cpp:3957:35 (jsc+0x1cafc5)
    #7 jscmain(int, char**)::$_0::operator()(JSC::VM&, GlobalObject*, bool&) const /root/WebKit/Source/JavaScriptCore/jsc.cpp:4686:13 (jsc+0x1cafc5)
    #8 int runJSC<jscmain(int, char**)::$_0>(CommandLine const&, bool, jscmain(int, char**)::$_0 const&) /root/WebKit/Source/JavaScriptCore/jsc.cpp:4472:13 (jsc+0x1cafc5)
    #9 jscmain(int, char**) /root/WebKit/Source/JavaScriptCore/jsc.cpp:4679:18 (jsc+0x1cafc5)
    #10 main /root/WebKit/Source/JavaScriptCore/jsc.cpp:3715:15 (jsc+0x1c9803)

SUMMARY: ThreadSanitizer: data race /root/WebKit/WebKitBuild/TSan/WTF/Headers/wtf/Vector.h:415:20 in WTF::VectorBuffer<JSC::StructureID, 0ul, WTF::FastMalloc>::adopt(WTF::VectorBuffer<JSC::StructureID, 0ul, WTF::FastMalloc>&&)
==================
==================
WARNING: ThreadSanitizer: data race (pid=3025541)
  Read of size 4 at 0x72380000721c by thread T3:
    #0 JSC::ICSlowPathCallFrameTracer::ICSlowPathCallFrameTracer(JSC::VM&, JSC::CallFrame*, JSC::PropertyInlineCache*) /root/WebKit/Source/JavaScriptCore/jit/JITOperations.cpp:120:33 (jsc+0xfa3e3d)
    #1 operationGetByIdOptimize /root/WebKit/Source/JavaScriptCore/jit/JITOperations.cpp:576:31 (jsc+0xfa3e3d)
    #2 <null> <null> (0x7fbf53a02a04)
    #3 JSC::Interpreter::executeCall(JSC::JSObject*, JSC::CallData const&, JSC::JSValue, JSC::JSCell*, JSC::ArgList const&) /root/WebKit/Source/JavaScriptCore/interpreter/Interpreter.cpp (jsc+0xe8bd6d)
    #4 JSC::call(JSC::JSGlobalObject*, JSC::JSValue, JSC::CallData const&, JSC::JSValue, JSC::ArgList const&) /root/WebKit/Source/JavaScriptCore/runtime/CallData.cpp:70:27 (jsc+0x1360a71)
    #5 JSC::call(JSC::JSGlobalObject*, JSC::JSValue, JSC::CallData const&, JSC::JSValue, JSC::ArgList const&, WTF::NakedPtr<JSC::Exception>&) /root/WebKit/Source/JavaScriptCore/runtime/CallData.cpp:77:22 (jsc+0x1360a71)
    #6 JSC::threadMain(JSC::VM&, WTF::Ref<JSC::ThreadState, WTF::RawPtrTraits<JSC::ThreadState>, WTF::DefaultRefDerefTraits<JSC::ThreadState>>) /root/WebKit/Source/JavaScriptCore/runtime/ThreadObject.cpp:241:30 (jsc+0x19a443c)
    #7 JSC::constructThread(JSC::JSGlobalObject*, JSC::CallFrame*)::$_0::operator()() /root/WebKit/Source/JavaScriptCore/runtime/ThreadObject.cpp:468:9 (jsc+0x19a443c)
    #8 WTF::Detail::CallableWrapper<JSC::constructThread(JSC::JSGlobalObject*, JSC::CallFrame*)::$_0, void>::call() /root/WebKit/WebKitBuild/TSan/WTF/Headers/wtf/Function.h:59:39 (jsc+0x19a443c)
    #9 WTF::Function<void ()>::operator()() const /root/WebKit/Source/WTF/wtf/Function.h:103:35 (jsc+0x25b5345)
    #10 WTF::Thread::entryPoint(WTF::Thread::NewThreadContext*) /root/WebKit/Source/WTF/wtf/Threading.cpp:312:5 (jsc+0x25b5345)
    #11 WTF::wtfThreadEntryPoint(void*) /root/WebKit/Source/WTF/wtf/posix/ThreadingPOSIX.cpp:264:5 (jsc+0x260f2f9)

  Previous write of size 8 at 0x723800007218 by thread T2:
    #0 malloc /home/runner/work/llvm-project/llvm-project/compiler-rt/lib/tsan/rtl/tsan_interceptors_posix.cpp:682:5 (jsc+0x13dc20)
    #1 bmalloc::api::malloc(unsigned long, bmalloc::CompactAllocationMode, bmalloc::HeapKind) /root/WebKit/WebKitBuild/TSan/bmalloc/Headers/bmalloc/bmalloc.h:96:20 (jsc+0x2598589)
    #2 WTF::fastMalloc(unsigned long) /root/WebKit/Source/WTF/wtf/FastMalloc.cpp:337:20 (jsc+0x2598589)
    #3 JSC::DFG::JITData* WTF::ButterflyArray<JSC::DFG::JITData, JSC::HandlerPropertyInlineCache, void*>::createImpl<JSC::DFG::JITCode const&, WTF::FixedVector<JSC::MacroAssemblerCodeRef<(WTF::PtrTag)57886>, WTF::FastMalloc>>(unsigned int, unsigned int, JSC::DFG::JITCode const&, WTF::FixedVector<JSC::MacroAssemblerCodeRef<(WTF::PtrTag)57886>, WTF::FastMalloc>&&) /root/WebKit/WebKitBuild/TSan/WTF/Headers/wtf/ButterflyArray.h:59:51 (jsc+0x8b9770)
    #4 JSC::DFG::JITData::tryCreate(JSC::VM&, JSC::CodeBlock*, JSC::DFG::JITCode const&, WTF::FixedVector<JSC::MacroAssemblerCodeRef<(WTF::PtrTag)57886>, WTF::FastMalloc>&&) /root/WebKit/Source/JavaScriptCore/dfg/DFGJITCode.h:375:46 (jsc+0x8b9770)
    #5 JSC::DFG::Plan::tryFinalizeJITData(JSC::DFG::JITCode const&) /root/WebKit/Source/JavaScriptCore/dfg/DFGPlan.cpp:822:12 (jsc+0x8b9770)
    #6 JSC::DFG::JITFinalizer::finalize() /root/WebKit/Source/JavaScriptCore/dfg/DFGJITFinalizer.cpp:68:24 (jsc+0x6e9e2b)
    #7 JSC::DFG::Plan::finalize()::$_0::operator()() const /root/WebKit/Source/JavaScriptCore/dfg/DFGPlan.cpp:665:36 (jsc+0x8b8811)
    #8 JSC::DFG::Plan::finalize() /root/WebKit/Source/JavaScriptCore/dfg/DFGPlan.cpp:654:32 (jsc+0x8b8811)
    #9 JSC::JITWorklist::completeAllReadyPlansForVM(JSC::VM&, JSC::JITCompilationKey) /root/WebKit/Source/JavaScriptCore/jit/JITWorklist.cpp:314:15 (jsc+0x1045879)
    #10 operationOptimize /root/WebKit/Source/JavaScriptCore/jit/JITOperations.cpp:3158:76 (jsc+0xfc13c9)
    #11 <null> <null> (0x7fbf53a03bf4)
    #12 JSC::Interpreter::executeCall(JSC::JSObject*, JSC::CallData const&, JSC::JSValue, JSC::JSCell*, JSC::ArgList const&) /root/WebKit/Source/JavaScriptCore/interpreter/Interpreter.cpp (jsc+0xe8bd6d)
    #13 JSC::call(JSC::JSGlobalObject*, JSC::JSValue, JSC::CallData const&, JSC::JSValue, JSC::ArgList const&) /root/WebKit/Source/JavaScriptCore/runtime/CallData.cpp:70:27 (jsc+0x1360a71)
    #14 JSC::call(JSC::JSGlobalObject*, JSC::JSValue, JSC::CallData const&, JSC::JSValue, JSC::ArgList const&, WTF::NakedPtr<JSC::Exception>&) /root/WebKit/Source/JavaScriptCore/runtime/CallData.cpp:77:22 (jsc+0x1360a71)
    #15 JSC::threadMain(JSC::VM&, WTF::Ref<JSC::ThreadState, WTF::RawPtrTraits<JSC::ThreadState>, WTF::DefaultRefDerefTraits<JSC::ThreadState>>) /root/WebKit/Source/JavaScriptCore/runtime/ThreadObject.cpp:241:30 (jsc+0x19a443c)
    #16 JSC::constructThread(JSC::JSGlobalObject*, JSC::CallFrame*)::$_0::operator()() /root/WebKit/Source/JavaScriptCore/runtime/ThreadObject.cpp:468:9 (jsc+0x19a443c)
    #17 WTF::Detail::CallableWrapper<JSC::constructThread(JSC::JSGlobalObject*, JSC::CallFrame*)::$_0, void>::call() /root/WebKit/WebKitBuild/TSan/WTF/Headers/wtf/Function.h:59:39 (jsc+0x19a443c)
    #18 WTF::Function<void ()>::operator()() const /root/WebKit/Source/WTF/wtf/Function.h:103:35 (jsc+0x25b5345)
    #19 WTF::Thread::entryPoint(WTF::Thread::NewThreadContext*) /root/WebKit/Source/WTF/wtf/Threading.cpp:312:5 (jsc+0x25b5345)
    #20 WTF::wtfThreadEntryPoint(void*) /root/WebKit/Source/WTF/wtf/posix/ThreadingPOSIX.cpp:264:5 (jsc+0x260f2f9)

  Location is heap block of size 224 at 0x7238000071c0 allocated by thread T2:
    #0 malloc /home/runner/work/llvm-project/llvm-project/compiler-rt/lib/tsan/rtl/tsan_interceptors_posix.cpp:682:5 (jsc+0x13dc20)
    #1 bmalloc::api::malloc(unsigned long, bmalloc::CompactAllocationMode, bmalloc::HeapKind) /root/WebKit/WebKitBuild/TSan/bmalloc/Headers/bmalloc/bmalloc.h:96:20 (jsc+0x2598589)
    #2 WTF::fastMalloc(unsigned long) /root/WebKit/Source/WTF/wtf/FastMalloc.cpp:337:20 (jsc+0x2598589)
    #3 JSC::DFG::JITData* WTF::ButterflyArray<JSC::DFG::JITData, JSC::HandlerPropertyInlineCache, void*>::createImpl<JSC::DFG::JITCode const&, WTF::FixedVector<JSC::MacroAssemblerCodeRef<(WTF::PtrTag)57886>, WTF::FastMalloc>>(unsigned int, unsigned int, JSC::DFG::JITCode const&, WTF::FixedVector<JSC::MacroAssemblerCodeRef<(WTF::PtrTag)57886>, WTF::FastMalloc>&&) /root/WebKit/WebKitBuild/TSan/WTF/Headers/wtf/ButterflyArray.h:59:51 (jsc+0x8b9770)
    #4 JSC::DFG::JITData::tryCreate(JSC::VM&, JSC::CodeBlock*, JSC::DFG::JITCode const&, WTF::FixedVector<JSC::MacroAssemblerCodeRef<(WTF::PtrTag)57886>, WTF::FastMalloc>&&) /root/WebKit/Source/JavaScriptCore/dfg/DFGJITCode.h:375:46 (jsc+0x8b9770)
    #5 JSC::DFG::Plan::tryFinalizeJITData(JSC::DFG::JITCode const&) /root/WebKit/Source/JavaScriptCore/dfg/DFGPlan.cpp:822:12 (jsc+0x8b9770)
    #6 JSC::DFG::JITFinalizer::finalize() /root/WebKit/Source/JavaScriptCore/dfg/DFGJITFinalizer.cpp:68:24 (jsc+0x6e9e2b)
    #7 JSC::DFG::Plan::finalize()::$_0::operator()() const /root/WebKit/Source/JavaScriptCore/dfg/DFGPlan.cpp:665:36 (jsc+0x8b8811)
    #8 JSC::DFG::Plan::finalize() /root/WebKit/Source/JavaScriptCore/dfg/DFGPlan.cpp:654:32 (jsc+0x8b8811)
    #9 JSC::JITWorklist::completeAllReadyPlansForVM(JSC::VM&, JSC::JITCompilationKey) /root/WebKit/Source/JavaScriptCore/jit/JITWorklist.cpp:314:15 (jsc+0x1045879)
    #10 operationOptimize /root/WebKit/Source/JavaScriptCore/jit/JITOperations.cpp:3158:76 (jsc+0xfc13c9)
    #11 <null> <null> (0x7fbf53a03bf4)
    #12 JSC::Interpreter::executeCall(JSC::JSObject*, JSC::CallData const&, JSC::JSValue, JSC::JSCell*, JSC::ArgList const&) /root/WebKit/Source/JavaScriptCore/interpreter/Interpreter.cpp (jsc+0xe8bd6d)
    #13 JSC::call(JSC::JSGlobalObject*, JSC::JSValue, JSC::CallData const&, JSC::JSValue, JSC::ArgList const&) /root/WebKit/Source/JavaScriptCore/runtime/CallData.cpp:70:27 (jsc+0x1360a71)
    #14 JSC::call(JSC::JSGlobalObject*, JSC::JSValue, JSC::CallData const&, JSC::JSValue, JSC::ArgList const&, WTF::NakedPtr<JSC::Exception>&) /root/WebKit/Source/JavaScriptCore/runtime/CallData.cpp:77:22 (jsc+0x1360a71)
    #15 JSC::threadMain(JSC::VM&, WTF::Ref<JSC::ThreadState, WTF::RawPtrTraits<JSC::ThreadState>, WTF::DefaultRefDerefTraits<JSC::ThreadState>>) /root/WebKit/Source/JavaScriptCore/runtime/ThreadObject.cpp:241:30 (jsc+0x19a443c)
    #16 JSC::constructThread(JSC::JSGlobalObject*, JSC::CallFrame*)::$_0::operator()() /root/WebKit/Source/JavaScriptCore/runtime/ThreadObject.cpp:468:9 (jsc+0x19a443c)
    #17 WTF::Detail::CallableWrapper<JSC::constructThread(JSC::JSGlobalObject*, JSC::CallFrame*)::$_0, void>::call() /root/WebKit/WebKitBuild/TSan/WTF/Headers/wtf/Function.h:59:39 (jsc+0x19a443c)
    #18 WTF::Function<void ()>::operator()() const /root/WebKit/Source/WTF/wtf/Function.h:103:35 (jsc+0x25b5345)
    #19 WTF::Thread::entryPoint(WTF::Thread::NewThreadContext*) /root/WebKit/Source/WTF/wtf/Threading.cpp:312:5 (jsc+0x25b5345)
    #20 WTF::wtfThreadEntryPoint(void*) /root/WebKit/Source/WTF/wtf/posix/ThreadingPOSIX.cpp:264:5 (jsc+0x260f2f9)

  Thread T3 'JS Thread' (tid=3025545, running) created by main thread at:
    #0 pthread_create /home/runner/work/llvm-project/llvm-project/compiler-rt/lib/tsan/rtl/tsan_interceptors_posix.cpp:1090:3 (jsc+0x13ff1a)
    #1 WTF::Thread::establishHandle(WTF::Thread::NewThreadContext&, WTF::StackAllocationSpecification, WTF::ThreadQOS, WTF::ThreadSchedulingPolicy) /root/WebKit/Source/WTF/wtf/posix/ThreadingPOSIX.cpp:354:17 (jsc+0x260f1e5)
    #2 WTF::Thread::create(WTF::ASCIILiteral, WTF::Function<void ()>&&, WTF::ThreadType, WTF::ThreadQOS, WTF::ThreadSchedulingPolicy, WTF::StackAllocationSpecification) /root/WebKit/Source/WTF/wtf/Threading.cpp:330:32 (jsc+0x25b56a5)
    #3 JSC::constructThread(JSC::JSGlobalObject*, JSC::CallFrame*) /root/WebKit/Source/JavaScriptCore/runtime/ThreadObject.cpp:467:5 (jsc+0x199c9cf)
    #4 <null> <null> (0x7fbf539ff217)
    #5 JSC::evaluate(JSC::JSGlobalObject*, JSC::SourceCode const&, JSC::JSValue, WTF::NakedPtr<JSC::Exception>&) /root/WebKit/Source/JavaScriptCore/runtime/Completion.cpp:145:37 (jsc+0x13c37c3)
    #6 runWithOptions(GlobalObject*, CommandLine&, bool&) /root/WebKit/Source/JavaScriptCore/jsc.cpp:3957:35 (jsc+0x1cafc5)
    #7 jscmain(int, char**)::$_0::operator()(JSC::VM&, GlobalObject*, bool&) const /root/WebKit/Source/JavaScriptCore/jsc.cpp:4686:13 (jsc+0x1cafc5)
    #8 int runJSC<jscmain(int, char**)::$_0>(CommandLine const&, bool, jscmain(int, char**)::$_0 const&) /root/WebKit/Source/JavaScriptCore/jsc.cpp:4472:13 (jsc+0x1cafc5)
    #9 jscmain(int, char**) /root/WebKit/Source/JavaScriptCore/jsc.cpp:4679:18 (jsc+0x1cafc5)
    #10 main /root/WebKit/Source/JavaScriptCore/jsc.cpp:3715:15 (jsc+0x1c9803)

  Thread T2 'JS Thread' (tid=3025544, running) created by main thread at:
    #0 pthread_create /home/runner/work/llvm-project/llvm-project/compiler-rt/lib/tsan/rtl/tsan_interceptors_posix.cpp:1090:3 (jsc+0x13ff1a)
    #1 WTF::Thread::establishHandle(WTF::Thread::NewThreadContext&, WTF::StackAllocationSpecification, WTF::ThreadQOS, WTF::ThreadSchedulingPolicy) /root/WebKit/Source/WTF/wtf/posix/ThreadingPOSIX.cpp:354:17 (jsc+0x260f1e5)
    #2 WTF::Thread::create(WTF::ASCIILiteral, WTF::Function<void ()>&&, WTF::ThreadType, WTF::ThreadQOS, WTF::ThreadSchedulingPolicy, WTF::StackAllocationSpecification) /root/WebKit/Source/WTF/wtf/Threading.cpp:330:32 (jsc+0x25b56a5)
    #3 JSC::constructThread(JSC::JSGlobalObject*, JSC::CallFrame*) /root/WebKit/Source/JavaScriptCore/runtime/ThreadObject.cpp:467:5 (jsc+0x199c9cf)
    #4 <null> <null> (0x7fbf539ff217)
    #5 JSC::evaluate(JSC::JSGlobalObject*, JSC::SourceCode const&, JSC::JSValue, WTF::NakedPtr<JSC::Exception>&) /root/WebKit/Source/JavaScriptCore/runtime/Completion.cpp:145:37 (jsc+0x13c37c3)
    #6 runWithOptions(GlobalObject*, CommandLine&, bool&) /root/WebKit/Source/JavaScriptCore/jsc.cpp:3957:35 (jsc+0x1cafc5)
    #7 jscmain(int, char**)::$_0::operator()(JSC::VM&, GlobalObject*, bool&) const /root/WebKit/Source/JavaScriptCore/jsc.cpp:4686:13 (jsc+0x1cafc5)
    #8 int runJSC<jscmain(int, char**)::$_0>(CommandLine const&, bool, jscmain(int, char**)::$_0 const&) /root/WebKit/Source/JavaScriptCore/jsc.cpp:4472:13 (jsc+0x1cafc5)
    #9 jscmain(int, char**) /root/WebKit/Source/JavaScriptCore/jsc.cpp:4679:18 (jsc+0x1cafc5)
    #10 main /root/WebKit/Source/JavaScriptCore/jsc.cpp:3715:15 (jsc+0x1c9803)

SUMMARY: ThreadSanitizer: data race /root/WebKit/Source/JavaScriptCore/jit/JITOperations.cpp:120:33 in JSC::ICSlowPathCallFrameTracer::ICSlowPathCallFrameTracer(JSC::VM&, JSC::CallFrame*, JSC::PropertyInlineCache*)
==================
ThreadSanitizer: reported 5 warnings
