p0           hash=0x00b3d424 bucket=36
p1           hash=0x00a8cac8 bucket=200
p2           hash=0x007d8a5d bucket=93
p3           hash=0x00124cac bucket=172
p4           hash=0x006d0339 bucket=313
p5           hash=0x0077b63b bucket=59
p6           hash=0x006f0eaa bucket=170
p7           hash=0x00481452 bucket=82
p8           hash=0x00f37565 bucket=357
p9           hash=0x0029b0e1 bucket=225
p10          hash=0x00ae2f0d bucket=269
p11          hash=0x00af0efc bucket=252
p12          hash=0x002c76e5 bucket=229
p13          hash=0x00495a28 bucket=40
p14          hash=0x0056719f bucket=415
p15          hash=0x00abfd61 bucket=353
p16          hash=0x0074b9d8 bucket=472
p17          hash=0x00da7565 bucket=357
p18          hash=0x005b3bdd bucket=477
p19          hash=0x00fa6732 bucket=306
p20          hash=0x002cff54 bucket=340
p21          hash=0x0057dc34 bucket=52
p22          hash=0x00982250 bucket=80
p23          hash=0x00e37933 bucket=307
late0        hash=0x00b67ed6 bucket=214
late1        hash=0x00d98fd5 bucket=469
late2        hash=0x00a1e9a4 bucket=420
late3        hash=0x0012592e bucket=302
late4        hash=0x0027beae bucket=174
late5        hash=0x0031f753 bucket=339
late6        hash=0x007ab99a bucket=410
late7        hash=0x00a38baa bucket=426
late8        hash=0x00bbffb5 bucket=437
late9        hash=0x00ea6356 bucket=342
late10       hash=0x0091b491 bucket=145
late11       hash=0x0084a7e8 bucket=488
late12       hash=0x00aa0114 bucket=276
late13       hash=0x00c2f748 bucket=328
late14       hash=0x00421794 bucket=404
late15       hash=0x004013db bucket=475
late16       hash=0x000c761e bucket=30
late17       hash=0x0025a088 bucket=136
late18       hash=0x007f89e7 bucket=487
late19       hash=0x00ae6020 bucket=32
late20       hash=0x00d21d13 bucket=275
late21       hash=0x00b27cca bucket=202
late22       hash=0x002950ad bucket=173
late23       hash=0x008936ba bucket=186
late24       hash=0x00a3cb76 bucket=374
late25       hash=0x00b99130 bucket=304
late26       hash=0x00a24f95 bucket=405
late27       hash=0x000cb839 bucket=57
late28       hash=0x00b28004 bucket=4
late29       hash=0x00d12dd5 bucket=469
late30       hash=0x00688678 bucket=120
late31       hash=0x00d65d09 bucket=265
late32       hash=0x005fdb10 bucket=272
late33       hash=0x00ec27e4 bucket=484
late34       hash=0x00428bd7 bucket=471
late35       hash=0x008b1cea bucket=234
late36       hash=0x00b705fb bucket=507
late37       hash=0x00f07b96 bucket=406
late38       hash=0x007270d6 bucket=214
late39       hash=0x00e83435 bucket=53
late40       hash=0x0097c636 bucket=54
late41       hash=0x002aba0f bucket=15
late42       hash=0x0056aa14 bucket=20
late43       hash=0x006ab8d4 bucket=212
late44       hash=0x005cbfaa bucket=426
late45       hash=0x00fa32ac bucket=172
late46       hash=0x00be29f8 bucket=504
late47       hash=0x00367e20 bucket=32
late48       hash=0x009a0d0c bucket=268
late49       hash=0x005bb942 bucket=322
late50       hash=0x0028f841 bucket=65
late51       hash=0x00747f96 bucket=406
late52       hash=0x0010b4dd bucket=221
late53       hash=0x00025622 bucket=34
late54       hash=0x00edf3db bucket=475
late55       hash=0x00ce80fb bucket=251
late56       hash=0x002cd66e bucket=110
late57       hash=0x00aead61 bucket=353
late58       hash=0x008a5781 bucket=385
late59       hash=0x00bdcdf2 bucket=498
fromSlot0    hash=0x007fb377 bucket=375
fromSlot1    hash=0x005a30b6 bucket=182
fromSlot2    hash=0x0062ec3a bucket=58
fromSlot3    hash=0x006f7396 bucket=406
fromSlot4    hash=0x00878490 bucket=144
tid          hash=0x00d3a701 bucket=257
serial       hash=0x000ba538 bucket=312
indexed      hash=0x00b53d34 bucket=308
count        hash=0x00792246 bucket=70
hits         hash=0x005fbff1 bucket=497

== COLLIDING BUCKETS ==
bucket 32: late19 late47
bucket 172: p3 late45
bucket 214: late0 late38
bucket 353: p15 late57
bucket 357: p8 p17
bucket 406: late37 late51 fromSlot3
bucket 426: late7 late44
bucket 469: late1 late29
bucket 475: late15 late54
colliding buckets: 9
