JSC: disabling useWasm under GIL-off (wasm glue still reads the raw VM-block exception word; not yet audited for UNGIL §A.1.3 COMPILED-FOR-VM; see AB-17 status block in VMEntryScope.cpp).
==================
WARNING: ThreadSanitizer: data race (pid=3434435)
  Read of size 4 at 0x72a0001b4170 by thread T5:
    #0 JSC::JSObject::classifyConcurrentLockedAdd(JSC::Structure*, JSC::JSObject::ConcurrentLockedAddSlowAction&) /root/WebKit/Source/JavaScriptCore/runtime/JSObjectInlines.h:199:86 (jsc+0x1db20a)
    #1 WTF::ASCIILiteral WTF::ASCIILiteral JSC::JSObject::putDirectInternal<(JSC::JSObject::PutMode)0>(JSC::VM&, JSC::PropertyName, JSC::JSValue, unsigned int, JSC::PutPropertySlot&)::'lambda'<bool $N>()::operator()<true>() const /root/WebKit/Source/JavaScriptCore/runtime/JSObjectInlines.h:1093:29 (jsc+0x8421dd)
    #2 WTF::ASCIILiteral JSC::JSObject::putDirectInternal<(JSC::JSObject::PutMode)0>(JSC::VM&, JSC::PropertyName, JSC::JSValue, unsigned int, JSC::PutPropertySlot&)::'lambda'()::operator()() const /root/WebKit/Source/JavaScriptCore/runtime/JSObjectInlines.h:1419:34 (jsc+0x840702)
    #3 decltype(fp()) JSC::putDirectInternalConcurrentOutOfLine<WTF::ASCIILiteral JSC::JSObject::putDirectInternal<(JSC::JSObject::PutMode)0>(JSC::VM&, JSC::PropertyName, JSC::JSValue, unsigned int, JSC::PutPropertySlot&)::'lambda'()>(WTF::ASCIILiteral JSC::JSObject::putDirectInternal<(JSC::JSObject::PutMode)0>(JSC::VM&, JSC::PropertyName, JSC::JSValue, unsigned int, JSC::PutPropertySlot&)::'lambda'() const&) /root/WebKit/Source/JavaScriptCore/runtime/JSObjectInlines.h:983:12 (jsc+0x840702)
    #4 WTF::ASCIILiteral JSC::JSObject::putDirectInternal<(JSC::JSObject::PutMode)0>(JSC::VM&, JSC::PropertyName, JSC::JSValue, unsigned int, JSC::PutPropertySlot&) /root/WebKit/Source/JavaScriptCore/runtime/JSObjectInlines.h:1418:16 (jsc+0x8406d5)
    #5 JSC::JSObject::putInlineFast(JSC::JSGlobalObject*, JSC::PropertyName, JSC::JSValue, JSC::PutPropertySlot&) /root/WebKit/Source/JavaScriptCore/runtime/JSObjectInlines.h:795:18 (jsc+0x8406d5)
    #6 JSC::JSObject::putInlineForJSObject(JSC::JSCell*, JSC::JSGlobalObject*, JSC::PropertyName, JSC::JSValue, JSC::PutPropertySlot&) /root/WebKit/Source/JavaScriptCore/runtime/JSObjectInlines.h:787:24 (jsc+0x8406d5)
    #7 JSC::JSCell::putInline(JSC::JSGlobalObject*, JSC::PropertyName, JSC::JSValue, JSC::PutPropertySlot&) /root/WebKit/Source/JavaScriptCore/runtime/JSCellInlines.h:475:16 (jsc+0xfb2929)
    #8 JSC::JSValue::putInline(JSC::JSGlobalObject*, JSC::PropertyName, JSC::JSValue, JSC::PutPropertySlot&) /root/WebKit/Source/JavaScriptCore/runtime/JSObject.h:2303:22 (jsc+0xfb2929)
    #9 JSC::putByVal(JSC::JSGlobalObject*, JSC::JSValue, JSC::JSValue, JSC::JSValue, JSC::ArrayProfile*, JSC::ECMAMode) /root/WebKit/Source/JavaScriptCore/jit/JITOperations.cpp:1740:15 (jsc+0xfb2929)
    #10 JSC::putByValOptimize(JSC::JSGlobalObject*, JSC::CodeBlock*, JSC::JSValue, JSC::JSValue, JSC::JSValue, JSC::PropertyInlineCache*, JSC::ArrayProfile*, JSC::PutByKind) /root/WebKit/Source/JavaScriptCore/jit/JITOperations.cpp:1839:5 (jsc+0xfb12ea)
    #11 operationPutByValSloppyOptimize /root/WebKit/Source/JavaScriptCore/jit/JITOperations.cpp:1870:5 (jsc+0xfb1559)
    #12 <null> <null> (0x7ff09e405ec4)
    #13 JSC::Interpreter::executeCall(JSC::JSObject*, JSC::CallData const&, JSC::JSValue, JSC::JSCell*, JSC::ArgList const&) /root/WebKit/Source/JavaScriptCore/interpreter/Interpreter.cpp (jsc+0xe8bf6d)
    #14 JSC::call(JSC::JSGlobalObject*, JSC::JSValue, JSC::CallData const&, JSC::JSValue, JSC::ArgList const&) /root/WebKit/Source/JavaScriptCore/runtime/CallData.cpp:70:27 (jsc+0x1360e01)
    #15 JSC::call(JSC::JSGlobalObject*, JSC::JSValue, JSC::CallData const&, JSC::JSValue, JSC::ArgList const&, WTF::NakedPtr<JSC::Exception>&) /root/WebKit/Source/JavaScriptCore/runtime/CallData.cpp:77:22 (jsc+0x1360e01)
    #16 JSC::threadMain(JSC::VM&, WTF::Ref<JSC::ThreadState, WTF::RawPtrTraits<JSC::ThreadState>, WTF::DefaultRefDerefTraits<JSC::ThreadState>>) /root/WebKit/Source/JavaScriptCore/runtime/ThreadObject.cpp:241:30 (jsc+0x19a3a9c)
    #17 JSC::constructThread(JSC::JSGlobalObject*, JSC::CallFrame*)::$_0::operator()() /root/WebKit/Source/JavaScriptCore/runtime/ThreadObject.cpp:468:9 (jsc+0x19a3a9c)
    #18 WTF::Detail::CallableWrapper<JSC::constructThread(JSC::JSGlobalObject*, JSC::CallFrame*)::$_0, void>::call() /root/WebKit/WebKitBuild/TSan/WTF/Headers/wtf/Function.h:59:39 (jsc+0x19a3a9c)
    #19 WTF::Function<void ()>::operator()() const /root/WebKit/Source/WTF/wtf/Function.h:103:35 (jsc+0x25b4d05)
    #20 WTF::Thread::entryPoint(WTF::Thread::NewThreadContext*) /root/WebKit/Source/WTF/wtf/Threading.cpp:312:5 (jsc+0x25b4d05)
    #21 WTF::wtfThreadEntryPoint(void*) /root/WebKit/Source/WTF/wtf/posix/ThreadingPOSIX.cpp:264:5 (jsc+0x260ecb9)

  Previous write of size 8 at 0x72a0001b4170 by thread T3:
    #0 aligned_alloc /home/runner/work/llvm-project/llvm-project/compiler-rt/lib/tsan/rtl/tsan_interceptors_posix.cpp:885:3 (jsc+0x13f40e)
    #1 bmalloc::api::tryMemalign(unsigned long, unsigned long, bmalloc::CompactAllocationMode, bmalloc::HeapKind) /root/WebKit/WebKitBuild/TSan/bmalloc/Headers/bmalloc/bmalloc.h:158:12 (jsc+0x2598190)
    #2 WTF::tryFastCompactAlignedMalloc(unsigned long, unsigned long) /root/WebKit/Source/WTF/wtf/FastMalloc.cpp:553:20 (jsc+0x2598190)
    #3 JSC::FastMallocAlignedMemoryAllocator::tryAllocateAlignedMemory(unsigned long, unsigned long) /root/WebKit/Source/JavaScriptCore/heap/FastMallocAlignedMemoryAllocator.cpp:47:12 (jsc+0xdbdc20)
    #4 JSC::MarkedBlock::tryCreate(JSC::Heap&, JSC::AlignedMemoryAllocator*) /root/WebKit/Source/JavaScriptCore/heap/MarkedBlock.cpp:138:48 (jsc+0xe4a6e8)
    #5 JSC::BlockDirectory::tryAllocateBlock(WTF::AbstractLocker const&, JSC::Heap&) /root/WebKit/Source/JavaScriptCore/heap/BlockDirectory.cpp:158:35 (jsc+0xdb4e1d)
    #6 JSC::LocalAllocator::allocateSlowCase(JSC::Heap&, unsigned long, JSC::GCDeferralContext*, JSC::AllocationFailureMode) /root/WebKit/Source/JavaScriptCore/heap/LocalAllocator.cpp:221:47 (jsc+0xe454ae)
    #7 JSC::LocalAllocator::allocate(JSC::Heap&, unsigned long, JSC::GCDeferralContext*, JSC::AllocationFailureMode)::'lambda'()::operator()() const /root/WebKit/WebKitBuild/TSan/JavaScriptCore/PrivateHeaders/JavaScriptCore/LocalAllocatorInlines.h:53:43 (jsc+0x1d137e)
    #8 JSC::HeapCell* JSC::FreeList::allocateWithCellSize<JSC::LocalAllocator::allocate(JSC::Heap&, unsigned long, JSC::GCDeferralContext*, JSC::AllocationFailureMode)::'lambda'()>(JSC::LocalAllocator::allocate(JSC::Heap&, unsigned long, JSC::GCDeferralContext*, JSC::AllocationFailureMode)::'lambda'() const&, unsigned long) /root/WebKit/WebKitBuild/TSan/JavaScriptCore/PrivateHeaders/JavaScriptCore/FreeListInlines.h:46:16 (jsc+0x1d7d39)
    #9 JSC::LocalAllocator::allocate(JSC::Heap&, unsigned long, JSC::GCDeferralContext*, JSC::AllocationFailureMode) /root/WebKit/WebKitBuild/TSan/JavaScriptCore/PrivateHeaders/JavaScriptCore/LocalAllocatorInlines.h:50:23 (jsc+0x1d7d39)
    #10 JSC::Allocator::allocate(JSC::Heap&, unsigned long, JSC::GCDeferralContext*, JSC::AllocationFailureMode) const /root/WebKit/WebKitBuild/TSan/JavaScriptCore/PrivateHeaders/JavaScriptCore/AllocatorInlines.h:35:30 (jsc+0x1d7d39)
    #11 JSC::CompleteSubspace::allocateForClient(JSC::GCClient::Heap&, unsigned long, JSC::GCDeferralContext*, JSC::AllocationFailureMode) /root/WebKit/WebKitBuild/TSan/JavaScriptCore/PrivateHeaders/JavaScriptCore/CompleteSubspaceInlines.h:62:30 (jsc+0x1d7d39)
    #12 JSC::CompleteSubspace::allocate(JSC::VM&, unsigned long, JSC::GCDeferralContext*, JSC::AllocationFailureMode) /root/WebKit/WebKitBuild/TSan/JavaScriptCore/PrivateHeaders/JavaScriptCore/CompleteSubspaceInlines.h:46:16 (jsc+0x1d7a70)
    #13 JSC::ensureSegmentedOutOfLineCapacity(JSC::VM&, JSC::JSObjectWithButterfly*, unsigned long) /root/WebKit/Source/JavaScriptCore/runtime/ConcurrentButterfly.cpp:1990:75 (jsc+0x13e8e1f)
    #14 JSC::JSObject::performConcurrentLockedAddSlowAction(JSC::VM&, JSC::JSObject::ConcurrentLockedAddSlowAction) /root/WebKit/Source/JavaScriptCore/runtime/JSObjectInlines.h:261:9 (jsc+0x842fa0)
    #15 WTF::ASCIILiteral WTF::ASCIILiteral JSC::JSObject::putDirectInternal<(JSC::JSObject::PutMode)0>(JSC::VM&, JSC::PropertyName, JSC::JSValue, unsigned int, JSC::PutPropertySlot&)::'lambda'<bool $N>()::operator()<true>() const /root/WebKit/Source/JavaScriptCore/runtime/JSObjectInlines.h:1137:17 (jsc+0x842fa0)
    #16 WTF::ASCIILiteral JSC::JSObject::putDirectInternal<(JSC::JSObject::PutMode)0>(JSC::VM&, JSC::PropertyName, JSC::JSValue, unsigned int, JSC::PutPropertySlot&)::'lambda'()::operator()() const /root/WebKit/Source/JavaScriptCore/runtime/JSObjectInlines.h:1419:34 (jsc+0x840702)
    #17 decltype(fp()) JSC::putDirectInternalConcurrentOutOfLine<WTF::ASCIILiteral JSC::JSObject::putDirectInternal<(JSC::JSObject::PutMode)0>(JSC::VM&, JSC::PropertyName, JSC::JSValue, unsigned int, JSC::PutPropertySlot&)::'lambda'()>(WTF::ASCIILiteral JSC::JSObject::putDirectInternal<(JSC::JSObject::PutMode)0>(JSC::VM&, JSC::PropertyName, JSC::JSValue, unsigned int, JSC::PutPropertySlot&)::'lambda'() const&) /root/WebKit/Source/JavaScriptCore/runtime/JSObjectInlines.h:983:12 (jsc+0x840702)
    #18 WTF::ASCIILiteral JSC::JSObject::putDirectInternal<(JSC::JSObject::PutMode)0>(JSC::VM&, JSC::PropertyName, JSC::JSValue, unsigned int, JSC::PutPropertySlot&) /root/WebKit/Source/JavaScriptCore/runtime/JSObjectInlines.h:1418:16 (jsc+0x8406d5)
    #19 JSC::JSObject::putInlineFast(JSC::JSGlobalObject*, JSC::PropertyName, JSC::JSValue, JSC::PutPropertySlot&) /root/WebKit/Source/JavaScriptCore/runtime/JSObjectInlines.h:795:18 (jsc+0x8406d5)
    #20 JSC::JSObject::putInlineForJSObject(JSC::JSCell*, JSC::JSGlobalObject*, JSC::PropertyName, JSC::JSValue, JSC::PutPropertySlot&) /root/WebKit/Source/JavaScriptCore/runtime/JSObjectInlines.h:787:24 (jsc+0x8406d5)
    #21 JSC::JSCell::putInline(JSC::JSGlobalObject*, JSC::PropertyName, JSC::JSValue, JSC::PutPropertySlot&) /root/WebKit/Source/JavaScriptCore/runtime/JSCellInlines.h:475:16 (jsc+0xfb2929)
    #22 JSC::JSValue::putInline(JSC::JSGlobalObject*, JSC::PropertyName, JSC::JSValue, JSC::PutPropertySlot&) /root/WebKit/Source/JavaScriptCore/runtime/JSObject.h:2303:22 (jsc+0xfb2929)
    #23 JSC::putByVal(JSC::JSGlobalObject*, JSC::JSValue, JSC::JSValue, JSC::JSValue, JSC::ArrayProfile*, JSC::ECMAMode) /root/WebKit/Source/JavaScriptCore/jit/JITOperations.cpp:1740:15 (jsc+0xfb2929)
    #24 JSC::putByValOptimize(JSC::JSGlobalObject*, JSC::CodeBlock*, JSC::JSValue, JSC::JSValue, JSC::JSValue, JSC::PropertyInlineCache*, JSC::ArrayProfile*, JSC::PutByKind) /root/WebKit/Source/JavaScriptCore/jit/JITOperations.cpp:1839:5 (jsc+0xfb12ea)
    #25 operationPutByValSloppyOptimize /root/WebKit/Source/JavaScriptCore/jit/JITOperations.cpp:1870:5 (jsc+0xfb1559)
    #26 <null> <null> (0x7ff09e405ec4)
    #27 JSC::Interpreter::executeCall(JSC::JSObject*, JSC::CallData const&, JSC::JSValue, JSC::JSCell*, JSC::ArgList const&) /root/WebKit/Source/JavaScriptCore/interpreter/Interpreter.cpp (jsc+0xe8bf6d)
    #28 JSC::call(JSC::JSGlobalObject*, JSC::JSValue, JSC::CallData const&, JSC::JSValue, JSC::ArgList const&) /root/WebKit/Source/JavaScriptCore/runtime/CallData.cpp:70:27 (jsc+0x1360e01)
    #29 JSC::call(JSC::JSGlobalObject*, JSC::JSValue, JSC::CallData const&, JSC::JSValue, JSC::ArgList const&, WTF::NakedPtr<JSC::Exception>&) /root/WebKit/Source/JavaScriptCore/runtime/CallData.cpp:77:22 (jsc+0x1360e01)
    #30 JSC::threadMain(JSC::VM&, WTF::Ref<JSC::ThreadState, WTF::RawPtrTraits<JSC::ThreadState>, WTF::DefaultRefDerefTraits<JSC::ThreadState>>) /root/WebKit/Source/JavaScriptCore/runtime/ThreadObject.cpp:241:30 (jsc+0x19a3a9c)
    #31 JSC::constructThread(JSC::JSGlobalObject*, JSC::CallFrame*)::$_0::operator()() /root/WebKit/Source/JavaScriptCore/runtime/ThreadObject.cpp:468:9 (jsc+0x19a3a9c)
    #32 WTF::Detail::CallableWrapper<JSC::constructThread(JSC::JSGlobalObject*, JSC::CallFrame*)::$_0, void>::call() /root/WebKit/WebKitBuild/TSan/WTF/Headers/wtf/Function.h:59:39 (jsc+0x19a3a9c)
    #33 WTF::Function<void ()>::operator()() const /root/WebKit/Source/WTF/wtf/Function.h:103:35 (jsc+0x25b4d05)
    #34 WTF::Thread::entryPoint(WTF::Thread::NewThreadContext*) /root/WebKit/Source/WTF/wtf/Threading.cpp:312:5 (jsc+0x25b4d05)
    #35 WTF::wtfThreadEntryPoint(void*) /root/WebKit/Source/WTF/wtf/posix/ThreadingPOSIX.cpp:264:5 (jsc+0x260ecb9)

  Location is heap block of size 16384 at 0x72a0001b4000 allocated by thread T3:
    #0 aligned_alloc /home/runner/work/llvm-project/llvm-project/compiler-rt/lib/tsan/rtl/tsan_interceptors_posix.cpp:885:3 (jsc+0x13f40e)
    #1 bmalloc::api::tryMemalign(unsigned long, unsigned long, bmalloc::CompactAllocationMode, bmalloc::HeapKind) /root/WebKit/WebKitBuild/TSan/bmalloc/Headers/bmalloc/bmalloc.h:158:12 (jsc+0x2598190)
    #2 WTF::tryFastCompactAlignedMalloc(unsigned long, unsigned long) /root/WebKit/Source/WTF/wtf/FastMalloc.cpp:553:20 (jsc+0x2598190)
    #3 JSC::FastMallocAlignedMemoryAllocator::tryAllocateAlignedMemory(unsigned long, unsigned long) /root/WebKit/Source/JavaScriptCore/heap/FastMallocAlignedMemoryAllocator.cpp:47:12 (jsc+0xdbdc20)
    #4 JSC::MarkedBlock::tryCreate(JSC::Heap&, JSC::AlignedMemoryAllocator*) /root/WebKit/Source/JavaScriptCore/heap/MarkedBlock.cpp:138:48 (jsc+0xe4a6e8)
    #5 JSC::BlockDirectory::tryAllocateBlock(WTF::AbstractLocker const&, JSC::Heap&) /root/WebKit/Source/JavaScriptCore/heap/BlockDirectory.cpp:158:35 (jsc+0xdb4e1d)
    #6 JSC::LocalAllocator::allocateSlowCase(JSC::Heap&, unsigned long, JSC::GCDeferralContext*, JSC::AllocationFailureMode) /root/WebKit/Source/JavaScriptCore/heap/LocalAllocator.cpp:221:47 (jsc+0xe454ae)
    #7 JSC::LocalAllocator::allocate(JSC::Heap&, unsigned long, JSC::GCDeferralContext*, JSC::AllocationFailureMode)::'lambda'()::operator()() const /root/WebKit/WebKitBuild/TSan/JavaScriptCore/PrivateHeaders/JavaScriptCore/LocalAllocatorInlines.h:53:43 (jsc+0x1d137e)
    #8 JSC::HeapCell* JSC::FreeList::allocateWithCellSize<JSC::LocalAllocator::allocate(JSC::Heap&, unsigned long, JSC::GCDeferralContext*, JSC::AllocationFailureMode)::'lambda'()>(JSC::LocalAllocator::allocate(JSC::Heap&, unsigned long, JSC::GCDeferralContext*, JSC::AllocationFailureMode)::'lambda'() const&, unsigned long) /root/WebKit/WebKitBuild/TSan/JavaScriptCore/PrivateHeaders/JavaScriptCore/FreeListInlines.h:46:16 (jsc+0x1d7d39)
    #9 JSC::LocalAllocator::allocate(JSC::Heap&, unsigned long, JSC::GCDeferralContext*, JSC::AllocationFailureMode) /root/WebKit/WebKitBuild/TSan/JavaScriptCore/PrivateHeaders/JavaScriptCore/LocalAllocatorInlines.h:50:23 (jsc+0x1d7d39)
    #10 JSC::Allocator::allocate(JSC::Heap&, unsigned long, JSC::GCDeferralContext*, JSC::AllocationFailureMode) const /root/WebKit/WebKitBuild/TSan/JavaScriptCore/PrivateHeaders/JavaScriptCore/AllocatorInlines.h:35:30 (jsc+0x1d7d39)
    #11 JSC::CompleteSubspace::allocateForClient(JSC::GCClient::Heap&, unsigned long, JSC::GCDeferralContext*, JSC::AllocationFailureMode) /root/WebKit/WebKitBuild/TSan/JavaScriptCore/PrivateHeaders/JavaScriptCore/CompleteSubspaceInlines.h:62:30 (jsc+0x1d7d39)
    #12 JSC::CompleteSubspace::allocate(JSC::VM&, unsigned long, JSC::GCDeferralContext*, JSC::AllocationFailureMode) /root/WebKit/WebKitBuild/TSan/JavaScriptCore/PrivateHeaders/JavaScriptCore/CompleteSubspaceInlines.h:46:16 (jsc+0x1d7a70)
    #13 JSC::ensureSegmentedOutOfLineCapacity(JSC::VM&, JSC::JSObjectWithButterfly*, unsigned long) /root/WebKit/Source/JavaScriptCore/runtime/ConcurrentButterfly.cpp:1990:75 (jsc+0x13e8e1f)
    #14 JSC::JSObject::performConcurrentLockedAddSlowAction(JSC::VM&, JSC::JSObject::ConcurrentLockedAddSlowAction) /root/WebKit/Source/JavaScriptCore/runtime/JSObjectInlines.h:261:9 (jsc+0x842fa0)
    #15 WTF::ASCIILiteral WTF::ASCIILiteral JSC::JSObject::putDirectInternal<(JSC::JSObject::PutMode)0>(JSC::VM&, JSC::PropertyName, JSC::JSValue, unsigned int, JSC::PutPropertySlot&)::'lambda'<bool $N>()::operator()<true>() const /root/WebKit/Source/JavaScriptCore/runtime/JSObjectInlines.h:1137:17 (jsc+0x842fa0)
    #16 WTF::ASCIILiteral JSC::JSObject::putDirectInternal<(JSC::JSObject::PutMode)0>(JSC::VM&, JSC::PropertyName, JSC::JSValue, unsigned int, JSC::PutPropertySlot&)::'lambda'()::operator()() const /root/WebKit/Source/JavaScriptCore/runtime/JSObjectInlines.h:1419:34 (jsc+0x840702)
    #17 decltype(fp()) JSC::putDirectInternalConcurrentOutOfLine<WTF::ASCIILiteral JSC::JSObject::putDirectInternal<(JSC::JSObject::PutMode)0>(JSC::VM&, JSC::PropertyName, JSC::JSValue, unsigned int, JSC::PutPropertySlot&)::'lambda'()>(WTF::ASCIILiteral JSC::JSObject::putDirectInternal<(JSC::JSObject::PutMode)0>(JSC::VM&, JSC::PropertyName, JSC::JSValue, unsigned int, JSC::PutPropertySlot&)::'lambda'() const&) /root/WebKit/Source/JavaScriptCore/runtime/JSObjectInlines.h:983:12 (jsc+0x840702)
    #18 WTF::ASCIILiteral JSC::JSObject::putDirectInternal<(JSC::JSObject::PutMode)0>(JSC::VM&, JSC::PropertyName, JSC::JSValue, unsigned int, JSC::PutPropertySlot&) /root/WebKit/Source/JavaScriptCore/runtime/JSObjectInlines.h:1418:16 (jsc+0x8406d5)
    #19 JSC::JSObject::putInlineFast(JSC::JSGlobalObject*, JSC::PropertyName, JSC::JSValue, JSC::PutPropertySlot&) /root/WebKit/Source/JavaScriptCore/runtime/JSObjectInlines.h:795:18 (jsc+0x8406d5)
    #20 JSC::JSObject::putInlineForJSObject(JSC::JSCell*, JSC::JSGlobalObject*, JSC::PropertyName, JSC::JSValue, JSC::PutPropertySlot&) /root/WebKit/Source/JavaScriptCore/runtime/JSObjectInlines.h:787:24 (jsc+0x8406d5)
    #21 JSC::JSCell::putInline(JSC::JSGlobalObject*, JSC::PropertyName, JSC::JSValue, JSC::PutPropertySlot&) /root/WebKit/Source/JavaScriptCore/runtime/JSCellInlines.h:475:16 (jsc+0xfb2929)
    #22 JSC::JSValue::putInline(JSC::JSGlobalObject*, JSC::PropertyName, JSC::JSValue, JSC::PutPropertySlot&) /root/WebKit/Source/JavaScriptCore/runtime/JSObject.h:2303:22 (jsc+0xfb2929)
    #23 JSC::putByVal(JSC::JSGlobalObject*, JSC::JSValue, JSC::JSValue, JSC::JSValue, JSC::ArrayProfile*, JSC::ECMAMode) /root/WebKit/Source/JavaScriptCore/jit/JITOperations.cpp:1740:15 (jsc+0xfb2929)
    #24 JSC::putByValOptimize(JSC::JSGlobalObject*, JSC::CodeBlock*, JSC::JSValue, JSC::JSValue, JSC::JSValue, JSC::PropertyInlineCache*, JSC::ArrayProfile*, JSC::PutByKind) /root/WebKit/Source/JavaScriptCore/jit/JITOperations.cpp:1839:5 (jsc+0xfb12ea)
    #25 operationPutByValSloppyOptimize /root/WebKit/Source/JavaScriptCore/jit/JITOperations.cpp:1870:5 (jsc+0xfb1559)
    #26 <null> <null> (0x7ff09e405ec4)
    #27 JSC::Interpreter::executeCall(JSC::JSObject*, JSC::CallData const&, JSC::JSValue, JSC::JSCell*, JSC::ArgList const&) /root/WebKit/Source/JavaScriptCore/interpreter/Interpreter.cpp (jsc+0xe8bf6d)
    #28 JSC::call(JSC::JSGlobalObject*, JSC::JSValue, JSC::CallData const&, JSC::JSValue, JSC::ArgList const&) /root/WebKit/Source/JavaScriptCore/runtime/CallData.cpp:70:27 (jsc+0x1360e01)
    #29 JSC::call(JSC::JSGlobalObject*, JSC::JSValue, JSC::CallData const&, JSC::JSValue, JSC::ArgList const&, WTF::NakedPtr<JSC::Exception>&) /root/WebKit/Source/JavaScriptCore/runtime/CallData.cpp:77:22 (jsc+0x1360e01)
    #30 JSC::threadMain(JSC::VM&, WTF::Ref<JSC::ThreadState, WTF::RawPtrTraits<JSC::ThreadState>, WTF::DefaultRefDerefTraits<JSC::ThreadState>>) /root/WebKit/Source/JavaScriptCore/runtime/ThreadObject.cpp:241:30 (jsc+0x19a3a9c)
    #31 JSC::constructThread(JSC::JSGlobalObject*, JSC::CallFrame*)::$_0::operator()() /root/WebKit/Source/JavaScriptCore/runtime/ThreadObject.cpp:468:9 (jsc+0x19a3a9c)
    #32 WTF::Detail::CallableWrapper<JSC::constructThread(JSC::JSGlobalObject*, JSC::CallFrame*)::$_0, void>::call() /root/WebKit/WebKitBuild/TSan/WTF/Headers/wtf/Function.h:59:39 (jsc+0x19a3a9c)
    #33 WTF::Function<void ()>::operator()() const /root/WebKit/Source/WTF/wtf/Function.h:103:35 (jsc+0x25b4d05)
    #34 WTF::Thread::entryPoint(WTF::Thread::NewThreadContext*) /root/WebKit/Source/WTF/wtf/Threading.cpp:312:5 (jsc+0x25b4d05)
    #35 WTF::wtfThreadEntryPoint(void*) /root/WebKit/Source/WTF/wtf/posix/ThreadingPOSIX.cpp:264:5 (jsc+0x260ecb9)

  Thread T5 'JS Thread' (tid=3434441, running) created by main thread at:
    #0 pthread_create /home/runner/work/llvm-project/llvm-project/compiler-rt/lib/tsan/rtl/tsan_interceptors_posix.cpp:1090:3 (jsc+0x13ff1a)
    #1 WTF::Thread::establishHandle(WTF::Thread::NewThreadContext&, WTF::StackAllocationSpecification, WTF::ThreadQOS, WTF::ThreadSchedulingPolicy) /root/WebKit/Source/WTF/wtf/posix/ThreadingPOSIX.cpp:354:17 (jsc+0x260eba5)
    #2 WTF::Thread::create(WTF::ASCIILiteral, WTF::Function<void ()>&&, WTF::ThreadType, WTF::ThreadQOS, WTF::ThreadSchedulingPolicy, WTF::StackAllocationSpecification) /root/WebKit/Source/WTF/wtf/Threading.cpp:330:32 (jsc+0x25b5065)
    #3 JSC::constructThread(JSC::JSGlobalObject*, JSC::CallFrame*) /root/WebKit/Source/JavaScriptCore/runtime/ThreadObject.cpp:467:5 (jsc+0x199c01f)
    #4 <null> <null> (0x7ff09e3ff217)
    #5 JSC::evaluate(JSC::JSGlobalObject*, JSC::SourceCode const&, JSC::JSValue, WTF::NakedPtr<JSC::Exception>&) /root/WebKit/Source/JavaScriptCore/runtime/Completion.cpp:145:37 (jsc+0x13c3bd3)
    #6 runWithOptions(GlobalObject*, CommandLine&, bool&) /root/WebKit/Source/JavaScriptCore/jsc.cpp:3957:35 (jsc+0x1cafc5)
    #7 jscmain(int, char**)::$_0::operator()(JSC::VM&, GlobalObject*, bool&) const /root/WebKit/Source/JavaScriptCore/jsc.cpp:4686:13 (jsc+0x1cafc5)
    #8 int runJSC<jscmain(int, char**)::$_0>(CommandLine const&, bool, jscmain(int, char**)::$_0 const&) /root/WebKit/Source/JavaScriptCore/jsc.cpp:4472:13 (jsc+0x1cafc5)
    #9 jscmain(int, char**) /root/WebKit/Source/JavaScriptCore/jsc.cpp:4679:18 (jsc+0x1cafc5)
    #10 main /root/WebKit/Source/JavaScriptCore/jsc.cpp:3715:15 (jsc+0x1c9803)

  Thread T3 'JS Thread' (tid=3434439, running) created by main thread at:
    #0 pthread_create /home/runner/work/llvm-project/llvm-project/compiler-rt/lib/tsan/rtl/tsan_interceptors_posix.cpp:1090:3 (jsc+0x13ff1a)
    #1 WTF::Thread::establishHandle(WTF::Thread::NewThreadContext&, WTF::StackAllocationSpecification, WTF::ThreadQOS, WTF::ThreadSchedulingPolicy) /root/WebKit/Source/WTF/wtf/posix/ThreadingPOSIX.cpp:354:17 (jsc+0x260eba5)
    #2 WTF::Thread::create(WTF::ASCIILiteral, WTF::Function<void ()>&&, WTF::ThreadType, WTF::ThreadQOS, WTF::ThreadSchedulingPolicy, WTF::StackAllocationSpecification) /root/WebKit/Source/WTF/wtf/Threading.cpp:330:32 (jsc+0x25b5065)
    #3 JSC::constructThread(JSC::JSGlobalObject*, JSC::CallFrame*) /root/WebKit/Source/JavaScriptCore/runtime/ThreadObject.cpp:467:5 (jsc+0x199c01f)
    #4 <null> <null> (0x7ff09e3ff217)
    #5 JSC::evaluate(JSC::JSGlobalObject*, JSC::SourceCode const&, JSC::JSValue, WTF::NakedPtr<JSC::Exception>&) /root/WebKit/Source/JavaScriptCore/runtime/Completion.cpp:145:37 (jsc+0x13c3bd3)
    #6 runWithOptions(GlobalObject*, CommandLine&, bool&) /root/WebKit/Source/JavaScriptCore/jsc.cpp:3957:35 (jsc+0x1cafc5)
    #7 jscmain(int, char**)::$_0::operator()(JSC::VM&, GlobalObject*, bool&) const /root/WebKit/Source/JavaScriptCore/jsc.cpp:4686:13 (jsc+0x1cafc5)
    #8 int runJSC<jscmain(int, char**)::$_0>(CommandLine const&, bool, jscmain(int, char**)::$_0 const&) /root/WebKit/Source/JavaScriptCore/jsc.cpp:4472:13 (jsc+0x1cafc5)
    #9 jscmain(int, char**) /root/WebKit/Source/JavaScriptCore/jsc.cpp:4679:18 (jsc+0x1cafc5)
    #10 main /root/WebKit/Source/JavaScriptCore/jsc.cpp:3715:15 (jsc+0x1c9803)

SUMMARY: ThreadSanitizer: data race /root/WebKit/Source/JavaScriptCore/runtime/JSObjectInlines.h:199:86 in JSC::JSObject::classifyConcurrentLockedAdd(JSC::Structure*, JSC::JSObject::ConcurrentLockedAddSlowAction&)
==================
ThreadSanitizer: reported 1 warnings
