JSC: disabling useWasm under GIL-off (wasm glue still reads the raw VM-block exception word; not yet audited for UNGIL §A.1.3 COMPILED-FOR-VM; see AB-17 status block in VMEntryScope.cpp).
==================
WARNING: ThreadSanitizer: data race (pid=2852859)
  Atomic read of size 1 at 0x72080001d584 by thread T1:
    #0 std::atomic<JSC::WatchpointState>::load(std::memory_order) const /usr/lib/gcc/x86_64-amazon-linux/14/../../../../include/c++/14/atomic:302:2 (jsc+0x38039a)
    #1 WTF::Atomic<JSC::WatchpointState>::load(std::memory_order) const /root/WebKit/WebKitBuild/TSan/WTF/Headers/wtf/Atomics.h:55:100 (jsc+0x38039a)
    #2 WTF::Atomic<JSC::WatchpointState>::loadRelaxed() const /root/WebKit/WebKitBuild/TSan/WTF/Headers/wtf/Atomics.h:57:50 (jsc+0x38039a)
    #3 JSC::WatchpointSet::state() const /root/WebKit/Source/JavaScriptCore/bytecode/Watchpoint.h:250:24 (jsc+0x38039a)
    #4 JSC::InlineWatchpointSet::state() const /root/WebKit/Source/JavaScriptCore/bytecode/Watchpoint.h:438:38 (jsc+0x38039a)
    #5 JSC::InlineWatchpointSet::hasBeenInvalidated() const /root/WebKit/Source/JavaScriptCore/bytecode/Watchpoint.h:447:16 (jsc+0x38039a)
    #6 decltype(this->unwrapDependent<>().hasBeenInvalidated()) JSC::Structure::TsanDeferredCtorMember<JSC::InlineWatchpointSet>::hasBeenInvalidated<>() const /root/WebKit/Source/JavaScriptCore/runtime/Structure.h:1550:9 (jsc+0x38039a)
    #7 JSC::Structure::transitionWatchpointSetHasBeenInvalidated() const /root/WebKit/Source/JavaScriptCore/runtime/Structure.h:854:42 (jsc+0x38039a)
    #8 JSC::PropertyCondition::isWatchableWhenValid(JSC::Structure*, JSC::PropertyCondition::WatchabilityEffort, JSC::Concurrency) const /root/WebKit/Source/JavaScriptCore/bytecode/PropertyCondition.cpp:394:20 (jsc+0x38039a)
    #9 JSC::PropertyCondition::isWatchable(JSC::Structure*, JSC::JSObject*, JSC::PropertyCondition::WatchabilityEffort, JSC::Concurrency) const /root/WebKit/Source/JavaScriptCore/bytecode/PropertyCondition.cpp:487:58 (jsc+0x3806b0)
    #10 JSC::PropertyCondition::isWatchable(JSC::Structure*, JSC::JSObject*, JSC::PropertyCondition::WatchabilityEffort) const /root/WebKit/Source/JavaScriptCore/bytecode/PropertyCondition.cpp:482:12 (jsc+0x3806b0)
    #11 JSC::ObjectPropertyCondition::isWatchable(JSC::Structure*, JSC::PropertyCondition::WatchabilityEffort) const /root/WebKit/Source/JavaScriptCore/bytecode/ObjectPropertyCondition.cpp:138:24 (jsc+0x36ffa7)
    #12 JSC::ObjectPropertyCondition::isWatchable(JSC::PropertyCondition::WatchabilityEffort) const /root/WebKit/Source/JavaScriptCore/bytecode/ObjectPropertyCondition.cpp:145:12 (jsc+0x36ffa7)
    #13 JSC::DFG::Graph::watchCondition(JSC::ObjectPropertyCondition const&) /root/WebKit/Source/JavaScriptCore/dfg/DFGGraph.cpp:1115:14 (jsc+0x659508)
    #14 JSC::DFG::ByteCodeParser::planLoad(JSC::ObjectPropertyCondition const&) /root/WebKit/Source/JavaScriptCore/dfg/DFGByteCodeParser.cpp:6298:17 (jsc+0x51ea07)
    #15 JSC::DFG::ByteCodeParser::planLoad(JSC::ObjectPropertyConditionSet const&) /root/WebKit/Source/JavaScriptCore/dfg/DFGByteCodeParser.cpp:6380:22 (jsc+0x51ef3c)
    #16 JSC::DFG::ByteCodeParser::load(unsigned long, JSC::ObjectPropertyConditionSet const&, JSC::DFG::NodeType) /root/WebKit/Source/JavaScriptCore/dfg/DFGByteCodeParser.cpp:6401:32 (jsc+0x522f7d)
    #17 JSC::DFG::Node* JSC::DFG::ByteCodeParser::load<JSC::GetByVariant>(unsigned long, JSC::DFG::Node*, JSC::DFG::Node*, unsigned int, JSC::GetByVariant const&) /root/WebKit/Source/JavaScriptCore/dfg/DFGByteCodeParser.cpp:6527:23 (jsc+0x522f7d)
    #18 JSC::DFG::ByteCodeParser::handleGetById(JSC::VirtualRegister, unsigned long, JSC::DFG::Node*, JSC::CacheableIdentifier, unsigned int, JSC::GetByStatus, JSC::AccessType, JSC::BytecodeIndex) /root/WebKit/Source/JavaScriptCore/dfg/DFGByteCodeParser.cpp:6722:25 (jsc+0x5206e8)
    #19 void JSC::DFG::ByteCodeParser::parseGetById<JSC::OpGetById>(JSC::BaseInstruction<JSC::JSOpcodeTraits> const*, unsigned int, JSC::CacheableIdentifier) /root/WebKit/Source/JavaScriptCore/dfg/DFGByteCodeParser.cpp:7471:5 (jsc+0x5546c1)
    #20 JSC::DFG::ByteCodeParser::parseBlock(unsigned int) /root/WebKit/Source/JavaScriptCore/dfg/DFGByteCodeParser.cpp:8892:13 (jsc+0x530294)
    #21 JSC::DFG::ByteCodeParser::parseCodeBlock() /root/WebKit/Source/JavaScriptCore/dfg/DFGByteCodeParser.cpp:10992:13 (jsc+0x563af7)
    #22 JSC::DFG::ByteCodeParser::parse() /root/WebKit/Source/JavaScriptCore/dfg/DFGByteCodeParser.cpp:13043:5 (jsc+0x56da6e)
    #23 JSC::DFG::parse(JSC::DFG::Graph&) /root/WebKit/Source/JavaScriptCore/dfg/DFGByteCodeParser.cpp:13083:34 (jsc+0x56e0f5)
    #24 JSC::DFG::Plan::compileInThreadImpl() /root/WebKit/Source/JavaScriptCore/dfg/DFGPlan.cpp:255:14 (jsc+0x8b0c20)
    #25 JSC::JITPlan::compileInThread(JSC::JITWorklistThread*) /root/WebKit/Source/JavaScriptCore/jit/JITPlan.cpp:283:28 (jsc+0xfdf11d)
    #26 JSC::JITWorklistThread::work() /root/WebKit/Source/JavaScriptCore/jit/JITWorklistThread.cpp:145:13 (jsc+0x1049a9b)
    #27 WTF::AutomaticThread::start(WTF::AbstractLocker const&)::$_0::operator()() const /root/WebKit/Source/WTF/wtf/AutomaticThread.cpp:260:37 (jsc+0x2589eac)
    #28 WTF::Detail::CallableWrapper<WTF::AutomaticThread::start(WTF::AbstractLocker const&)::$_0, void>::call() /root/WebKit/Source/WTF/wtf/Function.h:59:39 (jsc+0x2589eac)
    #29 WTF::Function<void ()>::operator()() const /root/WebKit/Source/WTF/wtf/Function.h:103:35 (jsc+0x25b4dc5)
    #30 WTF::Thread::entryPoint(WTF::Thread::NewThreadContext*) /root/WebKit/Source/WTF/wtf/Threading.cpp:312:5 (jsc+0x25b4dc5)
    #31 WTF::wtfThreadEntryPoint(void*) /root/WebKit/Source/WTF/wtf/posix/ThreadingPOSIX.cpp:264:5 (jsc+0x260ed49)

  Previous write of size 8 at 0x72080001d580 by main thread:
    #0 malloc /home/runner/work/llvm-project/llvm-project/compiler-rt/lib/tsan/rtl/tsan_interceptors_posix.cpp:682:5 (jsc+0x13dc20)
    #1 bmalloc::api::malloc(unsigned long, bmalloc::CompactAllocationMode, bmalloc::HeapKind) /root/WebKit/WebKitBuild/TSan/bmalloc/Headers/bmalloc/bmalloc.h:96:20 (jsc+0x2598009)
    #2 WTF::fastMalloc(unsigned long) /root/WebKit/Source/WTF/wtf/FastMalloc.cpp:337:20 (jsc+0x2598009)
    #3 JSC::WatchpointSet::operator new(unsigned long) /root/WebKit/Source/JavaScriptCore/bytecode/Watchpoint.h:223:5 (jsc+0x3ca5c5)
    #4 JSC::WatchpointSet::create(JSC::WatchpointState, JSC::WatchpointSetClassification) /root/WebKit/Source/JavaScriptCore/bytecode/Watchpoint.h:233:26 (jsc+0x3ca5c5)
    #5 JSC::InlineWatchpointSet::inflateSlow() /root/WebKit/Source/JavaScriptCore/bytecode/Watchpoint.cpp:476:27 (jsc+0x3ca5c5)
    #6 JSC::InlineWatchpointSet::inflate() /root/WebKit/Source/JavaScriptCore/bytecode/Watchpoint.h:580:16 (jsc+0x3ca2eb)
    #7 JSC::InlineWatchpointSet::add(JSC::Watchpoint*) /root/WebKit/Source/JavaScriptCore/bytecode/Watchpoint.cpp:451:5 (jsc+0x3ca2eb)
    #8 decltype(this->unwrapDependent<JSC::Watchpoint*&>().add(std::forward<JSC::Watchpoint*&>(fp))) JSC::Structure::TsanDeferredCtorMember<JSC::InlineWatchpointSet>::add<JSC::Watchpoint*&>(JSC::Watchpoint*&) const /root/WebKit/Source/JavaScriptCore/runtime/Structure.h:1548:9 (jsc+0x387032)
    #9 JSC::Structure::addTransitionWatchpoint(JSC::Watchpoint*) const /root/WebKit/Source/JavaScriptCore/runtime/Structure.h:896:35 (jsc+0x387032)
    #10 JSC::StructureTransitionPropertyInlineCacheClearingWatchpoint::fireInternal(JSC::VM&, JSC::FireDetail const&) /root/WebKit/Source/JavaScriptCore/bytecode/PropertyInlineCacheClearingWatchpoint.cpp:79:34 (jsc+0x387032)
    #11 _ZZN3JSC10Watchpoint4fireERNS_2VMERKNS_10FireDetailEENK3$_0clINS_56StructureTransitionPropertyInlineCacheClearingWatchpointEEEDaPT_ /root/WebKit/Source/JavaScriptCore/bytecode/Watchpoint.cpp:134:18 (jsc+0x3c9341)
    #12 void JSC::Watchpoint::runWithDowncast<JSC::Watchpoint::fire(JSC::VM&, JSC::FireDetail const&)::$_0>(JSC::Watchpoint::fire(JSC::VM&, JSC::FireDetail const&)::$_0 const&) /root/WebKit/Source/JavaScriptCore/bytecode/Watchpoint.cpp:97:5 (jsc+0x3c9341)
    #13 JSC::Watchpoint::fire(JSC::VM&, JSC::FireDetail const&) /root/WebKit/Source/JavaScriptCore/bytecode/Watchpoint.cpp:133:5 (jsc+0x3c9de1)
    #14 JSC::WatchpointSet::fireAllWatchpoints(JSC::VM&, JSC::FireDetail const&) /root/WebKit/Source/JavaScriptCore/bytecode/Watchpoint.cpp:429:21 (jsc+0x3c9de1)
    #15 JSC::WatchpointSet::fireAllNow(JSC::VM&, JSC::FireDetail const&) /root/WebKit/Source/JavaScriptCore/bytecode/Watchpoint.cpp:325:5 (jsc+0x3c9a2d)
    #16 JSC::WatchpointSet::drainClassAFireQueue() /root/WebKit/Source/JavaScriptCore/bytecode/Watchpoint.cpp:257:25 (jsc+0x3c9a2d)
    #17 JSC::WatchpointSet::fireAllUnderClassAStop(JSC::VM&, JSC::FireDetail const&)::$_0::operator()() const /root/WebKit/Source/JavaScriptCore/bytecode/Watchpoint.cpp:308:13 (jsc+0x3cac21)
    #18 WTF::ScopedLambdaFunctor<void (), JSC::WatchpointSet::fireAllUnderClassAStop(JSC::VM&, JSC::FireDetail const&)::$_0>::implFunction(void*) /root/WebKit/WebKitBuild/TSan/WTF/Headers/wtf/ScopedLambda.h:106:16 (jsc+0x3cac21)
    #19 void WTF::ScopedLambda<void ()>::operator()<>() const /root/WebKit/WebKitBuild/TSan/WTF/Headers/wtf/ScopedLambda.h:58:16 (jsc+0x19d6ede)
    #20 JSC::jsThreadsThreadGranularStopTheWorldAndRun(JSC::VM&, WTF::ScopedLambda<void ()> const&) /root/WebKit/Source/JavaScriptCore/runtime/VMManager.cpp:646:9 (jsc+0x19d6ede)
    #21 JSC::JSThreadsSafepoint::stopTheWorldAndRun(JSC::VM&, WTF::ScopedLambda<void ()> const&) /root/WebKit/Source/JavaScriptCore/bytecode/JSThreadsSafepoint.cpp:278:16 (jsc+0x36c1d9)
    #22 JSC::WatchpointSet::fireAllUnderClassAStop(JSC::VM&, JSC::FireDetail const&) /root/WebKit/Source/JavaScriptCore/bytecode/Watchpoint.cpp:307:9 (jsc+0x3c9c17)
    #23 JSC::WatchpointSet::fireAllSlow(JSC::VM&, JSC::FireDetail const&) /root/WebKit/Source/JavaScriptCore/bytecode/Watchpoint.cpp:338:9 (jsc+0x3c9f8d)
    #24 void JSC::WatchpointSet::fireAll<JSC::StructureFireDetail>(JSC::VM&, JSC::StructureFireDetail&) /root/WebKit/Source/JavaScriptCore/bytecode/Watchpoint.h:291:9 (jsc+0x1914d34)
    #25 JSC::DeferredStructureTransitionWatchpointFire::fireAllSlow() /root/WebKit/Source/JavaScriptCore/runtime/Structure.cpp:2793:25 (jsc+0x1914d34)
    #26 JSC::DeferredStructureTransitionWatchpointFire::~DeferredStructureTransitionWatchpointFire() /root/WebKit/Source/JavaScriptCore/runtime/Structure.h:89:13 (jsc+0x842351)
    #27 WTF::ASCIILiteral WTF::ASCIILiteral JSC::JSObject::putDirectInternal<(JSC::JSObject::PutMode)0>(JSC::VM&, JSC::PropertyName, JSC::JSValue, unsigned int, JSC::PutPropertySlot&)::'lambda'<bool $N>()::operator()<true>() const /root/WebKit/Source/JavaScriptCore/runtime/JSObjectInlines.h:1407:5 (jsc+0x842351)
    #28 WTF::ASCIILiteral JSC::JSObject::putDirectInternal<(JSC::JSObject::PutMode)0>(JSC::VM&, JSC::PropertyName, JSC::JSValue, unsigned int, JSC::PutPropertySlot&)::'lambda'()::operator()() const /root/WebKit/Source/JavaScriptCore/runtime/JSObjectInlines.h:1419:34 (jsc+0x840402)
    #29 decltype(fp()) JSC::putDirectInternalConcurrentOutOfLine<WTF::ASCIILiteral JSC::JSObject::putDirectInternal<(JSC::JSObject::PutMode)0>(JSC::VM&, JSC::PropertyName, JSC::JSValue, unsigned int, JSC::PutPropertySlot&)::'lambda'()>(WTF::ASCIILiteral JSC::JSObject::putDirectInternal<(JSC::JSObject::PutMode)0>(JSC::VM&, JSC::PropertyName, JSC::JSValue, unsigned int, JSC::PutPropertySlot&)::'lambda'() const&) /root/WebKit/Source/JavaScriptCore/runtime/JSObjectInlines.h:983:12 (jsc+0x840402)
    #30 WTF::ASCIILiteral JSC::JSObject::putDirectInternal<(JSC::JSObject::PutMode)0>(JSC::VM&, JSC::PropertyName, JSC::JSValue, unsigned int, JSC::PutPropertySlot&) /root/WebKit/Source/JavaScriptCore/runtime/JSObjectInlines.h:1418:16 (jsc+0x8403d5)
    #31 JSC::JSObject::putInlineFast(JSC::JSGlobalObject*, JSC::PropertyName, JSC::JSValue, JSC::PutPropertySlot&) /root/WebKit/Source/JavaScriptCore/runtime/JSObjectInlines.h:795:18 (jsc+0x8403d5)
    #32 JSC::JSObject::putInlineForJSObject(JSC::JSCell*, JSC::JSGlobalObject*, JSC::PropertyName, JSC::JSValue, JSC::PutPropertySlot&) /root/WebKit/Source/JavaScriptCore/runtime/JSObjectInlines.h:787:24 (jsc+0x8403d5)
    #33 JSC::JSCell::putInline(JSC::JSGlobalObject*, JSC::PropertyName, JSC::JSValue, JSC::PutPropertySlot&) /root/WebKit/Source/JavaScriptCore/runtime/JSCellInlines.h:475:16 (jsc+0xfb23d9)
    #34 JSC::JSValue::putInline(JSC::JSGlobalObject*, JSC::PropertyName, JSC::JSValue, JSC::PutPropertySlot&) /root/WebKit/Source/JavaScriptCore/runtime/JSObject.h:2303:22 (jsc+0xfb23d9)
    #35 JSC::putByVal(JSC::JSGlobalObject*, JSC::JSValue, JSC::JSValue, JSC::JSValue, JSC::ArrayProfile*, JSC::ECMAMode) /root/WebKit/Source/JavaScriptCore/jit/JITOperations.cpp:1724:15 (jsc+0xfb23d9)
    #36 JSC::putByValOptimize(JSC::JSGlobalObject*, JSC::CodeBlock*, JSC::JSValue, JSC::JSValue, JSC::JSValue, JSC::PropertyInlineCache*, JSC::ArrayProfile*, JSC::PutByKind) /root/WebKit/Source/JavaScriptCore/jit/JITOperations.cpp:1823:5 (jsc+0xfb0dda)
    #37 operationPutByValSloppyOptimize /root/WebKit/Source/JavaScriptCore/jit/JITOperations.cpp:1854:5 (jsc+0xfb1035)
    #38 <null> <null> (0x7f84054030e4)
    #39 JSC::evaluate(JSC::JSGlobalObject*, JSC::SourceCode const&, JSC::JSValue, WTF::NakedPtr<JSC::Exception>&) /root/WebKit/Source/JavaScriptCore/runtime/Completion.cpp:145:37 (jsc+0x13c3783)
    #40 runWithOptions(GlobalObject*, CommandLine&, bool&) /root/WebKit/Source/JavaScriptCore/jsc.cpp:3957:35 (jsc+0x1cafc5)
    #41 jscmain(int, char**)::$_0::operator()(JSC::VM&, GlobalObject*, bool&) const /root/WebKit/Source/JavaScriptCore/jsc.cpp:4686:13 (jsc+0x1cafc5)
    #42 int runJSC<jscmain(int, char**)::$_0>(CommandLine const&, bool, jscmain(int, char**)::$_0 const&) /root/WebKit/Source/JavaScriptCore/jsc.cpp:4472:13 (jsc+0x1cafc5)
    #43 jscmain(int, char**) /root/WebKit/Source/JavaScriptCore/jsc.cpp:4679:18 (jsc+0x1cafc5)
    #44 main /root/WebKit/Source/JavaScriptCore/jsc.cpp:3715:15 (jsc+0x1c9803)

  Location is heap block of size 24 at 0x72080001d580 allocated by main thread:
    #0 malloc /home/runner/work/llvm-project/llvm-project/compiler-rt/lib/tsan/rtl/tsan_interceptors_posix.cpp:682:5 (jsc+0x13dc20)
    #1 bmalloc::api::malloc(unsigned long, bmalloc::CompactAllocationMode, bmalloc::HeapKind) /root/WebKit/WebKitBuild/TSan/bmalloc/Headers/bmalloc/bmalloc.h:96:20 (jsc+0x2598009)
    #2 WTF::fastMalloc(unsigned long) /root/WebKit/Source/WTF/wtf/FastMalloc.cpp:337:20 (jsc+0x2598009)
    #3 JSC::WatchpointSet::operator new(unsigned long) /root/WebKit/Source/JavaScriptCore/bytecode/Watchpoint.h:223:5 (jsc+0x3ca5c5)
    #4 JSC::WatchpointSet::create(JSC::WatchpointState, JSC::WatchpointSetClassification) /root/WebKit/Source/JavaScriptCore/bytecode/Watchpoint.h:233:26 (jsc+0x3ca5c5)
    #5 JSC::InlineWatchpointSet::inflateSlow() /root/WebKit/Source/JavaScriptCore/bytecode/Watchpoint.cpp:476:27 (jsc+0x3ca5c5)
    #6 JSC::InlineWatchpointSet::inflate() /root/WebKit/Source/JavaScriptCore/bytecode/Watchpoint.h:580:16 (jsc+0x3ca2eb)
    #7 JSC::InlineWatchpointSet::add(JSC::Watchpoint*) /root/WebKit/Source/JavaScriptCore/bytecode/Watchpoint.cpp:451:5 (jsc+0x3ca2eb)
    #8 decltype(this->unwrapDependent<JSC::Watchpoint*&>().add(std::forward<JSC::Watchpoint*&>(fp))) JSC::Structure::TsanDeferredCtorMember<JSC::InlineWatchpointSet>::add<JSC::Watchpoint*&>(JSC::Watchpoint*&) const /root/WebKit/Source/JavaScriptCore/runtime/Structure.h:1548:9 (jsc+0x387032)
    #9 JSC::Structure::addTransitionWatchpoint(JSC::Watchpoint*) const /root/WebKit/Source/JavaScriptCore/runtime/Structure.h:896:35 (jsc+0x387032)
    #10 JSC::StructureTransitionPropertyInlineCacheClearingWatchpoint::fireInternal(JSC::VM&, JSC::FireDetail const&) /root/WebKit/Source/JavaScriptCore/bytecode/PropertyInlineCacheClearingWatchpoint.cpp:79:34 (jsc+0x387032)
    #11 _ZZN3JSC10Watchpoint4fireERNS_2VMERKNS_10FireDetailEENK3$_0clINS_56StructureTransitionPropertyInlineCacheClearingWatchpointEEEDaPT_ /root/WebKit/Source/JavaScriptCore/bytecode/Watchpoint.cpp:134:18 (jsc+0x3c9341)
    #12 void JSC::Watchpoint::runWithDowncast<JSC::Watchpoint::fire(JSC::VM&, JSC::FireDetail const&)::$_0>(JSC::Watchpoint::fire(JSC::VM&, JSC::FireDetail const&)::$_0 const&) /root/WebKit/Source/JavaScriptCore/bytecode/Watchpoint.cpp:97:5 (jsc+0x3c9341)
    #13 JSC::Watchpoint::fire(JSC::VM&, JSC::FireDetail const&) /root/WebKit/Source/JavaScriptCore/bytecode/Watchpoint.cpp:133:5 (jsc+0x3c9de1)
    #14 JSC::WatchpointSet::fireAllWatchpoints(JSC::VM&, JSC::FireDetail const&) /root/WebKit/Source/JavaScriptCore/bytecode/Watchpoint.cpp:429:21 (jsc+0x3c9de1)
    #15 JSC::WatchpointSet::fireAllNow(JSC::VM&, JSC::FireDetail const&) /root/WebKit/Source/JavaScriptCore/bytecode/Watchpoint.cpp:325:5 (jsc+0x3c9a2d)
    #16 JSC::WatchpointSet::drainClassAFireQueue() /root/WebKit/Source/JavaScriptCore/bytecode/Watchpoint.cpp:257:25 (jsc+0x3c9a2d)
    #17 JSC::WatchpointSet::fireAllUnderClassAStop(JSC::VM&, JSC::FireDetail const&)::$_0::operator()() const /root/WebKit/Source/JavaScriptCore/bytecode/Watchpoint.cpp:308:13 (jsc+0x3cac21)
    #18 WTF::ScopedLambdaFunctor<void (), JSC::WatchpointSet::fireAllUnderClassAStop(JSC::VM&, JSC::FireDetail const&)::$_0>::implFunction(void*) /root/WebKit/WebKitBuild/TSan/WTF/Headers/wtf/ScopedLambda.h:106:16 (jsc+0x3cac21)
    #19 void WTF::ScopedLambda<void ()>::operator()<>() const /root/WebKit/WebKitBuild/TSan/WTF/Headers/wtf/ScopedLambda.h:58:16 (jsc+0x19d6ede)
    #20 JSC::jsThreadsThreadGranularStopTheWorldAndRun(JSC::VM&, WTF::ScopedLambda<void ()> const&) /root/WebKit/Source/JavaScriptCore/runtime/VMManager.cpp:646:9 (jsc+0x19d6ede)
    #21 JSC::JSThreadsSafepoint::stopTheWorldAndRun(JSC::VM&, WTF::ScopedLambda<void ()> const&) /root/WebKit/Source/JavaScriptCore/bytecode/JSThreadsSafepoint.cpp:278:16 (jsc+0x36c1d9)
    #22 JSC::WatchpointSet::fireAllUnderClassAStop(JSC::VM&, JSC::FireDetail const&) /root/WebKit/Source/JavaScriptCore/bytecode/Watchpoint.cpp:307:9 (jsc+0x3c9c17)
    #23 JSC::WatchpointSet::fireAllSlow(JSC::VM&, JSC::FireDetail const&) /root/WebKit/Source/JavaScriptCore/bytecode/Watchpoint.cpp:338:9 (jsc+0x3c9f8d)
    #24 void JSC::WatchpointSet::fireAll<JSC::StructureFireDetail>(JSC::VM&, JSC::StructureFireDetail&) /root/WebKit/Source/JavaScriptCore/bytecode/Watchpoint.h:291:9 (jsc+0x1914d34)
    #25 JSC::DeferredStructureTransitionWatchpointFire::fireAllSlow() /root/WebKit/Source/JavaScriptCore/runtime/Structure.cpp:2793:25 (jsc+0x1914d34)
    #26 JSC::DeferredStructureTransitionWatchpointFire::~DeferredStructureTransitionWatchpointFire() /root/WebKit/Source/JavaScriptCore/runtime/Structure.h:89:13 (jsc+0x842351)
    #27 WTF::ASCIILiteral WTF::ASCIILiteral JSC::JSObject::putDirectInternal<(JSC::JSObject::PutMode)0>(JSC::VM&, JSC::PropertyName, JSC::JSValue, unsigned int, JSC::PutPropertySlot&)::'lambda'<bool $N>()::operator()<true>() const /root/WebKit/Source/JavaScriptCore/runtime/JSObjectInlines.h:1407:5 (jsc+0x842351)
    #28 WTF::ASCIILiteral JSC::JSObject::putDirectInternal<(JSC::JSObject::PutMode)0>(JSC::VM&, JSC::PropertyName, JSC::JSValue, unsigned int, JSC::PutPropertySlot&)::'lambda'()::operator()() const /root/WebKit/Source/JavaScriptCore/runtime/JSObjectInlines.h:1419:34 (jsc+0x840402)
    #29 decltype(fp()) JSC::putDirectInternalConcurrentOutOfLine<WTF::ASCIILiteral JSC::JSObject::putDirectInternal<(JSC::JSObject::PutMode)0>(JSC::VM&, JSC::PropertyName, JSC::JSValue, unsigned int, JSC::PutPropertySlot&)::'lambda'()>(WTF::ASCIILiteral JSC::JSObject::putDirectInternal<(JSC::JSObject::PutMode)0>(JSC::VM&, JSC::PropertyName, JSC::JSValue, unsigned int, JSC::PutPropertySlot&)::'lambda'() const&) /root/WebKit/Source/JavaScriptCore/runtime/JSObjectInlines.h:983:12 (jsc+0x840402)
    #30 WTF::ASCIILiteral JSC::JSObject::putDirectInternal<(JSC::JSObject::PutMode)0>(JSC::VM&, JSC::PropertyName, JSC::JSValue, unsigned int, JSC::PutPropertySlot&) /root/WebKit/Source/JavaScriptCore/runtime/JSObjectInlines.h:1418:16 (jsc+0x8403d5)
    #31 JSC::JSObject::putInlineFast(JSC::JSGlobalObject*, JSC::PropertyName, JSC::JSValue, JSC::PutPropertySlot&) /root/WebKit/Source/JavaScriptCore/runtime/JSObjectInlines.h:795:18 (jsc+0x8403d5)
    #32 JSC::JSObject::putInlineForJSObject(JSC::JSCell*, JSC::JSGlobalObject*, JSC::PropertyName, JSC::JSValue, JSC::PutPropertySlot&) /root/WebKit/Source/JavaScriptCore/runtime/JSObjectInlines.h:787:24 (jsc+0x8403d5)
    #33 JSC::JSCell::putInline(JSC::JSGlobalObject*, JSC::PropertyName, JSC::JSValue, JSC::PutPropertySlot&) /root/WebKit/Source/JavaScriptCore/runtime/JSCellInlines.h:475:16 (jsc+0xfb23d9)
    #34 JSC::JSValue::putInline(JSC::JSGlobalObject*, JSC::PropertyName, JSC::JSValue, JSC::PutPropertySlot&) /root/WebKit/Source/JavaScriptCore/runtime/JSObject.h:2303:22 (jsc+0xfb23d9)
    #35 JSC::putByVal(JSC::JSGlobalObject*, JSC::JSValue, JSC::JSValue, JSC::JSValue, JSC::ArrayProfile*, JSC::ECMAMode) /root/WebKit/Source/JavaScriptCore/jit/JITOperations.cpp:1724:15 (jsc+0xfb23d9)
    #36 JSC::putByValOptimize(JSC::JSGlobalObject*, JSC::CodeBlock*, JSC::JSValue, JSC::JSValue, JSC::JSValue, JSC::PropertyInlineCache*, JSC::ArrayProfile*, JSC::PutByKind) /root/WebKit/Source/JavaScriptCore/jit/JITOperations.cpp:1823:5 (jsc+0xfb0dda)
    #37 operationPutByValSloppyOptimize /root/WebKit/Source/JavaScriptCore/jit/JITOperations.cpp:1854:5 (jsc+0xfb1035)
    #38 <null> <null> (0x7f84054030e4)
    #39 JSC::evaluate(JSC::JSGlobalObject*, JSC::SourceCode const&, JSC::JSValue, WTF::NakedPtr<JSC::Exception>&) /root/WebKit/Source/JavaScriptCore/runtime/Completion.cpp:145:37 (jsc+0x13c3783)
    #40 runWithOptions(GlobalObject*, CommandLine&, bool&) /root/WebKit/Source/JavaScriptCore/jsc.cpp:3957:35 (jsc+0x1cafc5)
    #41 jscmain(int, char**)::$_0::operator()(JSC::VM&, GlobalObject*, bool&) const /root/WebKit/Source/JavaScriptCore/jsc.cpp:4686:13 (jsc+0x1cafc5)
    #42 int runJSC<jscmain(int, char**)::$_0>(CommandLine const&, bool, jscmain(int, char**)::$_0 const&) /root/WebKit/Source/JavaScriptCore/jsc.cpp:4472:13 (jsc+0x1cafc5)
    #43 jscmain(int, char**) /root/WebKit/Source/JavaScriptCore/jsc.cpp:4679:18 (jsc+0x1cafc5)
    #44 main /root/WebKit/Source/JavaScriptCore/jsc.cpp:3715:15 (jsc+0x1c9803)

  Thread T1 'JITWorker' (tid=2852946, running) created by main thread at:
    #0 pthread_create /home/runner/work/llvm-project/llvm-project/compiler-rt/lib/tsan/rtl/tsan_interceptors_posix.cpp:1090:3 (jsc+0x13ff1a)
    #1 WTF::Thread::establishHandle(WTF::Thread::NewThreadContext&, WTF::StackAllocationSpecification, WTF::ThreadQOS, WTF::ThreadSchedulingPolicy) /root/WebKit/Source/WTF/wtf/posix/ThreadingPOSIX.cpp:354:17 (jsc+0x260ec35)
    #2 WTF::Thread::create(WTF::ASCIILiteral, WTF::Function<void ()>&&, WTF::ThreadType, WTF::ThreadQOS, WTF::ThreadSchedulingPolicy, WTF::StackAllocationSpecification) /root/WebKit/Source/WTF/wtf/Threading.cpp:330:32 (jsc+0x25b5103)
    #3 WTF::AutomaticThread::start(WTF::AbstractLocker const&) /root/WebKit/Source/WTF/wtf/AutomaticThread.cpp:189:5 (jsc+0x2588929)
    #4 WTF::AutomaticThreadCondition::notifyOne(WTF::AbstractLocker const&) /root/WebKit/Source/WTF/wtf/AutomaticThread.cpp:60:21 (jsc+0x2588729)
    #5 JSC::JITWorklist::wakeThreads(WTF::AbstractLocker const&, unsigned int) /root/WebKit/Source/JavaScriptCore/jit/JITWorklist.cpp:162:25 (jsc+0x1043db6)
    #6 JSC::JITWorklist::enqueue(WTF::Ref<JSC::JITPlan, WTF::RawPtrTraits<JSC::JITPlan>, WTF::DefaultRefDerefTraits<JSC::JITPlan>>) /root/WebKit/Source/JavaScriptCore/jit/JITWorklist.cpp:245:5 (jsc+0x1044622)
    #7 JSC::LLInt::jitCompileAndSetHeuristics(JSC::VM&, JSC::CodeBlock*) /root/WebKit/Source/JavaScriptCore/llint/LLIntSlowPaths.cpp:501:45 (jsc+0x107e357)
    #8 JSC::LLInt::entryOSR(JSC::CodeBlock*, char const*, JSC::LLInt::EntryKind) /root/WebKit/Source/JavaScriptCore/llint/LLIntSlowPaths.cpp:523:10 (jsc+0x107d592)
    #9 llint_entry_osr_function_for_call /root/WebKit/Source/JavaScriptCore/llint/LLIntSlowPaths.cpp:550:12 (jsc+0x107d7f2)
    #10 llint_function_for_call_prologue LowLevelInterpreter.cpp (jsc+0x1e04a9e)
    #11 JSC::evaluate(JSC::JSGlobalObject*, JSC::SourceCode const&, JSC::JSValue, WTF::NakedPtr<JSC::Exception>&) /root/WebKit/Source/JavaScriptCore/runtime/Completion.cpp:145:37 (jsc+0x13c3783)
    #12 runWithOptions(GlobalObject*, CommandLine&, bool&) /root/WebKit/Source/JavaScriptCore/jsc.cpp:3957:35 (jsc+0x1cafc5)
    #13 jscmain(int, char**)::$_0::operator()(JSC::VM&, GlobalObject*, bool&) const /root/WebKit/Source/JavaScriptCore/jsc.cpp:4686:13 (jsc+0x1cafc5)
    #14 int runJSC<jscmain(int, char**)::$_0>(CommandLine const&, bool, jscmain(int, char**)::$_0 const&) /root/WebKit/Source/JavaScriptCore/jsc.cpp:4472:13 (jsc+0x1cafc5)
    #15 jscmain(int, char**) /root/WebKit/Source/JavaScriptCore/jsc.cpp:4679:18 (jsc+0x1cafc5)
    #16 main /root/WebKit/Source/JavaScriptCore/jsc.cpp:3715:15 (jsc+0x1c9803)

SUMMARY: ThreadSanitizer: data race /root/WebKit/WebKitBuild/TSan/WTF/Headers/wtf/Atomics.h:55:100 in WTF::Atomic<JSC::WatchpointState>::load(std::memory_order) const
==================
watchpoint-storm: PASS
ThreadSanitizer: reported 1 warnings
