JSC: disabling useWasm under GIL-off (wasm glue still reads the raw VM-block exception word; not yet audited for UNGIL §A.1.3 COMPILED-FOR-VM; see AB-17 status block in VMEntryScope.cpp).
==================
WARNING: ThreadSanitizer: data race (pid=2858490)
  Atomic read of size 1 at 0x7208000163c4 by thread T15:
    #0 std::atomic<JSC::WatchpointState>::load(std::memory_order) const /usr/lib/gcc/x86_64-amazon-linux/14/../../../../include/c++/14/atomic:302:2 (jsc+0x61dee4)
    #1 WTF::Atomic<JSC::WatchpointState>::load(std::memory_order) const /root/WebKit/WebKitBuild/TSan/WTF/Headers/wtf/Atomics.h:55:100 (jsc+0x61dee4)
    #2 WTF::Atomic<JSC::WatchpointState>::loadRelaxed() const /root/WebKit/WebKitBuild/TSan/WTF/Headers/wtf/Atomics.h:57:50 (jsc+0x61dee4)
    #3 JSC::WatchpointSet::state() const /root/WebKit/Source/JavaScriptCore/bytecode/Watchpoint.h:250:24 (jsc+0x61dee4)
    #4 JSC::InlineWatchpointSet::state() const /root/WebKit/Source/JavaScriptCore/bytecode/Watchpoint.h:438:38 (jsc+0x61dee4)
    #5 JSC::InlineWatchpointSet::hasBeenInvalidated() const /root/WebKit/Source/JavaScriptCore/bytecode/Watchpoint.h:447:16 (jsc+0x61dee4)
    #6 JSC::InlineWatchpointSet::isStillValid() const /root/WebKit/Source/JavaScriptCore/bytecode/Watchpoint.h:453:17 (jsc+0x61dee4)
    #7 decltype(this->unwrapDependent<>().isStillValid()) JSC::Structure::TsanDeferredCtorMember<JSC::InlineWatchpointSet>::isStillValid<>() const /root/WebKit/Source/JavaScriptCore/runtime/Structure.h:1551:9 (jsc+0x61dee4)
    #8 JSC::Structure::transitionWatchpointSetIsStillValid() const /root/WebKit/Source/JavaScriptCore/runtime/Structure.h:859:42 (jsc+0x61dee4)
    #9 JSC::Structure::dfgShouldWatch() const /root/WebKit/Source/JavaScriptCore/runtime/Structure.h:885:46 (jsc+0x61dee4)
    #10 JSC::DFG::DesiredWatchpoints::consider(JSC::Structure*) /root/WebKit/Source/JavaScriptCore/dfg/DFGDesiredWatchpoints.cpp:155:21 (jsc+0x61dee4)
    #11 JSC::DFG::Graph::registerStructure(JSC::Structure*, JSC::DFG::StructureRegistrationResult&) /root/WebKit/Source/JavaScriptCore/dfg/DFGGraph.cpp:1714:30 (jsc+0x647ace)
    #12 JSC::DFG::Graph::registerStructure(JSC::Structure*) /root/WebKit/Source/JavaScriptCore/dfg/DFGGraph.h:297:16 (jsc+0x647ace)
    #13 JSC::DFG::Graph::freeze(JSC::JSValue) /root/WebKit/Source/JavaScriptCore/dfg/DFGGraph.cpp:1654:9 (jsc+0x659c11)
    #14 JSC::DFG::Graph::freezeStrong(JSC::JSValue) /root/WebKit/Source/JavaScriptCore/dfg/DFGGraph.cpp:1661:27 (jsc+0x65d100)
    #15 JSC::DFG::ByteCodeParser::get(JSC::Operand) /root/WebKit/Source/JavaScriptCore/dfg/DFGByteCodeParser.cpp (jsc+0x511d61)
    #16 JSC::DFG::ByteCodeParser::parseBlock(unsigned int) /root/WebKit/Source/JavaScriptCore/dfg/DFGByteCodeParser.cpp:9425:72 (jsc+0x54a023)
    #17 JSC::DFG::ByteCodeParser::parseCodeBlock() /root/WebKit/Source/JavaScriptCore/dfg/DFGByteCodeParser.cpp:10992:13 (jsc+0x563af7)
    #18 JSC::DFG::ByteCodeParser::parse() /root/WebKit/Source/JavaScriptCore/dfg/DFGByteCodeParser.cpp:13043:5 (jsc+0x56da6e)
    #19 JSC::DFG::parse(JSC::DFG::Graph&) /root/WebKit/Source/JavaScriptCore/dfg/DFGByteCodeParser.cpp:13083:34 (jsc+0x56e0f5)
    #20 JSC::DFG::Plan::compileInThreadImpl() /root/WebKit/Source/JavaScriptCore/dfg/DFGPlan.cpp:255:14 (jsc+0x8b0c20)
    #21 JSC::JITPlan::compileInThread(JSC::JITWorklistThread*) /root/WebKit/Source/JavaScriptCore/jit/JITPlan.cpp:283:28 (jsc+0xfdf11d)
    #22 JSC::JITWorklistThread::work() /root/WebKit/Source/JavaScriptCore/jit/JITWorklistThread.cpp:145:13 (jsc+0x1049a9b)
    #23 WTF::AutomaticThread::start(WTF::AbstractLocker const&)::$_0::operator()() const /root/WebKit/Source/WTF/wtf/AutomaticThread.cpp:260:37 (jsc+0x2589eac)
    #24 WTF::Detail::CallableWrapper<WTF::AutomaticThread::start(WTF::AbstractLocker const&)::$_0, void>::call() /root/WebKit/Source/WTF/wtf/Function.h:59:39 (jsc+0x2589eac)
    #25 WTF::Function<void ()>::operator()() const /root/WebKit/Source/WTF/wtf/Function.h:103:35 (jsc+0x25b4dc5)
    #26 WTF::Thread::entryPoint(WTF::Thread::NewThreadContext*) /root/WebKit/Source/WTF/wtf/Threading.cpp:312:5 (jsc+0x25b4dc5)
    #27 WTF::wtfThreadEntryPoint(void*) /root/WebKit/Source/WTF/wtf/posix/ThreadingPOSIX.cpp:264:5 (jsc+0x260ed49)

  Previous write of size 8 at 0x7208000163c0 by main thread:
    #0 malloc /home/runner/work/llvm-project/llvm-project/compiler-rt/lib/tsan/rtl/tsan_interceptors_posix.cpp:682:5 (jsc+0x13dc20)
    #1 bmalloc::api::malloc(unsigned long, bmalloc::CompactAllocationMode, bmalloc::HeapKind) /root/WebKit/WebKitBuild/TSan/bmalloc/Headers/bmalloc/bmalloc.h:96:20 (jsc+0x2598009)
    #2 WTF::fastMalloc(unsigned long) /root/WebKit/Source/WTF/wtf/FastMalloc.cpp:337:20 (jsc+0x2598009)
    #3 JSC::WatchpointSet::operator new(unsigned long) /root/WebKit/Source/JavaScriptCore/bytecode/Watchpoint.h:223:5 (jsc+0x3ca5c5)
    #4 JSC::WatchpointSet::create(JSC::WatchpointState, JSC::WatchpointSetClassification) /root/WebKit/Source/JavaScriptCore/bytecode/Watchpoint.h:233:26 (jsc+0x3ca5c5)
    #5 JSC::InlineWatchpointSet::inflateSlow() /root/WebKit/Source/JavaScriptCore/bytecode/Watchpoint.cpp:476:27 (jsc+0x3ca5c5)
    #6 JSC::InlineWatchpointSet::inflate() /root/WebKit/Source/JavaScriptCore/bytecode/Watchpoint.h:580:16 (jsc+0x3ca2eb)
    #7 JSC::InlineWatchpointSet::add(JSC::Watchpoint*) /root/WebKit/Source/JavaScriptCore/bytecode/Watchpoint.cpp:451:5 (jsc+0x3ca2eb)
    #8 JSC::DFG::SetPointerAdaptor<JSC::InlineWatchpointSet*>::add(JSC::CodeBlock*, JSC::InlineWatchpointSet*, JSC::DFG::WatchpointCollector&)::'lambda'(JSC::CodeBlockJettisoningWatchpoint&)::operator()(JSC::CodeBlockJettisoningWatchpoint&) const /root/WebKit/Source/JavaScriptCore/dfg/DFGDesiredWatchpoints.h:129:18 (jsc+0x640f8d)
    #9 bool JSC::DFG::WatchpointCollector::addWatchpoint<JSC::DFG::SetPointerAdaptor<JSC::InlineWatchpointSet*>::add(JSC::CodeBlock*, JSC::InlineWatchpointSet*, JSC::DFG::WatchpointCollector&)::'lambda'(JSC::CodeBlockJettisoningWatchpoint&)>(JSC::DFG::SetPointerAdaptor<JSC::InlineWatchpointSet*>::add(JSC::CodeBlock*, JSC::InlineWatchpointSet*, JSC::DFG::WatchpointCollector&)::'lambda'(JSC::CodeBlockJettisoningWatchpoint&) const&) /root/WebKit/Source/JavaScriptCore/dfg/DFGDesiredWatchpoints.h:79:20 (jsc+0x61ec99)
    #10 JSC::DFG::SetPointerAdaptor<JSC::InlineWatchpointSet*>::add(JSC::CodeBlock*, JSC::InlineWatchpointSet*, JSC::DFG::WatchpointCollector&) /root/WebKit/Source/JavaScriptCore/dfg/DFGDesiredWatchpoints.h:121:26 (jsc+0x61ec99)
    #11 JSC::DFG::GenericDesiredWatchpoints<JSC::InlineWatchpointSet*, JSC::DFG::SetPointerAdaptor<JSC::InlineWatchpointSet*>>::reallyAdd(JSC::CodeBlock*, JSC::DFG::WatchpointCollector&) /root/WebKit/Source/JavaScriptCore/dfg/DFGDesiredWatchpoints.h:214:18 (jsc+0x61ec99)
    #12 JSC::DFG::DesiredWatchpoints::reallyAdd(JSC::CodeBlock*, JSC::DFG::DesiredIdentifiers&, JSC::DFG::CommonData*) /root/WebKit/Source/JavaScriptCore/dfg/DFGDesiredWatchpoints.cpp:209:23 (jsc+0x61f7c0)
    #13 JSC::DFG::Plan::reallyAdd(JSC::DFG::CommonData*) /root/WebKit/Source/JavaScriptCore/dfg/DFGPlan.cpp:611:24 (jsc+0x8b8530)
    #14 JSC::DFG::Plan::finalize()::$_0::operator()() const /root/WebKit/Source/JavaScriptCore/dfg/DFGPlan.cpp:671:14 (jsc+0x8b8862)
    #15 JSC::DFG::Plan::finalize() /root/WebKit/Source/JavaScriptCore/dfg/DFGPlan.cpp:654:32 (jsc+0x8b8862)
    #16 JSC::JITWorklist::completeAllReadyPlansForVM(JSC::VM&, JSC::JITCompilationKey) /root/WebKit/Source/JavaScriptCore/jit/JITWorklist.cpp:314:15 (jsc+0x1045859)
    #17 operationOptimize /root/WebKit/Source/JavaScriptCore/jit/JITOperations.cpp:3158:76 (jsc+0xfc13a9)
    #18 <null> <null> (0x7fd4ed402198)
    #19 JSC::evaluate(JSC::JSGlobalObject*, JSC::SourceCode const&, JSC::JSValue, WTF::NakedPtr<JSC::Exception>&) /root/WebKit/Source/JavaScriptCore/runtime/Completion.cpp:145:37 (jsc+0x13c3783)
    #20 runWithOptions(GlobalObject*, CommandLine&, bool&) /root/WebKit/Source/JavaScriptCore/jsc.cpp:3957:35 (jsc+0x1cafc5)
    #21 jscmain(int, char**)::$_0::operator()(JSC::VM&, GlobalObject*, bool&) const /root/WebKit/Source/JavaScriptCore/jsc.cpp:4686:13 (jsc+0x1cafc5)
    #22 int runJSC<jscmain(int, char**)::$_0>(CommandLine const&, bool, jscmain(int, char**)::$_0 const&) /root/WebKit/Source/JavaScriptCore/jsc.cpp:4472:13 (jsc+0x1cafc5)
    #23 jscmain(int, char**) /root/WebKit/Source/JavaScriptCore/jsc.cpp:4679:18 (jsc+0x1cafc5)
    #24 main /root/WebKit/Source/JavaScriptCore/jsc.cpp:3715:15 (jsc+0x1c9803)

  Location is heap block of size 24 at 0x7208000163c0 allocated by main thread:
    #0 malloc /home/runner/work/llvm-project/llvm-project/compiler-rt/lib/tsan/rtl/tsan_interceptors_posix.cpp:682:5 (jsc+0x13dc20)
    #1 bmalloc::api::malloc(unsigned long, bmalloc::CompactAllocationMode, bmalloc::HeapKind) /root/WebKit/WebKitBuild/TSan/bmalloc/Headers/bmalloc/bmalloc.h:96:20 (jsc+0x2598009)
    #2 WTF::fastMalloc(unsigned long) /root/WebKit/Source/WTF/wtf/FastMalloc.cpp:337:20 (jsc+0x2598009)
    #3 JSC::WatchpointSet::operator new(unsigned long) /root/WebKit/Source/JavaScriptCore/bytecode/Watchpoint.h:223:5 (jsc+0x3ca5c5)
    #4 JSC::WatchpointSet::create(JSC::WatchpointState, JSC::WatchpointSetClassification) /root/WebKit/Source/JavaScriptCore/bytecode/Watchpoint.h:233:26 (jsc+0x3ca5c5)
    #5 JSC::InlineWatchpointSet::inflateSlow() /root/WebKit/Source/JavaScriptCore/bytecode/Watchpoint.cpp:476:27 (jsc+0x3ca5c5)
    #6 JSC::InlineWatchpointSet::inflate() /root/WebKit/Source/JavaScriptCore/bytecode/Watchpoint.h:580:16 (jsc+0x3ca2eb)
    #7 JSC::InlineWatchpointSet::add(JSC::Watchpoint*) /root/WebKit/Source/JavaScriptCore/bytecode/Watchpoint.cpp:451:5 (jsc+0x3ca2eb)
    #8 JSC::DFG::SetPointerAdaptor<JSC::InlineWatchpointSet*>::add(JSC::CodeBlock*, JSC::InlineWatchpointSet*, JSC::DFG::WatchpointCollector&)::'lambda'(JSC::CodeBlockJettisoningWatchpoint&)::operator()(JSC::CodeBlockJettisoningWatchpoint&) const /root/WebKit/Source/JavaScriptCore/dfg/DFGDesiredWatchpoints.h:129:18 (jsc+0x640f8d)
    #9 bool JSC::DFG::WatchpointCollector::addWatchpoint<JSC::DFG::SetPointerAdaptor<JSC::InlineWatchpointSet*>::add(JSC::CodeBlock*, JSC::InlineWatchpointSet*, JSC::DFG::WatchpointCollector&)::'lambda'(JSC::CodeBlockJettisoningWatchpoint&)>(JSC::DFG::SetPointerAdaptor<JSC::InlineWatchpointSet*>::add(JSC::CodeBlock*, JSC::InlineWatchpointSet*, JSC::DFG::WatchpointCollector&)::'lambda'(JSC::CodeBlockJettisoningWatchpoint&) const&) /root/WebKit/Source/JavaScriptCore/dfg/DFGDesiredWatchpoints.h:79:20 (jsc+0x61ec99)
    #10 JSC::DFG::SetPointerAdaptor<JSC::InlineWatchpointSet*>::add(JSC::CodeBlock*, JSC::InlineWatchpointSet*, JSC::DFG::WatchpointCollector&) /root/WebKit/Source/JavaScriptCore/dfg/DFGDesiredWatchpoints.h:121:26 (jsc+0x61ec99)
    #11 JSC::DFG::GenericDesiredWatchpoints<JSC::InlineWatchpointSet*, JSC::DFG::SetPointerAdaptor<JSC::InlineWatchpointSet*>>::reallyAdd(JSC::CodeBlock*, JSC::DFG::WatchpointCollector&) /root/WebKit/Source/JavaScriptCore/dfg/DFGDesiredWatchpoints.h:214:18 (jsc+0x61ec99)
    #12 JSC::DFG::DesiredWatchpoints::reallyAdd(JSC::CodeBlock*, JSC::DFG::DesiredIdentifiers&, JSC::DFG::CommonData*) /root/WebKit/Source/JavaScriptCore/dfg/DFGDesiredWatchpoints.cpp:209:23 (jsc+0x61f7c0)
    #13 JSC::DFG::Plan::reallyAdd(JSC::DFG::CommonData*) /root/WebKit/Source/JavaScriptCore/dfg/DFGPlan.cpp:611:24 (jsc+0x8b8530)
    #14 JSC::DFG::Plan::finalize()::$_0::operator()() const /root/WebKit/Source/JavaScriptCore/dfg/DFGPlan.cpp:671:14 (jsc+0x8b8862)
    #15 JSC::DFG::Plan::finalize() /root/WebKit/Source/JavaScriptCore/dfg/DFGPlan.cpp:654:32 (jsc+0x8b8862)
    #16 JSC::JITWorklist::completeAllReadyPlansForVM(JSC::VM&, JSC::JITCompilationKey) /root/WebKit/Source/JavaScriptCore/jit/JITWorklist.cpp:314:15 (jsc+0x1045859)
    #17 operationOptimize /root/WebKit/Source/JavaScriptCore/jit/JITOperations.cpp:3158:76 (jsc+0xfc13a9)
    #18 <null> <null> (0x7fd4ed402198)
    #19 JSC::evaluate(JSC::JSGlobalObject*, JSC::SourceCode const&, JSC::JSValue, WTF::NakedPtr<JSC::Exception>&) /root/WebKit/Source/JavaScriptCore/runtime/Completion.cpp:145:37 (jsc+0x13c3783)
    #20 runWithOptions(GlobalObject*, CommandLine&, bool&) /root/WebKit/Source/JavaScriptCore/jsc.cpp:3957:35 (jsc+0x1cafc5)
    #21 jscmain(int, char**)::$_0::operator()(JSC::VM&, GlobalObject*, bool&) const /root/WebKit/Source/JavaScriptCore/jsc.cpp:4686:13 (jsc+0x1cafc5)
    #22 int runJSC<jscmain(int, char**)::$_0>(CommandLine const&, bool, jscmain(int, char**)::$_0 const&) /root/WebKit/Source/JavaScriptCore/jsc.cpp:4472:13 (jsc+0x1cafc5)
    #23 jscmain(int, char**) /root/WebKit/Source/JavaScriptCore/jsc.cpp:4679:18 (jsc+0x1cafc5)
    #24 main /root/WebKit/Source/JavaScriptCore/jsc.cpp:3715:15 (jsc+0x1c9803)

  Thread T15 'JITWorker' (tid=2860728, running) created by main thread at:
    #0 pthread_create /home/runner/work/llvm-project/llvm-project/compiler-rt/lib/tsan/rtl/tsan_interceptors_posix.cpp:1090:3 (jsc+0x13ff1a)
    #1 WTF::Thread::establishHandle(WTF::Thread::NewThreadContext&, WTF::StackAllocationSpecification, WTF::ThreadQOS, WTF::ThreadSchedulingPolicy) /root/WebKit/Source/WTF/wtf/posix/ThreadingPOSIX.cpp:354:17 (jsc+0x260ec35)
    #2 WTF::Thread::create(WTF::ASCIILiteral, WTF::Function<void ()>&&, WTF::ThreadType, WTF::ThreadQOS, WTF::ThreadSchedulingPolicy, WTF::StackAllocationSpecification) /root/WebKit/Source/WTF/wtf/Threading.cpp:330:32 (jsc+0x25b5103)
    #3 WTF::AutomaticThread::start(WTF::AbstractLocker const&) /root/WebKit/Source/WTF/wtf/AutomaticThread.cpp:189:5 (jsc+0x2588929)
    #4 WTF::AutomaticThreadCondition::notifyOne(WTF::AbstractLocker const&) /root/WebKit/Source/WTF/wtf/AutomaticThread.cpp:60:21 (jsc+0x2588729)
    #5 JSC::JITWorklist::wakeThreads(WTF::AbstractLocker const&, unsigned int) /root/WebKit/Source/JavaScriptCore/jit/JITWorklist.cpp:162:25 (jsc+0x1043db6)
    #6 JSC::JITWorklist::enqueue(WTF::Ref<JSC::JITPlan, WTF::RawPtrTraits<JSC::JITPlan>, WTF::DefaultRefDerefTraits<JSC::JITPlan>>) /root/WebKit/Source/JavaScriptCore/jit/JITWorklist.cpp:245:5 (jsc+0x1044622)
    #7 JSC::LLInt::jitCompileAndSetHeuristics(JSC::VM&, JSC::CodeBlock*) /root/WebKit/Source/JavaScriptCore/llint/LLIntSlowPaths.cpp:501:45 (jsc+0x107e357)
    #8 JSC::LLInt::entryOSR(JSC::CodeBlock*, char const*, JSC::LLInt::EntryKind) /root/WebKit/Source/JavaScriptCore/llint/LLIntSlowPaths.cpp:523:10 (jsc+0x107d592)
    #9 llint_entry_osr_function_for_call /root/WebKit/Source/JavaScriptCore/llint/LLIntSlowPaths.cpp:550:12 (jsc+0x107d7f2)
    #10 llint_function_for_call_prologue LowLevelInterpreter.cpp (jsc+0x1e04a9e)
    #11 JSC::evaluate(JSC::JSGlobalObject*, JSC::SourceCode const&, JSC::JSValue, WTF::NakedPtr<JSC::Exception>&) /root/WebKit/Source/JavaScriptCore/runtime/Completion.cpp:145:37 (jsc+0x13c3783)
    #12 runWithOptions(GlobalObject*, CommandLine&, bool&) /root/WebKit/Source/JavaScriptCore/jsc.cpp:3957:35 (jsc+0x1cafc5)
    #13 jscmain(int, char**)::$_0::operator()(JSC::VM&, GlobalObject*, bool&) const /root/WebKit/Source/JavaScriptCore/jsc.cpp:4686:13 (jsc+0x1cafc5)
    #14 int runJSC<jscmain(int, char**)::$_0>(CommandLine const&, bool, jscmain(int, char**)::$_0 const&) /root/WebKit/Source/JavaScriptCore/jsc.cpp:4472:13 (jsc+0x1cafc5)
    #15 jscmain(int, char**) /root/WebKit/Source/JavaScriptCore/jsc.cpp:4679:18 (jsc+0x1cafc5)
    #16 main /root/WebKit/Source/JavaScriptCore/jsc.cpp:3715:15 (jsc+0x1c9803)

SUMMARY: ThreadSanitizer: data race /root/WebKit/WebKitBuild/TSan/WTF/Headers/wtf/Atomics.h:55:100 in WTF::Atomic<JSC::WatchpointState>::load(std::memory_order) const
==================
PASS
ThreadSanitizer: reported 1 warnings
