JSC: disabling useWasm under GIL-off (wasm glue still reads the raw VM-block exception word; not yet audited for UNGIL §A.1.3 COMPILED-FOR-VM; see AB-17 status block in VMEntryScope.cpp).
==================
WARNING: ThreadSanitizer: data race (pid=2867795)
  Read of size 8 at 0x72a00003d920 by thread T4:
    #0 WTF::RefPtr<WTF::RefCountable<JSC::InlineWatchpointSet>, WTF::RawPtrTraits<WTF::RefCountable<JSC::InlineWatchpointSet>>, WTF::DefaultRefDerefTraits<WTF::RefCountable<JSC::InlineWatchpointSet>>>::operator bool() const /root/WebKit/WebKitBuild/TSan/WTF/Headers/wtf/RefPtr.h:130:47 (jsc+0x144e784)
    #1 WTF::Box<JSC::InlineWatchpointSet>::isValid() const /root/WebKit/WebKitBuild/TSan/WTF/Headers/wtf/Box.h:59:53 (jsc+0x144e784)
    #2 WTF::Box<JSC::InlineWatchpointSet>::operator bool() const /root/WebKit/WebKitBuild/TSan/WTF/Headers/wtf/Box.h:71:45 (jsc+0x144e784)
    #3 JSC::FunctionExecutable::ensurePolyProtoWatchpoint() /root/WebKit/Source/JavaScriptCore/runtime/FunctionExecutable.h:304:14 (jsc+0x144e784)
    #4 JSC::ObjectAllocationProfileBase<JSC::ObjectAllocationProfileWithPrototype>::initializeProfile(JSC::VM&, JSC::JSGlobalObject*, JSC::JSCell*, JSC::JSObject*, unsigned int, JSC::JSFunction*, JSC::FunctionRareData*) /root/WebKit/Source/JavaScriptCore/bytecode/ObjectAllocationProfileInlines.h:68:39 (jsc+0x144dfd5)
    #5 JSC::FunctionRareData::initializeObjectAllocationProfile(JSC::VM&, JSC::JSGlobalObject*, JSC::JSObject*, unsigned long, JSC::JSFunction*)::$_1::operator()(JSC::JSObject*, unsigned long) const /root/WebKit/Source/JavaScriptCore/runtime/FunctionRareData.cpp:135:31 (jsc+0x144c5ce)
    #6 JSC::FunctionRareData::initializeObjectAllocationProfile(JSC::VM&, JSC::JSGlobalObject*, JSC::JSObject*, unsigned long, JSC::JSFunction*) /root/WebKit/Source/JavaScriptCore/runtime/FunctionRareData.cpp:182:13 (jsc+0x144c0c1)
    #7 JSC::JSFunction::allocateAndInitializeRareData(JSC::JSGlobalObject*, unsigned long) /root/WebKit/Source/JavaScriptCore/runtime/JSFunction.cpp:196:15 (jsc+0x158c2bc)
    #8 JSC::JSFunction::ensureRareDataAndObjectAllocationProfile(JSC::JSGlobalObject*, unsigned int) /root/WebKit/Source/JavaScriptCore/runtime/JSFunctionInlines.h:268:16 (jsc+0x13a2c01)
    #9 slow_path_create_this /root/WebKit/Source/JavaScriptCore/runtime/CommonSlowPaths.cpp:175:80 (jsc+0x13a2c01)
    #10 llint_op_create_this LowLevelInterpreter.cpp (jsc+0x1e1d0a5)
    #11 JSC::Interpreter::executeCall(JSC::JSObject*, JSC::CallData const&, JSC::JSValue, JSC::JSCell*, JSC::ArgList const&) /root/WebKit/Source/JavaScriptCore/interpreter/Interpreter.cpp (jsc+0xe8bd4d)
    #12 JSC::call(JSC::JSGlobalObject*, JSC::JSValue, JSC::CallData const&, JSC::JSValue, JSC::ArgList const&) /root/WebKit/Source/JavaScriptCore/runtime/CallData.cpp:70:27 (jsc+0x1360a31)
    #13 JSC::call(JSC::JSGlobalObject*, JSC::JSValue, JSC::CallData const&, JSC::JSValue, JSC::ArgList const&, WTF::NakedPtr<JSC::Exception>&) /root/WebKit/Source/JavaScriptCore/runtime/CallData.cpp:77:22 (jsc+0x1360a31)
    #14 JSC::threadMain(JSC::VM&, WTF::Ref<JSC::ThreadState, WTF::RawPtrTraits<JSC::ThreadState>, WTF::DefaultRefDerefTraits<JSC::ThreadState>>) /root/WebKit/Source/JavaScriptCore/runtime/ThreadObject.cpp:241:30 (jsc+0x19a41fc)
    #15 JSC::constructThread(JSC::JSGlobalObject*, JSC::CallFrame*)::$_0::operator()() /root/WebKit/Source/JavaScriptCore/runtime/ThreadObject.cpp:468:9 (jsc+0x19a41fc)
    #16 WTF::Detail::CallableWrapper<JSC::constructThread(JSC::JSGlobalObject*, JSC::CallFrame*)::$_0, void>::call() /root/WebKit/WebKitBuild/TSan/WTF/Headers/wtf/Function.h:59:39 (jsc+0x19a41fc)
    #17 WTF::Function<void ()>::operator()() const /root/WebKit/Source/WTF/wtf/Function.h:103:35 (jsc+0x25b4dc5)
    #18 WTF::Thread::entryPoint(WTF::Thread::NewThreadContext*) /root/WebKit/Source/WTF/wtf/Threading.cpp:312:5 (jsc+0x25b4dc5)
    #19 WTF::wtfThreadEntryPoint(void*) /root/WebKit/Source/WTF/wtf/posix/ThreadingPOSIX.cpp:264:5 (jsc+0x260ed49)

  Previous write of size 8 at 0x72a00003d920 by thread T3:
    #0 std::enable_if<__and_<std::__not_<std::__is_tuple_like<WTF::RefCountable<JSC::InlineWatchpointSet>*>>, std::is_move_constructible<WTF::RefCountable<JSC::InlineWatchpointSet>*>, std::is_move_assignable<WTF::RefCountable<JSC::InlineWatchpointSet>*>>::value, void>::type std::swap<WTF::RefCountable<JSC::InlineWatchpointSet>*>(WTF::RefCountable<JSC::InlineWatchpointSet>*&, WTF::RefCountable<JSC::InlineWatchpointSet>*&) /usr/lib/gcc/x86_64-amazon-linux/14/../../../../include/c++/14/bits/move.h:235:11 (jsc+0x144e7c8)
    #1 WTF::RawPtrTraits<WTF::RefCountable<JSC::InlineWatchpointSet>>::swap(WTF::RefCountable<JSC::InlineWatchpointSet>*&, WTF::RefCountable<JSC::InlineWatchpointSet>*&) /root/WebKit/WebKitBuild/TSan/WTF/Headers/wtf/RawPtrTraits.h:43:70 (jsc+0x144e7c8)
    #2 void WTF::RefPtr<WTF::RefCountable<JSC::InlineWatchpointSet>, WTF::RawPtrTraits<WTF::RefCountable<JSC::InlineWatchpointSet>>, WTF::DefaultRefDerefTraits<WTF::RefCountable<JSC::InlineWatchpointSet>>>::swap<WTF::RefCountable<JSC::InlineWatchpointSet>, WTF::RawPtrTraits<WTF::RefCountable<JSC::InlineWatchpointSet>>, WTF::DefaultRefDerefTraits<WTF::RefCountable<JSC::InlineWatchpointSet>>>(WTF::RefPtr<WTF::RefCountable<JSC::InlineWatchpointSet>, WTF::RawPtrTraits<WTF::RefCountable<JSC::InlineWatchpointSet>>, WTF::DefaultRefDerefTraits<WTF::RefCountable<JSC::InlineWatchpointSet>>>&) /root/WebKit/WebKitBuild/TSan/WTF/Headers/wtf/RefPtr.h:244:5 (jsc+0x144e7c8)
    #3 WTF::RefPtr<WTF::RefCountable<JSC::InlineWatchpointSet>, WTF::RawPtrTraits<WTF::RefCountable<JSC::InlineWatchpointSet>>, WTF::DefaultRefDerefTraits<WTF::RefCountable<JSC::InlineWatchpointSet>>>::operator=(WTF::RefPtr<WTF::RefCountable<JSC::InlineWatchpointSet>, WTF::RawPtrTraits<WTF::RefCountable<JSC::InlineWatchpointSet>>, WTF::DefaultRefDerefTraits<WTF::RefCountable<JSC::InlineWatchpointSet>>>&&) /root/WebKit/WebKitBuild/TSan/WTF/Headers/wtf/RefPtr.h:218:5 (jsc+0x144e7c8)
    #4 WTF::Box<JSC::InlineWatchpointSet>::operator=(WTF::Box<JSC::InlineWatchpointSet>&&) /root/WebKit/WebKitBuild/TSan/WTF/Headers/wtf/Box.h:48:35 (jsc+0x144e7c8)
    #5 JSC::FunctionExecutable::ensurePolyProtoWatchpoint() /root/WebKit/Source/JavaScriptCore/runtime/FunctionExecutable.h:305:35 (jsc+0x144e7c8)
    #6 JSC::ObjectAllocationProfileBase<JSC::ObjectAllocationProfileWithPrototype>::initializeProfile(JSC::VM&, JSC::JSGlobalObject*, JSC::JSCell*, JSC::JSObject*, unsigned int, JSC::JSFunction*, JSC::FunctionRareData*) /root/WebKit/Source/JavaScriptCore/bytecode/ObjectAllocationProfileInlines.h:68:39 (jsc+0x144dfd5)
    #7 JSC::FunctionRareData::initializeObjectAllocationProfile(JSC::VM&, JSC::JSGlobalObject*, JSC::JSObject*, unsigned long, JSC::JSFunction*)::$_1::operator()(JSC::JSObject*, unsigned long) const /root/WebKit/Source/JavaScriptCore/runtime/FunctionRareData.cpp:135:31 (jsc+0x144c5ce)
    #8 JSC::FunctionRareData::initializeObjectAllocationProfile(JSC::VM&, JSC::JSGlobalObject*, JSC::JSObject*, unsigned long, JSC::JSFunction*) /root/WebKit/Source/JavaScriptCore/runtime/FunctionRareData.cpp:182:13 (jsc+0x144c0c1)
    #9 JSC::JSFunction::allocateAndInitializeRareData(JSC::JSGlobalObject*, unsigned long) /root/WebKit/Source/JavaScriptCore/runtime/JSFunction.cpp:196:15 (jsc+0x158c2bc)
    #10 JSC::JSFunction::ensureRareDataAndObjectAllocationProfile(JSC::JSGlobalObject*, unsigned int) /root/WebKit/Source/JavaScriptCore/runtime/JSFunctionInlines.h:268:16 (jsc+0x13a2c01)
    #11 slow_path_create_this /root/WebKit/Source/JavaScriptCore/runtime/CommonSlowPaths.cpp:175:80 (jsc+0x13a2c01)
    #12 llint_op_create_this LowLevelInterpreter.cpp (jsc+0x1e1d0a5)
    #13 JSC::Interpreter::executeCall(JSC::JSObject*, JSC::CallData const&, JSC::JSValue, JSC::JSCell*, JSC::ArgList const&) /root/WebKit/Source/JavaScriptCore/interpreter/Interpreter.cpp (jsc+0xe8bd4d)
    #14 JSC::call(JSC::JSGlobalObject*, JSC::JSValue, JSC::CallData const&, JSC::JSValue, JSC::ArgList const&) /root/WebKit/Source/JavaScriptCore/runtime/CallData.cpp:70:27 (jsc+0x1360a31)
    #15 JSC::call(JSC::JSGlobalObject*, JSC::JSValue, JSC::CallData const&, JSC::JSValue, JSC::ArgList const&, WTF::NakedPtr<JSC::Exception>&) /root/WebKit/Source/JavaScriptCore/runtime/CallData.cpp:77:22 (jsc+0x1360a31)
    #16 JSC::threadMain(JSC::VM&, WTF::Ref<JSC::ThreadState, WTF::RawPtrTraits<JSC::ThreadState>, WTF::DefaultRefDerefTraits<JSC::ThreadState>>) /root/WebKit/Source/JavaScriptCore/runtime/ThreadObject.cpp:241:30 (jsc+0x19a41fc)
    #17 JSC::constructThread(JSC::JSGlobalObject*, JSC::CallFrame*)::$_0::operator()() /root/WebKit/Source/JavaScriptCore/runtime/ThreadObject.cpp:468:9 (jsc+0x19a41fc)
    #18 WTF::Detail::CallableWrapper<JSC::constructThread(JSC::JSGlobalObject*, JSC::CallFrame*)::$_0, void>::call() /root/WebKit/WebKitBuild/TSan/WTF/Headers/wtf/Function.h:59:39 (jsc+0x19a41fc)
    #19 WTF::Function<void ()>::operator()() const /root/WebKit/Source/WTF/wtf/Function.h:103:35 (jsc+0x25b4dc5)
    #20 WTF::Thread::entryPoint(WTF::Thread::NewThreadContext*) /root/WebKit/Source/WTF/wtf/Threading.cpp:312:5 (jsc+0x25b4dc5)
    #21 WTF::wtfThreadEntryPoint(void*) /root/WebKit/Source/WTF/wtf/posix/ThreadingPOSIX.cpp:264:5 (jsc+0x260ed49)

  Location is heap block of size 16384 at 0x72a00003c000 allocated by main thread:
    #0 aligned_alloc /home/runner/work/llvm-project/llvm-project/compiler-rt/lib/tsan/rtl/tsan_interceptors_posix.cpp:885:3 (jsc+0x13f40e)
    #1 bmalloc::api::tryMemalign(unsigned long, unsigned long, bmalloc::CompactAllocationMode, bmalloc::HeapKind) /root/WebKit/WebKitBuild/TSan/bmalloc/Headers/bmalloc/bmalloc.h:158:12 (jsc+0x2598250)
    #2 WTF::tryFastCompactAlignedMalloc(unsigned long, unsigned long) /root/WebKit/Source/WTF/wtf/FastMalloc.cpp:553:20 (jsc+0x2598250)
    #3 JSC::FastMallocAlignedMemoryAllocator::tryAllocateAlignedMemory(unsigned long, unsigned long) /root/WebKit/Source/JavaScriptCore/heap/FastMallocAlignedMemoryAllocator.cpp:47:12 (jsc+0xdbd790)
    #4 JSC::MarkedBlock::tryCreate(JSC::Heap&, JSC::AlignedMemoryAllocator*) /root/WebKit/Source/JavaScriptCore/heap/MarkedBlock.cpp:138:48 (jsc+0xe4a4b8)
    #5 JSC::BlockDirectory::tryAllocateBlock(WTF::AbstractLocker const&, JSC::Heap&) /root/WebKit/Source/JavaScriptCore/heap/BlockDirectory.cpp:158:35 (jsc+0xdb498d)
    #6 JSC::LocalAllocator::allocateSlowCase(JSC::Heap&, unsigned long, JSC::GCDeferralContext*, JSC::AllocationFailureMode) /root/WebKit/Source/JavaScriptCore/heap/LocalAllocator.cpp:221:47 (jsc+0xe4527e)
    #7 JSC::LocalAllocator::allocate(JSC::Heap&, unsigned long, JSC::GCDeferralContext*, JSC::AllocationFailureMode)::'lambda'()::operator()() const /root/WebKit/WebKitBuild/TSan/JavaScriptCore/PrivateHeaders/JavaScriptCore/LocalAllocatorInlines.h:53:43 (jsc+0x1d135e)
    #8 JSC::HeapCell* JSC::FreeList::allocateWithCellSize<JSC::LocalAllocator::allocate(JSC::Heap&, unsigned long, JSC::GCDeferralContext*, JSC::AllocationFailureMode)::'lambda'()>(JSC::LocalAllocator::allocate(JSC::Heap&, unsigned long, JSC::GCDeferralContext*, JSC::AllocationFailureMode)::'lambda'() const&, unsigned long) /root/WebKit/Source/JavaScriptCore/heap/FreeListInlines.h:46:16 (jsc+0x3c3dbf)
    #9 JSC::LocalAllocator::allocate(JSC::Heap&, unsigned long, JSC::GCDeferralContext*, JSC::AllocationFailureMode) /root/WebKit/Source/JavaScriptCore/heap/LocalAllocatorInlines.h:50:23 (jsc+0x3c3dbf)
    #10 JSC::GCClient::IsoSubspace::allocate(JSC::VM&, unsigned long, JSC::GCDeferralContext*, JSC::AllocationFailureMode) /root/WebKit/Source/JavaScriptCore/heap/IsoSubspaceInlines.h:42:29 (jsc+0x3c3dbf)
    #11 void* JSC::tryAllocateCellHelper<JSC::FunctionExecutable, (JSC::AllocationFailureMode)0>(JSC::VM&, unsigned long, JSC::GCDeferralContext*) /root/WebKit/Source/JavaScriptCore/runtime/JSCellInlines.h:212:63 (jsc+0x3c3dbf)
    #12 void* JSC::allocateCell<JSC::FunctionExecutable>(JSC::VM&, unsigned long) /root/WebKit/Source/JavaScriptCore/runtime/JSCellInlines.h:232:12 (jsc+0x3c3dbf)
    #13 JSC::FunctionExecutable::create(JSC::VM&, JSC::ScriptExecutable*, JSC::SourceCode const&, JSC::UnlinkedFunctionExecutable*, JSC::Intrinsic, bool) /root/WebKit/Source/JavaScriptCore/runtime/FunctionExecutable.h:53:56 (jsc+0x3c13b5)
    #14 JSC::UnlinkedFunctionExecutable::link(JSC::VM&, JSC::ScriptExecutable*, JSC::SourceCode const&, std::optional<int>, JSC::Intrinsic, bool) /root/WebKit/Source/JavaScriptCore/bytecode/UnlinkedFunctionExecutable.cpp:290:34 (jsc+0x3c13b5)
    #15 JSC::arrayPrototypeReduceRightCodeGenerator(JSC::VM&) /root/WebKit/WebKitBuild/TSan/JavaScriptCore/DerivedSources/JSCBuiltins.cpp:1251:1 (jsc+0x1e674ae)
    #16 JSC::ArrayPrototype::finishCreation(JSC::VM&, JSC::JSGlobalObject*) /root/WebKit/Source/JavaScriptCore/runtime/ArrayPrototype.cpp:129:5 (jsc+0x1316668)
    #17 JSC::ArrayPrototype::create(JSC::VM&, JSC::JSGlobalObject*, JSC::Structure*) /root/WebKit/Source/JavaScriptCore/runtime/ArrayPrototype.cpp:88:16 (jsc+0x13150af)
    #18 JSC::JSGlobalObject::init(JSC::VM&) /root/WebKit/Source/JavaScriptCore/runtime/JSGlobalObject.cpp:1754:36 (jsc+0x15aaff9)
    #19 JSC::JSGlobalObject::finishCreation(JSC::VM&) /root/WebKit/Source/JavaScriptCore/runtime/JSGlobalObject.cpp:4439:5 (jsc+0x15d01fb)
    #20 GlobalObject::finishCreation(JSC::VM&, WTF::Vector<WTF::String, 0ul, WTF::CrashOnOverflow, 16ul, WTF::FastMalloc> const&) /root/WebKit/Source/JavaScriptCore/jsc.cpp:640:15 (jsc+0x1e920a)
    #21 GlobalObject::create(JSC::VM&, JSC::Structure*, WTF::Vector<WTF::String, 0ul, WTF::CrashOnOverflow, 16ul, WTF::FastMalloc> const&) /root/WebKit/Source/JavaScriptCore/jsc.cpp:566:17 (jsc+0x1ca0bf)
    #22 int runJSC<jscmain(int, char**)::$_0>(CommandLine const&, bool, jscmain(int, char**)::$_0 const&) /root/WebKit/Source/JavaScriptCore/jsc.cpp:4464:28 (jsc+0x1ca0bf)
    #23 jscmain(int, char**) /root/WebKit/Source/JavaScriptCore/jsc.cpp:4679:18 (jsc+0x1ca0bf)
    #24 main /root/WebKit/Source/JavaScriptCore/jsc.cpp:3715:15 (jsc+0x1c9803)

  Thread T4 'JS Thread' (tid=2867822, running) created by main thread at:
    #0 pthread_create /home/runner/work/llvm-project/llvm-project/compiler-rt/lib/tsan/rtl/tsan_interceptors_posix.cpp:1090:3 (jsc+0x13ff1a)
    #1 WTF::Thread::establishHandle(WTF::Thread::NewThreadContext&, WTF::StackAllocationSpecification, WTF::ThreadQOS, WTF::ThreadSchedulingPolicy) /root/WebKit/Source/WTF/wtf/posix/ThreadingPOSIX.cpp:354:17 (jsc+0x260ec35)
    #2 WTF::Thread::create(WTF::ASCIILiteral, WTF::Function<void ()>&&, WTF::ThreadType, WTF::ThreadQOS, WTF::ThreadSchedulingPolicy, WTF::StackAllocationSpecification) /root/WebKit/Source/WTF/wtf/Threading.cpp:330:32 (jsc+0x25b5103)
    #3 JSC::constructThread(JSC::JSGlobalObject*, JSC::CallFrame*) /root/WebKit/Source/JavaScriptCore/runtime/ThreadObject.cpp:467:5 (jsc+0x199c78f)
    #4 <null> <null> (0x7fabe07ff217)
    #5 JSC::evaluate(JSC::JSGlobalObject*, JSC::SourceCode const&, JSC::JSValue, WTF::NakedPtr<JSC::Exception>&) /root/WebKit/Source/JavaScriptCore/runtime/Completion.cpp:145:37 (jsc+0x13c3783)
    #6 runWithOptions(GlobalObject*, CommandLine&, bool&) /root/WebKit/Source/JavaScriptCore/jsc.cpp:3957:35 (jsc+0x1cafc5)
    #7 jscmain(int, char**)::$_0::operator()(JSC::VM&, GlobalObject*, bool&) const /root/WebKit/Source/JavaScriptCore/jsc.cpp:4686:13 (jsc+0x1cafc5)
    #8 int runJSC<jscmain(int, char**)::$_0>(CommandLine const&, bool, jscmain(int, char**)::$_0 const&) /root/WebKit/Source/JavaScriptCore/jsc.cpp:4472:13 (jsc+0x1cafc5)
    #9 jscmain(int, char**) /root/WebKit/Source/JavaScriptCore/jsc.cpp:4679:18 (jsc+0x1cafc5)
    #10 main /root/WebKit/Source/JavaScriptCore/jsc.cpp:3715:15 (jsc+0x1c9803)

  Thread T3 'JS Thread' (tid=2867821, running) created by main thread at:
    #0 pthread_create /home/runner/work/llvm-project/llvm-project/compiler-rt/lib/tsan/rtl/tsan_interceptors_posix.cpp:1090:3 (jsc+0x13ff1a)
    #1 WTF::Thread::establishHandle(WTF::Thread::NewThreadContext&, WTF::StackAllocationSpecification, WTF::ThreadQOS, WTF::ThreadSchedulingPolicy) /root/WebKit/Source/WTF/wtf/posix/ThreadingPOSIX.cpp:354:17 (jsc+0x260ec35)
    #2 WTF::Thread::create(WTF::ASCIILiteral, WTF::Function<void ()>&&, WTF::ThreadType, WTF::ThreadQOS, WTF::ThreadSchedulingPolicy, WTF::StackAllocationSpecification) /root/WebKit/Source/WTF/wtf/Threading.cpp:330:32 (jsc+0x25b5103)
    #3 JSC::constructThread(JSC::JSGlobalObject*, JSC::CallFrame*) /root/WebKit/Source/JavaScriptCore/runtime/ThreadObject.cpp:467:5 (jsc+0x199c78f)
    #4 <null> <null> (0x7fabe07ff217)
    #5 JSC::evaluate(JSC::JSGlobalObject*, JSC::SourceCode const&, JSC::JSValue, WTF::NakedPtr<JSC::Exception>&) /root/WebKit/Source/JavaScriptCore/runtime/Completion.cpp:145:37 (jsc+0x13c3783)
    #6 runWithOptions(GlobalObject*, CommandLine&, bool&) /root/WebKit/Source/JavaScriptCore/jsc.cpp:3957:35 (jsc+0x1cafc5)
    #7 jscmain(int, char**)::$_0::operator()(JSC::VM&, GlobalObject*, bool&) const /root/WebKit/Source/JavaScriptCore/jsc.cpp:4686:13 (jsc+0x1cafc5)
    #8 int runJSC<jscmain(int, char**)::$_0>(CommandLine const&, bool, jscmain(int, char**)::$_0 const&) /root/WebKit/Source/JavaScriptCore/jsc.cpp:4472:13 (jsc+0x1cafc5)
    #9 jscmain(int, char**) /root/WebKit/Source/JavaScriptCore/jsc.cpp:4679:18 (jsc+0x1cafc5)
    #10 main /root/WebKit/Source/JavaScriptCore/jsc.cpp:3715:15 (jsc+0x1c9803)

SUMMARY: ThreadSanitizer: data race /root/WebKit/WebKitBuild/TSan/WTF/Headers/wtf/RefPtr.h:130:47 in WTF::RefPtr<WTF::RefCountable<JSC::InlineWatchpointSet>, WTF::RawPtrTraits<WTF::RefCountable<JSC::InlineWatchpointSet>>, WTF::DefaultRefDerefTraits<WTF::RefCountable<JSC::InlineWatchpointSet>>>::operator bool() const
==================
==================
WARNING: ThreadSanitizer: data race (pid=2867795)
  Atomic read of size 8 at 0x720400001058 by thread T2:
    #0 std::__atomic_base<unsigned long>::load(std::memory_order) const /usr/lib/gcc/x86_64-amazon-linux/14/../../../../include/c++/14/bits/atomic_base.h:501:9 (jsc+0x144dfdf)
    #1 WTF::Atomic<unsigned long>::load(std::memory_order) const /root/WebKit/WebKitBuild/TSan/WTF/Headers/wtf/Atomics.h:55:100 (jsc+0x144dfdf)
    #2 WTF::Atomic<unsigned long>::loadRelaxed() const /root/WebKit/WebKitBuild/TSan/WTF/Headers/wtf/Atomics.h:57:50 (jsc+0x144dfdf)
    #3 JSC::InlineWatchpointSet::state() const /root/WebKit/Source/JavaScriptCore/bytecode/Watchpoint.h:436:33 (jsc+0x144dfdf)
    #4 JSC::InlineWatchpointSet::hasBeenInvalidated() const /root/WebKit/Source/JavaScriptCore/bytecode/Watchpoint.h:447:16 (jsc+0x144dfdf)
    #5 JSC::ObjectAllocationProfileBase<JSC::ObjectAllocationProfileWithPrototype>::initializeProfile(JSC::VM&, JSC::JSGlobalObject*, JSC::JSCell*, JSC::JSObject*, unsigned int, JSC::JSFunction*, JSC::FunctionRareData*) /root/WebKit/Source/JavaScriptCore/bytecode/ObjectAllocationProfileInlines.h:68:67 (jsc+0x144dfdf)
    #6 JSC::FunctionRareData::initializeObjectAllocationProfile(JSC::VM&, JSC::JSGlobalObject*, JSC::JSObject*, unsigned long, JSC::JSFunction*)::$_1::operator()(JSC::JSObject*, unsigned long) const /root/WebKit/Source/JavaScriptCore/runtime/FunctionRareData.cpp:135:31 (jsc+0x144c5ce)
    #7 JSC::FunctionRareData::initializeObjectAllocationProfile(JSC::VM&, JSC::JSGlobalObject*, JSC::JSObject*, unsigned long, JSC::JSFunction*) /root/WebKit/Source/JavaScriptCore/runtime/FunctionRareData.cpp:182:13 (jsc+0x144c0c1)
    #8 JSC::JSFunction::allocateAndInitializeRareData(JSC::JSGlobalObject*, unsigned long) /root/WebKit/Source/JavaScriptCore/runtime/JSFunction.cpp:196:15 (jsc+0x158c2bc)
    #9 JSC::JSFunction::ensureRareDataAndObjectAllocationProfile(JSC::JSGlobalObject*, unsigned int) /root/WebKit/Source/JavaScriptCore/runtime/JSFunctionInlines.h:268:16 (jsc+0x13a2c01)
    #10 slow_path_create_this /root/WebKit/Source/JavaScriptCore/runtime/CommonSlowPaths.cpp:175:80 (jsc+0x13a2c01)
    #11 llint_op_create_this LowLevelInterpreter.cpp (jsc+0x1e1d0a5)
    #12 JSC::Interpreter::executeCall(JSC::JSObject*, JSC::CallData const&, JSC::JSValue, JSC::JSCell*, JSC::ArgList const&) /root/WebKit/Source/JavaScriptCore/interpreter/Interpreter.cpp (jsc+0xe8bd4d)
    #13 JSC::call(JSC::JSGlobalObject*, JSC::JSValue, JSC::CallData const&, JSC::JSValue, JSC::ArgList const&) /root/WebKit/Source/JavaScriptCore/runtime/CallData.cpp:70:27 (jsc+0x1360a31)
    #14 JSC::call(JSC::JSGlobalObject*, JSC::JSValue, JSC::CallData const&, JSC::JSValue, JSC::ArgList const&, WTF::NakedPtr<JSC::Exception>&) /root/WebKit/Source/JavaScriptCore/runtime/CallData.cpp:77:22 (jsc+0x1360a31)
    #15 JSC::threadMain(JSC::VM&, WTF::Ref<JSC::ThreadState, WTF::RawPtrTraits<JSC::ThreadState>, WTF::DefaultRefDerefTraits<JSC::ThreadState>>) /root/WebKit/Source/JavaScriptCore/runtime/ThreadObject.cpp:241:30 (jsc+0x19a41fc)
    #16 JSC::constructThread(JSC::JSGlobalObject*, JSC::CallFrame*)::$_0::operator()() /root/WebKit/Source/JavaScriptCore/runtime/ThreadObject.cpp:468:9 (jsc+0x19a41fc)
    #17 WTF::Detail::CallableWrapper<JSC::constructThread(JSC::JSGlobalObject*, JSC::CallFrame*)::$_0, void>::call() /root/WebKit/WebKitBuild/TSan/WTF/Headers/wtf/Function.h:59:39 (jsc+0x19a41fc)
    #18 WTF::Function<void ()>::operator()() const /root/WebKit/Source/WTF/wtf/Function.h:103:35 (jsc+0x25b4dc5)
    #19 WTF::Thread::entryPoint(WTF::Thread::NewThreadContext*) /root/WebKit/Source/WTF/wtf/Threading.cpp:312:5 (jsc+0x25b4dc5)
    #20 WTF::wtfThreadEntryPoint(void*) /root/WebKit/Source/WTF/wtf/posix/ThreadingPOSIX.cpp:264:5 (jsc+0x260ed49)

  Previous write of size 8 at 0x720400001058 by thread T3:
    #0 malloc /home/runner/work/llvm-project/llvm-project/compiler-rt/lib/tsan/rtl/tsan_interceptors_posix.cpp:682:5 (jsc+0x13dc20)
    #1 bmalloc::api::malloc(unsigned long, bmalloc::CompactAllocationMode, bmalloc::HeapKind) /root/WebKit/WebKitBuild/TSan/bmalloc/Headers/bmalloc/bmalloc.h:96:20 (jsc+0x2598009)
    #2 WTF::fastMalloc(unsigned long) /root/WebKit/Source/WTF/wtf/FastMalloc.cpp:337:20 (jsc+0x2598009)
    #3 WTF::ThreadSafeRefCountedBase::operator new(unsigned long) /root/WebKit/WebKitBuild/TSan/WTF/Headers/wtf/ThreadSafeRefCounted.h:39:5 (jsc+0x144e79a)
    #4 WTF::Ref<WTF::RefCountable<JSC::InlineWatchpointSet>, WTF::RawPtrTraits<WTF::RefCountable<JSC::InlineWatchpointSet>>, WTF::DefaultRefDerefTraits<WTF::RefCountable<JSC::InlineWatchpointSet>>> WTF::RefCountable<JSC::InlineWatchpointSet>::create<JSC::WatchpointState>(JSC::WatchpointState&&) /root/WebKit/WebKitBuild/TSan/WTF/Headers/wtf/RefCountable.h:46:26 (jsc+0x144e79a)
    #5 WTF::Box<JSC::InlineWatchpointSet> WTF::Box<JSC::InlineWatchpointSet>::create<JSC::WatchpointState>(JSC::WatchpointState&&) /root/WebKit/WebKitBuild/TSan/WTF/Headers/wtf/Box.h:55:25 (jsc+0x144e79a)
    #6 JSC::FunctionExecutable::ensurePolyProtoWatchpoint() /root/WebKit/Source/JavaScriptCore/runtime/FunctionExecutable.h:305:37 (jsc+0x144e79a)
    #7 JSC::ObjectAllocationProfileBase<JSC::ObjectAllocationProfileWithPrototype>::initializeProfile(JSC::VM&, JSC::JSGlobalObject*, JSC::JSCell*, JSC::JSObject*, unsigned int, JSC::JSFunction*, JSC::FunctionRareData*) /root/WebKit/Source/JavaScriptCore/bytecode/ObjectAllocationProfileInlines.h:68:39 (jsc+0x144dfd5)
    #8 JSC::FunctionRareData::initializeObjectAllocationProfile(JSC::VM&, JSC::JSGlobalObject*, JSC::JSObject*, unsigned long, JSC::JSFunction*)::$_1::operator()(JSC::JSObject*, unsigned long) const /root/WebKit/Source/JavaScriptCore/runtime/FunctionRareData.cpp:135:31 (jsc+0x144c5ce)
    #9 JSC::FunctionRareData::initializeObjectAllocationProfile(JSC::VM&, JSC::JSGlobalObject*, JSC::JSObject*, unsigned long, JSC::JSFunction*) /root/WebKit/Source/JavaScriptCore/runtime/FunctionRareData.cpp:182:13 (jsc+0x144c0c1)
    #10 JSC::JSFunction::allocateAndInitializeRareData(JSC::JSGlobalObject*, unsigned long) /root/WebKit/Source/JavaScriptCore/runtime/JSFunction.cpp:196:15 (jsc+0x158c2bc)
    #11 JSC::JSFunction::ensureRareDataAndObjectAllocationProfile(JSC::JSGlobalObject*, unsigned int) /root/WebKit/Source/JavaScriptCore/runtime/JSFunctionInlines.h:268:16 (jsc+0x13a2c01)
    #12 slow_path_create_this /root/WebKit/Source/JavaScriptCore/runtime/CommonSlowPaths.cpp:175:80 (jsc+0x13a2c01)
    #13 llint_op_create_this LowLevelInterpreter.cpp (jsc+0x1e1d0a5)
    #14 JSC::Interpreter::executeCall(JSC::JSObject*, JSC::CallData const&, JSC::JSValue, JSC::JSCell*, JSC::ArgList const&) /root/WebKit/Source/JavaScriptCore/interpreter/Interpreter.cpp (jsc+0xe8bd4d)
    #15 JSC::call(JSC::JSGlobalObject*, JSC::JSValue, JSC::CallData const&, JSC::JSValue, JSC::ArgList const&) /root/WebKit/Source/JavaScriptCore/runtime/CallData.cpp:70:27 (jsc+0x1360a31)
    #16 JSC::call(JSC::JSGlobalObject*, JSC::JSValue, JSC::CallData const&, JSC::JSValue, JSC::ArgList const&, WTF::NakedPtr<JSC::Exception>&) /root/WebKit/Source/JavaScriptCore/runtime/CallData.cpp:77:22 (jsc+0x1360a31)
    #17 JSC::threadMain(JSC::VM&, WTF::Ref<JSC::ThreadState, WTF::RawPtrTraits<JSC::ThreadState>, WTF::DefaultRefDerefTraits<JSC::ThreadState>>) /root/WebKit/Source/JavaScriptCore/runtime/ThreadObject.cpp:241:30 (jsc+0x19a41fc)
    #18 JSC::constructThread(JSC::JSGlobalObject*, JSC::CallFrame*)::$_0::operator()() /root/WebKit/Source/JavaScriptCore/runtime/ThreadObject.cpp:468:9 (jsc+0x19a41fc)
    #19 WTF::Detail::CallableWrapper<JSC::constructThread(JSC::JSGlobalObject*, JSC::CallFrame*)::$_0, void>::call() /root/WebKit/WebKitBuild/TSan/WTF/Headers/wtf/Function.h:59:39 (jsc+0x19a41fc)
    #20 WTF::Function<void ()>::operator()() const /root/WebKit/Source/WTF/wtf/Function.h:103:35 (jsc+0x25b4dc5)
    #21 WTF::Thread::entryPoint(WTF::Thread::NewThreadContext*) /root/WebKit/Source/WTF/wtf/Threading.cpp:312:5 (jsc+0x25b4dc5)
    #22 WTF::wtfThreadEntryPoint(void*) /root/WebKit/Source/WTF/wtf/posix/ThreadingPOSIX.cpp:264:5 (jsc+0x260ed49)

  Location is heap block of size 16 at 0x720400001050 allocated by thread T3:
    #0 malloc /home/runner/work/llvm-project/llvm-project/compiler-rt/lib/tsan/rtl/tsan_interceptors_posix.cpp:682:5 (jsc+0x13dc20)
    #1 bmalloc::api::malloc(unsigned long, bmalloc::CompactAllocationMode, bmalloc::HeapKind) /root/WebKit/WebKitBuild/TSan/bmalloc/Headers/bmalloc/bmalloc.h:96:20 (jsc+0x2598009)
    #2 WTF::fastMalloc(unsigned long) /root/WebKit/Source/WTF/wtf/FastMalloc.cpp:337:20 (jsc+0x2598009)
    #3 WTF::ThreadSafeRefCountedBase::operator new(unsigned long) /root/WebKit/WebKitBuild/TSan/WTF/Headers/wtf/ThreadSafeRefCounted.h:39:5 (jsc+0x144e79a)
    #4 WTF::Ref<WTF::RefCountable<JSC::InlineWatchpointSet>, WTF::RawPtrTraits<WTF::RefCountable<JSC::InlineWatchpointSet>>, WTF::DefaultRefDerefTraits<WTF::RefCountable<JSC::InlineWatchpointSet>>> WTF::RefCountable<JSC::InlineWatchpointSet>::create<JSC::WatchpointState>(JSC::WatchpointState&&) /root/WebKit/WebKitBuild/TSan/WTF/Headers/wtf/RefCountable.h:46:26 (jsc+0x144e79a)
    #5 WTF::Box<JSC::InlineWatchpointSet> WTF::Box<JSC::InlineWatchpointSet>::create<JSC::WatchpointState>(JSC::WatchpointState&&) /root/WebKit/WebKitBuild/TSan/WTF/Headers/wtf/Box.h:55:25 (jsc+0x144e79a)
    #6 JSC::FunctionExecutable::ensurePolyProtoWatchpoint() /root/WebKit/Source/JavaScriptCore/runtime/FunctionExecutable.h:305:37 (jsc+0x144e79a)
    #7 JSC::ObjectAllocationProfileBase<JSC::ObjectAllocationProfileWithPrototype>::initializeProfile(JSC::VM&, JSC::JSGlobalObject*, JSC::JSCell*, JSC::JSObject*, unsigned int, JSC::JSFunction*, JSC::FunctionRareData*) /root/WebKit/Source/JavaScriptCore/bytecode/ObjectAllocationProfileInlines.h:68:39 (jsc+0x144dfd5)
    #8 JSC::FunctionRareData::initializeObjectAllocationProfile(JSC::VM&, JSC::JSGlobalObject*, JSC::JSObject*, unsigned long, JSC::JSFunction*)::$_1::operator()(JSC::JSObject*, unsigned long) const /root/WebKit/Source/JavaScriptCore/runtime/FunctionRareData.cpp:135:31 (jsc+0x144c5ce)
    #9 JSC::FunctionRareData::initializeObjectAllocationProfile(JSC::VM&, JSC::JSGlobalObject*, JSC::JSObject*, unsigned long, JSC::JSFunction*) /root/WebKit/Source/JavaScriptCore/runtime/FunctionRareData.cpp:182:13 (jsc+0x144c0c1)
    #10 JSC::JSFunction::allocateAndInitializeRareData(JSC::JSGlobalObject*, unsigned long) /root/WebKit/Source/JavaScriptCore/runtime/JSFunction.cpp:196:15 (jsc+0x158c2bc)
    #11 JSC::JSFunction::ensureRareDataAndObjectAllocationProfile(JSC::JSGlobalObject*, unsigned int) /root/WebKit/Source/JavaScriptCore/runtime/JSFunctionInlines.h:268:16 (jsc+0x13a2c01)
    #12 slow_path_create_this /root/WebKit/Source/JavaScriptCore/runtime/CommonSlowPaths.cpp:175:80 (jsc+0x13a2c01)
    #13 llint_op_create_this LowLevelInterpreter.cpp (jsc+0x1e1d0a5)
    #14 JSC::Interpreter::executeCall(JSC::JSObject*, JSC::CallData const&, JSC::JSValue, JSC::JSCell*, JSC::ArgList const&) /root/WebKit/Source/JavaScriptCore/interpreter/Interpreter.cpp (jsc+0xe8bd4d)
    #15 JSC::call(JSC::JSGlobalObject*, JSC::JSValue, JSC::CallData const&, JSC::JSValue, JSC::ArgList const&) /root/WebKit/Source/JavaScriptCore/runtime/CallData.cpp:70:27 (jsc+0x1360a31)
    #16 JSC::call(JSC::JSGlobalObject*, JSC::JSValue, JSC::CallData const&, JSC::JSValue, JSC::ArgList const&, WTF::NakedPtr<JSC::Exception>&) /root/WebKit/Source/JavaScriptCore/runtime/CallData.cpp:77:22 (jsc+0x1360a31)
    #17 JSC::threadMain(JSC::VM&, WTF::Ref<JSC::ThreadState, WTF::RawPtrTraits<JSC::ThreadState>, WTF::DefaultRefDerefTraits<JSC::ThreadState>>) /root/WebKit/Source/JavaScriptCore/runtime/ThreadObject.cpp:241:30 (jsc+0x19a41fc)
    #18 JSC::constructThread(JSC::JSGlobalObject*, JSC::CallFrame*)::$_0::operator()() /root/WebKit/Source/JavaScriptCore/runtime/ThreadObject.cpp:468:9 (jsc+0x19a41fc)
    #19 WTF::Detail::CallableWrapper<JSC::constructThread(JSC::JSGlobalObject*, JSC::CallFrame*)::$_0, void>::call() /root/WebKit/WebKitBuild/TSan/WTF/Headers/wtf/Function.h:59:39 (jsc+0x19a41fc)
    #20 WTF::Function<void ()>::operator()() const /root/WebKit/Source/WTF/wtf/Function.h:103:35 (jsc+0x25b4dc5)
    #21 WTF::Thread::entryPoint(WTF::Thread::NewThreadContext*) /root/WebKit/Source/WTF/wtf/Threading.cpp:312:5 (jsc+0x25b4dc5)
    #22 WTF::wtfThreadEntryPoint(void*) /root/WebKit/Source/WTF/wtf/posix/ThreadingPOSIX.cpp:264:5 (jsc+0x260ed49)

  Thread T2 'JS Thread' (tid=2867818, running) created by main thread at:
    #0 pthread_create /home/runner/work/llvm-project/llvm-project/compiler-rt/lib/tsan/rtl/tsan_interceptors_posix.cpp:1090:3 (jsc+0x13ff1a)
    #1 WTF::Thread::establishHandle(WTF::Thread::NewThreadContext&, WTF::StackAllocationSpecification, WTF::ThreadQOS, WTF::ThreadSchedulingPolicy) /root/WebKit/Source/WTF/wtf/posix/ThreadingPOSIX.cpp:354:17 (jsc+0x260ec35)
    #2 WTF::Thread::create(WTF::ASCIILiteral, WTF::Function<void ()>&&, WTF::ThreadType, WTF::ThreadQOS, WTF::ThreadSchedulingPolicy, WTF::StackAllocationSpecification) /root/WebKit/Source/WTF/wtf/Threading.cpp:330:32 (jsc+0x25b5103)
    #3 JSC::constructThread(JSC::JSGlobalObject*, JSC::CallFrame*) /root/WebKit/Source/JavaScriptCore/runtime/ThreadObject.cpp:467:5 (jsc+0x199c78f)
    #4 <null> <null> (0x7fabe07ff217)
    #5 JSC::evaluate(JSC::JSGlobalObject*, JSC::SourceCode const&, JSC::JSValue, WTF::NakedPtr<JSC::Exception>&) /root/WebKit/Source/JavaScriptCore/runtime/Completion.cpp:145:37 (jsc+0x13c3783)
    #6 runWithOptions(GlobalObject*, CommandLine&, bool&) /root/WebKit/Source/JavaScriptCore/jsc.cpp:3957:35 (jsc+0x1cafc5)
    #7 jscmain(int, char**)::$_0::operator()(JSC::VM&, GlobalObject*, bool&) const /root/WebKit/Source/JavaScriptCore/jsc.cpp:4686:13 (jsc+0x1cafc5)
    #8 int runJSC<jscmain(int, char**)::$_0>(CommandLine const&, bool, jscmain(int, char**)::$_0 const&) /root/WebKit/Source/JavaScriptCore/jsc.cpp:4472:13 (jsc+0x1cafc5)
    #9 jscmain(int, char**) /root/WebKit/Source/JavaScriptCore/jsc.cpp:4679:18 (jsc+0x1cafc5)
    #10 main /root/WebKit/Source/JavaScriptCore/jsc.cpp:3715:15 (jsc+0x1c9803)

  Thread T3 'JS Thread' (tid=2867821, running) created by main thread at:
    #0 pthread_create /home/runner/work/llvm-project/llvm-project/compiler-rt/lib/tsan/rtl/tsan_interceptors_posix.cpp:1090:3 (jsc+0x13ff1a)
    #1 WTF::Thread::establishHandle(WTF::Thread::NewThreadContext&, WTF::StackAllocationSpecification, WTF::ThreadQOS, WTF::ThreadSchedulingPolicy) /root/WebKit/Source/WTF/wtf/posix/ThreadingPOSIX.cpp:354:17 (jsc+0x260ec35)
    #2 WTF::Thread::create(WTF::ASCIILiteral, WTF::Function<void ()>&&, WTF::ThreadType, WTF::ThreadQOS, WTF::ThreadSchedulingPolicy, WTF::StackAllocationSpecification) /root/WebKit/Source/WTF/wtf/Threading.cpp:330:32 (jsc+0x25b5103)
    #3 JSC::constructThread(JSC::JSGlobalObject*, JSC::CallFrame*) /root/WebKit/Source/JavaScriptCore/runtime/ThreadObject.cpp:467:5 (jsc+0x199c78f)
    #4 <null> <null> (0x7fabe07ff217)
    #5 JSC::evaluate(JSC::JSGlobalObject*, JSC::SourceCode const&, JSC::JSValue, WTF::NakedPtr<JSC::Exception>&) /root/WebKit/Source/JavaScriptCore/runtime/Completion.cpp:145:37 (jsc+0x13c3783)
    #6 runWithOptions(GlobalObject*, CommandLine&, bool&) /root/WebKit/Source/JavaScriptCore/jsc.cpp:3957:35 (jsc+0x1cafc5)
    #7 jscmain(int, char**)::$_0::operator()(JSC::VM&, GlobalObject*, bool&) const /root/WebKit/Source/JavaScriptCore/jsc.cpp:4686:13 (jsc+0x1cafc5)
    #8 int runJSC<jscmain(int, char**)::$_0>(CommandLine const&, bool, jscmain(int, char**)::$_0 const&) /root/WebKit/Source/JavaScriptCore/jsc.cpp:4472:13 (jsc+0x1cafc5)
    #9 jscmain(int, char**) /root/WebKit/Source/JavaScriptCore/jsc.cpp:4679:18 (jsc+0x1cafc5)
    #10 main /root/WebKit/Source/JavaScriptCore/jsc.cpp:3715:15 (jsc+0x1c9803)

SUMMARY: ThreadSanitizer: data race /root/WebKit/WebKitBuild/TSan/WTF/Headers/wtf/Atomics.h:55:100 in WTF::Atomic<unsigned long>::load(std::memory_order) const
==================
==================
WARNING: ThreadSanitizer: data race (pid=2867795)
  Atomic read of size 4 at 0x720800015af0 by thread T5:
    #0 std::__atomic_base<unsigned int>::load(std::memory_order) const /usr/lib/gcc/x86_64-amazon-linux/14/../../../../include/c++/14/bits/atomic_base.h:501:9 (jsc+0x3b4eaa)
    #1 WTF::StringImplShape::hashAndFlags() const /root/WebKit/WebKitBuild/TSan/WTF/Headers/wtf/text/StringImpl.h:192:59 (jsc+0x3b4eaa)
    #2 WTF::StringImpl::isAtom() const /root/WebKit/WebKitBuild/TSan/WTF/Headers/wtf/text/StringImpl.h:368:34 (jsc+0x3b4eaa)
    #3 JSC::speculationFromCell(JSC::JSCell*) /root/WebKit/Source/JavaScriptCore/bytecode/SpeculatedType.cpp:609:23 (jsc+0x3b4eaa)
    #4 JSC::speculationFromValue(JSC::JSValue) /root/WebKit/Source/JavaScriptCore/bytecode/SpeculatedType.cpp:640:16 (jsc+0x3b4eaa)
    #5 JSC::ValueProfileBase<1u, 1u>::computeUpdatedPrediction(JSC::ConcurrentJSLocker const&) /root/WebKit/Source/JavaScriptCore/bytecode/ValueProfile.h:191:38 (jsc+0x29d0da)
    #6 _ZZN3JSC9CodeBlock55updateAllNonLazyValueProfilePredictionsAndCountLivenessERKNS_18ConcurrentJSLockerERjS4_ENK3$_0clINS_20ArgumentValueProfileEEEDaRT_b /root/WebKit/Source/JavaScriptCore/bytecode/CodeBlock.cpp:3347:21 (jsc+0x29d0da)
    #7 void JSC::CodeBlock::forEachValueProfile<JSC::CodeBlock::updateAllNonLazyValueProfilePredictionsAndCountLiveness(JSC::ConcurrentJSLocker const&, unsigned int&, unsigned int&)::$_0>(JSC::CodeBlock::updateAllNonLazyValueProfilePredictionsAndCountLiveness(JSC::ConcurrentJSLocker const&, unsigned int&, unsigned int&)::$_0 const&) /root/WebKit/Source/JavaScriptCore/bytecode/CodeBlockInlines.h:42:9 (jsc+0x29d0da)
    #8 JSC::CodeBlock::updateAllNonLazyValueProfilePredictionsAndCountLiveness(JSC::ConcurrentJSLocker const&, unsigned int&, unsigned int&) /root/WebKit/Source/JavaScriptCore/bytecode/CodeBlock.cpp:3339:5 (jsc+0x29d0da)
    #9 JSC::CodeBlock::updateAllNonLazyValueProfilePredictions(JSC::ConcurrentJSLocker const&) /root/WebKit/Source/JavaScriptCore/bytecode/CodeBlock.cpp:3375:5 (jsc+0x29d511)
    #10 JSC::BaselineJITPlan::compileInThreadImpl(JSC::JITCompilationEffort) /root/WebKit/Source/JavaScriptCore/jit/BaselineJITPlan.cpp:46:22 (jsc+0xead057)
    #11 JSC::BaselineJITPlan::compileInThreadImpl() /root/WebKit/Source/JavaScriptCore/jit/BaselineJITPlan.cpp:78:12 (jsc+0xead53b)
    #12 JSC::JITPlan::compileInThread(JSC::JITWorklistThread*) /root/WebKit/Source/JavaScriptCore/jit/JITPlan.cpp:283:28 (jsc+0xfdf11d)
    #13 JSC::JITWorklistThread::work() /root/WebKit/Source/JavaScriptCore/jit/JITWorklistThread.cpp:145:13 (jsc+0x1049a9b)
    #14 WTF::AutomaticThread::start(WTF::AbstractLocker const&)::$_0::operator()() const /root/WebKit/Source/WTF/wtf/AutomaticThread.cpp:260:37 (jsc+0x2589eac)
    #15 WTF::Detail::CallableWrapper<WTF::AutomaticThread::start(WTF::AbstractLocker const&)::$_0, void>::call() /root/WebKit/Source/WTF/wtf/Function.h:59:39 (jsc+0x2589eac)
    #16 WTF::Function<void ()>::operator()() const /root/WebKit/Source/WTF/wtf/Function.h:103:35 (jsc+0x25b4dc5)
    #17 WTF::Thread::entryPoint(WTF::Thread::NewThreadContext*) /root/WebKit/Source/WTF/wtf/Threading.cpp:312:5 (jsc+0x25b4dc5)
    #18 WTF::wtfThreadEntryPoint(void*) /root/WebKit/Source/WTF/wtf/posix/ThreadingPOSIX.cpp:264:5 (jsc+0x260ed49)

  Previous write of size 8 at 0x720800015af0 by main thread:
    #0 malloc /home/runner/work/llvm-project/llvm-project/compiler-rt/lib/tsan/rtl/tsan_interceptors_posix.cpp:682:5 (jsc+0x13dc20)
    #1 bmalloc::api::tryMalloc(unsigned long, bmalloc::CompactAllocationMode, bmalloc::HeapKind) /root/WebKit/WebKitBuild/TSan/bmalloc/Headers/bmalloc/bmalloc.h:76:12 (jsc+0x259828d)
    #2 WTF::tryFastCompactMalloc(unsigned long) /root/WebKit/Source/WTF/wtf/FastMalloc.cpp:566:20 (jsc+0x259828d)
    #3 WTF::FastCompactMalloc::tryMalloc(unsigned long) /root/WebKit/WebKitBuild/TSan/WTF/Headers/wtf/FastMalloc.h:291:23 (jsc+0x7c9b09)
    #4 WTF::RefPtr<WTF::StringImpl, WTF::RawPtrTraits<WTF::StringImpl>, WTF::DefaultRefDerefTraits<WTF::StringImpl>> WTF::StringImpl::tryCreateUninitialized<unsigned char>(unsigned long, std::span<unsigned char, 18446744073709551615ul>&) /root/WebKit/WebKitBuild/TSan/WTF/Headers/wtf/text/StringImpl.h:1226:64 (jsc+0x7c9b09)
    #5 WTF::RefPtr<WTF::StringImpl, WTF::RawPtrTraits<WTF::StringImpl>, WTF::DefaultRefDerefTraits<WTF::StringImpl>> WTF::tryMakeStringImplFromAdaptersInternal<WTF::StringTypeAdapter<WTF::String>, WTF::StringTypeAdapter<WTF::String>>(unsigned int, bool, WTF::StringTypeAdapter<WTF::String>, WTF::StringTypeAdapter<WTF::String>) /root/WebKit/WebKitBuild/TSan/WTF/Headers/wtf/text/MakeString.h:49:25 (jsc+0x7c9b09)
    #6 WTF::String WTF::tryMakeStringFromAdapters<WTF::StringTypeAdapter<WTF::String>, WTF::StringTypeAdapter<WTF::String>>(WTF::StringTypeAdapter<WTF::String>&&, WTF::StringTypeAdapter<WTF::String>&&) /root/WebKit/WebKitBuild/TSan/WTF/Headers/wtf/text/MakeString.h:85:16 (jsc+0x7c948b)
    #7 WTF::String WTF::tryMakeString<WTF::String, WTF::String>(WTF::String, WTF::String const&...) /root/WebKit/WebKitBuild/TSan/WTF/Headers/wtf/text/MakeString.h:92:12 (jsc+0x7c948b)
    #8 JSC::jsString(JSC::JSGlobalObject*, JSC::JSString*, WTF::String const&) /root/WebKit/Source/JavaScriptCore/runtime/OperationsInlines.h:136:24 (jsc+0x7c948b)
    #9 JSC::jsAddNonNumber(JSC::JSGlobalObject*, JSC::JSValue, JSC::JSValue) /root/WebKit/Source/JavaScriptCore/runtime/OperationsInlines.h:555:9 (jsc+0x75239a)
    #10 JSC::jsAdd(JSC::JSGlobalObject*, JSC::JSValue, JSC::JSValue) /root/WebKit/Source/JavaScriptCore/runtime/OperationsInlines.h:567:12 (jsc+0x13aa03d)
    #11 slow_path_add /root/WebKit/Source/JavaScriptCore/runtime/CommonSlowPaths.cpp:614:22 (jsc+0x13aa03d)
    #12 llint_op_add LowLevelInterpreter.cpp (jsc+0x1e0827d)
    #13 JSC::evaluate(JSC::JSGlobalObject*, JSC::SourceCode const&, JSC::JSValue, WTF::NakedPtr<JSC::Exception>&) /root/WebKit/Source/JavaScriptCore/runtime/Completion.cpp:145:37 (jsc+0x13c3783)
    #14 runWithOptions(GlobalObject*, CommandLine&, bool&) /root/WebKit/Source/JavaScriptCore/jsc.cpp:3957:35 (jsc+0x1cafc5)
    #15 jscmain(int, char**)::$_0::operator()(JSC::VM&, GlobalObject*, bool&) const /root/WebKit/Source/JavaScriptCore/jsc.cpp:4686:13 (jsc+0x1cafc5)
    #16 int runJSC<jscmain(int, char**)::$_0>(CommandLine const&, bool, jscmain(int, char**)::$_0 const&) /root/WebKit/Source/JavaScriptCore/jsc.cpp:4472:13 (jsc+0x1cafc5)
    #17 jscmain(int, char**) /root/WebKit/Source/JavaScriptCore/jsc.cpp:4679:18 (jsc+0x1cafc5)
    #18 main /root/WebKit/Source/JavaScriptCore/jsc.cpp:3715:15 (jsc+0x1c9803)

  Location is heap block of size 26 at 0x720800015ae0 allocated by main thread:
    #0 malloc /home/runner/work/llvm-project/llvm-project/compiler-rt/lib/tsan/rtl/tsan_interceptors_posix.cpp:682:5 (jsc+0x13dc20)
    #1 bmalloc::api::tryMalloc(unsigned long, bmalloc::CompactAllocationMode, bmalloc::HeapKind) /root/WebKit/WebKitBuild/TSan/bmalloc/Headers/bmalloc/bmalloc.h:76:12 (jsc+0x259828d)
    #2 WTF::tryFastCompactMalloc(unsigned long) /root/WebKit/Source/WTF/wtf/FastMalloc.cpp:566:20 (jsc+0x259828d)
    #3 WTF::FastCompactMalloc::tryMalloc(unsigned long) /root/WebKit/WebKitBuild/TSan/WTF/Headers/wtf/FastMalloc.h:291:23 (jsc+0x7c9b09)
    #4 WTF::RefPtr<WTF::StringImpl, WTF::RawPtrTraits<WTF::StringImpl>, WTF::DefaultRefDerefTraits<WTF::StringImpl>> WTF::StringImpl::tryCreateUninitialized<unsigned char>(unsigned long, std::span<unsigned char, 18446744073709551615ul>&) /root/WebKit/WebKitBuild/TSan/WTF/Headers/wtf/text/StringImpl.h:1226:64 (jsc+0x7c9b09)
    #5 WTF::RefPtr<WTF::StringImpl, WTF::RawPtrTraits<WTF::StringImpl>, WTF::DefaultRefDerefTraits<WTF::StringImpl>> WTF::tryMakeStringImplFromAdaptersInternal<WTF::StringTypeAdapter<WTF::String>, WTF::StringTypeAdapter<WTF::String>>(unsigned int, bool, WTF::StringTypeAdapter<WTF::String>, WTF::StringTypeAdapter<WTF::String>) /root/WebKit/WebKitBuild/TSan/WTF/Headers/wtf/text/MakeString.h:49:25 (jsc+0x7c9b09)
    #6 WTF::String WTF::tryMakeStringFromAdapters<WTF::StringTypeAdapter<WTF::String>, WTF::StringTypeAdapter<WTF::String>>(WTF::StringTypeAdapter<WTF::String>&&, WTF::StringTypeAdapter<WTF::String>&&) /root/WebKit/WebKitBuild/TSan/WTF/Headers/wtf/text/MakeString.h:85:16 (jsc+0x7c948b)
    #7 WTF::String WTF::tryMakeString<WTF::String, WTF::String>(WTF::String, WTF::String const&...) /root/WebKit/WebKitBuild/TSan/WTF/Headers/wtf/text/MakeString.h:92:12 (jsc+0x7c948b)
    #8 JSC::jsString(JSC::JSGlobalObject*, JSC::JSString*, WTF::String const&) /root/WebKit/Source/JavaScriptCore/runtime/OperationsInlines.h:136:24 (jsc+0x7c948b)
    #9 JSC::jsAddNonNumber(JSC::JSGlobalObject*, JSC::JSValue, JSC::JSValue) /root/WebKit/Source/JavaScriptCore/runtime/OperationsInlines.h:555:9 (jsc+0x75239a)
    #10 JSC::jsAdd(JSC::JSGlobalObject*, JSC::JSValue, JSC::JSValue) /root/WebKit/Source/JavaScriptCore/runtime/OperationsInlines.h:567:12 (jsc+0x13aa03d)
    #11 slow_path_add /root/WebKit/Source/JavaScriptCore/runtime/CommonSlowPaths.cpp:614:22 (jsc+0x13aa03d)
    #12 llint_op_add LowLevelInterpreter.cpp (jsc+0x1e0827d)
    #13 JSC::evaluate(JSC::JSGlobalObject*, JSC::SourceCode const&, JSC::JSValue, WTF::NakedPtr<JSC::Exception>&) /root/WebKit/Source/JavaScriptCore/runtime/Completion.cpp:145:37 (jsc+0x13c3783)
    #14 runWithOptions(GlobalObject*, CommandLine&, bool&) /root/WebKit/Source/JavaScriptCore/jsc.cpp:3957:35 (jsc+0x1cafc5)
    #15 jscmain(int, char**)::$_0::operator()(JSC::VM&, GlobalObject*, bool&) const /root/WebKit/Source/JavaScriptCore/jsc.cpp:4686:13 (jsc+0x1cafc5)
    #16 int runJSC<jscmain(int, char**)::$_0>(CommandLine const&, bool, jscmain(int, char**)::$_0 const&) /root/WebKit/Source/JavaScriptCore/jsc.cpp:4472:13 (jsc+0x1cafc5)
    #17 jscmain(int, char**) /root/WebKit/Source/JavaScriptCore/jsc.cpp:4679:18 (jsc+0x1cafc5)
    #18 main /root/WebKit/Source/JavaScriptCore/jsc.cpp:3715:15 (jsc+0x1c9803)

  Thread T5 'JITWorker' (tid=2867965, running) created by thread T1 at:
    #0 pthread_create /home/runner/work/llvm-project/llvm-project/compiler-rt/lib/tsan/rtl/tsan_interceptors_posix.cpp:1090:3 (jsc+0x13ff1a)
    #1 WTF::Thread::establishHandle(WTF::Thread::NewThreadContext&, WTF::StackAllocationSpecification, WTF::ThreadQOS, WTF::ThreadSchedulingPolicy) /root/WebKit/Source/WTF/wtf/posix/ThreadingPOSIX.cpp:354:17 (jsc+0x260ec35)
    #2 WTF::Thread::create(WTF::ASCIILiteral, WTF::Function<void ()>&&, WTF::ThreadType, WTF::ThreadQOS, WTF::ThreadSchedulingPolicy, WTF::StackAllocationSpecification) /root/WebKit/Source/WTF/wtf/Threading.cpp:330:32 (jsc+0x25b5103)
    #3 WTF::AutomaticThread::start(WTF::AbstractLocker const&) /root/WebKit/Source/WTF/wtf/AutomaticThread.cpp:189:5 (jsc+0x2588929)
    #4 WTF::AutomaticThreadCondition::notifyOne(WTF::AbstractLocker const&) /root/WebKit/Source/WTF/wtf/AutomaticThread.cpp:60:21 (jsc+0x2588729)
    #5 JSC::JITWorklist::wakeThreads(WTF::AbstractLocker const&, unsigned int) /root/WebKit/Source/JavaScriptCore/jit/JITWorklist.cpp:162:25 (jsc+0x1043db6)
    #6 JSC::JITWorklist::enqueue(WTF::Ref<JSC::JITPlan, WTF::RawPtrTraits<JSC::JITPlan>, WTF::DefaultRefDerefTraits<JSC::JITPlan>>) /root/WebKit/Source/JavaScriptCore/jit/JITWorklist.cpp:245:5 (jsc+0x1044622)
    #7 JSC::LLInt::jitCompileAndSetHeuristics(JSC::VM&, JSC::CodeBlock*) /root/WebKit/Source/JavaScriptCore/llint/LLIntSlowPaths.cpp:501:45 (jsc+0x107e357)
    #8 llint_loop_osr /root/WebKit/Source/JavaScriptCore/llint/LLIntSlowPaths.cpp:594:10 (jsc+0x107db9b)
    #9 llint_op_loop_hint LowLevelInterpreter.cpp (jsc+0x1e2343c)
    #10 JSC::Interpreter::executeCall(JSC::JSObject*, JSC::CallData const&, JSC::JSValue, JSC::JSCell*, JSC::ArgList const&) /root/WebKit/Source/JavaScriptCore/interpreter/Interpreter.cpp (jsc+0xe8bd4d)
    #11 JSC::call(JSC::JSGlobalObject*, JSC::JSValue, JSC::CallData const&, JSC::JSValue, JSC::ArgList const&) /root/WebKit/Source/JavaScriptCore/runtime/CallData.cpp:70:27 (jsc+0x1360a31)
    #12 JSC::call(JSC::JSGlobalObject*, JSC::JSValue, JSC::CallData const&, JSC::JSValue, JSC::ArgList const&, WTF::NakedPtr<JSC::Exception>&) /root/WebKit/Source/JavaScriptCore/runtime/CallData.cpp:77:22 (jsc+0x1360a31)
    #13 JSC::threadMain(JSC::VM&, WTF::Ref<JSC::ThreadState, WTF::RawPtrTraits<JSC::ThreadState>, WTF::DefaultRefDerefTraits<JSC::ThreadState>>) /root/WebKit/Source/JavaScriptCore/runtime/ThreadObject.cpp:241:30 (jsc+0x19a41fc)
    #14 JSC::constructThread(JSC::JSGlobalObject*, JSC::CallFrame*)::$_0::operator()() /root/WebKit/Source/JavaScriptCore/runtime/ThreadObject.cpp:468:9 (jsc+0x19a41fc)
    #15 WTF::Detail::CallableWrapper<JSC::constructThread(JSC::JSGlobalObject*, JSC::CallFrame*)::$_0, void>::call() /root/WebKit/WebKitBuild/TSan/WTF/Headers/wtf/Function.h:59:39 (jsc+0x19a41fc)
    #16 WTF::Function<void ()>::operator()() const /root/WebKit/Source/WTF/wtf/Function.h:103:35 (jsc+0x25b4dc5)
    #17 WTF::Thread::entryPoint(WTF::Thread::NewThreadContext*) /root/WebKit/Source/WTF/wtf/Threading.cpp:312:5 (jsc+0x25b4dc5)
    #18 WTF::wtfThreadEntryPoint(void*) /root/WebKit/Source/WTF/wtf/posix/ThreadingPOSIX.cpp:264:5 (jsc+0x260ed49)

SUMMARY: ThreadSanitizer: data race /root/WebKit/WebKitBuild/TSan/WTF/Headers/wtf/text/StringImpl.h:192:59 in WTF::StringImplShape::hashAndFlags() const
==================
==================
WARNING: ThreadSanitizer: data race (pid=2867795)
  Atomic read of size 1 at 0x72a000194134 by thread T7:
    #0 unsigned char JSC::cellHeaderConcurrentLoad<unsigned char>(unsigned char const&) /root/WebKit/WebKitBuild/TSan/JavaScriptCore/PrivateHeaders/JavaScriptCore/JSCell.h:99:5 (jsc+0xfbd9e1)
    #1 JSC::JSCell::indexingTypeAndMisc() const /root/WebKit/WebKitBuild/TSan/JavaScriptCore/PrivateHeaders/JavaScriptCore/JSCell.h:213:55 (jsc+0xfbd9e1)
    #2 JSC::JSCell::indexingType() const /root/WebKit/WebKitBuild/TSan/JavaScriptCore/PrivateHeaders/JavaScriptCore/JSCell.h:215:48 (jsc+0xfbd9e1)
    #3 JSC::ArrayAllocationProfile::selectIndexingType() /root/WebKit/Source/JavaScriptCore/bytecode/ArrayAllocationProfile.h:62:28 (jsc+0xfbd9e1)
    #4 JSC::ArrayAllocationProfile::selectIndexingTypeFor(JSC::ArrayAllocationProfile*) /root/WebKit/Source/JavaScriptCore/bytecode/ArrayAllocationProfile.h:102:25 (jsc+0xfbd9e1)
    #5 JSC::JSGlobalObject::arrayStructureForProfileDuringAllocation(JSC::JSGlobalObject*, JSC::ArrayAllocationProfile*, JSC::JSValue) const /root/WebKit/Source/JavaScriptCore/runtime/JSGlobalObjectInlines.h:400:72 (jsc+0xfbd9e1)
    #6 JSC::constructArrayNegativeIndexed(JSC::JSGlobalObject*, JSC::ArrayAllocationProfile*, JSC::JSValue const*, unsigned int, JSC::JSValue) /root/WebKit/Source/JavaScriptCore/runtime/JSGlobalObjectInlines.h:320:42 (jsc+0xfbd9e1)
    #7 operationNewArrayWithProfile /root/WebKit/Source/JavaScriptCore/jit/JITOperations.cpp:2710:5 (jsc+0xfbd885)
    #8 <null> <null> (0x7fabe0802a25)
    #9 JSC::Interpreter::executeCall(JSC::JSObject*, JSC::CallData const&, JSC::JSValue, JSC::JSCell*, JSC::ArgList const&) /root/WebKit/Source/JavaScriptCore/interpreter/Interpreter.cpp (jsc+0xe8bd4d)
    #10 JSC::call(JSC::JSGlobalObject*, JSC::JSValue, JSC::CallData const&, JSC::JSValue, JSC::ArgList const&) /root/WebKit/Source/JavaScriptCore/runtime/CallData.cpp:70:27 (jsc+0x1360a31)
    #11 JSC::call(JSC::JSGlobalObject*, JSC::JSValue, JSC::CallData const&, JSC::JSValue, JSC::ArgList const&, WTF::NakedPtr<JSC::Exception>&) /root/WebKit/Source/JavaScriptCore/runtime/CallData.cpp:77:22 (jsc+0x1360a31)
    #12 JSC::threadMain(JSC::VM&, WTF::Ref<JSC::ThreadState, WTF::RawPtrTraits<JSC::ThreadState>, WTF::DefaultRefDerefTraits<JSC::ThreadState>>) /root/WebKit/Source/JavaScriptCore/runtime/ThreadObject.cpp:241:30 (jsc+0x19a41fc)
    #13 JSC::constructThread(JSC::JSGlobalObject*, JSC::CallFrame*)::$_0::operator()() /root/WebKit/Source/JavaScriptCore/runtime/ThreadObject.cpp:468:9 (jsc+0x19a41fc)
    #14 WTF::Detail::CallableWrapper<JSC::constructThread(JSC::JSGlobalObject*, JSC::CallFrame*)::$_0, void>::call() /root/WebKit/WebKitBuild/TSan/WTF/Headers/wtf/Function.h:59:39 (jsc+0x19a41fc)
    #15 WTF::Function<void ()>::operator()() const /root/WebKit/Source/WTF/wtf/Function.h:103:35 (jsc+0x25b4dc5)
    #16 WTF::Thread::entryPoint(WTF::Thread::NewThreadContext*) /root/WebKit/Source/WTF/wtf/Threading.cpp:312:5 (jsc+0x25b4dc5)
    #17 WTF::wtfThreadEntryPoint(void*) /root/WebKit/Source/WTF/wtf/posix/ThreadingPOSIX.cpp:264:5 (jsc+0x260ed49)

  Previous write of size 8 at 0x72a000194130 by thread T6:
    #0 aligned_alloc /home/runner/work/llvm-project/llvm-project/compiler-rt/lib/tsan/rtl/tsan_interceptors_posix.cpp:885:3 (jsc+0x13f40e)
    #1 bmalloc::api::tryMemalign(unsigned long, unsigned long, bmalloc::CompactAllocationMode, bmalloc::HeapKind) /root/WebKit/WebKitBuild/TSan/bmalloc/Headers/bmalloc/bmalloc.h:158:12 (jsc+0x2598250)
    #2 WTF::tryFastCompactAlignedMalloc(unsigned long, unsigned long) /root/WebKit/Source/WTF/wtf/FastMalloc.cpp:553:20 (jsc+0x2598250)
    #3 JSC::FastMallocAlignedMemoryAllocator::tryAllocateAlignedMemory(unsigned long, unsigned long) /root/WebKit/Source/JavaScriptCore/heap/FastMallocAlignedMemoryAllocator.cpp:47:12 (jsc+0xdbd790)
    #4 JSC::MarkedBlock::tryCreate(JSC::Heap&, JSC::AlignedMemoryAllocator*) /root/WebKit/Source/JavaScriptCore/heap/MarkedBlock.cpp:138:48 (jsc+0xe4a4b8)
    #5 JSC::BlockDirectory::tryAllocateBlock(WTF::AbstractLocker const&, JSC::Heap&) /root/WebKit/Source/JavaScriptCore/heap/BlockDirectory.cpp:158:35 (jsc+0xdb498d)
    #6 JSC::LocalAllocator::allocateSlowCase(JSC::Heap&, unsigned long, JSC::GCDeferralContext*, JSC::AllocationFailureMode) /root/WebKit/Source/JavaScriptCore/heap/LocalAllocator.cpp:221:47 (jsc+0xe4527e)
    #7 JSC::LocalAllocator::allocate(JSC::Heap&, unsigned long, JSC::GCDeferralContext*, JSC::AllocationFailureMode)::'lambda'()::operator()() const /root/WebKit/WebKitBuild/TSan/JavaScriptCore/PrivateHeaders/JavaScriptCore/LocalAllocatorInlines.h:53:43 (jsc+0x1d135e)
    #8 JSC::HeapCell* JSC::FreeList::allocateWithCellSize<JSC::LocalAllocator::allocate(JSC::Heap&, unsigned long, JSC::GCDeferralContext*, JSC::AllocationFailureMode)::'lambda'()>(JSC::LocalAllocator::allocate(JSC::Heap&, unsigned long, JSC::GCDeferralContext*, JSC::AllocationFailureMode)::'lambda'() const&, unsigned long) /root/WebKit/WebKitBuild/TSan/JavaScriptCore/PrivateHeaders/JavaScriptCore/FreeListInlines.h:46:16 (jsc+0x252e9a)
    #9 JSC::LocalAllocator::allocate(JSC::Heap&, unsigned long, JSC::GCDeferralContext*, JSC::AllocationFailureMode) /root/WebKit/WebKitBuild/TSan/JavaScriptCore/PrivateHeaders/JavaScriptCore/LocalAllocatorInlines.h:50:23 (jsc+0x252e9a)
    #10 JSC::GCClient::IsoSubspace::allocate(JSC::VM&, unsigned long, JSC::GCDeferralContext*, JSC::AllocationFailureMode) /root/WebKit/WebKitBuild/TSan/JavaScriptCore/PrivateHeaders/JavaScriptCore/IsoSubspaceInlines.h:42:29 (jsc+0x252e9a)
    #11 void* JSC::tryAllocateCellHelper<JSC::JSArray, (JSC::AllocationFailureMode)0>(JSC::VM&, unsigned long, JSC::GCDeferralContext*) /root/WebKit/WebKitBuild/TSan/JavaScriptCore/PrivateHeaders/JavaScriptCore/JSCellInlines.h:212:63 (jsc+0x252e9a)
    #12 void* JSC::allocateCell<JSC::JSArray>(JSC::VM&, JSC::GCDeferralContext*, unsigned long) /root/WebKit/WebKitBuild/TSan/JavaScriptCore/PrivateHeaders/JavaScriptCore/JSCellInlines.h:244:12 (jsc+0x252e9a)
    #13 JSC::JSArray::createWithButterfly(JSC::VM&, JSC::GCDeferralContext*, JSC::Structure*, JSC::Butterfly*) /root/WebKit/Source/JavaScriptCore/runtime/JSArray.h:244:36 (jsc+0x1520acc)
    #14 JSC::JSArray::tryCreateUninitializedRestricted(JSC::ObjectInitializationScope&, JSC::GCDeferralContext*, JSC::Structure*, unsigned int) /root/WebKit/Source/JavaScriptCore/runtime/JSArray.cpp:193:23 (jsc+0x1520acc)
    #15 JSC::JSArray::tryCreateUninitializedRestricted(JSC::ObjectInitializationScope&, JSC::Structure*, unsigned int) /root/WebKit/Source/JavaScriptCore/runtime/JSArray.h:90:16 (jsc+0x1534e82)
    #16 JSC::JSArray* JSC::constructArray<(JSC::AllocationFailureMode)1>(JSC::ObjectInitializationScope&, JSC::Structure*, unsigned int) /root/WebKit/Source/JavaScriptCore/runtime/JSArray.cpp:3037:22 (jsc+0x1534e82)
    #17 JSC::constructArrayNegativeIndexed(JSC::JSGlobalObject*, JSC::Structure*, JSC::JSValue const*, unsigned int) /root/WebKit/Source/JavaScriptCore/runtime/JSArray.cpp:3086:22 (jsc+0x1534dd1)
    #18 JSC::constructArrayNegativeIndexed(JSC::JSGlobalObject*, JSC::ArrayAllocationProfile*, JSC::JSValue const*, unsigned int, JSC::JSValue) /root/WebKit/Source/JavaScriptCore/runtime/JSGlobalObjectInlines.h:323:22 (jsc+0xfbda84)
    #19 operationNewArrayWithProfile /root/WebKit/Source/JavaScriptCore/jit/JITOperations.cpp:2710:5 (jsc+0xfbd885)
    #20 <null> <null> (0x7fabe0802a25)
    #21 JSC::Interpreter::executeCall(JSC::JSObject*, JSC::CallData const&, JSC::JSValue, JSC::JSCell*, JSC::ArgList const&) /root/WebKit/Source/JavaScriptCore/interpreter/Interpreter.cpp (jsc+0xe8bd4d)
    #22 JSC::call(JSC::JSGlobalObject*, JSC::JSValue, JSC::CallData const&, JSC::JSValue, JSC::ArgList const&) /root/WebKit/Source/JavaScriptCore/runtime/CallData.cpp:70:27 (jsc+0x1360a31)
    #23 JSC::call(JSC::JSGlobalObject*, JSC::JSValue, JSC::CallData const&, JSC::JSValue, JSC::ArgList const&, WTF::NakedPtr<JSC::Exception>&) /root/WebKit/Source/JavaScriptCore/runtime/CallData.cpp:77:22 (jsc+0x1360a31)
    #24 JSC::threadMain(JSC::VM&, WTF::Ref<JSC::ThreadState, WTF::RawPtrTraits<JSC::ThreadState>, WTF::DefaultRefDerefTraits<JSC::ThreadState>>) /root/WebKit/Source/JavaScriptCore/runtime/ThreadObject.cpp:241:30 (jsc+0x19a41fc)
    #25 JSC::constructThread(JSC::JSGlobalObject*, JSC::CallFrame*)::$_0::operator()() /root/WebKit/Source/JavaScriptCore/runtime/ThreadObject.cpp:468:9 (jsc+0x19a41fc)
    #26 WTF::Detail::CallableWrapper<JSC::constructThread(JSC::JSGlobalObject*, JSC::CallFrame*)::$_0, void>::call() /root/WebKit/WebKitBuild/TSan/WTF/Headers/wtf/Function.h:59:39 (jsc+0x19a41fc)
    #27 WTF::Function<void ()>::operator()() const /root/WebKit/Source/WTF/wtf/Function.h:103:35 (jsc+0x25b4dc5)
    #28 WTF::Thread::entryPoint(WTF::Thread::NewThreadContext*) /root/WebKit/Source/WTF/wtf/Threading.cpp:312:5 (jsc+0x25b4dc5)
    #29 WTF::wtfThreadEntryPoint(void*) /root/WebKit/Source/WTF/wtf/posix/ThreadingPOSIX.cpp:264:5 (jsc+0x260ed49)

  Location is heap block of size 16384 at 0x72a000194000 allocated by thread T6:
    #0 aligned_alloc /home/runner/work/llvm-project/llvm-project/compiler-rt/lib/tsan/rtl/tsan_interceptors_posix.cpp:885:3 (jsc+0x13f40e)
    #1 bmalloc::api::tryMemalign(unsigned long, unsigned long, bmalloc::CompactAllocationMode, bmalloc::HeapKind) /root/WebKit/WebKitBuild/TSan/bmalloc/Headers/bmalloc/bmalloc.h:158:12 (jsc+0x2598250)
    #2 WTF::tryFastCompactAlignedMalloc(unsigned long, unsigned long) /root/WebKit/Source/WTF/wtf/FastMalloc.cpp:553:20 (jsc+0x2598250)
    #3 JSC::FastMallocAlignedMemoryAllocator::tryAllocateAlignedMemory(unsigned long, unsigned long) /root/WebKit/Source/JavaScriptCore/heap/FastMallocAlignedMemoryAllocator.cpp:47:12 (jsc+0xdbd790)
    #4 JSC::MarkedBlock::tryCreate(JSC::Heap&, JSC::AlignedMemoryAllocator*) /root/WebKit/Source/JavaScriptCore/heap/MarkedBlock.cpp:138:48 (jsc+0xe4a4b8)
    #5 JSC::BlockDirectory::tryAllocateBlock(WTF::AbstractLocker const&, JSC::Heap&) /root/WebKit/Source/JavaScriptCore/heap/BlockDirectory.cpp:158:35 (jsc+0xdb498d)
    #6 JSC::LocalAllocator::allocateSlowCase(JSC::Heap&, unsigned long, JSC::GCDeferralContext*, JSC::AllocationFailureMode) /root/WebKit/Source/JavaScriptCore/heap/LocalAllocator.cpp:221:47 (jsc+0xe4527e)
    #7 JSC::LocalAllocator::allocate(JSC::Heap&, unsigned long, JSC::GCDeferralContext*, JSC::AllocationFailureMode)::'lambda'()::operator()() const /root/WebKit/WebKitBuild/TSan/JavaScriptCore/PrivateHeaders/JavaScriptCore/LocalAllocatorInlines.h:53:43 (jsc+0x1d135e)
    #8 JSC::HeapCell* JSC::FreeList::allocateWithCellSize<JSC::LocalAllocator::allocate(JSC::Heap&, unsigned long, JSC::GCDeferralContext*, JSC::AllocationFailureMode)::'lambda'()>(JSC::LocalAllocator::allocate(JSC::Heap&, unsigned long, JSC::GCDeferralContext*, JSC::AllocationFailureMode)::'lambda'() const&, unsigned long) /root/WebKit/WebKitBuild/TSan/JavaScriptCore/PrivateHeaders/JavaScriptCore/FreeListInlines.h:46:16 (jsc+0x252e9a)
    #9 JSC::LocalAllocator::allocate(JSC::Heap&, unsigned long, JSC::GCDeferralContext*, JSC::AllocationFailureMode) /root/WebKit/WebKitBuild/TSan/JavaScriptCore/PrivateHeaders/JavaScriptCore/LocalAllocatorInlines.h:50:23 (jsc+0x252e9a)
    #10 JSC::GCClient::IsoSubspace::allocate(JSC::VM&, unsigned long, JSC::GCDeferralContext*, JSC::AllocationFailureMode) /root/WebKit/WebKitBuild/TSan/JavaScriptCore/PrivateHeaders/JavaScriptCore/IsoSubspaceInlines.h:42:29 (jsc+0x252e9a)
    #11 void* JSC::tryAllocateCellHelper<JSC::JSArray, (JSC::AllocationFailureMode)0>(JSC::VM&, unsigned long, JSC::GCDeferralContext*) /root/WebKit/WebKitBuild/TSan/JavaScriptCore/PrivateHeaders/JavaScriptCore/JSCellInlines.h:212:63 (jsc+0x252e9a)
    #12 void* JSC::allocateCell<JSC::JSArray>(JSC::VM&, JSC::GCDeferralContext*, unsigned long) /root/WebKit/WebKitBuild/TSan/JavaScriptCore/PrivateHeaders/JavaScriptCore/JSCellInlines.h:244:12 (jsc+0x252e9a)
    #13 JSC::JSArray::createWithButterfly(JSC::VM&, JSC::GCDeferralContext*, JSC::Structure*, JSC::Butterfly*) /root/WebKit/Source/JavaScriptCore/runtime/JSArray.h:244:36 (jsc+0x1520acc)
    #14 JSC::JSArray::tryCreateUninitializedRestricted(JSC::ObjectInitializationScope&, JSC::GCDeferralContext*, JSC::Structure*, unsigned int) /root/WebKit/Source/JavaScriptCore/runtime/JSArray.cpp:193:23 (jsc+0x1520acc)
    #15 JSC::JSArray::tryCreateUninitializedRestricted(JSC::ObjectInitializationScope&, JSC::Structure*, unsigned int) /root/WebKit/Source/JavaScriptCore/runtime/JSArray.h:90:16 (jsc+0x1534e82)
    #16 JSC::JSArray* JSC::constructArray<(JSC::AllocationFailureMode)1>(JSC::ObjectInitializationScope&, JSC::Structure*, unsigned int) /root/WebKit/Source/JavaScriptCore/runtime/JSArray.cpp:3037:22 (jsc+0x1534e82)
    #17 JSC::constructArrayNegativeIndexed(JSC::JSGlobalObject*, JSC::Structure*, JSC::JSValue const*, unsigned int) /root/WebKit/Source/JavaScriptCore/runtime/JSArray.cpp:3086:22 (jsc+0x1534dd1)
    #18 JSC::constructArrayNegativeIndexed(JSC::JSGlobalObject*, JSC::ArrayAllocationProfile*, JSC::JSValue const*, unsigned int, JSC::JSValue) /root/WebKit/Source/JavaScriptCore/runtime/JSGlobalObjectInlines.h:323:22 (jsc+0xfbda84)
    #19 operationNewArrayWithProfile /root/WebKit/Source/JavaScriptCore/jit/JITOperations.cpp:2710:5 (jsc+0xfbd885)
    #20 <null> <null> (0x7fabe0802a25)
    #21 JSC::Interpreter::executeCall(JSC::JSObject*, JSC::CallData const&, JSC::JSValue, JSC::JSCell*, JSC::ArgList const&) /root/WebKit/Source/JavaScriptCore/interpreter/Interpreter.cpp (jsc+0xe8bd4d)
    #22 JSC::call(JSC::JSGlobalObject*, JSC::JSValue, JSC::CallData const&, JSC::JSValue, JSC::ArgList const&) /root/WebKit/Source/JavaScriptCore/runtime/CallData.cpp:70:27 (jsc+0x1360a31)
    #23 JSC::call(JSC::JSGlobalObject*, JSC::JSValue, JSC::CallData const&, JSC::JSValue, JSC::ArgList const&, WTF::NakedPtr<JSC::Exception>&) /root/WebKit/Source/JavaScriptCore/runtime/CallData.cpp:77:22 (jsc+0x1360a31)
    #24 JSC::threadMain(JSC::VM&, WTF::Ref<JSC::ThreadState, WTF::RawPtrTraits<JSC::ThreadState>, WTF::DefaultRefDerefTraits<JSC::ThreadState>>) /root/WebKit/Source/JavaScriptCore/runtime/ThreadObject.cpp:241:30 (jsc+0x19a41fc)
    #25 JSC::constructThread(JSC::JSGlobalObject*, JSC::CallFrame*)::$_0::operator()() /root/WebKit/Source/JavaScriptCore/runtime/ThreadObject.cpp:468:9 (jsc+0x19a41fc)
    #26 WTF::Detail::CallableWrapper<JSC::constructThread(JSC::JSGlobalObject*, JSC::CallFrame*)::$_0, void>::call() /root/WebKit/WebKitBuild/TSan/WTF/Headers/wtf/Function.h:59:39 (jsc+0x19a41fc)
    #27 WTF::Function<void ()>::operator()() const /root/WebKit/Source/WTF/wtf/Function.h:103:35 (jsc+0x25b4dc5)
    #28 WTF::Thread::entryPoint(WTF::Thread::NewThreadContext*) /root/WebKit/Source/WTF/wtf/Threading.cpp:312:5 (jsc+0x25b4dc5)
    #29 WTF::wtfThreadEntryPoint(void*) /root/WebKit/Source/WTF/wtf/posix/ThreadingPOSIX.cpp:264:5 (jsc+0x260ed49)

  Thread T7 'JS Thread' (tid=2868077, running) created by main thread at:
    #0 pthread_create /home/runner/work/llvm-project/llvm-project/compiler-rt/lib/tsan/rtl/tsan_interceptors_posix.cpp:1090:3 (jsc+0x13ff1a)
    #1 WTF::Thread::establishHandle(WTF::Thread::NewThreadContext&, WTF::StackAllocationSpecification, WTF::ThreadQOS, WTF::ThreadSchedulingPolicy) /root/WebKit/Source/WTF/wtf/posix/ThreadingPOSIX.cpp:354:17 (jsc+0x260ec35)
    #2 WTF::Thread::create(WTF::ASCIILiteral, WTF::Function<void ()>&&, WTF::ThreadType, WTF::ThreadQOS, WTF::ThreadSchedulingPolicy, WTF::StackAllocationSpecification) /root/WebKit/Source/WTF/wtf/Threading.cpp:330:32 (jsc+0x25b5103)
    #3 JSC::constructThread(JSC::JSGlobalObject*, JSC::CallFrame*) /root/WebKit/Source/JavaScriptCore/runtime/ThreadObject.cpp:467:5 (jsc+0x199c78f)
    #4 <null> <null> (0x7fabe07ff217)
    #5 JSC::evaluate(JSC::JSGlobalObject*, JSC::SourceCode const&, JSC::JSValue, WTF::NakedPtr<JSC::Exception>&) /root/WebKit/Source/JavaScriptCore/runtime/Completion.cpp:145:37 (jsc+0x13c3783)
    #6 runWithOptions(GlobalObject*, CommandLine&, bool&) /root/WebKit/Source/JavaScriptCore/jsc.cpp:3957:35 (jsc+0x1cafc5)
    #7 jscmain(int, char**)::$_0::operator()(JSC::VM&, GlobalObject*, bool&) const /root/WebKit/Source/JavaScriptCore/jsc.cpp:4686:13 (jsc+0x1cafc5)
    #8 int runJSC<jscmain(int, char**)::$_0>(CommandLine const&, bool, jscmain(int, char**)::$_0 const&) /root/WebKit/Source/JavaScriptCore/jsc.cpp:4472:13 (jsc+0x1cafc5)
    #9 jscmain(int, char**) /root/WebKit/Source/JavaScriptCore/jsc.cpp:4679:18 (jsc+0x1cafc5)
    #10 main /root/WebKit/Source/JavaScriptCore/jsc.cpp:3715:15 (jsc+0x1c9803)

  Thread T6 'JS Thread' (tid=2868076, running) created by main thread at:
    #0 pthread_create /home/runner/work/llvm-project/llvm-project/compiler-rt/lib/tsan/rtl/tsan_interceptors_posix.cpp:1090:3 (jsc+0x13ff1a)
    #1 WTF::Thread::establishHandle(WTF::Thread::NewThreadContext&, WTF::StackAllocationSpecification, WTF::ThreadQOS, WTF::ThreadSchedulingPolicy) /root/WebKit/Source/WTF/wtf/posix/ThreadingPOSIX.cpp:354:17 (jsc+0x260ec35)
    #2 WTF::Thread::create(WTF::ASCIILiteral, WTF::Function<void ()>&&, WTF::ThreadType, WTF::ThreadQOS, WTF::ThreadSchedulingPolicy, WTF::StackAllocationSpecification) /root/WebKit/Source/WTF/wtf/Threading.cpp:330:32 (jsc+0x25b5103)
    #3 JSC::constructThread(JSC::JSGlobalObject*, JSC::CallFrame*) /root/WebKit/Source/JavaScriptCore/runtime/ThreadObject.cpp:467:5 (jsc+0x199c78f)
    #4 <null> <null> (0x7fabe07ff217)
    #5 JSC::evaluate(JSC::JSGlobalObject*, JSC::SourceCode const&, JSC::JSValue, WTF::NakedPtr<JSC::Exception>&) /root/WebKit/Source/JavaScriptCore/runtime/Completion.cpp:145:37 (jsc+0x13c3783)
    #6 runWithOptions(GlobalObject*, CommandLine&, bool&) /root/WebKit/Source/JavaScriptCore/jsc.cpp:3957:35 (jsc+0x1cafc5)
    #7 jscmain(int, char**)::$_0::operator()(JSC::VM&, GlobalObject*, bool&) const /root/WebKit/Source/JavaScriptCore/jsc.cpp:4686:13 (jsc+0x1cafc5)
    #8 int runJSC<jscmain(int, char**)::$_0>(CommandLine const&, bool, jscmain(int, char**)::$_0 const&) /root/WebKit/Source/JavaScriptCore/jsc.cpp:4472:13 (jsc+0x1cafc5)
    #9 jscmain(int, char**) /root/WebKit/Source/JavaScriptCore/jsc.cpp:4679:18 (jsc+0x1cafc5)
    #10 main /root/WebKit/Source/JavaScriptCore/jsc.cpp:3715:15 (jsc+0x1c9803)

SUMMARY: ThreadSanitizer: data race /root/WebKit/WebKitBuild/TSan/JavaScriptCore/PrivateHeaders/JavaScriptCore/JSCell.h:99:5 in unsigned char JSC::cellHeaderConcurrentLoad<unsigned char>(unsigned char const&)
==================
ThreadSanitizer: reported 4 warnings
