JSC: disabling useWasm under GIL-off (wasm glue still reads the raw VM-block exception word; not yet audited for UNGIL §A.1.3 COMPILED-FOR-VM; see AB-17 status block in VMEntryScope.cpp).
==================
WARNING: ThreadSanitizer: data race (pid=2868701)
  Atomic read of size 4 at 0x720800011f50 by thread T2:
    #0 std::__atomic_base<unsigned int>::load(std::memory_order) const /usr/lib/gcc/x86_64-amazon-linux/14/../../../../include/c++/14/bits/atomic_base.h:501:9 (jsc+0x3b4eaa)
    #1 WTF::StringImplShape::hashAndFlags() const /root/WebKit/WebKitBuild/TSan/WTF/Headers/wtf/text/StringImpl.h:192:59 (jsc+0x3b4eaa)
    #2 WTF::StringImpl::isAtom() const /root/WebKit/WebKitBuild/TSan/WTF/Headers/wtf/text/StringImpl.h:368:34 (jsc+0x3b4eaa)
    #3 JSC::speculationFromCell(JSC::JSCell*) /root/WebKit/Source/JavaScriptCore/bytecode/SpeculatedType.cpp:609:23 (jsc+0x3b4eaa)
    #4 JSC::speculationFromValue(JSC::JSValue) /root/WebKit/Source/JavaScriptCore/bytecode/SpeculatedType.cpp:640:16 (jsc+0x3b4eaa)
    #5 JSC::ValueProfileBase<1u, 1u>::computeUpdatedPrediction(JSC::ConcurrentJSLocker const&) /root/WebKit/Source/JavaScriptCore/bytecode/ValueProfile.h:191:38 (jsc+0x29d0da)
    #6 _ZZN3JSC9CodeBlock55updateAllNonLazyValueProfilePredictionsAndCountLivenessERKNS_18ConcurrentJSLockerERjS4_ENK3$_0clINS_20ArgumentValueProfileEEEDaRT_b /root/WebKit/Source/JavaScriptCore/bytecode/CodeBlock.cpp:3347:21 (jsc+0x29d0da)
    #7 void JSC::CodeBlock::forEachValueProfile<JSC::CodeBlock::updateAllNonLazyValueProfilePredictionsAndCountLiveness(JSC::ConcurrentJSLocker const&, unsigned int&, unsigned int&)::$_0>(JSC::CodeBlock::updateAllNonLazyValueProfilePredictionsAndCountLiveness(JSC::ConcurrentJSLocker const&, unsigned int&, unsigned int&)::$_0 const&) /root/WebKit/Source/JavaScriptCore/bytecode/CodeBlockInlines.h:42:9 (jsc+0x29d0da)
    #8 JSC::CodeBlock::updateAllNonLazyValueProfilePredictionsAndCountLiveness(JSC::ConcurrentJSLocker const&, unsigned int&, unsigned int&) /root/WebKit/Source/JavaScriptCore/bytecode/CodeBlock.cpp:3339:5 (jsc+0x29d0da)
    #9 JSC::CodeBlock::updateAllNonLazyValueProfilePredictions(JSC::ConcurrentJSLocker const&) /root/WebKit/Source/JavaScriptCore/bytecode/CodeBlock.cpp:3375:5 (jsc+0x29d511)
    #10 JSC::BaselineJITPlan::compileInThreadImpl(JSC::JITCompilationEffort) /root/WebKit/Source/JavaScriptCore/jit/BaselineJITPlan.cpp:46:22 (jsc+0xead057)
    #11 JSC::BaselineJITPlan::compileInThreadImpl() /root/WebKit/Source/JavaScriptCore/jit/BaselineJITPlan.cpp:78:12 (jsc+0xead53b)
    #12 JSC::JITPlan::compileInThread(JSC::JITWorklistThread*) /root/WebKit/Source/JavaScriptCore/jit/JITPlan.cpp:283:28 (jsc+0xfdf11d)
    #13 JSC::JITWorklistThread::work() /root/WebKit/Source/JavaScriptCore/jit/JITWorklistThread.cpp:145:13 (jsc+0x1049a9b)
    #14 WTF::AutomaticThread::start(WTF::AbstractLocker const&)::$_0::operator()() const /root/WebKit/Source/WTF/wtf/AutomaticThread.cpp:260:37 (jsc+0x2589eac)
    #15 WTF::Detail::CallableWrapper<WTF::AutomaticThread::start(WTF::AbstractLocker const&)::$_0, void>::call() /root/WebKit/Source/WTF/wtf/Function.h:59:39 (jsc+0x2589eac)
    #16 WTF::Function<void ()>::operator()() const /root/WebKit/Source/WTF/wtf/Function.h:103:35 (jsc+0x25b4dc5)
    #17 WTF::Thread::entryPoint(WTF::Thread::NewThreadContext*) /root/WebKit/Source/WTF/wtf/Threading.cpp:312:5 (jsc+0x25b4dc5)
    #18 WTF::wtfThreadEntryPoint(void*) /root/WebKit/Source/WTF/wtf/posix/ThreadingPOSIX.cpp:264:5 (jsc+0x260ed49)

  Previous write of size 8 at 0x720800011f50 by main thread:
    #0 malloc /home/runner/work/llvm-project/llvm-project/compiler-rt/lib/tsan/rtl/tsan_interceptors_posix.cpp:682:5 (jsc+0x13dc20)
    #1 bmalloc::api::tryMalloc(unsigned long, bmalloc::CompactAllocationMode, bmalloc::HeapKind) /root/WebKit/WebKitBuild/TSan/bmalloc/Headers/bmalloc/bmalloc.h:76:12 (jsc+0x259828d)
    #2 WTF::tryFastCompactMalloc(unsigned long) /root/WebKit/Source/WTF/wtf/FastMalloc.cpp:566:20 (jsc+0x259828d)
    #3 WTF::FastCompactMalloc::tryMalloc(unsigned long) /root/WebKit/WebKitBuild/TSan/WTF/Headers/wtf/FastMalloc.h:291:23 (jsc+0x7c9b09)
    #4 WTF::RefPtr<WTF::StringImpl, WTF::RawPtrTraits<WTF::StringImpl>, WTF::DefaultRefDerefTraits<WTF::StringImpl>> WTF::StringImpl::tryCreateUninitialized<unsigned char>(unsigned long, std::span<unsigned char, 18446744073709551615ul>&) /root/WebKit/WebKitBuild/TSan/WTF/Headers/wtf/text/StringImpl.h:1226:64 (jsc+0x7c9b09)
    #5 WTF::RefPtr<WTF::StringImpl, WTF::RawPtrTraits<WTF::StringImpl>, WTF::DefaultRefDerefTraits<WTF::StringImpl>> WTF::tryMakeStringImplFromAdaptersInternal<WTF::StringTypeAdapter<WTF::String>, WTF::StringTypeAdapter<WTF::String>>(unsigned int, bool, WTF::StringTypeAdapter<WTF::String>, WTF::StringTypeAdapter<WTF::String>) /root/WebKit/WebKitBuild/TSan/WTF/Headers/wtf/text/MakeString.h:49:25 (jsc+0x7c9b09)
    #6 WTF::String WTF::tryMakeStringFromAdapters<WTF::StringTypeAdapter<WTF::String>, WTF::StringTypeAdapter<WTF::String>>(WTF::StringTypeAdapter<WTF::String>&&, WTF::StringTypeAdapter<WTF::String>&&) /root/WebKit/WebKitBuild/TSan/WTF/Headers/wtf/text/MakeString.h:85:16 (jsc+0x7c948b)
    #7 WTF::String WTF::tryMakeString<WTF::String, WTF::String>(WTF::String, WTF::String const&...) /root/WebKit/WebKitBuild/TSan/WTF/Headers/wtf/text/MakeString.h:92:12 (jsc+0x7c948b)
    #8 JSC::jsString(JSC::JSGlobalObject*, JSC::JSString*, WTF::String const&) /root/WebKit/Source/JavaScriptCore/runtime/OperationsInlines.h:136:24 (jsc+0x7c948b)
    #9 JSC::jsAddNonNumber(JSC::JSGlobalObject*, JSC::JSValue, JSC::JSValue) /root/WebKit/Source/JavaScriptCore/runtime/OperationsInlines.h:555:9 (jsc+0x75239a)
    #10 JSC::jsAdd(JSC::JSGlobalObject*, JSC::JSValue, JSC::JSValue) /root/WebKit/Source/JavaScriptCore/runtime/OperationsInlines.h:567:12 (jsc+0xfd47d1)
    #11 operationValueAddProfiledOptimize /root/WebKit/Source/JavaScriptCore/jit/JITOperations.cpp:5072:22 (jsc+0xfd47d1)
    #12 <null> <null> (0x7f18eebfe7c2)
    #13 JSC::evaluate(JSC::JSGlobalObject*, JSC::SourceCode const&, JSC::JSValue, WTF::NakedPtr<JSC::Exception>&) /root/WebKit/Source/JavaScriptCore/runtime/Completion.cpp:145:37 (jsc+0x13c3783)
    #14 runWithOptions(GlobalObject*, CommandLine&, bool&) /root/WebKit/Source/JavaScriptCore/jsc.cpp:3957:35 (jsc+0x1cafc5)
    #15 jscmain(int, char**)::$_0::operator()(JSC::VM&, GlobalObject*, bool&) const /root/WebKit/Source/JavaScriptCore/jsc.cpp:4686:13 (jsc+0x1cafc5)
    #16 int runJSC<jscmain(int, char**)::$_0>(CommandLine const&, bool, jscmain(int, char**)::$_0 const&) /root/WebKit/Source/JavaScriptCore/jsc.cpp:4472:13 (jsc+0x1cafc5)
    #17 jscmain(int, char**) /root/WebKit/Source/JavaScriptCore/jsc.cpp:4679:18 (jsc+0x1cafc5)
    #18 main /root/WebKit/Source/JavaScriptCore/jsc.cpp:3715:15 (jsc+0x1c9803)

  Location is heap block of size 29 at 0x720800011f40 allocated by main thread:
    #0 malloc /home/runner/work/llvm-project/llvm-project/compiler-rt/lib/tsan/rtl/tsan_interceptors_posix.cpp:682:5 (jsc+0x13dc20)
    #1 bmalloc::api::tryMalloc(unsigned long, bmalloc::CompactAllocationMode, bmalloc::HeapKind) /root/WebKit/WebKitBuild/TSan/bmalloc/Headers/bmalloc/bmalloc.h:76:12 (jsc+0x259828d)
    #2 WTF::tryFastCompactMalloc(unsigned long) /root/WebKit/Source/WTF/wtf/FastMalloc.cpp:566:20 (jsc+0x259828d)
    #3 WTF::FastCompactMalloc::tryMalloc(unsigned long) /root/WebKit/WebKitBuild/TSan/WTF/Headers/wtf/FastMalloc.h:291:23 (jsc+0x7c9b09)
    #4 WTF::RefPtr<WTF::StringImpl, WTF::RawPtrTraits<WTF::StringImpl>, WTF::DefaultRefDerefTraits<WTF::StringImpl>> WTF::StringImpl::tryCreateUninitialized<unsigned char>(unsigned long, std::span<unsigned char, 18446744073709551615ul>&) /root/WebKit/WebKitBuild/TSan/WTF/Headers/wtf/text/StringImpl.h:1226:64 (jsc+0x7c9b09)
    #5 WTF::RefPtr<WTF::StringImpl, WTF::RawPtrTraits<WTF::StringImpl>, WTF::DefaultRefDerefTraits<WTF::StringImpl>> WTF::tryMakeStringImplFromAdaptersInternal<WTF::StringTypeAdapter<WTF::String>, WTF::StringTypeAdapter<WTF::String>>(unsigned int, bool, WTF::StringTypeAdapter<WTF::String>, WTF::StringTypeAdapter<WTF::String>) /root/WebKit/WebKitBuild/TSan/WTF/Headers/wtf/text/MakeString.h:49:25 (jsc+0x7c9b09)
    #6 WTF::String WTF::tryMakeStringFromAdapters<WTF::StringTypeAdapter<WTF::String>, WTF::StringTypeAdapter<WTF::String>>(WTF::StringTypeAdapter<WTF::String>&&, WTF::StringTypeAdapter<WTF::String>&&) /root/WebKit/WebKitBuild/TSan/WTF/Headers/wtf/text/MakeString.h:85:16 (jsc+0x7c948b)
    #7 WTF::String WTF::tryMakeString<WTF::String, WTF::String>(WTF::String, WTF::String const&...) /root/WebKit/WebKitBuild/TSan/WTF/Headers/wtf/text/MakeString.h:92:12 (jsc+0x7c948b)
    #8 JSC::jsString(JSC::JSGlobalObject*, JSC::JSString*, WTF::String const&) /root/WebKit/Source/JavaScriptCore/runtime/OperationsInlines.h:136:24 (jsc+0x7c948b)
    #9 JSC::jsAddNonNumber(JSC::JSGlobalObject*, JSC::JSValue, JSC::JSValue) /root/WebKit/Source/JavaScriptCore/runtime/OperationsInlines.h:555:9 (jsc+0x75239a)
    #10 JSC::jsAdd(JSC::JSGlobalObject*, JSC::JSValue, JSC::JSValue) /root/WebKit/Source/JavaScriptCore/runtime/OperationsInlines.h:567:12 (jsc+0xfd47d1)
    #11 operationValueAddProfiledOptimize /root/WebKit/Source/JavaScriptCore/jit/JITOperations.cpp:5072:22 (jsc+0xfd47d1)
    #12 <null> <null> (0x7f18eebfe7c2)
    #13 JSC::evaluate(JSC::JSGlobalObject*, JSC::SourceCode const&, JSC::JSValue, WTF::NakedPtr<JSC::Exception>&) /root/WebKit/Source/JavaScriptCore/runtime/Completion.cpp:145:37 (jsc+0x13c3783)
    #14 runWithOptions(GlobalObject*, CommandLine&, bool&) /root/WebKit/Source/JavaScriptCore/jsc.cpp:3957:35 (jsc+0x1cafc5)
    #15 jscmain(int, char**)::$_0::operator()(JSC::VM&, GlobalObject*, bool&) const /root/WebKit/Source/JavaScriptCore/jsc.cpp:4686:13 (jsc+0x1cafc5)
    #16 int runJSC<jscmain(int, char**)::$_0>(CommandLine const&, bool, jscmain(int, char**)::$_0 const&) /root/WebKit/Source/JavaScriptCore/jsc.cpp:4472:13 (jsc+0x1cafc5)
    #17 jscmain(int, char**) /root/WebKit/Source/JavaScriptCore/jsc.cpp:4679:18 (jsc+0x1cafc5)
    #18 main /root/WebKit/Source/JavaScriptCore/jsc.cpp:3715:15 (jsc+0x1c9803)

  Thread T2 'JITWorker' (tid=2868714, running) created by main thread at:
    #0 pthread_create /home/runner/work/llvm-project/llvm-project/compiler-rt/lib/tsan/rtl/tsan_interceptors_posix.cpp:1090:3 (jsc+0x13ff1a)
    #1 WTF::Thread::establishHandle(WTF::Thread::NewThreadContext&, WTF::StackAllocationSpecification, WTF::ThreadQOS, WTF::ThreadSchedulingPolicy) /root/WebKit/Source/WTF/wtf/posix/ThreadingPOSIX.cpp:354:17 (jsc+0x260ec35)
    #2 WTF::Thread::create(WTF::ASCIILiteral, WTF::Function<void ()>&&, WTF::ThreadType, WTF::ThreadQOS, WTF::ThreadSchedulingPolicy, WTF::StackAllocationSpecification) /root/WebKit/Source/WTF/wtf/Threading.cpp:330:32 (jsc+0x25b5103)
    #3 WTF::AutomaticThread::start(WTF::AbstractLocker const&) /root/WebKit/Source/WTF/wtf/AutomaticThread.cpp:189:5 (jsc+0x2588929)
    #4 WTF::AutomaticThreadCondition::notifyOne(WTF::AbstractLocker const&) /root/WebKit/Source/WTF/wtf/AutomaticThread.cpp:60:21 (jsc+0x2588729)
    #5 JSC::JITWorklist::wakeThreads(WTF::AbstractLocker const&, unsigned int) /root/WebKit/Source/JavaScriptCore/jit/JITWorklist.cpp:162:25 (jsc+0x1043db6)
    #6 JSC::JITWorklist::enqueue(WTF::Ref<JSC::JITPlan, WTF::RawPtrTraits<JSC::JITPlan>, WTF::DefaultRefDerefTraits<JSC::JITPlan>>) /root/WebKit/Source/JavaScriptCore/jit/JITWorklist.cpp:245:5 (jsc+0x1044622)
    #7 JSC::LLInt::jitCompileAndSetHeuristics(JSC::VM&, JSC::CodeBlock*) /root/WebKit/Source/JavaScriptCore/llint/LLIntSlowPaths.cpp:501:45 (jsc+0x107e357)
    #8 llint_loop_osr /root/WebKit/Source/JavaScriptCore/llint/LLIntSlowPaths.cpp:594:10 (jsc+0x107db9b)
    #9 llint_op_loop_hint LowLevelInterpreter.cpp (jsc+0x1e2343c)
    #10 JSC::evaluate(JSC::JSGlobalObject*, JSC::SourceCode const&, JSC::JSValue, WTF::NakedPtr<JSC::Exception>&) /root/WebKit/Source/JavaScriptCore/runtime/Completion.cpp:145:37 (jsc+0x13c3783)
    #11 runWithOptions(GlobalObject*, CommandLine&, bool&) /root/WebKit/Source/JavaScriptCore/jsc.cpp:3957:35 (jsc+0x1cafc5)
    #12 jscmain(int, char**)::$_0::operator()(JSC::VM&, GlobalObject*, bool&) const /root/WebKit/Source/JavaScriptCore/jsc.cpp:4686:13 (jsc+0x1cafc5)
    #13 int runJSC<jscmain(int, char**)::$_0>(CommandLine const&, bool, jscmain(int, char**)::$_0 const&) /root/WebKit/Source/JavaScriptCore/jsc.cpp:4472:13 (jsc+0x1cafc5)
    #14 jscmain(int, char**) /root/WebKit/Source/JavaScriptCore/jsc.cpp:4679:18 (jsc+0x1cafc5)
    #15 main /root/WebKit/Source/JavaScriptCore/jsc.cpp:3715:15 (jsc+0x1c9803)

SUMMARY: ThreadSanitizer: data race /root/WebKit/WebKitBuild/TSan/WTF/Headers/wtf/text/StringImpl.h:192:59 in WTF::StringImplShape::hashAndFlags() const
==================
ThreadSanitizer: reported 1 warnings
