JSC: disabling useWasm under GIL-off (wasm glue still reads the raw VM-block exception word; not yet audited for UNGIL §A.1.3 COMPILED-FOR-VM; see AB-17 status block in VMEntryScope.cpp).
==================
WARNING: ThreadSanitizer: data race (pid=2869064)
  Atomic read of size 8 at 0x72a00001b400 by thread T2:
    #0 std::__atomic_base<JSC::JSString*>::load(std::memory_order) const /usr/lib/gcc/x86_64-amazon-linux/14/../../../../include/c++/14/bits/atomic_base.h:833:9 (jsc+0x16f8f28)
    #1 std::atomic<JSC::JSString*>::load(std::memory_order) const /usr/lib/gcc/x86_64-amazon-linux/14/../../../../include/c++/14/atomic:582:21 (jsc+0x16f8f28)
    #2 WTF::Atomic<JSC::JSString*>::load(std::memory_order) const /root/WebKit/WebKitBuild/TSan/WTF/Headers/wtf/Atomics.h:55:100 (jsc+0x16f8f28)
    #3 JSC::JSString* WTF::atomicLoad<JSC::JSString*>(JSC::JSString**, std::memory_order) /root/WebKit/WebKitBuild/TSan/WTF/Headers/wtf/Atomics.h:162:49 (jsc+0x16f8f28)
    #4 JSC::WriteBarrierBase<JSC::JSString, WTF::RawPtrTraits<JSC::JSString>>::cell() const /root/WebKit/Source/JavaScriptCore/runtime/WriteBarrier.h:165:39 (jsc+0x16f8f28)
    #5 JSC::WriteBarrierBase<JSC::JSString, WTF::RawPtrTraits<JSC::JSString>>::get() const /root/WebKit/Source/JavaScriptCore/runtime/WriteBarrier.h:107:34 (jsc+0x16f8f28)
    #6 JSC::JSPropertyNameEnumerator::propertyNameAtIndex(unsigned int) /root/WebKit/Source/JavaScriptCore/runtime/JSPropertyNameEnumerator.h:83:29 (jsc+0x16f8f28)
    #7 JSC::JSPropertyNameEnumerator::computeNext(JSC::JSGlobalObject*, JSC::JSObject*, unsigned int&, JSC::JSPropertyNameEnumerator::Flag&, bool) /root/WebKit/Source/JavaScriptCore/runtime/JSPropertyNameEnumerator.cpp:208:20 (jsc+0x16f8f28)
    #8 slow_path_enumerator_next /root/WebKit/Source/JavaScriptCore/runtime/CommonSlowPaths.cpp:1247:34 (jsc+0x13b8434)
    #9 llint_op_enumerator_next LowLevelInterpreter.cpp (jsc+0x1e1b54b)
    #10 JSC::Interpreter::executeCall(JSC::JSObject*, JSC::CallData const&, JSC::JSValue, JSC::JSCell*, JSC::ArgList const&) /root/WebKit/Source/JavaScriptCore/interpreter/Interpreter.cpp (jsc+0xe8bd4d)
    #11 JSC::call(JSC::JSGlobalObject*, JSC::JSValue, JSC::CallData const&, JSC::JSValue, JSC::ArgList const&) /root/WebKit/Source/JavaScriptCore/runtime/CallData.cpp:70:27 (jsc+0x1360a31)
    #12 JSC::call(JSC::JSGlobalObject*, JSC::JSValue, JSC::CallData const&, JSC::JSValue, JSC::ArgList const&, WTF::NakedPtr<JSC::Exception>&) /root/WebKit/Source/JavaScriptCore/runtime/CallData.cpp:77:22 (jsc+0x1360a31)
    #13 JSC::threadMain(JSC::VM&, WTF::Ref<JSC::ThreadState, WTF::RawPtrTraits<JSC::ThreadState>, WTF::DefaultRefDerefTraits<JSC::ThreadState>>) /root/WebKit/Source/JavaScriptCore/runtime/ThreadObject.cpp:241:30 (jsc+0x19a41fc)
    #14 JSC::constructThread(JSC::JSGlobalObject*, JSC::CallFrame*)::$_0::operator()() /root/WebKit/Source/JavaScriptCore/runtime/ThreadObject.cpp:468:9 (jsc+0x19a41fc)
    #15 WTF::Detail::CallableWrapper<JSC::constructThread(JSC::JSGlobalObject*, JSC::CallFrame*)::$_0, void>::call() /root/WebKit/WebKitBuild/TSan/WTF/Headers/wtf/Function.h:59:39 (jsc+0x19a41fc)
    #16 WTF::Function<void ()>::operator()() const /root/WebKit/Source/WTF/wtf/Function.h:103:35 (jsc+0x25b4dc5)
    #17 WTF::Thread::entryPoint(WTF::Thread::NewThreadContext*) /root/WebKit/Source/WTF/wtf/Threading.cpp:312:5 (jsc+0x25b4dc5)
    #18 WTF::wtfThreadEntryPoint(void*) /root/WebKit/Source/WTF/wtf/posix/ThreadingPOSIX.cpp:264:5 (jsc+0x260ed49)

  Previous write of size 8 at 0x72a00001b400 by main thread:
    #0 JSC::JSString* std::__exchange<JSC::JSString*, JSC::JSString*&>(JSC::JSString*&, JSC::JSString*&) /usr/lib/gcc/x86_64-amazon-linux/14/../../../../include/c++/14/bits/move.h:190:13 (jsc+0x16f7c8b)
    #1 JSC::JSString* std::exchange<JSC::JSString*, JSC::JSString*&>(JSC::JSString*&, JSC::JSString*&) /usr/lib/gcc/x86_64-amazon-linux/14/../../../../include/c++/14/utility:110:14 (jsc+0x16f7c8b)
    #2 JSC::JSString* WTF::RawPtrTraits<JSC::JSString>::exchange<JSC::JSString*&>(JSC::JSString*&, JSC::JSString*&) /root/WebKit/WebKitBuild/TSan/WTF/Headers/wtf/RawPtrTraits.h:41:79 (jsc+0x16f7c8b)
    #3 JSC::WriteBarrierBase<JSC::JSString, WTF::RawPtrTraits<JSC::JSString>>::setEarlyValue(JSC::VM&, JSC::JSCell const*, JSC::JSString*) /root/WebKit/WebKitBuild/TSan/JavaScriptCore/PrivateHeaders/JavaScriptCore/WriteBarrierInlines.h:54:5 (jsc+0x16f7c8b)
    #4 JSC::WriteBarrierBase<JSC::JSString, WTF::RawPtrTraits<JSC::JSString>>::set(JSC::VM&, JSC::JSCell const*, JSC::JSString*) /root/WebKit/WebKitBuild/TSan/JavaScriptCore/PrivateHeaders/JavaScriptCore/WriteBarrierInlines.h:40:5 (jsc+0x16f7c8b)
    #5 JSC::JSPropertyNameEnumerator::finishCreation(JSC::VM&, WTF::RefPtr<JSC::PropertyNameArray, WTF::RawPtrTraits<JSC::PropertyNameArray>, WTF::DefaultRefDerefTraits<JSC::PropertyNameArray>>&&) /root/WebKit/Source/JavaScriptCore/runtime/JSPropertyNameEnumerator.cpp:92:34 (jsc+0x16f7c8b)
    #6 JSC::JSPropertyNameEnumerator::tryCreate(JSC::VM&, JSC::Structure*, unsigned int, unsigned int, JSC::PropertyNameArrayBuilder&&) /root/WebKit/Source/JavaScriptCore/runtime/JSPropertyNameEnumerator.cpp:55:17 (jsc+0x16f7c8b)
    #7 JSC::propertyNameEnumerator(JSC::JSGlobalObject*, JSC::JSObject*) /root/WebKit/Source/JavaScriptCore/runtime/JSPropertyNameEnumeratorInlines.h:80:22 (jsc+0x787185)
    #8 slow_path_get_property_enumerator /root/WebKit/Source/JavaScriptCore/runtime/CommonSlowPaths.cpp:1225:5 (jsc+0x13b7f36)
    #9 llint_op_get_property_enumerator LowLevelInterpreter.cpp (jsc+0x1e1b312)
    #10 JSC::evaluate(JSC::JSGlobalObject*, JSC::SourceCode const&, JSC::JSValue, WTF::NakedPtr<JSC::Exception>&) /root/WebKit/Source/JavaScriptCore/runtime/Completion.cpp:145:37 (jsc+0x13c3783)
    #11 runWithOptions(GlobalObject*, CommandLine&, bool&) /root/WebKit/Source/JavaScriptCore/jsc.cpp:3957:35 (jsc+0x1cafc5)
    #12 jscmain(int, char**)::$_0::operator()(JSC::VM&, GlobalObject*, bool&) const /root/WebKit/Source/JavaScriptCore/jsc.cpp:4686:13 (jsc+0x1cafc5)
    #13 int runJSC<jscmain(int, char**)::$_0>(CommandLine const&, bool, jscmain(int, char**)::$_0 const&) /root/WebKit/Source/JavaScriptCore/jsc.cpp:4472:13 (jsc+0x1cafc5)
    #14 jscmain(int, char**) /root/WebKit/Source/JavaScriptCore/jsc.cpp:4679:18 (jsc+0x1cafc5)
    #15 main /root/WebKit/Source/JavaScriptCore/jsc.cpp:3715:15 (jsc+0x1c9803)

  Location is heap block of size 16384 at 0x72a000018000 allocated by main thread:
    #0 aligned_alloc /home/runner/work/llvm-project/llvm-project/compiler-rt/lib/tsan/rtl/tsan_interceptors_posix.cpp:885:3 (jsc+0x13f40e)
    #1 bmalloc::api::tryMemalign(unsigned long, unsigned long, bmalloc::CompactAllocationMode, bmalloc::HeapKind) /root/WebKit/WebKitBuild/TSan/bmalloc/Headers/bmalloc/bmalloc.h:158:12 (jsc+0x2598250)
    #2 WTF::tryFastCompactAlignedMalloc(unsigned long, unsigned long) /root/WebKit/Source/WTF/wtf/FastMalloc.cpp:553:20 (jsc+0x2598250)
    #3 JSC::FastMallocAlignedMemoryAllocator::tryAllocateAlignedMemory(unsigned long, unsigned long) /root/WebKit/Source/JavaScriptCore/heap/FastMallocAlignedMemoryAllocator.cpp:47:12 (jsc+0xdbd790)
    #4 JSC::MarkedBlock::tryCreate(JSC::Heap&, JSC::AlignedMemoryAllocator*) /root/WebKit/Source/JavaScriptCore/heap/MarkedBlock.cpp:138:48 (jsc+0xe4a4b8)
    #5 JSC::BlockDirectory::tryAllocateBlock(WTF::AbstractLocker const&, JSC::Heap&) /root/WebKit/Source/JavaScriptCore/heap/BlockDirectory.cpp:158:35 (jsc+0xdb498d)
    #6 JSC::LocalAllocator::allocateSlowCase(JSC::Heap&, unsigned long, JSC::GCDeferralContext*, JSC::AllocationFailureMode) /root/WebKit/Source/JavaScriptCore/heap/LocalAllocator.cpp:221:47 (jsc+0xe4527e)
    #7 JSC::LocalAllocator::allocate(JSC::Heap&, unsigned long, JSC::GCDeferralContext*, JSC::AllocationFailureMode)::'lambda'()::operator()() const /root/WebKit/WebKitBuild/TSan/JavaScriptCore/PrivateHeaders/JavaScriptCore/LocalAllocatorInlines.h:53:43 (jsc+0x1d135e)
    #8 JSC::HeapCell* JSC::FreeList::allocateWithCellSize<JSC::LocalAllocator::allocate(JSC::Heap&, unsigned long, JSC::GCDeferralContext*, JSC::AllocationFailureMode)::'lambda'()>(JSC::LocalAllocator::allocate(JSC::Heap&, unsigned long, JSC::GCDeferralContext*, JSC::AllocationFailureMode)::'lambda'() const&, unsigned long) /root/WebKit/WebKitBuild/TSan/JavaScriptCore/PrivateHeaders/JavaScriptCore/FreeListInlines.h:46:16 (jsc+0x1d7d19)
    #9 JSC::LocalAllocator::allocate(JSC::Heap&, unsigned long, JSC::GCDeferralContext*, JSC::AllocationFailureMode) /root/WebKit/WebKitBuild/TSan/JavaScriptCore/PrivateHeaders/JavaScriptCore/LocalAllocatorInlines.h:50:23 (jsc+0x1d7d19)
    #10 JSC::Allocator::allocate(JSC::Heap&, unsigned long, JSC::GCDeferralContext*, JSC::AllocationFailureMode) const /root/WebKit/WebKitBuild/TSan/JavaScriptCore/PrivateHeaders/JavaScriptCore/AllocatorInlines.h:35:30 (jsc+0x1d7d19)
    #11 JSC::CompleteSubspace::allocateForClient(JSC::GCClient::Heap&, unsigned long, JSC::GCDeferralContext*, JSC::AllocationFailureMode) /root/WebKit/WebKitBuild/TSan/JavaScriptCore/PrivateHeaders/JavaScriptCore/CompleteSubspaceInlines.h:62:30 (jsc+0x1d7d19)
    #12 JSC::CompleteSubspace::allocate(JSC::VM&, unsigned long, JSC::GCDeferralContext*, JSC::AllocationFailureMode) /root/WebKit/WebKitBuild/TSan/JavaScriptCore/PrivateHeaders/JavaScriptCore/CompleteSubspaceInlines.h:46:16 (jsc+0x1d7a50)
    #13 JSC::Butterfly::tryCreate(JSC::VM&, JSC::JSObject*, unsigned long, unsigned long, bool, JSC::IndexingHeader const&, unsigned long) /root/WebKit/Source/JavaScriptCore/runtime/ButterflyInlines.h:98:38 (jsc+0x16c0330)
    #14 JSC::Butterfly::create(JSC::VM&, JSC::JSObject*, unsigned long, unsigned long, bool, JSC::IndexingHeader const&, unsigned long) /root/WebKit/Source/JavaScriptCore/runtime/ButterflyInlines.h:123:25 (jsc+0x16c0330)
    #15 JSC::Butterfly::createOrGrowPropertyStorage(JSC::Butterfly*, JSC::VM&, JSC::JSObject*, JSC::Structure*, unsigned long, unsigned long) /root/WebKit/Source/JavaScriptCore/runtime/ButterflyInlines.h:146:16 (jsc+0x16c0330)
    #16 JSC::JSObject::allocateMoreOutOfLineStorage(JSC::VM&, unsigned long, unsigned long) /root/WebKit/Source/JavaScriptCore/runtime/JSObject.cpp:6637:12 (jsc+0x16c0242)
    #17 JSC::JSObject::growOutOfLineStorageForConcurrentLockedAdd(JSC::VM&, JSC::StructureID, JSC::Structure*, int, unsigned int, unsigned int) /root/WebKit/Source/JavaScriptCore/runtime/JSObjectInlines.h:313:31 (jsc+0x1df1c6)
    #18 JSC::JSObject::putDirectWithoutTransitionConcurrent(JSC::VM&, JSC::PropertyName, JSC::JSValue, unsigned int)::'lambda'(JSC::GCSafeConcurrentJSLocker const&, int, int)::operator()(JSC::GCSafeConcurrentJSLocker const&, int, int) const /root/WebKit/Source/JavaScriptCore/runtime/JSObjectInlines.h:728:37 (jsc+0x24ae44)
    #19 int JSC::Structure::add<(JSC::Structure::ShouldPin)1, JSC::JSObject::putDirectWithoutTransitionConcurrent(JSC::VM&, JSC::PropertyName, JSC::JSValue, unsigned int)::'lambda'(JSC::GCSafeConcurrentJSLocker const&, int, int)>(JSC::VM&, JSC::PropertyName, unsigned int, JSC::JSObject::putDirectWithoutTransitionConcurrent(JSC::VM&, JSC::PropertyName, JSC::JSValue, unsigned int)::'lambda'(JSC::GCSafeConcurrentJSLocker const&, int, int) const&) /root/WebKit/Source/JavaScriptCore/runtime/StructureInlines.h:335:5 (jsc+0x24a848)
    #20 int JSC::Structure::addPropertyWithoutTransition<JSC::JSObject::putDirectWithoutTransitionConcurrent(JSC::VM&, JSC::PropertyName, JSC::JSValue, unsigned int)::'lambda'(JSC::GCSafeConcurrentJSLocker const&, int, int)>(JSC::VM&, JSC::PropertyName, unsigned int, JSC::JSObject::putDirectWithoutTransitionConcurrent(JSC::VM&, JSC::PropertyName, JSC::JSValue, unsigned int)::'lambda'(JSC::GCSafeConcurrentJSLocker const&, int, int) const&) /root/WebKit/Source/JavaScriptCore/runtime/StructureInlines.h:439:12 (jsc+0x249fc0)
    #21 JSC::JSObject::putDirectWithoutTransitionConcurrent(JSC::VM&, JSC::PropertyName, JSC::JSValue, unsigned int) /root/WebKit/Source/JavaScriptCore/runtime/JSObjectInlines.h:723:36 (jsc+0x249fc0)
    #22 JSC::JSObject::putDirectWithoutTransition(JSC::VM&, JSC::PropertyName, JSC::JSValue, unsigned int) /root/WebKit/Source/JavaScriptCore/runtime/JSObjectInlines.h:616:9 (jsc+0x249a7c)
    #23 JSC::InternalFunction::finishCreation(JSC::VM&, unsigned int, WTF::String const&, JSC::InternalFunction::PropertyAdditionMode) /root/WebKit/Source/JavaScriptCore/runtime/InternalFunction.cpp:63:9 (jsc+0x1494020)
    #24 JSC::FunctionPrototype::finishCreation(JSC::VM&, WTF::String const&) /root/WebKit/Source/JavaScriptCore/runtime/FunctionPrototype.cpp:60:11 (jsc+0x14494b1)
    #25 JSC::FunctionPrototype::create(JSC::VM&, JSC::Structure*) /root/WebKit/Source/JavaScriptCore/runtime/FunctionPrototype.h:34:20 (jsc+0x15b8c8d)
    #26 JSC::JSGlobalObject::init(JSC::VM&) /root/WebKit/Source/JavaScriptCore/runtime/JSGlobalObject.cpp:1531:39 (jsc+0x15a8832)
    #27 JSC::JSGlobalObject::finishCreation(JSC::VM&) /root/WebKit/Source/JavaScriptCore/runtime/JSGlobalObject.cpp:4439:5 (jsc+0x15d01fb)
    #28 GlobalObject::finishCreation(JSC::VM&, WTF::Vector<WTF::String, 0ul, WTF::CrashOnOverflow, 16ul, WTF::FastMalloc> const&) /root/WebKit/Source/JavaScriptCore/jsc.cpp:640:15 (jsc+0x1e920a)
    #29 GlobalObject::create(JSC::VM&, JSC::Structure*, WTF::Vector<WTF::String, 0ul, WTF::CrashOnOverflow, 16ul, WTF::FastMalloc> const&) /root/WebKit/Source/JavaScriptCore/jsc.cpp:566:17 (jsc+0x1ca0bf)
    #30 int runJSC<jscmain(int, char**)::$_0>(CommandLine const&, bool, jscmain(int, char**)::$_0 const&) /root/WebKit/Source/JavaScriptCore/jsc.cpp:4464:28 (jsc+0x1ca0bf)
    #31 jscmain(int, char**) /root/WebKit/Source/JavaScriptCore/jsc.cpp:4679:18 (jsc+0x1ca0bf)
    #32 main /root/WebKit/Source/JavaScriptCore/jsc.cpp:3715:15 (jsc+0x1c9803)

  Thread T2 'JS Thread' (tid=2869136, running) created by main thread at:
    #0 pthread_create /home/runner/work/llvm-project/llvm-project/compiler-rt/lib/tsan/rtl/tsan_interceptors_posix.cpp:1090:3 (jsc+0x13ff1a)
    #1 WTF::Thread::establishHandle(WTF::Thread::NewThreadContext&, WTF::StackAllocationSpecification, WTF::ThreadQOS, WTF::ThreadSchedulingPolicy) /root/WebKit/Source/WTF/wtf/posix/ThreadingPOSIX.cpp:354:17 (jsc+0x260ec35)
    #2 WTF::Thread::create(WTF::ASCIILiteral, WTF::Function<void ()>&&, WTF::ThreadType, WTF::ThreadQOS, WTF::ThreadSchedulingPolicy, WTF::StackAllocationSpecification) /root/WebKit/Source/WTF/wtf/Threading.cpp:330:32 (jsc+0x25b5103)
    #3 JSC::constructThread(JSC::JSGlobalObject*, JSC::CallFrame*) /root/WebKit/Source/JavaScriptCore/runtime/ThreadObject.cpp:467:5 (jsc+0x199c78f)
    #4 <null> <null> (0x7f41bc7ff217)
    #5 JSC::evaluate(JSC::JSGlobalObject*, JSC::SourceCode const&, JSC::JSValue, WTF::NakedPtr<JSC::Exception>&) /root/WebKit/Source/JavaScriptCore/runtime/Completion.cpp:145:37 (jsc+0x13c3783)
    #6 runWithOptions(GlobalObject*, CommandLine&, bool&) /root/WebKit/Source/JavaScriptCore/jsc.cpp:3957:35 (jsc+0x1cafc5)
    #7 jscmain(int, char**)::$_0::operator()(JSC::VM&, GlobalObject*, bool&) const /root/WebKit/Source/JavaScriptCore/jsc.cpp:4686:13 (jsc+0x1cafc5)
    #8 int runJSC<jscmain(int, char**)::$_0>(CommandLine const&, bool, jscmain(int, char**)::$_0 const&) /root/WebKit/Source/JavaScriptCore/jsc.cpp:4472:13 (jsc+0x1cafc5)
    #9 jscmain(int, char**) /root/WebKit/Source/JavaScriptCore/jsc.cpp:4679:18 (jsc+0x1cafc5)
    #10 main /root/WebKit/Source/JavaScriptCore/jsc.cpp:3715:15 (jsc+0x1c9803)

SUMMARY: ThreadSanitizer: data race /root/WebKit/WebKitBuild/TSan/WTF/Headers/wtf/Atomics.h:55:100 in WTF::Atomic<JSC::JSString*>::load(std::memory_order) const
==================
ThreadSanitizer: reported 1 warnings
