JSC: disabling useWasm under GIL-off (wasm glue still reads the raw VM-block exception word; not yet audited for UNGIL §A.1.3 COMPILED-FOR-VM; see AB-17 status block in VMEntryScope.cpp).
==================
WARNING: ThreadSanitizer: data race (pid=1719945)
  Read of size 8 at 0x721000000e40 by thread T1:
    #0 std::__uniq_ptr_impl<WTF::BitSet<1024ul, unsigned long>, std::default_delete<WTF::BitSet<1024ul, unsigned long>>>::_M_ptr() const /usr/lib/gcc/x86_64-amazon-linux/14/../../../../include/c++/14/bits/unique_ptr.h:193:51 (jsc+0x2ab08d)
    #1 std::unique_ptr<WTF::BitSet<1024ul, unsigned long>, std::default_delete<WTF::BitSet<1024ul, unsigned long>>>::get() const /usr/lib/gcc/x86_64-amazon-linux/14/../../../../include/c++/14/bits/unique_ptr.h:465:21 (jsc+0x2ab08d)
    #2 JSC::IsoCellSet::add(JSC::HeapCell*) /root/WebKit/Source/JavaScriptCore/heap/IsoCellSetInlines.h:45:29 (jsc+0x2ab08d)
    #3 void JSC::CodeBlock::visitChildren<JSC::SlotVisitor>(JSC::SlotVisitor&) /root/WebKit/Source/JavaScriptCore/bytecode/CodeBlock.cpp:1328:53 (jsc+0x2ab08d)
    #4 void JSC::CodeBlock::visitChildrenImpl<JSC::SlotVisitor>(JSC::JSCell*, JSC::SlotVisitor&) /root/WebKit/Source/JavaScriptCore/bytecode/CodeBlock.cpp:1301:17 (jsc+0x283a8f)
    #5 JSC::CodeBlock::visitChildren(JSC::JSCell*, JSC::SlotVisitor&) /root/WebKit/Source/JavaScriptCore/bytecode/CodeBlock.cpp:1304:1 (jsc+0x283a8f)
    #6 JSC::MethodTable::visitChildren(JSC::JSCell*, JSC::SlotVisitor&) const /root/WebKit/Source/JavaScriptCore/runtime/ClassInfo.h:115:82 (jsc+0xe60c79)
    #7 JSC::SlotVisitor::visitChildren(JSC::JSCell const*) /root/WebKit/Source/JavaScriptCore/heap/SlotVisitor.cpp (jsc+0xe60c79)
    #8 JSC::SlotVisitor::drain(WTF::MonotonicTime)::$_0::operator()(JSC::MarkStackArray&) const /root/WebKit/Source/JavaScriptCore/heap/SlotVisitor.cpp:520:21 (jsc+0xe60c79)
    #9 WTF::IterationStatus JSC::SlotVisitor::forEachMarkStack<JSC::SlotVisitor::drain(WTF::MonotonicTime)::$_0>(JSC::SlotVisitor::drain(WTF::MonotonicTime)::$_0 const&) /root/WebKit/Source/JavaScriptCore/heap/SlotVisitorInlines.h:193:9 (jsc+0xe5a503)
    #10 JSC::SlotVisitor::drain(WTF::MonotonicTime) /root/WebKit/Source/JavaScriptCore/heap/SlotVisitor.cpp:510:34 (jsc+0xe5a503)
    #11 JSC::SlotVisitor::donateAndDrain(WTF::MonotonicTime) /root/WebKit/Source/JavaScriptCore/heap/SlotVisitor.cpp:793:5 (jsc+0xe5bf0b)
    #12 JSC::SlotVisitor::drainInParallel(WTF::MonotonicTime) /root/WebKit/Source/JavaScriptCore/heap/SlotVisitor.cpp:719:5 (jsc+0xe5bf0b)
    #13 JSC::Heap::runFixpointPhase(JSC::GCConductor) /root/WebKit/Source/JavaScriptCore/heap/Heap.cpp:1945:17 (jsc+0xdc8a36)
    #14 JSC::Heap::runCurrentPhase(JSC::GCConductor, JSC::CurrentThreadState*) /root/WebKit/Source/JavaScriptCore/heap/Heap.cpp:1740:18 (jsc+0xdc72c7)
    #15 JSC::Heap::collectInMutatorThread()::$_0::operator()(JSC::CurrentThreadState&) const /root/WebKit/Source/JavaScriptCore/heap/Heap.cpp:2496:52 (jsc+0xe09aac)
    #16 WTF::ScopedLambdaFunctor<void (JSC::CurrentThreadState&), JSC::Heap::collectInMutatorThread()::$_0>::implFunction(void*, JSC::CurrentThreadState&) /root/WebKit/WebKitBuild/TSan/WTF/Headers/wtf/ScopedLambda.h:106:16 (jsc+0xe09aac)
    #17 void WTF::ScopedLambda<void (JSC::CurrentThreadState&)>::operator()<JSC::CurrentThreadState&>(JSC::CurrentThreadState&) const /root/WebKit/WebKitBuild/TSan/WTF/Headers/wtf/ScopedLambda.h:58:16 (jsc+0xe37d58)
    #18 JSC::callWithCurrentThreadState(WTF::ScopedLambda<void (JSC::CurrentThreadState&)> const&) /root/WebKit/Source/JavaScriptCore/heap/MachineStackMarker.cpp:284:5 (jsc+0xe37d58)
    #19 JSC::Heap::collectInMutatorThread() /root/WebKit/Source/JavaScriptCore/heap/Heap.cpp:2508:13 (jsc+0xdcea79)
    #20 JSC::Heap::conductSharedCollection(JSC::GCClient::Heap&) /root/WebKit/Source/JavaScriptCore/heap/Heap.cpp:4913:9 (jsc+0xddcac9)
    #21 JSC::Heap::runSharedGCElection(unsigned long) /root/WebKit/Source/JavaScriptCore/heap/Heap.cpp:4585:13 (jsc+0xdc6c8f)
    #22 JSC::Heap::collectSync(JSC::GCRequest) /root/WebKit/Source/JavaScriptCore/heap/Heap.cpp:1636:9 (jsc+0xdc5962)
    #23 JSC::Heap::collectSyncAllClients(JSC::CollectionScope) /root/WebKit/Source/JavaScriptCore/heap/Heap.cpp:4519:5 (jsc+0xddc513)
    #24 JSC::SharedHeapTestHarness::runPreciseAllocationStormScenario(JSC::Heap&, unsigned int, unsigned int)::$_0::operator()(JSC::GCClient::Heap&, unsigned int) const /root/WebKit/Source/JavaScriptCore/heap/SharedHeapTestHarness.cpp:675:28 (jsc+0xe548c5)
    #25 void JSC::(anonymous namespace)::runStandaloneClientThreads<JSC::SharedHeapTestHarness::runPreciseAllocationStormScenario(JSC::Heap&, unsigned int, unsigned int)::$_0>(JSC::Heap&, unsigned int, JSC::SharedHeapTestHarness::runPreciseAllocationStormScenario(JSC::Heap&, unsigned int, unsigned int)::$_0 const&)::'lambda'()::operator()() const /root/WebKit/Source/JavaScriptCore/heap/SharedHeapTestHarness.cpp:496:13 (jsc+0xe548c5)
    #26 WTF::Detail::CallableWrapper<void JSC::(anonymous namespace)::runStandaloneClientThreads<JSC::SharedHeapTestHarness::runPreciseAllocationStormScenario(JSC::Heap&, unsigned int, unsigned int)::$_0>(JSC::Heap&, unsigned int, JSC::SharedHeapTestHarness::runPreciseAllocationStormScenario(JSC::Heap&, unsigned int, unsigned int)::$_0 const&)::'lambda'(), void>::call() /root/WebKit/WebKitBuild/TSan/WTF/Headers/wtf/Function.h:59:39 (jsc+0xe548c5)
    #27 WTF::Function<void ()>::operator()() const /root/WebKit/Source/WTF/wtf/Function.h:103:35 (jsc+0x2593495)
    #28 WTF::Thread::entryPoint(WTF::Thread::NewThreadContext*) /root/WebKit/Source/WTF/wtf/Threading.cpp:312:5 (jsc+0x2593495)
    #29 WTF::wtfThreadEntryPoint(void*) /root/WebKit/Source/WTF/wtf/posix/ThreadingPOSIX.cpp:264:5 (jsc+0x25efe49)

  Previous write of size 8 at 0x721000000e40 by thread T9:
    #0 std::__uniq_ptr_impl<WTF::BitSet<1024ul, unsigned long>, std::default_delete<WTF::BitSet<1024ul, unsigned long>>>::reset(WTF::BitSet<1024ul, unsigned long>*) /usr/lib/gcc/x86_64-amazon-linux/14/../../../../include/c++/14/bits/unique_ptr.h:203:11 (jsc+0xe21ef6)
    #1 std::__uniq_ptr_impl<WTF::BitSet<1024ul, unsigned long>, std::default_delete<WTF::BitSet<1024ul, unsigned long>>>::operator=(std::__uniq_ptr_impl<WTF::BitSet<1024ul, unsigned long>, std::default_delete<WTF::BitSet<1024ul, unsigned long>>>&&) /usr/lib/gcc/x86_64-amazon-linux/14/../../../../include/c++/14/bits/unique_ptr.h:185:2 (jsc+0xe21ef6)
    #2 std::__uniq_ptr_data<WTF::BitSet<1024ul, unsigned long>, std::default_delete<WTF::BitSet<1024ul, unsigned long>>, true, true>::operator=(std::__uniq_ptr_data<WTF::BitSet<1024ul, unsigned long>, std::default_delete<WTF::BitSet<1024ul, unsigned long>>, true, true>&&) /usr/lib/gcc/x86_64-amazon-linux/14/../../../../include/c++/14/bits/unique_ptr.h:237:61 (jsc+0xe21ef6)
    #3 std::unique_ptr<WTF::BitSet<1024ul, unsigned long>, std::default_delete<WTF::BitSet<1024ul, unsigned long>>>::operator=(std::unique_ptr<WTF::BitSet<1024ul, unsigned long>, std::default_delete<WTF::BitSet<1024ul, unsigned long>>>&&) /usr/lib/gcc/x86_64-amazon-linux/14/../../../../include/c++/14/bits/unique_ptr.h:409:51 (jsc+0xe21ef6)
    #4 JSC::IsoCellSet::addSlow(unsigned int) /root/WebKit/Source/JavaScriptCore/heap/IsoCellSet.cpp:98:20 (jsc+0xe21ef6)
    #5 JSC::IsoCellSet::add(JSC::HeapCell*) /root/WebKit/Source/JavaScriptCore/heap/IsoCellSetInlines.h:47:16 (jsc+0x2ab22e)
    #6 void JSC::CodeBlock::visitChildren<JSC::SlotVisitor>(JSC::SlotVisitor&) /root/WebKit/Source/JavaScriptCore/bytecode/CodeBlock.cpp:1328:53 (jsc+0x2ab22e)
    #7 void JSC::CodeBlock::visitChildrenImpl<JSC::SlotVisitor>(JSC::JSCell*, JSC::SlotVisitor&) /root/WebKit/Source/JavaScriptCore/bytecode/CodeBlock.cpp:1301:17 (jsc+0x283a8f)
    #8 JSC::CodeBlock::visitChildren(JSC::JSCell*, JSC::SlotVisitor&) /root/WebKit/Source/JavaScriptCore/bytecode/CodeBlock.cpp:1304:1 (jsc+0x283a8f)
    #9 JSC::MethodTable::visitChildren(JSC::JSCell*, JSC::SlotVisitor&) const /root/WebKit/Source/JavaScriptCore/runtime/ClassInfo.h:115:82 (jsc+0xe60c79)
    #10 JSC::SlotVisitor::visitChildren(JSC::JSCell const*) /root/WebKit/Source/JavaScriptCore/heap/SlotVisitor.cpp (jsc+0xe60c79)
    #11 JSC::SlotVisitor::drain(WTF::MonotonicTime)::$_0::operator()(JSC::MarkStackArray&) const /root/WebKit/Source/JavaScriptCore/heap/SlotVisitor.cpp:520:21 (jsc+0xe60c79)
    #12 WTF::IterationStatus JSC::SlotVisitor::forEachMarkStack<JSC::SlotVisitor::drain(WTF::MonotonicTime)::$_0>(JSC::SlotVisitor::drain(WTF::MonotonicTime)::$_0 const&) /root/WebKit/Source/JavaScriptCore/heap/SlotVisitorInlines.h:193:9 (jsc+0xe5a503)
    #13 JSC::SlotVisitor::drain(WTF::MonotonicTime) /root/WebKit/Source/JavaScriptCore/heap/SlotVisitor.cpp:510:34 (jsc+0xe5a503)
    #14 JSC::SlotVisitor::drainFromShared(JSC::SlotVisitor::SharedDrainMode, WTF::MonotonicTime) /root/WebKit/Source/JavaScriptCore/heap/SlotVisitor.cpp:710:13 (jsc+0xe5bd2d)
    #15 JSC::Heap::runBeginPhase(JSC::GCConductor)::$_1::operator()() const /root/WebKit/Source/JavaScriptCore/heap/Heap.cpp:1853:26 (jsc+0xe07e99)
    #16 WTF::SharedTaskFunctor<void (), JSC::Heap::runBeginPhase(JSC::GCConductor)::$_1>::run() /root/WebKit/WebKitBuild/TSan/WTF/Headers/wtf/SharedTask.h:91:16 (jsc+0xe07e99)
    #17 WTF::ParallelHelperClient::runTask(WTF::RefPtr<WTF::SharedTask<void ()>, WTF::RawPtrTraits<WTF::SharedTask<void ()>>, WTF::DefaultRefDerefTraits<WTF::SharedTask<void ()>>> const&) /root/WebKit/Source/WTF/wtf/ParallelHelperPool.cpp:113:11 (jsc+0x2584989)
    #18 WTF::ParallelHelperPool::Thread::work() /root/WebKit/Source/WTF/wtf/ParallelHelperPool.cpp:211:19 (jsc+0x2585ae1)
    #19 WTF::AutomaticThread::start(WTF::AbstractLocker const&)::$_0::operator()() const /root/WebKit/Source/WTF/wtf/AutomaticThread.cpp:260:37 (jsc+0x256810c)
    #20 WTF::Detail::CallableWrapper<WTF::AutomaticThread::start(WTF::AbstractLocker const&)::$_0, void>::call() /root/WebKit/Source/WTF/wtf/Function.h:59:39 (jsc+0x256810c)
    #21 WTF::Function<void ()>::operator()() const /root/WebKit/Source/WTF/wtf/Function.h:103:35 (jsc+0x2593495)
    #22 WTF::Thread::entryPoint(WTF::Thread::NewThreadContext*) /root/WebKit/Source/WTF/wtf/Threading.cpp:312:5 (jsc+0x2593495)
    #23 WTF::wtfThreadEntryPoint(void*) /root/WebKit/Source/WTF/wtf/posix/ThreadingPOSIX.cpp:264:5 (jsc+0x25efe49)

  Location is heap block of size 64 at 0x721000000e40 allocated by main thread:
    #0 malloc /home/runner/work/llvm-project/llvm-project/compiler-rt/lib/tsan/rtl/tsan_interceptors_posix.cpp:682:5 (jsc+0x13dc20)
    #1 bmalloc::api::malloc(unsigned long, bmalloc::CompactAllocationMode, bmalloc::HeapKind) /root/WebKit/WebKitBuild/TSan/bmalloc/Headers/bmalloc/bmalloc.h:96:20 (jsc+0x25762a9)
    #2 WTF::fastMalloc(unsigned long) /root/WebKit/Source/WTF/wtf/FastMalloc.cpp:337:20 (jsc+0x25762a9)
    #3 WTF::ConcurrentVector<std::unique_ptr<WTF::BitSet<1024ul, unsigned long>, std::default_delete<WTF::BitSet<1024ul, unsigned long>>>, 8ul>::Segment::operator new(unsigned long) /root/WebKit/WebKitBuild/TSan/WTF/Headers/wtf/ConcurrentVector.h:222:9 (jsc+0xe2c351)
    #4 std::__detail::_MakeUniq<WTF::ConcurrentVector<std::unique_ptr<WTF::BitSet<1024ul, unsigned long>, std::default_delete<WTF::BitSet<1024ul, unsigned long>>>, 8ul>::Segment>::__single_object std::make_unique<WTF::ConcurrentVector<std::unique_ptr<WTF::BitSet<1024ul, unsigned long>, std::default_delete<WTF::BitSet<1024ul, unsigned long>>>, 8ul>::Segment>() /usr/lib/gcc/x86_64-amazon-linux/14/../../../../include/c++/14/bits/unique_ptr.h:1077:30 (jsc+0xe2c351)
    #5 decltype(auto) WTF::makeUnique<WTF::ConcurrentVector<std::unique_ptr<WTF::BitSet<1024ul, unsigned long>, std::default_delete<WTF::BitSet<1024ul, unsigned long>>>, 8ul>::Segment>() /root/WebKit/WebKitBuild/TSan/WTF/Headers/wtf/StdLibExtras.h:893:12 (jsc+0xe2c351)
    #6 WTF::ConcurrentVector<std::unique_ptr<WTF::BitSet<1024ul, unsigned long>, std::default_delete<WTF::BitSet<1024ul, unsigned long>>>, 8ul>::allocateSegment() /root/WebKit/WebKitBuild/TSan/WTF/Headers/wtf/ConcurrentVector.h:261:39 (jsc+0xe2c351)
    #7 WTF::ConcurrentVector<std::unique_ptr<WTF::BitSet<1024ul, unsigned long>, std::default_delete<WTF::BitSet<1024ul, unsigned long>>>, 8ul>::ensureSegment(unsigned long) /root/WebKit/WebKitBuild/TSan/WTF/Headers/wtf/ConcurrentVector.h:255:13 (jsc+0xe2222d)
    #8 WTF::ConcurrentVector<std::unique_ptr<WTF::BitSet<1024ul, unsigned long>, std::default_delete<WTF::BitSet<1024ul, unsigned long>>>, 8ul>::ensureSegmentsFor(unsigned long) /root/WebKit/WebKitBuild/TSan/WTF/Headers/wtf/ConcurrentVector.h:248:13 (jsc+0xe2222d)
    #9 WTF::ConcurrentVector<std::unique_ptr<WTF::BitSet<1024ul, unsigned long>, std::default_delete<WTF::BitSet<1024ul, unsigned long>>>, 8ul>::grow(unsigned long) /root/WebKit/WebKitBuild/TSan/WTF/Headers/wtf/ConcurrentVector.h:203:9 (jsc+0xe2222d)
    #10 JSC::IsoCellSet::didResizeBits(unsigned int) /root/WebKit/Source/JavaScriptCore/heap/IsoCellSet.cpp:109:12 (jsc+0xe2222d)
    #11 JSC::IsoSubspace::didResizeBits(unsigned int)::$_0::operator()(JSC::IsoCellSet*) const /root/WebKit/Source/JavaScriptCore/heap/IsoSubspace.cpp:63:18 (jsc+0xe235c4)
    #12 void WTF::SentinelLinkedList<JSC::IsoCellSet, WTF::BasicRawSentinelNode<JSC::IsoCellSet, WTF::RawPtrTraits<JSC::IsoCellSet>>>::forEach<JSC::IsoSubspace::didResizeBits(unsigned int)::$_0>(JSC::IsoSubspace::didResizeBits(unsigned int)::$_0 const&) /root/WebKit/WebKitBuild/TSan/WTF/Headers/wtf/SentinelLinkedList.h:151:13 (jsc+0xe235c4)
    #13 JSC::IsoSubspace::didResizeBits(unsigned int) /root/WebKit/Source/JavaScriptCore/heap/IsoSubspace.cpp:61:16 (jsc+0xe235c4)
    #14 JSC::BlockDirectory::addBlock(JSC::MarkedBlock::Handle*) /root/WebKit/Source/JavaScriptCore/heap/BlockDirectory.cpp:186:25 (jsc+0xda63a1)
    #15 JSC::LocalAllocator::allocateSlowCase(JSC::Heap&, unsigned long, JSC::GCDeferralContext*, JSC::AllocationFailureMode) /root/WebKit/Source/JavaScriptCore/heap/LocalAllocator.cpp:226:18 (jsc+0xe354df)
    #16 JSC::LocalAllocator::allocate(JSC::Heap&, unsigned long, JSC::GCDeferralContext*, JSC::AllocationFailureMode)::'lambda'()::operator()() const /root/WebKit/WebKitBuild/TSan/JavaScriptCore/PrivateHeaders/JavaScriptCore/LocalAllocatorInlines.h:53:43 (jsc+0x1d122e)
    #17 JSC::HeapCell* JSC::FreeList::allocateWithCellSize<JSC::LocalAllocator::allocate(JSC::Heap&, unsigned long, JSC::GCDeferralContext*, JSC::AllocationFailureMode)::'lambda'()>(JSC::LocalAllocator::allocate(JSC::Heap&, unsigned long, JSC::GCDeferralContext*, JSC::AllocationFailureMode)::'lambda'() const&, unsigned long) /root/WebKit/Source/JavaScriptCore/heap/FreeListInlines.h:46:16 (jsc+0x1885b20)
    #18 JSC::LocalAllocator::allocate(JSC::Heap&, unsigned long, JSC::GCDeferralContext*, JSC::AllocationFailureMode) /root/WebKit/Source/JavaScriptCore/heap/LocalAllocatorInlines.h:50:23 (jsc+0x1885b20)
    #19 JSC::GCClient::IsoSubspace::allocate(JSC::VM&, unsigned long, JSC::GCDeferralContext*, JSC::AllocationFailureMode) /root/WebKit/Source/JavaScriptCore/heap/IsoSubspaceInlines.h:42:29 (jsc+0x1885b20)
    #20 void* JSC::tryAllocateCellHelper<JSC::ProgramCodeBlock, (JSC::AllocationFailureMode)0>(JSC::VM&, unsigned long, JSC::GCDeferralContext*) /root/WebKit/Source/JavaScriptCore/runtime/JSCellInlines.h:180:63 (jsc+0x1885b20)
    #21 void* JSC::allocateCell<JSC::ProgramCodeBlock>(JSC::VM&, unsigned long) /root/WebKit/Source/JavaScriptCore/runtime/JSCellInlines.h:200:12 (jsc+0x1885b20)
    #22 JSC::ProgramCodeBlock::create(JSC::VM&, JSC::ProgramExecutable*, JSC::UnlinkedProgramCodeBlock*, JSC::JSScope*) /root/WebKit/Source/JavaScriptCore/bytecode/ProgramCodeBlock.h:59:52 (jsc+0x187e9c6)
    #23 JSC::ScriptExecutable::newCodeBlockFor(JSC::CodeSpecializationKind, JSC::JSFunction*, JSC::JSScope*) /root/WebKit/Source/JavaScriptCore/runtime/ScriptExecutable.cpp:457:9 (jsc+0x187e9c6)
    #24 JSC::ScriptExecutable::prepareForExecutionImpl(JSC::VM&, JSC::JSFunction*, JSC::JSScope*, JSC::CodeSpecializationKind, JSC::CodeBlock*&) /root/WebKit/Source/JavaScriptCore/runtime/ScriptExecutable.cpp:606:28 (jsc+0x187f514)
    #25 void JSC::ScriptExecutable::prepareForExecution<JSC::ProgramExecutable>(JSC::VM&, JSC::JSFunction*, JSC::JSScope*, JSC::CodeSpecializationKind, JSC::CodeBlock*&) /root/WebKit/Source/JavaScriptCore/bytecode/CodeBlock.h:1140:5 (jsc+0xe79aed)
    #26 JSC::Interpreter::executeProgram(JSC::SourceCode const&, JSC::JSGlobalObject*, JSC::JSObject*) /root/WebKit/Source/JavaScriptCore/interpreter/Interpreter.cpp:1203:22 (jsc+0xe79aed)
    #27 JSC::evaluate(JSC::JSGlobalObject*, JSC::SourceCode const&, JSC::JSValue, WTF::NakedPtr<JSC::Exception>&) /root/WebKit/Source/JavaScriptCore/runtime/Completion.cpp:145:37 (jsc+0x13af265)
    #28 runWithOptions(GlobalObject*, CommandLine&, bool&) /root/WebKit/Source/JavaScriptCore/jsc.cpp:3957:35 (jsc+0x1caf15)
    #29 jscmain(int, char**)::$_0::operator()(JSC::VM&, GlobalObject*, bool&) const /root/WebKit/Source/JavaScriptCore/jsc.cpp:4686:13 (jsc+0x1caf15)
    #30 int runJSC<jscmain(int, char**)::$_0>(CommandLine const&, bool, jscmain(int, char**)::$_0 const&) /root/WebKit/Source/JavaScriptCore/jsc.cpp:4472:13 (jsc+0x1caf15)
    #31 jscmain(int, char**) /root/WebKit/Source/JavaScriptCore/jsc.cpp:4679:18 (jsc+0x1caf15)
    #32 main /root/WebKit/Source/JavaScriptCore/jsc.cpp:3715:15 (jsc+0x1c9793)

  Thread T1 ' SharedHeapTest' (tid=1720007, running) created by main thread at:
    #0 pthread_create /home/runner/work/llvm-project/llvm-project/compiler-rt/lib/tsan/rtl/tsan_interceptors_posix.cpp:1090:3 (jsc+0x13ff1a)
    #1 WTF::Thread::establishHandle(WTF::Thread::NewThreadContext&, WTF::StackAllocationSpecification, WTF::ThreadQOS, WTF::ThreadSchedulingPolicy) /root/WebKit/Source/WTF/wtf/posix/ThreadingPOSIX.cpp:354:17 (jsc+0x25efd35)
    #2 WTF::Thread::create(WTF::ASCIILiteral, WTF::Function<void ()>&&, WTF::ThreadType, WTF::ThreadQOS, WTF::ThreadSchedulingPolicy, WTF::StackAllocationSpecification) /root/WebKit/Source/WTF/wtf/Threading.cpp:330:32 (jsc+0x25937d3)
    #3 void JSC::(anonymous namespace)::runStandaloneClientThreads<JSC::SharedHeapTestHarness::runPreciseAllocationStormScenario(JSC::Heap&, unsigned int, unsigned int)::$_0>(JSC::Heap&, unsigned int, JSC::SharedHeapTestHarness::runPreciseAllocationStormScenario(JSC::Heap&, unsigned int, unsigned int)::$_0 const&) /root/WebKit/Source/JavaScriptCore/heap/SharedHeapTestHarness.cpp:492:24 (jsc+0xe4b0e6)
    #4 JSC::SharedHeapTestHarness::runPreciseAllocationStormScenario(JSC::Heap&, unsigned int, unsigned int) /root/WebKit/Source/JavaScriptCore/heap/SharedHeapTestHarness.cpp:660:5 (jsc+0xe4b0e6)
    #5 JSC::SharedHeapTestHarness::run(JSC::Heap&, WTF::String const&, unsigned int, unsigned int) /root/WebKit/Source/JavaScriptCore/heap/SharedHeapTestHarness.cpp:1232:20 (jsc+0xe4ff52)
    #6 JSC::functionSharedHeapTest(JSC::JSGlobalObject*, JSC::CallFrame*) /root/WebKit/Source/JavaScriptCore/tools/JSDollarVM.cpp:2681:38 (jsc+0x1a04389)
    #7 <null> <null> (0x7fb2259ff157)
    #8 JSC::evaluate(JSC::JSGlobalObject*, JSC::SourceCode const&, JSC::JSValue, WTF::NakedPtr<JSC::Exception>&) /root/WebKit/Source/JavaScriptCore/runtime/Completion.cpp:145:37 (jsc+0x13af265)
    #9 runWithOptions(GlobalObject*, CommandLine&, bool&) /root/WebKit/Source/JavaScriptCore/jsc.cpp:3957:35 (jsc+0x1caf15)
    #10 jscmain(int, char**)::$_0::operator()(JSC::VM&, GlobalObject*, bool&) const /root/WebKit/Source/JavaScriptCore/jsc.cpp:4686:13 (jsc+0x1caf15)
    #11 int runJSC<jscmain(int, char**)::$_0>(CommandLine const&, bool, jscmain(int, char**)::$_0 const&) /root/WebKit/Source/JavaScriptCore/jsc.cpp:4472:13 (jsc+0x1caf15)
    #12 jscmain(int, char**) /root/WebKit/Source/JavaScriptCore/jsc.cpp:4679:18 (jsc+0x1caf15)
    #13 main /root/WebKit/Source/JavaScriptCore/jsc.cpp:3715:15 (jsc+0x1c9793)

  Thread T9 'HeapHelper' (tid=1720048, running) created by thread T1 at:
    #0 pthread_create /home/runner/work/llvm-project/llvm-project/compiler-rt/lib/tsan/rtl/tsan_interceptors_posix.cpp:1090:3 (jsc+0x13ff1a)
    #1 WTF::Thread::establishHandle(WTF::Thread::NewThreadContext&, WTF::StackAllocationSpecification, WTF::ThreadQOS, WTF::ThreadSchedulingPolicy) /root/WebKit/Source/WTF/wtf/posix/ThreadingPOSIX.cpp:354:17 (jsc+0x25efd35)
    #2 WTF::Thread::create(WTF::ASCIILiteral, WTF::Function<void ()>&&, WTF::ThreadType, WTF::ThreadQOS, WTF::ThreadSchedulingPolicy, WTF::StackAllocationSpecification) /root/WebKit/Source/WTF/wtf/Threading.cpp:330:32 (jsc+0x25937d3)
    #3 WTF::AutomaticThread::start(WTF::AbstractLocker const&) /root/WebKit/Source/WTF/wtf/AutomaticThread.cpp:189:5 (jsc+0x2566b89)
    #4 WTF::AutomaticThreadCondition::notifyAll(WTF::AbstractLocker const&) /root/WebKit/Source/WTF/wtf/AutomaticThread.cpp:76:21 (jsc+0x2566d77)
    #5 WTF::ParallelHelperPool::didMakeWorkAvailable(WTF::AbstractLocker const&) /root/WebKit/Source/WTF/wtf/ParallelHelperPool.cpp:226:31 (jsc+0x2584809)
    #6 WTF::ParallelHelperClient::setTask(WTF::RefPtr<WTF::SharedTask<void ()>, WTF::RawPtrTraits<WTF::SharedTask<void ()>>, WTF::DefaultRefDerefTraits<WTF::SharedTask<void ()>>>&&) /root/WebKit/Source/WTF/wtf/ParallelHelperPool.cpp:63:13 (jsc+0x2584580)
    #7 void WTF::ParallelHelperClient::setFunction<JSC::Heap::runBeginPhase(JSC::GCConductor)::$_1>(JSC::Heap::runBeginPhase(JSC::GCConductor)::$_1 const&) /root/WebKit/WebKitBuild/TSan/WTF/Headers/wtf/ParallelHelperPool.h:181:9 (jsc+0xdc813d)
    #8 JSC::Heap::runBeginPhase(JSC::GCConductor) /root/WebKit/Source/JavaScriptCore/heap/Heap.cpp:1840:20 (jsc+0xdc813d)
    #9 JSC::Heap::runCurrentPhase(JSC::GCConductor, JSC::CurrentThreadState*) /root/WebKit/Source/JavaScriptCore/heap/Heap.cpp:1733:18 (jsc+0xdc72e1)
    #10 JSC::Heap::collectInMutatorThread() /root/WebKit/Source/JavaScriptCore/heap/Heap.cpp:2483:40 (jsc+0xdcea2b)
    #11 JSC::Heap::conductSharedCollection(JSC::GCClient::Heap&) /root/WebKit/Source/JavaScriptCore/heap/Heap.cpp:4913:9 (jsc+0xddcac9)
    #12 JSC::Heap::runSharedGCElection(unsigned long) /root/WebKit/Source/JavaScriptCore/heap/Heap.cpp:4585:13 (jsc+0xdc6c8f)
    #13 JSC::Heap::collectSync(JSC::GCRequest) /root/WebKit/Source/JavaScriptCore/heap/Heap.cpp:1636:9 (jsc+0xdc5962)
    #14 JSC::Heap::collectSyncAllClients(JSC::CollectionScope) /root/WebKit/Source/JavaScriptCore/heap/Heap.cpp:4519:5 (jsc+0xddc513)
    #15 JSC::SharedHeapTestHarness::runPreciseAllocationStormScenario(JSC::Heap&, unsigned int, unsigned int)::$_0::operator()(JSC::GCClient::Heap&, unsigned int) const /root/WebKit/Source/JavaScriptCore/heap/SharedHeapTestHarness.cpp:675:28 (jsc+0xe548c5)
    #16 void JSC::(anonymous namespace)::runStandaloneClientThreads<JSC::SharedHeapTestHarness::runPreciseAllocationStormScenario(JSC::Heap&, unsigned int, unsigned int)::$_0>(JSC::Heap&, unsigned int, JSC::SharedHeapTestHarness::runPreciseAllocationStormScenario(JSC::Heap&, unsigned int, unsigned int)::$_0 const&)::'lambda'()::operator()() const /root/WebKit/Source/JavaScriptCore/heap/SharedHeapTestHarness.cpp:496:13 (jsc+0xe548c5)
    #17 WTF::Detail::CallableWrapper<void JSC::(anonymous namespace)::runStandaloneClientThreads<JSC::SharedHeapTestHarness::runPreciseAllocationStormScenario(JSC::Heap&, unsigned int, unsigned int)::$_0>(JSC::Heap&, unsigned int, JSC::SharedHeapTestHarness::runPreciseAllocationStormScenario(JSC::Heap&, unsigned int, unsigned int)::$_0 const&)::'lambda'(), void>::call() /root/WebKit/WebKitBuild/TSan/WTF/Headers/wtf/Function.h:59:39 (jsc+0xe548c5)
    #18 WTF::Function<void ()>::operator()() const /root/WebKit/Source/WTF/wtf/Function.h:103:35 (jsc+0x2593495)
    #19 WTF::Thread::entryPoint(WTF::Thread::NewThreadContext*) /root/WebKit/Source/WTF/wtf/Threading.cpp:312:5 (jsc+0x2593495)
    #20 WTF::wtfThreadEntryPoint(void*) /root/WebKit/Source/WTF/wtf/posix/ThreadingPOSIX.cpp:264:5 (jsc+0x25efe49)

SUMMARY: ThreadSanitizer: data race /root/WebKit/Source/JavaScriptCore/heap/IsoCellSetInlines.h:45:29 in JSC::IsoCellSet::add(JSC::HeapCell*)
==================
==================
WARNING: ThreadSanitizer: data race (pid=1719945)
  Atomic read of size 8 at 0x722000024080 by thread T1:
    #0 std::__atomic_base<unsigned long>::load(std::memory_order) const /usr/lib/gcc/x86_64-amazon-linux/14/../../../../include/c++/14/bits/atomic_base.h:501:9 (jsc+0x2ab0c9)
    #1 WTF::Atomic<unsigned long>::load(std::memory_order) const /root/WebKit/WebKitBuild/TSan/WTF/Headers/wtf/Atomics.h:55:100 (jsc+0x2ab0c9)
    #2 bool WTF::Atomic<unsigned long>::transaction<WTF::BitSet<1024ul, unsigned long>::concurrentTestAndSet(unsigned long, WTF::Dependency)::'lambda'(unsigned long&)>(T const&, std::memory_order) /root/WebKit/WebKitBuild/TSan/WTF/Headers/wtf/Atomics.h:133:26 (jsc+0x2ab0c9)
    #3 bool WTF::Atomic<unsigned long>::transactionRelaxed<WTF::BitSet<1024ul, unsigned long>::concurrentTestAndSet(unsigned long, WTF::Dependency)::'lambda'(unsigned long&)>(WTF::BitSet<1024ul, unsigned long>::concurrentTestAndSet(unsigned long, WTF::Dependency)::'lambda'(unsigned long&) const&) /root/WebKit/WebKitBuild/TSan/WTF/Headers/wtf/Atomics.h:147:16 (jsc+0x2ab0c9)
    #4 WTF::BitSet<1024ul, unsigned long>::concurrentTestAndSet(unsigned long, WTF::Dependency) /root/WebKit/WebKitBuild/TSan/WTF/Headers/wtf/BitSet.h:222:53 (jsc+0x2ab0c9)
    #5 JSC::IsoCellSet::add(JSC::HeapCell*) /root/WebKit/Source/JavaScriptCore/heap/IsoCellSetInlines.h:48:19 (jsc+0x2ab0c9)
    #6 void JSC::CodeBlock::visitChildren<JSC::SlotVisitor>(JSC::SlotVisitor&) /root/WebKit/Source/JavaScriptCore/bytecode/CodeBlock.cpp:1328:53 (jsc+0x2ab0c9)
    #7 void JSC::CodeBlock::visitChildrenImpl<JSC::SlotVisitor>(JSC::JSCell*, JSC::SlotVisitor&) /root/WebKit/Source/JavaScriptCore/bytecode/CodeBlock.cpp:1301:17 (jsc+0x283a8f)
    #8 JSC::CodeBlock::visitChildren(JSC::JSCell*, JSC::SlotVisitor&) /root/WebKit/Source/JavaScriptCore/bytecode/CodeBlock.cpp:1304:1 (jsc+0x283a8f)
    #9 JSC::MethodTable::visitChildren(JSC::JSCell*, JSC::SlotVisitor&) const /root/WebKit/Source/JavaScriptCore/runtime/ClassInfo.h:115:82 (jsc+0xe60c79)
    #10 JSC::SlotVisitor::visitChildren(JSC::JSCell const*) /root/WebKit/Source/JavaScriptCore/heap/SlotVisitor.cpp (jsc+0xe60c79)
    #11 JSC::SlotVisitor::drain(WTF::MonotonicTime)::$_0::operator()(JSC::MarkStackArray&) const /root/WebKit/Source/JavaScriptCore/heap/SlotVisitor.cpp:520:21 (jsc+0xe60c79)
    #12 WTF::IterationStatus JSC::SlotVisitor::forEachMarkStack<JSC::SlotVisitor::drain(WTF::MonotonicTime)::$_0>(JSC::SlotVisitor::drain(WTF::MonotonicTime)::$_0 const&) /root/WebKit/Source/JavaScriptCore/heap/SlotVisitorInlines.h:193:9 (jsc+0xe5a503)
    #13 JSC::SlotVisitor::drain(WTF::MonotonicTime) /root/WebKit/Source/JavaScriptCore/heap/SlotVisitor.cpp:510:34 (jsc+0xe5a503)
    #14 JSC::SlotVisitor::donateAndDrain(WTF::MonotonicTime) /root/WebKit/Source/JavaScriptCore/heap/SlotVisitor.cpp:793:5 (jsc+0xe5bf0b)
    #15 JSC::SlotVisitor::drainInParallel(WTF::MonotonicTime) /root/WebKit/Source/JavaScriptCore/heap/SlotVisitor.cpp:719:5 (jsc+0xe5bf0b)
    #16 JSC::Heap::runFixpointPhase(JSC::GCConductor) /root/WebKit/Source/JavaScriptCore/heap/Heap.cpp:1945:17 (jsc+0xdc8a36)
    #17 JSC::Heap::runCurrentPhase(JSC::GCConductor, JSC::CurrentThreadState*) /root/WebKit/Source/JavaScriptCore/heap/Heap.cpp:1740:18 (jsc+0xdc72c7)
    #18 JSC::Heap::collectInMutatorThread()::$_0::operator()(JSC::CurrentThreadState&) const /root/WebKit/Source/JavaScriptCore/heap/Heap.cpp:2496:52 (jsc+0xe09aac)
    #19 WTF::ScopedLambdaFunctor<void (JSC::CurrentThreadState&), JSC::Heap::collectInMutatorThread()::$_0>::implFunction(void*, JSC::CurrentThreadState&) /root/WebKit/WebKitBuild/TSan/WTF/Headers/wtf/ScopedLambda.h:106:16 (jsc+0xe09aac)
    #20 void WTF::ScopedLambda<void (JSC::CurrentThreadState&)>::operator()<JSC::CurrentThreadState&>(JSC::CurrentThreadState&) const /root/WebKit/WebKitBuild/TSan/WTF/Headers/wtf/ScopedLambda.h:58:16 (jsc+0xe37d58)
    #21 JSC::callWithCurrentThreadState(WTF::ScopedLambda<void (JSC::CurrentThreadState&)> const&) /root/WebKit/Source/JavaScriptCore/heap/MachineStackMarker.cpp:284:5 (jsc+0xe37d58)
    #22 JSC::Heap::collectInMutatorThread() /root/WebKit/Source/JavaScriptCore/heap/Heap.cpp:2508:13 (jsc+0xdcea79)
    #23 JSC::Heap::conductSharedCollection(JSC::GCClient::Heap&) /root/WebKit/Source/JavaScriptCore/heap/Heap.cpp:4913:9 (jsc+0xddcac9)
    #24 JSC::Heap::runSharedGCElection(unsigned long) /root/WebKit/Source/JavaScriptCore/heap/Heap.cpp:4585:13 (jsc+0xdc6c8f)
    #25 JSC::Heap::collectSync(JSC::GCRequest) /root/WebKit/Source/JavaScriptCore/heap/Heap.cpp:1636:9 (jsc+0xdc5962)
    #26 JSC::Heap::collectSyncAllClients(JSC::CollectionScope) /root/WebKit/Source/JavaScriptCore/heap/Heap.cpp:4519:5 (jsc+0xddc513)
    #27 JSC::SharedHeapTestHarness::runPreciseAllocationStormScenario(JSC::Heap&, unsigned int, unsigned int)::$_0::operator()(JSC::GCClient::Heap&, unsigned int) const /root/WebKit/Source/JavaScriptCore/heap/SharedHeapTestHarness.cpp:675:28 (jsc+0xe548c5)
    #28 void JSC::(anonymous namespace)::runStandaloneClientThreads<JSC::SharedHeapTestHarness::runPreciseAllocationStormScenario(JSC::Heap&, unsigned int, unsigned int)::$_0>(JSC::Heap&, unsigned int, JSC::SharedHeapTestHarness::runPreciseAllocationStormScenario(JSC::Heap&, unsigned int, unsigned int)::$_0 const&)::'lambda'()::operator()() const /root/WebKit/Source/JavaScriptCore/heap/SharedHeapTestHarness.cpp:496:13 (jsc+0xe548c5)
    #29 WTF::Detail::CallableWrapper<void JSC::(anonymous namespace)::runStandaloneClientThreads<JSC::SharedHeapTestHarness::runPreciseAllocationStormScenario(JSC::Heap&, unsigned int, unsigned int)::$_0>(JSC::Heap&, unsigned int, JSC::SharedHeapTestHarness::runPreciseAllocationStormScenario(JSC::Heap&, unsigned int, unsigned int)::$_0 const&)::'lambda'(), void>::call() /root/WebKit/WebKitBuild/TSan/WTF/Headers/wtf/Function.h:59:39 (jsc+0xe548c5)
    #30 WTF::Function<void ()>::operator()() const /root/WebKit/Source/WTF/wtf/Function.h:103:35 (jsc+0x2593495)
    #31 WTF::Thread::entryPoint(WTF::Thread::NewThreadContext*) /root/WebKit/Source/WTF/wtf/Threading.cpp:312:5 (jsc+0x2593495)
    #32 WTF::wtfThreadEntryPoint(void*) /root/WebKit/Source/WTF/wtf/posix/ThreadingPOSIX.cpp:264:5 (jsc+0x25efe49)

  Previous write of size 8 at 0x722000024080 by thread T9:
    #0 __tsan_memset /home/runner/work/llvm-project/llvm-project/compiler-rt/lib/tsan/rtl/tsan_interceptors_memintrinsics.cpp:35:3 (jsc+0x13b4cd)
    #1 WTF::BitSet<1024ul, unsigned long>::BitSet() /root/WebKit/WebKitBuild/TSan/WTF/Headers/wtf/BitSet.h:162:38 (jsc+0xe21eea)
    #2 std::__detail::_MakeUniq<WTF::BitSet<1024ul, unsigned long>>::__single_object std::make_unique<WTF::BitSet<1024ul, unsigned long>>() /usr/lib/gcc/x86_64-amazon-linux/14/../../../../include/c++/14/bits/unique_ptr.h:1077:34 (jsc+0xe21eea)
    #3 decltype(auto) WTF::makeUnique<WTF::BitSet<1024ul, unsigned long>>() /root/WebKit/WebKitBuild/TSan/WTF/Headers/wtf/StdLibExtras.h:893:12 (jsc+0xe21eea)
    #4 JSC::IsoCellSet::addSlow(unsigned int) /root/WebKit/Source/JavaScriptCore/heap/IsoCellSet.cpp:98:22 (jsc+0xe21eea)
    #5 JSC::IsoCellSet::add(JSC::HeapCell*) /root/WebKit/Source/JavaScriptCore/heap/IsoCellSetInlines.h:47:16 (jsc+0x2ab22e)
    #6 void JSC::CodeBlock::visitChildren<JSC::SlotVisitor>(JSC::SlotVisitor&) /root/WebKit/Source/JavaScriptCore/bytecode/CodeBlock.cpp:1328:53 (jsc+0x2ab22e)
    #7 void JSC::CodeBlock::visitChildrenImpl<JSC::SlotVisitor>(JSC::JSCell*, JSC::SlotVisitor&) /root/WebKit/Source/JavaScriptCore/bytecode/CodeBlock.cpp:1301:17 (jsc+0x283a8f)
    #8 JSC::CodeBlock::visitChildren(JSC::JSCell*, JSC::SlotVisitor&) /root/WebKit/Source/JavaScriptCore/bytecode/CodeBlock.cpp:1304:1 (jsc+0x283a8f)
    #9 JSC::MethodTable::visitChildren(JSC::JSCell*, JSC::SlotVisitor&) const /root/WebKit/Source/JavaScriptCore/runtime/ClassInfo.h:115:82 (jsc+0xe60c79)
    #10 JSC::SlotVisitor::visitChildren(JSC::JSCell const*) /root/WebKit/Source/JavaScriptCore/heap/SlotVisitor.cpp (jsc+0xe60c79)
    #11 JSC::SlotVisitor::drain(WTF::MonotonicTime)::$_0::operator()(JSC::MarkStackArray&) const /root/WebKit/Source/JavaScriptCore/heap/SlotVisitor.cpp:520:21 (jsc+0xe60c79)
    #12 WTF::IterationStatus JSC::SlotVisitor::forEachMarkStack<JSC::SlotVisitor::drain(WTF::MonotonicTime)::$_0>(JSC::SlotVisitor::drain(WTF::MonotonicTime)::$_0 const&) /root/WebKit/Source/JavaScriptCore/heap/SlotVisitorInlines.h:193:9 (jsc+0xe5a503)
    #13 JSC::SlotVisitor::drain(WTF::MonotonicTime) /root/WebKit/Source/JavaScriptCore/heap/SlotVisitor.cpp:510:34 (jsc+0xe5a503)
    #14 JSC::SlotVisitor::drainFromShared(JSC::SlotVisitor::SharedDrainMode, WTF::MonotonicTime) /root/WebKit/Source/JavaScriptCore/heap/SlotVisitor.cpp:710:13 (jsc+0xe5bd2d)
    #15 JSC::Heap::runBeginPhase(JSC::GCConductor)::$_1::operator()() const /root/WebKit/Source/JavaScriptCore/heap/Heap.cpp:1853:26 (jsc+0xe07e99)
    #16 WTF::SharedTaskFunctor<void (), JSC::Heap::runBeginPhase(JSC::GCConductor)::$_1>::run() /root/WebKit/WebKitBuild/TSan/WTF/Headers/wtf/SharedTask.h:91:16 (jsc+0xe07e99)
    #17 WTF::ParallelHelperClient::runTask(WTF::RefPtr<WTF::SharedTask<void ()>, WTF::RawPtrTraits<WTF::SharedTask<void ()>>, WTF::DefaultRefDerefTraits<WTF::SharedTask<void ()>>> const&) /root/WebKit/Source/WTF/wtf/ParallelHelperPool.cpp:113:11 (jsc+0x2584989)
    #18 WTF::ParallelHelperPool::Thread::work() /root/WebKit/Source/WTF/wtf/ParallelHelperPool.cpp:211:19 (jsc+0x2585ae1)
    #19 WTF::AutomaticThread::start(WTF::AbstractLocker const&)::$_0::operator()() const /root/WebKit/Source/WTF/wtf/AutomaticThread.cpp:260:37 (jsc+0x256810c)
    #20 WTF::Detail::CallableWrapper<WTF::AutomaticThread::start(WTF::AbstractLocker const&)::$_0, void>::call() /root/WebKit/Source/WTF/wtf/Function.h:59:39 (jsc+0x256810c)
    #21 WTF::Function<void ()>::operator()() const /root/WebKit/Source/WTF/wtf/Function.h:103:35 (jsc+0x2593495)
    #22 WTF::Thread::entryPoint(WTF::Thread::NewThreadContext*) /root/WebKit/Source/WTF/wtf/Threading.cpp:312:5 (jsc+0x2593495)
    #23 WTF::wtfThreadEntryPoint(void*) /root/WebKit/Source/WTF/wtf/posix/ThreadingPOSIX.cpp:264:5 (jsc+0x25efe49)

  Location is heap block of size 128 at 0x722000024080 allocated by thread T9:
    #0 malloc /home/runner/work/llvm-project/llvm-project/compiler-rt/lib/tsan/rtl/tsan_interceptors_posix.cpp:682:5 (jsc+0x13dc20)
    #1 bmalloc::api::malloc(unsigned long, bmalloc::CompactAllocationMode, bmalloc::HeapKind) /root/WebKit/WebKitBuild/TSan/bmalloc/Headers/bmalloc/bmalloc.h:96:20 (jsc+0x25762a9)
    #2 WTF::fastMalloc(unsigned long) /root/WebKit/Source/WTF/wtf/FastMalloc.cpp:337:20 (jsc+0x25762a9)
    #3 WTF::BitSet<1024ul, unsigned long>::operator new(unsigned long) /root/WebKit/WebKitBuild/TSan/WTF/Headers/wtf/BitSet.h:40:5 (jsc+0xe21ed8)
    #4 std::__detail::_MakeUniq<WTF::BitSet<1024ul, unsigned long>>::__single_object std::make_unique<WTF::BitSet<1024ul, unsigned long>>() /usr/lib/gcc/x86_64-amazon-linux/14/../../../../include/c++/14/bits/unique_ptr.h:1077:30 (jsc+0xe21ed8)
    #5 decltype(auto) WTF::makeUnique<WTF::BitSet<1024ul, unsigned long>>() /root/WebKit/WebKitBuild/TSan/WTF/Headers/wtf/StdLibExtras.h:893:12 (jsc+0xe21ed8)
    #6 JSC::IsoCellSet::addSlow(unsigned int) /root/WebKit/Source/JavaScriptCore/heap/IsoCellSet.cpp:98:22 (jsc+0xe21ed8)
    #7 JSC::IsoCellSet::add(JSC::HeapCell*) /root/WebKit/Source/JavaScriptCore/heap/IsoCellSetInlines.h:47:16 (jsc+0x2ab22e)
    #8 void JSC::CodeBlock::visitChildren<JSC::SlotVisitor>(JSC::SlotVisitor&) /root/WebKit/Source/JavaScriptCore/bytecode/CodeBlock.cpp:1328:53 (jsc+0x2ab22e)
    #9 void JSC::CodeBlock::visitChildrenImpl<JSC::SlotVisitor>(JSC::JSCell*, JSC::SlotVisitor&) /root/WebKit/Source/JavaScriptCore/bytecode/CodeBlock.cpp:1301:17 (jsc+0x283a8f)
    #10 JSC::CodeBlock::visitChildren(JSC::JSCell*, JSC::SlotVisitor&) /root/WebKit/Source/JavaScriptCore/bytecode/CodeBlock.cpp:1304:1 (jsc+0x283a8f)
    #11 JSC::MethodTable::visitChildren(JSC::JSCell*, JSC::SlotVisitor&) const /root/WebKit/Source/JavaScriptCore/runtime/ClassInfo.h:115:82 (jsc+0xe60c79)
    #12 JSC::SlotVisitor::visitChildren(JSC::JSCell const*) /root/WebKit/Source/JavaScriptCore/heap/SlotVisitor.cpp (jsc+0xe60c79)
    #13 JSC::SlotVisitor::drain(WTF::MonotonicTime)::$_0::operator()(JSC::MarkStackArray&) const /root/WebKit/Source/JavaScriptCore/heap/SlotVisitor.cpp:520:21 (jsc+0xe60c79)
    #14 WTF::IterationStatus JSC::SlotVisitor::forEachMarkStack<JSC::SlotVisitor::drain(WTF::MonotonicTime)::$_0>(JSC::SlotVisitor::drain(WTF::MonotonicTime)::$_0 const&) /root/WebKit/Source/JavaScriptCore/heap/SlotVisitorInlines.h:193:9 (jsc+0xe5a503)
    #15 JSC::SlotVisitor::drain(WTF::MonotonicTime) /root/WebKit/Source/JavaScriptCore/heap/SlotVisitor.cpp:510:34 (jsc+0xe5a503)
    #16 JSC::SlotVisitor::drainFromShared(JSC::SlotVisitor::SharedDrainMode, WTF::MonotonicTime) /root/WebKit/Source/JavaScriptCore/heap/SlotVisitor.cpp:710:13 (jsc+0xe5bd2d)
    #17 JSC::Heap::runBeginPhase(JSC::GCConductor)::$_1::operator()() const /root/WebKit/Source/JavaScriptCore/heap/Heap.cpp:1853:26 (jsc+0xe07e99)
    #18 WTF::SharedTaskFunctor<void (), JSC::Heap::runBeginPhase(JSC::GCConductor)::$_1>::run() /root/WebKit/WebKitBuild/TSan/WTF/Headers/wtf/SharedTask.h:91:16 (jsc+0xe07e99)
    #19 WTF::ParallelHelperClient::runTask(WTF::RefPtr<WTF::SharedTask<void ()>, WTF::RawPtrTraits<WTF::SharedTask<void ()>>, WTF::DefaultRefDerefTraits<WTF::SharedTask<void ()>>> const&) /root/WebKit/Source/WTF/wtf/ParallelHelperPool.cpp:113:11 (jsc+0x2584989)
    #20 WTF::ParallelHelperPool::Thread::work() /root/WebKit/Source/WTF/wtf/ParallelHelperPool.cpp:211:19 (jsc+0x2585ae1)
    #21 WTF::AutomaticThread::start(WTF::AbstractLocker const&)::$_0::operator()() const /root/WebKit/Source/WTF/wtf/AutomaticThread.cpp:260:37 (jsc+0x256810c)
    #22 WTF::Detail::CallableWrapper<WTF::AutomaticThread::start(WTF::AbstractLocker const&)::$_0, void>::call() /root/WebKit/Source/WTF/wtf/Function.h:59:39 (jsc+0x256810c)
    #23 WTF::Function<void ()>::operator()() const /root/WebKit/Source/WTF/wtf/Function.h:103:35 (jsc+0x2593495)
    #24 WTF::Thread::entryPoint(WTF::Thread::NewThreadContext*) /root/WebKit/Source/WTF/wtf/Threading.cpp:312:5 (jsc+0x2593495)
    #25 WTF::wtfThreadEntryPoint(void*) /root/WebKit/Source/WTF/wtf/posix/ThreadingPOSIX.cpp:264:5 (jsc+0x25efe49)

  Thread T1 ' SharedHeapTest' (tid=1720007, running) created by main thread at:
    #0 pthread_create /home/runner/work/llvm-project/llvm-project/compiler-rt/lib/tsan/rtl/tsan_interceptors_posix.cpp:1090:3 (jsc+0x13ff1a)
    #1 WTF::Thread::establishHandle(WTF::Thread::NewThreadContext&, WTF::StackAllocationSpecification, WTF::ThreadQOS, WTF::ThreadSchedulingPolicy) /root/WebKit/Source/WTF/wtf/posix/ThreadingPOSIX.cpp:354:17 (jsc+0x25efd35)
    #2 WTF::Thread::create(WTF::ASCIILiteral, WTF::Function<void ()>&&, WTF::ThreadType, WTF::ThreadQOS, WTF::ThreadSchedulingPolicy, WTF::StackAllocationSpecification) /root/WebKit/Source/WTF/wtf/Threading.cpp:330:32 (jsc+0x25937d3)
    #3 void JSC::(anonymous namespace)::runStandaloneClientThreads<JSC::SharedHeapTestHarness::runPreciseAllocationStormScenario(JSC::Heap&, unsigned int, unsigned int)::$_0>(JSC::Heap&, unsigned int, JSC::SharedHeapTestHarness::runPreciseAllocationStormScenario(JSC::Heap&, unsigned int, unsigned int)::$_0 const&) /root/WebKit/Source/JavaScriptCore/heap/SharedHeapTestHarness.cpp:492:24 (jsc+0xe4b0e6)
    #4 JSC::SharedHeapTestHarness::runPreciseAllocationStormScenario(JSC::Heap&, unsigned int, unsigned int) /root/WebKit/Source/JavaScriptCore/heap/SharedHeapTestHarness.cpp:660:5 (jsc+0xe4b0e6)
    #5 JSC::SharedHeapTestHarness::run(JSC::Heap&, WTF::String const&, unsigned int, unsigned int) /root/WebKit/Source/JavaScriptCore/heap/SharedHeapTestHarness.cpp:1232:20 (jsc+0xe4ff52)
    #6 JSC::functionSharedHeapTest(JSC::JSGlobalObject*, JSC::CallFrame*) /root/WebKit/Source/JavaScriptCore/tools/JSDollarVM.cpp:2681:38 (jsc+0x1a04389)
    #7 <null> <null> (0x7fb2259ff157)
    #8 JSC::evaluate(JSC::JSGlobalObject*, JSC::SourceCode const&, JSC::JSValue, WTF::NakedPtr<JSC::Exception>&) /root/WebKit/Source/JavaScriptCore/runtime/Completion.cpp:145:37 (jsc+0x13af265)
    #9 runWithOptions(GlobalObject*, CommandLine&, bool&) /root/WebKit/Source/JavaScriptCore/jsc.cpp:3957:35 (jsc+0x1caf15)
    #10 jscmain(int, char**)::$_0::operator()(JSC::VM&, GlobalObject*, bool&) const /root/WebKit/Source/JavaScriptCore/jsc.cpp:4686:13 (jsc+0x1caf15)
    #11 int runJSC<jscmain(int, char**)::$_0>(CommandLine const&, bool, jscmain(int, char**)::$_0 const&) /root/WebKit/Source/JavaScriptCore/jsc.cpp:4472:13 (jsc+0x1caf15)
    #12 jscmain(int, char**) /root/WebKit/Source/JavaScriptCore/jsc.cpp:4679:18 (jsc+0x1caf15)
    #13 main /root/WebKit/Source/JavaScriptCore/jsc.cpp:3715:15 (jsc+0x1c9793)

  Thread T9 'HeapHelper' (tid=1720048, running) created by thread T1 at:
    #0 pthread_create /home/runner/work/llvm-project/llvm-project/compiler-rt/lib/tsan/rtl/tsan_interceptors_posix.cpp:1090:3 (jsc+0x13ff1a)
    #1 WTF::Thread::establishHandle(WTF::Thread::NewThreadContext&, WTF::StackAllocationSpecification, WTF::ThreadQOS, WTF::ThreadSchedulingPolicy) /root/WebKit/Source/WTF/wtf/posix/ThreadingPOSIX.cpp:354:17 (jsc+0x25efd35)
    #2 WTF::Thread::create(WTF::ASCIILiteral, WTF::Function<void ()>&&, WTF::ThreadType, WTF::ThreadQOS, WTF::ThreadSchedulingPolicy, WTF::StackAllocationSpecification) /root/WebKit/Source/WTF/wtf/Threading.cpp:330:32 (jsc+0x25937d3)
    #3 WTF::AutomaticThread::start(WTF::AbstractLocker const&) /root/WebKit/Source/WTF/wtf/AutomaticThread.cpp:189:5 (jsc+0x2566b89)
    #4 WTF::AutomaticThreadCondition::notifyAll(WTF::AbstractLocker const&) /root/WebKit/Source/WTF/wtf/AutomaticThread.cpp:76:21 (jsc+0x2566d77)
    #5 WTF::ParallelHelperPool::didMakeWorkAvailable(WTF::AbstractLocker const&) /root/WebKit/Source/WTF/wtf/ParallelHelperPool.cpp:226:31 (jsc+0x2584809)
    #6 WTF::ParallelHelperClient::setTask(WTF::RefPtr<WTF::SharedTask<void ()>, WTF::RawPtrTraits<WTF::SharedTask<void ()>>, WTF::DefaultRefDerefTraits<WTF::SharedTask<void ()>>>&&) /root/WebKit/Source/WTF/wtf/ParallelHelperPool.cpp:63:13 (jsc+0x2584580)
    #7 void WTF::ParallelHelperClient::setFunction<JSC::Heap::runBeginPhase(JSC::GCConductor)::$_1>(JSC::Heap::runBeginPhase(JSC::GCConductor)::$_1 const&) /root/WebKit/WebKitBuild/TSan/WTF/Headers/wtf/ParallelHelperPool.h:181:9 (jsc+0xdc813d)
    #8 JSC::Heap::runBeginPhase(JSC::GCConductor) /root/WebKit/Source/JavaScriptCore/heap/Heap.cpp:1840:20 (jsc+0xdc813d)
    #9 JSC::Heap::runCurrentPhase(JSC::GCConductor, JSC::CurrentThreadState*) /root/WebKit/Source/JavaScriptCore/heap/Heap.cpp:1733:18 (jsc+0xdc72e1)
    #10 JSC::Heap::collectInMutatorThread() /root/WebKit/Source/JavaScriptCore/heap/Heap.cpp:2483:40 (jsc+0xdcea2b)
    #11 JSC::Heap::conductSharedCollection(JSC::GCClient::Heap&) /root/WebKit/Source/JavaScriptCore/heap/Heap.cpp:4913:9 (jsc+0xddcac9)
    #12 JSC::Heap::runSharedGCElection(unsigned long) /root/WebKit/Source/JavaScriptCore/heap/Heap.cpp:4585:13 (jsc+0xdc6c8f)
    #13 JSC::Heap::collectSync(JSC::GCRequest) /root/WebKit/Source/JavaScriptCore/heap/Heap.cpp:1636:9 (jsc+0xdc5962)
    #14 JSC::Heap::collectSyncAllClients(JSC::CollectionScope) /root/WebKit/Source/JavaScriptCore/heap/Heap.cpp:4519:5 (jsc+0xddc513)
    #15 JSC::SharedHeapTestHarness::runPreciseAllocationStormScenario(JSC::Heap&, unsigned int, unsigned int)::$_0::operator()(JSC::GCClient::Heap&, unsigned int) const /root/WebKit/Source/JavaScriptCore/heap/SharedHeapTestHarness.cpp:675:28 (jsc+0xe548c5)
    #16 void JSC::(anonymous namespace)::runStandaloneClientThreads<JSC::SharedHeapTestHarness::runPreciseAllocationStormScenario(JSC::Heap&, unsigned int, unsigned int)::$_0>(JSC::Heap&, unsigned int, JSC::SharedHeapTestHarness::runPreciseAllocationStormScenario(JSC::Heap&, unsigned int, unsigned int)::$_0 const&)::'lambda'()::operator()() const /root/WebKit/Source/JavaScriptCore/heap/SharedHeapTestHarness.cpp:496:13 (jsc+0xe548c5)
    #17 WTF::Detail::CallableWrapper<void JSC::(anonymous namespace)::runStandaloneClientThreads<JSC::SharedHeapTestHarness::runPreciseAllocationStormScenario(JSC::Heap&, unsigned int, unsigned int)::$_0>(JSC::Heap&, unsigned int, JSC::SharedHeapTestHarness::runPreciseAllocationStormScenario(JSC::Heap&, unsigned int, unsigned int)::$_0 const&)::'lambda'(), void>::call() /root/WebKit/WebKitBuild/TSan/WTF/Headers/wtf/Function.h:59:39 (jsc+0xe548c5)
    #18 WTF::Function<void ()>::operator()() const /root/WebKit/Source/WTF/wtf/Function.h:103:35 (jsc+0x2593495)
    #19 WTF::Thread::entryPoint(WTF::Thread::NewThreadContext*) /root/WebKit/Source/WTF/wtf/Threading.cpp:312:5 (jsc+0x2593495)
    #20 WTF::wtfThreadEntryPoint(void*) /root/WebKit/Source/WTF/wtf/posix/ThreadingPOSIX.cpp:264:5 (jsc+0x25efe49)

SUMMARY: ThreadSanitizer: data race /root/WebKit/WebKitBuild/TSan/WTF/Headers/wtf/Atomics.h:55:100 in WTF::Atomic<unsigned long>::load(std::memory_order) const
==================
SharedHeapTestHarness audit (fix-shared-heap-ring-liveness-5): ring-held PRECISE cell 0x7fb2218e9088 absent from gathered conservative roots (isLive = true, ownerThread = 0x722400001cb0, ownerRegisteredInMachineThreads = true, ringWithinOwnerStackBounds = true)
SharedHeapTestHarness audit (fix-shared-heap-ring-liveness-5): ring-held PRECISE cell 0x72c40080c088 absent from gathered conservative roots (isLive = true, ownerThread = 0x722400001cb0, ownerRegisteredInMachineThreads = true, ringWithinOwnerStackBounds = true)
SharedHeapTestHarness audit (fix-shared-heap-ring-liveness-5): ring-held PRECISE cell 0x72cc00bd0088 absent from gathered conservative roots (isLive = true, ownerThread = 0x722400001cb0, ownerRegisteredInMachineThreads = true, ringWithinOwnerStackBounds = true)
SharedHeapTestHarness audit (fix-shared-heap-ring-liveness-5): 3 ring cell(s) absent from this gather's conservative root set (3 logged, cap 32; gathered root count = 263).
SharedHeapTestHarness audit (fix-shared-heap-ring-liveness-5): ring-held PRECISE cell 0x72cc00230088 absent from gathered conservative roots (isLive = true, ownerThread = 0x722400001950, ownerRegisteredInMachineThreads = true, ringWithinOwnerStackBounds = true)
SharedHeapTestHarness audit (fix-shared-heap-ring-liveness-5): ring-held PRECISE cell 0x7fb221b99088 absent from gathered conservative roots (isLive = true, ownerThread = 0x722400001950, ownerRegisteredInMachineThreads = true, ringWithinOwnerStackBounds = true)
SharedHeapTestHarness audit (fix-shared-heap-ring-liveness-5): ring-held PRECISE cell 0x72c4000f0088 absent from gathered conservative roots (isLive = true, ownerThread = 0x722400001950, ownerRegisteredInMachineThreads = true, ringWithinOwnerStackBounds = true)
SharedHeapTestHarness audit (fix-shared-heap-ring-liveness-5): ring-held PRECISE cell 0x7fb221a55088 absent from gathered conservative roots (isLive = true, ownerThread = 0x7224000017a0, ownerRegisteredInMachineThreads = true, ringWithinOwnerStackBounds = true)
SharedHeapTestHarness audit (fix-shared-heap-ring-liveness-5): ring-held PRECISE cell 0x72cc001a4088 absent from gathered conservative roots (isLive = true, ownerThread = 0x7224000017a0, ownerRegisteredInMachineThreads = true, ringWithinOwnerStackBounds = true)
SharedHeapTestHarness audit (fix-shared-heap-ring-liveness-5): ring-held PRECISE cell 0x7fb221ac9088 absent from gathered conservative roots (isLive = true, ownerThread = 0x7224000017a0, ownerRegisteredInMachineThreads = true, ringWithinOwnerStackBounds = true)
SharedHeapTestHarness audit (fix-shared-heap-ring-liveness-5): ring-held PRECISE cell 0x72c400104088 absent from gathered conservative roots (isLive = true, ownerThread = 0x7224000017a0, ownerRegisteredInMachineThreads = true, ringWithinOwnerStackBounds = true)
SharedHeapTestHarness audit (fix-shared-heap-ring-liveness-5): ring-held PRECISE cell 0x72cc00188088 absent from gathered conservative roots (isLive = true, ownerThread = 0x7224000017a0, ownerRegisteredInMachineThreads = true, ringWithinOwnerStackBounds = true)
SharedHeapTestHarness audit (fix-shared-heap-ring-liveness-5): ring-held PRECISE cell 0x72cc00214088 absent from gathered conservative roots (isLive = true, ownerThread = 0x722400001b90, ownerRegisteredInMachineThreads = true, ringWithinOwnerStackBounds = true)
SharedHeapTestHarness audit (fix-shared-heap-ring-liveness-5): ring-held PRECISE cell 0x7fb2219ed088 absent from gathered conservative roots (isLive = true, ownerThread = 0x722400001b90, ownerRegisteredInMachineThreads = true, ringWithinOwnerStackBounds = true)
SharedHeapTestHarness audit (fix-shared-heap-ring-liveness-5): ring-held PRECISE cell 0x72c4001b8088 absent from gathered conservative roots (isLive = true, ownerThread = 0x722400001cb0, ownerRegisteredInMachineThreads = true, ringWithinOwnerStackBounds = true)
SharedHeapTestHarness audit (fix-shared-heap-ring-liveness-5): ring-held PRECISE cell 0x72cc00268088 absent from gathered conservative roots (isLive = true, ownerThread = 0x722400001cb0, ownerRegisteredInMachineThreads = true, ringWithinOwnerStackBounds = true)
SharedHeapTestHarness audit (fix-shared-heap-ring-liveness-5): ring-held PRECISE cell 0x7fb221d31088 absent from gathered conservative roots (isLive = true, ownerThread = 0x722400001cb0, ownerRegisteredInMachineThreads = true, ringWithinOwnerStackBounds = true)
SharedHeapTestHarness audit (fix-shared-heap-ring-liveness-5): ring-held PRECISE cell 0x72c400168088 absent from gathered conservative roots (isLive = true, ownerThread = 0x722400001cb0, ownerRegisteredInMachineThreads = true, ringWithinOwnerStackBounds = true)
SharedHeapTestHarness audit (fix-shared-heap-ring-liveness-5): ring-held PRECISE cell 0x72cc0016c088 absent from gathered conservative roots (isLive = true, ownerThread = 0x722400001cb0, ownerRegisteredInMachineThreads = true, ringWithinOwnerStackBounds = true)
SharedHeapTestHarness audit (fix-shared-heap-ring-liveness-5): 15 ring cell(s) absent from this gather's conservative root set (15 logged, cap 32; gathered root count = 241).
SharedHeapTestHarness audit (fix-shared-heap-ring-liveness-5): ring-held PRECISE cell 0x7fb221191088 absent from gathered conservative roots (isLive = true, ownerThread = 0x722400001950, ownerRegisteredInMachineThreads = true, ringWithinOwnerStackBounds = true)
SharedHeapTestHarness audit (fix-shared-heap-ring-liveness-5): ring-held PRECISE cell 0x72c400870088 absent from gathered conservative roots (isLive = true, ownerThread = 0x722400001950, ownerRegisteredInMachineThreads = true, ringWithinOwnerStackBounds = true)
SharedHeapTestHarness audit (fix-shared-heap-ring-liveness-5): ring-held PRECISE cell 0x72cc00038088 absent from gathered conservative roots (isLive = true, ownerThread = 0x7224000017a0, ownerRegisteredInMachineThreads = true, ringWithinOwnerStackBounds = true)
SharedHeapTestHarness audit (fix-shared-heap-ring-liveness-5): ring-held PRECISE cell 0x72c400064088 absent from gathered conservative roots (isLive = true, ownerThread = 0x722400001b90, ownerRegisteredInMachineThreads = true, ringWithinOwnerStackBounds = true)
SharedHeapTestHarness audit (fix-shared-heap-ring-liveness-5): ring-held PRECISE cell 0x72cc00070088 absent from gathered conservative roots (isLive = true, ownerThread = 0x722400001b90, ownerRegisteredInMachineThreads = true, ringWithinOwnerStackBounds = true)
SharedHeapTestHarness audit (fix-shared-heap-ring-liveness-5): ring-held PRECISE cell 0x7fb221129088 absent from gathered conservative roots (isLive = true, ownerThread = 0x722400001b90, ownerRegisteredInMachineThreads = true, ringWithinOwnerStackBounds = true)
SharedHeapTestHarness audit (fix-shared-heap-ring-liveness-5): ring-held PRECISE cell 0x7fb22115d088 absent from gathered conservative roots (isLive = true, ownerThread = 0x722400001cb0, ownerRegisteredInMachineThreads = true, ringWithinOwnerStackBounds = true)
SharedHeapTestHarness audit (fix-shared-heap-ring-liveness-5): ring-held PRECISE cell 0x72c400884088 absent from gathered conservative roots (isLive = true, ownerThread = 0x722400001cb0, ownerRegisteredInMachineThreads = true, ringWithinOwnerStackBounds = true)
SharedHeapTestHarness audit (fix-shared-heap-ring-liveness-5): 8 ring cell(s) absent from this gather's conservative root set (8 logged, cap 32; gathered root count = 262).
SharedHeapTestHarness audit (fix-shared-heap-ring-liveness-5): ring-held PRECISE cell 0x7fb221571088 absent from gathered conservative roots (isLive = true, ownerThread = 0x722400001950, ownerRegisteredInMachineThreads = true, ringWithinOwnerStackBounds = true)
SharedHeapTestHarness audit (fix-shared-heap-ring-liveness-5): ring-held PRECISE cell 0x72c400258088 absent from gathered conservative roots (isLive = true, ownerThread = 0x722400001950, ownerRegisteredInMachineThreads = true, ringWithinOwnerStackBounds = true)
SharedHeapTestHarness audit (fix-shared-heap-ring-liveness-5): ring-held PRECISE cell 0x72cc00498088 absent from gathered conservative roots (isLive = true, ownerThread = 0x722400001950, ownerRegisteredInMachineThreads = true, ringWithinOwnerStackBounds = true)
SharedHeapTestHarness audit (fix-shared-heap-ring-liveness-5): ring-held PRECISE cell 0x7fb2211e5088 absent from gathered conservative roots (isLive = true, ownerThread = 0x722400001950, ownerRegisteredInMachineThreads = true, ringWithinOwnerStackBounds = true)
SharedHeapTestHarness audit (fix-shared-heap-ring-liveness-5): ring-held PRECISE cell 0x72c4000b4088 absent from gathered conservative roots (isLive = true, ownerThread = 0x722400001950, ownerRegisteredInMachineThreads = true, ringWithinOwnerStackBounds = true)
SharedHeapTestHarness audit (fix-shared-heap-ring-liveness-5): ring-held PRECISE cell 0x7fb22124d088 absent from gathered conservative roots (isLive = true, ownerThread = 0x7224000017a0, ownerRegisteredInMachineThreads = true, ringWithinOwnerStackBounds = true)
SharedHeapTestHarness audit (fix-shared-heap-ring-liveness-5): ring-held PRECISE cell 0x72c400230088 absent from gathered conservative roots (isLive = true, ownerThread = 0x7224000017a0, ownerRegisteredInMachineThreads = true, ringWithinOwnerStackBounds = true)
SharedHeapTestHarness audit (fix-shared-heap-ring-liveness-5): ring-held PRECISE cell 0x72cc004b4088 absent from gathered conservative roots (isLive = true, ownerThread = 0x7224000017a0, ownerRegisteredInMachineThreads = true, ringWithinOwnerStackBounds = true)
SharedHeapTestHarness audit (fix-shared-heap-ring-liveness-5): ring-held PRECISE cell 0x7fb221219088 absent from gathered conservative roots (isLive = true, ownerThread = 0x7224000017a0, ownerRegisteredInMachineThreads = true, ringWithinOwnerStackBounds = true)
SharedHeapTestHarness audit (fix-shared-heap-ring-liveness-5): ring-held PRECISE cell 0x72c400208088 absent from gathered conservative roots (isLive = true, ownerThread = 0x7224000017a0, ownerRegisteredInMachineThreads = true, ringWithinOwnerStackBounds = true)
SharedHeapTestHarness audit (fix-shared-heap-ring-liveness-5): ring-held PRECISE cell 0x72cc000fc088 absent from gathered conservative roots (isLive = true, ownerThread = 0x7224000017a0, ownerRegisteredInMachineThreads = true, ringWithinOwnerStackBounds = true)
SharedHeapTestHarness audit (fix-shared-heap-ring-liveness-5): ring-held PRECISE cell 0x72cc00460088 absent from gathered conservative roots (isLive = true, ownerThread = 0x722400001b90, ownerRegisteredInMachineThreads = true, ringWithinOwnerStackBounds = true)
SharedHeapTestHarness audit (fix-shared-heap-ring-liveness-5): ring-held PRECISE cell 0x7fb2211b1088 absent from gathered conservative roots (isLive = true, ownerThread = 0x722400001b90, ownerRegisteredInMachineThreads = true, ringWithinOwnerStackBounds = true)
SharedHeapTestHarness audit (fix-shared-heap-ring-liveness-5): ring-held PRECISE cell 0x7fb22153d088 absent from gathered conservative roots (isLive = true, ownerThread = 0x722400001b90, ownerRegisteredInMachineThreads = true, ringWithinOwnerStackBounds = true)
SharedHeapTestHarness audit (fix-shared-heap-ring-liveness-5): ring-held PRECISE cell 0x72c40021c088 absent from gathered conservative roots (isLive = true, ownerThread = 0x722400001b90, ownerRegisteredInMachineThreads = true, ringWithinOwnerStackBounds = true)
SharedHeapTestHarness audit (fix-shared-heap-ring-liveness-5): ring-held PRECISE cell 0x72c400348088 absent from gathered conservative roots (isLive = true, ownerThread = 0x722400001cb0, ownerRegisteredInMachineThreads = true, ringWithinOwnerStackBounds = true)
SharedHeapTestHarness audit (fix-shared-heap-ring-liveness-5): ring-held PRECISE cell 0x72cc005b0088 absent from gathered conservative roots (isLive = true, ownerThread = 0x722400001cb0, ownerRegisteredInMachineThreads = true, ringWithinOwnerStackBounds = true)
SharedHeapTestHarness audit (fix-shared-heap-ring-liveness-5): ring-held PRECISE cell 0x7fb221a21088 absent from gathered conservative roots (isLive = true, ownerThread = 0x722400001cb0, ownerRegisteredInMachineThreads = true, ringWithinOwnerStackBounds = true)
SharedHeapTestHarness audit (fix-shared-heap-ring-liveness-5): ring-held PRECISE cell 0x72c4003d4088 absent from gathered conservative roots (isLive = true, ownerThread = 0x722400001cb0, ownerRegisteredInMachineThreads = true, ringWithinOwnerStackBounds = true)
SharedHeapTestHarness audit (fix-shared-heap-ring-liveness-5): ring-held PRECISE cell 0x72cc002a0088 absent from gathered conservative roots (isLive = true, ownerThread = 0x722400001cb0, ownerRegisteredInMachineThreads = true, ringWithinOwnerStackBounds = true)
SharedHeapTestHarness audit (fix-shared-heap-ring-liveness-5): ring-held PRECISE cell 0x7fb221509088 absent from gathered conservative roots (isLive = true, ownerThread = 0x722400001cb0, ownerRegisteredInMachineThreads = true, ringWithinOwnerStackBounds = true)
SharedHeapTestHarness audit (fix-shared-heap-ring-liveness-5): 21 ring cell(s) absent from this gather's conservative root set (21 logged, cap 32; gathered root count = 245).
SharedHeapTestHarness audit (fix-shared-heap-ring-liveness-5): ring-held PRECISE cell 0x72cc00364088 absent from gathered conservative roots (isLive = true, ownerThread = 0x722400001b90, ownerRegisteredInMachineThreads = true, ringWithinOwnerStackBounds = true)
SharedHeapTestHarness audit (fix-shared-heap-ring-liveness-5): ring-held PRECISE cell 0x7fb220f99088 absent from gathered conservative roots (isLive = true, ownerThread = 0x722400001b90, ownerRegisteredInMachineThreads = true, ringWithinOwnerStackBounds = true)
SharedHeapTestHarness audit (fix-shared-heap-ring-liveness-5): ring-held PRECISE cell 0x7fb221035088 absent from gathered conservative roots (isLive = true, ownerThread = 0x722400001cb0, ownerRegisteredInMachineThreads = true, ringWithinOwnerStackBounds = true)
SharedHeapTestHarness audit (fix-shared-heap-ring-liveness-5): ring-held PRECISE cell 0x72c4002f8088 absent from gathered conservative roots (isLive = true, ownerThread = 0x722400001cb0, ownerRegisteredInMachineThreads = true, ringWithinOwnerStackBounds = true)
SharedHeapTestHarness audit (fix-shared-heap-ring-liveness-5): ring-held PRECISE cell 0x72cc00380088 absent from gathered conservative roots (isLive = true, ownerThread = 0x722400001cb0, ownerRegisteredInMachineThreads = true, ringWithinOwnerStackBounds = true)
SharedHeapTestHarness audit (fix-shared-heap-ring-liveness-5): ring-held PRECISE cell 0x7fb220f65088 absent from gathered conservative roots (isLive = true, ownerThread = 0x722400001cb0, ownerRegisteredInMachineThreads = true, ringWithinOwnerStackBounds = true)
SharedHeapTestHarness audit (fix-shared-heap-ring-liveness-5): ring-held PRECISE cell 0x72c400294088 absent from gathered conservative roots (isLive = true, ownerThread = 0x722400001cb0, ownerRegisteredInMachineThreads = true, ringWithinOwnerStackBounds = true)
SharedHeapTestHarness audit (fix-shared-heap-ring-liveness-5): ring-held PRECISE cell 0x72cc0032c088 absent from gathered conservative roots (isLive = true, ownerThread = 0x722400001cb0, ownerRegisteredInMachineThreads = true, ringWithinOwnerStackBounds = true)
SharedHeapTestHarness audit (fix-shared-heap-ring-liveness-5): 8 ring cell(s) absent from this gather's conservative root set (8 logged, cap 32; gathered root count = 259).
SharedHeapTestHarness audit (fix-shared-heap-ring-liveness-5): ring-held PRECISE cell 0x7fb221bcd088 absent from gathered conservative roots (isLive = true, ownerThread = 0x7224000017a0, ownerRegisteredInMachineThreads = true, ringWithinOwnerStackBounds = true)
SharedHeapTestHarness audit (fix-shared-heap-ring-liveness-5): ring-held PRECISE cell 0x72c400370088 absent from gathered conservative roots (isLive = true, ownerThread = 0x7224000017a0, ownerRegisteredInMachineThreads = true, ringWithinOwnerStackBounds = true)
SharedHeapTestHarness audit (fix-shared-heap-ring-liveness-5): ring-held PRECISE cell 0x72cc00754088 absent from gathered conservative roots (isLive = true, ownerThread = 0x722400001b90, ownerRegisteredInMachineThreads = true, ringWithinOwnerStackBounds = true)
SharedHeapTestHarness audit (fix-shared-heap-ring-liveness-5): ring-held PRECISE cell 0x7fb2221cd088 absent from gathered conservative roots (isLive = true, ownerThread = 0x722400001b90, ownerRegisteredInMachineThreads = true, ringWithinOwnerStackBounds = true)
SharedHeapTestHarness audit (fix-shared-heap-ring-liveness-5): ring-held PRECISE cell 0x72c4003e8088 absent from gathered conservative roots (isLive = true, ownerThread = 0x722400001b90, ownerRegisteredInMachineThreads = true, ringWithinOwnerStackBounds = true)
SharedHeapTestHarness audit (fix-shared-heap-ring-liveness-5): ring-held PRECISE cell 0x72cc005b0088 absent from gathered conservative roots (isLive = true, ownerThread = 0x722400001b90, ownerRegisteredInMachineThreads = true, ringWithinOwnerStackBounds = true)
SharedHeapTestHarness audit (fix-shared-heap-ring-liveness-5): ring-held PRECISE cell 0x72c400604088 absent from gathered conservative roots (isLive = true, ownerThread = 0x722400001b90, ownerRegisteredInMachineThreads = true, ringWithinOwnerStackBounds = true)
SharedHeapTestHarness audit (fix-shared-heap-ring-liveness-5): 7 ring cell(s) absent from this gather's conservative root set (7 logged, cap 32; gathered root count = 253).
SharedHeapTestHarness audit (fix-shared-heap-ring-liveness-5): ring-held PRECISE cell 0x72cc008dc088 absent from gathered conservative roots (isLive = true, ownerThread = 0x7224000017a0, ownerRegisteredInMachineThreads = true, ringWithinOwnerStackBounds = true)
SharedHeapTestHarness audit (fix-shared-heap-ring-liveness-5): ring-held PRECISE cell 0x72c400370088 absent from gathered conservative roots (isLive = true, ownerThread = 0x7224000017a0, ownerRegisteredInMachineThreads = true, ringWithinOwnerStackBounds = true)
SharedHeapTestHarness audit (fix-shared-heap-ring-liveness-5): ring-held PRECISE cell 0x72cc00c78088 absent from gathered conservative roots (isLive = true, ownerThread = 0x7224000017a0, ownerRegisteredInMachineThreads = true, ringWithinOwnerStackBounds = true)
SharedHeapTestHarness audit (fix-shared-heap-ring-liveness-5): ring-held PRECISE cell 0x7fb223525088 absent from gathered conservative roots (isLive = true, ownerThread = 0x7224000017a0, ownerRegisteredInMachineThreads = true, ringWithinOwnerStackBounds = true)
SharedHeapTestHarness audit (fix-shared-heap-ring-liveness-5): ring-held PRECISE cell 0x72c4006cc088 absent from gathered conservative roots (isLive = true, ownerThread = 0x7224000017a0, ownerRegisteredInMachineThreads = true, ringWithinOwnerStackBounds = true)
SharedHeapTestHarness audit (fix-shared-heap-ring-liveness-5): 5 ring cell(s) absent from this gather's conservative root set (5 logged, cap 32; gathered root count = 259).
PASS
ThreadSanitizer: reported 2 warnings
