JSC: disabling useWasm under GIL-off (wasm glue still reads the raw VM-block exception word; not yet audited for UNGIL §A.1.3 COMPILED-FOR-VM; see AB-17 status block in VMEntryScope.cpp).
==================
WARNING: ThreadSanitizer: data race (pid=1721775)
  Write of size 8 at 0x722800000068 by thread T1:
    #0 WTF::MetaAllocator::allocate(WTF::Locker<WTF::Lock> const&, unsigned long) /root/WebKit/Source/WTF/wtf/MetaAllocator.cpp:193:22 (jsc+0x257fb4d)
    #1 WTF::MetaAllocator::allocate(unsigned long) /root/WebKit/WebKitBuild/TSan/WTF/Headers/wtf/MetaAllocator.h:78:16 (jsc+0xeab261)
    #2 JSC::FixedVMPoolExecutableAllocator::allocate(unsigned long) /root/WebKit/Source/JavaScriptCore/jit/ExecutableAllocator.cpp:603:28 (jsc+0xeab261)
    #3 JSC::ExecutableAllocator::allocate(unsigned long, JSC::JITCompilationEffort) /root/WebKit/Source/JavaScriptCore/jit/ExecutableAllocator.cpp:1215:56 (jsc+0xeaad62)
    #4 JSC::LinkBuffer::allocate(JSC::MacroAssembler&, JSC::JITCompilationEffort) /root/WebKit/Source/JavaScriptCore/assembler/LinkBuffer.cpp:529:59 (jsc+0x26fb17)
    #5 JSC::LinkBuffer::linkCode(JSC::MacroAssembler&, JSC::JITCompilationEffort) /root/WebKit/Source/JavaScriptCore/assembler/LinkBuffer.cpp:482:5 (jsc+0x26f580)
    #6 JSC::LinkBuffer::LinkBuffer(JSC::MacroAssembler&, void*, JSC::LinkBuffer::Profile, JSC::JITCompilationEffort) /root/WebKit/Source/JavaScriptCore/assembler/LinkBuffer.h:172:9 (jsc+0xf77181)
    #7 JSC::JIT::op_enter_handlerGenerator(JSC::VM&) /root/WebKit/Source/JavaScriptCore/jit/JITOpcodes.cpp:1639:16 (jsc+0xf77181)
    #8 JSC::JITThunks::ctiStub(JSC::VM&, JSC::MacroAssemblerCodeRef<(WTF::PtrTag)26129> (*)(JSC::VM&))::$_0::operator()() const /root/WebKit/Source/JavaScriptCore/jit/JITThunks.cpp:194:16 (jsc+0x102f451)
    #9 JSC::MacroAssemblerCodeRef<(WTF::PtrTag)26129> JSC::JITThunks::ctiStubImpl<JSC::JITThunks::ctiStub(JSC::VM&, JSC::MacroAssemblerCodeRef<(WTF::PtrTag)26129> (*)(JSC::VM&))::$_0>(JSC::MacroAssemblerCodeRef<(WTF::PtrTag)26129> (*)(JSC::VM&), JSC::JITThunks::ctiStub(JSC::VM&, JSC::MacroAssemblerCodeRef<(WTF::PtrTag)26129> (*)(JSC::VM&))::$_0) /root/WebKit/Source/JavaScriptCore/jit/JITThunks.cpp:183:53 (jsc+0x102f451)
    #10 JSC::JITThunks::ctiStub(JSC::VM&, JSC::MacroAssemblerCodeRef<(WTF::PtrTag)26129> (*)(JSC::VM&)) /root/WebKit/Source/JavaScriptCore/jit/JITThunks.cpp:193:12 (jsc+0x102f451)
    #11 JSC::VM::getCTIStub(JSC::MacroAssemblerCodeRef<(WTF::PtrTag)26129> (*)(JSC::VM&)) /root/WebKit/Source/JavaScriptCore/runtime/VM.cpp:1378:22 (jsc+0x19a1bcc)
    #12 JSC::JIT::emitSlow_op_enter(JSC::BaseInstruction<JSC::JSOpcodeTraits> const*, JSC::SlowCaseEntry*&) /root/WebKit/Source/JavaScriptCore/jit/JITOpcodes.cpp:1846:44 (jsc+0xf7b85a)
    #13 JSC::JIT::privateCompileSlowCases() /root/WebKit/Source/JavaScriptCore/jit/JIT.cpp:558:9 (jsc+0xebc33f)
    #14 JSC::JIT::compileAndLinkWithoutFinalizing(JSC::JITCompilationEffort) /root/WebKit/Source/JavaScriptCore/jit/JIT.cpp:815:5 (jsc+0xec16b9)
    #15 JSC::BaselineJITPlan::compileInThreadImpl(JSC::JITCompilationEffort) /root/WebKit/Source/JavaScriptCore/jit/BaselineJITPlan.cpp:67:32 (jsc+0xe9cb38)
    #16 JSC::BaselineJITPlan::compileInThreadImpl() /root/WebKit/Source/JavaScriptCore/jit/BaselineJITPlan.cpp:78:12 (jsc+0xe9ccdb)
    #17 JSC::JITPlan::compileInThread(JSC::JITWorklistThread*) /root/WebKit/Source/JavaScriptCore/jit/JITPlan.cpp:283:28 (jsc+0xfcd84d)
    #18 JSC::JITWorklistThread::work() /root/WebKit/Source/JavaScriptCore/jit/JITWorklistThread.cpp:145:13 (jsc+0x1037fcb)
    #19 WTF::AutomaticThread::start(WTF::AbstractLocker const&)::$_0::operator()() const /root/WebKit/Source/WTF/wtf/AutomaticThread.cpp:260:37 (jsc+0x256810c)
    #20 WTF::Detail::CallableWrapper<WTF::AutomaticThread::start(WTF::AbstractLocker const&)::$_0, void>::call() /root/WebKit/Source/WTF/wtf/Function.h:59:39 (jsc+0x256810c)
    #21 WTF::Function<void ()>::operator()() const /root/WebKit/Source/WTF/wtf/Function.h:103:35 (jsc+0x2593495)
    #22 WTF::Thread::entryPoint(WTF::Thread::NewThreadContext*) /root/WebKit/Source/WTF/wtf/Threading.cpp:312:5 (jsc+0x2593495)
    #23 WTF::wtfThreadEntryPoint(void*) /root/WebKit/Source/WTF/wtf/posix/ThreadingPOSIX.cpp:264:5 (jsc+0x25efe49)

  Previous read of size 8 at 0x722800000068 by main thread:
    #0 WTF::MetaAllocator::bytesAllocated() /root/WebKit/WebKitBuild/TSan/WTF/Headers/wtf/MetaAllocator.h:88:38 (jsc+0xeaaa62)
    #1 JSC::FixedVMPoolExecutableAllocator::bytesAllocated()::'lambda'(JSC::FixedVMPoolExecutableAllocator::Allocator&)::operator()(JSC::FixedVMPoolExecutableAllocator::Allocator&) const /root/WebKit/Source/JavaScriptCore/jit/ExecutableAllocator.cpp:624:33 (jsc+0xeaaa62)
    #2 void JSC::FixedVMPoolExecutableAllocator::forEachAllocator<JSC::FixedVMPoolExecutableAllocator::bytesAllocated()::'lambda'(JSC::FixedVMPoolExecutableAllocator::Allocator&)>(JSC::FixedVMPoolExecutableAllocator::bytesAllocated()::'lambda'(JSC::FixedVMPoolExecutableAllocator::Allocator&)) /root/WebKit/Source/JavaScriptCore/jit/ExecutableAllocator.cpp:1098:9 (jsc+0xeaaa62)
    #3 JSC::FixedVMPoolExecutableAllocator::bytesAllocated() /root/WebKit/Source/JavaScriptCore/jit/ExecutableAllocator.cpp:623:9 (jsc+0xeaaa62)
    #4 JSC::ExecutableAllocator::memoryPressureMultiplier(unsigned long) /root/WebKit/Source/JavaScriptCore/jit/ExecutableAllocator.cpp:1170:40 (jsc+0xeaaa62)
    #5 JSC::applyMemoryUsageHeuristics(int, JSC::CodeBlock*) /root/WebKit/Source/JavaScriptCore/bytecode/ExecutionCounter.cpp:86:13 (jsc+0x2b7a7d)
    #6 JSC::ExecutionCounter<(JSC::CountingVariant)0>::hasCrossedThreshold(JSC::CodeBlock*) const /root/WebKit/Source/JavaScriptCore/bytecode/ExecutionCounter.cpp:154:32 (jsc+0x2b7a7d)
    #7 JSC::ExecutionCounter<(JSC::CountingVariant)0>::checkIfThresholdCrossedAndSet(JSC::CodeBlock*) /root/WebKit/Source/JavaScriptCore/bytecode/ExecutionCounter.cpp:53:9 (jsc+0x2b7a03)
    #8 JSC::CodeBlock::checkIfJITThresholdReached() /root/WebKit/Source/JavaScriptCore/bytecode/CodeBlock.h:614:54 (jsc+0x106c3ab)
    #9 JSC::LLInt::jitCompileAndSetHeuristics(JSC::VM&, JSC::CodeBlock*) /root/WebKit/Source/JavaScriptCore/llint/LLIntSlowPaths.cpp:463:21 (jsc+0x106c3ab)
    #10 JSC::LLInt::entryOSR(JSC::CodeBlock*, char const*, JSC::LLInt::EntryKind) /root/WebKit/Source/JavaScriptCore/llint/LLIntSlowPaths.cpp:519:10 (jsc+0x106b952)
    #11 llint_entry_osr_function_for_call /root/WebKit/Source/JavaScriptCore/llint/LLIntSlowPaths.cpp:546:12 (jsc+0x106bbad)
    #12 llint_function_for_call_prologue LowLevelInterpreter.cpp (jsc+0x1de429e)
    #13 JSC::evaluate(JSC::JSGlobalObject*, JSC::SourceCode const&, JSC::JSValue, WTF::NakedPtr<JSC::Exception>&) /root/WebKit/Source/JavaScriptCore/runtime/Completion.cpp:145:37 (jsc+0x13af265)
    #14 runWithOptions(GlobalObject*, CommandLine&, bool&) /root/WebKit/Source/JavaScriptCore/jsc.cpp:3957:35 (jsc+0x1caf15)
    #15 jscmain(int, char**)::$_0::operator()(JSC::VM&, GlobalObject*, bool&) const /root/WebKit/Source/JavaScriptCore/jsc.cpp:4686:13 (jsc+0x1caf15)
    #16 int runJSC<jscmain(int, char**)::$_0>(CommandLine const&, bool, jscmain(int, char**)::$_0 const&) /root/WebKit/Source/JavaScriptCore/jsc.cpp:4472:13 (jsc+0x1caf15)
    #17 jscmain(int, char**) /root/WebKit/Source/JavaScriptCore/jsc.cpp:4679:18 (jsc+0x1caf15)
    #18 main /root/WebKit/Source/JavaScriptCore/jsc.cpp:3715:15 (jsc+0x1c9793)

  Location is heap block of size 160 at 0x722800000000 allocated by main thread:
    #0 malloc /home/runner/work/llvm-project/llvm-project/compiler-rt/lib/tsan/rtl/tsan_interceptors_posix.cpp:682:5 (jsc+0x13dc20)
    #1 bmalloc::api::malloc(unsigned long, bmalloc::CompactAllocationMode, bmalloc::HeapKind) /root/WebKit/WebKitBuild/TSan/bmalloc/Headers/bmalloc/bmalloc.h:96:20 (jsc+0x25762a9)
    #2 WTF::fastMalloc(unsigned long) /root/WebKit/Source/WTF/wtf/FastMalloc.cpp:337:20 (jsc+0x25762a9)
    #3 JSC::FixedVMPoolExecutableAllocator::operator new(unsigned long) /root/WebKit/Source/JavaScriptCore/jit/ExecutableAllocator.cpp:463:5 (jsc+0xeaa88b)
    #4 JSC::ExecutableAllocator::initializeUnderlyingAllocator() /root/WebKit/Source/JavaScriptCore/jit/ExecutableAllocator.cpp:1144:50 (jsc+0xeaa88b)
    #5 JSC::enableAssembler() /root/WebKit/Source/JavaScriptCore/runtime/VM.cpp:316:5 (jsc+0x19c9f1c)
    #6 JSC::VM::canUseAssembler()::$_0::operator()() const /root/WebKit/Source/JavaScriptCore/runtime/VM.cpp:333:19 (jsc+0x19c9f1c)
    #7 void std::__invoke_impl<void, JSC::VM::canUseAssembler()::$_0>(std::__invoke_other, JSC::VM::canUseAssembler()::$_0&&) /usr/lib/gcc/x86_64-amazon-linux/14/../../../../include/c++/14/bits/invoke.h:61:14 (jsc+0x19c9f1c)
    #8 std::__invoke_result<JSC::VM::canUseAssembler()::$_0>::type std::__invoke<JSC::VM::canUseAssembler()::$_0>(JSC::VM::canUseAssembler()::$_0&&) /usr/lib/gcc/x86_64-amazon-linux/14/../../../../include/c++/14/bits/invoke.h:96:14 (jsc+0x19c9f1c)
    #9 void std::call_once<JSC::VM::canUseAssembler()::$_0>(std::once_flag&, JSC::VM::canUseAssembler()::$_0&&)::'lambda'()::operator()() const /usr/lib/gcc/x86_64-amazon-linux/14/../../../../include/c++/14/mutex:909:4 (jsc+0x19c9f1c)
    #10 std::once_flag::_Prepare_execution::_Prepare_execution<void std::call_once<JSC::VM::canUseAssembler()::$_0>(std::once_flag&, JSC::VM::canUseAssembler()::$_0&&)::'lambda'()>(JSC::VM::canUseAssembler()::$_0&)::'lambda'()::operator()() const /usr/lib/gcc/x86_64-amazon-linux/14/../../../../include/c++/14/mutex:845:21 (jsc+0x19c9f1c)
    #11 std::once_flag::_Prepare_execution::_Prepare_execution<void std::call_once<JSC::VM::canUseAssembler()::$_0>(std::once_flag&, JSC::VM::canUseAssembler()::$_0&&)::'lambda'()>(JSC::VM::canUseAssembler()::$_0&)::'lambda'()::__invoke() /usr/lib/gcc/x86_64-amazon-linux/14/../../../../include/c++/14/mutex:845:16 (jsc+0x19c9f1c)
    #12 pthread_once /home/runner/work/llvm-project/llvm-project/compiler-rt/lib/tsan/rtl/tsan_interceptors_posix.cpp:1682:5 (jsc+0x143ebf)
    #13 __gthread_once(int*, void (*)()) /usr/lib/gcc/x86_64-amazon-linux/14/../../../../include/c++/14/x86_64-amazon-linux/bits/gthr-default.h:713:12 (jsc+0x1994cbc)
    #14 void std::call_once<JSC::VM::canUseAssembler()::$_0>(std::once_flag&, JSC::VM::canUseAssembler()::$_0&&) /usr/lib/gcc/x86_64-amazon-linux/14/../../../../include/c++/14/mutex:916:21 (jsc+0x1994cbc)
    #15 JSC::VM::canUseAssembler() /root/WebKit/Source/JavaScriptCore/runtime/VM.cpp:332:5 (jsc+0x1994cbc)
    #16 JSC::VM::computeCanUseJIT() /root/WebKit/Source/JavaScriptCore/runtime/VM.cpp:348:32 (jsc+0x1994cbc)
    #17 JSC::initializeWithOptionsCustomization(WTF::ScopedLambda<void ()> const&)::$_0::operator()() const /root/WebKit/Source/JavaScriptCore/runtime/InitializeThreading.cpp:102:13 (jsc+0x148c333)
    #18 void std::__invoke_impl<void, JSC::initializeWithOptionsCustomization(WTF::ScopedLambda<void ()> const&)::$_0>(std::__invoke_other, JSC::initializeWithOptionsCustomization(WTF::ScopedLambda<void ()> const&)::$_0&&) /usr/lib/gcc/x86_64-amazon-linux/14/../../../../include/c++/14/bits/invoke.h:61:14 (jsc+0x148c333)
    #19 std::__invoke_result<JSC::initializeWithOptionsCustomization(WTF::ScopedLambda<void ()> const&)::$_0>::type std::__invoke<JSC::initializeWithOptionsCustomization(WTF::ScopedLambda<void ()> const&)::$_0>(JSC::initializeWithOptionsCustomization(WTF::ScopedLambda<void ()> const&)::$_0&&) /usr/lib/gcc/x86_64-amazon-linux/14/../../../../include/c++/14/bits/invoke.h:96:14 (jsc+0x148c333)
    #20 void std::call_once<JSC::initializeWithOptionsCustomization(WTF::ScopedLambda<void ()> const&)::$_0>(std::once_flag&, JSC::initializeWithOptionsCustomization(WTF::ScopedLambda<void ()> const&)::$_0&&)::'lambda'()::operator()() const /usr/lib/gcc/x86_64-amazon-linux/14/../../../../include/c++/14/mutex:909:4 (jsc+0x148c333)
    #21 std::once_flag::_Prepare_execution::_Prepare_execution<void std::call_once<JSC::initializeWithOptionsCustomization(WTF::ScopedLambda<void ()> const&)::$_0>(std::once_flag&, JSC::initializeWithOptionsCustomization(WTF::ScopedLambda<void ()> const&)::$_0&&)::'lambda'()>(JSC::initializeWithOptionsCustomization(WTF::ScopedLambda<void ()> const&)::$_0&)::'lambda'()::operator()() const /usr/lib/gcc/x86_64-amazon-linux/14/../../../../include/c++/14/mutex:845:21 (jsc+0x148c333)
    #22 std::once_flag::_Prepare_execution::_Prepare_execution<void std::call_once<JSC::initializeWithOptionsCustomization(WTF::ScopedLambda<void ()> const&)::$_0>(std::once_flag&, JSC::initializeWithOptionsCustomization(WTF::ScopedLambda<void ()> const&)::$_0&&)::'lambda'()>(JSC::initializeWithOptionsCustomization(WTF::ScopedLambda<void ()> const&)::$_0&)::'lambda'()::__invoke() /usr/lib/gcc/x86_64-amazon-linux/14/../../../../include/c++/14/mutex:845:16 (jsc+0x148c333)
    #23 pthread_once /home/runner/work/llvm-project/llvm-project/compiler-rt/lib/tsan/rtl/tsan_interceptors_posix.cpp:1682:5 (jsc+0x143ebf)
    #24 __gthread_once(int*, void (*)()) /usr/lib/gcc/x86_64-amazon-linux/14/../../../../include/c++/14/x86_64-amazon-linux/bits/gthr-default.h:713:12 (jsc+0x14806ac)
    #25 void std::call_once<JSC::initializeWithOptionsCustomization(WTF::ScopedLambda<void ()> const&)::$_0>(std::once_flag&, JSC::initializeWithOptionsCustomization(WTF::ScopedLambda<void ()> const&)::$_0&&) /usr/lib/gcc/x86_64-amazon-linux/14/../../../../include/c++/14/mutex:916:21 (jsc+0x14806ac)
    #26 JSC::initializeWithOptionsCustomization(WTF::ScopedLambda<void ()> const&) /root/WebKit/Source/JavaScriptCore/runtime/InitializeThreading.cpp:89:5 (jsc+0x14806ac)
    #27 void JSC::initialize<JSC::initialize()::$_0>(JSC::initialize()::$_0 const&) /root/WebKit/Source/JavaScriptCore/runtime/InitializeThreading.h:42:31 (jsc+0x14806ac)
    #28 JSC::initialize() /root/WebKit/Source/JavaScriptCore/runtime/InitializeThreading.cpp:80:5 (jsc+0x14806ac)
    #29 jscmain(int, char**) /root/WebKit/Source/JavaScriptCore/jsc.cpp:4609:5 (jsc+0x1c9985)
    #30 main /root/WebKit/Source/JavaScriptCore/jsc.cpp:3715:15 (jsc+0x1c9793)

  Thread T1 'JITWorker' (tid=1721777, running) created by main thread at:
    #0 pthread_create /home/runner/work/llvm-project/llvm-project/compiler-rt/lib/tsan/rtl/tsan_interceptors_posix.cpp:1090:3 (jsc+0x13ff1a)
    #1 WTF::Thread::establishHandle(WTF::Thread::NewThreadContext&, WTF::StackAllocationSpecification, WTF::ThreadQOS, WTF::ThreadSchedulingPolicy) /root/WebKit/Source/WTF/wtf/posix/ThreadingPOSIX.cpp:354:17 (jsc+0x25efd35)
    #2 WTF::Thread::create(WTF::ASCIILiteral, WTF::Function<void ()>&&, WTF::ThreadType, WTF::ThreadQOS, WTF::ThreadSchedulingPolicy, WTF::StackAllocationSpecification) /root/WebKit/Source/WTF/wtf/Threading.cpp:330:32 (jsc+0x25937d3)
    #3 WTF::AutomaticThread::start(WTF::AbstractLocker const&) /root/WebKit/Source/WTF/wtf/AutomaticThread.cpp:189:5 (jsc+0x2566b89)
    #4 WTF::AutomaticThreadCondition::notifyOne(WTF::AbstractLocker const&) /root/WebKit/Source/WTF/wtf/AutomaticThread.cpp:60:21 (jsc+0x2566989)
    #5 JSC::JITWorklist::wakeThreads(WTF::AbstractLocker const&, unsigned int) /root/WebKit/Source/JavaScriptCore/jit/JITWorklist.cpp:162:25 (jsc+0x10323e6)
    #6 JSC::JITWorklist::enqueue(WTF::Ref<JSC::JITPlan, WTF::RawPtrTraits<JSC::JITPlan>, WTF::DefaultRefDerefTraits<JSC::JITPlan>>) /root/WebKit/Source/JavaScriptCore/jit/JITWorklist.cpp:246:5 (jsc+0x1032c4f)
    #7 JSC::LLInt::jitCompileAndSetHeuristics(JSC::VM&, JSC::CodeBlock*) /root/WebKit/Source/JavaScriptCore/llint/LLIntSlowPaths.cpp:497:45 (jsc+0x106c66e)
    #8 JSC::LLInt::entryOSR(JSC::CodeBlock*, char const*, JSC::LLInt::EntryKind) /root/WebKit/Source/JavaScriptCore/llint/LLIntSlowPaths.cpp:519:10 (jsc+0x106b952)
    #9 llint_entry_osr_function_for_call /root/WebKit/Source/JavaScriptCore/llint/LLIntSlowPaths.cpp:546:12 (jsc+0x106bbad)
    #10 llint_function_for_call_prologue LowLevelInterpreter.cpp (jsc+0x1de429e)
    #11 JSC::evaluate(JSC::JSGlobalObject*, JSC::SourceCode const&, JSC::JSValue, WTF::NakedPtr<JSC::Exception>&) /root/WebKit/Source/JavaScriptCore/runtime/Completion.cpp:145:37 (jsc+0x13af265)
    #12 runWithOptions(GlobalObject*, CommandLine&, bool&) /root/WebKit/Source/JavaScriptCore/jsc.cpp:3957:35 (jsc+0x1caf15)
    #13 jscmain(int, char**)::$_0::operator()(JSC::VM&, GlobalObject*, bool&) const /root/WebKit/Source/JavaScriptCore/jsc.cpp:4686:13 (jsc+0x1caf15)
    #14 int runJSC<jscmain(int, char**)::$_0>(CommandLine const&, bool, jscmain(int, char**)::$_0 const&) /root/WebKit/Source/JavaScriptCore/jsc.cpp:4472:13 (jsc+0x1caf15)
    #15 jscmain(int, char**) /root/WebKit/Source/JavaScriptCore/jsc.cpp:4679:18 (jsc+0x1caf15)
    #16 main /root/WebKit/Source/JavaScriptCore/jsc.cpp:3715:15 (jsc+0x1c9793)

SUMMARY: ThreadSanitizer: data race /root/WebKit/Source/WTF/wtf/MetaAllocator.cpp:193:22 in WTF::MetaAllocator::allocate(WTF::Locker<WTF::Lock> const&, unsigned long)
==================
==================
WARNING: ThreadSanitizer: data race (pid=1721775)
  Read of size 1 at 0x720800012de4 by thread T1:
    #0 JSC::WatchpointSet::state() const /root/WebKit/Source/JavaScriptCore/bytecode/Watchpoint.h:246:63 (jsc+0x53df40)
    #1 JSC::DFG::ByteCodeParser::parseBlock(unsigned int) /root/WebKit/Source/JavaScriptCore/dfg/DFGByteCodeParser.cpp:9892:53 (jsc+0x53df40)
    #2 JSC::DFG::ByteCodeParser::parseCodeBlock() /root/WebKit/Source/JavaScriptCore/dfg/DFGByteCodeParser.cpp:10992:13 (jsc+0x55dad7)
    #3 JSC::DFG::ByteCodeParser::parse() /root/WebKit/Source/JavaScriptCore/dfg/DFGByteCodeParser.cpp:13043:5 (jsc+0x5679fe)
    #4 JSC::DFG::parse(JSC::DFG::Graph&) /root/WebKit/Source/JavaScriptCore/dfg/DFGByteCodeParser.cpp:13083:34 (jsc+0x568084)
    #5 JSC::DFG::Plan::compileInThreadImpl() /root/WebKit/Source/JavaScriptCore/dfg/DFGPlan.cpp:255:14 (jsc+0x8a4100)
    #6 JSC::JITPlan::compileInThread(JSC::JITWorklistThread*) /root/WebKit/Source/JavaScriptCore/jit/JITPlan.cpp:283:28 (jsc+0xfcd84d)
    #7 JSC::JITWorklistThread::work() /root/WebKit/Source/JavaScriptCore/jit/JITWorklistThread.cpp:145:13 (jsc+0x1037fcb)
    #8 WTF::AutomaticThread::start(WTF::AbstractLocker const&)::$_0::operator()() const /root/WebKit/Source/WTF/wtf/AutomaticThread.cpp:260:37 (jsc+0x256810c)
    #9 WTF::Detail::CallableWrapper<WTF::AutomaticThread::start(WTF::AbstractLocker const&)::$_0, void>::call() /root/WebKit/Source/WTF/wtf/Function.h:59:39 (jsc+0x256810c)
    #10 WTF::Function<void ()>::operator()() const /root/WebKit/Source/WTF/wtf/Function.h:103:35 (jsc+0x2593495)
    #11 WTF::Thread::entryPoint(WTF::Thread::NewThreadContext*) /root/WebKit/Source/WTF/wtf/Threading.cpp:312:5 (jsc+0x2593495)
    #12 WTF::wtfThreadEntryPoint(void*) /root/WebKit/Source/WTF/wtf/posix/ThreadingPOSIX.cpp:264:5 (jsc+0x25efe49)

  Previous write of size 1 at 0x720800012de4 by main thread:
    #0 JSC::WatchpointSet::startWatching() /root/WebKit/Source/JavaScriptCore/bytecode/Watchpoint.h:279:17 (jsc+0x3c45fd)
    #1 JSC::WatchpointSet::touch(JSC::VM&, JSC::FireDetail const&) /root/WebKit/Source/JavaScriptCore/bytecode/Watchpoint.h:294:13 (jsc+0x3c45fd)
    #2 JSC::VariableWriteFireDetail::touch(JSC::VM&, JSC::WatchpointSet*, JSC::JSObject*, JSC::PropertyName const&) /root/WebKit/Source/JavaScriptCore/bytecode/VariableWriteFireDetail.cpp:46:10 (jsc+0x3c45fd)
    #3 void JSC::symbolTablePutTouchWatchpointSet<JSC::JSGlobalLexicalEnvironment>(JSC::VM&, JSC::JSGlobalLexicalEnvironment*, JSC::PropertyName, JSC::JSValue, JSC::WriteBarrierBase<JSC::Unknown, WTF::RawValueTraits<JSC::Unknown>>*, JSC::WatchpointSet*) /root/WebKit/WebKitBuild/TSan/JavaScriptCore/PrivateHeaders/JavaScriptCore/JSSymbolTableObject.h:127:9 (jsc+0x15d3570)
    #4 bool JSC::symbolTablePut<(JSC::SymbolTablePutMode)0, JSC::JSGlobalLexicalEnvironment>(JSC::JSGlobalLexicalEnvironment*, JSC::JSGlobalObject*, JSC::PropertyName, JSC::JSValue, bool, bool, bool&) /root/WebKit/WebKitBuild/TSan/JavaScriptCore/PrivateHeaders/JavaScriptCore/JSSymbolTableObject.h:184:9 (jsc+0x15d3570)
    #5 bool JSC::symbolTablePutTouchWatchpointSet<JSC::JSGlobalLexicalEnvironment>(JSC::JSGlobalLexicalEnvironment*, JSC::JSGlobalObject*, JSC::PropertyName, JSC::JSValue, bool, bool, bool&) /root/WebKit/WebKitBuild/TSan/JavaScriptCore/PrivateHeaders/JavaScriptCore/JSSymbolTableObject.h:195:12 (jsc+0x158d67c)
    #6 JSC::JSGlobalLexicalEnvironment::put(JSC::JSCell*, JSC::JSGlobalObject*, JSC::PropertyName, JSC::JSValue, JSC::PutPropertySlot&) /root/WebKit/Source/JavaScriptCore/runtime/JSGlobalLexicalEnvironment.cpp:53:5 (jsc+0x158d67c)
    #7 operationPutToScope /root/WebKit/Source/JavaScriptCore/jit/JITOperations.cpp:4866:5 (jsc+0xfc0c48)
    #8 <null> <null> (0x7f9e03a02dc0)
    #9 JSC::evaluate(JSC::JSGlobalObject*, JSC::SourceCode const&, JSC::JSValue, WTF::NakedPtr<JSC::Exception>&) /root/WebKit/Source/JavaScriptCore/runtime/Completion.cpp:145:37 (jsc+0x13af265)
    #10 runWithOptions(GlobalObject*, CommandLine&, bool&) /root/WebKit/Source/JavaScriptCore/jsc.cpp:3957:35 (jsc+0x1caf15)
    #11 jscmain(int, char**)::$_0::operator()(JSC::VM&, GlobalObject*, bool&) const /root/WebKit/Source/JavaScriptCore/jsc.cpp:4686:13 (jsc+0x1caf15)
    #12 int runJSC<jscmain(int, char**)::$_0>(CommandLine const&, bool, jscmain(int, char**)::$_0 const&) /root/WebKit/Source/JavaScriptCore/jsc.cpp:4472:13 (jsc+0x1caf15)
    #13 jscmain(int, char**) /root/WebKit/Source/JavaScriptCore/jsc.cpp:4679:18 (jsc+0x1caf15)
    #14 main /root/WebKit/Source/JavaScriptCore/jsc.cpp:3715:15 (jsc+0x1c9793)

  Location is heap block of size 24 at 0x720800012de0 allocated by main thread:
    #0 malloc /home/runner/work/llvm-project/llvm-project/compiler-rt/lib/tsan/rtl/tsan_interceptors_posix.cpp:682:5 (jsc+0x13dc20)
    #1 bmalloc::api::malloc(unsigned long, bmalloc::CompactAllocationMode, bmalloc::HeapKind) /root/WebKit/WebKitBuild/TSan/bmalloc/Headers/bmalloc/bmalloc.h:96:20 (jsc+0x25762a9)
    #2 WTF::fastMalloc(unsigned long) /root/WebKit/Source/WTF/wtf/FastMalloc.cpp:337:20 (jsc+0x25762a9)
    #3 JSC::WatchpointSet::operator new(unsigned long) /root/WebKit/Source/JavaScriptCore/bytecode/Watchpoint.h:223:5 (jsc+0x19016aa)
    #4 JSC::WatchpointSet::create(JSC::WatchpointState, JSC::WatchpointSetClassification) /root/WebKit/Source/JavaScriptCore/bytecode/Watchpoint.h:233:26 (jsc+0x19016aa)
    #5 JSC::SymbolTableEntry::prepareToWatch() /root/WebKit/Source/JavaScriptCore/runtime/SymbolTable.cpp:75:28 (jsc+0x19016aa)
    #6 JSC::ProgramExecutable::initializeGlobalProperties(JSC::VM&, JSC::JSGlobalObject*, JSC::JSScope*) /root/WebKit/Source/JavaScriptCore/runtime/ProgramExecutable.cpp:258:22 (jsc+0x1823509)
    #7 JSC::Interpreter::executeProgram(JSC::SourceCode const&, JSC::JSGlobalObject*, JSC::JSObject*) /root/WebKit/Source/JavaScriptCore/interpreter/Interpreter.cpp:1186:32 (jsc+0xe7952b)
    #8 JSC::evaluate(JSC::JSGlobalObject*, JSC::SourceCode const&, JSC::JSValue, WTF::NakedPtr<JSC::Exception>&) /root/WebKit/Source/JavaScriptCore/runtime/Completion.cpp:145:37 (jsc+0x13af265)
    #9 runWithOptions(GlobalObject*, CommandLine&, bool&) /root/WebKit/Source/JavaScriptCore/jsc.cpp:3957:35 (jsc+0x1caf15)
    #10 jscmain(int, char**)::$_0::operator()(JSC::VM&, GlobalObject*, bool&) const /root/WebKit/Source/JavaScriptCore/jsc.cpp:4686:13 (jsc+0x1caf15)
    #11 int runJSC<jscmain(int, char**)::$_0>(CommandLine const&, bool, jscmain(int, char**)::$_0 const&) /root/WebKit/Source/JavaScriptCore/jsc.cpp:4472:13 (jsc+0x1caf15)
    #12 jscmain(int, char**) /root/WebKit/Source/JavaScriptCore/jsc.cpp:4679:18 (jsc+0x1caf15)
    #13 main /root/WebKit/Source/JavaScriptCore/jsc.cpp:3715:15 (jsc+0x1c9793)

  Thread T1 'JITWorker' (tid=1721777, running) created by main thread at:
    #0 pthread_create /home/runner/work/llvm-project/llvm-project/compiler-rt/lib/tsan/rtl/tsan_interceptors_posix.cpp:1090:3 (jsc+0x13ff1a)
    #1 WTF::Thread::establishHandle(WTF::Thread::NewThreadContext&, WTF::StackAllocationSpecification, WTF::ThreadQOS, WTF::ThreadSchedulingPolicy) /root/WebKit/Source/WTF/wtf/posix/ThreadingPOSIX.cpp:354:17 (jsc+0x25efd35)
    #2 WTF::Thread::create(WTF::ASCIILiteral, WTF::Function<void ()>&&, WTF::ThreadType, WTF::ThreadQOS, WTF::ThreadSchedulingPolicy, WTF::StackAllocationSpecification) /root/WebKit/Source/WTF/wtf/Threading.cpp:330:32 (jsc+0x25937d3)
    #3 WTF::AutomaticThread::start(WTF::AbstractLocker const&) /root/WebKit/Source/WTF/wtf/AutomaticThread.cpp:189:5 (jsc+0x2566b89)
    #4 WTF::AutomaticThreadCondition::notifyOne(WTF::AbstractLocker const&) /root/WebKit/Source/WTF/wtf/AutomaticThread.cpp:60:21 (jsc+0x2566989)
    #5 JSC::JITWorklist::wakeThreads(WTF::AbstractLocker const&, unsigned int) /root/WebKit/Source/JavaScriptCore/jit/JITWorklist.cpp:162:25 (jsc+0x10323e6)
    #6 JSC::JITWorklist::enqueue(WTF::Ref<JSC::JITPlan, WTF::RawPtrTraits<JSC::JITPlan>, WTF::DefaultRefDerefTraits<JSC::JITPlan>>) /root/WebKit/Source/JavaScriptCore/jit/JITWorklist.cpp:246:5 (jsc+0x1032c4f)
    #7 JSC::LLInt::jitCompileAndSetHeuristics(JSC::VM&, JSC::CodeBlock*) /root/WebKit/Source/JavaScriptCore/llint/LLIntSlowPaths.cpp:497:45 (jsc+0x106c66e)
    #8 JSC::LLInt::entryOSR(JSC::CodeBlock*, char const*, JSC::LLInt::EntryKind) /root/WebKit/Source/JavaScriptCore/llint/LLIntSlowPaths.cpp:519:10 (jsc+0x106b952)
    #9 llint_entry_osr_function_for_call /root/WebKit/Source/JavaScriptCore/llint/LLIntSlowPaths.cpp:546:12 (jsc+0x106bbad)
    #10 llint_function_for_call_prologue LowLevelInterpreter.cpp (jsc+0x1de429e)
    #11 JSC::evaluate(JSC::JSGlobalObject*, JSC::SourceCode const&, JSC::JSValue, WTF::NakedPtr<JSC::Exception>&) /root/WebKit/Source/JavaScriptCore/runtime/Completion.cpp:145:37 (jsc+0x13af265)
    #12 runWithOptions(GlobalObject*, CommandLine&, bool&) /root/WebKit/Source/JavaScriptCore/jsc.cpp:3957:35 (jsc+0x1caf15)
    #13 jscmain(int, char**)::$_0::operator()(JSC::VM&, GlobalObject*, bool&) const /root/WebKit/Source/JavaScriptCore/jsc.cpp:4686:13 (jsc+0x1caf15)
    #14 int runJSC<jscmain(int, char**)::$_0>(CommandLine const&, bool, jscmain(int, char**)::$_0 const&) /root/WebKit/Source/JavaScriptCore/jsc.cpp:4472:13 (jsc+0x1caf15)
    #15 jscmain(int, char**) /root/WebKit/Source/JavaScriptCore/jsc.cpp:4679:18 (jsc+0x1caf15)
    #16 main /root/WebKit/Source/JavaScriptCore/jsc.cpp:3715:15 (jsc+0x1c9793)

SUMMARY: ThreadSanitizer: data race /root/WebKit/Source/JavaScriptCore/bytecode/Watchpoint.h:246:63 in JSC::WatchpointSet::state() const
==================
==================
WARNING: ThreadSanitizer: data race (pid=1721775)
  Read of size 8 at 0x7220000017b8 by thread T1:
    #0 JSC::WriteBarrierBase<JSC::Unknown, WTF::RawValueTraits<JSC::Unknown>>::get() const /root/WebKit/Source/JavaScriptCore/runtime/WriteBarrier.h:173:32 (jsc+0x53df56)
    #1 JSC::DFG::ByteCodeParser::parseBlock(unsigned int) /root/WebKit/Source/JavaScriptCore/dfg/DFGByteCodeParser.cpp:9935:46 (jsc+0x53df56)
    #2 JSC::DFG::ByteCodeParser::parseCodeBlock() /root/WebKit/Source/JavaScriptCore/dfg/DFGByteCodeParser.cpp:10992:13 (jsc+0x55dad7)
    #3 JSC::DFG::ByteCodeParser::parse() /root/WebKit/Source/JavaScriptCore/dfg/DFGByteCodeParser.cpp:13043:5 (jsc+0x5679fe)
    #4 JSC::DFG::parse(JSC::DFG::Graph&) /root/WebKit/Source/JavaScriptCore/dfg/DFGByteCodeParser.cpp:13083:34 (jsc+0x568084)
    #5 JSC::DFG::Plan::compileInThreadImpl() /root/WebKit/Source/JavaScriptCore/dfg/DFGPlan.cpp:255:14 (jsc+0x8a4100)
    #6 JSC::JITPlan::compileInThread(JSC::JITWorklistThread*) /root/WebKit/Source/JavaScriptCore/jit/JITPlan.cpp:283:28 (jsc+0xfcd84d)
    #7 JSC::JITWorklistThread::work() /root/WebKit/Source/JavaScriptCore/jit/JITWorklistThread.cpp:145:13 (jsc+0x1037fcb)
    #8 WTF::AutomaticThread::start(WTF::AbstractLocker const&)::$_0::operator()() const /root/WebKit/Source/WTF/wtf/AutomaticThread.cpp:260:37 (jsc+0x256810c)
    #9 WTF::Detail::CallableWrapper<WTF::AutomaticThread::start(WTF::AbstractLocker const&)::$_0, void>::call() /root/WebKit/Source/WTF/wtf/Function.h:59:39 (jsc+0x256810c)
    #10 WTF::Function<void ()>::operator()() const /root/WebKit/Source/WTF/wtf/Function.h:103:35 (jsc+0x2593495)
    #11 WTF::Thread::entryPoint(WTF::Thread::NewThreadContext*) /root/WebKit/Source/WTF/wtf/Threading.cpp:312:5 (jsc+0x2593495)
    #12 WTF::wtfThreadEntryPoint(void*) /root/WebKit/Source/WTF/wtf/posix/ThreadingPOSIX.cpp:264:5 (jsc+0x25efe49)

  Previous write of size 8 at 0x7220000017b8 by main thread:
    #0 JSC::updateEncodedJSValueConcurrent(long&, long) /root/WebKit/Source/JavaScriptCore/runtime/JSCJSValue.h:1287:10 (jsc+0x15d3509)
    #1 JSC::WriteBarrierBase<JSC::Unknown, WTF::RawValueTraits<JSC::Unknown>>::set(JSC::VM&, JSC::JSCell const*, JSC::JSValue) /root/WebKit/WebKitBuild/TSan/JavaScriptCore/PrivateHeaders/JavaScriptCore/WriteBarrierInlines.h:61:5 (jsc+0x15d3509)
    #2 void JSC::symbolTablePutTouchWatchpointSet<JSC::JSGlobalLexicalEnvironment>(JSC::VM&, JSC::JSGlobalLexicalEnvironment*, JSC::PropertyName, JSC::JSValue, JSC::WriteBarrierBase<JSC::Unknown, WTF::RawValueTraits<JSC::Unknown>>*, JSC::WatchpointSet*) /root/WebKit/WebKitBuild/TSan/JavaScriptCore/PrivateHeaders/JavaScriptCore/JSSymbolTableObject.h:125:10 (jsc+0x15d3509)
    #3 bool JSC::symbolTablePut<(JSC::SymbolTablePutMode)0, JSC::JSGlobalLexicalEnvironment>(JSC::JSGlobalLexicalEnvironment*, JSC::JSGlobalObject*, JSC::PropertyName, JSC::JSValue, bool, bool, bool&) /root/WebKit/WebKitBuild/TSan/JavaScriptCore/PrivateHeaders/JavaScriptCore/JSSymbolTableObject.h:184:9 (jsc+0x15d3509)
    #4 bool JSC::symbolTablePutTouchWatchpointSet<JSC::JSGlobalLexicalEnvironment>(JSC::JSGlobalLexicalEnvironment*, JSC::JSGlobalObject*, JSC::PropertyName, JSC::JSValue, bool, bool, bool&) /root/WebKit/WebKitBuild/TSan/JavaScriptCore/PrivateHeaders/JavaScriptCore/JSSymbolTableObject.h:195:12 (jsc+0x158d67c)
    #5 JSC::JSGlobalLexicalEnvironment::put(JSC::JSCell*, JSC::JSGlobalObject*, JSC::PropertyName, JSC::JSValue, JSC::PutPropertySlot&) /root/WebKit/Source/JavaScriptCore/runtime/JSGlobalLexicalEnvironment.cpp:53:5 (jsc+0x158d67c)
    #6 operationPutToScope /root/WebKit/Source/JavaScriptCore/jit/JITOperations.cpp:4866:5 (jsc+0xfc0c48)
    #7 <null> <null> (0x7f9e03a02dc0)
    #8 JSC::evaluate(JSC::JSGlobalObject*, JSC::SourceCode const&, JSC::JSValue, WTF::NakedPtr<JSC::Exception>&) /root/WebKit/Source/JavaScriptCore/runtime/Completion.cpp:145:37 (jsc+0x13af265)
    #9 runWithOptions(GlobalObject*, CommandLine&, bool&) /root/WebKit/Source/JavaScriptCore/jsc.cpp:3957:35 (jsc+0x1caf15)
    #10 jscmain(int, char**)::$_0::operator()(JSC::VM&, GlobalObject*, bool&) const /root/WebKit/Source/JavaScriptCore/jsc.cpp:4686:13 (jsc+0x1caf15)
    #11 int runJSC<jscmain(int, char**)::$_0>(CommandLine const&, bool, jscmain(int, char**)::$_0 const&) /root/WebKit/Source/JavaScriptCore/jsc.cpp:4472:13 (jsc+0x1caf15)
    #12 jscmain(int, char**) /root/WebKit/Source/JavaScriptCore/jsc.cpp:4679:18 (jsc+0x1caf15)
    #13 main /root/WebKit/Source/JavaScriptCore/jsc.cpp:3715:15 (jsc+0x1c9793)

  Location is heap block of size 128 at 0x722000001780 allocated by main thread:
    #0 malloc /home/runner/work/llvm-project/llvm-project/compiler-rt/lib/tsan/rtl/tsan_interceptors_posix.cpp:682:5 (jsc+0x13dc20)
    #1 bmalloc::api::malloc(unsigned long, bmalloc::CompactAllocationMode, bmalloc::HeapKind) /root/WebKit/WebKitBuild/TSan/bmalloc/Headers/bmalloc/bmalloc.h:96:20 (jsc+0x25762a9)
    #2 WTF::fastMalloc(unsigned long) /root/WebKit/Source/WTF/wtf/FastMalloc.cpp:337:20 (jsc+0x25762a9)
    #3 WTF::FastMalloc::malloc(unsigned long) /root/WebKit/WebKitBuild/TSan/WTF/Headers/wtf/FastMalloc.h:235:47 (jsc+0x16e9f1a)
    #4 WTF::SegmentedVector<JSC::WriteBarrier<JSC::Unknown, WTF::RawValueTraits<JSC::Unknown>>, 16ul, 0ul, WTF::FastMalloc>::allocateSegment() /root/WebKit/WebKitBuild/TSan/WTF/Headers/wtf/SegmentedVector.h:331:47 (jsc+0x16e9f1a)
    #5 WTF::SegmentedVector<JSC::WriteBarrier<JSC::Unknown, WTF::RawValueTraits<JSC::Unknown>>, 16ul, 0ul, WTF::FastMalloc>::ensureSegment(unsigned long) /root/WebKit/WebKitBuild/TSan/WTF/Headers/wtf/SegmentedVector.h:326:17 (jsc+0x16e9f1a)
    #6 WTF::SegmentedVector<JSC::WriteBarrier<JSC::Unknown, WTF::RawValueTraits<JSC::Unknown>>, 16ul, 0ul, WTF::FastMalloc>::ensureSegmentsFor(unsigned long) /root/WebKit/WebKitBuild/TSan/WTF/Headers/wtf/SegmentedVector.h:318:21 (jsc+0x16e9f1a)
    #7 WTF::SegmentedVector<JSC::WriteBarrier<JSC::Unknown, WTF::RawValueTraits<JSC::Unknown>>, 16ul, 0ul, WTF::FastMalloc>::grow(unsigned long) /root/WebKit/WebKitBuild/TSan/WTF/Headers/wtf/SegmentedVector.h:220:13 (jsc+0x16e7c2a)
    #8 JSC::JSSegmentedVariableObject::addVariables(unsigned int, JSC::JSValue) /root/WebKit/Source/JavaScriptCore/runtime/JSSegmentedVariableObject.cpp:57:17 (jsc+0x16e7c2a)
    #9 JSC::ProgramExecutable::initializeGlobalProperties(JSC::VM&, JSC::JSGlobalObject*, JSC::JSScope*) /root/WebKit/Source/JavaScriptCore/runtime/ProgramExecutable.cpp:261:69 (jsc+0x1823541)
    #10 JSC::Interpreter::executeProgram(JSC::SourceCode const&, JSC::JSGlobalObject*, JSC::JSObject*) /root/WebKit/Source/JavaScriptCore/interpreter/Interpreter.cpp:1186:32 (jsc+0xe7952b)
    #11 JSC::evaluate(JSC::JSGlobalObject*, JSC::SourceCode const&, JSC::JSValue, WTF::NakedPtr<JSC::Exception>&) /root/WebKit/Source/JavaScriptCore/runtime/Completion.cpp:145:37 (jsc+0x13af265)
    #12 runWithOptions(GlobalObject*, CommandLine&, bool&) /root/WebKit/Source/JavaScriptCore/jsc.cpp:3957:35 (jsc+0x1caf15)
    #13 jscmain(int, char**)::$_0::operator()(JSC::VM&, GlobalObject*, bool&) const /root/WebKit/Source/JavaScriptCore/jsc.cpp:4686:13 (jsc+0x1caf15)
    #14 int runJSC<jscmain(int, char**)::$_0>(CommandLine const&, bool, jscmain(int, char**)::$_0 const&) /root/WebKit/Source/JavaScriptCore/jsc.cpp:4472:13 (jsc+0x1caf15)
    #15 jscmain(int, char**) /root/WebKit/Source/JavaScriptCore/jsc.cpp:4679:18 (jsc+0x1caf15)
    #16 main /root/WebKit/Source/JavaScriptCore/jsc.cpp:3715:15 (jsc+0x1c9793)

  Thread T1 'JITWorker' (tid=1721777, running) created by main thread at:
    #0 pthread_create /home/runner/work/llvm-project/llvm-project/compiler-rt/lib/tsan/rtl/tsan_interceptors_posix.cpp:1090:3 (jsc+0x13ff1a)
    #1 WTF::Thread::establishHandle(WTF::Thread::NewThreadContext&, WTF::StackAllocationSpecification, WTF::ThreadQOS, WTF::ThreadSchedulingPolicy) /root/WebKit/Source/WTF/wtf/posix/ThreadingPOSIX.cpp:354:17 (jsc+0x25efd35)
    #2 WTF::Thread::create(WTF::ASCIILiteral, WTF::Function<void ()>&&, WTF::ThreadType, WTF::ThreadQOS, WTF::ThreadSchedulingPolicy, WTF::StackAllocationSpecification) /root/WebKit/Source/WTF/wtf/Threading.cpp:330:32 (jsc+0x25937d3)
    #3 WTF::AutomaticThread::start(WTF::AbstractLocker const&) /root/WebKit/Source/WTF/wtf/AutomaticThread.cpp:189:5 (jsc+0x2566b89)
    #4 WTF::AutomaticThreadCondition::notifyOne(WTF::AbstractLocker const&) /root/WebKit/Source/WTF/wtf/AutomaticThread.cpp:60:21 (jsc+0x2566989)
    #5 JSC::JITWorklist::wakeThreads(WTF::AbstractLocker const&, unsigned int) /root/WebKit/Source/JavaScriptCore/jit/JITWorklist.cpp:162:25 (jsc+0x10323e6)
    #6 JSC::JITWorklist::enqueue(WTF::Ref<JSC::JITPlan, WTF::RawPtrTraits<JSC::JITPlan>, WTF::DefaultRefDerefTraits<JSC::JITPlan>>) /root/WebKit/Source/JavaScriptCore/jit/JITWorklist.cpp:246:5 (jsc+0x1032c4f)
    #7 JSC::LLInt::jitCompileAndSetHeuristics(JSC::VM&, JSC::CodeBlock*) /root/WebKit/Source/JavaScriptCore/llint/LLIntSlowPaths.cpp:497:45 (jsc+0x106c66e)
    #8 JSC::LLInt::entryOSR(JSC::CodeBlock*, char const*, JSC::LLInt::EntryKind) /root/WebKit/Source/JavaScriptCore/llint/LLIntSlowPaths.cpp:519:10 (jsc+0x106b952)
    #9 llint_entry_osr_function_for_call /root/WebKit/Source/JavaScriptCore/llint/LLIntSlowPaths.cpp:546:12 (jsc+0x106bbad)
    #10 llint_function_for_call_prologue LowLevelInterpreter.cpp (jsc+0x1de429e)
    #11 JSC::evaluate(JSC::JSGlobalObject*, JSC::SourceCode const&, JSC::JSValue, WTF::NakedPtr<JSC::Exception>&) /root/WebKit/Source/JavaScriptCore/runtime/Completion.cpp:145:37 (jsc+0x13af265)
    #12 runWithOptions(GlobalObject*, CommandLine&, bool&) /root/WebKit/Source/JavaScriptCore/jsc.cpp:3957:35 (jsc+0x1caf15)
    #13 jscmain(int, char**)::$_0::operator()(JSC::VM&, GlobalObject*, bool&) const /root/WebKit/Source/JavaScriptCore/jsc.cpp:4686:13 (jsc+0x1caf15)
    #14 int runJSC<jscmain(int, char**)::$_0>(CommandLine const&, bool, jscmain(int, char**)::$_0 const&) /root/WebKit/Source/JavaScriptCore/jsc.cpp:4472:13 (jsc+0x1caf15)
    #15 jscmain(int, char**) /root/WebKit/Source/JavaScriptCore/jsc.cpp:4679:18 (jsc+0x1caf15)
    #16 main /root/WebKit/Source/JavaScriptCore/jsc.cpp:3715:15 (jsc+0x1c9793)

SUMMARY: ThreadSanitizer: data race /root/WebKit/Source/JavaScriptCore/runtime/WriteBarrier.h:173:32 in JSC::WriteBarrierBase<JSC::Unknown, WTF::RawValueTraits<JSC::Unknown>>::get() const
==================
==================
WARNING: ThreadSanitizer: data race (pid=1721775)
  Write of size 8 at 0x72a00000c1d0 by main thread:
    #0 JSC::updateEncodedJSValueConcurrent(long&, long) /root/WebKit/Source/JavaScriptCore/runtime/JSCJSValue.h:1287:10 (jsc+0x839504)
    #1 JSC::WriteBarrierBase<JSC::Unknown, WTF::RawValueTraits<JSC::Unknown>>::set(JSC::VM&, JSC::JSCell const*, JSC::JSValue) /root/WebKit/WebKitBuild/TSan/JavaScriptCore/PrivateHeaders/JavaScriptCore/WriteBarrierInlines.h:61:5 (jsc+0x839504)
    #2 JSC::JSObject::putDirectOffset(JSC::VM&, int, JSC::JSValue) /root/WebKit/Source/JavaScriptCore/runtime/JSObject.h:957:101 (jsc+0x839504)
    #3 WTF::ASCIILiteral WTF::ASCIILiteral JSC::JSObject::putDirectInternal<(JSC::JSObject::PutMode)0>(JSC::VM&, JSC::PropertyName, JSC::JSValue, unsigned int, JSC::PutPropertySlot&)::'lambda'<bool $N>()::operator()<true>() const /root/WebKit/Source/JavaScriptCore/runtime/JSObjectInlines.h:1315:13 (jsc+0x839504)
    #4 WTF::ASCIILiteral JSC::JSObject::putDirectInternal<(JSC::JSObject::PutMode)0>(JSC::VM&, JSC::PropertyName, JSC::JSValue, unsigned int, JSC::PutPropertySlot&)::'lambda'()::operator()() const /root/WebKit/Source/JavaScriptCore/runtime/JSObjectInlines.h:1419:34 (jsc+0x836dd2)
    #5 decltype(fp()) JSC::putDirectInternalConcurrentOutOfLine<WTF::ASCIILiteral JSC::JSObject::putDirectInternal<(JSC::JSObject::PutMode)0>(JSC::VM&, JSC::PropertyName, JSC::JSValue, unsigned int, JSC::PutPropertySlot&)::'lambda'()>(WTF::ASCIILiteral JSC::JSObject::putDirectInternal<(JSC::JSObject::PutMode)0>(JSC::VM&, JSC::PropertyName, JSC::JSValue, unsigned int, JSC::PutPropertySlot&)::'lambda'() const&) /root/WebKit/Source/JavaScriptCore/runtime/JSObjectInlines.h:983:12 (jsc+0x836dd2)
    #6 WTF::ASCIILiteral JSC::JSObject::putDirectInternal<(JSC::JSObject::PutMode)0>(JSC::VM&, JSC::PropertyName, JSC::JSValue, unsigned int, JSC::PutPropertySlot&) /root/WebKit/Source/JavaScriptCore/runtime/JSObjectInlines.h:1418:16 (jsc+0x836da1)
    #7 JSC::JSObject::putInlineFast(JSC::JSGlobalObject*, JSC::PropertyName, JSC::JSValue, JSC::PutPropertySlot&) /root/WebKit/Source/JavaScriptCore/runtime/JSObjectInlines.h:795:18 (jsc+0x836da1)
    #8 JSC::JSObject::putInlineForJSObject(JSC::JSCell*, JSC::JSGlobalObject*, JSC::PropertyName, JSC::JSValue, JSC::PutPropertySlot&) /root/WebKit/Source/JavaScriptCore/runtime/JSObjectInlines.h:787:24 (jsc+0x836da1)
    #9 JSC::JSCell::putInline(JSC::JSGlobalObject*, JSC::PropertyName, JSC::JSValue, JSC::PutPropertySlot&) /root/WebKit/Source/JavaScriptCore/runtime/JSCellInlines.h:438:16 (jsc+0xf9c7a6)
    #10 JSC::JSValue::putInline(JSC::JSGlobalObject*, JSC::PropertyName, JSC::JSValue, JSC::PutPropertySlot&) /root/WebKit/Source/JavaScriptCore/runtime/JSObject.h:2297:22 (jsc+0xf9c7a6)
    #11 operationPutByIdSloppyOptimize /root/WebKit/Source/JavaScriptCore/jit/JITOperations.cpp:1470:15 (jsc+0xf9c7a6)
    #12 <null> <null> (0x7f9e03a02fe4)
    #13 JSC::evaluate(JSC::JSGlobalObject*, JSC::SourceCode const&, JSC::JSValue, WTF::NakedPtr<JSC::Exception>&) /root/WebKit/Source/JavaScriptCore/runtime/Completion.cpp:145:37 (jsc+0x13af265)
    #14 runWithOptions(GlobalObject*, CommandLine&, bool&) /root/WebKit/Source/JavaScriptCore/jsc.cpp:3957:35 (jsc+0x1caf15)
    #15 jscmain(int, char**)::$_0::operator()(JSC::VM&, GlobalObject*, bool&) const /root/WebKit/Source/JavaScriptCore/jsc.cpp:4686:13 (jsc+0x1caf15)
    #16 int runJSC<jscmain(int, char**)::$_0>(CommandLine const&, bool, jscmain(int, char**)::$_0 const&) /root/WebKit/Source/JavaScriptCore/jsc.cpp:4472:13 (jsc+0x1caf15)
    #17 jscmain(int, char**) /root/WebKit/Source/JavaScriptCore/jsc.cpp:4679:18 (jsc+0x1caf15)
    #18 main /root/WebKit/Source/JavaScriptCore/jsc.cpp:3715:15 (jsc+0x1c9793)

  Previous read of size 8 at 0x72a00000c1d0 by thread T3:
    #0 JSC::WriteBarrierBase<JSC::Unknown, WTF::RawValueTraits<JSC::Unknown>>::get() const /root/WebKit/Source/JavaScriptCore/runtime/WriteBarrier.h:173:32 (jsc+0x1e0fd9)
    #1 JSC::JSObject::getDirect(int) const /root/WebKit/WebKitBuild/TSan/JavaScriptCore/PrivateHeaders/JavaScriptCore/JSObject.h:954:102 (jsc+0x1e0fd9)
    #2 JSC::JSObject::getOwnNonIndexPropertySlot(JSC::VM&, JSC::Structure*, JSC::PropertyName, JSC::PropertySlot&) /root/WebKit/WebKitBuild/TSan/JavaScriptCore/PrivateHeaders/JavaScriptCore/JSObject.h:1972:21 (jsc+0x1e0fd9)
    #3 bool JSC::JSObject::getPropertySlot<false>(JSC::JSGlobalObject*, JSC::PropertyName, JSC::PropertySlot&) /root/WebKit/WebKitBuild/TSan/JavaScriptCore/PrivateHeaders/JavaScriptCore/JSObject.h:2110:21 (jsc+0x1e2876)
    #4 JSC::JSValue::getPropertySlot(JSC::JSGlobalObject*, JSC::PropertyName, JSC::PropertySlot&) const /root/WebKit/Source/JavaScriptCore/runtime/JSCJSValuePropertyInlines.h:93:5 (jsc+0x1e22a5)
    #5 JSC::JSValue::get(JSC::JSGlobalObject*, JSC::PropertyName, JSC::PropertySlot&) const /root/WebKit/Source/JavaScriptCore/runtime/JSCJSValuePropertyInlines.h:50:20 (jsc+0x1e22a5)
    #6 JSC::LLInt::performLLIntGetByID(JSC::BytecodeIndex, JSC::CodeBlock*, JSC::JSGlobalObject*, JSC::JSValue, JSC::Identifier const&, JSC::GetByIdModeMetadata&) /root/WebKit/Source/JavaScriptCore/llint/LLIntSlowPaths.cpp:1031:32 (jsc+0x107231e)
    #7 llint_slow_path_get_by_id /root/WebKit/Source/JavaScriptCore/llint/LLIntSlowPaths.cpp:1124:22 (jsc+0x1072050)
    #8 llint_op_get_by_id LowLevelInterpreter.cpp (jsc+0x1deb131)
    #9 JSC::Interpreter::executeCall(JSC::JSObject*, JSC::CallData const&, JSC::JSValue, JSC::JSCell*, JSC::ArgList const&) /root/WebKit/Source/JavaScriptCore/interpreter/Interpreter.cpp (jsc+0xe7b74d)
    #10 JSC::call(JSC::JSGlobalObject*, JSC::JSValue, JSC::CallData const&, JSC::JSValue, JSC::ArgList const&) /root/WebKit/Source/JavaScriptCore/runtime/CallData.cpp:70:27 (jsc+0x134d031)
    #11 JSC::call(JSC::JSGlobalObject*, JSC::JSValue, JSC::CallData const&, JSC::JSValue, JSC::ArgList const&, WTF::NakedPtr<JSC::Exception>&) /root/WebKit/Source/JavaScriptCore/runtime/CallData.cpp:77:22 (jsc+0x134d031)
    #12 JSC::threadMain(JSC::VM&, WTF::Ref<JSC::ThreadState, WTF::RawPtrTraits<JSC::ThreadState>, WTF::DefaultRefDerefTraits<JSC::ThreadState>>) /root/WebKit/Source/JavaScriptCore/runtime/ThreadObject.cpp:241:30 (jsc+0x19844fc)
    #13 JSC::constructThread(JSC::JSGlobalObject*, JSC::CallFrame*)::$_0::operator()() /root/WebKit/Source/JavaScriptCore/runtime/ThreadObject.cpp:468:9 (jsc+0x19844fc)
    #14 WTF::Detail::CallableWrapper<JSC::constructThread(JSC::JSGlobalObject*, JSC::CallFrame*)::$_0, void>::call() /root/WebKit/WebKitBuild/TSan/WTF/Headers/wtf/Function.h:59:39 (jsc+0x19844fc)
    #15 WTF::Function<void ()>::operator()() const /root/WebKit/Source/WTF/wtf/Function.h:103:35 (jsc+0x2593495)
    #16 WTF::Thread::entryPoint(WTF::Thread::NewThreadContext*) /root/WebKit/Source/WTF/wtf/Threading.cpp:312:5 (jsc+0x2593495)
    #17 WTF::wtfThreadEntryPoint(void*) /root/WebKit/Source/WTF/wtf/posix/ThreadingPOSIX.cpp:264:5 (jsc+0x25efe49)

  Location is heap block of size 16384 at 0x72a00000c000 allocated by main thread:
    #0 aligned_alloc /home/runner/work/llvm-project/llvm-project/compiler-rt/lib/tsan/rtl/tsan_interceptors_posix.cpp:885:3 (jsc+0x13f40e)
    #1 bmalloc::api::tryMemalign(unsigned long, unsigned long, bmalloc::CompactAllocationMode, bmalloc::HeapKind) /root/WebKit/WebKitBuild/TSan/bmalloc/Headers/bmalloc/bmalloc.h:158:12 (jsc+0x25764f0)
    #2 WTF::tryFastCompactAlignedMalloc(unsigned long, unsigned long) /root/WebKit/Source/WTF/wtf/FastMalloc.cpp:553:20 (jsc+0x25764f0)
    #3 JSC::FastMallocAlignedMemoryAllocator::tryAllocateAlignedMemory(unsigned long, unsigned long) /root/WebKit/Source/JavaScriptCore/heap/FastMallocAlignedMemoryAllocator.cpp:47:12 (jsc+0xdaee50)
    #4 JSC::MarkedBlock::tryCreate(JSC::Heap&, JSC::AlignedMemoryAllocator*) /root/WebKit/Source/JavaScriptCore/heap/MarkedBlock.cpp:138:48 (jsc+0xe3a507)
    #5 JSC::BlockDirectory::tryAllocateBlock(WTF::AbstractLocker const&, JSC::Heap&) /root/WebKit/Source/JavaScriptCore/heap/BlockDirectory.cpp:154:35 (jsc+0xda610d)
    #6 JSC::LocalAllocator::allocateSlowCase(JSC::Heap&, unsigned long, JSC::GCDeferralContext*, JSC::AllocationFailureMode) /root/WebKit/Source/JavaScriptCore/heap/LocalAllocator.cpp:221:47 (jsc+0xe354be)
    #7 JSC::LocalAllocator::allocate(JSC::Heap&, unsigned long, JSC::GCDeferralContext*, JSC::AllocationFailureMode)::'lambda'()::operator()() const /root/WebKit/WebKitBuild/TSan/JavaScriptCore/PrivateHeaders/JavaScriptCore/LocalAllocatorInlines.h:53:43 (jsc+0x1d122e)
    #8 JSC::HeapCell* JSC::FreeList::allocateWithCellSize<JSC::LocalAllocator::allocate(JSC::Heap&, unsigned long, JSC::GCDeferralContext*, JSC::AllocationFailureMode)::'lambda'()>(JSC::LocalAllocator::allocate(JSC::Heap&, unsigned long, JSC::GCDeferralContext*, JSC::AllocationFailureMode)::'lambda'() const&, unsigned long) /root/WebKit/WebKitBuild/TSan/JavaScriptCore/PrivateHeaders/JavaScriptCore/FreeListInlines.h:46:16 (jsc+0x1d7b95)
    #9 JSC::LocalAllocator::allocate(JSC::Heap&, unsigned long, JSC::GCDeferralContext*, JSC::AllocationFailureMode) /root/WebKit/WebKitBuild/TSan/JavaScriptCore/PrivateHeaders/JavaScriptCore/LocalAllocatorInlines.h:50:23 (jsc+0x1d7b95)
    #10 JSC::Allocator::allocate(JSC::Heap&, unsigned long, JSC::GCDeferralContext*, JSC::AllocationFailureMode) const /root/WebKit/WebKitBuild/TSan/JavaScriptCore/PrivateHeaders/JavaScriptCore/AllocatorInlines.h:35:30 (jsc+0x1d7b95)
    #11 JSC::CompleteSubspace::allocateForClient(JSC::GCClient::Heap&, unsigned long, JSC::GCDeferralContext*, JSC::AllocationFailureMode) /root/WebKit/WebKitBuild/TSan/JavaScriptCore/PrivateHeaders/JavaScriptCore/CompleteSubspaceInlines.h:62:30 (jsc+0x1d7b95)
    #12 JSC::CompleteSubspace::allocate(JSC::VM&, unsigned long, JSC::GCDeferralContext*, JSC::AllocationFailureMode) /root/WebKit/WebKitBuild/TSan/JavaScriptCore/PrivateHeaders/JavaScriptCore/CompleteSubspaceInlines.h:46:16 (jsc+0x1d78d0)
    #13 void* JSC::tryAllocateCellHelper<JSC::JSBigInt, (JSC::AllocationFailureMode)1>(JSC::VM&, unsigned long, JSC::GCDeferralContext*) /root/WebKit/Source/JavaScriptCore/runtime/JSCellInlines.h:180:63 (jsc+0x1535315)
    #14 void* JSC::tryAllocateCell<JSC::JSBigInt>(JSC::VM&, unsigned long) /root/WebKit/Source/JavaScriptCore/runtime/JSCellInlines.h:206:12 (jsc+0x1535315)
    #15 JSC::JSBigInt::createWithLength(JSC::JSGlobalObject*, JSC::VM&, unsigned int) /root/WebKit/Source/JavaScriptCore/runtime/JSBigInt.cpp:109:18 (jsc+0x1535315)
    #16 JSC::JSBigInt::createFrom(JSC::JSGlobalObject*, JSC::VM&, int) /root/WebKit/Source/JavaScriptCore/runtime/JSBigInt.cpp:138:24 (jsc+0x1535315)
    #17 JSC::JSBigInt::tryCreateFrom(JSC::VM&, int) /root/WebKit/Source/JavaScriptCore/runtime/JSBigInt.cpp:158:12 (jsc+0x1535315)
    #18 JSC::VM::VM(JSC::VM::VMType, JSC::HeapType, WTF::RunLoop*, bool*) /root/WebKit/Source/JavaScriptCore/runtime/VM.cpp:563:24 (jsc+0x1998b9b)
    #19 JSC::VM::create(JSC::HeapType, WTF::RunLoop*) /root/WebKit/Source/JavaScriptCore/runtime/VM.cpp:1222:26 (jsc+0x19a12ac)
    #20 int runJSC<jscmain(int, char**)::$_0>(CommandLine const&, bool, jscmain(int, char**)::$_0 const&) /root/WebKit/Source/JavaScriptCore/jsc.cpp:4438:14 (jsc+0x1c9d1d)
    #21 jscmain(int, char**) /root/WebKit/Source/JavaScriptCore/jsc.cpp:4679:18 (jsc+0x1c9d1d)
    #22 main /root/WebKit/Source/JavaScriptCore/jsc.cpp:3715:15 (jsc+0x1c9793)

  Thread T3 'JS Thread' (tid=1721820, running) created by main thread at:
    #0 pthread_create /home/runner/work/llvm-project/llvm-project/compiler-rt/lib/tsan/rtl/tsan_interceptors_posix.cpp:1090:3 (jsc+0x13ff1a)
    #1 WTF::Thread::establishHandle(WTF::Thread::NewThreadContext&, WTF::StackAllocationSpecification, WTF::ThreadQOS, WTF::ThreadSchedulingPolicy) /root/WebKit/Source/WTF/wtf/posix/ThreadingPOSIX.cpp:354:17 (jsc+0x25efd35)
    #2 WTF::Thread::create(WTF::ASCIILiteral, WTF::Function<void ()>&&, WTF::ThreadType, WTF::ThreadQOS, WTF::ThreadSchedulingPolicy, WTF::StackAllocationSpecification) /root/WebKit/Source/WTF/wtf/Threading.cpp:330:32 (jsc+0x25937d3)
    #3 JSC::constructThread(JSC::JSGlobalObject*, JSC::CallFrame*) /root/WebKit/Source/JavaScriptCore/runtime/ThreadObject.cpp:467:5 (jsc+0x197c87f)
    #4 <null> <null> (0x7f9e039ff217)
    #5 JSC::evaluate(JSC::JSGlobalObject*, JSC::SourceCode const&, JSC::JSValue, WTF::NakedPtr<JSC::Exception>&) /root/WebKit/Source/JavaScriptCore/runtime/Completion.cpp:145:37 (jsc+0x13af265)
    #6 runWithOptions(GlobalObject*, CommandLine&, bool&) /root/WebKit/Source/JavaScriptCore/jsc.cpp:3957:35 (jsc+0x1caf15)
    #7 jscmain(int, char**)::$_0::operator()(JSC::VM&, GlobalObject*, bool&) const /root/WebKit/Source/JavaScriptCore/jsc.cpp:4686:13 (jsc+0x1caf15)
    #8 int runJSC<jscmain(int, char**)::$_0>(CommandLine const&, bool, jscmain(int, char**)::$_0 const&) /root/WebKit/Source/JavaScriptCore/jsc.cpp:4472:13 (jsc+0x1caf15)
    #9 jscmain(int, char**) /root/WebKit/Source/JavaScriptCore/jsc.cpp:4679:18 (jsc+0x1caf15)
    #10 main /root/WebKit/Source/JavaScriptCore/jsc.cpp:3715:15 (jsc+0x1c9793)

SUMMARY: ThreadSanitizer: data race /root/WebKit/Source/JavaScriptCore/runtime/JSCJSValue.h:1287:10 in JSC::updateEncodedJSValueConcurrent(long&, long)
==================
==================
WARNING: ThreadSanitizer: data race (pid=1721775)
  Write of size 4 at 0x55578edbab1c by thread T2:
    #0 JSC::AbstractMacroAssemblerBase::initializeRandom() /root/WebKit/Source/JavaScriptCore/assembler/AbstractMacroAssembler.cpp:45:41 (jsc+0x26e624)
    #1 JSC::AbstractMacroAssemblerBase::random() /root/WebKit/Source/JavaScriptCore/assembler/AbstractMacroAssembler.h:89:13 (jsc+0xec0ecf)
    #2 JSC::JIT::compileAndLinkWithoutFinalizing(JSC::JITCompilationEffort) /root/WebKit/Source/JavaScriptCore/jit/JIT.cpp:766:9 (jsc+0xec0ecf)
    #3 JSC::BaselineJITPlan::compileInThreadImpl(JSC::JITCompilationEffort) /root/WebKit/Source/JavaScriptCore/jit/BaselineJITPlan.cpp:67:32 (jsc+0xe9cb38)
    #4 JSC::BaselineJITPlan::compileInThreadImpl() /root/WebKit/Source/JavaScriptCore/jit/BaselineJITPlan.cpp:78:12 (jsc+0xe9ccdb)
    #5 JSC::JITPlan::compileInThread(JSC::JITWorklistThread*) /root/WebKit/Source/JavaScriptCore/jit/JITPlan.cpp:283:28 (jsc+0xfcd84d)
    #6 JSC::JITWorklistThread::work() /root/WebKit/Source/JavaScriptCore/jit/JITWorklistThread.cpp:145:13 (jsc+0x1037fcb)
    #7 WTF::AutomaticThread::start(WTF::AbstractLocker const&)::$_0::operator()() const /root/WebKit/Source/WTF/wtf/AutomaticThread.cpp:260:37 (jsc+0x256810c)
    #8 WTF::Detail::CallableWrapper<WTF::AutomaticThread::start(WTF::AbstractLocker const&)::$_0, void>::call() /root/WebKit/Source/WTF/wtf/Function.h:59:39 (jsc+0x256810c)
    #9 WTF::Function<void ()>::operator()() const /root/WebKit/Source/WTF/wtf/Function.h:103:35 (jsc+0x2593495)
    #10 WTF::Thread::entryPoint(WTF::Thread::NewThreadContext*) /root/WebKit/Source/WTF/wtf/Threading.cpp:312:5 (jsc+0x2593495)
    #11 WTF::wtfThreadEntryPoint(void*) /root/WebKit/Source/WTF/wtf/posix/ThreadingPOSIX.cpp:264:5 (jsc+0x25efe49)

  Previous write of size 4 at 0x55578edbab1c by thread T1:
    #0 JSC::AbstractMacroAssemblerBase::initializeRandom() /root/WebKit/Source/JavaScriptCore/assembler/AbstractMacroAssembler.cpp:45:41 (jsc+0x26e624)
    #1 JSC::AbstractMacroAssemblerBase::random() /root/WebKit/Source/JavaScriptCore/assembler/AbstractMacroAssembler.h:89:13 (jsc+0x908b54)
    #2 JSC::MacroAssembler::shouldConsiderBlinding() /root/WebKit/Source/JavaScriptCore/assembler/MacroAssembler.h:543:18 (jsc+0x908b54)
    #3 JSC::MacroAssembler::shouldBlind(JSC::AbstractMacroAssembler<JSC::X86Assembler>::Imm32) /root/WebKit/Source/JavaScriptCore/assembler/MacroAssembler.h:2019:14 (jsc+0x908b54)
    #4 JSC::MacroAssembler::branch32(JSC::MacroAssemblerX86_64::RelationalCondition, JSC::X86Registers::RegisterID, JSC::AbstractMacroAssembler<JSC::X86Assembler>::Imm32) /root/WebKit/Source/JavaScriptCore/assembler/MacroAssembler.h:2321:13 (jsc+0x908b54)
    #5 void JSC::DFG::SpeculativeJIT::branch32<JSC::X86Registers::RegisterID, JSC::AbstractMacroAssembler<JSC::X86Assembler>::Imm32>(JSC::MacroAssemblerX86_64::RelationalCondition, JSC::X86Registers::RegisterID, JSC::AbstractMacroAssembler<JSC::X86Assembler>::Imm32, JSC::DFG::BasicBlock*) /root/WebKit/Source/JavaScriptCore/dfg/DFGSpeculativeJIT.h:1305:32 (jsc+0x8eef67)
    #6 JSC::DFG::SpeculativeJIT::compilePeepHoleInt32Branch(JSC::DFG::Node*, JSC::DFG::Node*, JSC::MacroAssemblerX86_64::RelationalCondition) /root/WebKit/Source/JavaScriptCore/dfg/DFGSpeculativeJIT.cpp:2096:9 (jsc+0x8eef67)
    #7 JSC::DFG::SpeculativeJIT::compilePeepHoleBranch(JSC::DFG::Node*, JSC::MacroAssemblerX86_64::RelationalCondition, JSC::MacroAssemblerX86_64::DoubleCondition, JSC::ExceptionOperationResult<unsigned long> (*)(JSC::JSGlobalObject*, long, long)) /root/WebKit/Source/JavaScriptCore/dfg/DFGSpeculativeJIT.cpp:2119:13 (jsc+0x8ef23e)
    #8 JSC::DFG::SpeculativeJIT::compare(JSC::DFG::Node*, JSC::MacroAssemblerX86_64::RelationalCondition, JSC::MacroAssemblerX86_64::DoubleCondition, JSC::ExceptionOperationResult<unsigned long> (*)(JSC::JSGlobalObject*, long, long)) /root/WebKit/Source/JavaScriptCore/dfg/DFGSpeculativeJIT.cpp:7270:9 (jsc+0x94a65e)
    #9 JSC::DFG::SpeculativeJIT::compile(JSC::DFG::Node*) /root/WebKit/Source/JavaScriptCore/dfg/DFGSpeculativeJIT64.cpp (jsc+0xad0433)
    #10 JSC::DFG::SpeculativeJIT::compileCurrentBlock() /root/WebKit/Source/JavaScriptCore/dfg/DFGSpeculativeJIT.cpp:2401:9 (jsc+0x8f38d1)
    #11 JSC::DFG::SpeculativeJIT::compileBody() /root/WebKit/Source/JavaScriptCore/dfg/DFGSpeculativeJIT.cpp:2511:9 (jsc+0x8d117f)
    #12 JSC::DFG::SpeculativeJIT::compile() /root/WebKit/Source/JavaScriptCore/dfg/DFGSpeculativeJIT.cpp:168:5 (jsc+0x8d0204)
    #13 JSC::DFG::Plan::compileInThreadImpl() /root/WebKit/Source/JavaScriptCore/dfg/DFGPlan.cpp:401:32 (jsc+0x8a6aa1)
    #14 JSC::JITPlan::compileInThread(JSC::JITWorklistThread*) /root/WebKit/Source/JavaScriptCore/jit/JITPlan.cpp:283:28 (jsc+0xfcd84d)
    #15 JSC::JITWorklistThread::work() /root/WebKit/Source/JavaScriptCore/jit/JITWorklistThread.cpp:145:13 (jsc+0x1037fcb)
    #16 WTF::AutomaticThread::start(WTF::AbstractLocker const&)::$_0::operator()() const /root/WebKit/Source/WTF/wtf/AutomaticThread.cpp:260:37 (jsc+0x256810c)
    #17 WTF::Detail::CallableWrapper<WTF::AutomaticThread::start(WTF::AbstractLocker const&)::$_0, void>::call() /root/WebKit/Source/WTF/wtf/Function.h:59:39 (jsc+0x256810c)
    #18 WTF::Function<void ()>::operator()() const /root/WebKit/Source/WTF/wtf/Function.h:103:35 (jsc+0x2593495)
    #19 WTF::Thread::entryPoint(WTF::Thread::NewThreadContext*) /root/WebKit/Source/WTF/wtf/Threading.cpp:312:5 (jsc+0x2593495)
    #20 WTF::wtfThreadEntryPoint(void*) /root/WebKit/Source/WTF/wtf/posix/ThreadingPOSIX.cpp:264:5 (jsc+0x25efe49)

  Location is global 'JSC::AbstractMacroAssemblerBase::initializeRandom()::globalCounter' of size 4 at 0x55578edbab1c (jsc+0x58f0b1c)

  Thread T2 'JITWorker' (tid=1721819, running) created by main thread at:
    #0 pthread_create /home/runner/work/llvm-project/llvm-project/compiler-rt/lib/tsan/rtl/tsan_interceptors_posix.cpp:1090:3 (jsc+0x13ff1a)
    #1 WTF::Thread::establishHandle(WTF::Thread::NewThreadContext&, WTF::StackAllocationSpecification, WTF::ThreadQOS, WTF::ThreadSchedulingPolicy) /root/WebKit/Source/WTF/wtf/posix/ThreadingPOSIX.cpp:354:17 (jsc+0x25efd35)
    #2 WTF::Thread::create(WTF::ASCIILiteral, WTF::Function<void ()>&&, WTF::ThreadType, WTF::ThreadQOS, WTF::ThreadSchedulingPolicy, WTF::StackAllocationSpecification) /root/WebKit/Source/WTF/wtf/Threading.cpp:330:32 (jsc+0x25937d3)
    #3 WTF::AutomaticThread::start(WTF::AbstractLocker const&) /root/WebKit/Source/WTF/wtf/AutomaticThread.cpp:189:5 (jsc+0x2566b89)
    #4 WTF::AutomaticThreadCondition::notifyOne(WTF::AbstractLocker const&) /root/WebKit/Source/WTF/wtf/AutomaticThread.cpp:60:21 (jsc+0x2566989)
    #5 JSC::JITWorklist::wakeThreads(WTF::AbstractLocker const&, unsigned int) /root/WebKit/Source/JavaScriptCore/jit/JITWorklist.cpp:162:25 (jsc+0x10323e6)
    #6 JSC::JITWorklist::enqueue(WTF::Ref<JSC::JITPlan, WTF::RawPtrTraits<JSC::JITPlan>, WTF::DefaultRefDerefTraits<JSC::JITPlan>>) /root/WebKit/Source/JavaScriptCore/jit/JITWorklist.cpp:246:5 (jsc+0x1032c4f)
    #7 JSC::LLInt::jitCompileAndSetHeuristics(JSC::VM&, JSC::CodeBlock*) /root/WebKit/Source/JavaScriptCore/llint/LLIntSlowPaths.cpp:497:45 (jsc+0x106c66e)
    #8 llint_loop_osr /root/WebKit/Source/JavaScriptCore/llint/LLIntSlowPaths.cpp:590:10 (jsc+0x106bf51)
    #9 llint_op_loop_hint LowLevelInterpreter.cpp (jsc+0x1e02c3c)
    #10 JSC::evaluate(JSC::JSGlobalObject*, JSC::SourceCode const&, JSC::JSValue, WTF::NakedPtr<JSC::Exception>&) /root/WebKit/Source/JavaScriptCore/runtime/Completion.cpp:145:37 (jsc+0x13af265)
    #11 runWithOptions(GlobalObject*, CommandLine&, bool&) /root/WebKit/Source/JavaScriptCore/jsc.cpp:3957:35 (jsc+0x1caf15)
    #12 jscmain(int, char**)::$_0::operator()(JSC::VM&, GlobalObject*, bool&) const /root/WebKit/Source/JavaScriptCore/jsc.cpp:4686:13 (jsc+0x1caf15)
    #13 int runJSC<jscmain(int, char**)::$_0>(CommandLine const&, bool, jscmain(int, char**)::$_0 const&) /root/WebKit/Source/JavaScriptCore/jsc.cpp:4472:13 (jsc+0x1caf15)
    #14 jscmain(int, char**) /root/WebKit/Source/JavaScriptCore/jsc.cpp:4679:18 (jsc+0x1caf15)
    #15 main /root/WebKit/Source/JavaScriptCore/jsc.cpp:3715:15 (jsc+0x1c9793)

  Thread T1 'JITWorker' (tid=1721777, running) created by main thread at:
    #0 pthread_create /home/runner/work/llvm-project/llvm-project/compiler-rt/lib/tsan/rtl/tsan_interceptors_posix.cpp:1090:3 (jsc+0x13ff1a)
    #1 WTF::Thread::establishHandle(WTF::Thread::NewThreadContext&, WTF::StackAllocationSpecification, WTF::ThreadQOS, WTF::ThreadSchedulingPolicy) /root/WebKit/Source/WTF/wtf/posix/ThreadingPOSIX.cpp:354:17 (jsc+0x25efd35)
    #2 WTF::Thread::create(WTF::ASCIILiteral, WTF::Function<void ()>&&, WTF::ThreadType, WTF::ThreadQOS, WTF::ThreadSchedulingPolicy, WTF::StackAllocationSpecification) /root/WebKit/Source/WTF/wtf/Threading.cpp:330:32 (jsc+0x25937d3)
    #3 WTF::AutomaticThread::start(WTF::AbstractLocker const&) /root/WebKit/Source/WTF/wtf/AutomaticThread.cpp:189:5 (jsc+0x2566b89)
    #4 WTF::AutomaticThreadCondition::notifyOne(WTF::AbstractLocker const&) /root/WebKit/Source/WTF/wtf/AutomaticThread.cpp:60:21 (jsc+0x2566989)
    #5 JSC::JITWorklist::wakeThreads(WTF::AbstractLocker const&, unsigned int) /root/WebKit/Source/JavaScriptCore/jit/JITWorklist.cpp:162:25 (jsc+0x10323e6)
    #6 JSC::JITWorklist::enqueue(WTF::Ref<JSC::JITPlan, WTF::RawPtrTraits<JSC::JITPlan>, WTF::DefaultRefDerefTraits<JSC::JITPlan>>) /root/WebKit/Source/JavaScriptCore/jit/JITWorklist.cpp:246:5 (jsc+0x1032c4f)
    #7 JSC::LLInt::jitCompileAndSetHeuristics(JSC::VM&, JSC::CodeBlock*) /root/WebKit/Source/JavaScriptCore/llint/LLIntSlowPaths.cpp:497:45 (jsc+0x106c66e)
    #8 JSC::LLInt::entryOSR(JSC::CodeBlock*, char const*, JSC::LLInt::EntryKind) /root/WebKit/Source/JavaScriptCore/llint/LLIntSlowPaths.cpp:519:10 (jsc+0x106b952)
    #9 llint_entry_osr_function_for_call /root/WebKit/Source/JavaScriptCore/llint/LLIntSlowPaths.cpp:546:12 (jsc+0x106bbad)
    #10 llint_function_for_call_prologue LowLevelInterpreter.cpp (jsc+0x1de429e)
    #11 JSC::evaluate(JSC::JSGlobalObject*, JSC::SourceCode const&, JSC::JSValue, WTF::NakedPtr<JSC::Exception>&) /root/WebKit/Source/JavaScriptCore/runtime/Completion.cpp:145:37 (jsc+0x13af265)
    #12 runWithOptions(GlobalObject*, CommandLine&, bool&) /root/WebKit/Source/JavaScriptCore/jsc.cpp:3957:35 (jsc+0x1caf15)
    #13 jscmain(int, char**)::$_0::operator()(JSC::VM&, GlobalObject*, bool&) const /root/WebKit/Source/JavaScriptCore/jsc.cpp:4686:13 (jsc+0x1caf15)
    #14 int runJSC<jscmain(int, char**)::$_0>(CommandLine const&, bool, jscmain(int, char**)::$_0 const&) /root/WebKit/Source/JavaScriptCore/jsc.cpp:4472:13 (jsc+0x1caf15)
    #15 jscmain(int, char**) /root/WebKit/Source/JavaScriptCore/jsc.cpp:4679:18 (jsc+0x1caf15)
    #16 main /root/WebKit/Source/JavaScriptCore/jsc.cpp:3715:15 (jsc+0x1c9793)

SUMMARY: ThreadSanitizer: data race /root/WebKit/Source/JavaScriptCore/assembler/AbstractMacroAssembler.cpp:45:41 in JSC::AbstractMacroAssemblerBase::initializeRandom()
==================
==================
WARNING: ThreadSanitizer: data race (pid=1721775)
  Write of size 1 at 0x7f9e45b04132 by thread T3:
    #0 JSC::Interpreter::executeCallImpl(JSC::VM&, JSC::JSObject*, JSC::CallData const&, JSC::JSValue, JSC::JSCell*, JSC::ArgList const&)::'lambda'()::operator()() const /root/WebKit/Source/JavaScriptCore/interpreter/Interpreter.cpp:1257:23 (jsc+0xe7b37b)
    #1 WTF::ScopeExit<JSC::Interpreter::executeCallImpl(JSC::VM&, JSC::JSObject*, JSC::CallData const&, JSC::JSValue, JSC::JSCell*, JSC::ArgList const&)::'lambda'()>::~ScopeExit() /root/WebKit/WebKitBuild/TSan/WTF/Headers/wtf/Scope.h:53:13 (jsc+0xe7b37b)
    #2 JSC::Interpreter::executeCallImpl(JSC::VM&, JSC::JSObject*, JSC::CallData const&, JSC::JSValue, JSC::JSCell*, JSC::ArgList const&) /root/WebKit/Source/JavaScriptCore/interpreter/Interpreter.cpp:1331:1 (jsc+0xe7b37b)
    #3 JSC::Interpreter::executeCall(JSC::JSObject*, JSC::CallData const&, JSC::JSValue, JSC::JSCell*, JSC::ArgList const&) /root/WebKit/Source/JavaScriptCore/interpreter/Interpreter.cpp (jsc+0xe7b74d)
    #4 JSC::call(JSC::JSGlobalObject*, JSC::JSValue, JSC::CallData const&, JSC::JSValue, JSC::ArgList const&) /root/WebKit/Source/JavaScriptCore/runtime/CallData.cpp:70:27 (jsc+0x134d031)
    #5 JSC::call(JSC::JSGlobalObject*, JSC::JSValue, JSC::CallData const&, JSC::JSValue, JSC::ArgList const&, WTF::NakedPtr<JSC::Exception>&) /root/WebKit/Source/JavaScriptCore/runtime/CallData.cpp:77:22 (jsc+0x134d031)
    #6 JSC::threadMain(JSC::VM&, WTF::Ref<JSC::ThreadState, WTF::RawPtrTraits<JSC::ThreadState>, WTF::DefaultRefDerefTraits<JSC::ThreadState>>) /root/WebKit/Source/JavaScriptCore/runtime/ThreadObject.cpp:241:30 (jsc+0x19844fc)
    #7 JSC::constructThread(JSC::JSGlobalObject*, JSC::CallFrame*)::$_0::operator()() /root/WebKit/Source/JavaScriptCore/runtime/ThreadObject.cpp:468:9 (jsc+0x19844fc)
    #8 WTF::Detail::CallableWrapper<JSC::constructThread(JSC::JSGlobalObject*, JSC::CallFrame*)::$_0, void>::call() /root/WebKit/WebKitBuild/TSan/WTF/Headers/wtf/Function.h:59:39 (jsc+0x19844fc)
    #9 WTF::Function<void ()>::operator()() const /root/WebKit/Source/WTF/wtf/Function.h:103:35 (jsc+0x2593495)
    #10 WTF::Thread::entryPoint(WTF::Thread::NewThreadContext*) /root/WebKit/Source/WTF/wtf/Threading.cpp:312:5 (jsc+0x2593495)
    #11 WTF::wtfThreadEntryPoint(void*) /root/WebKit/Source/WTF/wtf/posix/ThreadingPOSIX.cpp:264:5 (jsc+0x25efe49)

  Previous write of size 1 at 0x7f9e45b04132 by thread T4:
    #0 JSC::Interpreter::executeCallImpl(JSC::VM&, JSC::JSObject*, JSC::CallData const&, JSC::JSValue, JSC::JSCell*, JSC::ArgList const&)::'lambda'()::operator()() const /root/WebKit/Source/JavaScriptCore/interpreter/Interpreter.cpp:1257:23 (jsc+0xe7b37b)
    #1 WTF::ScopeExit<JSC::Interpreter::executeCallImpl(JSC::VM&, JSC::JSObject*, JSC::CallData const&, JSC::JSValue, JSC::JSCell*, JSC::ArgList const&)::'lambda'()>::~ScopeExit() /root/WebKit/WebKitBuild/TSan/WTF/Headers/wtf/Scope.h:53:13 (jsc+0xe7b37b)
    #2 JSC::Interpreter::executeCallImpl(JSC::VM&, JSC::JSObject*, JSC::CallData const&, JSC::JSValue, JSC::JSCell*, JSC::ArgList const&) /root/WebKit/Source/JavaScriptCore/interpreter/Interpreter.cpp:1331:1 (jsc+0xe7b37b)
    #3 JSC::Interpreter::executeCall(JSC::JSObject*, JSC::CallData const&, JSC::JSValue, JSC::JSCell*, JSC::ArgList const&) /root/WebKit/Source/JavaScriptCore/interpreter/Interpreter.cpp (jsc+0xe7b74d)
    #4 JSC::call(JSC::JSGlobalObject*, JSC::JSValue, JSC::CallData const&, JSC::JSValue, JSC::ArgList const&) /root/WebKit/Source/JavaScriptCore/runtime/CallData.cpp:70:27 (jsc+0x134d031)
    #5 JSC::call(JSC::JSGlobalObject*, JSC::JSValue, JSC::CallData const&, JSC::JSValue, JSC::ArgList const&, WTF::NakedPtr<JSC::Exception>&) /root/WebKit/Source/JavaScriptCore/runtime/CallData.cpp:77:22 (jsc+0x134d031)
    #6 JSC::threadMain(JSC::VM&, WTF::Ref<JSC::ThreadState, WTF::RawPtrTraits<JSC::ThreadState>, WTF::DefaultRefDerefTraits<JSC::ThreadState>>) /root/WebKit/Source/JavaScriptCore/runtime/ThreadObject.cpp:241:30 (jsc+0x19844fc)
    #7 JSC::constructThread(JSC::JSGlobalObject*, JSC::CallFrame*)::$_0::operator()() /root/WebKit/Source/JavaScriptCore/runtime/ThreadObject.cpp:468:9 (jsc+0x19844fc)
    #8 WTF::Detail::CallableWrapper<JSC::constructThread(JSC::JSGlobalObject*, JSC::CallFrame*)::$_0, void>::call() /root/WebKit/WebKitBuild/TSan/WTF/Headers/wtf/Function.h:59:39 (jsc+0x19844fc)
    #9 WTF::Function<void ()>::operator()() const /root/WebKit/Source/WTF/wtf/Function.h:103:35 (jsc+0x2593495)
    #10 WTF::Thread::entryPoint(WTF::Thread::NewThreadContext*) /root/WebKit/Source/WTF/wtf/Threading.cpp:312:5 (jsc+0x2593495)
    #11 WTF::wtfThreadEntryPoint(void*) /root/WebKit/Source/WTF/wtf/posix/ThreadingPOSIX.cpp:264:5 (jsc+0x25efe49)

  Location is heap block of size 150816 at 0x7f9e45b04000 allocated by main thread:
    #0 malloc /home/runner/work/llvm-project/llvm-project/compiler-rt/lib/tsan/rtl/tsan_interceptors_posix.cpp:682:5 (jsc+0x13dc20)
    #1 bmalloc::api::malloc(unsigned long, bmalloc::CompactAllocationMode, bmalloc::HeapKind) /root/WebKit/WebKitBuild/TSan/bmalloc/Headers/bmalloc/bmalloc.h:96:20 (jsc+0x25762a9)
    #2 WTF::fastMalloc(unsigned long) /root/WebKit/Source/WTF/wtf/FastMalloc.cpp:337:20 (jsc+0x25762a9)
    #3 JSC::VM::operator new(unsigned long) /root/WebKit/Source/JavaScriptCore/runtime/VM.h:253:5 (jsc+0x19a1296)
    #4 JSC::VM::create(JSC::HeapType, WTF::RunLoop*) /root/WebKit/Source/JavaScriptCore/runtime/VM.cpp:1222:22 (jsc+0x19a1296)
    #5 int runJSC<jscmain(int, char**)::$_0>(CommandLine const&, bool, jscmain(int, char**)::$_0 const&) /root/WebKit/Source/JavaScriptCore/jsc.cpp:4438:14 (jsc+0x1c9d1d)
    #6 jscmain(int, char**) /root/WebKit/Source/JavaScriptCore/jsc.cpp:4679:18 (jsc+0x1c9d1d)
    #7 main /root/WebKit/Source/JavaScriptCore/jsc.cpp:3715:15 (jsc+0x1c9793)

  Thread T3 'JS Thread' (tid=1721820, running) created by main thread at:
    #0 pthread_create /home/runner/work/llvm-project/llvm-project/compiler-rt/lib/tsan/rtl/tsan_interceptors_posix.cpp:1090:3 (jsc+0x13ff1a)
    #1 WTF::Thread::establishHandle(WTF::Thread::NewThreadContext&, WTF::StackAllocationSpecification, WTF::ThreadQOS, WTF::ThreadSchedulingPolicy) /root/WebKit/Source/WTF/wtf/posix/ThreadingPOSIX.cpp:354:17 (jsc+0x25efd35)
    #2 WTF::Thread::create(WTF::ASCIILiteral, WTF::Function<void ()>&&, WTF::ThreadType, WTF::ThreadQOS, WTF::ThreadSchedulingPolicy, WTF::StackAllocationSpecification) /root/WebKit/Source/WTF/wtf/Threading.cpp:330:32 (jsc+0x25937d3)
    #3 JSC::constructThread(JSC::JSGlobalObject*, JSC::CallFrame*) /root/WebKit/Source/JavaScriptCore/runtime/ThreadObject.cpp:467:5 (jsc+0x197c87f)
    #4 <null> <null> (0x7f9e039ff217)
    #5 JSC::evaluate(JSC::JSGlobalObject*, JSC::SourceCode const&, JSC::JSValue, WTF::NakedPtr<JSC::Exception>&) /root/WebKit/Source/JavaScriptCore/runtime/Completion.cpp:145:37 (jsc+0x13af265)
    #6 runWithOptions(GlobalObject*, CommandLine&, bool&) /root/WebKit/Source/JavaScriptCore/jsc.cpp:3957:35 (jsc+0x1caf15)
    #7 jscmain(int, char**)::$_0::operator()(JSC::VM&, GlobalObject*, bool&) const /root/WebKit/Source/JavaScriptCore/jsc.cpp:4686:13 (jsc+0x1caf15)
    #8 int runJSC<jscmain(int, char**)::$_0>(CommandLine const&, bool, jscmain(int, char**)::$_0 const&) /root/WebKit/Source/JavaScriptCore/jsc.cpp:4472:13 (jsc+0x1caf15)
    #9 jscmain(int, char**) /root/WebKit/Source/JavaScriptCore/jsc.cpp:4679:18 (jsc+0x1caf15)
    #10 main /root/WebKit/Source/JavaScriptCore/jsc.cpp:3715:15 (jsc+0x1c9793)

  Thread T4 'JS Thread' (tid=1721821, running) created by main thread at:
    #0 pthread_create /home/runner/work/llvm-project/llvm-project/compiler-rt/lib/tsan/rtl/tsan_interceptors_posix.cpp:1090:3 (jsc+0x13ff1a)
    #1 WTF::Thread::establishHandle(WTF::Thread::NewThreadContext&, WTF::StackAllocationSpecification, WTF::ThreadQOS, WTF::ThreadSchedulingPolicy) /root/WebKit/Source/WTF/wtf/posix/ThreadingPOSIX.cpp:354:17 (jsc+0x25efd35)
    #2 WTF::Thread::create(WTF::ASCIILiteral, WTF::Function<void ()>&&, WTF::ThreadType, WTF::ThreadQOS, WTF::ThreadSchedulingPolicy, WTF::StackAllocationSpecification) /root/WebKit/Source/WTF/wtf/Threading.cpp:330:32 (jsc+0x25937d3)
    #3 JSC::constructThread(JSC::JSGlobalObject*, JSC::CallFrame*) /root/WebKit/Source/JavaScriptCore/runtime/ThreadObject.cpp:467:5 (jsc+0x197c87f)
    #4 <null> <null> (0x7f9e039ff217)
    #5 JSC::evaluate(JSC::JSGlobalObject*, JSC::SourceCode const&, JSC::JSValue, WTF::NakedPtr<JSC::Exception>&) /root/WebKit/Source/JavaScriptCore/runtime/Completion.cpp:145:37 (jsc+0x13af265)
    #6 runWithOptions(GlobalObject*, CommandLine&, bool&) /root/WebKit/Source/JavaScriptCore/jsc.cpp:3957:35 (jsc+0x1caf15)
    #7 jscmain(int, char**)::$_0::operator()(JSC::VM&, GlobalObject*, bool&) const /root/WebKit/Source/JavaScriptCore/jsc.cpp:4686:13 (jsc+0x1caf15)
    #8 int runJSC<jscmain(int, char**)::$_0>(CommandLine const&, bool, jscmain(int, char**)::$_0 const&) /root/WebKit/Source/JavaScriptCore/jsc.cpp:4472:13 (jsc+0x1caf15)
    #9 jscmain(int, char**) /root/WebKit/Source/JavaScriptCore/jsc.cpp:4679:18 (jsc+0x1caf15)
    #10 main /root/WebKit/Source/JavaScriptCore/jsc.cpp:3715:15 (jsc+0x1c9793)

SUMMARY: ThreadSanitizer: data race /root/WebKit/Source/JavaScriptCore/interpreter/Interpreter.cpp:1257:23 in JSC::Interpreter::executeCallImpl(JSC::VM&, JSC::JSObject*, JSC::CallData const&, JSC::JSValue, JSC::JSCell*, JSC::ArgList const&)::'lambda'()::operator()() const
==================
int-gate-fire-vs-execute: PASS (smoke — rerun with -- int-gate at M4/CS2)
ThreadSanitizer: reported 6 warnings
