JSC: disabling useWasm under GIL-off (wasm glue still reads the raw VM-block exception word; not yet audited for UNGIL §A.1.3 COMPILED-FOR-VM; see AB-17 status block in VMEntryScope.cpp).
==================
WARNING: ThreadSanitizer: data race (pid=1722634)
  Read of size 8 at 0x722800000068 by main thread:
    #0 WTF::MetaAllocator::bytesAllocated() /root/WebKit/WebKitBuild/TSan/WTF/Headers/wtf/MetaAllocator.h:88:38 (jsc+0xeaaa62)
    #1 JSC::FixedVMPoolExecutableAllocator::bytesAllocated()::'lambda'(JSC::FixedVMPoolExecutableAllocator::Allocator&)::operator()(JSC::FixedVMPoolExecutableAllocator::Allocator&) const /root/WebKit/Source/JavaScriptCore/jit/ExecutableAllocator.cpp:624:33 (jsc+0xeaaa62)
    #2 void JSC::FixedVMPoolExecutableAllocator::forEachAllocator<JSC::FixedVMPoolExecutableAllocator::bytesAllocated()::'lambda'(JSC::FixedVMPoolExecutableAllocator::Allocator&)>(JSC::FixedVMPoolExecutableAllocator::bytesAllocated()::'lambda'(JSC::FixedVMPoolExecutableAllocator::Allocator&)) /root/WebKit/Source/JavaScriptCore/jit/ExecutableAllocator.cpp:1098:9 (jsc+0xeaaa62)
    #3 JSC::FixedVMPoolExecutableAllocator::bytesAllocated() /root/WebKit/Source/JavaScriptCore/jit/ExecutableAllocator.cpp:623:9 (jsc+0xeaaa62)
    #4 JSC::ExecutableAllocator::memoryPressureMultiplier(unsigned long) /root/WebKit/Source/JavaScriptCore/jit/ExecutableAllocator.cpp:1170:40 (jsc+0xeaaa62)
    #5 JSC::applyMemoryUsageHeuristics(int, JSC::CodeBlock*) /root/WebKit/Source/JavaScriptCore/bytecode/ExecutionCounter.cpp:86:13 (jsc+0x2b7a7d)
    #6 JSC::ExecutionCounter<(JSC::CountingVariant)0>::hasCrossedThreshold(JSC::CodeBlock*) const /root/WebKit/Source/JavaScriptCore/bytecode/ExecutionCounter.cpp:154:32 (jsc+0x2b7a7d)
    #7 JSC::ExecutionCounter<(JSC::CountingVariant)0>::checkIfThresholdCrossedAndSet(JSC::CodeBlock*) /root/WebKit/Source/JavaScriptCore/bytecode/ExecutionCounter.cpp:53:9 (jsc+0x2b7a03)
    #8 JSC::CodeBlock::checkIfJITThresholdReached() /root/WebKit/Source/JavaScriptCore/bytecode/CodeBlock.h:614:54 (jsc+0x106c3ab)
    #9 JSC::LLInt::jitCompileAndSetHeuristics(JSC::VM&, JSC::CodeBlock*) /root/WebKit/Source/JavaScriptCore/llint/LLIntSlowPaths.cpp:463:21 (jsc+0x106c3ab)
    #10 JSC::LLInt::entryOSR(JSC::CodeBlock*, char const*, JSC::LLInt::EntryKind) /root/WebKit/Source/JavaScriptCore/llint/LLIntSlowPaths.cpp:519:10 (jsc+0x106b952)
    #11 llint_entry_osr_function_for_call /root/WebKit/Source/JavaScriptCore/llint/LLIntSlowPaths.cpp:546:12 (jsc+0x106bbad)
    #12 llint_function_for_call_prologue LowLevelInterpreter.cpp (jsc+0x1de429e)
    #13 JSC::evaluate(JSC::JSGlobalObject*, JSC::SourceCode const&, JSC::JSValue, WTF::NakedPtr<JSC::Exception>&) /root/WebKit/Source/JavaScriptCore/runtime/Completion.cpp:145:37 (jsc+0x13af265)
    #14 runWithOptions(GlobalObject*, CommandLine&, bool&) /root/WebKit/Source/JavaScriptCore/jsc.cpp:3957:35 (jsc+0x1caf15)
    #15 jscmain(int, char**)::$_0::operator()(JSC::VM&, GlobalObject*, bool&) const /root/WebKit/Source/JavaScriptCore/jsc.cpp:4686:13 (jsc+0x1caf15)
    #16 int runJSC<jscmain(int, char**)::$_0>(CommandLine const&, bool, jscmain(int, char**)::$_0 const&) /root/WebKit/Source/JavaScriptCore/jsc.cpp:4472:13 (jsc+0x1caf15)
    #17 jscmain(int, char**) /root/WebKit/Source/JavaScriptCore/jsc.cpp:4679:18 (jsc+0x1caf15)
    #18 main /root/WebKit/Source/JavaScriptCore/jsc.cpp:3715:15 (jsc+0x1c9793)

  Previous write of size 8 at 0x722800000068 by thread T9:
    #0 WTF::MetaAllocator::allocate(WTF::Locker<WTF::Lock> const&, unsigned long) /root/WebKit/Source/WTF/wtf/MetaAllocator.cpp:193:22 (jsc+0x257fb4d)
    #1 WTF::MetaAllocator::allocate(unsigned long) /root/WebKit/WebKitBuild/TSan/WTF/Headers/wtf/MetaAllocator.h:78:16 (jsc+0xeab261)
    #2 JSC::FixedVMPoolExecutableAllocator::allocate(unsigned long) /root/WebKit/Source/JavaScriptCore/jit/ExecutableAllocator.cpp:603:28 (jsc+0xeab261)
    #3 JSC::ExecutableAllocator::allocate(unsigned long, JSC::JITCompilationEffort) /root/WebKit/Source/JavaScriptCore/jit/ExecutableAllocator.cpp:1215:56 (jsc+0xeaad62)
    #4 JSC::LinkBuffer::allocate(JSC::MacroAssembler&, JSC::JITCompilationEffort) /root/WebKit/Source/JavaScriptCore/assembler/LinkBuffer.cpp:529:59 (jsc+0x26fb17)
    #5 JSC::LinkBuffer::linkCode(JSC::MacroAssembler&, JSC::JITCompilationEffort) /root/WebKit/Source/JavaScriptCore/assembler/LinkBuffer.cpp:482:5 (jsc+0x26f580)
    #6 JSC::LinkBuffer::LinkBuffer(JSC::MacroAssembler&, void*, JSC::LinkBuffer::Profile, JSC::JITCompilationEffort) /root/WebKit/Source/JavaScriptCore/assembler/LinkBuffer.h:172:9 (jsc+0xec22fe)
    #7 JSC::JIT::compileAndLinkWithoutFinalizing(JSC::JITCompilationEffort) /root/WebKit/Source/JavaScriptCore/jit/JIT.cpp:871:16 (jsc+0xec22fe)
    #8 JSC::BaselineJITPlan::compileInThreadImpl(JSC::JITCompilationEffort) /root/WebKit/Source/JavaScriptCore/jit/BaselineJITPlan.cpp:67:32 (jsc+0xe9cb38)
    #9 JSC::BaselineJITPlan::compileInThreadImpl() /root/WebKit/Source/JavaScriptCore/jit/BaselineJITPlan.cpp:78:12 (jsc+0xe9ccdb)
    #10 JSC::JITPlan::compileInThread(JSC::JITWorklistThread*) /root/WebKit/Source/JavaScriptCore/jit/JITPlan.cpp:283:28 (jsc+0xfcd84d)
    #11 JSC::JITWorklistThread::work() /root/WebKit/Source/JavaScriptCore/jit/JITWorklistThread.cpp:145:13 (jsc+0x1037fcb)
    #12 WTF::AutomaticThread::start(WTF::AbstractLocker const&)::$_0::operator()() const /root/WebKit/Source/WTF/wtf/AutomaticThread.cpp:260:37 (jsc+0x256810c)
    #13 WTF::Detail::CallableWrapper<WTF::AutomaticThread::start(WTF::AbstractLocker const&)::$_0, void>::call() /root/WebKit/Source/WTF/wtf/Function.h:59:39 (jsc+0x256810c)
    #14 WTF::Function<void ()>::operator()() const /root/WebKit/Source/WTF/wtf/Function.h:103:35 (jsc+0x2593495)
    #15 WTF::Thread::entryPoint(WTF::Thread::NewThreadContext*) /root/WebKit/Source/WTF/wtf/Threading.cpp:312:5 (jsc+0x2593495)
    #16 WTF::wtfThreadEntryPoint(void*) /root/WebKit/Source/WTF/wtf/posix/ThreadingPOSIX.cpp:264:5 (jsc+0x25efe49)

  Location is heap block of size 160 at 0x722800000000 allocated by main thread:
    #0 malloc /home/runner/work/llvm-project/llvm-project/compiler-rt/lib/tsan/rtl/tsan_interceptors_posix.cpp:682:5 (jsc+0x13dc20)
    #1 bmalloc::api::malloc(unsigned long, bmalloc::CompactAllocationMode, bmalloc::HeapKind) /root/WebKit/WebKitBuild/TSan/bmalloc/Headers/bmalloc/bmalloc.h:96:20 (jsc+0x25762a9)
    #2 WTF::fastMalloc(unsigned long) /root/WebKit/Source/WTF/wtf/FastMalloc.cpp:337:20 (jsc+0x25762a9)
    #3 JSC::FixedVMPoolExecutableAllocator::operator new(unsigned long) /root/WebKit/Source/JavaScriptCore/jit/ExecutableAllocator.cpp:463:5 (jsc+0xeaa88b)
    #4 JSC::ExecutableAllocator::initializeUnderlyingAllocator() /root/WebKit/Source/JavaScriptCore/jit/ExecutableAllocator.cpp:1144:50 (jsc+0xeaa88b)
    #5 JSC::enableAssembler() /root/WebKit/Source/JavaScriptCore/runtime/VM.cpp:316:5 (jsc+0x19c9f1c)
    #6 JSC::VM::canUseAssembler()::$_0::operator()() const /root/WebKit/Source/JavaScriptCore/runtime/VM.cpp:333:19 (jsc+0x19c9f1c)
    #7 void std::__invoke_impl<void, JSC::VM::canUseAssembler()::$_0>(std::__invoke_other, JSC::VM::canUseAssembler()::$_0&&) /usr/lib/gcc/x86_64-amazon-linux/14/../../../../include/c++/14/bits/invoke.h:61:14 (jsc+0x19c9f1c)
    #8 std::__invoke_result<JSC::VM::canUseAssembler()::$_0>::type std::__invoke<JSC::VM::canUseAssembler()::$_0>(JSC::VM::canUseAssembler()::$_0&&) /usr/lib/gcc/x86_64-amazon-linux/14/../../../../include/c++/14/bits/invoke.h:96:14 (jsc+0x19c9f1c)
    #9 void std::call_once<JSC::VM::canUseAssembler()::$_0>(std::once_flag&, JSC::VM::canUseAssembler()::$_0&&)::'lambda'()::operator()() const /usr/lib/gcc/x86_64-amazon-linux/14/../../../../include/c++/14/mutex:909:4 (jsc+0x19c9f1c)
    #10 std::once_flag::_Prepare_execution::_Prepare_execution<void std::call_once<JSC::VM::canUseAssembler()::$_0>(std::once_flag&, JSC::VM::canUseAssembler()::$_0&&)::'lambda'()>(JSC::VM::canUseAssembler()::$_0&)::'lambda'()::operator()() const /usr/lib/gcc/x86_64-amazon-linux/14/../../../../include/c++/14/mutex:845:21 (jsc+0x19c9f1c)
    #11 std::once_flag::_Prepare_execution::_Prepare_execution<void std::call_once<JSC::VM::canUseAssembler()::$_0>(std::once_flag&, JSC::VM::canUseAssembler()::$_0&&)::'lambda'()>(JSC::VM::canUseAssembler()::$_0&)::'lambda'()::__invoke() /usr/lib/gcc/x86_64-amazon-linux/14/../../../../include/c++/14/mutex:845:16 (jsc+0x19c9f1c)
    #12 pthread_once /home/runner/work/llvm-project/llvm-project/compiler-rt/lib/tsan/rtl/tsan_interceptors_posix.cpp:1682:5 (jsc+0x143ebf)
    #13 __gthread_once(int*, void (*)()) /usr/lib/gcc/x86_64-amazon-linux/14/../../../../include/c++/14/x86_64-amazon-linux/bits/gthr-default.h:713:12 (jsc+0x1994cbc)
    #14 void std::call_once<JSC::VM::canUseAssembler()::$_0>(std::once_flag&, JSC::VM::canUseAssembler()::$_0&&) /usr/lib/gcc/x86_64-amazon-linux/14/../../../../include/c++/14/mutex:916:21 (jsc+0x1994cbc)
    #15 JSC::VM::canUseAssembler() /root/WebKit/Source/JavaScriptCore/runtime/VM.cpp:332:5 (jsc+0x1994cbc)
    #16 JSC::VM::computeCanUseJIT() /root/WebKit/Source/JavaScriptCore/runtime/VM.cpp:348:32 (jsc+0x1994cbc)
    #17 JSC::initializeWithOptionsCustomization(WTF::ScopedLambda<void ()> const&)::$_0::operator()() const /root/WebKit/Source/JavaScriptCore/runtime/InitializeThreading.cpp:102:13 (jsc+0x148c333)
    #18 void std::__invoke_impl<void, JSC::initializeWithOptionsCustomization(WTF::ScopedLambda<void ()> const&)::$_0>(std::__invoke_other, JSC::initializeWithOptionsCustomization(WTF::ScopedLambda<void ()> const&)::$_0&&) /usr/lib/gcc/x86_64-amazon-linux/14/../../../../include/c++/14/bits/invoke.h:61:14 (jsc+0x148c333)
    #19 std::__invoke_result<JSC::initializeWithOptionsCustomization(WTF::ScopedLambda<void ()> const&)::$_0>::type std::__invoke<JSC::initializeWithOptionsCustomization(WTF::ScopedLambda<void ()> const&)::$_0>(JSC::initializeWithOptionsCustomization(WTF::ScopedLambda<void ()> const&)::$_0&&) /usr/lib/gcc/x86_64-amazon-linux/14/../../../../include/c++/14/bits/invoke.h:96:14 (jsc+0x148c333)
    #20 void std::call_once<JSC::initializeWithOptionsCustomization(WTF::ScopedLambda<void ()> const&)::$_0>(std::once_flag&, JSC::initializeWithOptionsCustomization(WTF::ScopedLambda<void ()> const&)::$_0&&)::'lambda'()::operator()() const /usr/lib/gcc/x86_64-amazon-linux/14/../../../../include/c++/14/mutex:909:4 (jsc+0x148c333)
    #21 std::once_flag::_Prepare_execution::_Prepare_execution<void std::call_once<JSC::initializeWithOptionsCustomization(WTF::ScopedLambda<void ()> const&)::$_0>(std::once_flag&, JSC::initializeWithOptionsCustomization(WTF::ScopedLambda<void ()> const&)::$_0&&)::'lambda'()>(JSC::initializeWithOptionsCustomization(WTF::ScopedLambda<void ()> const&)::$_0&)::'lambda'()::operator()() const /usr/lib/gcc/x86_64-amazon-linux/14/../../../../include/c++/14/mutex:845:21 (jsc+0x148c333)
    #22 std::once_flag::_Prepare_execution::_Prepare_execution<void std::call_once<JSC::initializeWithOptionsCustomization(WTF::ScopedLambda<void ()> const&)::$_0>(std::once_flag&, JSC::initializeWithOptionsCustomization(WTF::ScopedLambda<void ()> const&)::$_0&&)::'lambda'()>(JSC::initializeWithOptionsCustomization(WTF::ScopedLambda<void ()> const&)::$_0&)::'lambda'()::__invoke() /usr/lib/gcc/x86_64-amazon-linux/14/../../../../include/c++/14/mutex:845:16 (jsc+0x148c333)
    #23 pthread_once /home/runner/work/llvm-project/llvm-project/compiler-rt/lib/tsan/rtl/tsan_interceptors_posix.cpp:1682:5 (jsc+0x143ebf)
    #24 __gthread_once(int*, void (*)()) /usr/lib/gcc/x86_64-amazon-linux/14/../../../../include/c++/14/x86_64-amazon-linux/bits/gthr-default.h:713:12 (jsc+0x14806ac)
    #25 void std::call_once<JSC::initializeWithOptionsCustomization(WTF::ScopedLambda<void ()> const&)::$_0>(std::once_flag&, JSC::initializeWithOptionsCustomization(WTF::ScopedLambda<void ()> const&)::$_0&&) /usr/lib/gcc/x86_64-amazon-linux/14/../../../../include/c++/14/mutex:916:21 (jsc+0x14806ac)
    #26 JSC::initializeWithOptionsCustomization(WTF::ScopedLambda<void ()> const&) /root/WebKit/Source/JavaScriptCore/runtime/InitializeThreading.cpp:89:5 (jsc+0x14806ac)
    #27 void JSC::initialize<JSC::initialize()::$_0>(JSC::initialize()::$_0 const&) /root/WebKit/Source/JavaScriptCore/runtime/InitializeThreading.h:42:31 (jsc+0x14806ac)
    #28 JSC::initialize() /root/WebKit/Source/JavaScriptCore/runtime/InitializeThreading.cpp:80:5 (jsc+0x14806ac)
    #29 jscmain(int, char**) /root/WebKit/Source/JavaScriptCore/jsc.cpp:4609:5 (jsc+0x1c9985)
    #30 main /root/WebKit/Source/JavaScriptCore/jsc.cpp:3715:15 (jsc+0x1c9793)

  Thread T9 'JITWorker' (tid=1722682, running) created by main thread at:
    #0 pthread_create /home/runner/work/llvm-project/llvm-project/compiler-rt/lib/tsan/rtl/tsan_interceptors_posix.cpp:1090:3 (jsc+0x13ff1a)
    #1 WTF::Thread::establishHandle(WTF::Thread::NewThreadContext&, WTF::StackAllocationSpecification, WTF::ThreadQOS, WTF::ThreadSchedulingPolicy) /root/WebKit/Source/WTF/wtf/posix/ThreadingPOSIX.cpp:354:17 (jsc+0x25efd35)
    #2 WTF::Thread::create(WTF::ASCIILiteral, WTF::Function<void ()>&&, WTF::ThreadType, WTF::ThreadQOS, WTF::ThreadSchedulingPolicy, WTF::StackAllocationSpecification) /root/WebKit/Source/WTF/wtf/Threading.cpp:330:32 (jsc+0x25937d3)
    #3 WTF::AutomaticThread::start(WTF::AbstractLocker const&) /root/WebKit/Source/WTF/wtf/AutomaticThread.cpp:189:5 (jsc+0x2566b89)
    #4 WTF::AutomaticThreadCondition::notifyOne(WTF::AbstractLocker const&) /root/WebKit/Source/WTF/wtf/AutomaticThread.cpp:60:21 (jsc+0x2566989)
    #5 JSC::JITWorklist::wakeThreads(WTF::AbstractLocker const&, unsigned int) /root/WebKit/Source/JavaScriptCore/jit/JITWorklist.cpp:162:25 (jsc+0x10323e6)
    #6 JSC::JITWorklist::enqueue(WTF::Ref<JSC::JITPlan, WTF::RawPtrTraits<JSC::JITPlan>, WTF::DefaultRefDerefTraits<JSC::JITPlan>>) /root/WebKit/Source/JavaScriptCore/jit/JITWorklist.cpp:246:5 (jsc+0x1032c4f)
    #7 JSC::LLInt::jitCompileAndSetHeuristics(JSC::VM&, JSC::CodeBlock*) /root/WebKit/Source/JavaScriptCore/llint/LLIntSlowPaths.cpp:497:45 (jsc+0x106c66e)
    #8 JSC::LLInt::entryOSR(JSC::CodeBlock*, char const*, JSC::LLInt::EntryKind) /root/WebKit/Source/JavaScriptCore/llint/LLIntSlowPaths.cpp:519:10 (jsc+0x106b952)
    #9 llint_entry_osr_function_for_call /root/WebKit/Source/JavaScriptCore/llint/LLIntSlowPaths.cpp:546:12 (jsc+0x106bbad)
    #10 llint_function_for_call_prologue LowLevelInterpreter.cpp (jsc+0x1de429e)
    #11 JSC::evaluate(JSC::JSGlobalObject*, JSC::SourceCode const&, JSC::JSValue, WTF::NakedPtr<JSC::Exception>&) /root/WebKit/Source/JavaScriptCore/runtime/Completion.cpp:145:37 (jsc+0x13af265)
    #12 runWithOptions(GlobalObject*, CommandLine&, bool&) /root/WebKit/Source/JavaScriptCore/jsc.cpp:3957:35 (jsc+0x1caf15)
    #13 jscmain(int, char**)::$_0::operator()(JSC::VM&, GlobalObject*, bool&) const /root/WebKit/Source/JavaScriptCore/jsc.cpp:4686:13 (jsc+0x1caf15)
    #14 int runJSC<jscmain(int, char**)::$_0>(CommandLine const&, bool, jscmain(int, char**)::$_0 const&) /root/WebKit/Source/JavaScriptCore/jsc.cpp:4472:13 (jsc+0x1caf15)
    #15 jscmain(int, char**) /root/WebKit/Source/JavaScriptCore/jsc.cpp:4679:18 (jsc+0x1caf15)
    #16 main /root/WebKit/Source/JavaScriptCore/jsc.cpp:3715:15 (jsc+0x1c9793)

SUMMARY: ThreadSanitizer: data race /root/WebKit/WebKitBuild/TSan/WTF/Headers/wtf/MetaAllocator.h:88:38 in WTF::MetaAllocator::bytesAllocated()
==================
==================
WARNING: ThreadSanitizer: data race (pid=1722634)
  Write of size 1 at 0x7fc1d423b132 by main thread:
    #0 void JSC::MicrotaskQueue::performMicrotaskCheckpoint<true, JSC::VM::drainMicrotasks()::$_1>(JSC::VM&, JSC::VM::drainMicrotasks()::$_1 const&) /root/WebKit/Source/JavaScriptCore/runtime/MicrotaskQueueInlines.h:135:23 (jsc+0x19a7bb4)
    #1 JSC::VM::drainMicrotasks() /root/WebKit/Source/JavaScriptCore/runtime/VM.cpp:2475:38 (jsc+0x19a7bb4)
    #2 JSC::threadProtoFuncJoin(JSC::JSGlobalObject*, JSC::CallFrame*) /root/WebKit/Source/JavaScriptCore/runtime/ThreadObject.cpp:584:16 (jsc+0x197b46c)
    #3 <null> <null> (0x7fc190fff157)
    #4 JSC::evaluate(JSC::JSGlobalObject*, JSC::SourceCode const&, JSC::JSValue, WTF::NakedPtr<JSC::Exception>&) /root/WebKit/Source/JavaScriptCore/runtime/Completion.cpp:145:37 (jsc+0x13af265)
    #5 runWithOptions(GlobalObject*, CommandLine&, bool&) /root/WebKit/Source/JavaScriptCore/jsc.cpp:3957:35 (jsc+0x1caf15)
    #6 jscmain(int, char**)::$_0::operator()(JSC::VM&, GlobalObject*, bool&) const /root/WebKit/Source/JavaScriptCore/jsc.cpp:4686:13 (jsc+0x1caf15)
    #7 int runJSC<jscmain(int, char**)::$_0>(CommandLine const&, bool, jscmain(int, char**)::$_0 const&) /root/WebKit/Source/JavaScriptCore/jsc.cpp:4472:13 (jsc+0x1caf15)
    #8 jscmain(int, char**) /root/WebKit/Source/JavaScriptCore/jsc.cpp:4679:18 (jsc+0x1caf15)
    #9 main /root/WebKit/Source/JavaScriptCore/jsc.cpp:3715:15 (jsc+0x1c9793)

  Previous write of size 1 at 0x7fc1d423b132 by thread T13:
    #0 JSC::Interpreter::executeCallImpl(JSC::VM&, JSC::JSObject*, JSC::CallData const&, JSC::JSValue, JSC::JSCell*, JSC::ArgList const&)::'lambda'()::operator()() const /root/WebKit/Source/JavaScriptCore/interpreter/Interpreter.cpp:1257:23 (jsc+0xe7b37b)
    #1 WTF::ScopeExit<JSC::Interpreter::executeCallImpl(JSC::VM&, JSC::JSObject*, JSC::CallData const&, JSC::JSValue, JSC::JSCell*, JSC::ArgList const&)::'lambda'()>::~ScopeExit() /root/WebKit/WebKitBuild/TSan/WTF/Headers/wtf/Scope.h:53:13 (jsc+0xe7b37b)
    #2 JSC::Interpreter::executeCallImpl(JSC::VM&, JSC::JSObject*, JSC::CallData const&, JSC::JSValue, JSC::JSCell*, JSC::ArgList const&) /root/WebKit/Source/JavaScriptCore/interpreter/Interpreter.cpp:1331:1 (jsc+0xe7b37b)
    #3 JSC::Interpreter::executeCall(JSC::JSObject*, JSC::CallData const&, JSC::JSValue, JSC::JSCell*, JSC::ArgList const&) /root/WebKit/Source/JavaScriptCore/interpreter/Interpreter.cpp (jsc+0xe7b74d)
    #4 JSC::call(JSC::JSGlobalObject*, JSC::JSValue, JSC::CallData const&, JSC::JSValue, JSC::ArgList const&) /root/WebKit/Source/JavaScriptCore/runtime/CallData.cpp:70:27 (jsc+0x134d031)
    #5 JSC::call(JSC::JSGlobalObject*, JSC::JSValue, JSC::CallData const&, JSC::JSValue, JSC::ArgList const&, WTF::NakedPtr<JSC::Exception>&) /root/WebKit/Source/JavaScriptCore/runtime/CallData.cpp:77:22 (jsc+0x134d031)
    #6 JSC::threadMain(JSC::VM&, WTF::Ref<JSC::ThreadState, WTF::RawPtrTraits<JSC::ThreadState>, WTF::DefaultRefDerefTraits<JSC::ThreadState>>) /root/WebKit/Source/JavaScriptCore/runtime/ThreadObject.cpp:241:30 (jsc+0x19844fc)
    #7 JSC::constructThread(JSC::JSGlobalObject*, JSC::CallFrame*)::$_0::operator()() /root/WebKit/Source/JavaScriptCore/runtime/ThreadObject.cpp:468:9 (jsc+0x19844fc)
    #8 WTF::Detail::CallableWrapper<JSC::constructThread(JSC::JSGlobalObject*, JSC::CallFrame*)::$_0, void>::call() /root/WebKit/WebKitBuild/TSan/WTF/Headers/wtf/Function.h:59:39 (jsc+0x19844fc)
    #9 WTF::Function<void ()>::operator()() const /root/WebKit/Source/WTF/wtf/Function.h:103:35 (jsc+0x2593495)
    #10 WTF::Thread::entryPoint(WTF::Thread::NewThreadContext*) /root/WebKit/Source/WTF/wtf/Threading.cpp:312:5 (jsc+0x2593495)
    #11 WTF::wtfThreadEntryPoint(void*) /root/WebKit/Source/WTF/wtf/posix/ThreadingPOSIX.cpp:264:5 (jsc+0x25efe49)

  Location is heap block of size 150816 at 0x7fc1d423b000 allocated by main thread:
    #0 malloc /home/runner/work/llvm-project/llvm-project/compiler-rt/lib/tsan/rtl/tsan_interceptors_posix.cpp:682:5 (jsc+0x13dc20)
    #1 bmalloc::api::malloc(unsigned long, bmalloc::CompactAllocationMode, bmalloc::HeapKind) /root/WebKit/WebKitBuild/TSan/bmalloc/Headers/bmalloc/bmalloc.h:96:20 (jsc+0x25762a9)
    #2 WTF::fastMalloc(unsigned long) /root/WebKit/Source/WTF/wtf/FastMalloc.cpp:337:20 (jsc+0x25762a9)
    #3 JSC::VM::operator new(unsigned long) /root/WebKit/Source/JavaScriptCore/runtime/VM.h:253:5 (jsc+0x19a1296)
    #4 JSC::VM::create(JSC::HeapType, WTF::RunLoop*) /root/WebKit/Source/JavaScriptCore/runtime/VM.cpp:1222:22 (jsc+0x19a1296)
    #5 int runJSC<jscmain(int, char**)::$_0>(CommandLine const&, bool, jscmain(int, char**)::$_0 const&) /root/WebKit/Source/JavaScriptCore/jsc.cpp:4438:14 (jsc+0x1c9d1d)
    #6 jscmain(int, char**) /root/WebKit/Source/JavaScriptCore/jsc.cpp:4679:18 (jsc+0x1c9d1d)
    #7 main /root/WebKit/Source/JavaScriptCore/jsc.cpp:3715:15 (jsc+0x1c9793)

  Thread T13 'JS Thread' (tid=1722686, running) created by main thread at:
    #0 pthread_create /home/runner/work/llvm-project/llvm-project/compiler-rt/lib/tsan/rtl/tsan_interceptors_posix.cpp:1090:3 (jsc+0x13ff1a)
    #1 WTF::Thread::establishHandle(WTF::Thread::NewThreadContext&, WTF::StackAllocationSpecification, WTF::ThreadQOS, WTF::ThreadSchedulingPolicy) /root/WebKit/Source/WTF/wtf/posix/ThreadingPOSIX.cpp:354:17 (jsc+0x25efd35)
    #2 WTF::Thread::create(WTF::ASCIILiteral, WTF::Function<void ()>&&, WTF::ThreadType, WTF::ThreadQOS, WTF::ThreadSchedulingPolicy, WTF::StackAllocationSpecification) /root/WebKit/Source/WTF/wtf/Threading.cpp:330:32 (jsc+0x25937d3)
    #3 JSC::constructThread(JSC::JSGlobalObject*, JSC::CallFrame*) /root/WebKit/Source/JavaScriptCore/runtime/ThreadObject.cpp:467:5 (jsc+0x197c87f)
    #4 <null> <null> (0x7fc190fff217)
    #5 JSC::evaluate(JSC::JSGlobalObject*, JSC::SourceCode const&, JSC::JSValue, WTF::NakedPtr<JSC::Exception>&) /root/WebKit/Source/JavaScriptCore/runtime/Completion.cpp:145:37 (jsc+0x13af265)
    #6 runWithOptions(GlobalObject*, CommandLine&, bool&) /root/WebKit/Source/JavaScriptCore/jsc.cpp:3957:35 (jsc+0x1caf15)
    #7 jscmain(int, char**)::$_0::operator()(JSC::VM&, GlobalObject*, bool&) const /root/WebKit/Source/JavaScriptCore/jsc.cpp:4686:13 (jsc+0x1caf15)
    #8 int runJSC<jscmain(int, char**)::$_0>(CommandLine const&, bool, jscmain(int, char**)::$_0 const&) /root/WebKit/Source/JavaScriptCore/jsc.cpp:4472:13 (jsc+0x1caf15)
    #9 jscmain(int, char**) /root/WebKit/Source/JavaScriptCore/jsc.cpp:4679:18 (jsc+0x1caf15)
    #10 main /root/WebKit/Source/JavaScriptCore/jsc.cpp:3715:15 (jsc+0x1c9793)

SUMMARY: ThreadSanitizer: data race /root/WebKit/Source/JavaScriptCore/runtime/MicrotaskQueueInlines.h:135:23 in void JSC::MicrotaskQueue::performMicrotaskCheckpoint<true, JSC::VM::drainMicrotasks()::$_1>(JSC::VM&, JSC::VM::drainMicrotasks()::$_1 const&)
==================
==================
WARNING: ThreadSanitizer: data race (pid=1722634)
  Atomic write of size 8 at 0x72a0000c0260 by thread T29:
    #0 JSC::dcasHeaderAndButterfly(JSC::JSCell*, JSC::CellHeaderAndButterfly, JSC::CellHeaderAndButterfly) /root/WebKit/Source/JavaScriptCore/runtime/ConcurrentButterfly.h:367:12 (jsc+0x13d324e)
    #1 JSC::ensureSharedWriteBit(JSC::VM&, JSC::JSObjectWithButterfly*) /root/WebKit/Source/JavaScriptCore/runtime/ConcurrentButterfly.cpp:1889:17 (jsc+0x13d324e)
    #2 JSC::JSObject::putByIndex(JSC::JSCell*, JSC::JSGlobalObject*, unsigned int, JSC::JSValue, bool) /root/WebKit/Source/JavaScriptCore/runtime/JSObject.cpp:1670:21 (jsc+0x167ec34)
    #3 llint_slow_path_put_by_val /root/WebKit/Source/JavaScriptCore/llint/LLIntSlowPaths.cpp:1569:17 (jsc+0x10799bf)
    #4 llint_op_put_by_val LowLevelInterpreter.cpp (jsc+0x1def523)
    #5 JSC::Interpreter::executeCall(JSC::JSObject*, JSC::CallData const&, JSC::JSValue, JSC::JSCell*, JSC::ArgList const&) /root/WebKit/Source/JavaScriptCore/interpreter/Interpreter.cpp (jsc+0xe7b74d)
    #6 JSC::call(JSC::JSGlobalObject*, JSC::JSValue, JSC::CallData const&, JSC::JSValue, JSC::ArgList const&) /root/WebKit/Source/JavaScriptCore/runtime/CallData.cpp:70:27 (jsc+0x134d031)
    #7 JSC::call(JSC::JSGlobalObject*, JSC::JSValue, JSC::CallData const&, JSC::JSValue, JSC::ArgList const&, WTF::NakedPtr<JSC::Exception>&) /root/WebKit/Source/JavaScriptCore/runtime/CallData.cpp:77:22 (jsc+0x134d031)
    #8 JSC::threadMain(JSC::VM&, WTF::Ref<JSC::ThreadState, WTF::RawPtrTraits<JSC::ThreadState>, WTF::DefaultRefDerefTraits<JSC::ThreadState>>) /root/WebKit/Source/JavaScriptCore/runtime/ThreadObject.cpp:241:30 (jsc+0x19844fc)
    #9 JSC::constructThread(JSC::JSGlobalObject*, JSC::CallFrame*)::$_0::operator()() /root/WebKit/Source/JavaScriptCore/runtime/ThreadObject.cpp:468:9 (jsc+0x19844fc)
    #10 WTF::Detail::CallableWrapper<JSC::constructThread(JSC::JSGlobalObject*, JSC::CallFrame*)::$_0, void>::call() /root/WebKit/WebKitBuild/TSan/WTF/Headers/wtf/Function.h:59:39 (jsc+0x19844fc)
    #11 WTF::Function<void ()>::operator()() const /root/WebKit/Source/WTF/wtf/Function.h:103:35 (jsc+0x2593495)
    #12 WTF::Thread::entryPoint(WTF::Thread::NewThreadContext*) /root/WebKit/Source/WTF/wtf/Threading.cpp:312:5 (jsc+0x2593495)
    #13 WTF::wtfThreadEntryPoint(void*) /root/WebKit/Source/WTF/wtf/posix/ThreadingPOSIX.cpp:264:5 (jsc+0x25efe49)

  Previous read of size 1 at 0x72a0000c0267 by thread T28:
    #0 JSC::JSCell::cellState() const /root/WebKit/WebKitBuild/TSan/JavaScriptCore/PrivateHeaders/JavaScriptCore/JSCell.h:266:42 (jsc+0x167f498)
    #1 JSC::Heap::writeBarrier(JSC::JSCell const*, JSC::JSCell*) /root/WebKit/Source/JavaScriptCore/heap/HeapInlines.h:124:33 (jsc+0x167f498)
    #2 JSC::Heap::writeBarrier(JSC::JSCell const*, JSC::JSValue) /root/WebKit/Source/JavaScriptCore/heap/HeapInlines.h:109:5 (jsc+0x167f498)
    #3 JSC::VM::writeBarrier(JSC::JSCell const*, JSC::JSValue) /root/WebKit/Source/JavaScriptCore/runtime/VM.h:1667:76 (jsc+0x167f498)
    #4 JSC::JSObject::trySetIndexQuicklyConcurrent(JSC::VM&, unsigned int, JSC::JSValue, JSC::ArrayProfile*) /root/WebKit/Source/JavaScriptCore/runtime/JSObject.cpp:824:12 (jsc+0x167f498)
    #5 JSC::JSObjectWithButterfly::putIndexConcurrent(JSC::VM&, unsigned int, JSC::JSValue) /root/WebKit/Source/JavaScriptCore/runtime/ConcurrentButterfly.cpp:2653:13 (jsc+0x13d673c)
    #6 JSC::JSObject::putByIndex(JSC::JSCell*, JSC::JSGlobalObject*, unsigned int, JSC::JSValue, bool) /root/WebKit/Source/JavaScriptCore/runtime/JSObject.cpp:1691:29 (jsc+0x167ed85)
    #7 llint_slow_path_put_by_val /root/WebKit/Source/JavaScriptCore/llint/LLIntSlowPaths.cpp:1569:17 (jsc+0x10799bf)
    #8 llint_op_put_by_val LowLevelInterpreter.cpp (jsc+0x1def523)
    #9 JSC::Interpreter::executeCall(JSC::JSObject*, JSC::CallData const&, JSC::JSValue, JSC::JSCell*, JSC::ArgList const&) /root/WebKit/Source/JavaScriptCore/interpreter/Interpreter.cpp (jsc+0xe7b74d)
    #10 JSC::call(JSC::JSGlobalObject*, JSC::JSValue, JSC::CallData const&, JSC::JSValue, JSC::ArgList const&) /root/WebKit/Source/JavaScriptCore/runtime/CallData.cpp:70:27 (jsc+0x134d031)
    #11 JSC::call(JSC::JSGlobalObject*, JSC::JSValue, JSC::CallData const&, JSC::JSValue, JSC::ArgList const&, WTF::NakedPtr<JSC::Exception>&) /root/WebKit/Source/JavaScriptCore/runtime/CallData.cpp:77:22 (jsc+0x134d031)
    #12 JSC::threadMain(JSC::VM&, WTF::Ref<JSC::ThreadState, WTF::RawPtrTraits<JSC::ThreadState>, WTF::DefaultRefDerefTraits<JSC::ThreadState>>) /root/WebKit/Source/JavaScriptCore/runtime/ThreadObject.cpp:241:30 (jsc+0x19844fc)
    #13 JSC::constructThread(JSC::JSGlobalObject*, JSC::CallFrame*)::$_0::operator()() /root/WebKit/Source/JavaScriptCore/runtime/ThreadObject.cpp:468:9 (jsc+0x19844fc)
    #14 WTF::Detail::CallableWrapper<JSC::constructThread(JSC::JSGlobalObject*, JSC::CallFrame*)::$_0, void>::call() /root/WebKit/WebKitBuild/TSan/WTF/Headers/wtf/Function.h:59:39 (jsc+0x19844fc)
    #15 WTF::Function<void ()>::operator()() const /root/WebKit/Source/WTF/wtf/Function.h:103:35 (jsc+0x2593495)
    #16 WTF::Thread::entryPoint(WTF::Thread::NewThreadContext*) /root/WebKit/Source/WTF/wtf/Threading.cpp:312:5 (jsc+0x2593495)
    #17 WTF::wtfThreadEntryPoint(void*) /root/WebKit/Source/WTF/wtf/posix/ThreadingPOSIX.cpp:264:5 (jsc+0x25efe49)

  Location is heap block of size 16384 at 0x72a0000c0000 allocated by main thread:
    #0 aligned_alloc /home/runner/work/llvm-project/llvm-project/compiler-rt/lib/tsan/rtl/tsan_interceptors_posix.cpp:885:3 (jsc+0x13f40e)
    #1 bmalloc::api::tryMemalign(unsigned long, unsigned long, bmalloc::CompactAllocationMode, bmalloc::HeapKind) /root/WebKit/WebKitBuild/TSan/bmalloc/Headers/bmalloc/bmalloc.h:158:12 (jsc+0x25764f0)
    #2 WTF::tryFastCompactAlignedMalloc(unsigned long, unsigned long) /root/WebKit/Source/WTF/wtf/FastMalloc.cpp:553:20 (jsc+0x25764f0)
    #3 JSC::FastMallocAlignedMemoryAllocator::tryAllocateAlignedMemory(unsigned long, unsigned long) /root/WebKit/Source/JavaScriptCore/heap/FastMallocAlignedMemoryAllocator.cpp:47:12 (jsc+0xdaee50)
    #4 JSC::MarkedBlock::tryCreate(JSC::Heap&, JSC::AlignedMemoryAllocator*) /root/WebKit/Source/JavaScriptCore/heap/MarkedBlock.cpp:138:48 (jsc+0xe3a507)
    #5 JSC::BlockDirectory::tryAllocateBlock(WTF::AbstractLocker const&, JSC::Heap&) /root/WebKit/Source/JavaScriptCore/heap/BlockDirectory.cpp:154:35 (jsc+0xda610d)
    #6 JSC::LocalAllocator::allocateSlowCase(JSC::Heap&, unsigned long, JSC::GCDeferralContext*, JSC::AllocationFailureMode) /root/WebKit/Source/JavaScriptCore/heap/LocalAllocator.cpp:221:47 (jsc+0xe354be)
    #7 JSC::LocalAllocator::allocate(JSC::Heap&, unsigned long, JSC::GCDeferralContext*, JSC::AllocationFailureMode)::'lambda'()::operator()() const /root/WebKit/WebKitBuild/TSan/JavaScriptCore/PrivateHeaders/JavaScriptCore/LocalAllocatorInlines.h:53:43 (jsc+0x1d122e)
    #8 JSC::HeapCell* JSC::FreeList::allocateWithCellSize<JSC::LocalAllocator::allocate(JSC::Heap&, unsigned long, JSC::GCDeferralContext*, JSC::AllocationFailureMode)::'lambda'()>(JSC::LocalAllocator::allocate(JSC::Heap&, unsigned long, JSC::GCDeferralContext*, JSC::AllocationFailureMode)::'lambda'() const&, unsigned long) /root/WebKit/WebKitBuild/TSan/JavaScriptCore/PrivateHeaders/JavaScriptCore/FreeListInlines.h:46:16 (jsc+0x252cfb)
    #9 JSC::LocalAllocator::allocate(JSC::Heap&, unsigned long, JSC::GCDeferralContext*, JSC::AllocationFailureMode) /root/WebKit/WebKitBuild/TSan/JavaScriptCore/PrivateHeaders/JavaScriptCore/LocalAllocatorInlines.h:50:23 (jsc+0x252cfb)
    #10 JSC::GCClient::IsoSubspace::allocate(JSC::VM&, unsigned long, JSC::GCDeferralContext*, JSC::AllocationFailureMode) /root/WebKit/WebKitBuild/TSan/JavaScriptCore/PrivateHeaders/JavaScriptCore/IsoSubspaceInlines.h:42:29 (jsc+0x252cfb)
    #11 void* JSC::tryAllocateCellHelper<JSC::JSArray, (JSC::AllocationFailureMode)0>(JSC::VM&, unsigned long, JSC::GCDeferralContext*) /root/WebKit/WebKitBuild/TSan/JavaScriptCore/PrivateHeaders/JavaScriptCore/JSCellInlines.h:180:63 (jsc+0x252cfb)
    #12 void* JSC::allocateCell<JSC::JSArray>(JSC::VM&, JSC::GCDeferralContext*, unsigned long) /root/WebKit/WebKitBuild/TSan/JavaScriptCore/PrivateHeaders/JavaScriptCore/JSCellInlines.h:212:12 (jsc+0x252cfb)
    #13 JSC::JSArray::createWithButterfly(JSC::VM&, JSC::GCDeferralContext*, JSC::Structure*, JSC::Butterfly*) /root/WebKit/Source/JavaScriptCore/runtime/JSArray.h:244:36 (jsc+0x13ad542)
    #14 JSC::CommonSlowPaths::allocateNewArrayBuffer(JSC::VM&, JSC::Structure*, JSC::JSCellButterfly*) /root/WebKit/Source/JavaScriptCore/runtime/CommonSlowPaths.h:241:23 (jsc+0x13ad542)
    #15 slow_path_new_array_buffer /root/WebKit/Source/JavaScriptCore/runtime/CommonSlowPaths.cpp:1668:23 (jsc+0x13ad542)
    #16 llint_op_new_array_buffer LowLevelInterpreter.cpp (jsc+0x1dfcd49)
    #17 JSC::evaluate(JSC::JSGlobalObject*, JSC::SourceCode const&, JSC::JSValue, WTF::NakedPtr<JSC::Exception>&) /root/WebKit/Source/JavaScriptCore/runtime/Completion.cpp:145:37 (jsc+0x13af265)
    #18 runWithOptions(GlobalObject*, CommandLine&, bool&) /root/WebKit/Source/JavaScriptCore/jsc.cpp:3957:35 (jsc+0x1caf15)
    #19 jscmain(int, char**)::$_0::operator()(JSC::VM&, GlobalObject*, bool&) const /root/WebKit/Source/JavaScriptCore/jsc.cpp:4686:13 (jsc+0x1caf15)
    #20 int runJSC<jscmain(int, char**)::$_0>(CommandLine const&, bool, jscmain(int, char**)::$_0 const&) /root/WebKit/Source/JavaScriptCore/jsc.cpp:4472:13 (jsc+0x1caf15)
    #21 jscmain(int, char**) /root/WebKit/Source/JavaScriptCore/jsc.cpp:4679:18 (jsc+0x1caf15)
    #22 main /root/WebKit/Source/JavaScriptCore/jsc.cpp:3715:15 (jsc+0x1c9793)

  Thread T29 'JS Thread' (tid=1722702, running) created by main thread at:
    #0 pthread_create /home/runner/work/llvm-project/llvm-project/compiler-rt/lib/tsan/rtl/tsan_interceptors_posix.cpp:1090:3 (jsc+0x13ff1a)
    #1 WTF::Thread::establishHandle(WTF::Thread::NewThreadContext&, WTF::StackAllocationSpecification, WTF::ThreadQOS, WTF::ThreadSchedulingPolicy) /root/WebKit/Source/WTF/wtf/posix/ThreadingPOSIX.cpp:354:17 (jsc+0x25efd35)
    #2 WTF::Thread::create(WTF::ASCIILiteral, WTF::Function<void ()>&&, WTF::ThreadType, WTF::ThreadQOS, WTF::ThreadSchedulingPolicy, WTF::StackAllocationSpecification) /root/WebKit/Source/WTF/wtf/Threading.cpp:330:32 (jsc+0x25937d3)
    #3 JSC::constructThread(JSC::JSGlobalObject*, JSC::CallFrame*) /root/WebKit/Source/JavaScriptCore/runtime/ThreadObject.cpp:467:5 (jsc+0x197c87f)
    #4 <null> <null> (0x7fc190fff217)
    #5 JSC::evaluate(JSC::JSGlobalObject*, JSC::SourceCode const&, JSC::JSValue, WTF::NakedPtr<JSC::Exception>&) /root/WebKit/Source/JavaScriptCore/runtime/Completion.cpp:145:37 (jsc+0x13af265)
    #6 runWithOptions(GlobalObject*, CommandLine&, bool&) /root/WebKit/Source/JavaScriptCore/jsc.cpp:3957:35 (jsc+0x1caf15)
    #7 jscmain(int, char**)::$_0::operator()(JSC::VM&, GlobalObject*, bool&) const /root/WebKit/Source/JavaScriptCore/jsc.cpp:4686:13 (jsc+0x1caf15)
    #8 int runJSC<jscmain(int, char**)::$_0>(CommandLine const&, bool, jscmain(int, char**)::$_0 const&) /root/WebKit/Source/JavaScriptCore/jsc.cpp:4472:13 (jsc+0x1caf15)
    #9 jscmain(int, char**) /root/WebKit/Source/JavaScriptCore/jsc.cpp:4679:18 (jsc+0x1caf15)
    #10 main /root/WebKit/Source/JavaScriptCore/jsc.cpp:3715:15 (jsc+0x1c9793)

  Thread T28 'JS Thread' (tid=1722701, running) created by main thread at:
    #0 pthread_create /home/runner/work/llvm-project/llvm-project/compiler-rt/lib/tsan/rtl/tsan_interceptors_posix.cpp:1090:3 (jsc+0x13ff1a)
    #1 WTF::Thread::establishHandle(WTF::Thread::NewThreadContext&, WTF::StackAllocationSpecification, WTF::ThreadQOS, WTF::ThreadSchedulingPolicy) /root/WebKit/Source/WTF/wtf/posix/ThreadingPOSIX.cpp:354:17 (jsc+0x25efd35)
    #2 WTF::Thread::create(WTF::ASCIILiteral, WTF::Function<void ()>&&, WTF::ThreadType, WTF::ThreadQOS, WTF::ThreadSchedulingPolicy, WTF::StackAllocationSpecification) /root/WebKit/Source/WTF/wtf/Threading.cpp:330:32 (jsc+0x25937d3)
    #3 JSC::constructThread(JSC::JSGlobalObject*, JSC::CallFrame*) /root/WebKit/Source/JavaScriptCore/runtime/ThreadObject.cpp:467:5 (jsc+0x197c87f)
    #4 <null> <null> (0x7fc190fff217)
    #5 JSC::evaluate(JSC::JSGlobalObject*, JSC::SourceCode const&, JSC::JSValue, WTF::NakedPtr<JSC::Exception>&) /root/WebKit/Source/JavaScriptCore/runtime/Completion.cpp:145:37 (jsc+0x13af265)
    #6 runWithOptions(GlobalObject*, CommandLine&, bool&) /root/WebKit/Source/JavaScriptCore/jsc.cpp:3957:35 (jsc+0x1caf15)
    #7 jscmain(int, char**)::$_0::operator()(JSC::VM&, GlobalObject*, bool&) const /root/WebKit/Source/JavaScriptCore/jsc.cpp:4686:13 (jsc+0x1caf15)
    #8 int runJSC<jscmain(int, char**)::$_0>(CommandLine const&, bool, jscmain(int, char**)::$_0 const&) /root/WebKit/Source/JavaScriptCore/jsc.cpp:4472:13 (jsc+0x1caf15)
    #9 jscmain(int, char**) /root/WebKit/Source/JavaScriptCore/jsc.cpp:4679:18 (jsc+0x1caf15)
    #10 main /root/WebKit/Source/JavaScriptCore/jsc.cpp:3715:15 (jsc+0x1c9793)

SUMMARY: ThreadSanitizer: data race /root/WebKit/Source/JavaScriptCore/runtime/ConcurrentButterfly.h:367:12 in JSC::dcasHeaderAndButterfly(JSC::JSCell*, JSC::CellHeaderAndButterfly, JSC::CellHeaderAndButterfly)
==================
ThreadSanitizer: reported 3 warnings
