JSC: disabling useWasm under GIL-off (wasm glue still reads the raw VM-block exception word; not yet audited for UNGIL §A.1.3 COMPILED-FOR-VM; see AB-17 status block in VMEntryScope.cpp).
==================
WARNING: ThreadSanitizer: data race (pid=1726120)
  Write of size 1 at 0x7f1d963aa132 by thread T1:
    #0 JSC::Interpreter::executeCallImpl(JSC::VM&, JSC::JSObject*, JSC::CallData const&, JSC::JSValue, JSC::JSCell*, JSC::ArgList const&)::'lambda'()::operator()() const /root/WebKit/Source/JavaScriptCore/interpreter/Interpreter.cpp:1257:23 (jsc+0xe7b37b)
    #1 WTF::ScopeExit<JSC::Interpreter::executeCallImpl(JSC::VM&, JSC::JSObject*, JSC::CallData const&, JSC::JSValue, JSC::JSCell*, JSC::ArgList const&)::'lambda'()>::~ScopeExit() /root/WebKit/WebKitBuild/TSan/WTF/Headers/wtf/Scope.h:53:13 (jsc+0xe7b37b)
    #2 JSC::Interpreter::executeCallImpl(JSC::VM&, JSC::JSObject*, JSC::CallData const&, JSC::JSValue, JSC::JSCell*, JSC::ArgList const&) /root/WebKit/Source/JavaScriptCore/interpreter/Interpreter.cpp:1331:1 (jsc+0xe7b37b)
    #3 JSC::Interpreter::executeCall(JSC::JSObject*, JSC::CallData const&, JSC::JSValue, JSC::JSCell*, JSC::ArgList const&) /root/WebKit/Source/JavaScriptCore/interpreter/Interpreter.cpp (jsc+0xe7b74d)
    #4 JSC::call(JSC::JSGlobalObject*, JSC::JSValue, JSC::CallData const&, JSC::JSValue, JSC::ArgList const&) /root/WebKit/Source/JavaScriptCore/runtime/CallData.cpp:70:27 (jsc+0x134d031)
    #5 JSC::call(JSC::JSGlobalObject*, JSC::JSValue, JSC::CallData const&, JSC::JSValue, JSC::ArgList const&, WTF::NakedPtr<JSC::Exception>&) /root/WebKit/Source/JavaScriptCore/runtime/CallData.cpp:77:22 (jsc+0x134d031)
    #6 JSC::lockProtoFuncHold(JSC::JSGlobalObject*, JSC::CallFrame*) /root/WebKit/Source/JavaScriptCore/runtime/LockObject.cpp:633:22 (jsc+0x17acb5c)
    #7 <null> <null> (0x7f1d541ff157)
    #8 JSC::Interpreter::executeCall(JSC::JSObject*, JSC::CallData const&, JSC::JSValue, JSC::JSCell*, JSC::ArgList const&) /root/WebKit/Source/JavaScriptCore/interpreter/Interpreter.cpp (jsc+0xe7b74d)
    #9 JSC::call(JSC::JSGlobalObject*, JSC::JSValue, JSC::CallData const&, JSC::JSValue, JSC::ArgList const&) /root/WebKit/Source/JavaScriptCore/runtime/CallData.cpp:70:27 (jsc+0x134d031)
    #10 JSC::call(JSC::JSGlobalObject*, JSC::JSValue, JSC::CallData const&, JSC::JSValue, JSC::ArgList const&, WTF::NakedPtr<JSC::Exception>&) /root/WebKit/Source/JavaScriptCore/runtime/CallData.cpp:77:22 (jsc+0x134d031)
    #11 JSC::threadMain(JSC::VM&, WTF::Ref<JSC::ThreadState, WTF::RawPtrTraits<JSC::ThreadState>, WTF::DefaultRefDerefTraits<JSC::ThreadState>>) /root/WebKit/Source/JavaScriptCore/runtime/ThreadObject.cpp:241:30 (jsc+0x19844fc)
    #12 JSC::constructThread(JSC::JSGlobalObject*, JSC::CallFrame*)::$_0::operator()() /root/WebKit/Source/JavaScriptCore/runtime/ThreadObject.cpp:468:9 (jsc+0x19844fc)
    #13 WTF::Detail::CallableWrapper<JSC::constructThread(JSC::JSGlobalObject*, JSC::CallFrame*)::$_0, void>::call() /root/WebKit/WebKitBuild/TSan/WTF/Headers/wtf/Function.h:59:39 (jsc+0x19844fc)
    #14 WTF::Function<void ()>::operator()() const /root/WebKit/Source/WTF/wtf/Function.h:103:35 (jsc+0x2593495)
    #15 WTF::Thread::entryPoint(WTF::Thread::NewThreadContext*) /root/WebKit/Source/WTF/wtf/Threading.cpp:312:5 (jsc+0x2593495)
    #16 WTF::wtfThreadEntryPoint(void*) /root/WebKit/Source/WTF/wtf/posix/ThreadingPOSIX.cpp:264:5 (jsc+0x25efe49)

  Previous write of size 1 at 0x7f1d963aa132 by main thread:
    #0 void JSC::MicrotaskQueue::performMicrotaskCheckpoint<true, JSC::VM::drainMicrotasks()::$_1>(JSC::VM&, JSC::VM::drainMicrotasks()::$_1 const&) /root/WebKit/Source/JavaScriptCore/runtime/MicrotaskQueueInlines.h:135:23 (jsc+0x19a7bb4)
    #1 JSC::VM::drainMicrotasks() /root/WebKit/Source/JavaScriptCore/runtime/VM.cpp:2475:38 (jsc+0x19a7bb4)
    #2 JSC::JSLock::willReleaseLock() /root/WebKit/Source/JavaScriptCore/runtime/JSLock.cpp:1514:30 (jsc+0x162c793)
    #3 JSC::JSLock::unlock(long) /root/WebKit/Source/JavaScriptCore/runtime/JSLock.cpp:1485:9 (jsc+0x162bf01)
    #4 JSC::JSLock::unlock() /root/WebKit/Source/JavaScriptCore/runtime/JSLock.cpp:1351:5 (jsc+0x1629e4e)
    #5 WTF::Locker<JSC::JSLock>::unlock() /root/WebKit/WebKitBuild/TSan/WTF/Headers/wtf/Locker.h:213:25 (jsc+0x16e2dd7)
    #6 WTF::Locker<JSC::JSLock>::~Locker() /root/WebKit/WebKitBuild/TSan/WTF/Headers/wtf/Locker.h:164:9 (jsc+0x16e2dd7)
    #7 JSC::JSRunLoopTimer::timerDidFire() /root/WebKit/Source/JavaScriptCore/runtime/JSRunLoopTimer.cpp:238:1 (jsc+0x16e2dd7)
    #8 JSC::JSRunLoopTimer::Manager::timerDidFire() /root/WebKit/Source/JavaScriptCore/runtime/JSRunLoopTimer.cpp:109:16 (jsc+0x16e28cf)
    #9 JSC::JSRunLoopTimer::Manager::timerDidFireCallback() /root/WebKit/Source/JavaScriptCore/runtime/JSRunLoopTimer.cpp:56:5 (jsc+0x16e2139)
    #10 WTF::RunLoop::Timer::Timer<JSC::JSRunLoopTimer::Manager>(WTF::Ref<WTF::RunLoop, WTF::RawPtrTraits<WTF::RunLoop>, WTF::DefaultRefDerefTraits<WTF::RunLoop>>&&, WTF::ASCIILiteral, T*, void (T::*)())::'lambda'()::operator()() const /root/WebKit/WebKitBuild/TSan/WTF/Headers/wtf/RunLoop.h:298:17 (jsc+0x16e85f8)
    #11 WTF::Detail::CallableWrapper<WTF::RunLoop::Timer::Timer<JSC::JSRunLoopTimer::Manager>(WTF::Ref<WTF::RunLoop, WTF::RawPtrTraits<WTF::RunLoop>, WTF::DefaultRefDerefTraits<WTF::RunLoop>>&&, WTF::ASCIILiteral, T*, void (T::*)())::'lambda'(), void>::call() /root/WebKit/WebKitBuild/TSan/WTF/Headers/wtf/Function.h:59:39 (jsc+0x16e85f8)
    #12 WTF::Function<void ()>::operator()() const /root/WebKit/WebKitBuild/TSan/WTF/Headers/wtf/Function.h:103:35 (jsc+0x16e874f)
    #13 WTF::RunLoop::Timer::fired() /root/WebKit/WebKitBuild/TSan/WTF/Headers/wtf/RunLoop.h:321:33 (jsc+0x16e874f)
    #14 WTF::RunLoop::TimerBase::ScheduledTask::fired() /root/WebKit/Source/WTF/wtf/bun/../generic/RunLoopGeneric.cpp:59:17 (jsc+0x25f2e52)
    #15 WTF::RunLoop::RunLoopGenericState::runImpl(WTF::RunLoop::RunLoopGenericState::RunMode) /root/WebKit/Source/WTF/wtf/bun/../generic/RunLoopGeneric.cpp:252:19 (jsc+0x25f2e52)
    #16 WTF::RunLoop::run() /root/WebKit/Source/WTF/wtf/bun/RunLoopBun.cpp:176:53 (jsc+0x25f5619)
    #17 JSC::DeferredWorkTimer::runRunLoop() /root/WebKit/Source/JavaScriptCore/runtime/DeferredWorkTimer.cpp (jsc+0x13f5e2e)
    #18 int runJSC<jscmain(int, char**)::$_0>(CommandLine const&, bool, jscmain(int, char**)::$_0 const&) /root/WebKit/Source/JavaScriptCore/jsc.cpp:4480:35 (jsc+0x1cbd54)
    #19 jscmain(int, char**) /root/WebKit/Source/JavaScriptCore/jsc.cpp:4679:18 (jsc+0x1cbd54)
    #20 main /root/WebKit/Source/JavaScriptCore/jsc.cpp:3715:15 (jsc+0x1c9793)

  Location is heap block of size 150816 at 0x7f1d963aa000 allocated by main thread:
    #0 malloc /home/runner/work/llvm-project/llvm-project/compiler-rt/lib/tsan/rtl/tsan_interceptors_posix.cpp:682:5 (jsc+0x13dc20)
    #1 bmalloc::api::malloc(unsigned long, bmalloc::CompactAllocationMode, bmalloc::HeapKind) /root/WebKit/WebKitBuild/TSan/bmalloc/Headers/bmalloc/bmalloc.h:96:20 (jsc+0x25762a9)
    #2 WTF::fastMalloc(unsigned long) /root/WebKit/Source/WTF/wtf/FastMalloc.cpp:337:20 (jsc+0x25762a9)
    #3 JSC::VM::operator new(unsigned long) /root/WebKit/Source/JavaScriptCore/runtime/VM.h:253:5 (jsc+0x19a1296)
    #4 JSC::VM::create(JSC::HeapType, WTF::RunLoop*) /root/WebKit/Source/JavaScriptCore/runtime/VM.cpp:1222:22 (jsc+0x19a1296)
    #5 int runJSC<jscmain(int, char**)::$_0>(CommandLine const&, bool, jscmain(int, char**)::$_0 const&) /root/WebKit/Source/JavaScriptCore/jsc.cpp:4438:14 (jsc+0x1c9d1d)
    #6 jscmain(int, char**) /root/WebKit/Source/JavaScriptCore/jsc.cpp:4679:18 (jsc+0x1c9d1d)
    #7 main /root/WebKit/Source/JavaScriptCore/jsc.cpp:3715:15 (jsc+0x1c9793)

  Thread T1 'JS Thread' (tid=1726129, running) created by main thread at:
    #0 pthread_create /home/runner/work/llvm-project/llvm-project/compiler-rt/lib/tsan/rtl/tsan_interceptors_posix.cpp:1090:3 (jsc+0x13ff1a)
    #1 WTF::Thread::establishHandle(WTF::Thread::NewThreadContext&, WTF::StackAllocationSpecification, WTF::ThreadQOS, WTF::ThreadSchedulingPolicy) /root/WebKit/Source/WTF/wtf/posix/ThreadingPOSIX.cpp:354:17 (jsc+0x25efd35)
    #2 WTF::Thread::create(WTF::ASCIILiteral, WTF::Function<void ()>&&, WTF::ThreadType, WTF::ThreadQOS, WTF::ThreadSchedulingPolicy, WTF::StackAllocationSpecification) /root/WebKit/Source/WTF/wtf/Threading.cpp:330:32 (jsc+0x25937d3)
    #3 JSC::constructThread(JSC::JSGlobalObject*, JSC::CallFrame*) /root/WebKit/Source/JavaScriptCore/runtime/ThreadObject.cpp:467:5 (jsc+0x197c87f)
    #4 <null> <null> (0x7f1d541ff217)
    #5 JSC::JSValue JSC::callMicrotask<JSC::JSValue>(JSC::JSGlobalObject*, JSC::JSValue, JSC::JSValue, JSC::JSCell*, WTF::ASCIILiteral, JSC::MicrotaskCall*, T...) /root/WebKit/Source/JavaScriptCore/runtime/JSMicrotask.cpp:147:46 (jsc+0x163d7a0)
    #6 JSC::runInternalMicrotask(JSC::JSGlobalObject*, JSC::VM&, JSC::InternalMicrotask, unsigned char, std::span<JSC::JSValue const, 4ul>, JSC::MicrotaskCall*) /root/WebKit/Source/JavaScriptCore/runtime/JSMicrotask.cpp:1742:26 (jsc+0x16371cb)
    #7 JSC::runMicrotask(JSC::JSGlobalObject*, JSC::TopExceptionScope&, JSC::VM&, JSC::QueuedTask&, JSC::MicrotaskCall*) /root/WebKit/Source/JavaScriptCore/runtime/MicrotaskQueue.cpp:62:5 (jsc+0x17c0f94)
    #8 std::pair<JSC::JSGlobalObject*, bool> JSC::MicrotaskQueue::drainImpl<true>(JSC::JSGlobalObject*, JSC::VM&, JSC::TopExceptionScope&) /root/WebKit/Source/JavaScriptCore/runtime/MicrotaskQueue.cpp:215:18 (jsc+0x17c209f)
    #9 JSC::MicrotaskQueue::drainWithUseCallOnEachMicrotask(JSC::JSGlobalObject*, JSC::VM&, JSC::TopExceptionScope&) /root/WebKit/Source/JavaScriptCore/runtime/MicrotaskQueue.cpp:268:12 (jsc+0x17c1e90)
    #10 std::pair<JSC::JSGlobalObject*, bool> JSC::MicrotaskQueue::drain<true>(JSC::JSGlobalObject*, JSC::VM&, JSC::TopExceptionScope&) /root/WebKit/WebKitBuild/TSan/JavaScriptCore/PrivateHeaders/JavaScriptCore/MicrotaskQueue.h:281:20 (jsc+0x19a7bf5)
    #11 void JSC::MicrotaskQueue::performMicrotaskCheckpoint<true, JSC::VM::drainMicrotasks()::$_1>(JSC::VM&, JSC::VM::drainMicrotasks()::$_1 const&) /root/WebKit/Source/JavaScriptCore/runtime/MicrotaskQueueInlines.h:118:45 (jsc+0x19a7bf5)
    #12 JSC::VM::drainMicrotasks() /root/WebKit/Source/JavaScriptCore/runtime/VM.cpp:2475:38 (jsc+0x19a7bf5)
    #13 JSC::DeferredWorkTimer::doWork(JSC::VM&) /root/WebKit/Source/JavaScriptCore/runtime/DeferredWorkTimer.cpp:289:16 (jsc+0x13f45dc)
    #14 JSC::JSRunLoopTimer::timerDidFire() /root/WebKit/Source/JavaScriptCore/runtime/JSRunLoopTimer.cpp:237:5 (jsc+0x16e2d9a)
    #15 JSC::JSRunLoopTimer::Manager::timerDidFire() /root/WebKit/Source/JavaScriptCore/runtime/JSRunLoopTimer.cpp:109:16 (jsc+0x16e28cf)
    #16 JSC::JSRunLoopTimer::Manager::timerDidFireCallback() /root/WebKit/Source/JavaScriptCore/runtime/JSRunLoopTimer.cpp:56:5 (jsc+0x16e2139)
    #17 WTF::RunLoop::Timer::Timer<JSC::JSRunLoopTimer::Manager>(WTF::Ref<WTF::RunLoop, WTF::RawPtrTraits<WTF::RunLoop>, WTF::DefaultRefDerefTraits<WTF::RunLoop>>&&, WTF::ASCIILiteral, T*, void (T::*)())::'lambda'()::operator()() const /root/WebKit/WebKitBuild/TSan/WTF/Headers/wtf/RunLoop.h:298:17 (jsc+0x16e85f8)
    #18 WTF::Detail::CallableWrapper<WTF::RunLoop::Timer::Timer<JSC::JSRunLoopTimer::Manager>(WTF::Ref<WTF::RunLoop, WTF::RawPtrTraits<WTF::RunLoop>, WTF::DefaultRefDerefTraits<WTF::RunLoop>>&&, WTF::ASCIILiteral, T*, void (T::*)())::'lambda'(), void>::call() /root/WebKit/WebKitBuild/TSan/WTF/Headers/wtf/Function.h:59:39 (jsc+0x16e85f8)
    #19 WTF::Function<void ()>::operator()() const /root/WebKit/WebKitBuild/TSan/WTF/Headers/wtf/Function.h:103:35 (jsc+0x16e874f)
    #20 WTF::RunLoop::Timer::fired() /root/WebKit/WebKitBuild/TSan/WTF/Headers/wtf/RunLoop.h:321:33 (jsc+0x16e874f)
    #21 WTF::RunLoop::TimerBase::ScheduledTask::fired() /root/WebKit/Source/WTF/wtf/bun/../generic/RunLoopGeneric.cpp:59:17 (jsc+0x25f2e52)
    #22 WTF::RunLoop::RunLoopGenericState::runImpl(WTF::RunLoop::RunLoopGenericState::RunMode) /root/WebKit/Source/WTF/wtf/bun/../generic/RunLoopGeneric.cpp:252:19 (jsc+0x25f2e52)
    #23 WTF::RunLoop::run() /root/WebKit/Source/WTF/wtf/bun/RunLoopBun.cpp:176:53 (jsc+0x25f5619)
    #24 JSC::DeferredWorkTimer::runRunLoop() /root/WebKit/Source/JavaScriptCore/runtime/DeferredWorkTimer.cpp (jsc+0x13f5e2e)
    #25 int runJSC<jscmain(int, char**)::$_0>(CommandLine const&, bool, jscmain(int, char**)::$_0 const&) /root/WebKit/Source/JavaScriptCore/jsc.cpp:4480:35 (jsc+0x1cbd54)
    #26 jscmain(int, char**) /root/WebKit/Source/JavaScriptCore/jsc.cpp:4679:18 (jsc+0x1cbd54)
    #27 main /root/WebKit/Source/JavaScriptCore/jsc.cpp:3715:15 (jsc+0x1c9793)

SUMMARY: ThreadSanitizer: data race /root/WebKit/Source/JavaScriptCore/interpreter/Interpreter.cpp:1257:23 in JSC::Interpreter::executeCallImpl(JSC::VM&, JSC::JSObject*, JSC::CallData const&, JSC::JSValue, JSC::JSCell*, JSC::ArgList const&)::'lambda'()::operator()() const
==================
ThreadSanitizer: reported 1 warnings
