JSC: disabling useWasm under GIL-off (wasm glue still reads the raw VM-block exception word; not yet audited for UNGIL §A.1.3 COMPILED-FOR-VM; see AB-17 status block in VMEntryScope.cpp).
==================
WARNING: ThreadSanitizer: data race (pid=1726538)
  Write of size 8 at 0x722800000068 by thread T1:
    #0 WTF::MetaAllocator::allocate(WTF::Locker<WTF::Lock> const&, unsigned long) /root/WebKit/Source/WTF/wtf/MetaAllocator.cpp:193:22 (jsc+0x257fb4d)
    #1 WTF::MetaAllocator::allocate(unsigned long) /root/WebKit/WebKitBuild/TSan/WTF/Headers/wtf/MetaAllocator.h:78:16 (jsc+0xeab261)
    #2 JSC::FixedVMPoolExecutableAllocator::allocate(unsigned long) /root/WebKit/Source/JavaScriptCore/jit/ExecutableAllocator.cpp:603:28 (jsc+0xeab261)
    #3 JSC::ExecutableAllocator::allocate(unsigned long, JSC::JITCompilationEffort) /root/WebKit/Source/JavaScriptCore/jit/ExecutableAllocator.cpp:1215:56 (jsc+0xeaad62)
    #4 JSC::LinkBuffer::allocate(JSC::MacroAssembler&, JSC::JITCompilationEffort) /root/WebKit/Source/JavaScriptCore/assembler/LinkBuffer.cpp:529:59 (jsc+0x26fb17)
    #5 JSC::LinkBuffer::linkCode(JSC::MacroAssembler&, JSC::JITCompilationEffort) /root/WebKit/Source/JavaScriptCore/assembler/LinkBuffer.cpp:482:5 (jsc+0x26f580)
    #6 JSC::LinkBuffer::LinkBuffer(JSC::MacroAssembler&, void*, JSC::LinkBuffer::Profile, JSC::JITCompilationEffort) /root/WebKit/Source/JavaScriptCore/assembler/LinkBuffer.h:172:9 (jsc+0xf6084b)
    #7 JSC::JIT::valueIsTruthyGenerator(JSC::VM&) /root/WebKit/Source/JavaScriptCore/jit/JITOpcodes.cpp:650:16 (jsc+0xf6084b)
    #8 JSC::JITThunks::ctiStub(JSC::VM&, JSC::MacroAssemblerCodeRef<(WTF::PtrTag)26129> (*)(JSC::VM&))::$_0::operator()() const /root/WebKit/Source/JavaScriptCore/jit/JITThunks.cpp:194:16 (jsc+0x102f451)
    #9 JSC::MacroAssemblerCodeRef<(WTF::PtrTag)26129> JSC::JITThunks::ctiStubImpl<JSC::JITThunks::ctiStub(JSC::VM&, JSC::MacroAssemblerCodeRef<(WTF::PtrTag)26129> (*)(JSC::VM&))::$_0>(JSC::MacroAssemblerCodeRef<(WTF::PtrTag)26129> (*)(JSC::VM&), JSC::JITThunks::ctiStub(JSC::VM&, JSC::MacroAssemblerCodeRef<(WTF::PtrTag)26129> (*)(JSC::VM&))::$_0) /root/WebKit/Source/JavaScriptCore/jit/JITThunks.cpp:183:53 (jsc+0x102f451)
    #10 JSC::JITThunks::ctiStub(JSC::VM&, JSC::MacroAssemblerCodeRef<(WTF::PtrTag)26129> (*)(JSC::VM&)) /root/WebKit/Source/JavaScriptCore/jit/JITThunks.cpp:193:12 (jsc+0x102f451)
    #11 JSC::VM::getCTIStub(JSC::MacroAssemblerCodeRef<(WTF::PtrTag)26129> (*)(JSC::VM&)) /root/WebKit/Source/JavaScriptCore/runtime/VM.cpp:1378:22 (jsc+0x19a1bcc)
    #12 JSC::JIT::emit_op_jtrue(JSC::BaseInstruction<JSC::JSOpcodeTraits> const*) /root/WebKit/Source/JavaScriptCore/jit/JITOpcodes.cpp:621:44 (jsc+0xf5fd1b)
    #13 JSC::JIT::privateCompileMainPass() /root/WebKit/Source/JavaScriptCore/jit/JIT.cpp:367:9 (jsc+0xeb3c4d)
    #14 JSC::JIT::compileAndLinkWithoutFinalizing(JSC::JITCompilationEffort) /root/WebKit/Source/JavaScriptCore/jit/JIT.cpp:813:5 (jsc+0xec16a9)
    #15 JSC::BaselineJITPlan::compileInThreadImpl(JSC::JITCompilationEffort) /root/WebKit/Source/JavaScriptCore/jit/BaselineJITPlan.cpp:67:32 (jsc+0xe9cb38)
    #16 JSC::BaselineJITPlan::compileInThreadImpl() /root/WebKit/Source/JavaScriptCore/jit/BaselineJITPlan.cpp:78:12 (jsc+0xe9ccdb)
    #17 JSC::JITPlan::compileInThread(JSC::JITWorklistThread*) /root/WebKit/Source/JavaScriptCore/jit/JITPlan.cpp:283:28 (jsc+0xfcd84d)
    #18 JSC::JITWorklistThread::work() /root/WebKit/Source/JavaScriptCore/jit/JITWorklistThread.cpp:145:13 (jsc+0x1037fcb)
    #19 WTF::AutomaticThread::start(WTF::AbstractLocker const&)::$_0::operator()() const /root/WebKit/Source/WTF/wtf/AutomaticThread.cpp:260:37 (jsc+0x256810c)
    #20 WTF::Detail::CallableWrapper<WTF::AutomaticThread::start(WTF::AbstractLocker const&)::$_0, void>::call() /root/WebKit/Source/WTF/wtf/Function.h:59:39 (jsc+0x256810c)
    #21 WTF::Function<void ()>::operator()() const /root/WebKit/Source/WTF/wtf/Function.h:103:35 (jsc+0x2593495)
    #22 WTF::Thread::entryPoint(WTF::Thread::NewThreadContext*) /root/WebKit/Source/WTF/wtf/Threading.cpp:312:5 (jsc+0x2593495)
    #23 WTF::wtfThreadEntryPoint(void*) /root/WebKit/Source/WTF/wtf/posix/ThreadingPOSIX.cpp:264:5 (jsc+0x25efe49)

  Previous read of size 8 at 0x722800000068 by main thread:
    #0 WTF::MetaAllocator::bytesAllocated() /root/WebKit/WebKitBuild/TSan/WTF/Headers/wtf/MetaAllocator.h:88:38 (jsc+0xeaaa62)
    #1 JSC::FixedVMPoolExecutableAllocator::bytesAllocated()::'lambda'(JSC::FixedVMPoolExecutableAllocator::Allocator&)::operator()(JSC::FixedVMPoolExecutableAllocator::Allocator&) const /root/WebKit/Source/JavaScriptCore/jit/ExecutableAllocator.cpp:624:33 (jsc+0xeaaa62)
    #2 void JSC::FixedVMPoolExecutableAllocator::forEachAllocator<JSC::FixedVMPoolExecutableAllocator::bytesAllocated()::'lambda'(JSC::FixedVMPoolExecutableAllocator::Allocator&)>(JSC::FixedVMPoolExecutableAllocator::bytesAllocated()::'lambda'(JSC::FixedVMPoolExecutableAllocator::Allocator&)) /root/WebKit/Source/JavaScriptCore/jit/ExecutableAllocator.cpp:1098:9 (jsc+0xeaaa62)
    #3 JSC::FixedVMPoolExecutableAllocator::bytesAllocated() /root/WebKit/Source/JavaScriptCore/jit/ExecutableAllocator.cpp:623:9 (jsc+0xeaaa62)
    #4 JSC::ExecutableAllocator::memoryPressureMultiplier(unsigned long) /root/WebKit/Source/JavaScriptCore/jit/ExecutableAllocator.cpp:1170:40 (jsc+0xeaaa62)
    #5 JSC::applyMemoryUsageHeuristics(int, JSC::CodeBlock*) /root/WebKit/Source/JavaScriptCore/bytecode/ExecutionCounter.cpp:86:13 (jsc+0x2b7a7d)
    #6 JSC::ExecutionCounter<(JSC::CountingVariant)0>::hasCrossedThreshold(JSC::CodeBlock*) const /root/WebKit/Source/JavaScriptCore/bytecode/ExecutionCounter.cpp:154:32 (jsc+0x2b7a7d)
    #7 JSC::ExecutionCounter<(JSC::CountingVariant)0>::checkIfThresholdCrossedAndSet(JSC::CodeBlock*) /root/WebKit/Source/JavaScriptCore/bytecode/ExecutionCounter.cpp:53:9 (jsc+0x2b7a03)
    #8 JSC::CodeBlock::checkIfJITThresholdReached() /root/WebKit/Source/JavaScriptCore/bytecode/CodeBlock.h:614:54 (jsc+0x106c3ab)
    #9 JSC::LLInt::jitCompileAndSetHeuristics(JSC::VM&, JSC::CodeBlock*) /root/WebKit/Source/JavaScriptCore/llint/LLIntSlowPaths.cpp:463:21 (jsc+0x106c3ab)
    #10 JSC::LLInt::entryOSR(JSC::CodeBlock*, char const*, JSC::LLInt::EntryKind) /root/WebKit/Source/JavaScriptCore/llint/LLIntSlowPaths.cpp:519:10 (jsc+0x106b952)
    #11 llint_entry_osr_function_for_construct_arityCheck /root/WebKit/Source/JavaScriptCore/llint/LLIntSlowPaths.cpp:564:12 (jsc+0x106bd30)
    #12 llint_function_for_construct_arity_check LowLevelInterpreter.cpp (jsc+0x1de47b9)
    #13 JSC::evaluate(JSC::JSGlobalObject*, JSC::SourceCode const&, JSC::JSValue, WTF::NakedPtr<JSC::Exception>&) /root/WebKit/Source/JavaScriptCore/runtime/Completion.cpp:145:37 (jsc+0x13af265)
    #14 runWithOptions(GlobalObject*, CommandLine&, bool&) /root/WebKit/Source/JavaScriptCore/jsc.cpp:3957:35 (jsc+0x1caf15)
    #15 jscmain(int, char**)::$_0::operator()(JSC::VM&, GlobalObject*, bool&) const /root/WebKit/Source/JavaScriptCore/jsc.cpp:4686:13 (jsc+0x1caf15)
    #16 int runJSC<jscmain(int, char**)::$_0>(CommandLine const&, bool, jscmain(int, char**)::$_0 const&) /root/WebKit/Source/JavaScriptCore/jsc.cpp:4472:13 (jsc+0x1caf15)
    #17 jscmain(int, char**) /root/WebKit/Source/JavaScriptCore/jsc.cpp:4679:18 (jsc+0x1caf15)
    #18 main /root/WebKit/Source/JavaScriptCore/jsc.cpp:3715:15 (jsc+0x1c9793)

  Location is heap block of size 160 at 0x722800000000 allocated by main thread:
    #0 malloc /home/runner/work/llvm-project/llvm-project/compiler-rt/lib/tsan/rtl/tsan_interceptors_posix.cpp:682:5 (jsc+0x13dc20)
    #1 bmalloc::api::malloc(unsigned long, bmalloc::CompactAllocationMode, bmalloc::HeapKind) /root/WebKit/WebKitBuild/TSan/bmalloc/Headers/bmalloc/bmalloc.h:96:20 (jsc+0x25762a9)
    #2 WTF::fastMalloc(unsigned long) /root/WebKit/Source/WTF/wtf/FastMalloc.cpp:337:20 (jsc+0x25762a9)
    #3 JSC::FixedVMPoolExecutableAllocator::operator new(unsigned long) /root/WebKit/Source/JavaScriptCore/jit/ExecutableAllocator.cpp:463:5 (jsc+0xeaa88b)
    #4 JSC::ExecutableAllocator::initializeUnderlyingAllocator() /root/WebKit/Source/JavaScriptCore/jit/ExecutableAllocator.cpp:1144:50 (jsc+0xeaa88b)
    #5 JSC::enableAssembler() /root/WebKit/Source/JavaScriptCore/runtime/VM.cpp:316:5 (jsc+0x19c9f1c)
    #6 JSC::VM::canUseAssembler()::$_0::operator()() const /root/WebKit/Source/JavaScriptCore/runtime/VM.cpp:333:19 (jsc+0x19c9f1c)
    #7 void std::__invoke_impl<void, JSC::VM::canUseAssembler()::$_0>(std::__invoke_other, JSC::VM::canUseAssembler()::$_0&&) /usr/lib/gcc/x86_64-amazon-linux/14/../../../../include/c++/14/bits/invoke.h:61:14 (jsc+0x19c9f1c)
    #8 std::__invoke_result<JSC::VM::canUseAssembler()::$_0>::type std::__invoke<JSC::VM::canUseAssembler()::$_0>(JSC::VM::canUseAssembler()::$_0&&) /usr/lib/gcc/x86_64-amazon-linux/14/../../../../include/c++/14/bits/invoke.h:96:14 (jsc+0x19c9f1c)
    #9 void std::call_once<JSC::VM::canUseAssembler()::$_0>(std::once_flag&, JSC::VM::canUseAssembler()::$_0&&)::'lambda'()::operator()() const /usr/lib/gcc/x86_64-amazon-linux/14/../../../../include/c++/14/mutex:909:4 (jsc+0x19c9f1c)
    #10 std::once_flag::_Prepare_execution::_Prepare_execution<void std::call_once<JSC::VM::canUseAssembler()::$_0>(std::once_flag&, JSC::VM::canUseAssembler()::$_0&&)::'lambda'()>(JSC::VM::canUseAssembler()::$_0&)::'lambda'()::operator()() const /usr/lib/gcc/x86_64-amazon-linux/14/../../../../include/c++/14/mutex:845:21 (jsc+0x19c9f1c)
    #11 std::once_flag::_Prepare_execution::_Prepare_execution<void std::call_once<JSC::VM::canUseAssembler()::$_0>(std::once_flag&, JSC::VM::canUseAssembler()::$_0&&)::'lambda'()>(JSC::VM::canUseAssembler()::$_0&)::'lambda'()::__invoke() /usr/lib/gcc/x86_64-amazon-linux/14/../../../../include/c++/14/mutex:845:16 (jsc+0x19c9f1c)
    #12 pthread_once /home/runner/work/llvm-project/llvm-project/compiler-rt/lib/tsan/rtl/tsan_interceptors_posix.cpp:1682:5 (jsc+0x143ebf)
    #13 __gthread_once(int*, void (*)()) /usr/lib/gcc/x86_64-amazon-linux/14/../../../../include/c++/14/x86_64-amazon-linux/bits/gthr-default.h:713:12 (jsc+0x1994cbc)
    #14 void std::call_once<JSC::VM::canUseAssembler()::$_0>(std::once_flag&, JSC::VM::canUseAssembler()::$_0&&) /usr/lib/gcc/x86_64-amazon-linux/14/../../../../include/c++/14/mutex:916:21 (jsc+0x1994cbc)
    #15 JSC::VM::canUseAssembler() /root/WebKit/Source/JavaScriptCore/runtime/VM.cpp:332:5 (jsc+0x1994cbc)
    #16 JSC::VM::computeCanUseJIT() /root/WebKit/Source/JavaScriptCore/runtime/VM.cpp:348:32 (jsc+0x1994cbc)
    #17 JSC::initializeWithOptionsCustomization(WTF::ScopedLambda<void ()> const&)::$_0::operator()() const /root/WebKit/Source/JavaScriptCore/runtime/InitializeThreading.cpp:102:13 (jsc+0x148c333)
    #18 void std::__invoke_impl<void, JSC::initializeWithOptionsCustomization(WTF::ScopedLambda<void ()> const&)::$_0>(std::__invoke_other, JSC::initializeWithOptionsCustomization(WTF::ScopedLambda<void ()> const&)::$_0&&) /usr/lib/gcc/x86_64-amazon-linux/14/../../../../include/c++/14/bits/invoke.h:61:14 (jsc+0x148c333)
    #19 std::__invoke_result<JSC::initializeWithOptionsCustomization(WTF::ScopedLambda<void ()> const&)::$_0>::type std::__invoke<JSC::initializeWithOptionsCustomization(WTF::ScopedLambda<void ()> const&)::$_0>(JSC::initializeWithOptionsCustomization(WTF::ScopedLambda<void ()> const&)::$_0&&) /usr/lib/gcc/x86_64-amazon-linux/14/../../../../include/c++/14/bits/invoke.h:96:14 (jsc+0x148c333)
    #20 void std::call_once<JSC::initializeWithOptionsCustomization(WTF::ScopedLambda<void ()> const&)::$_0>(std::once_flag&, JSC::initializeWithOptionsCustomization(WTF::ScopedLambda<void ()> const&)::$_0&&)::'lambda'()::operator()() const /usr/lib/gcc/x86_64-amazon-linux/14/../../../../include/c++/14/mutex:909:4 (jsc+0x148c333)
    #21 std::once_flag::_Prepare_execution::_Prepare_execution<void std::call_once<JSC::initializeWithOptionsCustomization(WTF::ScopedLambda<void ()> const&)::$_0>(std::once_flag&, JSC::initializeWithOptionsCustomization(WTF::ScopedLambda<void ()> const&)::$_0&&)::'lambda'()>(JSC::initializeWithOptionsCustomization(WTF::ScopedLambda<void ()> const&)::$_0&)::'lambda'()::operator()() const /usr/lib/gcc/x86_64-amazon-linux/14/../../../../include/c++/14/mutex:845:21 (jsc+0x148c333)
    #22 std::once_flag::_Prepare_execution::_Prepare_execution<void std::call_once<JSC::initializeWithOptionsCustomization(WTF::ScopedLambda<void ()> const&)::$_0>(std::once_flag&, JSC::initializeWithOptionsCustomization(WTF::ScopedLambda<void ()> const&)::$_0&&)::'lambda'()>(JSC::initializeWithOptionsCustomization(WTF::ScopedLambda<void ()> const&)::$_0&)::'lambda'()::__invoke() /usr/lib/gcc/x86_64-amazon-linux/14/../../../../include/c++/14/mutex:845:16 (jsc+0x148c333)
    #23 pthread_once /home/runner/work/llvm-project/llvm-project/compiler-rt/lib/tsan/rtl/tsan_interceptors_posix.cpp:1682:5 (jsc+0x143ebf)
    #24 __gthread_once(int*, void (*)()) /usr/lib/gcc/x86_64-amazon-linux/14/../../../../include/c++/14/x86_64-amazon-linux/bits/gthr-default.h:713:12 (jsc+0x14806ac)
    #25 void std::call_once<JSC::initializeWithOptionsCustomization(WTF::ScopedLambda<void ()> const&)::$_0>(std::once_flag&, JSC::initializeWithOptionsCustomization(WTF::ScopedLambda<void ()> const&)::$_0&&) /usr/lib/gcc/x86_64-amazon-linux/14/../../../../include/c++/14/mutex:916:21 (jsc+0x14806ac)
    #26 JSC::initializeWithOptionsCustomization(WTF::ScopedLambda<void ()> const&) /root/WebKit/Source/JavaScriptCore/runtime/InitializeThreading.cpp:89:5 (jsc+0x14806ac)
    #27 void JSC::initialize<JSC::initialize()::$_0>(JSC::initialize()::$_0 const&) /root/WebKit/Source/JavaScriptCore/runtime/InitializeThreading.h:42:31 (jsc+0x14806ac)
    #28 JSC::initialize() /root/WebKit/Source/JavaScriptCore/runtime/InitializeThreading.cpp:80:5 (jsc+0x14806ac)
    #29 jscmain(int, char**) /root/WebKit/Source/JavaScriptCore/jsc.cpp:4609:5 (jsc+0x1c9985)
    #30 main /root/WebKit/Source/JavaScriptCore/jsc.cpp:3715:15 (jsc+0x1c9793)

  Thread T1 'JITWorker' (tid=1726547, running) created by main thread at:
    #0 pthread_create /home/runner/work/llvm-project/llvm-project/compiler-rt/lib/tsan/rtl/tsan_interceptors_posix.cpp:1090:3 (jsc+0x13ff1a)
    #1 WTF::Thread::establishHandle(WTF::Thread::NewThreadContext&, WTF::StackAllocationSpecification, WTF::ThreadQOS, WTF::ThreadSchedulingPolicy) /root/WebKit/Source/WTF/wtf/posix/ThreadingPOSIX.cpp:354:17 (jsc+0x25efd35)
    #2 WTF::Thread::create(WTF::ASCIILiteral, WTF::Function<void ()>&&, WTF::ThreadType, WTF::ThreadQOS, WTF::ThreadSchedulingPolicy, WTF::StackAllocationSpecification) /root/WebKit/Source/WTF/wtf/Threading.cpp:330:32 (jsc+0x25937d3)
    #3 WTF::AutomaticThread::start(WTF::AbstractLocker const&) /root/WebKit/Source/WTF/wtf/AutomaticThread.cpp:189:5 (jsc+0x2566b89)
    #4 WTF::AutomaticThreadCondition::notifyOne(WTF::AbstractLocker const&) /root/WebKit/Source/WTF/wtf/AutomaticThread.cpp:60:21 (jsc+0x2566989)
    #5 JSC::JITWorklist::wakeThreads(WTF::AbstractLocker const&, unsigned int) /root/WebKit/Source/JavaScriptCore/jit/JITWorklist.cpp:162:25 (jsc+0x10323e6)
    #6 JSC::JITWorklist::enqueue(WTF::Ref<JSC::JITPlan, WTF::RawPtrTraits<JSC::JITPlan>, WTF::DefaultRefDerefTraits<JSC::JITPlan>>) /root/WebKit/Source/JavaScriptCore/jit/JITWorklist.cpp:246:5 (jsc+0x1032c4f)
    #7 JSC::LLInt::jitCompileAndSetHeuristics(JSC::VM&, JSC::CodeBlock*) /root/WebKit/Source/JavaScriptCore/llint/LLIntSlowPaths.cpp:497:45 (jsc+0x106c66e)
    #8 JSC::LLInt::entryOSR(JSC::CodeBlock*, char const*, JSC::LLInt::EntryKind) /root/WebKit/Source/JavaScriptCore/llint/LLIntSlowPaths.cpp:519:10 (jsc+0x106b952)
    #9 llint_entry_osr_function_for_construct_arityCheck /root/WebKit/Source/JavaScriptCore/llint/LLIntSlowPaths.cpp:564:12 (jsc+0x106bd30)
    #10 llint_function_for_construct_arity_check LowLevelInterpreter.cpp (jsc+0x1de47b9)
    #11 JSC::evaluate(JSC::JSGlobalObject*, JSC::SourceCode const&, JSC::JSValue, WTF::NakedPtr<JSC::Exception>&) /root/WebKit/Source/JavaScriptCore/runtime/Completion.cpp:145:37 (jsc+0x13af265)
    #12 runWithOptions(GlobalObject*, CommandLine&, bool&) /root/WebKit/Source/JavaScriptCore/jsc.cpp:3957:35 (jsc+0x1caf15)
    #13 jscmain(int, char**)::$_0::operator()(JSC::VM&, GlobalObject*, bool&) const /root/WebKit/Source/JavaScriptCore/jsc.cpp:4686:13 (jsc+0x1caf15)
    #14 int runJSC<jscmain(int, char**)::$_0>(CommandLine const&, bool, jscmain(int, char**)::$_0 const&) /root/WebKit/Source/JavaScriptCore/jsc.cpp:4472:13 (jsc+0x1caf15)
    #15 jscmain(int, char**) /root/WebKit/Source/JavaScriptCore/jsc.cpp:4679:18 (jsc+0x1caf15)
    #16 main /root/WebKit/Source/JavaScriptCore/jsc.cpp:3715:15 (jsc+0x1c9793)

SUMMARY: ThreadSanitizer: data race /root/WebKit/Source/WTF/wtf/MetaAllocator.cpp:193:22 in WTF::MetaAllocator::allocate(WTF::Locker<WTF::Lock> const&, unsigned long)
==================
==================
WARNING: ThreadSanitizer: data race (pid=1726538)
  Write of size 4 at 0x55c967586b1c by thread T2:
    #0 JSC::AbstractMacroAssemblerBase::initializeRandom() /root/WebKit/Source/JavaScriptCore/assembler/AbstractMacroAssembler.cpp:45:41 (jsc+0x26e624)
    #1 JSC::AbstractMacroAssemblerBase::random() /root/WebKit/Source/JavaScriptCore/assembler/AbstractMacroAssembler.h:89:13 (jsc+0xec0ecf)
    #2 JSC::JIT::compileAndLinkWithoutFinalizing(JSC::JITCompilationEffort) /root/WebKit/Source/JavaScriptCore/jit/JIT.cpp:766:9 (jsc+0xec0ecf)
    #3 JSC::BaselineJITPlan::compileInThreadImpl(JSC::JITCompilationEffort) /root/WebKit/Source/JavaScriptCore/jit/BaselineJITPlan.cpp:67:32 (jsc+0xe9cb38)
    #4 JSC::BaselineJITPlan::compileInThreadImpl() /root/WebKit/Source/JavaScriptCore/jit/BaselineJITPlan.cpp:78:12 (jsc+0xe9ccdb)
    #5 JSC::JITPlan::compileInThread(JSC::JITWorklistThread*) /root/WebKit/Source/JavaScriptCore/jit/JITPlan.cpp:283:28 (jsc+0xfcd84d)
    #6 JSC::JITWorklistThread::work() /root/WebKit/Source/JavaScriptCore/jit/JITWorklistThread.cpp:145:13 (jsc+0x1037fcb)
    #7 WTF::AutomaticThread::start(WTF::AbstractLocker const&)::$_0::operator()() const /root/WebKit/Source/WTF/wtf/AutomaticThread.cpp:260:37 (jsc+0x256810c)
    #8 WTF::Detail::CallableWrapper<WTF::AutomaticThread::start(WTF::AbstractLocker const&)::$_0, void>::call() /root/WebKit/Source/WTF/wtf/Function.h:59:39 (jsc+0x256810c)
    #9 WTF::Function<void ()>::operator()() const /root/WebKit/Source/WTF/wtf/Function.h:103:35 (jsc+0x2593495)
    #10 WTF::Thread::entryPoint(WTF::Thread::NewThreadContext*) /root/WebKit/Source/WTF/wtf/Threading.cpp:312:5 (jsc+0x2593495)
    #11 WTF::wtfThreadEntryPoint(void*) /root/WebKit/Source/WTF/wtf/posix/ThreadingPOSIX.cpp:264:5 (jsc+0x25efe49)

  Previous write of size 4 at 0x55c967586b1c by thread T1:
    #0 JSC::AbstractMacroAssemblerBase::initializeRandom() /root/WebKit/Source/JavaScriptCore/assembler/AbstractMacroAssembler.cpp:45:41 (jsc+0x26e624)
    #1 JSC::AbstractMacroAssemblerBase::random() /root/WebKit/Source/JavaScriptCore/assembler/AbstractMacroAssembler.h:89:13 (jsc+0xec0ecf)
    #2 JSC::JIT::compileAndLinkWithoutFinalizing(JSC::JITCompilationEffort) /root/WebKit/Source/JavaScriptCore/jit/JIT.cpp:766:9 (jsc+0xec0ecf)
    #3 JSC::BaselineJITPlan::compileInThreadImpl(JSC::JITCompilationEffort) /root/WebKit/Source/JavaScriptCore/jit/BaselineJITPlan.cpp:67:32 (jsc+0xe9cb38)
    #4 JSC::BaselineJITPlan::compileInThreadImpl() /root/WebKit/Source/JavaScriptCore/jit/BaselineJITPlan.cpp:78:12 (jsc+0xe9ccdb)
    #5 JSC::JITPlan::compileInThread(JSC::JITWorklistThread*) /root/WebKit/Source/JavaScriptCore/jit/JITPlan.cpp:283:28 (jsc+0xfcd84d)
    #6 JSC::JITWorklistThread::work() /root/WebKit/Source/JavaScriptCore/jit/JITWorklistThread.cpp:145:13 (jsc+0x1037fcb)
    #7 WTF::AutomaticThread::start(WTF::AbstractLocker const&)::$_0::operator()() const /root/WebKit/Source/WTF/wtf/AutomaticThread.cpp:260:37 (jsc+0x256810c)
    #8 WTF::Detail::CallableWrapper<WTF::AutomaticThread::start(WTF::AbstractLocker const&)::$_0, void>::call() /root/WebKit/Source/WTF/wtf/Function.h:59:39 (jsc+0x256810c)
    #9 WTF::Function<void ()>::operator()() const /root/WebKit/Source/WTF/wtf/Function.h:103:35 (jsc+0x2593495)
    #10 WTF::Thread::entryPoint(WTF::Thread::NewThreadContext*) /root/WebKit/Source/WTF/wtf/Threading.cpp:312:5 (jsc+0x2593495)
    #11 WTF::wtfThreadEntryPoint(void*) /root/WebKit/Source/WTF/wtf/posix/ThreadingPOSIX.cpp:264:5 (jsc+0x25efe49)

  Location is global 'JSC::AbstractMacroAssemblerBase::initializeRandom()::globalCounter' of size 4 at 0x55c967586b1c (jsc+0x58f0b1c)

  Thread T2 'JITWorker' (tid=1726548, running) created by main thread at:
    #0 pthread_create /home/runner/work/llvm-project/llvm-project/compiler-rt/lib/tsan/rtl/tsan_interceptors_posix.cpp:1090:3 (jsc+0x13ff1a)
    #1 WTF::Thread::establishHandle(WTF::Thread::NewThreadContext&, WTF::StackAllocationSpecification, WTF::ThreadQOS, WTF::ThreadSchedulingPolicy) /root/WebKit/Source/WTF/wtf/posix/ThreadingPOSIX.cpp:354:17 (jsc+0x25efd35)
    #2 WTF::Thread::create(WTF::ASCIILiteral, WTF::Function<void ()>&&, WTF::ThreadType, WTF::ThreadQOS, WTF::ThreadSchedulingPolicy, WTF::StackAllocationSpecification) /root/WebKit/Source/WTF/wtf/Threading.cpp:330:32 (jsc+0x25937d3)
    #3 WTF::AutomaticThread::start(WTF::AbstractLocker const&) /root/WebKit/Source/WTF/wtf/AutomaticThread.cpp:189:5 (jsc+0x2566b89)
    #4 WTF::AutomaticThreadCondition::notifyOne(WTF::AbstractLocker const&) /root/WebKit/Source/WTF/wtf/AutomaticThread.cpp:60:21 (jsc+0x2566989)
    #5 JSC::JITWorklist::wakeThreads(WTF::AbstractLocker const&, unsigned int) /root/WebKit/Source/JavaScriptCore/jit/JITWorklist.cpp:162:25 (jsc+0x10323e6)
    #6 JSC::JITWorklist::enqueue(WTF::Ref<JSC::JITPlan, WTF::RawPtrTraits<JSC::JITPlan>, WTF::DefaultRefDerefTraits<JSC::JITPlan>>) /root/WebKit/Source/JavaScriptCore/jit/JITWorklist.cpp:246:5 (jsc+0x1032c4f)
    #7 JSC::LLInt::jitCompileAndSetHeuristics(JSC::VM&, JSC::CodeBlock*) /root/WebKit/Source/JavaScriptCore/llint/LLIntSlowPaths.cpp:497:45 (jsc+0x106c66e)
    #8 JSC::LLInt::entryOSR(JSC::CodeBlock*, char const*, JSC::LLInt::EntryKind) /root/WebKit/Source/JavaScriptCore/llint/LLIntSlowPaths.cpp:519:10 (jsc+0x106b952)
    #9 llint_entry_osr_function_for_construct_arityCheck /root/WebKit/Source/JavaScriptCore/llint/LLIntSlowPaths.cpp:564:12 (jsc+0x106bd30)
    #10 llint_function_for_construct_arity_check LowLevelInterpreter.cpp (jsc+0x1de47b9)
    #11 JSC::evaluate(JSC::JSGlobalObject*, JSC::SourceCode const&, JSC::JSValue, WTF::NakedPtr<JSC::Exception>&) /root/WebKit/Source/JavaScriptCore/runtime/Completion.cpp:145:37 (jsc+0x13af265)
    #12 runWithOptions(GlobalObject*, CommandLine&, bool&) /root/WebKit/Source/JavaScriptCore/jsc.cpp:3957:35 (jsc+0x1caf15)
    #13 jscmain(int, char**)::$_0::operator()(JSC::VM&, GlobalObject*, bool&) const /root/WebKit/Source/JavaScriptCore/jsc.cpp:4686:13 (jsc+0x1caf15)
    #14 int runJSC<jscmain(int, char**)::$_0>(CommandLine const&, bool, jscmain(int, char**)::$_0 const&) /root/WebKit/Source/JavaScriptCore/jsc.cpp:4472:13 (jsc+0x1caf15)
    #15 jscmain(int, char**) /root/WebKit/Source/JavaScriptCore/jsc.cpp:4679:18 (jsc+0x1caf15)
    #16 main /root/WebKit/Source/JavaScriptCore/jsc.cpp:3715:15 (jsc+0x1c9793)

  Thread T1 'JITWorker' (tid=1726547, running) created by main thread at:
    #0 pthread_create /home/runner/work/llvm-project/llvm-project/compiler-rt/lib/tsan/rtl/tsan_interceptors_posix.cpp:1090:3 (jsc+0x13ff1a)
    #1 WTF::Thread::establishHandle(WTF::Thread::NewThreadContext&, WTF::StackAllocationSpecification, WTF::ThreadQOS, WTF::ThreadSchedulingPolicy) /root/WebKit/Source/WTF/wtf/posix/ThreadingPOSIX.cpp:354:17 (jsc+0x25efd35)
    #2 WTF::Thread::create(WTF::ASCIILiteral, WTF::Function<void ()>&&, WTF::ThreadType, WTF::ThreadQOS, WTF::ThreadSchedulingPolicy, WTF::StackAllocationSpecification) /root/WebKit/Source/WTF/wtf/Threading.cpp:330:32 (jsc+0x25937d3)
    #3 WTF::AutomaticThread::start(WTF::AbstractLocker const&) /root/WebKit/Source/WTF/wtf/AutomaticThread.cpp:189:5 (jsc+0x2566b89)
    #4 WTF::AutomaticThreadCondition::notifyOne(WTF::AbstractLocker const&) /root/WebKit/Source/WTF/wtf/AutomaticThread.cpp:60:21 (jsc+0x2566989)
    #5 JSC::JITWorklist::wakeThreads(WTF::AbstractLocker const&, unsigned int) /root/WebKit/Source/JavaScriptCore/jit/JITWorklist.cpp:162:25 (jsc+0x10323e6)
    #6 JSC::JITWorklist::enqueue(WTF::Ref<JSC::JITPlan, WTF::RawPtrTraits<JSC::JITPlan>, WTF::DefaultRefDerefTraits<JSC::JITPlan>>) /root/WebKit/Source/JavaScriptCore/jit/JITWorklist.cpp:246:5 (jsc+0x1032c4f)
    #7 JSC::LLInt::jitCompileAndSetHeuristics(JSC::VM&, JSC::CodeBlock*) /root/WebKit/Source/JavaScriptCore/llint/LLIntSlowPaths.cpp:497:45 (jsc+0x106c66e)
    #8 JSC::LLInt::entryOSR(JSC::CodeBlock*, char const*, JSC::LLInt::EntryKind) /root/WebKit/Source/JavaScriptCore/llint/LLIntSlowPaths.cpp:519:10 (jsc+0x106b952)
    #9 llint_entry_osr_function_for_construct_arityCheck /root/WebKit/Source/JavaScriptCore/llint/LLIntSlowPaths.cpp:564:12 (jsc+0x106bd30)
    #10 llint_function_for_construct_arity_check LowLevelInterpreter.cpp (jsc+0x1de47b9)
    #11 JSC::evaluate(JSC::JSGlobalObject*, JSC::SourceCode const&, JSC::JSValue, WTF::NakedPtr<JSC::Exception>&) /root/WebKit/Source/JavaScriptCore/runtime/Completion.cpp:145:37 (jsc+0x13af265)
    #12 runWithOptions(GlobalObject*, CommandLine&, bool&) /root/WebKit/Source/JavaScriptCore/jsc.cpp:3957:35 (jsc+0x1caf15)
    #13 jscmain(int, char**)::$_0::operator()(JSC::VM&, GlobalObject*, bool&) const /root/WebKit/Source/JavaScriptCore/jsc.cpp:4686:13 (jsc+0x1caf15)
    #14 int runJSC<jscmain(int, char**)::$_0>(CommandLine const&, bool, jscmain(int, char**)::$_0 const&) /root/WebKit/Source/JavaScriptCore/jsc.cpp:4472:13 (jsc+0x1caf15)
    #15 jscmain(int, char**) /root/WebKit/Source/JavaScriptCore/jsc.cpp:4679:18 (jsc+0x1caf15)
    #16 main /root/WebKit/Source/JavaScriptCore/jsc.cpp:3715:15 (jsc+0x1c9793)

SUMMARY: ThreadSanitizer: data race /root/WebKit/Source/JavaScriptCore/assembler/AbstractMacroAssembler.cpp:45:41 in JSC::AbstractMacroAssemblerBase::initializeRandom()
==================
==================
WARNING: ThreadSanitizer: data race (pid=1726538)
  Read of size 2 at 0x720400000554 by thread T2:
    #0 JSC::BinaryArithProfile::lhsObservedType() const /root/WebKit/Source/JavaScriptCore/bytecode/ArithProfile.h:323:75 (jsc+0xa46395)
    #1 JSC::BinaryArithProfile::isObservedTypeEmpty() /root/WebKit/Source/JavaScriptCore/bytecode/ArithProfile.h:384:16 (jsc+0xa46395)
    #2 JSC::JITMathIC<JSC::JITAddGenerator, JSC::BinaryArithProfile>::generateInline(JSC::CCallHelpers&, JSC::MathICGenerationState&, bool) /root/WebKit/Source/JavaScriptCore/jit/JITMathIC.h:78:47 (jsc+0xa46395)
    #3 void JSC::JIT::emitMathICFast<JSC::OpAdd, JSC::JITAddGenerator, JSC::ExceptionOperationResult<long> (*)(JSC::JSGlobalObject*, long, long, JSC::BinaryArithProfile*), JSC::ExceptionOperationResult<long> (*)(JSC::JSGlobalObject*, long, long)>(JSC::JITBinaryMathIC<JSC::JITAddGenerator>*, JSC::BaseInstruction<JSC::JSOpcodeTraits> const*, JSC::ExceptionOperationResult<long> (*)(JSC::JSGlobalObject*, long, long, JSC::BinaryArithProfile*), JSC::ExceptionOperationResult<long> (*)(JSC::JSGlobalObject*, long, long)) /root/WebKit/Source/JavaScriptCore/jit/JITArithmetic.cpp:895:40 (jsc+0xed2d4d)
    #4 JSC::JIT::emit_op_add(JSC::BaseInstruction<JSC::JSOpcodeTraits> const*) /root/WebKit/Source/JavaScriptCore/jit/JITArithmetic.cpp:797:5 (jsc+0xeb5472)
    #5 JSC::JIT::privateCompileMainPass() /root/WebKit/Source/JavaScriptCore/jit/JIT.cpp:277:9 (jsc+0xeb42f1)
    #6 JSC::JIT::compileAndLinkWithoutFinalizing(JSC::JITCompilationEffort) /root/WebKit/Source/JavaScriptCore/jit/JIT.cpp:813:5 (jsc+0xec16a9)
    #7 JSC::BaselineJITPlan::compileInThreadImpl(JSC::JITCompilationEffort) /root/WebKit/Source/JavaScriptCore/jit/BaselineJITPlan.cpp:67:32 (jsc+0xe9cb38)
    #8 JSC::BaselineJITPlan::compileInThreadImpl() /root/WebKit/Source/JavaScriptCore/jit/BaselineJITPlan.cpp:78:12 (jsc+0xe9ccdb)
    #9 JSC::JITPlan::compileInThread(JSC::JITWorklistThread*) /root/WebKit/Source/JavaScriptCore/jit/JITPlan.cpp:283:28 (jsc+0xfcd84d)
    #10 JSC::JITWorklistThread::work() /root/WebKit/Source/JavaScriptCore/jit/JITWorklistThread.cpp:145:13 (jsc+0x1037fcb)
    #11 WTF::AutomaticThread::start(WTF::AbstractLocker const&)::$_0::operator()() const /root/WebKit/Source/WTF/wtf/AutomaticThread.cpp:260:37 (jsc+0x256810c)
    #12 WTF::Detail::CallableWrapper<WTF::AutomaticThread::start(WTF::AbstractLocker const&)::$_0, void>::call() /root/WebKit/Source/WTF/wtf/Function.h:59:39 (jsc+0x256810c)
    #13 WTF::Function<void ()>::operator()() const /root/WebKit/Source/WTF/wtf/Function.h:103:35 (jsc+0x2593495)
    #14 WTF::Thread::entryPoint(WTF::Thread::NewThreadContext*) /root/WebKit/Source/WTF/wtf/Threading.cpp:312:5 (jsc+0x2593495)
    #15 WTF::wtfThreadEntryPoint(void*) /root/WebKit/Source/WTF/wtf/posix/ThreadingPOSIX.cpp:264:5 (jsc+0x25efe49)

  Previous write of size 2 at 0x720400000554 by main thread:
    #0 JSC::updateArithProfileForBinaryArithOp(JSC::JSGlobalObject*, JSC::CodeBlock*, JSC::BaseInstruction<JSC::JSOpcodeTraits> const*, JSC::JSValue, JSC::JSValue, JSC::JSValue) /root/WebKit/Source/JavaScriptCore/runtime/CommonSlowPaths.cpp (jsc+0x1395e9c)
    #1 slow_path_add /root/WebKit/Source/JavaScriptCore/runtime/CommonSlowPaths.cpp:608:5 (jsc+0x1395e9c)
    #2 llint_op_add LowLevelInterpreter.cpp (jsc+0x1de7a7d)
    #3 JSC::evaluate(JSC::JSGlobalObject*, JSC::SourceCode const&, JSC::JSValue, WTF::NakedPtr<JSC::Exception>&) /root/WebKit/Source/JavaScriptCore/runtime/Completion.cpp:145:37 (jsc+0x13af265)
    #4 runWithOptions(GlobalObject*, CommandLine&, bool&) /root/WebKit/Source/JavaScriptCore/jsc.cpp:3957:35 (jsc+0x1caf15)
    #5 jscmain(int, char**)::$_0::operator()(JSC::VM&, GlobalObject*, bool&) const /root/WebKit/Source/JavaScriptCore/jsc.cpp:4686:13 (jsc+0x1caf15)
    #6 int runJSC<jscmain(int, char**)::$_0>(CommandLine const&, bool, jscmain(int, char**)::$_0 const&) /root/WebKit/Source/JavaScriptCore/jsc.cpp:4472:13 (jsc+0x1caf15)
    #7 jscmain(int, char**) /root/WebKit/Source/JavaScriptCore/jsc.cpp:4679:18 (jsc+0x1caf15)
    #8 main /root/WebKit/Source/JavaScriptCore/jsc.cpp:3715:15 (jsc+0x1c9793)

  Location is heap block of size 6 at 0x720400000550 allocated by main thread:
    #0 malloc /home/runner/work/llvm-project/llvm-project/compiler-rt/lib/tsan/rtl/tsan_interceptors_posix.cpp:682:5 (jsc+0x13dc20)
    #1 bmalloc::api::malloc(unsigned long, bmalloc::CompactAllocationMode, bmalloc::HeapKind) /root/WebKit/WebKitBuild/TSan/bmalloc/Headers/bmalloc/bmalloc.h:96:20 (jsc+0x25762a9)
    #2 WTF::fastMalloc(unsigned long) /root/WebKit/Source/WTF/wtf/FastMalloc.cpp:337:20 (jsc+0x25762a9)
    #3 WTF::FastMalloc::malloc(unsigned long) /root/WebKit/WebKitBuild/TSan/WTF/Headers/wtf/FastMalloc.h:235:47 (jsc+0x3b8327)
    #4 WTF::EmbeddedFixedVector<JSC::BinaryArithProfile, WTF::FastMalloc>::create(unsigned int) /root/WebKit/WebKitBuild/TSan/WTF/Headers/wtf/EmbeddedFixedVector.h:51:43 (jsc+0x3b8327)
    #5 WTF::FixedVector<JSC::BinaryArithProfile, WTF::FastMalloc>::FixedVector(unsigned long) /root/WebKit/WebKitBuild/TSan/WTF/Headers/wtf/FixedVector.h:86:28 (jsc+0x3b8327)
    #6 JSC::UnlinkedCodeBlock::allocateSharedProfiles(unsigned int, unsigned int) /root/WebKit/Source/JavaScriptCore/bytecode/UnlinkedCodeBlock.cpp:347:29 (jsc+0x3b8327)
    #7 JSC::UnlinkedCodeBlockGenerator::finalize(std::unique_ptr<JSC::InstructionStream<JSC::BaseInstruction<JSC::JSOpcodeTraits>>, std::default_delete<JSC::InstructionStream<JSC::BaseInstruction<JSC::JSOpcodeTraits>>>>) /root/WebKit/Source/JavaScriptCore/bytecode/UnlinkedCodeBlockGenerator.cpp:67:22 (jsc+0x3b88ed)
    #8 JSC::BytecodeGenerator::generate(unsigned int&) /root/WebKit/Source/JavaScriptCore/bytecompiler/BytecodeGenerator.cpp:422:18 (jsc+0x3c8ce8)
    #9 JSC::ParserError JSC::BytecodeGenerator::generate<JSC::FunctionNode, JSC::UnlinkedFunctionCodeBlock>(JSC::VM&, JSC::FunctionNode*, JSC::SourceCode const&, JSC::UnlinkedFunctionCodeBlock*, WTF::OptionSet<JSC::CodeGenerationMode, (WTF::ConcurrencyTag)0>, WTF::RefPtr<JSC::TDZEnvironmentLink, WTF::RawPtrTraits<JSC::TDZEnvironmentLink>, WTF::DefaultRefDerefTraits<JSC::TDZEnvironmentLink>> const&, WTF::FixedVector<JSC::Identifier, WTF::FastMalloc> const*, WTF::HashMap<WTF::RefPtr<WTF::UniquedStringImpl, WTF::PackedPtrTraits<WTF::UniquedStringImpl>, WTF::DefaultRefDerefTraits<WTF::UniquedStringImpl>>, JSC::PrivateNameEntry, JSC::IdentifierRepHash, WTF::HashTraits<WTF::RefPtr<WTF::UniquedStringImpl, WTF::RawPtrTraits<WTF::UniquedStringImpl>, WTF::DefaultRefDerefTraits<WTF::UniquedStringImpl>>>, JSC::PrivateNameEntryHashTraits, WTF::HashTableTraits, (WTF::ShouldValidateKey)0, WTF::FastMalloc> const*) /root/WebKit/Source/JavaScriptCore/bytecompiler/BytecodeGenerator.h:407:46 (jsc+0x3bff90)
    #10 JSC::generateUnlinkedFunctionCodeBlock(JSC::VM&, JSC::UnlinkedFunctionExecutable*, JSC::SourceCode const&, JSC::CodeSpecializationKind, WTF::OptionSet<JSC::CodeGenerationMode, (WTF::ConcurrencyTag)0>, JSC::UnlinkedFunctionKind, JSC::ParserError&, JSC::SourceParseMode) /root/WebKit/Source/JavaScriptCore/bytecode/UnlinkedFunctionExecutable.cpp:166:13 (jsc+0x3bda19)
    #11 JSC::UnlinkedFunctionExecutable::unlinkedCodeBlockFor(JSC::VM&, JSC::SourceCode const&, JSC::CodeSpecializationKind, WTF::OptionSet<JSC::CodeGenerationMode, (WTF::ConcurrencyTag)0>, JSC::ParserError&, JSC::SourceParseMode) /root/WebKit/Source/JavaScriptCore/bytecode/UnlinkedFunctionExecutable.cpp:354:41 (jsc+0x3bda19)
    #12 JSC::ScriptExecutable::newCodeBlockFor(JSC::CodeSpecializationKind, JSC::JSFunction*, JSC::JSScope*) /root/WebKit/Source/JavaScriptCore/runtime/ScriptExecutable.cpp:488:43 (jsc+0x187eb48)
    #13 JSC::ScriptExecutable::prepareForExecutionImpl(JSC::VM&, JSC::JSFunction*, JSC::JSScope*, JSC::CodeSpecializationKind, JSC::CodeBlock*&) /root/WebKit/Source/JavaScriptCore/runtime/ScriptExecutable.cpp:606:28 (jsc+0x187f514)
    #14 void JSC::ScriptExecutable::prepareForExecution<JSC::FunctionExecutable>(JSC::VM&, JSC::JSFunction*, JSC::JSScope*, JSC::CodeSpecializationKind, JSC::CodeBlock*&) /root/WebKit/Source/JavaScriptCore/bytecode/CodeBlock.h:1140:5 (jsc+0xfa88f3)
    #15 JSC::linkFor(JSC::VM&, JSC::JSCell*, JSC::CallFrame*, JSC::CallLinkInfo*) /root/WebKit/Source/JavaScriptCore/bytecode/RepatchInlines.h:192:29 (jsc+0xfa88f3)
    #16 operationDefaultCall /root/WebKit/Source/JavaScriptCore/jit/JITOperations.cpp:2600:24 (jsc+0xfa8166)
    #17 <null> <null> (0x7fa45edff017)
    #18 JSC::evaluate(JSC::JSGlobalObject*, JSC::SourceCode const&, JSC::JSValue, WTF::NakedPtr<JSC::Exception>&) /root/WebKit/Source/JavaScriptCore/runtime/Completion.cpp:145:37 (jsc+0x13af265)
    #19 runWithOptions(GlobalObject*, CommandLine&, bool&) /root/WebKit/Source/JavaScriptCore/jsc.cpp:3957:35 (jsc+0x1caf15)
    #20 jscmain(int, char**)::$_0::operator()(JSC::VM&, GlobalObject*, bool&) const /root/WebKit/Source/JavaScriptCore/jsc.cpp:4686:13 (jsc+0x1caf15)
    #21 int runJSC<jscmain(int, char**)::$_0>(CommandLine const&, bool, jscmain(int, char**)::$_0 const&) /root/WebKit/Source/JavaScriptCore/jsc.cpp:4472:13 (jsc+0x1caf15)
    #22 jscmain(int, char**) /root/WebKit/Source/JavaScriptCore/jsc.cpp:4679:18 (jsc+0x1caf15)
    #23 main /root/WebKit/Source/JavaScriptCore/jsc.cpp:3715:15 (jsc+0x1c9793)

  Thread T2 'JITWorker' (tid=1726548, running) created by main thread at:
    #0 pthread_create /home/runner/work/llvm-project/llvm-project/compiler-rt/lib/tsan/rtl/tsan_interceptors_posix.cpp:1090:3 (jsc+0x13ff1a)
    #1 WTF::Thread::establishHandle(WTF::Thread::NewThreadContext&, WTF::StackAllocationSpecification, WTF::ThreadQOS, WTF::ThreadSchedulingPolicy) /root/WebKit/Source/WTF/wtf/posix/ThreadingPOSIX.cpp:354:17 (jsc+0x25efd35)
    #2 WTF::Thread::create(WTF::ASCIILiteral, WTF::Function<void ()>&&, WTF::ThreadType, WTF::ThreadQOS, WTF::ThreadSchedulingPolicy, WTF::StackAllocationSpecification) /root/WebKit/Source/WTF/wtf/Threading.cpp:330:32 (jsc+0x25937d3)
    #3 WTF::AutomaticThread::start(WTF::AbstractLocker const&) /root/WebKit/Source/WTF/wtf/AutomaticThread.cpp:189:5 (jsc+0x2566b89)
    #4 WTF::AutomaticThreadCondition::notifyOne(WTF::AbstractLocker const&) /root/WebKit/Source/WTF/wtf/AutomaticThread.cpp:60:21 (jsc+0x2566989)
    #5 JSC::JITWorklist::wakeThreads(WTF::AbstractLocker const&, unsigned int) /root/WebKit/Source/JavaScriptCore/jit/JITWorklist.cpp:162:25 (jsc+0x10323e6)
    #6 JSC::JITWorklist::enqueue(WTF::Ref<JSC::JITPlan, WTF::RawPtrTraits<JSC::JITPlan>, WTF::DefaultRefDerefTraits<JSC::JITPlan>>) /root/WebKit/Source/JavaScriptCore/jit/JITWorklist.cpp:246:5 (jsc+0x1032c4f)
    #7 JSC::LLInt::jitCompileAndSetHeuristics(JSC::VM&, JSC::CodeBlock*) /root/WebKit/Source/JavaScriptCore/llint/LLIntSlowPaths.cpp:497:45 (jsc+0x106c66e)
    #8 JSC::LLInt::entryOSR(JSC::CodeBlock*, char const*, JSC::LLInt::EntryKind) /root/WebKit/Source/JavaScriptCore/llint/LLIntSlowPaths.cpp:519:10 (jsc+0x106b952)
    #9 llint_entry_osr_function_for_construct_arityCheck /root/WebKit/Source/JavaScriptCore/llint/LLIntSlowPaths.cpp:564:12 (jsc+0x106bd30)
    #10 llint_function_for_construct_arity_check LowLevelInterpreter.cpp (jsc+0x1de47b9)
    #11 JSC::evaluate(JSC::JSGlobalObject*, JSC::SourceCode const&, JSC::JSValue, WTF::NakedPtr<JSC::Exception>&) /root/WebKit/Source/JavaScriptCore/runtime/Completion.cpp:145:37 (jsc+0x13af265)
    #12 runWithOptions(GlobalObject*, CommandLine&, bool&) /root/WebKit/Source/JavaScriptCore/jsc.cpp:3957:35 (jsc+0x1caf15)
    #13 jscmain(int, char**)::$_0::operator()(JSC::VM&, GlobalObject*, bool&) const /root/WebKit/Source/JavaScriptCore/jsc.cpp:4686:13 (jsc+0x1caf15)
    #14 int runJSC<jscmain(int, char**)::$_0>(CommandLine const&, bool, jscmain(int, char**)::$_0 const&) /root/WebKit/Source/JavaScriptCore/jsc.cpp:4472:13 (jsc+0x1caf15)
    #15 jscmain(int, char**) /root/WebKit/Source/JavaScriptCore/jsc.cpp:4679:18 (jsc+0x1caf15)
    #16 main /root/WebKit/Source/JavaScriptCore/jsc.cpp:3715:15 (jsc+0x1c9793)

SUMMARY: ThreadSanitizer: data race /root/WebKit/Source/JavaScriptCore/bytecode/ArithProfile.h:323:75 in JSC::BinaryArithProfile::lhsObservedType() const
==================
==================
WARNING: ThreadSanitizer: data race (pid=1726538)
  Write of size 2 at 0x720400000504 by main thread:
    #0 JSC::BinaryArithProfile::observeLHSAndRHS(JSC::JSValue, JSC::JSValue) /root/WebKit/Source/JavaScriptCore/bytecode/ArithProfile.h:379:16 (jsc+0x1395c76)
    #1 slow_path_add /root/WebKit/Source/JavaScriptCore/runtime/CommonSlowPaths.cpp:604:18 (jsc+0x1395c76)
    #2 llint_op_add LowLevelInterpreter.cpp (jsc+0x1de7a7d)
    #3 JSC::evaluate(JSC::JSGlobalObject*, JSC::SourceCode const&, JSC::JSValue, WTF::NakedPtr<JSC::Exception>&) /root/WebKit/Source/JavaScriptCore/runtime/Completion.cpp:145:37 (jsc+0x13af265)
    #4 runWithOptions(GlobalObject*, CommandLine&, bool&) /root/WebKit/Source/JavaScriptCore/jsc.cpp:3957:35 (jsc+0x1caf15)
    #5 jscmain(int, char**)::$_0::operator()(JSC::VM&, GlobalObject*, bool&) const /root/WebKit/Source/JavaScriptCore/jsc.cpp:4686:13 (jsc+0x1caf15)
    #6 int runJSC<jscmain(int, char**)::$_0>(CommandLine const&, bool, jscmain(int, char**)::$_0 const&) /root/WebKit/Source/JavaScriptCore/jsc.cpp:4472:13 (jsc+0x1caf15)
    #7 jscmain(int, char**) /root/WebKit/Source/JavaScriptCore/jsc.cpp:4679:18 (jsc+0x1caf15)
    #8 main /root/WebKit/Source/JavaScriptCore/jsc.cpp:3715:15 (jsc+0x1c9793)

  Previous read of size 2 at 0x720400000504 by thread T1:
    #0 JSC::BinaryArithProfile::lhsObservedType() const /root/WebKit/Source/JavaScriptCore/bytecode/ArithProfile.h:323:75 (jsc+0xa46395)
    #1 JSC::BinaryArithProfile::isObservedTypeEmpty() /root/WebKit/Source/JavaScriptCore/bytecode/ArithProfile.h:384:16 (jsc+0xa46395)
    #2 JSC::JITMathIC<JSC::JITAddGenerator, JSC::BinaryArithProfile>::generateInline(JSC::CCallHelpers&, JSC::MathICGenerationState&, bool) /root/WebKit/Source/JavaScriptCore/jit/JITMathIC.h:78:47 (jsc+0xa46395)
    #3 void JSC::JIT::emitMathICFast<JSC::OpAdd, JSC::JITAddGenerator, JSC::ExceptionOperationResult<long> (*)(JSC::JSGlobalObject*, long, long, JSC::BinaryArithProfile*), JSC::ExceptionOperationResult<long> (*)(JSC::JSGlobalObject*, long, long)>(JSC::JITBinaryMathIC<JSC::JITAddGenerator>*, JSC::BaseInstruction<JSC::JSOpcodeTraits> const*, JSC::ExceptionOperationResult<long> (*)(JSC::JSGlobalObject*, long, long, JSC::BinaryArithProfile*), JSC::ExceptionOperationResult<long> (*)(JSC::JSGlobalObject*, long, long)) /root/WebKit/Source/JavaScriptCore/jit/JITArithmetic.cpp:895:40 (jsc+0xed2d4d)
    #4 JSC::JIT::emit_op_add(JSC::BaseInstruction<JSC::JSOpcodeTraits> const*) /root/WebKit/Source/JavaScriptCore/jit/JITArithmetic.cpp:797:5 (jsc+0xeb5472)
    #5 JSC::JIT::privateCompileMainPass() /root/WebKit/Source/JavaScriptCore/jit/JIT.cpp:277:9 (jsc+0xeb42f1)
    #6 JSC::JIT::compileAndLinkWithoutFinalizing(JSC::JITCompilationEffort) /root/WebKit/Source/JavaScriptCore/jit/JIT.cpp:813:5 (jsc+0xec16a9)
    #7 JSC::BaselineJITPlan::compileInThreadImpl(JSC::JITCompilationEffort) /root/WebKit/Source/JavaScriptCore/jit/BaselineJITPlan.cpp:67:32 (jsc+0xe9cb38)
    #8 JSC::BaselineJITPlan::compileInThreadImpl() /root/WebKit/Source/JavaScriptCore/jit/BaselineJITPlan.cpp:78:12 (jsc+0xe9ccdb)
    #9 JSC::JITPlan::compileInThread(JSC::JITWorklistThread*) /root/WebKit/Source/JavaScriptCore/jit/JITPlan.cpp:283:28 (jsc+0xfcd84d)
    #10 JSC::JITWorklistThread::work() /root/WebKit/Source/JavaScriptCore/jit/JITWorklistThread.cpp:145:13 (jsc+0x1037fcb)
    #11 WTF::AutomaticThread::start(WTF::AbstractLocker const&)::$_0::operator()() const /root/WebKit/Source/WTF/wtf/AutomaticThread.cpp:260:37 (jsc+0x256810c)
    #12 WTF::Detail::CallableWrapper<WTF::AutomaticThread::start(WTF::AbstractLocker const&)::$_0, void>::call() /root/WebKit/Source/WTF/wtf/Function.h:59:39 (jsc+0x256810c)
    #13 WTF::Function<void ()>::operator()() const /root/WebKit/Source/WTF/wtf/Function.h:103:35 (jsc+0x2593495)
    #14 WTF::Thread::entryPoint(WTF::Thread::NewThreadContext*) /root/WebKit/Source/WTF/wtf/Threading.cpp:312:5 (jsc+0x2593495)
    #15 WTF::wtfThreadEntryPoint(void*) /root/WebKit/Source/WTF/wtf/posix/ThreadingPOSIX.cpp:264:5 (jsc+0x25efe49)

  Location is heap block of size 6 at 0x720400000500 allocated by main thread:
    #0 malloc /home/runner/work/llvm-project/llvm-project/compiler-rt/lib/tsan/rtl/tsan_interceptors_posix.cpp:682:5 (jsc+0x13dc20)
    #1 bmalloc::api::malloc(unsigned long, bmalloc::CompactAllocationMode, bmalloc::HeapKind) /root/WebKit/WebKitBuild/TSan/bmalloc/Headers/bmalloc/bmalloc.h:96:20 (jsc+0x25762a9)
    #2 WTF::fastMalloc(unsigned long) /root/WebKit/Source/WTF/wtf/FastMalloc.cpp:337:20 (jsc+0x25762a9)
    #3 WTF::FastMalloc::malloc(unsigned long) /root/WebKit/WebKitBuild/TSan/WTF/Headers/wtf/FastMalloc.h:235:47 (jsc+0x3b8327)
    #4 WTF::EmbeddedFixedVector<JSC::BinaryArithProfile, WTF::FastMalloc>::create(unsigned int) /root/WebKit/WebKitBuild/TSan/WTF/Headers/wtf/EmbeddedFixedVector.h:51:43 (jsc+0x3b8327)
    #5 WTF::FixedVector<JSC::BinaryArithProfile, WTF::FastMalloc>::FixedVector(unsigned long) /root/WebKit/WebKitBuild/TSan/WTF/Headers/wtf/FixedVector.h:86:28 (jsc+0x3b8327)
    #6 JSC::UnlinkedCodeBlock::allocateSharedProfiles(unsigned int, unsigned int) /root/WebKit/Source/JavaScriptCore/bytecode/UnlinkedCodeBlock.cpp:347:29 (jsc+0x3b8327)
    #7 JSC::UnlinkedCodeBlockGenerator::finalize(std::unique_ptr<JSC::InstructionStream<JSC::BaseInstruction<JSC::JSOpcodeTraits>>, std::default_delete<JSC::InstructionStream<JSC::BaseInstruction<JSC::JSOpcodeTraits>>>>) /root/WebKit/Source/JavaScriptCore/bytecode/UnlinkedCodeBlockGenerator.cpp:67:22 (jsc+0x3b88ed)
    #8 JSC::BytecodeGenerator::generate(unsigned int&) /root/WebKit/Source/JavaScriptCore/bytecompiler/BytecodeGenerator.cpp:422:18 (jsc+0x3c8ce8)
    #9 JSC::ParserError JSC::BytecodeGenerator::generate<JSC::FunctionNode, JSC::UnlinkedFunctionCodeBlock>(JSC::VM&, JSC::FunctionNode*, JSC::SourceCode const&, JSC::UnlinkedFunctionCodeBlock*, WTF::OptionSet<JSC::CodeGenerationMode, (WTF::ConcurrencyTag)0>, WTF::RefPtr<JSC::TDZEnvironmentLink, WTF::RawPtrTraits<JSC::TDZEnvironmentLink>, WTF::DefaultRefDerefTraits<JSC::TDZEnvironmentLink>> const&, WTF::FixedVector<JSC::Identifier, WTF::FastMalloc> const*, WTF::HashMap<WTF::RefPtr<WTF::UniquedStringImpl, WTF::PackedPtrTraits<WTF::UniquedStringImpl>, WTF::DefaultRefDerefTraits<WTF::UniquedStringImpl>>, JSC::PrivateNameEntry, JSC::IdentifierRepHash, WTF::HashTraits<WTF::RefPtr<WTF::UniquedStringImpl, WTF::RawPtrTraits<WTF::UniquedStringImpl>, WTF::DefaultRefDerefTraits<WTF::UniquedStringImpl>>>, JSC::PrivateNameEntryHashTraits, WTF::HashTableTraits, (WTF::ShouldValidateKey)0, WTF::FastMalloc> const*) /root/WebKit/Source/JavaScriptCore/bytecompiler/BytecodeGenerator.h:407:46 (jsc+0x3bff90)
    #10 JSC::generateUnlinkedFunctionCodeBlock(JSC::VM&, JSC::UnlinkedFunctionExecutable*, JSC::SourceCode const&, JSC::CodeSpecializationKind, WTF::OptionSet<JSC::CodeGenerationMode, (WTF::ConcurrencyTag)0>, JSC::UnlinkedFunctionKind, JSC::ParserError&, JSC::SourceParseMode) /root/WebKit/Source/JavaScriptCore/bytecode/UnlinkedFunctionExecutable.cpp:166:13 (jsc+0x3bda19)
    #11 JSC::UnlinkedFunctionExecutable::unlinkedCodeBlockFor(JSC::VM&, JSC::SourceCode const&, JSC::CodeSpecializationKind, WTF::OptionSet<JSC::CodeGenerationMode, (WTF::ConcurrencyTag)0>, JSC::ParserError&, JSC::SourceParseMode) /root/WebKit/Source/JavaScriptCore/bytecode/UnlinkedFunctionExecutable.cpp:354:41 (jsc+0x3bda19)
    #12 JSC::ScriptExecutable::newCodeBlockFor(JSC::CodeSpecializationKind, JSC::JSFunction*, JSC::JSScope*) /root/WebKit/Source/JavaScriptCore/runtime/ScriptExecutable.cpp:488:43 (jsc+0x187eb48)
    #13 JSC::ScriptExecutable::prepareForExecutionImpl(JSC::VM&, JSC::JSFunction*, JSC::JSScope*, JSC::CodeSpecializationKind, JSC::CodeBlock*&) /root/WebKit/Source/JavaScriptCore/runtime/ScriptExecutable.cpp:606:28 (jsc+0x187f514)
    #14 void JSC::ScriptExecutable::prepareForExecution<JSC::FunctionExecutable>(JSC::VM&, JSC::JSFunction*, JSC::JSScope*, JSC::CodeSpecializationKind, JSC::CodeBlock*&) /root/WebKit/Source/JavaScriptCore/bytecode/CodeBlock.h:1140:5 (jsc+0xfa88f3)
    #15 JSC::linkFor(JSC::VM&, JSC::JSCell*, JSC::CallFrame*, JSC::CallLinkInfo*) /root/WebKit/Source/JavaScriptCore/bytecode/RepatchInlines.h:192:29 (jsc+0xfa88f3)
    #16 operationDefaultCall /root/WebKit/Source/JavaScriptCore/jit/JITOperations.cpp:2600:24 (jsc+0xfa8166)
    #17 <null> <null> (0x7fa45edff017)
    #18 JSC::evaluate(JSC::JSGlobalObject*, JSC::SourceCode const&, JSC::JSValue, WTF::NakedPtr<JSC::Exception>&) /root/WebKit/Source/JavaScriptCore/runtime/Completion.cpp:145:37 (jsc+0x13af265)
    #19 runWithOptions(GlobalObject*, CommandLine&, bool&) /root/WebKit/Source/JavaScriptCore/jsc.cpp:3957:35 (jsc+0x1caf15)
    #20 jscmain(int, char**)::$_0::operator()(JSC::VM&, GlobalObject*, bool&) const /root/WebKit/Source/JavaScriptCore/jsc.cpp:4686:13 (jsc+0x1caf15)
    #21 int runJSC<jscmain(int, char**)::$_0>(CommandLine const&, bool, jscmain(int, char**)::$_0 const&) /root/WebKit/Source/JavaScriptCore/jsc.cpp:4472:13 (jsc+0x1caf15)
    #22 jscmain(int, char**) /root/WebKit/Source/JavaScriptCore/jsc.cpp:4679:18 (jsc+0x1caf15)
    #23 main /root/WebKit/Source/JavaScriptCore/jsc.cpp:3715:15 (jsc+0x1c9793)

  Thread T1 'JITWorker' (tid=1726547, running) created by main thread at:
    #0 pthread_create /home/runner/work/llvm-project/llvm-project/compiler-rt/lib/tsan/rtl/tsan_interceptors_posix.cpp:1090:3 (jsc+0x13ff1a)
    #1 WTF::Thread::establishHandle(WTF::Thread::NewThreadContext&, WTF::StackAllocationSpecification, WTF::ThreadQOS, WTF::ThreadSchedulingPolicy) /root/WebKit/Source/WTF/wtf/posix/ThreadingPOSIX.cpp:354:17 (jsc+0x25efd35)
    #2 WTF::Thread::create(WTF::ASCIILiteral, WTF::Function<void ()>&&, WTF::ThreadType, WTF::ThreadQOS, WTF::ThreadSchedulingPolicy, WTF::StackAllocationSpecification) /root/WebKit/Source/WTF/wtf/Threading.cpp:330:32 (jsc+0x25937d3)
    #3 WTF::AutomaticThread::start(WTF::AbstractLocker const&) /root/WebKit/Source/WTF/wtf/AutomaticThread.cpp:189:5 (jsc+0x2566b89)
    #4 WTF::AutomaticThreadCondition::notifyOne(WTF::AbstractLocker const&) /root/WebKit/Source/WTF/wtf/AutomaticThread.cpp:60:21 (jsc+0x2566989)
    #5 JSC::JITWorklist::wakeThreads(WTF::AbstractLocker const&, unsigned int) /root/WebKit/Source/JavaScriptCore/jit/JITWorklist.cpp:162:25 (jsc+0x10323e6)
    #6 JSC::JITWorklist::enqueue(WTF::Ref<JSC::JITPlan, WTF::RawPtrTraits<JSC::JITPlan>, WTF::DefaultRefDerefTraits<JSC::JITPlan>>) /root/WebKit/Source/JavaScriptCore/jit/JITWorklist.cpp:246:5 (jsc+0x1032c4f)
    #7 JSC::LLInt::jitCompileAndSetHeuristics(JSC::VM&, JSC::CodeBlock*) /root/WebKit/Source/JavaScriptCore/llint/LLIntSlowPaths.cpp:497:45 (jsc+0x106c66e)
    #8 JSC::LLInt::entryOSR(JSC::CodeBlock*, char const*, JSC::LLInt::EntryKind) /root/WebKit/Source/JavaScriptCore/llint/LLIntSlowPaths.cpp:519:10 (jsc+0x106b952)
    #9 llint_entry_osr_function_for_construct_arityCheck /root/WebKit/Source/JavaScriptCore/llint/LLIntSlowPaths.cpp:564:12 (jsc+0x106bd30)
    #10 llint_function_for_construct_arity_check LowLevelInterpreter.cpp (jsc+0x1de47b9)
    #11 JSC::evaluate(JSC::JSGlobalObject*, JSC::SourceCode const&, JSC::JSValue, WTF::NakedPtr<JSC::Exception>&) /root/WebKit/Source/JavaScriptCore/runtime/Completion.cpp:145:37 (jsc+0x13af265)
    #12 runWithOptions(GlobalObject*, CommandLine&, bool&) /root/WebKit/Source/JavaScriptCore/jsc.cpp:3957:35 (jsc+0x1caf15)
    #13 jscmain(int, char**)::$_0::operator()(JSC::VM&, GlobalObject*, bool&) const /root/WebKit/Source/JavaScriptCore/jsc.cpp:4686:13 (jsc+0x1caf15)
    #14 int runJSC<jscmain(int, char**)::$_0>(CommandLine const&, bool, jscmain(int, char**)::$_0 const&) /root/WebKit/Source/JavaScriptCore/jsc.cpp:4472:13 (jsc+0x1caf15)
    #15 jscmain(int, char**) /root/WebKit/Source/JavaScriptCore/jsc.cpp:4679:18 (jsc+0x1caf15)
    #16 main /root/WebKit/Source/JavaScriptCore/jsc.cpp:3715:15 (jsc+0x1c9793)

SUMMARY: ThreadSanitizer: data race /root/WebKit/Source/JavaScriptCore/bytecode/ArithProfile.h:379:16 in JSC::BinaryArithProfile::observeLHSAndRHS(JSC::JSValue, JSC::JSValue)
==================
==================
WARNING: ThreadSanitizer: data race (pid=1726538)
  Write of size 8 at 0x55c967586b70 by thread T2:
    #0 JSC::LinkBuffer::performFinalization() /root/WebKit/Source/JavaScriptCore/assembler/LinkBuffer.cpp:578:71 (jsc+0x26e9ee)
    #1 JSC::LinkBuffer::finalizeCodeWithoutDisassemblyImpl(WTF::ASCIILiteral) /root/WebKit/Source/JavaScriptCore/assembler/LinkBuffer.cpp:67:5 (jsc+0x26e9ee)
    #2 JSC::MacroAssemblerCodeRef<(WTF::PtrTag)357> JSC::LinkBuffer::finalizeCodeWithoutDisassembly<(WTF::PtrTag)357>(WTF::ASCIILiteral) /root/WebKit/Source/JavaScriptCore/assembler/LinkBuffer.h:349:16 (jsc+0xec4307)
    #3 JSC::JIT::link(JSC::LinkBuffer&)::$_1::operator()() const /root/WebKit/Source/JavaScriptCore/jit/JIT.cpp:996:37 (jsc+0xec4307)
    #4 JSC::JIT::link(JSC::LinkBuffer&) /root/WebKit/Source/JavaScriptCore/jit/JIT.cpp:996:37 (jsc+0xec4307)
    #5 JSC::JIT::compileAndLinkWithoutFinalizing(JSC::JITCompilationEffort) /root/WebKit/Source/JavaScriptCore/jit/JIT.cpp:872:12 (jsc+0xec230c)
    #6 JSC::BaselineJITPlan::compileInThreadImpl(JSC::JITCompilationEffort) /root/WebKit/Source/JavaScriptCore/jit/BaselineJITPlan.cpp:67:32 (jsc+0xe9cb38)
    #7 JSC::BaselineJITPlan::compileInThreadImpl() /root/WebKit/Source/JavaScriptCore/jit/BaselineJITPlan.cpp:78:12 (jsc+0xe9ccdb)
    #8 JSC::JITPlan::compileInThread(JSC::JITWorklistThread*) /root/WebKit/Source/JavaScriptCore/jit/JITPlan.cpp:283:28 (jsc+0xfcd84d)
    #9 JSC::JITWorklistThread::work() /root/WebKit/Source/JavaScriptCore/jit/JITWorklistThread.cpp:145:13 (jsc+0x1037fcb)
    #10 WTF::AutomaticThread::start(WTF::AbstractLocker const&)::$_0::operator()() const /root/WebKit/Source/WTF/wtf/AutomaticThread.cpp:260:37 (jsc+0x256810c)
    #11 WTF::Detail::CallableWrapper<WTF::AutomaticThread::start(WTF::AbstractLocker const&)::$_0, void>::call() /root/WebKit/Source/WTF/wtf/Function.h:59:39 (jsc+0x256810c)
    #12 WTF::Function<void ()>::operator()() const /root/WebKit/Source/WTF/wtf/Function.h:103:35 (jsc+0x2593495)
    #13 WTF::Thread::entryPoint(WTF::Thread::NewThreadContext*) /root/WebKit/Source/WTF/wtf/Threading.cpp:312:5 (jsc+0x2593495)
    #14 WTF::wtfThreadEntryPoint(void*) /root/WebKit/Source/WTF/wtf/posix/ThreadingPOSIX.cpp:264:5 (jsc+0x25efe49)

  Previous write of size 8 at 0x55c967586b70 by thread T1:
    #0 JSC::LinkBuffer::performFinalization() /root/WebKit/Source/JavaScriptCore/assembler/LinkBuffer.cpp:578:71 (jsc+0x26e9ee)
    #1 JSC::LinkBuffer::finalizeCodeWithoutDisassemblyImpl(WTF::ASCIILiteral) /root/WebKit/Source/JavaScriptCore/assembler/LinkBuffer.cpp:67:5 (jsc+0x26e9ee)
    #2 JSC::MacroAssemblerCodeRef<(WTF::PtrTag)357> JSC::LinkBuffer::finalizeCodeWithoutDisassembly<(WTF::PtrTag)357>(WTF::ASCIILiteral) /root/WebKit/Source/JavaScriptCore/assembler/LinkBuffer.h:349:16 (jsc+0xec4307)
    #3 JSC::JIT::link(JSC::LinkBuffer&)::$_1::operator()() const /root/WebKit/Source/JavaScriptCore/jit/JIT.cpp:996:37 (jsc+0xec4307)
    #4 JSC::JIT::link(JSC::LinkBuffer&) /root/WebKit/Source/JavaScriptCore/jit/JIT.cpp:996:37 (jsc+0xec4307)
    #5 JSC::JIT::compileAndLinkWithoutFinalizing(JSC::JITCompilationEffort) /root/WebKit/Source/JavaScriptCore/jit/JIT.cpp:872:12 (jsc+0xec230c)
    #6 JSC::BaselineJITPlan::compileInThreadImpl(JSC::JITCompilationEffort) /root/WebKit/Source/JavaScriptCore/jit/BaselineJITPlan.cpp:67:32 (jsc+0xe9cb38)
    #7 JSC::BaselineJITPlan::compileInThreadImpl() /root/WebKit/Source/JavaScriptCore/jit/BaselineJITPlan.cpp:78:12 (jsc+0xe9ccdb)
    #8 JSC::JITPlan::compileInThread(JSC::JITWorklistThread*) /root/WebKit/Source/JavaScriptCore/jit/JITPlan.cpp:283:28 (jsc+0xfcd84d)
    #9 JSC::JITWorklistThread::work() /root/WebKit/Source/JavaScriptCore/jit/JITWorklistThread.cpp:145:13 (jsc+0x1037fcb)
    #10 WTF::AutomaticThread::start(WTF::AbstractLocker const&)::$_0::operator()() const /root/WebKit/Source/WTF/wtf/AutomaticThread.cpp:260:37 (jsc+0x256810c)
    #11 WTF::Detail::CallableWrapper<WTF::AutomaticThread::start(WTF::AbstractLocker const&)::$_0, void>::call() /root/WebKit/Source/WTF/wtf/Function.h:59:39 (jsc+0x256810c)
    #12 WTF::Function<void ()>::operator()() const /root/WebKit/Source/WTF/wtf/Function.h:103:35 (jsc+0x2593495)
    #13 WTF::Thread::entryPoint(WTF::Thread::NewThreadContext*) /root/WebKit/Source/WTF/wtf/Threading.cpp:312:5 (jsc+0x2593495)
    #14 WTF::wtfThreadEntryPoint(void*) /root/WebKit/Source/WTF/wtf/posix/ThreadingPOSIX.cpp:264:5 (jsc+0x25efe49)

  Location is global 'JSC::LinkBuffer::s_profileCummulativeLinkedSizes' of size 160 at 0x55c967586b70 (jsc+0x58f0b70)

  Thread T2 'JITWorker' (tid=1726548, running) created by main thread at:
    #0 pthread_create /home/runner/work/llvm-project/llvm-project/compiler-rt/lib/tsan/rtl/tsan_interceptors_posix.cpp:1090:3 (jsc+0x13ff1a)
    #1 WTF::Thread::establishHandle(WTF::Thread::NewThreadContext&, WTF::StackAllocationSpecification, WTF::ThreadQOS, WTF::ThreadSchedulingPolicy) /root/WebKit/Source/WTF/wtf/posix/ThreadingPOSIX.cpp:354:17 (jsc+0x25efd35)
    #2 WTF::Thread::create(WTF::ASCIILiteral, WTF::Function<void ()>&&, WTF::ThreadType, WTF::ThreadQOS, WTF::ThreadSchedulingPolicy, WTF::StackAllocationSpecification) /root/WebKit/Source/WTF/wtf/Threading.cpp:330:32 (jsc+0x25937d3)
    #3 WTF::AutomaticThread::start(WTF::AbstractLocker const&) /root/WebKit/Source/WTF/wtf/AutomaticThread.cpp:189:5 (jsc+0x2566b89)
    #4 WTF::AutomaticThreadCondition::notifyOne(WTF::AbstractLocker const&) /root/WebKit/Source/WTF/wtf/AutomaticThread.cpp:60:21 (jsc+0x2566989)
    #5 JSC::JITWorklist::wakeThreads(WTF::AbstractLocker const&, unsigned int) /root/WebKit/Source/JavaScriptCore/jit/JITWorklist.cpp:162:25 (jsc+0x10323e6)
    #6 JSC::JITWorklist::enqueue(WTF::Ref<JSC::JITPlan, WTF::RawPtrTraits<JSC::JITPlan>, WTF::DefaultRefDerefTraits<JSC::JITPlan>>) /root/WebKit/Source/JavaScriptCore/jit/JITWorklist.cpp:246:5 (jsc+0x1032c4f)
    #7 JSC::LLInt::jitCompileAndSetHeuristics(JSC::VM&, JSC::CodeBlock*) /root/WebKit/Source/JavaScriptCore/llint/LLIntSlowPaths.cpp:497:45 (jsc+0x106c66e)
    #8 JSC::LLInt::entryOSR(JSC::CodeBlock*, char const*, JSC::LLInt::EntryKind) /root/WebKit/Source/JavaScriptCore/llint/LLIntSlowPaths.cpp:519:10 (jsc+0x106b952)
    #9 llint_entry_osr_function_for_construct_arityCheck /root/WebKit/Source/JavaScriptCore/llint/LLIntSlowPaths.cpp:564:12 (jsc+0x106bd30)
    #10 llint_function_for_construct_arity_check LowLevelInterpreter.cpp (jsc+0x1de47b9)
    #11 JSC::evaluate(JSC::JSGlobalObject*, JSC::SourceCode const&, JSC::JSValue, WTF::NakedPtr<JSC::Exception>&) /root/WebKit/Source/JavaScriptCore/runtime/Completion.cpp:145:37 (jsc+0x13af265)
    #12 runWithOptions(GlobalObject*, CommandLine&, bool&) /root/WebKit/Source/JavaScriptCore/jsc.cpp:3957:35 (jsc+0x1caf15)
    #13 jscmain(int, char**)::$_0::operator()(JSC::VM&, GlobalObject*, bool&) const /root/WebKit/Source/JavaScriptCore/jsc.cpp:4686:13 (jsc+0x1caf15)
    #14 int runJSC<jscmain(int, char**)::$_0>(CommandLine const&, bool, jscmain(int, char**)::$_0 const&) /root/WebKit/Source/JavaScriptCore/jsc.cpp:4472:13 (jsc+0x1caf15)
    #15 jscmain(int, char**) /root/WebKit/Source/JavaScriptCore/jsc.cpp:4679:18 (jsc+0x1caf15)
    #16 main /root/WebKit/Source/JavaScriptCore/jsc.cpp:3715:15 (jsc+0x1c9793)

  Thread T1 'JITWorker' (tid=1726547, running) created by main thread at:
    #0 pthread_create /home/runner/work/llvm-project/llvm-project/compiler-rt/lib/tsan/rtl/tsan_interceptors_posix.cpp:1090:3 (jsc+0x13ff1a)
    #1 WTF::Thread::establishHandle(WTF::Thread::NewThreadContext&, WTF::StackAllocationSpecification, WTF::ThreadQOS, WTF::ThreadSchedulingPolicy) /root/WebKit/Source/WTF/wtf/posix/ThreadingPOSIX.cpp:354:17 (jsc+0x25efd35)
    #2 WTF::Thread::create(WTF::ASCIILiteral, WTF::Function<void ()>&&, WTF::ThreadType, WTF::ThreadQOS, WTF::ThreadSchedulingPolicy, WTF::StackAllocationSpecification) /root/WebKit/Source/WTF/wtf/Threading.cpp:330:32 (jsc+0x25937d3)
    #3 WTF::AutomaticThread::start(WTF::AbstractLocker const&) /root/WebKit/Source/WTF/wtf/AutomaticThread.cpp:189:5 (jsc+0x2566b89)
    #4 WTF::AutomaticThreadCondition::notifyOne(WTF::AbstractLocker const&) /root/WebKit/Source/WTF/wtf/AutomaticThread.cpp:60:21 (jsc+0x2566989)
    #5 JSC::JITWorklist::wakeThreads(WTF::AbstractLocker const&, unsigned int) /root/WebKit/Source/JavaScriptCore/jit/JITWorklist.cpp:162:25 (jsc+0x10323e6)
    #6 JSC::JITWorklist::enqueue(WTF::Ref<JSC::JITPlan, WTF::RawPtrTraits<JSC::JITPlan>, WTF::DefaultRefDerefTraits<JSC::JITPlan>>) /root/WebKit/Source/JavaScriptCore/jit/JITWorklist.cpp:246:5 (jsc+0x1032c4f)
    #7 JSC::LLInt::jitCompileAndSetHeuristics(JSC::VM&, JSC::CodeBlock*) /root/WebKit/Source/JavaScriptCore/llint/LLIntSlowPaths.cpp:497:45 (jsc+0x106c66e)
    #8 JSC::LLInt::entryOSR(JSC::CodeBlock*, char const*, JSC::LLInt::EntryKind) /root/WebKit/Source/JavaScriptCore/llint/LLIntSlowPaths.cpp:519:10 (jsc+0x106b952)
    #9 llint_entry_osr_function_for_construct_arityCheck /root/WebKit/Source/JavaScriptCore/llint/LLIntSlowPaths.cpp:564:12 (jsc+0x106bd30)
    #10 llint_function_for_construct_arity_check LowLevelInterpreter.cpp (jsc+0x1de47b9)
    #11 JSC::evaluate(JSC::JSGlobalObject*, JSC::SourceCode const&, JSC::JSValue, WTF::NakedPtr<JSC::Exception>&) /root/WebKit/Source/JavaScriptCore/runtime/Completion.cpp:145:37 (jsc+0x13af265)
    #12 runWithOptions(GlobalObject*, CommandLine&, bool&) /root/WebKit/Source/JavaScriptCore/jsc.cpp:3957:35 (jsc+0x1caf15)
    #13 jscmain(int, char**)::$_0::operator()(JSC::VM&, GlobalObject*, bool&) const /root/WebKit/Source/JavaScriptCore/jsc.cpp:4686:13 (jsc+0x1caf15)
    #14 int runJSC<jscmain(int, char**)::$_0>(CommandLine const&, bool, jscmain(int, char**)::$_0 const&) /root/WebKit/Source/JavaScriptCore/jsc.cpp:4472:13 (jsc+0x1caf15)
    #15 jscmain(int, char**) /root/WebKit/Source/JavaScriptCore/jsc.cpp:4679:18 (jsc+0x1caf15)
    #16 main /root/WebKit/Source/JavaScriptCore/jsc.cpp:3715:15 (jsc+0x1c9793)

SUMMARY: ThreadSanitizer: data race /root/WebKit/Source/JavaScriptCore/assembler/LinkBuffer.cpp:578:71 in JSC::LinkBuffer::performFinalization()
==================
==================
WARNING: ThreadSanitizer: data race (pid=1726538)
  Write of size 8 at 0x55c967586c10 by thread T2:
    #0 JSC::LinkBuffer::performFinalization() /root/WebKit/Source/JavaScriptCore/assembler/LinkBuffer.cpp:579:71 (jsc+0x26ea16)
    #1 JSC::LinkBuffer::finalizeCodeWithoutDisassemblyImpl(WTF::ASCIILiteral) /root/WebKit/Source/JavaScriptCore/assembler/LinkBuffer.cpp:67:5 (jsc+0x26ea16)
    #2 JSC::MacroAssemblerCodeRef<(WTF::PtrTag)357> JSC::LinkBuffer::finalizeCodeWithoutDisassembly<(WTF::PtrTag)357>(WTF::ASCIILiteral) /root/WebKit/Source/JavaScriptCore/assembler/LinkBuffer.h:349:16 (jsc+0xec4307)
    #3 JSC::JIT::link(JSC::LinkBuffer&)::$_1::operator()() const /root/WebKit/Source/JavaScriptCore/jit/JIT.cpp:996:37 (jsc+0xec4307)
    #4 JSC::JIT::link(JSC::LinkBuffer&) /root/WebKit/Source/JavaScriptCore/jit/JIT.cpp:996:37 (jsc+0xec4307)
    #5 JSC::JIT::compileAndLinkWithoutFinalizing(JSC::JITCompilationEffort) /root/WebKit/Source/JavaScriptCore/jit/JIT.cpp:872:12 (jsc+0xec230c)
    #6 JSC::BaselineJITPlan::compileInThreadImpl(JSC::JITCompilationEffort) /root/WebKit/Source/JavaScriptCore/jit/BaselineJITPlan.cpp:67:32 (jsc+0xe9cb38)
    #7 JSC::BaselineJITPlan::compileInThreadImpl() /root/WebKit/Source/JavaScriptCore/jit/BaselineJITPlan.cpp:78:12 (jsc+0xe9ccdb)
    #8 JSC::JITPlan::compileInThread(JSC::JITWorklistThread*) /root/WebKit/Source/JavaScriptCore/jit/JITPlan.cpp:283:28 (jsc+0xfcd84d)
    #9 JSC::JITWorklistThread::work() /root/WebKit/Source/JavaScriptCore/jit/JITWorklistThread.cpp:145:13 (jsc+0x1037fcb)
    #10 WTF::AutomaticThread::start(WTF::AbstractLocker const&)::$_0::operator()() const /root/WebKit/Source/WTF/wtf/AutomaticThread.cpp:260:37 (jsc+0x256810c)
    #11 WTF::Detail::CallableWrapper<WTF::AutomaticThread::start(WTF::AbstractLocker const&)::$_0, void>::call() /root/WebKit/Source/WTF/wtf/Function.h:59:39 (jsc+0x256810c)
    #12 WTF::Function<void ()>::operator()() const /root/WebKit/Source/WTF/wtf/Function.h:103:35 (jsc+0x2593495)
    #13 WTF::Thread::entryPoint(WTF::Thread::NewThreadContext*) /root/WebKit/Source/WTF/wtf/Threading.cpp:312:5 (jsc+0x2593495)
    #14 WTF::wtfThreadEntryPoint(void*) /root/WebKit/Source/WTF/wtf/posix/ThreadingPOSIX.cpp:264:5 (jsc+0x25efe49)

  Previous write of size 8 at 0x55c967586c10 by thread T1:
    #0 JSC::LinkBuffer::performFinalization() /root/WebKit/Source/JavaScriptCore/assembler/LinkBuffer.cpp:579:71 (jsc+0x26ea16)
    #1 JSC::LinkBuffer::finalizeCodeWithoutDisassemblyImpl(WTF::ASCIILiteral) /root/WebKit/Source/JavaScriptCore/assembler/LinkBuffer.cpp:67:5 (jsc+0x26ea16)
    #2 JSC::MacroAssemblerCodeRef<(WTF::PtrTag)357> JSC::LinkBuffer::finalizeCodeWithoutDisassembly<(WTF::PtrTag)357>(WTF::ASCIILiteral) /root/WebKit/Source/JavaScriptCore/assembler/LinkBuffer.h:349:16 (jsc+0xec4307)
    #3 JSC::JIT::link(JSC::LinkBuffer&)::$_1::operator()() const /root/WebKit/Source/JavaScriptCore/jit/JIT.cpp:996:37 (jsc+0xec4307)
    #4 JSC::JIT::link(JSC::LinkBuffer&) /root/WebKit/Source/JavaScriptCore/jit/JIT.cpp:996:37 (jsc+0xec4307)
    #5 JSC::JIT::compileAndLinkWithoutFinalizing(JSC::JITCompilationEffort) /root/WebKit/Source/JavaScriptCore/jit/JIT.cpp:872:12 (jsc+0xec230c)
    #6 JSC::BaselineJITPlan::compileInThreadImpl(JSC::JITCompilationEffort) /root/WebKit/Source/JavaScriptCore/jit/BaselineJITPlan.cpp:67:32 (jsc+0xe9cb38)
    #7 JSC::BaselineJITPlan::compileInThreadImpl() /root/WebKit/Source/JavaScriptCore/jit/BaselineJITPlan.cpp:78:12 (jsc+0xe9ccdb)
    #8 JSC::JITPlan::compileInThread(JSC::JITWorklistThread*) /root/WebKit/Source/JavaScriptCore/jit/JITPlan.cpp:283:28 (jsc+0xfcd84d)
    #9 JSC::JITWorklistThread::work() /root/WebKit/Source/JavaScriptCore/jit/JITWorklistThread.cpp:145:13 (jsc+0x1037fcb)
    #10 WTF::AutomaticThread::start(WTF::AbstractLocker const&)::$_0::operator()() const /root/WebKit/Source/WTF/wtf/AutomaticThread.cpp:260:37 (jsc+0x256810c)
    #11 WTF::Detail::CallableWrapper<WTF::AutomaticThread::start(WTF::AbstractLocker const&)::$_0, void>::call() /root/WebKit/Source/WTF/wtf/Function.h:59:39 (jsc+0x256810c)
    #12 WTF::Function<void ()>::operator()() const /root/WebKit/Source/WTF/wtf/Function.h:103:35 (jsc+0x2593495)
    #13 WTF::Thread::entryPoint(WTF::Thread::NewThreadContext*) /root/WebKit/Source/WTF/wtf/Threading.cpp:312:5 (jsc+0x2593495)
    #14 WTF::wtfThreadEntryPoint(void*) /root/WebKit/Source/WTF/wtf/posix/ThreadingPOSIX.cpp:264:5 (jsc+0x25efe49)

  Location is global 'JSC::LinkBuffer::s_profileCummulativeLinkedCounts' of size 160 at 0x55c967586c10 (jsc+0x58f0c10)

  Thread T2 'JITWorker' (tid=1726548, running) created by main thread at:
    #0 pthread_create /home/runner/work/llvm-project/llvm-project/compiler-rt/lib/tsan/rtl/tsan_interceptors_posix.cpp:1090:3 (jsc+0x13ff1a)
    #1 WTF::Thread::establishHandle(WTF::Thread::NewThreadContext&, WTF::StackAllocationSpecification, WTF::ThreadQOS, WTF::ThreadSchedulingPolicy) /root/WebKit/Source/WTF/wtf/posix/ThreadingPOSIX.cpp:354:17 (jsc+0x25efd35)
    #2 WTF::Thread::create(WTF::ASCIILiteral, WTF::Function<void ()>&&, WTF::ThreadType, WTF::ThreadQOS, WTF::ThreadSchedulingPolicy, WTF::StackAllocationSpecification) /root/WebKit/Source/WTF/wtf/Threading.cpp:330:32 (jsc+0x25937d3)
    #3 WTF::AutomaticThread::start(WTF::AbstractLocker const&) /root/WebKit/Source/WTF/wtf/AutomaticThread.cpp:189:5 (jsc+0x2566b89)
    #4 WTF::AutomaticThreadCondition::notifyOne(WTF::AbstractLocker const&) /root/WebKit/Source/WTF/wtf/AutomaticThread.cpp:60:21 (jsc+0x2566989)
    #5 JSC::JITWorklist::wakeThreads(WTF::AbstractLocker const&, unsigned int) /root/WebKit/Source/JavaScriptCore/jit/JITWorklist.cpp:162:25 (jsc+0x10323e6)
    #6 JSC::JITWorklist::enqueue(WTF::Ref<JSC::JITPlan, WTF::RawPtrTraits<JSC::JITPlan>, WTF::DefaultRefDerefTraits<JSC::JITPlan>>) /root/WebKit/Source/JavaScriptCore/jit/JITWorklist.cpp:246:5 (jsc+0x1032c4f)
    #7 JSC::LLInt::jitCompileAndSetHeuristics(JSC::VM&, JSC::CodeBlock*) /root/WebKit/Source/JavaScriptCore/llint/LLIntSlowPaths.cpp:497:45 (jsc+0x106c66e)
    #8 JSC::LLInt::entryOSR(JSC::CodeBlock*, char const*, JSC::LLInt::EntryKind) /root/WebKit/Source/JavaScriptCore/llint/LLIntSlowPaths.cpp:519:10 (jsc+0x106b952)
    #9 llint_entry_osr_function_for_construct_arityCheck /root/WebKit/Source/JavaScriptCore/llint/LLIntSlowPaths.cpp:564:12 (jsc+0x106bd30)
    #10 llint_function_for_construct_arity_check LowLevelInterpreter.cpp (jsc+0x1de47b9)
    #11 JSC::evaluate(JSC::JSGlobalObject*, JSC::SourceCode const&, JSC::JSValue, WTF::NakedPtr<JSC::Exception>&) /root/WebKit/Source/JavaScriptCore/runtime/Completion.cpp:145:37 (jsc+0x13af265)
    #12 runWithOptions(GlobalObject*, CommandLine&, bool&) /root/WebKit/Source/JavaScriptCore/jsc.cpp:3957:35 (jsc+0x1caf15)
    #13 jscmain(int, char**)::$_0::operator()(JSC::VM&, GlobalObject*, bool&) const /root/WebKit/Source/JavaScriptCore/jsc.cpp:4686:13 (jsc+0x1caf15)
    #14 int runJSC<jscmain(int, char**)::$_0>(CommandLine const&, bool, jscmain(int, char**)::$_0 const&) /root/WebKit/Source/JavaScriptCore/jsc.cpp:4472:13 (jsc+0x1caf15)
    #15 jscmain(int, char**) /root/WebKit/Source/JavaScriptCore/jsc.cpp:4679:18 (jsc+0x1caf15)
    #16 main /root/WebKit/Source/JavaScriptCore/jsc.cpp:3715:15 (jsc+0x1c9793)

  Thread T1 'JITWorker' (tid=1726547, running) created by main thread at:
    #0 pthread_create /home/runner/work/llvm-project/llvm-project/compiler-rt/lib/tsan/rtl/tsan_interceptors_posix.cpp:1090:3 (jsc+0x13ff1a)
    #1 WTF::Thread::establishHandle(WTF::Thread::NewThreadContext&, WTF::StackAllocationSpecification, WTF::ThreadQOS, WTF::ThreadSchedulingPolicy) /root/WebKit/Source/WTF/wtf/posix/ThreadingPOSIX.cpp:354:17 (jsc+0x25efd35)
    #2 WTF::Thread::create(WTF::ASCIILiteral, WTF::Function<void ()>&&, WTF::ThreadType, WTF::ThreadQOS, WTF::ThreadSchedulingPolicy, WTF::StackAllocationSpecification) /root/WebKit/Source/WTF/wtf/Threading.cpp:330:32 (jsc+0x25937d3)
    #3 WTF::AutomaticThread::start(WTF::AbstractLocker const&) /root/WebKit/Source/WTF/wtf/AutomaticThread.cpp:189:5 (jsc+0x2566b89)
    #4 WTF::AutomaticThreadCondition::notifyOne(WTF::AbstractLocker const&) /root/WebKit/Source/WTF/wtf/AutomaticThread.cpp:60:21 (jsc+0x2566989)
    #5 JSC::JITWorklist::wakeThreads(WTF::AbstractLocker const&, unsigned int) /root/WebKit/Source/JavaScriptCore/jit/JITWorklist.cpp:162:25 (jsc+0x10323e6)
    #6 JSC::JITWorklist::enqueue(WTF::Ref<JSC::JITPlan, WTF::RawPtrTraits<JSC::JITPlan>, WTF::DefaultRefDerefTraits<JSC::JITPlan>>) /root/WebKit/Source/JavaScriptCore/jit/JITWorklist.cpp:246:5 (jsc+0x1032c4f)
    #7 JSC::LLInt::jitCompileAndSetHeuristics(JSC::VM&, JSC::CodeBlock*) /root/WebKit/Source/JavaScriptCore/llint/LLIntSlowPaths.cpp:497:45 (jsc+0x106c66e)
    #8 JSC::LLInt::entryOSR(JSC::CodeBlock*, char const*, JSC::LLInt::EntryKind) /root/WebKit/Source/JavaScriptCore/llint/LLIntSlowPaths.cpp:519:10 (jsc+0x106b952)
    #9 llint_entry_osr_function_for_construct_arityCheck /root/WebKit/Source/JavaScriptCore/llint/LLIntSlowPaths.cpp:564:12 (jsc+0x106bd30)
    #10 llint_function_for_construct_arity_check LowLevelInterpreter.cpp (jsc+0x1de47b9)
    #11 JSC::evaluate(JSC::JSGlobalObject*, JSC::SourceCode const&, JSC::JSValue, WTF::NakedPtr<JSC::Exception>&) /root/WebKit/Source/JavaScriptCore/runtime/Completion.cpp:145:37 (jsc+0x13af265)
    #12 runWithOptions(GlobalObject*, CommandLine&, bool&) /root/WebKit/Source/JavaScriptCore/jsc.cpp:3957:35 (jsc+0x1caf15)
    #13 jscmain(int, char**)::$_0::operator()(JSC::VM&, GlobalObject*, bool&) const /root/WebKit/Source/JavaScriptCore/jsc.cpp:4686:13 (jsc+0x1caf15)
    #14 int runJSC<jscmain(int, char**)::$_0>(CommandLine const&, bool, jscmain(int, char**)::$_0 const&) /root/WebKit/Source/JavaScriptCore/jsc.cpp:4472:13 (jsc+0x1caf15)
    #15 jscmain(int, char**) /root/WebKit/Source/JavaScriptCore/jsc.cpp:4679:18 (jsc+0x1caf15)
    #16 main /root/WebKit/Source/JavaScriptCore/jsc.cpp:3715:15 (jsc+0x1c9793)

SUMMARY: ThreadSanitizer: data race /root/WebKit/Source/JavaScriptCore/assembler/LinkBuffer.cpp:579:71 in JSC::LinkBuffer::performFinalization()
==================
==================
WARNING: ThreadSanitizer: data race (pid=1726538)
  Write of size 2 at 0x7204000005c6 by main thread:
    #0 JSC::BinaryArithProfile::observeLHSAndRHS(JSC::JSValue, JSC::JSValue) /root/WebKit/Source/JavaScriptCore/bytecode/ArithProfile.h:379:16 (jsc+0x1395c76)
    #1 slow_path_add /root/WebKit/Source/JavaScriptCore/runtime/CommonSlowPaths.cpp:604:18 (jsc+0x1395c76)
    #2 llint_op_add LowLevelInterpreter.cpp (jsc+0x1de7a7d)
    #3 JSC::Interpreter::executeCall(JSC::JSObject*, JSC::CallData const&, JSC::JSValue, JSC::JSCell*, JSC::ArgList const&) /root/WebKit/Source/JavaScriptCore/interpreter/Interpreter.cpp (jsc+0xe7b74d)
    #4 JSC::call(JSC::JSGlobalObject*, JSC::JSValue, JSC::CallData const&, JSC::JSValue, JSC::ArgList const&) /root/WebKit/Source/JavaScriptCore/runtime/CallData.cpp:70:27 (jsc+0x134cfab)
    #5 JSC::GetterSetter::callGetter(JSC::JSGlobalObject*, JSC::JSValue) /root/WebKit/Source/JavaScriptCore/runtime/GetterSetter.cpp:60:5 (jsc+0x143d6c0)
    #6 JSC::PropertySlot::functionGetter(JSC::JSGlobalObject*) const /root/WebKit/Source/JavaScriptCore/runtime/PropertySlot.cpp:33:40 (jsc+0x18262fb)
    #7 JSC::PropertySlot::getValue(JSC::JSGlobalObject*, JSC::PropertyName) const /root/WebKit/Source/JavaScriptCore/runtime/PropertySlot.h:412:16 (jsc+0x1e22de)
    #8 JSC::JSValue::get(JSC::JSGlobalObject*, JSC::PropertyName, JSC::PropertySlot&) const /root/WebKit/Source/JavaScriptCore/runtime/JSCJSValuePropertyInlines.h:54:5 (jsc+0x1e22de)
    #9 JSC::LLInt::performLLIntGetByID(JSC::BytecodeIndex, JSC::CodeBlock*, JSC::JSGlobalObject*, JSC::JSValue, JSC::Identifier const&, JSC::GetByIdModeMetadata&) /root/WebKit/Source/JavaScriptCore/llint/LLIntSlowPaths.cpp:1031:32 (jsc+0x107231e)
    #10 llint_slow_path_get_by_id /root/WebKit/Source/JavaScriptCore/llint/LLIntSlowPaths.cpp:1124:22 (jsc+0x1072050)
    #11 llint_op_get_by_id LowLevelInterpreter.cpp (jsc+0x1deb131)
    #12 JSC::evaluate(JSC::JSGlobalObject*, JSC::SourceCode const&, JSC::JSValue, WTF::NakedPtr<JSC::Exception>&) /root/WebKit/Source/JavaScriptCore/runtime/Completion.cpp:145:37 (jsc+0x13af265)
    #13 runWithOptions(GlobalObject*, CommandLine&, bool&) /root/WebKit/Source/JavaScriptCore/jsc.cpp:3957:35 (jsc+0x1caf15)
    #14 jscmain(int, char**)::$_0::operator()(JSC::VM&, GlobalObject*, bool&) const /root/WebKit/Source/JavaScriptCore/jsc.cpp:4686:13 (jsc+0x1caf15)
    #15 int runJSC<jscmain(int, char**)::$_0>(CommandLine const&, bool, jscmain(int, char**)::$_0 const&) /root/WebKit/Source/JavaScriptCore/jsc.cpp:4472:13 (jsc+0x1caf15)
    #16 jscmain(int, char**) /root/WebKit/Source/JavaScriptCore/jsc.cpp:4679:18 (jsc+0x1caf15)
    #17 main /root/WebKit/Source/JavaScriptCore/jsc.cpp:3715:15 (jsc+0x1c9793)

  Previous read of size 2 at 0x7204000005c6 by thread T1:
    #0 JSC::BinaryArithProfile::lhsObservedType() const /root/WebKit/Source/JavaScriptCore/bytecode/ArithProfile.h:323:75 (jsc+0xa46395)
    #1 JSC::BinaryArithProfile::isObservedTypeEmpty() /root/WebKit/Source/JavaScriptCore/bytecode/ArithProfile.h:384:16 (jsc+0xa46395)
    #2 JSC::JITMathIC<JSC::JITAddGenerator, JSC::BinaryArithProfile>::generateInline(JSC::CCallHelpers&, JSC::MathICGenerationState&, bool) /root/WebKit/Source/JavaScriptCore/jit/JITMathIC.h:78:47 (jsc+0xa46395)
    #3 void JSC::JIT::emitMathICFast<JSC::OpAdd, JSC::JITAddGenerator, JSC::ExceptionOperationResult<long> (*)(JSC::JSGlobalObject*, long, long, JSC::BinaryArithProfile*), JSC::ExceptionOperationResult<long> (*)(JSC::JSGlobalObject*, long, long)>(JSC::JITBinaryMathIC<JSC::JITAddGenerator>*, JSC::BaseInstruction<JSC::JSOpcodeTraits> const*, JSC::ExceptionOperationResult<long> (*)(JSC::JSGlobalObject*, long, long, JSC::BinaryArithProfile*), JSC::ExceptionOperationResult<long> (*)(JSC::JSGlobalObject*, long, long)) /root/WebKit/Source/JavaScriptCore/jit/JITArithmetic.cpp:895:40 (jsc+0xed2d4d)
    #4 JSC::JIT::emit_op_add(JSC::BaseInstruction<JSC::JSOpcodeTraits> const*) /root/WebKit/Source/JavaScriptCore/jit/JITArithmetic.cpp:797:5 (jsc+0xeb5472)
    #5 JSC::JIT::privateCompileMainPass() /root/WebKit/Source/JavaScriptCore/jit/JIT.cpp:277:9 (jsc+0xeb42f1)
    #6 JSC::JIT::compileAndLinkWithoutFinalizing(JSC::JITCompilationEffort) /root/WebKit/Source/JavaScriptCore/jit/JIT.cpp:813:5 (jsc+0xec16a9)
    #7 JSC::BaselineJITPlan::compileInThreadImpl(JSC::JITCompilationEffort) /root/WebKit/Source/JavaScriptCore/jit/BaselineJITPlan.cpp:67:32 (jsc+0xe9cb38)
    #8 JSC::BaselineJITPlan::compileInThreadImpl() /root/WebKit/Source/JavaScriptCore/jit/BaselineJITPlan.cpp:78:12 (jsc+0xe9ccdb)
    #9 JSC::JITPlan::compileInThread(JSC::JITWorklistThread*) /root/WebKit/Source/JavaScriptCore/jit/JITPlan.cpp:283:28 (jsc+0xfcd84d)
    #10 JSC::JITWorklistThread::work() /root/WebKit/Source/JavaScriptCore/jit/JITWorklistThread.cpp:145:13 (jsc+0x1037fcb)
    #11 WTF::AutomaticThread::start(WTF::AbstractLocker const&)::$_0::operator()() const /root/WebKit/Source/WTF/wtf/AutomaticThread.cpp:260:37 (jsc+0x256810c)
    #12 WTF::Detail::CallableWrapper<WTF::AutomaticThread::start(WTF::AbstractLocker const&)::$_0, void>::call() /root/WebKit/Source/WTF/wtf/Function.h:59:39 (jsc+0x256810c)
    #13 WTF::Function<void ()>::operator()() const /root/WebKit/Source/WTF/wtf/Function.h:103:35 (jsc+0x2593495)
    #14 WTF::Thread::entryPoint(WTF::Thread::NewThreadContext*) /root/WebKit/Source/WTF/wtf/Threading.cpp:312:5 (jsc+0x2593495)
    #15 WTF::wtfThreadEntryPoint(void*) /root/WebKit/Source/WTF/wtf/posix/ThreadingPOSIX.cpp:264:5 (jsc+0x25efe49)

  Location is heap block of size 8 at 0x7204000005c0 allocated by main thread:
    #0 malloc /home/runner/work/llvm-project/llvm-project/compiler-rt/lib/tsan/rtl/tsan_interceptors_posix.cpp:682:5 (jsc+0x13dc20)
    #1 bmalloc::api::malloc(unsigned long, bmalloc::CompactAllocationMode, bmalloc::HeapKind) /root/WebKit/WebKitBuild/TSan/bmalloc/Headers/bmalloc/bmalloc.h:96:20 (jsc+0x25762a9)
    #2 WTF::fastMalloc(unsigned long) /root/WebKit/Source/WTF/wtf/FastMalloc.cpp:337:20 (jsc+0x25762a9)
    #3 WTF::FastMalloc::malloc(unsigned long) /root/WebKit/WebKitBuild/TSan/WTF/Headers/wtf/FastMalloc.h:235:47 (jsc+0x3b8327)
    #4 WTF::EmbeddedFixedVector<JSC::BinaryArithProfile, WTF::FastMalloc>::create(unsigned int) /root/WebKit/WebKitBuild/TSan/WTF/Headers/wtf/EmbeddedFixedVector.h:51:43 (jsc+0x3b8327)
    #5 WTF::FixedVector<JSC::BinaryArithProfile, WTF::FastMalloc>::FixedVector(unsigned long) /root/WebKit/WebKitBuild/TSan/WTF/Headers/wtf/FixedVector.h:86:28 (jsc+0x3b8327)
    #6 JSC::UnlinkedCodeBlock::allocateSharedProfiles(unsigned int, unsigned int) /root/WebKit/Source/JavaScriptCore/bytecode/UnlinkedCodeBlock.cpp:347:29 (jsc+0x3b8327)
    #7 JSC::UnlinkedCodeBlockGenerator::finalize(std::unique_ptr<JSC::InstructionStream<JSC::BaseInstruction<JSC::JSOpcodeTraits>>, std::default_delete<JSC::InstructionStream<JSC::BaseInstruction<JSC::JSOpcodeTraits>>>>) /root/WebKit/Source/JavaScriptCore/bytecode/UnlinkedCodeBlockGenerator.cpp:67:22 (jsc+0x3b88ed)
    #8 JSC::BytecodeGenerator::generate(unsigned int&) /root/WebKit/Source/JavaScriptCore/bytecompiler/BytecodeGenerator.cpp:422:18 (jsc+0x3c8ce8)
    #9 JSC::ParserError JSC::BytecodeGenerator::generate<JSC::FunctionNode, JSC::UnlinkedFunctionCodeBlock>(JSC::VM&, JSC::FunctionNode*, JSC::SourceCode const&, JSC::UnlinkedFunctionCodeBlock*, WTF::OptionSet<JSC::CodeGenerationMode, (WTF::ConcurrencyTag)0>, WTF::RefPtr<JSC::TDZEnvironmentLink, WTF::RawPtrTraits<JSC::TDZEnvironmentLink>, WTF::DefaultRefDerefTraits<JSC::TDZEnvironmentLink>> const&, WTF::FixedVector<JSC::Identifier, WTF::FastMalloc> const*, WTF::HashMap<WTF::RefPtr<WTF::UniquedStringImpl, WTF::PackedPtrTraits<WTF::UniquedStringImpl>, WTF::DefaultRefDerefTraits<WTF::UniquedStringImpl>>, JSC::PrivateNameEntry, JSC::IdentifierRepHash, WTF::HashTraits<WTF::RefPtr<WTF::UniquedStringImpl, WTF::RawPtrTraits<WTF::UniquedStringImpl>, WTF::DefaultRefDerefTraits<WTF::UniquedStringImpl>>>, JSC::PrivateNameEntryHashTraits, WTF::HashTableTraits, (WTF::ShouldValidateKey)0, WTF::FastMalloc> const*) /root/WebKit/Source/JavaScriptCore/bytecompiler/BytecodeGenerator.h:407:46 (jsc+0x3bff90)
    #10 JSC::generateUnlinkedFunctionCodeBlock(JSC::VM&, JSC::UnlinkedFunctionExecutable*, JSC::SourceCode const&, JSC::CodeSpecializationKind, WTF::OptionSet<JSC::CodeGenerationMode, (WTF::ConcurrencyTag)0>, JSC::UnlinkedFunctionKind, JSC::ParserError&, JSC::SourceParseMode) /root/WebKit/Source/JavaScriptCore/bytecode/UnlinkedFunctionExecutable.cpp:166:13 (jsc+0x3bda19)
    #11 JSC::UnlinkedFunctionExecutable::unlinkedCodeBlockFor(JSC::VM&, JSC::SourceCode const&, JSC::CodeSpecializationKind, WTF::OptionSet<JSC::CodeGenerationMode, (WTF::ConcurrencyTag)0>, JSC::ParserError&, JSC::SourceParseMode) /root/WebKit/Source/JavaScriptCore/bytecode/UnlinkedFunctionExecutable.cpp:354:41 (jsc+0x3bda19)
    #12 JSC::ScriptExecutable::newCodeBlockFor(JSC::CodeSpecializationKind, JSC::JSFunction*, JSC::JSScope*) /root/WebKit/Source/JavaScriptCore/runtime/ScriptExecutable.cpp:488:43 (jsc+0x187eb48)
    #13 JSC::ScriptExecutable::prepareForExecutionImpl(JSC::VM&, JSC::JSFunction*, JSC::JSScope*, JSC::CodeSpecializationKind, JSC::CodeBlock*&) /root/WebKit/Source/JavaScriptCore/runtime/ScriptExecutable.cpp:606:28 (jsc+0x187f514)
    #14 void JSC::ScriptExecutable::prepareForExecution<JSC::FunctionExecutable>(JSC::VM&, JSC::JSFunction*, JSC::JSScope*, JSC::CodeSpecializationKind, JSC::CodeBlock*&) /root/WebKit/Source/JavaScriptCore/bytecode/CodeBlock.h:1140:5 (jsc+0xe7b3b9)
    #15 JSC::Interpreter::executeCallImpl(JSC::VM&, JSC::JSObject*, JSC::CallData const&, JSC::JSValue, JSC::JSCell*, JSC::ArgList const&) /root/WebKit/Source/JavaScriptCore/interpreter/Interpreter.cpp:1299:33 (jsc+0xe7b3b9)
    #16 JSC::Interpreter::executeCall(JSC::JSObject*, JSC::CallData const&, JSC::JSValue, JSC::JSCell*, JSC::ArgList const&) /root/WebKit/Source/JavaScriptCore/interpreter/Interpreter.cpp (jsc+0xe7b74d)
    #17 JSC::call(JSC::JSGlobalObject*, JSC::JSValue, JSC::CallData const&, JSC::JSValue, JSC::ArgList const&) /root/WebKit/Source/JavaScriptCore/runtime/CallData.cpp:70:27 (jsc+0x134cfab)
    #18 JSC::GetterSetter::callGetter(JSC::JSGlobalObject*, JSC::JSValue) /root/WebKit/Source/JavaScriptCore/runtime/GetterSetter.cpp:60:5 (jsc+0x143d6c0)
    #19 JSC::PropertySlot::functionGetter(JSC::JSGlobalObject*) const /root/WebKit/Source/JavaScriptCore/runtime/PropertySlot.cpp:33:40 (jsc+0x18262fb)
    #20 JSC::PropertySlot::getValue(JSC::JSGlobalObject*, JSC::PropertyName) const /root/WebKit/Source/JavaScriptCore/runtime/PropertySlot.h:412:16 (jsc+0x1e22de)
    #21 JSC::JSValue::get(JSC::JSGlobalObject*, JSC::PropertyName, JSC::PropertySlot&) const /root/WebKit/Source/JavaScriptCore/runtime/JSCJSValuePropertyInlines.h:54:5 (jsc+0x1e22de)
    #22 JSC::LLInt::performLLIntGetByID(JSC::BytecodeIndex, JSC::CodeBlock*, JSC::JSGlobalObject*, JSC::JSValue, JSC::Identifier const&, JSC::GetByIdModeMetadata&) /root/WebKit/Source/JavaScriptCore/llint/LLIntSlowPaths.cpp:1031:32 (jsc+0x107231e)
    #23 llint_slow_path_get_by_id /root/WebKit/Source/JavaScriptCore/llint/LLIntSlowPaths.cpp:1124:22 (jsc+0x1072050)
    #24 llint_op_get_by_id LowLevelInterpreter.cpp (jsc+0x1deb131)
    #25 JSC::evaluate(JSC::JSGlobalObject*, JSC::SourceCode const&, JSC::JSValue, WTF::NakedPtr<JSC::Exception>&) /root/WebKit/Source/JavaScriptCore/runtime/Completion.cpp:145:37 (jsc+0x13af265)
    #26 runWithOptions(GlobalObject*, CommandLine&, bool&) /root/WebKit/Source/JavaScriptCore/jsc.cpp:3957:35 (jsc+0x1caf15)
    #27 jscmain(int, char**)::$_0::operator()(JSC::VM&, GlobalObject*, bool&) const /root/WebKit/Source/JavaScriptCore/jsc.cpp:4686:13 (jsc+0x1caf15)
    #28 int runJSC<jscmain(int, char**)::$_0>(CommandLine const&, bool, jscmain(int, char**)::$_0 const&) /root/WebKit/Source/JavaScriptCore/jsc.cpp:4472:13 (jsc+0x1caf15)
    #29 jscmain(int, char**) /root/WebKit/Source/JavaScriptCore/jsc.cpp:4679:18 (jsc+0x1caf15)
    #30 main /root/WebKit/Source/JavaScriptCore/jsc.cpp:3715:15 (jsc+0x1c9793)

  Thread T1 'JITWorker' (tid=1726547, running) created by main thread at:
    #0 pthread_create /home/runner/work/llvm-project/llvm-project/compiler-rt/lib/tsan/rtl/tsan_interceptors_posix.cpp:1090:3 (jsc+0x13ff1a)
    #1 WTF::Thread::establishHandle(WTF::Thread::NewThreadContext&, WTF::StackAllocationSpecification, WTF::ThreadQOS, WTF::ThreadSchedulingPolicy) /root/WebKit/Source/WTF/wtf/posix/ThreadingPOSIX.cpp:354:17 (jsc+0x25efd35)
    #2 WTF::Thread::create(WTF::ASCIILiteral, WTF::Function<void ()>&&, WTF::ThreadType, WTF::ThreadQOS, WTF::ThreadSchedulingPolicy, WTF::StackAllocationSpecification) /root/WebKit/Source/WTF/wtf/Threading.cpp:330:32 (jsc+0x25937d3)
    #3 WTF::AutomaticThread::start(WTF::AbstractLocker const&) /root/WebKit/Source/WTF/wtf/AutomaticThread.cpp:189:5 (jsc+0x2566b89)
    #4 WTF::AutomaticThreadCondition::notifyOne(WTF::AbstractLocker const&) /root/WebKit/Source/WTF/wtf/AutomaticThread.cpp:60:21 (jsc+0x2566989)
    #5 JSC::JITWorklist::wakeThreads(WTF::AbstractLocker const&, unsigned int) /root/WebKit/Source/JavaScriptCore/jit/JITWorklist.cpp:162:25 (jsc+0x10323e6)
    #6 JSC::JITWorklist::enqueue(WTF::Ref<JSC::JITPlan, WTF::RawPtrTraits<JSC::JITPlan>, WTF::DefaultRefDerefTraits<JSC::JITPlan>>) /root/WebKit/Source/JavaScriptCore/jit/JITWorklist.cpp:246:5 (jsc+0x1032c4f)
    #7 JSC::LLInt::jitCompileAndSetHeuristics(JSC::VM&, JSC::CodeBlock*) /root/WebKit/Source/JavaScriptCore/llint/LLIntSlowPaths.cpp:497:45 (jsc+0x106c66e)
    #8 JSC::LLInt::entryOSR(JSC::CodeBlock*, char const*, JSC::LLInt::EntryKind) /root/WebKit/Source/JavaScriptCore/llint/LLIntSlowPaths.cpp:519:10 (jsc+0x106b952)
    #9 llint_entry_osr_function_for_construct_arityCheck /root/WebKit/Source/JavaScriptCore/llint/LLIntSlowPaths.cpp:564:12 (jsc+0x106bd30)
    #10 llint_function_for_construct_arity_check LowLevelInterpreter.cpp (jsc+0x1de47b9)
    #11 JSC::evaluate(JSC::JSGlobalObject*, JSC::SourceCode const&, JSC::JSValue, WTF::NakedPtr<JSC::Exception>&) /root/WebKit/Source/JavaScriptCore/runtime/Completion.cpp:145:37 (jsc+0x13af265)
    #12 runWithOptions(GlobalObject*, CommandLine&, bool&) /root/WebKit/Source/JavaScriptCore/jsc.cpp:3957:35 (jsc+0x1caf15)
    #13 jscmain(int, char**)::$_0::operator()(JSC::VM&, GlobalObject*, bool&) const /root/WebKit/Source/JavaScriptCore/jsc.cpp:4686:13 (jsc+0x1caf15)
    #14 int runJSC<jscmain(int, char**)::$_0>(CommandLine const&, bool, jscmain(int, char**)::$_0 const&) /root/WebKit/Source/JavaScriptCore/jsc.cpp:4472:13 (jsc+0x1caf15)
    #15 jscmain(int, char**) /root/WebKit/Source/JavaScriptCore/jsc.cpp:4679:18 (jsc+0x1caf15)
    #16 main /root/WebKit/Source/JavaScriptCore/jsc.cpp:3715:15 (jsc+0x1c9793)

SUMMARY: ThreadSanitizer: data race /root/WebKit/Source/JavaScriptCore/bytecode/ArithProfile.h:379:16 in JSC::BinaryArithProfile::observeLHSAndRHS(JSC::JSValue, JSC::JSValue)
==================
==================
WARNING: ThreadSanitizer: data race (pid=1726538)
  Atomic read of size 1 at 0x72a00007c425 by thread T1:
    #0 JSC::JSType JSC::cellHeaderConcurrentLoad<JSC::JSType>(JSC::JSType const&) /root/WebKit/WebKitBuild/TSan/JavaScriptCore/PrivateHeaders/JavaScriptCore/JSCell.h:88:5 (jsc+0x3b0874)
    #1 JSC::JSCell::type() const /root/WebKit/WebKitBuild/TSan/JavaScriptCore/PrivateHeaders/JavaScriptCore/JSCell.h:183:34 (jsc+0x3b0874)
    #2 JSC::JSCell::isString() const /root/WebKit/WebKitBuild/TSan/JavaScriptCore/PrivateHeaders/JavaScriptCore/JSCell.h:156:36 (jsc+0x3b0874)
    #3 JSC::speculationFromCell(JSC::JSCell*) /root/WebKit/Source/JavaScriptCore/bytecode/SpeculatedType.cpp:602:15 (jsc+0x3b0874)
    #4 JSC::speculationFromValue(JSC::JSValue) /root/WebKit/Source/JavaScriptCore/bytecode/SpeculatedType.cpp:640:16 (jsc+0x3b0874)
    #5 JSC::ValueProfileBase<1u, 0u>::computeUpdatedPrediction(JSC::ConcurrentJSLocker const&) /root/WebKit/Source/JavaScriptCore/bytecode/ValueProfile.h:168:38 (jsc+0x29b5fe)
    #6 _ZZN3JSC9CodeBlock55updateAllNonLazyValueProfilePredictionsAndCountLivenessERKNS_18ConcurrentJSLockerERjS4_ENK3$_0clINS_12ValueProfileEEEDaRT_b /root/WebKit/Source/JavaScriptCore/bytecode/CodeBlock.cpp:3332:17 (jsc+0x29b5fe)
    #7 void JSC::CodeBlock::forEachValueProfile<JSC::CodeBlock::updateAllNonLazyValueProfilePredictionsAndCountLiveness(JSC::ConcurrentJSLocker const&, unsigned int&, unsigned int&)::$_0>(JSC::CodeBlock::updateAllNonLazyValueProfilePredictionsAndCountLiveness(JSC::ConcurrentJSLocker const&, unsigned int&, unsigned int&)::$_0 const&)::'lambda'(JSC::ValueProfile&)::operator()(JSC::ValueProfile&) const /root/WebKit/Source/JavaScriptCore/bytecode/CodeBlockInlines.h:46:13 (jsc+0x29b5fe)
    #8 void JSC::MetadataTable::forEachValueProfile<void JSC::CodeBlock::forEachValueProfile<JSC::CodeBlock::updateAllNonLazyValueProfilePredictionsAndCountLiveness(JSC::ConcurrentJSLocker const&, unsigned int&, unsigned int&)::$_0>(JSC::CodeBlock::updateAllNonLazyValueProfilePredictionsAndCountLiveness(JSC::ConcurrentJSLocker const&, unsigned int&, unsigned int&)::$_0 const&)::'lambda'(JSC::ValueProfile&)>(JSC::CodeBlock::updateAllNonLazyValueProfilePredictionsAndCountLiveness(JSC::ConcurrentJSLocker const&, unsigned int&, unsigned int&)::$_0 const&) /root/WebKit/Source/JavaScriptCore/bytecode/MetadataTable.h:78:13 (jsc+0x29b5fe)
    #9 void JSC::CodeBlock::forEachValueProfile<JSC::CodeBlock::updateAllNonLazyValueProfilePredictionsAndCountLiveness(JSC::ConcurrentJSLocker const&, unsigned int&, unsigned int&)::$_0>(JSC::CodeBlock::updateAllNonLazyValueProfilePredictionsAndCountLiveness(JSC::ConcurrentJSLocker const&, unsigned int&, unsigned int&)::$_0 const&) /root/WebKit/Source/JavaScriptCore/bytecode/CodeBlockInlines.h:48:21 (jsc+0x29b5fe)
    #10 JSC::CodeBlock::updateAllNonLazyValueProfilePredictionsAndCountLiveness(JSC::ConcurrentJSLocker const&, unsigned int&, unsigned int&) /root/WebKit/Source/JavaScriptCore/bytecode/CodeBlock.cpp:3316:5 (jsc+0x29b5fe)
    #11 JSC::CodeBlock::updateAllNonLazyValueProfilePredictions(JSC::ConcurrentJSLocker const&) /root/WebKit/Source/JavaScriptCore/bytecode/CodeBlock.cpp:3352:5 (jsc+0x29b681)
    #12 JSC::BaselineJITPlan::compileInThreadImpl(JSC::JITCompilationEffort) /root/WebKit/Source/JavaScriptCore/jit/BaselineJITPlan.cpp:46:22 (jsc+0xe9c7f7)
    #13 JSC::BaselineJITPlan::compileInThreadImpl() /root/WebKit/Source/JavaScriptCore/jit/BaselineJITPlan.cpp:78:12 (jsc+0xe9ccdb)
    #14 JSC::JITPlan::compileInThread(JSC::JITWorklistThread*) /root/WebKit/Source/JavaScriptCore/jit/JITPlan.cpp:283:28 (jsc+0xfcd84d)
    #15 JSC::JITWorklistThread::work() /root/WebKit/Source/JavaScriptCore/jit/JITWorklistThread.cpp:145:13 (jsc+0x1037fcb)
    #16 WTF::AutomaticThread::start(WTF::AbstractLocker const&)::$_0::operator()() const /root/WebKit/Source/WTF/wtf/AutomaticThread.cpp:260:37 (jsc+0x256810c)
    #17 WTF::Detail::CallableWrapper<WTF::AutomaticThread::start(WTF::AbstractLocker const&)::$_0, void>::call() /root/WebKit/Source/WTF/wtf/Function.h:59:39 (jsc+0x256810c)
    #18 WTF::Function<void ()>::operator()() const /root/WebKit/Source/WTF/wtf/Function.h:103:35 (jsc+0x2593495)
    #19 WTF::Thread::entryPoint(WTF::Thread::NewThreadContext*) /root/WebKit/Source/WTF/wtf/Threading.cpp:312:5 (jsc+0x2593495)
    #20 WTF::wtfThreadEntryPoint(void*) /root/WebKit/Source/WTF/wtf/posix/ThreadingPOSIX.cpp:264:5 (jsc+0x25efe49)

  Previous write of size 4 at 0x72a00007c424 by main thread:
    #0 JSC::JSCell::JSCell(JSC::JSCell::CreatingWellDefinedBuiltinCellTag, JSC::StructureID, unsigned int) /root/WebKit/Source/JavaScriptCore/runtime/JSCellInlines.h:88:7 (jsc+0x17d5cfb)
    #1 JSC::JSCell::JSCell(JSC::VM&, JSC::Structure*) /root/WebKit/Source/JavaScriptCore/runtime/JSCellInlines.h:64:7 (jsc+0x17d5cfb)
    #2 JSC::JSObject::JSObject(JSC::VM&, JSC::Structure*) /root/WebKit/Source/JavaScriptCore/runtime/JSObject.h:1913:7 (jsc+0x17d5cfb)
    #3 JSC::JSObjectWithButterfly::JSObjectWithButterfly(JSC::VM&, JSC::Structure*, JSC::Butterfly*) /root/WebKit/Source/JavaScriptCore/runtime/JSObject.h:1635:11 (jsc+0x17d5cfb)
    #4 JSC::JSNonFinalObject::JSNonFinalObject(JSC::VM&, JSC::Structure*, JSC::Butterfly*) /root/WebKit/Source/JavaScriptCore/runtime/JSObject.h:1747:11 (jsc+0x17d5cfb)
    #5 JSC::JSArray::JSArray(JSC::VM&, JSC::Structure*, JSC::Butterfly*) /root/WebKit/Source/JavaScriptCore/runtime/JSArray.h:63:11 (jsc+0x17d5cfb)
    #6 JSC::JSArray::createWithButterfly(JSC::VM&, JSC::GCDeferralContext*, JSC::Structure*, JSC::Butterfly*) /root/WebKit/Source/JavaScriptCore/runtime/JSArray.h:244:80 (jsc+0x17d5cfb)
    #7 JSC::JSArray* JSC::getPropertyKeys<false>(JSC::JSGlobalObject*, JSC::JSObject*, JSC::PropertyNameMode, JSC::DontEnumPropertiesMode) /root/WebKit/Source/JavaScriptCore/runtime/ObjectConstructor.cpp:1336:24 (jsc+0x17d5cfb)
    #8 JSC::ownPropertyKeys(JSC::JSGlobalObject*, JSC::JSObject*, JSC::PropertyNameMode, JSC::DontEnumPropertiesMode) /root/WebKit/Source/JavaScriptCore/runtime/ObjectConstructor.cpp:1398:12 (jsc+0x17d5cfb)
    #9 JSC::objectConstructorKeys(JSC::JSGlobalObject*, JSC::CallFrame*) /root/WebKit/Source/JavaScriptCore/runtime/ObjectConstructor.cpp:274:5 (jsc+0x17d35eb)
    #10 <null> <null> (0x7fa45edff157)
    #11 JSC::evaluate(JSC::JSGlobalObject*, JSC::SourceCode const&, JSC::JSValue, WTF::NakedPtr<JSC::Exception>&) /root/WebKit/Source/JavaScriptCore/runtime/Completion.cpp:145:37 (jsc+0x13af265)
    #12 runWithOptions(GlobalObject*, CommandLine&, bool&) /root/WebKit/Source/JavaScriptCore/jsc.cpp:3957:35 (jsc+0x1caf15)
    #13 jscmain(int, char**)::$_0::operator()(JSC::VM&, GlobalObject*, bool&) const /root/WebKit/Source/JavaScriptCore/jsc.cpp:4686:13 (jsc+0x1caf15)
    #14 int runJSC<jscmain(int, char**)::$_0>(CommandLine const&, bool, jscmain(int, char**)::$_0 const&) /root/WebKit/Source/JavaScriptCore/jsc.cpp:4472:13 (jsc+0x1caf15)
    #15 jscmain(int, char**) /root/WebKit/Source/JavaScriptCore/jsc.cpp:4679:18 (jsc+0x1caf15)
    #16 main /root/WebKit/Source/JavaScriptCore/jsc.cpp:3715:15 (jsc+0x1c9793)

  Location is heap block of size 16384 at 0x72a00007c000 allocated by main thread:
    #0 aligned_alloc /home/runner/work/llvm-project/llvm-project/compiler-rt/lib/tsan/rtl/tsan_interceptors_posix.cpp:885:3 (jsc+0x13f40e)
    #1 bmalloc::api::tryMemalign(unsigned long, unsigned long, bmalloc::CompactAllocationMode, bmalloc::HeapKind) /root/WebKit/WebKitBuild/TSan/bmalloc/Headers/bmalloc/bmalloc.h:158:12 (jsc+0x25764f0)
    #2 WTF::tryFastCompactAlignedMalloc(unsigned long, unsigned long) /root/WebKit/Source/WTF/wtf/FastMalloc.cpp:553:20 (jsc+0x25764f0)
    #3 JSC::FastMallocAlignedMemoryAllocator::tryAllocateAlignedMemory(unsigned long, unsigned long) /root/WebKit/Source/JavaScriptCore/heap/FastMallocAlignedMemoryAllocator.cpp:47:12 (jsc+0xdaee50)
    #4 JSC::MarkedBlock::tryCreate(JSC::Heap&, JSC::AlignedMemoryAllocator*) /root/WebKit/Source/JavaScriptCore/heap/MarkedBlock.cpp:138:48 (jsc+0xe3a507)
    #5 JSC::BlockDirectory::tryAllocateBlock(WTF::AbstractLocker const&, JSC::Heap&) /root/WebKit/Source/JavaScriptCore/heap/BlockDirectory.cpp:154:35 (jsc+0xda610d)
    #6 JSC::LocalAllocator::allocateSlowCase(JSC::Heap&, unsigned long, JSC::GCDeferralContext*, JSC::AllocationFailureMode) /root/WebKit/Source/JavaScriptCore/heap/LocalAllocator.cpp:221:47 (jsc+0xe354be)
    #7 JSC::LocalAllocator::allocate(JSC::Heap&, unsigned long, JSC::GCDeferralContext*, JSC::AllocationFailureMode)::'lambda'()::operator()() const /root/WebKit/WebKitBuild/TSan/JavaScriptCore/PrivateHeaders/JavaScriptCore/LocalAllocatorInlines.h:53:43 (jsc+0x1d122e)
    #8 JSC::HeapCell* JSC::FreeList::allocateWithCellSize<JSC::LocalAllocator::allocate(JSC::Heap&, unsigned long, JSC::GCDeferralContext*, JSC::AllocationFailureMode)::'lambda'()>(JSC::LocalAllocator::allocate(JSC::Heap&, unsigned long, JSC::GCDeferralContext*, JSC::AllocationFailureMode)::'lambda'() const&, unsigned long) /root/WebKit/WebKitBuild/TSan/JavaScriptCore/PrivateHeaders/JavaScriptCore/FreeListInlines.h:46:16 (jsc+0x252cfb)
    #9 JSC::LocalAllocator::allocate(JSC::Heap&, unsigned long, JSC::GCDeferralContext*, JSC::AllocationFailureMode) /root/WebKit/WebKitBuild/TSan/JavaScriptCore/PrivateHeaders/JavaScriptCore/LocalAllocatorInlines.h:50:23 (jsc+0x252cfb)
    #10 JSC::GCClient::IsoSubspace::allocate(JSC::VM&, unsigned long, JSC::GCDeferralContext*, JSC::AllocationFailureMode) /root/WebKit/WebKitBuild/TSan/JavaScriptCore/PrivateHeaders/JavaScriptCore/IsoSubspaceInlines.h:42:29 (jsc+0x252cfb)
    #11 void* JSC::tryAllocateCellHelper<JSC::JSArray, (JSC::AllocationFailureMode)0>(JSC::VM&, unsigned long, JSC::GCDeferralContext*) /root/WebKit/WebKitBuild/TSan/JavaScriptCore/PrivateHeaders/JavaScriptCore/JSCellInlines.h:180:63 (jsc+0x252cfb)
    #12 void* JSC::allocateCell<JSC::JSArray>(JSC::VM&, JSC::GCDeferralContext*, unsigned long) /root/WebKit/WebKitBuild/TSan/JavaScriptCore/PrivateHeaders/JavaScriptCore/JSCellInlines.h:212:12 (jsc+0x252cfb)
    #13 JSC::JSArray::createWithButterfly(JSC::VM&, JSC::GCDeferralContext*, JSC::Structure*, JSC::Butterfly*) /root/WebKit/Source/JavaScriptCore/runtime/JSArray.h:244:36 (jsc+0x17d5cd7)
    #14 JSC::JSArray* JSC::getPropertyKeys<false>(JSC::JSGlobalObject*, JSC::JSObject*, JSC::PropertyNameMode, JSC::DontEnumPropertiesMode) /root/WebKit/Source/JavaScriptCore/runtime/ObjectConstructor.cpp:1336:24 (jsc+0x17d5cd7)
    #15 JSC::ownPropertyKeys(JSC::JSGlobalObject*, JSC::JSObject*, JSC::PropertyNameMode, JSC::DontEnumPropertiesMode) /root/WebKit/Source/JavaScriptCore/runtime/ObjectConstructor.cpp:1398:12 (jsc+0x17d5cd7)
    #16 JSC::objectConstructorKeys(JSC::JSGlobalObject*, JSC::CallFrame*) /root/WebKit/Source/JavaScriptCore/runtime/ObjectConstructor.cpp:274:5 (jsc+0x17d35eb)
    #17 <null> <null> (0x7fa45edff157)
    #18 JSC::evaluate(JSC::JSGlobalObject*, JSC::SourceCode const&, JSC::JSValue, WTF::NakedPtr<JSC::Exception>&) /root/WebKit/Source/JavaScriptCore/runtime/Completion.cpp:145:37 (jsc+0x13af265)
    #19 runWithOptions(GlobalObject*, CommandLine&, bool&) /root/WebKit/Source/JavaScriptCore/jsc.cpp:3957:35 (jsc+0x1caf15)
    #20 jscmain(int, char**)::$_0::operator()(JSC::VM&, GlobalObject*, bool&) const /root/WebKit/Source/JavaScriptCore/jsc.cpp:4686:13 (jsc+0x1caf15)
    #21 int runJSC<jscmain(int, char**)::$_0>(CommandLine const&, bool, jscmain(int, char**)::$_0 const&) /root/WebKit/Source/JavaScriptCore/jsc.cpp:4472:13 (jsc+0x1caf15)
    #22 jscmain(int, char**) /root/WebKit/Source/JavaScriptCore/jsc.cpp:4679:18 (jsc+0x1caf15)
    #23 main /root/WebKit/Source/JavaScriptCore/jsc.cpp:3715:15 (jsc+0x1c9793)

  Thread T1 'JITWorker' (tid=1726547, running) created by main thread at:
    #0 pthread_create /home/runner/work/llvm-project/llvm-project/compiler-rt/lib/tsan/rtl/tsan_interceptors_posix.cpp:1090:3 (jsc+0x13ff1a)
    #1 WTF::Thread::establishHandle(WTF::Thread::NewThreadContext&, WTF::StackAllocationSpecification, WTF::ThreadQOS, WTF::ThreadSchedulingPolicy) /root/WebKit/Source/WTF/wtf/posix/ThreadingPOSIX.cpp:354:17 (jsc+0x25efd35)
    #2 WTF::Thread::create(WTF::ASCIILiteral, WTF::Function<void ()>&&, WTF::ThreadType, WTF::ThreadQOS, WTF::ThreadSchedulingPolicy, WTF::StackAllocationSpecification) /root/WebKit/Source/WTF/wtf/Threading.cpp:330:32 (jsc+0x25937d3)
    #3 WTF::AutomaticThread::start(WTF::AbstractLocker const&) /root/WebKit/Source/WTF/wtf/AutomaticThread.cpp:189:5 (jsc+0x2566b89)
    #4 WTF::AutomaticThreadCondition::notifyOne(WTF::AbstractLocker const&) /root/WebKit/Source/WTF/wtf/AutomaticThread.cpp:60:21 (jsc+0x2566989)
    #5 JSC::JITWorklist::wakeThreads(WTF::AbstractLocker const&, unsigned int) /root/WebKit/Source/JavaScriptCore/jit/JITWorklist.cpp:162:25 (jsc+0x10323e6)
    #6 JSC::JITWorklist::enqueue(WTF::Ref<JSC::JITPlan, WTF::RawPtrTraits<JSC::JITPlan>, WTF::DefaultRefDerefTraits<JSC::JITPlan>>) /root/WebKit/Source/JavaScriptCore/jit/JITWorklist.cpp:246:5 (jsc+0x1032c4f)
    #7 JSC::LLInt::jitCompileAndSetHeuristics(JSC::VM&, JSC::CodeBlock*) /root/WebKit/Source/JavaScriptCore/llint/LLIntSlowPaths.cpp:497:45 (jsc+0x106c66e)
    #8 JSC::LLInt::entryOSR(JSC::CodeBlock*, char const*, JSC::LLInt::EntryKind) /root/WebKit/Source/JavaScriptCore/llint/LLIntSlowPaths.cpp:519:10 (jsc+0x106b952)
    #9 llint_entry_osr_function_for_construct_arityCheck /root/WebKit/Source/JavaScriptCore/llint/LLIntSlowPaths.cpp:564:12 (jsc+0x106bd30)
    #10 llint_function_for_construct_arity_check LowLevelInterpreter.cpp (jsc+0x1de47b9)
    #11 JSC::evaluate(JSC::JSGlobalObject*, JSC::SourceCode const&, JSC::JSValue, WTF::NakedPtr<JSC::Exception>&) /root/WebKit/Source/JavaScriptCore/runtime/Completion.cpp:145:37 (jsc+0x13af265)
    #12 runWithOptions(GlobalObject*, CommandLine&, bool&) /root/WebKit/Source/JavaScriptCore/jsc.cpp:3957:35 (jsc+0x1caf15)
    #13 jscmain(int, char**)::$_0::operator()(JSC::VM&, GlobalObject*, bool&) const /root/WebKit/Source/JavaScriptCore/jsc.cpp:4686:13 (jsc+0x1caf15)
    #14 int runJSC<jscmain(int, char**)::$_0>(CommandLine const&, bool, jscmain(int, char**)::$_0 const&) /root/WebKit/Source/JavaScriptCore/jsc.cpp:4472:13 (jsc+0x1caf15)
    #15 jscmain(int, char**) /root/WebKit/Source/JavaScriptCore/jsc.cpp:4679:18 (jsc+0x1caf15)
    #16 main /root/WebKit/Source/JavaScriptCore/jsc.cpp:3715:15 (jsc+0x1c9793)

SUMMARY: ThreadSanitizer: data race /root/WebKit/WebKitBuild/TSan/JavaScriptCore/PrivateHeaders/JavaScriptCore/JSCell.h:88:5 in JSC::JSType JSC::cellHeaderConcurrentLoad<JSC::JSType>(JSC::JSType const&)
==================
ThreadSanitizer: reported 8 warnings
