JSC: disabling useWasm under GIL-off (wasm glue still reads the raw VM-block exception word; not yet audited for UNGIL §A.1.3 COMPILED-FOR-VM; see AB-17 status block in VMEntryScope.cpp).
ThreadSanitizer:DEADLYSIGNAL
==3561747==ERROR: ThreadSanitizer: SEGV on unknown address 0x0072a00000ce (pc 0x7f9f49c040d0 bp 0x7ffebed54be0 sp 0x7ffebed54b90 T3561747)
==3561747==The signal is caused by a READ memory access.
    #0 <null> <null> (0x7f9f49c040d0)
    #1 <null> <null> (0x7f9f49c034a2)
    #2 llint_op_call LowLevelInterpreter.cpp (jsc+0x1e2891c)
    #3 llint_call_javascript LowLevelInterpreter.cpp (jsc+0x1e05588)
    #4 JSC::Interpreter::executeProgram(JSC::SourceCode const&, JSC::JSGlobalObject*, JSC::JSObject*) /root/WebKit/Source/JavaScriptCore/interpreter/Interpreter.cpp:1234:28 (jsc+0xe8b143)
    #5 JSC::evaluate(JSC::JSGlobalObject*, JSC::SourceCode const&, JSC::JSValue, WTF::NakedPtr<JSC::Exception>&) /root/WebKit/Source/JavaScriptCore/runtime/Completion.cpp:145:37 (jsc+0x13c5043)
    #6 runWithOptions(GlobalObject*, CommandLine&, bool&) /root/WebKit/Source/JavaScriptCore/jsc.cpp:3957:35 (jsc+0x1cafc5)
    #7 jscmain(int, char**)::$_0::operator()(JSC::VM&, GlobalObject*, bool&) const /root/WebKit/Source/JavaScriptCore/jsc.cpp:4686:13 (jsc+0x1cafc5)
    #8 int runJSC<jscmain(int, char**)::$_0>(CommandLine const&, bool, jscmain(int, char**)::$_0 const&) /root/WebKit/Source/JavaScriptCore/jsc.cpp:4472:13 (jsc+0x1cafc5)
    #9 jscmain(int, char**) /root/WebKit/Source/JavaScriptCore/jsc.cpp:4679:18 (jsc+0x1cafc5)
    #10 main /root/WebKit/Source/JavaScriptCore/jsc.cpp:3715:15 (jsc+0x1c9803)
    #11 __libc_start_call_main <null> (libc.so.6+0x2a60f) (BuildId: f272aa838db85055a63d6886f3ca9646107c1609)

==3561747==Register values:
rax = 0x00000072a00000c8  rbx = 0x0000000000000001  rcx = 0x00000072a00000c8  rdx = 0x000072a00000c8a0  
rdi = 0x0000722800000b18  rsi = 0x000072a00000c960  rbp = 0x00007ffebed54be0  rsp = 0x00007ffebed54b90  
 r8 = 0x000072a00002b3e0   r9 = 0x00000000000805e6  r10 = 0x00007f9f49c04153  r11 = 0x00007f9e00000000  
r12 = 0x0000726000008d00  r13 = 0x00007218000052e0  r14 = 0xfffe000000000000  r15 = 0xfffe000000000002  
ThreadSanitizer can not provide additional info.
SUMMARY: ThreadSanitizer: SEGV (<unknown module>) 
==3561747==ABORTING
