JSC: disabling useWasm under GIL-off (wasm glue still reads the raw VM-block exception word; not yet audited for UNGIL §A.1.3 COMPILED-FOR-VM; see AB-17 status block in VMEntryScope.cpp).
==================
WARNING: ThreadSanitizer: data race (pid=3305505)
  Read of size 8 at 0x72a00003d920 by thread T1:
    #0 WTF::RefPtr<WTF::RefCountable<JSC::InlineWatchpointSet>, WTF::RawPtrTraits<WTF::RefCountable<JSC::InlineWatchpointSet>>, WTF::DefaultRefDerefTraits<WTF::RefCountable<JSC::InlineWatchpointSet>>>::operator bool() const /root/WebKit/WebKitBuild/TSan/WTF/Headers/wtf/RefPtr.h:130:47 (jsc+0x144f044)
    #1 WTF::Box<JSC::InlineWatchpointSet>::isValid() const /root/WebKit/WebKitBuild/TSan/WTF/Headers/wtf/Box.h:59:53 (jsc+0x144f044)
    #2 WTF::Box<JSC::InlineWatchpointSet>::operator bool() const /root/WebKit/WebKitBuild/TSan/WTF/Headers/wtf/Box.h:71:45 (jsc+0x144f044)
    #3 JSC::FunctionExecutable::ensurePolyProtoWatchpoint() /root/WebKit/Source/JavaScriptCore/runtime/FunctionExecutable.h:304:14 (jsc+0x144f044)
    #4 JSC::ObjectAllocationProfileBase<JSC::ObjectAllocationProfileWithPrototype>::initializeProfile(JSC::VM&, JSC::JSGlobalObject*, JSC::JSCell*, JSC::JSObject*, unsigned int, JSC::JSFunction*, JSC::FunctionRareData*) /root/WebKit/Source/JavaScriptCore/bytecode/ObjectAllocationProfileInlines.h:68:39 (jsc+0x144e895)
    #5 JSC::FunctionRareData::initializeObjectAllocationProfile(JSC::VM&, JSC::JSGlobalObject*, JSC::JSObject*, unsigned long, JSC::JSFunction*)::$_1::operator()(JSC::JSObject*, unsigned long) const /root/WebKit/Source/JavaScriptCore/runtime/FunctionRareData.cpp:135:31 (jsc+0x144ce8e)
    #6 JSC::FunctionRareData::initializeObjectAllocationProfile(JSC::VM&, JSC::JSGlobalObject*, JSC::JSObject*, unsigned long, JSC::JSFunction*) /root/WebKit/Source/JavaScriptCore/runtime/FunctionRareData.cpp:182:13 (jsc+0x144c981)
    #7 JSC::JSFunction::allocateAndInitializeRareData(JSC::JSGlobalObject*, unsigned long) /root/WebKit/Source/JavaScriptCore/runtime/JSFunction.cpp:196:15 (jsc+0x158cbbc)
    #8 JSC::JSFunction::ensureRareDataAndObjectAllocationProfile(JSC::JSGlobalObject*, unsigned int) /root/WebKit/Source/JavaScriptCore/runtime/JSFunctionInlines.h:268:16 (jsc+0x13a34d1)
    #9 slow_path_create_this /root/WebKit/Source/JavaScriptCore/runtime/CommonSlowPaths.cpp:175:80 (jsc+0x13a34d1)
    #10 llint_op_create_this LowLevelInterpreter.cpp (jsc+0x1e1dca5)
    #11 JSC::Interpreter::executeCall(JSC::JSObject*, JSC::CallData const&, JSC::JSValue, JSC::JSCell*, JSC::ArgList const&) /root/WebKit/Source/JavaScriptCore/interpreter/Interpreter.cpp (jsc+0xe8bf5d)
    #12 JSC::call(JSC::JSGlobalObject*, JSC::JSValue, JSC::CallData const&, JSC::JSValue, JSC::ArgList const&) /root/WebKit/Source/JavaScriptCore/runtime/CallData.cpp:70:27 (jsc+0x1361301)
    #13 JSC::call(JSC::JSGlobalObject*, JSC::JSValue, JSC::CallData const&, JSC::JSValue, JSC::ArgList const&, WTF::NakedPtr<JSC::Exception>&) /root/WebKit/Source/JavaScriptCore/runtime/CallData.cpp:77:22 (jsc+0x1361301)
    #14 JSC::threadMain(JSC::VM&, WTF::Ref<JSC::ThreadState, WTF::RawPtrTraits<JSC::ThreadState>, WTF::DefaultRefDerefTraits<JSC::ThreadState>>) /root/WebKit/Source/JavaScriptCore/runtime/ThreadObject.cpp:241:30 (jsc+0x19a4c1c)
    #15 JSC::constructThread(JSC::JSGlobalObject*, JSC::CallFrame*)::$_0::operator()() /root/WebKit/Source/JavaScriptCore/runtime/ThreadObject.cpp:468:9 (jsc+0x19a4c1c)
    #16 WTF::Detail::CallableWrapper<JSC::constructThread(JSC::JSGlobalObject*, JSC::CallFrame*)::$_0, void>::call() /root/WebKit/WebKitBuild/TSan/WTF/Headers/wtf/Function.h:59:39 (jsc+0x19a4c1c)
    #17 WTF::Function<void ()>::operator()() const /root/WebKit/Source/WTF/wtf/Function.h:103:35 (jsc+0x25b5b45)
    #18 WTF::Thread::entryPoint(WTF::Thread::NewThreadContext*) /root/WebKit/Source/WTF/wtf/Threading.cpp:312:5 (jsc+0x25b5b45)
    #19 WTF::wtfThreadEntryPoint(void*) /root/WebKit/Source/WTF/wtf/posix/ThreadingPOSIX.cpp:264:5 (jsc+0x260faf9)

  Previous write of size 8 at 0x72a00003d920 by thread T2:
    #0 std::enable_if<__and_<std::__not_<std::__is_tuple_like<WTF::RefCountable<JSC::InlineWatchpointSet>*>>, std::is_move_constructible<WTF::RefCountable<JSC::InlineWatchpointSet>*>, std::is_move_assignable<WTF::RefCountable<JSC::InlineWatchpointSet>*>>::value, void>::type std::swap<WTF::RefCountable<JSC::InlineWatchpointSet>*>(WTF::RefCountable<JSC::InlineWatchpointSet>*&, WTF::RefCountable<JSC::InlineWatchpointSet>*&) /usr/lib/gcc/x86_64-amazon-linux/14/../../../../include/c++/14/bits/move.h:235:11 (jsc+0x144f088)
    #1 WTF::RawPtrTraits<WTF::RefCountable<JSC::InlineWatchpointSet>>::swap(WTF::RefCountable<JSC::InlineWatchpointSet>*&, WTF::RefCountable<JSC::InlineWatchpointSet>*&) /root/WebKit/WebKitBuild/TSan/WTF/Headers/wtf/RawPtrTraits.h:43:70 (jsc+0x144f088)
    #2 void WTF::RefPtr<WTF::RefCountable<JSC::InlineWatchpointSet>, WTF::RawPtrTraits<WTF::RefCountable<JSC::InlineWatchpointSet>>, WTF::DefaultRefDerefTraits<WTF::RefCountable<JSC::InlineWatchpointSet>>>::swap<WTF::RefCountable<JSC::InlineWatchpointSet>, WTF::RawPtrTraits<WTF::RefCountable<JSC::InlineWatchpointSet>>, WTF::DefaultRefDerefTraits<WTF::RefCountable<JSC::InlineWatchpointSet>>>(WTF::RefPtr<WTF::RefCountable<JSC::InlineWatchpointSet>, WTF::RawPtrTraits<WTF::RefCountable<JSC::InlineWatchpointSet>>, WTF::DefaultRefDerefTraits<WTF::RefCountable<JSC::InlineWatchpointSet>>>&) /root/WebKit/WebKitBuild/TSan/WTF/Headers/wtf/RefPtr.h:244:5 (jsc+0x144f088)
    #3 WTF::RefPtr<WTF::RefCountable<JSC::InlineWatchpointSet>, WTF::RawPtrTraits<WTF::RefCountable<JSC::InlineWatchpointSet>>, WTF::DefaultRefDerefTraits<WTF::RefCountable<JSC::InlineWatchpointSet>>>::operator=(WTF::RefPtr<WTF::RefCountable<JSC::InlineWatchpointSet>, WTF::RawPtrTraits<WTF::RefCountable<JSC::InlineWatchpointSet>>, WTF::DefaultRefDerefTraits<WTF::RefCountable<JSC::InlineWatchpointSet>>>&&) /root/WebKit/WebKitBuild/TSan/WTF/Headers/wtf/RefPtr.h:218:5 (jsc+0x144f088)
    #4 WTF::Box<JSC::InlineWatchpointSet>::operator=(WTF::Box<JSC::InlineWatchpointSet>&&) /root/WebKit/WebKitBuild/TSan/WTF/Headers/wtf/Box.h:48:35 (jsc+0x144f088)
    #5 JSC::FunctionExecutable::ensurePolyProtoWatchpoint() /root/WebKit/Source/JavaScriptCore/runtime/FunctionExecutable.h:305:35 (jsc+0x144f088)
    #6 JSC::ObjectAllocationProfileBase<JSC::ObjectAllocationProfileWithPrototype>::initializeProfile(JSC::VM&, JSC::JSGlobalObject*, JSC::JSCell*, JSC::JSObject*, unsigned int, JSC::JSFunction*, JSC::FunctionRareData*) /root/WebKit/Source/JavaScriptCore/bytecode/ObjectAllocationProfileInlines.h:68:39 (jsc+0x144e895)
    #7 JSC::FunctionRareData::initializeObjectAllocationProfile(JSC::VM&, JSC::JSGlobalObject*, JSC::JSObject*, unsigned long, JSC::JSFunction*)::$_1::operator()(JSC::JSObject*, unsigned long) const /root/WebKit/Source/JavaScriptCore/runtime/FunctionRareData.cpp:135:31 (jsc+0x144ce8e)
    #8 JSC::FunctionRareData::initializeObjectAllocationProfile(JSC::VM&, JSC::JSGlobalObject*, JSC::JSObject*, unsigned long, JSC::JSFunction*) /root/WebKit/Source/JavaScriptCore/runtime/FunctionRareData.cpp:182:13 (jsc+0x144c981)
    #9 JSC::JSFunction::allocateAndInitializeRareData(JSC::JSGlobalObject*, unsigned long) /root/WebKit/Source/JavaScriptCore/runtime/JSFunction.cpp:196:15 (jsc+0x158cbbc)
    #10 JSC::JSFunction::ensureRareDataAndObjectAllocationProfile(JSC::JSGlobalObject*, unsigned int) /root/WebKit/Source/JavaScriptCore/runtime/JSFunctionInlines.h:268:16 (jsc+0x13a34d1)
    #11 slow_path_create_this /root/WebKit/Source/JavaScriptCore/runtime/CommonSlowPaths.cpp:175:80 (jsc+0x13a34d1)
    #12 llint_op_create_this LowLevelInterpreter.cpp (jsc+0x1e1dca5)
    #13 JSC::Interpreter::executeCall(JSC::JSObject*, JSC::CallData const&, JSC::JSValue, JSC::JSCell*, JSC::ArgList const&) /root/WebKit/Source/JavaScriptCore/interpreter/Interpreter.cpp (jsc+0xe8bf5d)
    #14 JSC::call(JSC::JSGlobalObject*, JSC::JSValue, JSC::CallData const&, JSC::JSValue, JSC::ArgList const&) /root/WebKit/Source/JavaScriptCore/runtime/CallData.cpp:70:27 (jsc+0x1361301)
    #15 JSC::call(JSC::JSGlobalObject*, JSC::JSValue, JSC::CallData const&, JSC::JSValue, JSC::ArgList const&, WTF::NakedPtr<JSC::Exception>&) /root/WebKit/Source/JavaScriptCore/runtime/CallData.cpp:77:22 (jsc+0x1361301)
    #16 JSC::threadMain(JSC::VM&, WTF::Ref<JSC::ThreadState, WTF::RawPtrTraits<JSC::ThreadState>, WTF::DefaultRefDerefTraits<JSC::ThreadState>>) /root/WebKit/Source/JavaScriptCore/runtime/ThreadObject.cpp:241:30 (jsc+0x19a4c1c)
    #17 JSC::constructThread(JSC::JSGlobalObject*, JSC::CallFrame*)::$_0::operator()() /root/WebKit/Source/JavaScriptCore/runtime/ThreadObject.cpp:468:9 (jsc+0x19a4c1c)
    #18 WTF::Detail::CallableWrapper<JSC::constructThread(JSC::JSGlobalObject*, JSC::CallFrame*)::$_0, void>::call() /root/WebKit/WebKitBuild/TSan/WTF/Headers/wtf/Function.h:59:39 (jsc+0x19a4c1c)
    #19 WTF::Function<void ()>::operator()() const /root/WebKit/Source/WTF/wtf/Function.h:103:35 (jsc+0x25b5b45)
    #20 WTF::Thread::entryPoint(WTF::Thread::NewThreadContext*) /root/WebKit/Source/WTF/wtf/Threading.cpp:312:5 (jsc+0x25b5b45)
    #21 WTF::wtfThreadEntryPoint(void*) /root/WebKit/Source/WTF/wtf/posix/ThreadingPOSIX.cpp:264:5 (jsc+0x260faf9)

  Location is heap block of size 16384 at 0x72a00003c000 allocated by main thread:
    #0 aligned_alloc /home/runner/work/llvm-project/llvm-project/compiler-rt/lib/tsan/rtl/tsan_interceptors_posix.cpp:885:3 (jsc+0x13f40e)
    #1 bmalloc::api::tryMemalign(unsigned long, unsigned long, bmalloc::CompactAllocationMode, bmalloc::HeapKind) /root/WebKit/WebKitBuild/TSan/bmalloc/Headers/bmalloc/bmalloc.h:158:12 (jsc+0x2598fd0)
    #2 WTF::tryFastCompactAlignedMalloc(unsigned long, unsigned long) /root/WebKit/Source/WTF/wtf/FastMalloc.cpp:553:20 (jsc+0x2598fd0)
    #3 JSC::FastMallocAlignedMemoryAllocator::tryAllocateAlignedMemory(unsigned long, unsigned long) /root/WebKit/Source/JavaScriptCore/heap/FastMallocAlignedMemoryAllocator.cpp:47:12 (jsc+0xdbd9a0)
    #4 JSC::MarkedBlock::tryCreate(JSC::Heap&, JSC::AlignedMemoryAllocator*) /root/WebKit/Source/JavaScriptCore/heap/MarkedBlock.cpp:138:48 (jsc+0xe4a6c8)
    #5 JSC::BlockDirectory::tryAllocateBlock(WTF::AbstractLocker const&, JSC::Heap&) /root/WebKit/Source/JavaScriptCore/heap/BlockDirectory.cpp:158:35 (jsc+0xdb4b9d)
    #6 JSC::LocalAllocator::allocateSlowCase(JSC::Heap&, unsigned long, JSC::GCDeferralContext*, JSC::AllocationFailureMode) /root/WebKit/Source/JavaScriptCore/heap/LocalAllocator.cpp:221:47 (jsc+0xe4548e)
    #7 JSC::LocalAllocator::allocate(JSC::Heap&, unsigned long, JSC::GCDeferralContext*, JSC::AllocationFailureMode)::'lambda'()::operator()() const /root/WebKit/WebKitBuild/TSan/JavaScriptCore/PrivateHeaders/JavaScriptCore/LocalAllocatorInlines.h:53:43 (jsc+0x1d135e)
    #8 JSC::HeapCell* JSC::FreeList::allocateWithCellSize<JSC::LocalAllocator::allocate(JSC::Heap&, unsigned long, JSC::GCDeferralContext*, JSC::AllocationFailureMode)::'lambda'()>(JSC::LocalAllocator::allocate(JSC::Heap&, unsigned long, JSC::GCDeferralContext*, JSC::AllocationFailureMode)::'lambda'() const&, unsigned long) /root/WebKit/Source/JavaScriptCore/heap/FreeListInlines.h:46:16 (jsc+0x3c3e4f)
    #9 JSC::LocalAllocator::allocate(JSC::Heap&, unsigned long, JSC::GCDeferralContext*, JSC::AllocationFailureMode) /root/WebKit/Source/JavaScriptCore/heap/LocalAllocatorInlines.h:50:23 (jsc+0x3c3e4f)
    #10 JSC::GCClient::IsoSubspace::allocate(JSC::VM&, unsigned long, JSC::GCDeferralContext*, JSC::AllocationFailureMode) /root/WebKit/Source/JavaScriptCore/heap/IsoSubspaceInlines.h:42:29 (jsc+0x3c3e4f)
    #11 void* JSC::tryAllocateCellHelper<JSC::FunctionExecutable, (JSC::AllocationFailureMode)0>(JSC::VM&, unsigned long, JSC::GCDeferralContext*) /root/WebKit/Source/JavaScriptCore/runtime/JSCellInlines.h:212:63 (jsc+0x3c3e4f)
    #12 void* JSC::allocateCell<JSC::FunctionExecutable>(JSC::VM&, unsigned long) /root/WebKit/Source/JavaScriptCore/runtime/JSCellInlines.h:232:12 (jsc+0x3c3e4f)
    #13 JSC::FunctionExecutable::create(JSC::VM&, JSC::ScriptExecutable*, JSC::SourceCode const&, JSC::UnlinkedFunctionExecutable*, JSC::Intrinsic, bool) /root/WebKit/Source/JavaScriptCore/runtime/FunctionExecutable.h:53:56 (jsc+0x3c1445)
    #14 JSC::UnlinkedFunctionExecutable::link(JSC::VM&, JSC::ScriptExecutable*, JSC::SourceCode const&, std::optional<int>, JSC::Intrinsic, bool) /root/WebKit/Source/JavaScriptCore/bytecode/UnlinkedFunctionExecutable.cpp:290:34 (jsc+0x3c1445)
    #15 JSC::arrayPrototypeReduceRightCodeGenerator(JSC::VM&) /root/WebKit/WebKitBuild/TSan/JavaScriptCore/DerivedSources/JSCBuiltins.cpp:1251:1 (jsc+0x1e680ae)
    #16 JSC::ArrayPrototype::finishCreation(JSC::VM&, JSC::JSGlobalObject*) /root/WebKit/Source/JavaScriptCore/runtime/ArrayPrototype.cpp:129:5 (jsc+0x1316f18)
    #17 JSC::ArrayPrototype::create(JSC::VM&, JSC::JSGlobalObject*, JSC::Structure*) /root/WebKit/Source/JavaScriptCore/runtime/ArrayPrototype.cpp:88:16 (jsc+0x131595f)
    #18 JSC::JSGlobalObject::init(JSC::VM&) /root/WebKit/Source/JavaScriptCore/runtime/JSGlobalObject.cpp:1754:36 (jsc+0x15ab8f9)
    #19 JSC::JSGlobalObject::finishCreation(JSC::VM&) /root/WebKit/Source/JavaScriptCore/runtime/JSGlobalObject.cpp:4439:5 (jsc+0x15d0afb)
    #20 GlobalObject::finishCreation(JSC::VM&, WTF::Vector<WTF::String, 0ul, WTF::CrashOnOverflow, 16ul, WTF::FastMalloc> const&) /root/WebKit/Source/JavaScriptCore/jsc.cpp:640:15 (jsc+0x1e91fa)
    #21 GlobalObject::create(JSC::VM&, JSC::Structure*, WTF::Vector<WTF::String, 0ul, WTF::CrashOnOverflow, 16ul, WTF::FastMalloc> const&) /root/WebKit/Source/JavaScriptCore/jsc.cpp:566:17 (jsc+0x1ca0bf)
    #22 int runJSC<jscmain(int, char**)::$_0>(CommandLine const&, bool, jscmain(int, char**)::$_0 const&) /root/WebKit/Source/JavaScriptCore/jsc.cpp:4464:28 (jsc+0x1ca0bf)
    #23 jscmain(int, char**) /root/WebKit/Source/JavaScriptCore/jsc.cpp:4679:18 (jsc+0x1ca0bf)
    #24 main /root/WebKit/Source/JavaScriptCore/jsc.cpp:3715:15 (jsc+0x1c9803)

  Thread T1 'JS Thread' (tid=3305510, running) created by main thread at:
    #0 pthread_create /home/runner/work/llvm-project/llvm-project/compiler-rt/lib/tsan/rtl/tsan_interceptors_posix.cpp:1090:3 (jsc+0x13ff1a)
    #1 WTF::Thread::establishHandle(WTF::Thread::NewThreadContext&, WTF::StackAllocationSpecification, WTF::ThreadQOS, WTF::ThreadSchedulingPolicy) /root/WebKit/Source/WTF/wtf/posix/ThreadingPOSIX.cpp:354:17 (jsc+0x260f9e5)
    #2 WTF::Thread::create(WTF::ASCIILiteral, WTF::Function<void ()>&&, WTF::ThreadType, WTF::ThreadQOS, WTF::ThreadSchedulingPolicy, WTF::StackAllocationSpecification) /root/WebKit/Source/WTF/wtf/Threading.cpp:330:32 (jsc+0x25b5ea5)
    #3 JSC::constructThread(JSC::JSGlobalObject*, JSC::CallFrame*) /root/WebKit/Source/JavaScriptCore/runtime/ThreadObject.cpp:467:5 (jsc+0x199d1af)
    #4 <null> <null> (0x7f96415ff217)
    #5 JSC::evaluate(JSC::JSGlobalObject*, JSC::SourceCode const&, JSC::JSValue, WTF::NakedPtr<JSC::Exception>&) /root/WebKit/Source/JavaScriptCore/runtime/Completion.cpp:145:37 (jsc+0x13c4053)
    #6 runWithOptions(GlobalObject*, CommandLine&, bool&) /root/WebKit/Source/JavaScriptCore/jsc.cpp:3957:35 (jsc+0x1cafc5)
    #7 jscmain(int, char**)::$_0::operator()(JSC::VM&, GlobalObject*, bool&) const /root/WebKit/Source/JavaScriptCore/jsc.cpp:4686:13 (jsc+0x1cafc5)
    #8 int runJSC<jscmain(int, char**)::$_0>(CommandLine const&, bool, jscmain(int, char**)::$_0 const&) /root/WebKit/Source/JavaScriptCore/jsc.cpp:4472:13 (jsc+0x1cafc5)
    #9 jscmain(int, char**) /root/WebKit/Source/JavaScriptCore/jsc.cpp:4679:18 (jsc+0x1cafc5)
    #10 main /root/WebKit/Source/JavaScriptCore/jsc.cpp:3715:15 (jsc+0x1c9803)

  Thread T2 'JS Thread' (tid=3305511, running) created by main thread at:
    #0 pthread_create /home/runner/work/llvm-project/llvm-project/compiler-rt/lib/tsan/rtl/tsan_interceptors_posix.cpp:1090:3 (jsc+0x13ff1a)
    #1 WTF::Thread::establishHandle(WTF::Thread::NewThreadContext&, WTF::StackAllocationSpecification, WTF::ThreadQOS, WTF::ThreadSchedulingPolicy) /root/WebKit/Source/WTF/wtf/posix/ThreadingPOSIX.cpp:354:17 (jsc+0x260f9e5)
    #2 WTF::Thread::create(WTF::ASCIILiteral, WTF::Function<void ()>&&, WTF::ThreadType, WTF::ThreadQOS, WTF::ThreadSchedulingPolicy, WTF::StackAllocationSpecification) /root/WebKit/Source/WTF/wtf/Threading.cpp:330:32 (jsc+0x25b5ea5)
    #3 JSC::constructThread(JSC::JSGlobalObject*, JSC::CallFrame*) /root/WebKit/Source/JavaScriptCore/runtime/ThreadObject.cpp:467:5 (jsc+0x199d1af)
    #4 <null> <null> (0x7f96415ff217)
    #5 JSC::evaluate(JSC::JSGlobalObject*, JSC::SourceCode const&, JSC::JSValue, WTF::NakedPtr<JSC::Exception>&) /root/WebKit/Source/JavaScriptCore/runtime/Completion.cpp:145:37 (jsc+0x13c4053)
    #6 runWithOptions(GlobalObject*, CommandLine&, bool&) /root/WebKit/Source/JavaScriptCore/jsc.cpp:3957:35 (jsc+0x1cafc5)
    #7 jscmain(int, char**)::$_0::operator()(JSC::VM&, GlobalObject*, bool&) const /root/WebKit/Source/JavaScriptCore/jsc.cpp:4686:13 (jsc+0x1cafc5)
    #8 int runJSC<jscmain(int, char**)::$_0>(CommandLine const&, bool, jscmain(int, char**)::$_0 const&) /root/WebKit/Source/JavaScriptCore/jsc.cpp:4472:13 (jsc+0x1cafc5)
    #9 jscmain(int, char**) /root/WebKit/Source/JavaScriptCore/jsc.cpp:4679:18 (jsc+0x1cafc5)
    #10 main /root/WebKit/Source/JavaScriptCore/jsc.cpp:3715:15 (jsc+0x1c9803)

SUMMARY: ThreadSanitizer: data race /root/WebKit/WebKitBuild/TSan/WTF/Headers/wtf/RefPtr.h:130:47 in WTF::RefPtr<WTF::RefCountable<JSC::InlineWatchpointSet>, WTF::RawPtrTraits<WTF::RefCountable<JSC::InlineWatchpointSet>>, WTF::DefaultRefDerefTraits<WTF::RefCountable<JSC::InlineWatchpointSet>>>::operator bool() const
==================
ThreadSanitizer: reported 1 warnings
