JSC: disabling useWasm under GIL-off (wasm glue still reads the raw VM-block exception word; not yet audited for UNGIL §A.1.3 COMPILED-FOR-VM; see AB-17 status block in VMEntryScope.cpp).
==================
WARNING: ThreadSanitizer: data race (pid=3306877)
  Atomic read of size 8 at 0x72280000a310 by main thread:
    #0 std::__atomic_base<JSC::StructureID*>::load(std::memory_order) const /usr/lib/gcc/x86_64-amazon-linux/14/../../../../include/c++/14/bits/atomic_base.h:833:9 (jsc+0x7dceed)
    #1 std::atomic<JSC::StructureID*>::load(std::memory_order) const /usr/lib/gcc/x86_64-amazon-linux/14/../../../../include/c++/14/atomic:582:21 (jsc+0x7dceed)
    #2 WTF::Atomic<JSC::StructureID*>::load(std::memory_order) const /root/WebKit/WebKitBuild/TSan/WTF/Headers/wtf/Atomics.h:55:100 (jsc+0x7dceed)
    #3 JSC::StructureID* WTF::atomicLoad<JSC::StructureID*>(JSC::StructureID**, std::memory_order) /root/WebKit/WebKitBuild/TSan/WTF/Headers/wtf/Atomics.h:162:49 (jsc+0x7dceed)
    #4 JSC::StructureChain::head() /root/WebKit/Source/JavaScriptCore/runtime/StructureChain.h:55:49 (jsc+0x7dceed)
    #5 JSC::Structure::isValid(JSC::JSGlobalObject*, JSC::StructureChain*, JSC::JSObject*) const /root/WebKit/Source/JavaScriptCore/runtime/StructureInlines.h:233:58 (jsc+0x7dceed)
    #6 JSC::Structure::prototypeChain(JSC::VM&, JSC::JSGlobalObject*, JSC::JSObject*) const /root/WebKit/Source/JavaScriptCore/runtime/StructureInlines.h:207:10 (jsc+0x7dceed)
    #7 JSC::propertyNameEnumerator(JSC::JSGlobalObject*, JSC::JSObject*) /root/WebKit/Source/JavaScriptCore/runtime/JSPropertyNameEnumeratorInlines.h:87:44 (jsc+0x7873d8)
    #8 slow_path_get_property_enumerator /root/WebKit/Source/JavaScriptCore/runtime/CommonSlowPaths.cpp:1225:5 (jsc+0x13b8806)
    #9 llint_op_get_property_enumerator LowLevelInterpreter.cpp (jsc+0x1e1bf12)
    #10 JSC::evaluate(JSC::JSGlobalObject*, JSC::SourceCode const&, JSC::JSValue, WTF::NakedPtr<JSC::Exception>&) /root/WebKit/Source/JavaScriptCore/runtime/Completion.cpp:145:37 (jsc+0x13c4053)
    #11 runWithOptions(GlobalObject*, CommandLine&, bool&) /root/WebKit/Source/JavaScriptCore/jsc.cpp:3957:35 (jsc+0x1cafc5)
    #12 jscmain(int, char**)::$_0::operator()(JSC::VM&, GlobalObject*, bool&) const /root/WebKit/Source/JavaScriptCore/jsc.cpp:4686:13 (jsc+0x1cafc5)
    #13 int runJSC<jscmain(int, char**)::$_0>(CommandLine const&, bool, jscmain(int, char**)::$_0 const&) /root/WebKit/Source/JavaScriptCore/jsc.cpp:4472:13 (jsc+0x1cafc5)
    #14 jscmain(int, char**) /root/WebKit/Source/JavaScriptCore/jsc.cpp:4679:18 (jsc+0x1cafc5)
    #15 main /root/WebKit/Source/JavaScriptCore/jsc.cpp:3715:15 (jsc+0x1c9803)

  Previous write of size 8 at 0x72280000a310 by thread T2:
    #0 malloc /home/runner/work/llvm-project/llvm-project/compiler-rt/lib/tsan/rtl/tsan_interceptors_posix.cpp:682:5 (jsc+0x13dc20)
    #1 bmalloc::api::tryMalloc(unsigned long, bmalloc::CompactAllocationMode, bmalloc::HeapKind) /root/WebKit/WebKitBuild/TSan/bmalloc/Headers/bmalloc/bmalloc.h:76:12 (jsc+0x259900d)
    #2 WTF::tryFastCompactMalloc(unsigned long) /root/WebKit/Source/WTF/wtf/FastMalloc.cpp:566:20 (jsc+0x259900d)
    #3 WTF::FastCompactMalloc::tryMalloc(unsigned long) /root/WebKit/WebKitBuild/TSan/WTF/Headers/wtf/FastMalloc.h:291:23 (jsc+0xdbda65)
    #4 JSC::FastMallocAlignedMemoryAllocator::tryAllocateMemory(unsigned long) /root/WebKit/Source/JavaScriptCore/heap/FastMallocAlignedMemoryAllocator.cpp:72:12 (jsc+0xdbda65)
    #5 JSC::PreciseAllocation::tryCreateForLowerTierPrecise(JSC::Heap&, unsigned long, JSC::Subspace*, unsigned char) /root/WebKit/Source/JavaScriptCore/heap/PreciseAllocation.cpp:173:55 (jsc+0xe598a3)
    #6 JSC::IsoSubspace::tryAllocateLowerTierPrecise(unsigned long) /root/WebKit/Source/JavaScriptCore/heap/IsoSubspace.cpp:108:41 (jsc+0xe33311)
    #7 JSC::LocalAllocator::allocateSlowCase(JSC::Heap&, unsigned long, JSC::GCDeferralContext*, JSC::AllocationFailureMode) /root/WebKit/Source/JavaScriptCore/heap/LocalAllocator.cpp:215:65 (jsc+0xe45467)
    #8 JSC::LocalAllocator::allocate(JSC::Heap&, unsigned long, JSC::GCDeferralContext*, JSC::AllocationFailureMode)::'lambda'()::operator()() const /root/WebKit/WebKitBuild/TSan/JavaScriptCore/PrivateHeaders/JavaScriptCore/LocalAllocatorInlines.h:53:43 (jsc+0x1d135e)
    #9 JSC::HeapCell* JSC::FreeList::allocateWithCellSize<JSC::LocalAllocator::allocate(JSC::Heap&, unsigned long, JSC::GCDeferralContext*, JSC::AllocationFailureMode)::'lambda'()>(JSC::LocalAllocator::allocate(JSC::Heap&, unsigned long, JSC::GCDeferralContext*, JSC::AllocationFailureMode)::'lambda'() const&, unsigned long) /root/WebKit/Source/JavaScriptCore/heap/FreeListInlines.h:46:16 (jsc+0x1916c2f)
    #10 JSC::LocalAllocator::allocate(JSC::Heap&, unsigned long, JSC::GCDeferralContext*, JSC::AllocationFailureMode) /root/WebKit/Source/JavaScriptCore/heap/LocalAllocatorInlines.h:50:23 (jsc+0x1916c2f)
    #11 JSC::GCClient::IsoSubspace::allocate(JSC::VM&, unsigned long, JSC::GCDeferralContext*, JSC::AllocationFailureMode) /root/WebKit/Source/JavaScriptCore/heap/IsoSubspaceInlines.h:42:29 (jsc+0x1916c2f)
    #12 void* JSC::tryAllocateCellHelper<JSC::StructureChain, (JSC::AllocationFailureMode)0>(JSC::VM&, unsigned long, JSC::GCDeferralContext*) /root/WebKit/Source/JavaScriptCore/runtime/JSCellInlines.h:212:63 (jsc+0x1916c2f)
    #13 void* JSC::allocateCell<JSC::StructureChain>(JSC::VM&, unsigned long) /root/WebKit/Source/JavaScriptCore/runtime/JSCellInlines.h:232:12 (jsc+0x1916c2f)
    #14 JSC::StructureChain::create(JSC::VM&, JSC::JSObject*) /root/WebKit/Source/JavaScriptCore/runtime/StructureChain.cpp:70:43 (jsc+0x191676b)
    #15 JSC::Structure::prototypeChain(JSC::VM&, JSC::JSGlobalObject*, JSC::JSObject*) const /root/WebKit/Source/JavaScriptCore/runtime/StructureInlines.h:218:33 (jsc+0x7dd088)
    #16 JSC::propertyNameEnumerator(JSC::JSGlobalObject*, JSC::JSObject*) /root/WebKit/Source/JavaScriptCore/runtime/JSPropertyNameEnumeratorInlines.h:87:44 (jsc+0x7873d8)
    #17 slow_path_get_property_enumerator /root/WebKit/Source/JavaScriptCore/runtime/CommonSlowPaths.cpp:1225:5 (jsc+0x13b8806)
    #18 llint_op_get_property_enumerator LowLevelInterpreter.cpp (jsc+0x1e1bf12)
    #19 JSC::Interpreter::executeCall(JSC::JSObject*, JSC::CallData const&, JSC::JSValue, JSC::JSCell*, JSC::ArgList const&) /root/WebKit/Source/JavaScriptCore/interpreter/Interpreter.cpp (jsc+0xe8bf5d)
    #20 JSC::call(JSC::JSGlobalObject*, JSC::JSValue, JSC::CallData const&, JSC::JSValue, JSC::ArgList const&) /root/WebKit/Source/JavaScriptCore/runtime/CallData.cpp:70:27 (jsc+0x1361301)
    #21 JSC::call(JSC::JSGlobalObject*, JSC::JSValue, JSC::CallData const&, JSC::JSValue, JSC::ArgList const&, WTF::NakedPtr<JSC::Exception>&) /root/WebKit/Source/JavaScriptCore/runtime/CallData.cpp:77:22 (jsc+0x1361301)
    #22 JSC::threadMain(JSC::VM&, WTF::Ref<JSC::ThreadState, WTF::RawPtrTraits<JSC::ThreadState>, WTF::DefaultRefDerefTraits<JSC::ThreadState>>) /root/WebKit/Source/JavaScriptCore/runtime/ThreadObject.cpp:241:30 (jsc+0x19a4c1c)
    #23 JSC::constructThread(JSC::JSGlobalObject*, JSC::CallFrame*)::$_0::operator()() /root/WebKit/Source/JavaScriptCore/runtime/ThreadObject.cpp:468:9 (jsc+0x19a4c1c)
    #24 WTF::Detail::CallableWrapper<JSC::constructThread(JSC::JSGlobalObject*, JSC::CallFrame*)::$_0, void>::call() /root/WebKit/WebKitBuild/TSan/WTF/Headers/wtf/Function.h:59:39 (jsc+0x19a4c1c)
    #25 WTF::Function<void ()>::operator()() const /root/WebKit/Source/WTF/wtf/Function.h:103:35 (jsc+0x25b5b45)
    #26 WTF::Thread::entryPoint(WTF::Thread::NewThreadContext*) /root/WebKit/Source/WTF/wtf/Threading.cpp:312:5 (jsc+0x25b5b45)
    #27 WTF::wtfThreadEntryPoint(void*) /root/WebKit/Source/WTF/wtf/posix/ThreadingPOSIX.cpp:264:5 (jsc+0x260faf9)

  Location is heap block of size 152 at 0x72280000a280 allocated by thread T2:
    #0 malloc /home/runner/work/llvm-project/llvm-project/compiler-rt/lib/tsan/rtl/tsan_interceptors_posix.cpp:682:5 (jsc+0x13dc20)
    #1 bmalloc::api::tryMalloc(unsigned long, bmalloc::CompactAllocationMode, bmalloc::HeapKind) /root/WebKit/WebKitBuild/TSan/bmalloc/Headers/bmalloc/bmalloc.h:76:12 (jsc+0x259900d)
    #2 WTF::tryFastCompactMalloc(unsigned long) /root/WebKit/Source/WTF/wtf/FastMalloc.cpp:566:20 (jsc+0x259900d)
    #3 WTF::FastCompactMalloc::tryMalloc(unsigned long) /root/WebKit/WebKitBuild/TSan/WTF/Headers/wtf/FastMalloc.h:291:23 (jsc+0xdbda65)
    #4 JSC::FastMallocAlignedMemoryAllocator::tryAllocateMemory(unsigned long) /root/WebKit/Source/JavaScriptCore/heap/FastMallocAlignedMemoryAllocator.cpp:72:12 (jsc+0xdbda65)
    #5 JSC::PreciseAllocation::tryCreateForLowerTierPrecise(JSC::Heap&, unsigned long, JSC::Subspace*, unsigned char) /root/WebKit/Source/JavaScriptCore/heap/PreciseAllocation.cpp:173:55 (jsc+0xe598a3)
    #6 JSC::IsoSubspace::tryAllocateLowerTierPrecise(unsigned long) /root/WebKit/Source/JavaScriptCore/heap/IsoSubspace.cpp:108:41 (jsc+0xe33311)
    #7 JSC::LocalAllocator::allocateSlowCase(JSC::Heap&, unsigned long, JSC::GCDeferralContext*, JSC::AllocationFailureMode) /root/WebKit/Source/JavaScriptCore/heap/LocalAllocator.cpp:215:65 (jsc+0xe45467)
    #8 JSC::LocalAllocator::allocate(JSC::Heap&, unsigned long, JSC::GCDeferralContext*, JSC::AllocationFailureMode)::'lambda'()::operator()() const /root/WebKit/WebKitBuild/TSan/JavaScriptCore/PrivateHeaders/JavaScriptCore/LocalAllocatorInlines.h:53:43 (jsc+0x1d135e)
    #9 JSC::HeapCell* JSC::FreeList::allocateWithCellSize<JSC::LocalAllocator::allocate(JSC::Heap&, unsigned long, JSC::GCDeferralContext*, JSC::AllocationFailureMode)::'lambda'()>(JSC::LocalAllocator::allocate(JSC::Heap&, unsigned long, JSC::GCDeferralContext*, JSC::AllocationFailureMode)::'lambda'() const&, unsigned long) /root/WebKit/Source/JavaScriptCore/heap/FreeListInlines.h:46:16 (jsc+0x1916c2f)
    #10 JSC::LocalAllocator::allocate(JSC::Heap&, unsigned long, JSC::GCDeferralContext*, JSC::AllocationFailureMode) /root/WebKit/Source/JavaScriptCore/heap/LocalAllocatorInlines.h:50:23 (jsc+0x1916c2f)
    #11 JSC::GCClient::IsoSubspace::allocate(JSC::VM&, unsigned long, JSC::GCDeferralContext*, JSC::AllocationFailureMode) /root/WebKit/Source/JavaScriptCore/heap/IsoSubspaceInlines.h:42:29 (jsc+0x1916c2f)
    #12 void* JSC::tryAllocateCellHelper<JSC::StructureChain, (JSC::AllocationFailureMode)0>(JSC::VM&, unsigned long, JSC::GCDeferralContext*) /root/WebKit/Source/JavaScriptCore/runtime/JSCellInlines.h:212:63 (jsc+0x1916c2f)
    #13 void* JSC::allocateCell<JSC::StructureChain>(JSC::VM&, unsigned long) /root/WebKit/Source/JavaScriptCore/runtime/JSCellInlines.h:232:12 (jsc+0x1916c2f)
    #14 JSC::StructureChain::create(JSC::VM&, JSC::JSObject*) /root/WebKit/Source/JavaScriptCore/runtime/StructureChain.cpp:70:43 (jsc+0x191676b)
    #15 JSC::Structure::prototypeChain(JSC::VM&, JSC::JSGlobalObject*, JSC::JSObject*) const /root/WebKit/Source/JavaScriptCore/runtime/StructureInlines.h:218:33 (jsc+0x7dd088)
    #16 JSC::propertyNameEnumerator(JSC::JSGlobalObject*, JSC::JSObject*) /root/WebKit/Source/JavaScriptCore/runtime/JSPropertyNameEnumeratorInlines.h:87:44 (jsc+0x7873d8)
    #17 slow_path_get_property_enumerator /root/WebKit/Source/JavaScriptCore/runtime/CommonSlowPaths.cpp:1225:5 (jsc+0x13b8806)
    #18 llint_op_get_property_enumerator LowLevelInterpreter.cpp (jsc+0x1e1bf12)
    #19 JSC::Interpreter::executeCall(JSC::JSObject*, JSC::CallData const&, JSC::JSValue, JSC::JSCell*, JSC::ArgList const&) /root/WebKit/Source/JavaScriptCore/interpreter/Interpreter.cpp (jsc+0xe8bf5d)
    #20 JSC::call(JSC::JSGlobalObject*, JSC::JSValue, JSC::CallData const&, JSC::JSValue, JSC::ArgList const&) /root/WebKit/Source/JavaScriptCore/runtime/CallData.cpp:70:27 (jsc+0x1361301)
    #21 JSC::call(JSC::JSGlobalObject*, JSC::JSValue, JSC::CallData const&, JSC::JSValue, JSC::ArgList const&, WTF::NakedPtr<JSC::Exception>&) /root/WebKit/Source/JavaScriptCore/runtime/CallData.cpp:77:22 (jsc+0x1361301)
    #22 JSC::threadMain(JSC::VM&, WTF::Ref<JSC::ThreadState, WTF::RawPtrTraits<JSC::ThreadState>, WTF::DefaultRefDerefTraits<JSC::ThreadState>>) /root/WebKit/Source/JavaScriptCore/runtime/ThreadObject.cpp:241:30 (jsc+0x19a4c1c)
    #23 JSC::constructThread(JSC::JSGlobalObject*, JSC::CallFrame*)::$_0::operator()() /root/WebKit/Source/JavaScriptCore/runtime/ThreadObject.cpp:468:9 (jsc+0x19a4c1c)
    #24 WTF::Detail::CallableWrapper<JSC::constructThread(JSC::JSGlobalObject*, JSC::CallFrame*)::$_0, void>::call() /root/WebKit/WebKitBuild/TSan/WTF/Headers/wtf/Function.h:59:39 (jsc+0x19a4c1c)
    #25 WTF::Function<void ()>::operator()() const /root/WebKit/Source/WTF/wtf/Function.h:103:35 (jsc+0x25b5b45)
    #26 WTF::Thread::entryPoint(WTF::Thread::NewThreadContext*) /root/WebKit/Source/WTF/wtf/Threading.cpp:312:5 (jsc+0x25b5b45)
    #27 WTF::wtfThreadEntryPoint(void*) /root/WebKit/Source/WTF/wtf/posix/ThreadingPOSIX.cpp:264:5 (jsc+0x260faf9)

  Thread T2 'JS Thread' (tid=3306909, running) created by main thread at:
    #0 pthread_create /home/runner/work/llvm-project/llvm-project/compiler-rt/lib/tsan/rtl/tsan_interceptors_posix.cpp:1090:3 (jsc+0x13ff1a)
    #1 WTF::Thread::establishHandle(WTF::Thread::NewThreadContext&, WTF::StackAllocationSpecification, WTF::ThreadQOS, WTF::ThreadSchedulingPolicy) /root/WebKit/Source/WTF/wtf/posix/ThreadingPOSIX.cpp:354:17 (jsc+0x260f9e5)
    #2 WTF::Thread::create(WTF::ASCIILiteral, WTF::Function<void ()>&&, WTF::ThreadType, WTF::ThreadQOS, WTF::ThreadSchedulingPolicy, WTF::StackAllocationSpecification) /root/WebKit/Source/WTF/wtf/Threading.cpp:330:32 (jsc+0x25b5ea5)
    #3 JSC::constructThread(JSC::JSGlobalObject*, JSC::CallFrame*) /root/WebKit/Source/JavaScriptCore/runtime/ThreadObject.cpp:467:5 (jsc+0x199d1af)
    #4 <null> <null> (0x7f53d2fff217)
    #5 JSC::evaluate(JSC::JSGlobalObject*, JSC::SourceCode const&, JSC::JSValue, WTF::NakedPtr<JSC::Exception>&) /root/WebKit/Source/JavaScriptCore/runtime/Completion.cpp:145:37 (jsc+0x13c4053)
    #6 runWithOptions(GlobalObject*, CommandLine&, bool&) /root/WebKit/Source/JavaScriptCore/jsc.cpp:3957:35 (jsc+0x1cafc5)
    #7 jscmain(int, char**)::$_0::operator()(JSC::VM&, GlobalObject*, bool&) const /root/WebKit/Source/JavaScriptCore/jsc.cpp:4686:13 (jsc+0x1cafc5)
    #8 int runJSC<jscmain(int, char**)::$_0>(CommandLine const&, bool, jscmain(int, char**)::$_0 const&) /root/WebKit/Source/JavaScriptCore/jsc.cpp:4472:13 (jsc+0x1cafc5)
    #9 jscmain(int, char**) /root/WebKit/Source/JavaScriptCore/jsc.cpp:4679:18 (jsc+0x1cafc5)
    #10 main /root/WebKit/Source/JavaScriptCore/jsc.cpp:3715:15 (jsc+0x1c9803)

SUMMARY: ThreadSanitizer: data race /root/WebKit/WebKitBuild/TSan/WTF/Headers/wtf/Atomics.h:55:100 in WTF::Atomic<JSC::StructureID*>::load(std::memory_order) const
==================
==================
WARNING: ThreadSanitizer: data race (pid=3306877)
  Atomic read of size 8 at 0x72a000154138 by thread T2:
    #0 std::__atomic_base<JSC::StructureID*>::load(std::memory_order) const /usr/lib/gcc/x86_64-amazon-linux/14/../../../../include/c++/14/bits/atomic_base.h:833:9 (jsc+0x7dceed)
    #1 std::atomic<JSC::StructureID*>::load(std::memory_order) const /usr/lib/gcc/x86_64-amazon-linux/14/../../../../include/c++/14/atomic:582:21 (jsc+0x7dceed)
    #2 WTF::Atomic<JSC::StructureID*>::load(std::memory_order) const /root/WebKit/WebKitBuild/TSan/WTF/Headers/wtf/Atomics.h:55:100 (jsc+0x7dceed)
    #3 JSC::StructureID* WTF::atomicLoad<JSC::StructureID*>(JSC::StructureID**, std::memory_order) /root/WebKit/WebKitBuild/TSan/WTF/Headers/wtf/Atomics.h:162:49 (jsc+0x7dceed)
    #4 JSC::StructureChain::head() /root/WebKit/Source/JavaScriptCore/runtime/StructureChain.h:55:49 (jsc+0x7dceed)
    #5 JSC::Structure::isValid(JSC::JSGlobalObject*, JSC::StructureChain*, JSC::JSObject*) const /root/WebKit/Source/JavaScriptCore/runtime/StructureInlines.h:233:58 (jsc+0x7dceed)
    #6 JSC::Structure::prototypeChain(JSC::VM&, JSC::JSGlobalObject*, JSC::JSObject*) const /root/WebKit/Source/JavaScriptCore/runtime/StructureInlines.h:207:10 (jsc+0x7dceed)
    #7 JSC::propertyNameEnumerator(JSC::JSGlobalObject*, JSC::JSObject*) /root/WebKit/Source/JavaScriptCore/runtime/JSPropertyNameEnumeratorInlines.h:87:44 (jsc+0x7873d8)
    #8 slow_path_get_property_enumerator /root/WebKit/Source/JavaScriptCore/runtime/CommonSlowPaths.cpp:1225:5 (jsc+0x13b8806)
    #9 <null> <null> (0x7f53d300207f)
    #10 JSC::Interpreter::executeCall(JSC::JSObject*, JSC::CallData const&, JSC::JSValue, JSC::JSCell*, JSC::ArgList const&) /root/WebKit/Source/JavaScriptCore/interpreter/Interpreter.cpp (jsc+0xe8bf5d)
    #11 JSC::call(JSC::JSGlobalObject*, JSC::JSValue, JSC::CallData const&, JSC::JSValue, JSC::ArgList const&) /root/WebKit/Source/JavaScriptCore/runtime/CallData.cpp:70:27 (jsc+0x1361301)
    #12 JSC::call(JSC::JSGlobalObject*, JSC::JSValue, JSC::CallData const&, JSC::JSValue, JSC::ArgList const&, WTF::NakedPtr<JSC::Exception>&) /root/WebKit/Source/JavaScriptCore/runtime/CallData.cpp:77:22 (jsc+0x1361301)
    #13 JSC::threadMain(JSC::VM&, WTF::Ref<JSC::ThreadState, WTF::RawPtrTraits<JSC::ThreadState>, WTF::DefaultRefDerefTraits<JSC::ThreadState>>) /root/WebKit/Source/JavaScriptCore/runtime/ThreadObject.cpp:241:30 (jsc+0x19a4c1c)
    #14 JSC::constructThread(JSC::JSGlobalObject*, JSC::CallFrame*)::$_0::operator()() /root/WebKit/Source/JavaScriptCore/runtime/ThreadObject.cpp:468:9 (jsc+0x19a4c1c)
    #15 WTF::Detail::CallableWrapper<JSC::constructThread(JSC::JSGlobalObject*, JSC::CallFrame*)::$_0, void>::call() /root/WebKit/WebKitBuild/TSan/WTF/Headers/wtf/Function.h:59:39 (jsc+0x19a4c1c)
    #16 WTF::Function<void ()>::operator()() const /root/WebKit/Source/WTF/wtf/Function.h:103:35 (jsc+0x25b5b45)
    #17 WTF::Thread::entryPoint(WTF::Thread::NewThreadContext*) /root/WebKit/Source/WTF/wtf/Threading.cpp:312:5 (jsc+0x25b5b45)
    #18 WTF::wtfThreadEntryPoint(void*) /root/WebKit/Source/WTF/wtf/posix/ThreadingPOSIX.cpp:264:5 (jsc+0x260faf9)

  Previous write of size 8 at 0x72a000154138 by thread T4:
    #0 aligned_alloc /home/runner/work/llvm-project/llvm-project/compiler-rt/lib/tsan/rtl/tsan_interceptors_posix.cpp:885:3 (jsc+0x13f40e)
    #1 bmalloc::api::tryMemalign(unsigned long, unsigned long, bmalloc::CompactAllocationMode, bmalloc::HeapKind) /root/WebKit/WebKitBuild/TSan/bmalloc/Headers/bmalloc/bmalloc.h:158:12 (jsc+0x2598fd0)
    #2 WTF::tryFastCompactAlignedMalloc(unsigned long, unsigned long) /root/WebKit/Source/WTF/wtf/FastMalloc.cpp:553:20 (jsc+0x2598fd0)
    #3 JSC::FastMallocAlignedMemoryAllocator::tryAllocateAlignedMemory(unsigned long, unsigned long) /root/WebKit/Source/JavaScriptCore/heap/FastMallocAlignedMemoryAllocator.cpp:47:12 (jsc+0xdbd9a0)
    #4 JSC::MarkedBlock::tryCreate(JSC::Heap&, JSC::AlignedMemoryAllocator*) /root/WebKit/Source/JavaScriptCore/heap/MarkedBlock.cpp:138:48 (jsc+0xe4a6c8)
    #5 JSC::BlockDirectory::tryAllocateBlock(WTF::AbstractLocker const&, JSC::Heap&) /root/WebKit/Source/JavaScriptCore/heap/BlockDirectory.cpp:158:35 (jsc+0xdb4b9d)
    #6 JSC::LocalAllocator::allocateSlowCase(JSC::Heap&, unsigned long, JSC::GCDeferralContext*, JSC::AllocationFailureMode) /root/WebKit/Source/JavaScriptCore/heap/LocalAllocator.cpp:221:47 (jsc+0xe4548e)
    #7 JSC::LocalAllocator::allocate(JSC::Heap&, unsigned long, JSC::GCDeferralContext*, JSC::AllocationFailureMode)::'lambda'()::operator()() const /root/WebKit/WebKitBuild/TSan/JavaScriptCore/PrivateHeaders/JavaScriptCore/LocalAllocatorInlines.h:53:43 (jsc+0x1d135e)
    #8 JSC::HeapCell* JSC::FreeList::allocateWithCellSize<JSC::LocalAllocator::allocate(JSC::Heap&, unsigned long, JSC::GCDeferralContext*, JSC::AllocationFailureMode)::'lambda'()>(JSC::LocalAllocator::allocate(JSC::Heap&, unsigned long, JSC::GCDeferralContext*, JSC::AllocationFailureMode)::'lambda'() const&, unsigned long) /root/WebKit/Source/JavaScriptCore/heap/FreeListInlines.h:46:16 (jsc+0x1916c2f)
    #9 JSC::LocalAllocator::allocate(JSC::Heap&, unsigned long, JSC::GCDeferralContext*, JSC::AllocationFailureMode) /root/WebKit/Source/JavaScriptCore/heap/LocalAllocatorInlines.h:50:23 (jsc+0x1916c2f)
    #10 JSC::GCClient::IsoSubspace::allocate(JSC::VM&, unsigned long, JSC::GCDeferralContext*, JSC::AllocationFailureMode) /root/WebKit/Source/JavaScriptCore/heap/IsoSubspaceInlines.h:42:29 (jsc+0x1916c2f)
    #11 void* JSC::tryAllocateCellHelper<JSC::StructureChain, (JSC::AllocationFailureMode)0>(JSC::VM&, unsigned long, JSC::GCDeferralContext*) /root/WebKit/Source/JavaScriptCore/runtime/JSCellInlines.h:212:63 (jsc+0x1916c2f)
    #12 void* JSC::allocateCell<JSC::StructureChain>(JSC::VM&, unsigned long) /root/WebKit/Source/JavaScriptCore/runtime/JSCellInlines.h:232:12 (jsc+0x1916c2f)
    #13 JSC::StructureChain::create(JSC::VM&, JSC::JSObject*) /root/WebKit/Source/JavaScriptCore/runtime/StructureChain.cpp:70:43 (jsc+0x191676b)
    #14 JSC::Structure::prototypeChain(JSC::VM&, JSC::JSGlobalObject*, JSC::JSObject*) const /root/WebKit/Source/JavaScriptCore/runtime/StructureInlines.h:218:33 (jsc+0x7dd088)
    #15 JSC::propertyNameEnumerator(JSC::JSGlobalObject*, JSC::JSObject*) /root/WebKit/Source/JavaScriptCore/runtime/JSPropertyNameEnumeratorInlines.h:87:44 (jsc+0x7873d8)
    #16 slow_path_get_property_enumerator /root/WebKit/Source/JavaScriptCore/runtime/CommonSlowPaths.cpp:1225:5 (jsc+0x13b8806)
    #17 <null> <null> (0x7f53d300207f)
    #18 JSC::Interpreter::executeCall(JSC::JSObject*, JSC::CallData const&, JSC::JSValue, JSC::JSCell*, JSC::ArgList const&) /root/WebKit/Source/JavaScriptCore/interpreter/Interpreter.cpp (jsc+0xe8bf5d)
    #19 JSC::call(JSC::JSGlobalObject*, JSC::JSValue, JSC::CallData const&, JSC::JSValue, JSC::ArgList const&) /root/WebKit/Source/JavaScriptCore/runtime/CallData.cpp:70:27 (jsc+0x1361301)
    #20 JSC::call(JSC::JSGlobalObject*, JSC::JSValue, JSC::CallData const&, JSC::JSValue, JSC::ArgList const&, WTF::NakedPtr<JSC::Exception>&) /root/WebKit/Source/JavaScriptCore/runtime/CallData.cpp:77:22 (jsc+0x1361301)
    #21 JSC::threadMain(JSC::VM&, WTF::Ref<JSC::ThreadState, WTF::RawPtrTraits<JSC::ThreadState>, WTF::DefaultRefDerefTraits<JSC::ThreadState>>) /root/WebKit/Source/JavaScriptCore/runtime/ThreadObject.cpp:241:30 (jsc+0x19a4c1c)
    #22 JSC::constructThread(JSC::JSGlobalObject*, JSC::CallFrame*)::$_0::operator()() /root/WebKit/Source/JavaScriptCore/runtime/ThreadObject.cpp:468:9 (jsc+0x19a4c1c)
    #23 WTF::Detail::CallableWrapper<JSC::constructThread(JSC::JSGlobalObject*, JSC::CallFrame*)::$_0, void>::call() /root/WebKit/WebKitBuild/TSan/WTF/Headers/wtf/Function.h:59:39 (jsc+0x19a4c1c)
    #24 WTF::Function<void ()>::operator()() const /root/WebKit/Source/WTF/wtf/Function.h:103:35 (jsc+0x25b5b45)
    #25 WTF::Thread::entryPoint(WTF::Thread::NewThreadContext*) /root/WebKit/Source/WTF/wtf/Threading.cpp:312:5 (jsc+0x25b5b45)
    #26 WTF::wtfThreadEntryPoint(void*) /root/WebKit/Source/WTF/wtf/posix/ThreadingPOSIX.cpp:264:5 (jsc+0x260faf9)

  Location is heap block of size 16384 at 0x72a000154000 allocated by thread T4:
    #0 aligned_alloc /home/runner/work/llvm-project/llvm-project/compiler-rt/lib/tsan/rtl/tsan_interceptors_posix.cpp:885:3 (jsc+0x13f40e)
    #1 bmalloc::api::tryMemalign(unsigned long, unsigned long, bmalloc::CompactAllocationMode, bmalloc::HeapKind) /root/WebKit/WebKitBuild/TSan/bmalloc/Headers/bmalloc/bmalloc.h:158:12 (jsc+0x2598fd0)
    #2 WTF::tryFastCompactAlignedMalloc(unsigned long, unsigned long) /root/WebKit/Source/WTF/wtf/FastMalloc.cpp:553:20 (jsc+0x2598fd0)
    #3 JSC::FastMallocAlignedMemoryAllocator::tryAllocateAlignedMemory(unsigned long, unsigned long) /root/WebKit/Source/JavaScriptCore/heap/FastMallocAlignedMemoryAllocator.cpp:47:12 (jsc+0xdbd9a0)
    #4 JSC::MarkedBlock::tryCreate(JSC::Heap&, JSC::AlignedMemoryAllocator*) /root/WebKit/Source/JavaScriptCore/heap/MarkedBlock.cpp:138:48 (jsc+0xe4a6c8)
    #5 JSC::BlockDirectory::tryAllocateBlock(WTF::AbstractLocker const&, JSC::Heap&) /root/WebKit/Source/JavaScriptCore/heap/BlockDirectory.cpp:158:35 (jsc+0xdb4b9d)
    #6 JSC::LocalAllocator::allocateSlowCase(JSC::Heap&, unsigned long, JSC::GCDeferralContext*, JSC::AllocationFailureMode) /root/WebKit/Source/JavaScriptCore/heap/LocalAllocator.cpp:221:47 (jsc+0xe4548e)
    #7 JSC::LocalAllocator::allocate(JSC::Heap&, unsigned long, JSC::GCDeferralContext*, JSC::AllocationFailureMode)::'lambda'()::operator()() const /root/WebKit/WebKitBuild/TSan/JavaScriptCore/PrivateHeaders/JavaScriptCore/LocalAllocatorInlines.h:53:43 (jsc+0x1d135e)
    #8 JSC::HeapCell* JSC::FreeList::allocateWithCellSize<JSC::LocalAllocator::allocate(JSC::Heap&, unsigned long, JSC::GCDeferralContext*, JSC::AllocationFailureMode)::'lambda'()>(JSC::LocalAllocator::allocate(JSC::Heap&, unsigned long, JSC::GCDeferralContext*, JSC::AllocationFailureMode)::'lambda'() const&, unsigned long) /root/WebKit/Source/JavaScriptCore/heap/FreeListInlines.h:46:16 (jsc+0x1916c2f)
    #9 JSC::LocalAllocator::allocate(JSC::Heap&, unsigned long, JSC::GCDeferralContext*, JSC::AllocationFailureMode) /root/WebKit/Source/JavaScriptCore/heap/LocalAllocatorInlines.h:50:23 (jsc+0x1916c2f)
    #10 JSC::GCClient::IsoSubspace::allocate(JSC::VM&, unsigned long, JSC::GCDeferralContext*, JSC::AllocationFailureMode) /root/WebKit/Source/JavaScriptCore/heap/IsoSubspaceInlines.h:42:29 (jsc+0x1916c2f)
    #11 void* JSC::tryAllocateCellHelper<JSC::StructureChain, (JSC::AllocationFailureMode)0>(JSC::VM&, unsigned long, JSC::GCDeferralContext*) /root/WebKit/Source/JavaScriptCore/runtime/JSCellInlines.h:212:63 (jsc+0x1916c2f)
    #12 void* JSC::allocateCell<JSC::StructureChain>(JSC::VM&, unsigned long) /root/WebKit/Source/JavaScriptCore/runtime/JSCellInlines.h:232:12 (jsc+0x1916c2f)
    #13 JSC::StructureChain::create(JSC::VM&, JSC::JSObject*) /root/WebKit/Source/JavaScriptCore/runtime/StructureChain.cpp:70:43 (jsc+0x191676b)
    #14 JSC::Structure::prototypeChain(JSC::VM&, JSC::JSGlobalObject*, JSC::JSObject*) const /root/WebKit/Source/JavaScriptCore/runtime/StructureInlines.h:218:33 (jsc+0x7dd088)
    #15 JSC::propertyNameEnumerator(JSC::JSGlobalObject*, JSC::JSObject*) /root/WebKit/Source/JavaScriptCore/runtime/JSPropertyNameEnumeratorInlines.h:87:44 (jsc+0x7873d8)
    #16 slow_path_get_property_enumerator /root/WebKit/Source/JavaScriptCore/runtime/CommonSlowPaths.cpp:1225:5 (jsc+0x13b8806)
    #17 <null> <null> (0x7f53d300207f)
    #18 JSC::Interpreter::executeCall(JSC::JSObject*, JSC::CallData const&, JSC::JSValue, JSC::JSCell*, JSC::ArgList const&) /root/WebKit/Source/JavaScriptCore/interpreter/Interpreter.cpp (jsc+0xe8bf5d)
    #19 JSC::call(JSC::JSGlobalObject*, JSC::JSValue, JSC::CallData const&, JSC::JSValue, JSC::ArgList const&) /root/WebKit/Source/JavaScriptCore/runtime/CallData.cpp:70:27 (jsc+0x1361301)
    #20 JSC::call(JSC::JSGlobalObject*, JSC::JSValue, JSC::CallData const&, JSC::JSValue, JSC::ArgList const&, WTF::NakedPtr<JSC::Exception>&) /root/WebKit/Source/JavaScriptCore/runtime/CallData.cpp:77:22 (jsc+0x1361301)
    #21 JSC::threadMain(JSC::VM&, WTF::Ref<JSC::ThreadState, WTF::RawPtrTraits<JSC::ThreadState>, WTF::DefaultRefDerefTraits<JSC::ThreadState>>) /root/WebKit/Source/JavaScriptCore/runtime/ThreadObject.cpp:241:30 (jsc+0x19a4c1c)
    #22 JSC::constructThread(JSC::JSGlobalObject*, JSC::CallFrame*)::$_0::operator()() /root/WebKit/Source/JavaScriptCore/runtime/ThreadObject.cpp:468:9 (jsc+0x19a4c1c)
    #23 WTF::Detail::CallableWrapper<JSC::constructThread(JSC::JSGlobalObject*, JSC::CallFrame*)::$_0, void>::call() /root/WebKit/WebKitBuild/TSan/WTF/Headers/wtf/Function.h:59:39 (jsc+0x19a4c1c)
    #24 WTF::Function<void ()>::operator()() const /root/WebKit/Source/WTF/wtf/Function.h:103:35 (jsc+0x25b5b45)
    #25 WTF::Thread::entryPoint(WTF::Thread::NewThreadContext*) /root/WebKit/Source/WTF/wtf/Threading.cpp:312:5 (jsc+0x25b5b45)
    #26 WTF::wtfThreadEntryPoint(void*) /root/WebKit/Source/WTF/wtf/posix/ThreadingPOSIX.cpp:264:5 (jsc+0x260faf9)

  Thread T2 'JS Thread' (tid=3306909, running) created by main thread at:
    #0 pthread_create /home/runner/work/llvm-project/llvm-project/compiler-rt/lib/tsan/rtl/tsan_interceptors_posix.cpp:1090:3 (jsc+0x13ff1a)
    #1 WTF::Thread::establishHandle(WTF::Thread::NewThreadContext&, WTF::StackAllocationSpecification, WTF::ThreadQOS, WTF::ThreadSchedulingPolicy) /root/WebKit/Source/WTF/wtf/posix/ThreadingPOSIX.cpp:354:17 (jsc+0x260f9e5)
    #2 WTF::Thread::create(WTF::ASCIILiteral, WTF::Function<void ()>&&, WTF::ThreadType, WTF::ThreadQOS, WTF::ThreadSchedulingPolicy, WTF::StackAllocationSpecification) /root/WebKit/Source/WTF/wtf/Threading.cpp:330:32 (jsc+0x25b5ea5)
    #3 JSC::constructThread(JSC::JSGlobalObject*, JSC::CallFrame*) /root/WebKit/Source/JavaScriptCore/runtime/ThreadObject.cpp:467:5 (jsc+0x199d1af)
    #4 <null> <null> (0x7f53d2fff217)
    #5 JSC::evaluate(JSC::JSGlobalObject*, JSC::SourceCode const&, JSC::JSValue, WTF::NakedPtr<JSC::Exception>&) /root/WebKit/Source/JavaScriptCore/runtime/Completion.cpp:145:37 (jsc+0x13c4053)
    #6 runWithOptions(GlobalObject*, CommandLine&, bool&) /root/WebKit/Source/JavaScriptCore/jsc.cpp:3957:35 (jsc+0x1cafc5)
    #7 jscmain(int, char**)::$_0::operator()(JSC::VM&, GlobalObject*, bool&) const /root/WebKit/Source/JavaScriptCore/jsc.cpp:4686:13 (jsc+0x1cafc5)
    #8 int runJSC<jscmain(int, char**)::$_0>(CommandLine const&, bool, jscmain(int, char**)::$_0 const&) /root/WebKit/Source/JavaScriptCore/jsc.cpp:4472:13 (jsc+0x1cafc5)
    #9 jscmain(int, char**) /root/WebKit/Source/JavaScriptCore/jsc.cpp:4679:18 (jsc+0x1cafc5)
    #10 main /root/WebKit/Source/JavaScriptCore/jsc.cpp:3715:15 (jsc+0x1c9803)

  Thread T4 'JS Thread' (tid=3306911, running) created by main thread at:
    #0 pthread_create /home/runner/work/llvm-project/llvm-project/compiler-rt/lib/tsan/rtl/tsan_interceptors_posix.cpp:1090:3 (jsc+0x13ff1a)
    #1 WTF::Thread::establishHandle(WTF::Thread::NewThreadContext&, WTF::StackAllocationSpecification, WTF::ThreadQOS, WTF::ThreadSchedulingPolicy) /root/WebKit/Source/WTF/wtf/posix/ThreadingPOSIX.cpp:354:17 (jsc+0x260f9e5)
    #2 WTF::Thread::create(WTF::ASCIILiteral, WTF::Function<void ()>&&, WTF::ThreadType, WTF::ThreadQOS, WTF::ThreadSchedulingPolicy, WTF::StackAllocationSpecification) /root/WebKit/Source/WTF/wtf/Threading.cpp:330:32 (jsc+0x25b5ea5)
    #3 JSC::constructThread(JSC::JSGlobalObject*, JSC::CallFrame*) /root/WebKit/Source/JavaScriptCore/runtime/ThreadObject.cpp:467:5 (jsc+0x199d1af)
    #4 <null> <null> (0x7f53d2fff217)
    #5 JSC::evaluate(JSC::JSGlobalObject*, JSC::SourceCode const&, JSC::JSValue, WTF::NakedPtr<JSC::Exception>&) /root/WebKit/Source/JavaScriptCore/runtime/Completion.cpp:145:37 (jsc+0x13c4053)
    #6 runWithOptions(GlobalObject*, CommandLine&, bool&) /root/WebKit/Source/JavaScriptCore/jsc.cpp:3957:35 (jsc+0x1cafc5)
    #7 jscmain(int, char**)::$_0::operator()(JSC::VM&, GlobalObject*, bool&) const /root/WebKit/Source/JavaScriptCore/jsc.cpp:4686:13 (jsc+0x1cafc5)
    #8 int runJSC<jscmain(int, char**)::$_0>(CommandLine const&, bool, jscmain(int, char**)::$_0 const&) /root/WebKit/Source/JavaScriptCore/jsc.cpp:4472:13 (jsc+0x1cafc5)
    #9 jscmain(int, char**) /root/WebKit/Source/JavaScriptCore/jsc.cpp:4679:18 (jsc+0x1cafc5)
    #10 main /root/WebKit/Source/JavaScriptCore/jsc.cpp:3715:15 (jsc+0x1c9803)

SUMMARY: ThreadSanitizer: data race /root/WebKit/WebKitBuild/TSan/WTF/Headers/wtf/Atomics.h:55:100 in WTF::Atomic<JSC::StructureID*>::load(std::memory_order) const
==================
ThreadSanitizer: reported 2 warnings
