JSC: disabling useWasm under GIL-off (wasm glue still reads the raw VM-block exception word; not yet audited for UNGIL §A.1.3 COMPILED-FOR-VM; see AB-17 status block in VMEntryScope.cpp).
==================
WARNING: ThreadSanitizer: data race (pid=3624975)
  Read of size 4 at 0x72100000c098 by thread T5:
    #0 JSC::WriteBarrierStructureID::value() const /root/WebKit/Source/JavaScriptCore/runtime/WriteBarrier.h:400:40 (jsc+0x1450136)
    #1 JSC::WriteBarrierStructureID::get() const /root/WebKit/Source/JavaScriptCore/runtime/WriteBarrier.h:333:35 (jsc+0x1450136)
    #2 JSC::FunctionExecutable::cachedPolyProtoStructure() /root/WebKit/Source/JavaScriptCore/runtime/FunctionExecutable.h:294:59 (jsc+0x1450136)
    #3 JSC::ObjectAllocationProfileBase<JSC::ObjectAllocationProfileWithPrototype>::initializeProfile(JSC::VM&, JSC::JSGlobalObject*, JSC::JSCell*, JSC::JSObject*, unsigned int, JSC::JSFunction*, JSC::FunctionRareData*) /root/WebKit/Source/JavaScriptCore/bytecode/ObjectAllocationProfileInlines.h:54:48 (jsc+0x1450136)
    #4 JSC::FunctionRareData::initializeObjectAllocationProfile(JSC::VM&, JSC::JSGlobalObject*, JSC::JSObject*, unsigned long, JSC::JSFunction*)::$_1::operator()(JSC::JSObject*, unsigned long) const /root/WebKit/Source/JavaScriptCore/runtime/FunctionRareData.cpp:135:31 (jsc+0x144e24e)
    #5 JSC::FunctionRareData::initializeObjectAllocationProfile(JSC::VM&, JSC::JSGlobalObject*, JSC::JSObject*, unsigned long, JSC::JSFunction*) /root/WebKit/Source/JavaScriptCore/runtime/FunctionRareData.cpp:182:13 (jsc+0x144dd41)
    #6 JSC::JSFunction::allocateAndInitializeRareData(JSC::JSGlobalObject*, unsigned long) /root/WebKit/Source/JavaScriptCore/runtime/JSFunction.cpp:196:15 (jsc+0x158e2cc)
    #7 JSC::JSFunction::ensureRareDataAndObjectAllocationProfile(JSC::JSGlobalObject*, unsigned int) /root/WebKit/Source/JavaScriptCore/runtime/JSFunctionInlines.h:268:16 (jsc+0x13a4433)
    #8 slow_path_create_this /root/WebKit/Source/JavaScriptCore/runtime/CommonSlowPaths.cpp:175:80 (jsc+0x13a4433)
    #9 llint_op_create_this LowLevelInterpreter.cpp (jsc+0x1e224a5)
    #10 JSC::Interpreter::executeCall(JSC::JSObject*, JSC::CallData const&, JSC::JSValue, JSC::JSCell*, JSC::ArgList const&) /root/WebKit/Source/JavaScriptCore/interpreter/Interpreter.cpp (jsc+0xe8d02d)
    #11 JSC::call(JSC::JSGlobalObject*, JSC::JSValue, JSC::CallData const&, JSC::JSValue, JSC::ArgList const&) /root/WebKit/Source/JavaScriptCore/runtime/CallData.cpp:70:27 (jsc+0x13621a1)
    #12 JSC::call(JSC::JSGlobalObject*, JSC::JSValue, JSC::CallData const&, JSC::JSValue, JSC::ArgList const&, WTF::NakedPtr<JSC::Exception>&) /root/WebKit/Source/JavaScriptCore/runtime/CallData.cpp:77:22 (jsc+0x13621a1)
    #13 JSC::threadMain(JSC::VM&, WTF::Ref<JSC::ThreadState, WTF::RawPtrTraits<JSC::ThreadState>, WTF::DefaultRefDerefTraits<JSC::ThreadState>>) /root/WebKit/Source/JavaScriptCore/runtime/ThreadObject.cpp:241:30 (jsc+0x19a899c)
    #14 JSC::constructThread(JSC::JSGlobalObject*, JSC::CallFrame*)::$_0::operator()() /root/WebKit/Source/JavaScriptCore/runtime/ThreadObject.cpp:468:9 (jsc+0x19a899c)
    #15 WTF::Detail::CallableWrapper<JSC::constructThread(JSC::JSGlobalObject*, JSC::CallFrame*)::$_0, void>::call() /root/WebKit/WebKitBuild/TSan/WTF/Headers/wtf/Function.h:59:39 (jsc+0x19a899c)
    #16 WTF::Function<void ()>::operator()() const /root/WebKit/Source/WTF/wtf/Function.h:103:35 (jsc+0x25acbf5)
    #17 WTF::Thread::entryPoint(WTF::Thread::NewThreadContext*) /root/WebKit/Source/WTF/wtf/Threading.cpp:312:5 (jsc+0x25acbf5)
    #18 WTF::wtfThreadEntryPoint(void*) /root/WebKit/Source/WTF/wtf/posix/ThreadingPOSIX.cpp:264:5 (jsc+0x2606ba9)

  Previous write of size 4 at 0x72100000c098 by thread T4:
    #0 JSC::WriteBarrierStructureID::setEarlyValue(JSC::VM&, JSC::JSCell const*, JSC::Structure*) /root/WebKit/WebKitBuild/TSan/JavaScriptCore/PrivateHeaders/JavaScriptCore/WriteBarrierInlines.h:92:19 (jsc+0x144fd4f)
    #1 JSC::WriteBarrierStructureID::set(JSC::VM&, JSC::JSCell const*, JSC::Structure*) /root/WebKit/WebKitBuild/TSan/JavaScriptCore/PrivateHeaders/JavaScriptCore/WriteBarrierInlines.h:76:5 (jsc+0x144fd4f)
    #2 JSC::FunctionExecutable::setCachedPolyProtoStructure(JSC::VM&, JSC::Structure*) /root/WebKit/Source/JavaScriptCore/runtime/FunctionExecutable.h:299:55 (jsc+0x144fd4f)
    #3 JSC::ObjectAllocationProfileBase<JSC::ObjectAllocationProfileWithPrototype>::initializeProfile(JSC::VM&, JSC::JSGlobalObject*, JSC::JSCell*, JSC::JSObject*, unsigned int, JSC::JSFunction*, JSC::FunctionRareData*) /root/WebKit/Source/JavaScriptCore/bytecode/ObjectAllocationProfileInlines.h:119:21 (jsc+0x144fd4f)
    #4 JSC::FunctionRareData::initializeObjectAllocationProfile(JSC::VM&, JSC::JSGlobalObject*, JSC::JSObject*, unsigned long, JSC::JSFunction*)::$_1::operator()(JSC::JSObject*, unsigned long) const /root/WebKit/Source/JavaScriptCore/runtime/FunctionRareData.cpp:135:31 (jsc+0x144e24e)
    #5 JSC::FunctionRareData::initializeObjectAllocationProfile(JSC::VM&, JSC::JSGlobalObject*, JSC::JSObject*, unsigned long, JSC::JSFunction*) /root/WebKit/Source/JavaScriptCore/runtime/FunctionRareData.cpp:182:13 (jsc+0x144dd41)
    #6 JSC::JSFunction::allocateAndInitializeRareData(JSC::JSGlobalObject*, unsigned long) /root/WebKit/Source/JavaScriptCore/runtime/JSFunction.cpp:196:15 (jsc+0x158e2cc)
    #7 JSC::JSFunction::ensureRareDataAndObjectAllocationProfile(JSC::JSGlobalObject*, unsigned int) /root/WebKit/Source/JavaScriptCore/runtime/JSFunctionInlines.h:268:16 (jsc+0x13a4433)
    #8 slow_path_create_this /root/WebKit/Source/JavaScriptCore/runtime/CommonSlowPaths.cpp:175:80 (jsc+0x13a4433)
    #9 llint_op_create_this LowLevelInterpreter.cpp (jsc+0x1e224a5)
    #10 JSC::Interpreter::executeCall(JSC::JSObject*, JSC::CallData const&, JSC::JSValue, JSC::JSCell*, JSC::ArgList const&) /root/WebKit/Source/JavaScriptCore/interpreter/Interpreter.cpp (jsc+0xe8d02d)
    #11 JSC::call(JSC::JSGlobalObject*, JSC::JSValue, JSC::CallData const&, JSC::JSValue, JSC::ArgList const&) /root/WebKit/Source/JavaScriptCore/runtime/CallData.cpp:70:27 (jsc+0x13621a1)
    #12 JSC::call(JSC::JSGlobalObject*, JSC::JSValue, JSC::CallData const&, JSC::JSValue, JSC::ArgList const&, WTF::NakedPtr<JSC::Exception>&) /root/WebKit/Source/JavaScriptCore/runtime/CallData.cpp:77:22 (jsc+0x13621a1)
    #13 JSC::threadMain(JSC::VM&, WTF::Ref<JSC::ThreadState, WTF::RawPtrTraits<JSC::ThreadState>, WTF::DefaultRefDerefTraits<JSC::ThreadState>>) /root/WebKit/Source/JavaScriptCore/runtime/ThreadObject.cpp:241:30 (jsc+0x19a899c)
    #14 JSC::constructThread(JSC::JSGlobalObject*, JSC::CallFrame*)::$_0::operator()() /root/WebKit/Source/JavaScriptCore/runtime/ThreadObject.cpp:468:9 (jsc+0x19a899c)
    #15 WTF::Detail::CallableWrapper<JSC::constructThread(JSC::JSGlobalObject*, JSC::CallFrame*)::$_0, void>::call() /root/WebKit/WebKitBuild/TSan/WTF/Headers/wtf/Function.h:59:39 (jsc+0x19a899c)
    #16 WTF::Function<void ()>::operator()() const /root/WebKit/Source/WTF/wtf/Function.h:103:35 (jsc+0x25acbf5)
    #17 WTF::Thread::entryPoint(WTF::Thread::NewThreadContext*) /root/WebKit/Source/WTF/wtf/Threading.cpp:312:5 (jsc+0x25acbf5)
    #18 WTF::wtfThreadEntryPoint(void*) /root/WebKit/Source/WTF/wtf/posix/ThreadingPOSIX.cpp:264:5 (jsc+0x2606ba9)

  Location is heap block of size 56 at 0x72100000c080 allocated by thread T4:
    #0 malloc /home/runner/work/llvm-project/llvm-project/compiler-rt/lib/tsan/rtl/tsan_interceptors_posix.cpp:682:5 (jsc+0x13dc20)
    #1 bmalloc::api::malloc(unsigned long, bmalloc::CompactAllocationMode, bmalloc::HeapKind) /root/WebKit/WebKitBuild/TSan/bmalloc/Headers/bmalloc/bmalloc.h:96:20 (jsc+0x258fe39)
    #2 WTF::fastMalloc(unsigned long) /root/WebKit/Source/WTF/wtf/FastMalloc.cpp:337:20 (jsc+0x258fe39)
    #3 JSC::FunctionExecutable::RareData::operator new(unsigned long) /root/WebKit/Source/JavaScriptCore/runtime/FunctionExecutable.h:364:9 (jsc+0x1441296)
    #4 std::__detail::_MakeUniq<JSC::FunctionExecutable::RareData>::__single_object std::make_unique<JSC::FunctionExecutable::RareData>() /usr/lib/gcc/x86_64-amazon-linux/14/../../../../include/c++/14/bits/unique_ptr.h:1077:30 (jsc+0x1441296)
    #5 decltype(auto) WTF::makeUnique<JSC::FunctionExecutable::RareData>() /root/WebKit/WebKitBuild/TSan/WTF/Headers/wtf/StdLibExtras.h:893:12 (jsc+0x1441296)
    #6 JSC::FunctionExecutable::ensureRareDataSlow() /root/WebKit/Source/JavaScriptCore/runtime/FunctionExecutable.cpp:164:21 (jsc+0x1441296)
    #7 JSC::FunctionExecutable::ensureRareData() /root/WebKit/Source/JavaScriptCore/runtime/FunctionExecutable.h:396:16 (jsc+0x144fd37)
    #8 JSC::FunctionExecutable::setCachedPolyProtoStructure(JSC::VM&, JSC::Structure*) /root/WebKit/Source/JavaScriptCore/runtime/FunctionExecutable.h:299:9 (jsc+0x144fd37)
    #9 JSC::ObjectAllocationProfileBase<JSC::ObjectAllocationProfileWithPrototype>::initializeProfile(JSC::VM&, JSC::JSGlobalObject*, JSC::JSCell*, JSC::JSObject*, unsigned int, JSC::JSFunction*, JSC::FunctionRareData*) /root/WebKit/Source/JavaScriptCore/bytecode/ObjectAllocationProfileInlines.h:119:21 (jsc+0x144fd37)
    #10 JSC::FunctionRareData::initializeObjectAllocationProfile(JSC::VM&, JSC::JSGlobalObject*, JSC::JSObject*, unsigned long, JSC::JSFunction*)::$_1::operator()(JSC::JSObject*, unsigned long) const /root/WebKit/Source/JavaScriptCore/runtime/FunctionRareData.cpp:135:31 (jsc+0x144e24e)
    #11 JSC::FunctionRareData::initializeObjectAllocationProfile(JSC::VM&, JSC::JSGlobalObject*, JSC::JSObject*, unsigned long, JSC::JSFunction*) /root/WebKit/Source/JavaScriptCore/runtime/FunctionRareData.cpp:182:13 (jsc+0x144dd41)
    #12 JSC::JSFunction::allocateAndInitializeRareData(JSC::JSGlobalObject*, unsigned long) /root/WebKit/Source/JavaScriptCore/runtime/JSFunction.cpp:196:15 (jsc+0x158e2cc)
    #13 JSC::JSFunction::ensureRareDataAndObjectAllocationProfile(JSC::JSGlobalObject*, unsigned int) /root/WebKit/Source/JavaScriptCore/runtime/JSFunctionInlines.h:268:16 (jsc+0x13a4433)
    #14 slow_path_create_this /root/WebKit/Source/JavaScriptCore/runtime/CommonSlowPaths.cpp:175:80 (jsc+0x13a4433)
    #15 llint_op_create_this LowLevelInterpreter.cpp (jsc+0x1e224a5)
    #16 JSC::Interpreter::executeCall(JSC::JSObject*, JSC::CallData const&, JSC::JSValue, JSC::JSCell*, JSC::ArgList const&) /root/WebKit/Source/JavaScriptCore/interpreter/Interpreter.cpp (jsc+0xe8d02d)
    #17 JSC::call(JSC::JSGlobalObject*, JSC::JSValue, JSC::CallData const&, JSC::JSValue, JSC::ArgList const&) /root/WebKit/Source/JavaScriptCore/runtime/CallData.cpp:70:27 (jsc+0x13621a1)
    #18 JSC::call(JSC::JSGlobalObject*, JSC::JSValue, JSC::CallData const&, JSC::JSValue, JSC::ArgList const&, WTF::NakedPtr<JSC::Exception>&) /root/WebKit/Source/JavaScriptCore/runtime/CallData.cpp:77:22 (jsc+0x13621a1)
    #19 JSC::threadMain(JSC::VM&, WTF::Ref<JSC::ThreadState, WTF::RawPtrTraits<JSC::ThreadState>, WTF::DefaultRefDerefTraits<JSC::ThreadState>>) /root/WebKit/Source/JavaScriptCore/runtime/ThreadObject.cpp:241:30 (jsc+0x19a899c)
    #20 JSC::constructThread(JSC::JSGlobalObject*, JSC::CallFrame*)::$_0::operator()() /root/WebKit/Source/JavaScriptCore/runtime/ThreadObject.cpp:468:9 (jsc+0x19a899c)
    #21 WTF::Detail::CallableWrapper<JSC::constructThread(JSC::JSGlobalObject*, JSC::CallFrame*)::$_0, void>::call() /root/WebKit/WebKitBuild/TSan/WTF/Headers/wtf/Function.h:59:39 (jsc+0x19a899c)
    #22 WTF::Function<void ()>::operator()() const /root/WebKit/Source/WTF/wtf/Function.h:103:35 (jsc+0x25acbf5)
    #23 WTF::Thread::entryPoint(WTF::Thread::NewThreadContext*) /root/WebKit/Source/WTF/wtf/Threading.cpp:312:5 (jsc+0x25acbf5)
    #24 WTF::wtfThreadEntryPoint(void*) /root/WebKit/Source/WTF/wtf/posix/ThreadingPOSIX.cpp:264:5 (jsc+0x2606ba9)

  Thread T5 'JS Thread' (tid=3625007, running) created by main thread at:
    #0 pthread_create /home/runner/work/llvm-project/llvm-project/compiler-rt/lib/tsan/rtl/tsan_interceptors_posix.cpp:1090:3 (jsc+0x13ff1a)
    #1 WTF::Thread::establishHandle(WTF::Thread::NewThreadContext&, WTF::StackAllocationSpecification, WTF::ThreadQOS, WTF::ThreadSchedulingPolicy) /root/WebKit/Source/WTF/wtf/posix/ThreadingPOSIX.cpp:354:17 (jsc+0x2606a95)
    #2 WTF::Thread::create(WTF::ASCIILiteral, WTF::Function<void ()>&&, WTF::ThreadType, WTF::ThreadQOS, WTF::ThreadSchedulingPolicy, WTF::StackAllocationSpecification) /root/WebKit/Source/WTF/wtf/Threading.cpp:330:32 (jsc+0x25acf55)
    #3 JSC::constructThread(JSC::JSGlobalObject*, JSC::CallFrame*) /root/WebKit/Source/JavaScriptCore/runtime/ThreadObject.cpp:467:5 (jsc+0x19a0e7f)
    #4 <null> <null> (0x7f3793dff217)
    #5 JSC::evaluate(JSC::JSGlobalObject*, JSC::SourceCode const&, JSC::JSValue, WTF::NakedPtr<JSC::Exception>&) /root/WebKit/Source/JavaScriptCore/runtime/Completion.cpp:145:37 (jsc+0x13c5043)
    #6 runWithOptions(GlobalObject*, CommandLine&, bool&) /root/WebKit/Source/JavaScriptCore/jsc.cpp:3957:35 (jsc+0x1cafc5)
    #7 jscmain(int, char**)::$_0::operator()(JSC::VM&, GlobalObject*, bool&) const /root/WebKit/Source/JavaScriptCore/jsc.cpp:4686:13 (jsc+0x1cafc5)
    #8 int runJSC<jscmain(int, char**)::$_0>(CommandLine const&, bool, jscmain(int, char**)::$_0 const&) /root/WebKit/Source/JavaScriptCore/jsc.cpp:4472:13 (jsc+0x1cafc5)
    #9 jscmain(int, char**) /root/WebKit/Source/JavaScriptCore/jsc.cpp:4679:18 (jsc+0x1cafc5)
    #10 main /root/WebKit/Source/JavaScriptCore/jsc.cpp:3715:15 (jsc+0x1c9803)

  Thread T4 'JS Thread' (tid=3625006, running) created by main thread at:
    #0 pthread_create /home/runner/work/llvm-project/llvm-project/compiler-rt/lib/tsan/rtl/tsan_interceptors_posix.cpp:1090:3 (jsc+0x13ff1a)
    #1 WTF::Thread::establishHandle(WTF::Thread::NewThreadContext&, WTF::StackAllocationSpecification, WTF::ThreadQOS, WTF::ThreadSchedulingPolicy) /root/WebKit/Source/WTF/wtf/posix/ThreadingPOSIX.cpp:354:17 (jsc+0x2606a95)
    #2 WTF::Thread::create(WTF::ASCIILiteral, WTF::Function<void ()>&&, WTF::ThreadType, WTF::ThreadQOS, WTF::ThreadSchedulingPolicy, WTF::StackAllocationSpecification) /root/WebKit/Source/WTF/wtf/Threading.cpp:330:32 (jsc+0x25acf55)
    #3 JSC::constructThread(JSC::JSGlobalObject*, JSC::CallFrame*) /root/WebKit/Source/JavaScriptCore/runtime/ThreadObject.cpp:467:5 (jsc+0x19a0e7f)
    #4 <null> <null> (0x7f3793dff217)
    #5 JSC::evaluate(JSC::JSGlobalObject*, JSC::SourceCode const&, JSC::JSValue, WTF::NakedPtr<JSC::Exception>&) /root/WebKit/Source/JavaScriptCore/runtime/Completion.cpp:145:37 (jsc+0x13c5043)
    #6 runWithOptions(GlobalObject*, CommandLine&, bool&) /root/WebKit/Source/JavaScriptCore/jsc.cpp:3957:35 (jsc+0x1cafc5)
    #7 jscmain(int, char**)::$_0::operator()(JSC::VM&, GlobalObject*, bool&) const /root/WebKit/Source/JavaScriptCore/jsc.cpp:4686:13 (jsc+0x1cafc5)
    #8 int runJSC<jscmain(int, char**)::$_0>(CommandLine const&, bool, jscmain(int, char**)::$_0 const&) /root/WebKit/Source/JavaScriptCore/jsc.cpp:4472:13 (jsc+0x1cafc5)
    #9 jscmain(int, char**) /root/WebKit/Source/JavaScriptCore/jsc.cpp:4679:18 (jsc+0x1cafc5)
    #10 main /root/WebKit/Source/JavaScriptCore/jsc.cpp:3715:15 (jsc+0x1c9803)

SUMMARY: ThreadSanitizer: data race /root/WebKit/Source/JavaScriptCore/runtime/WriteBarrier.h:400:40 in JSC::WriteBarrierStructureID::value() const
==================
JSThreads stop-the-world failed to reach a stopped world within 30.000000s. Pending Class-A fire context: 0x72080001c0a0 (WatchpointSet Class-A fire). Either an escaped lock-holding direct fireAll caller (SPEC-jit annex App. 5.6(c) bucket iii; Task-11 audit table in docs/threads/INTEGRATE-jit.md / manifest M6), or a mutator parked in a native wait that holds heap access without an access-release bracket or per-quantum parkSitePollAndParkForStopTheWorld poll (FIX-2 banner, mechanisms (1)/(2)). All stopTheWorldAndRun requesters publish a ClassAStopWatchdogContext (watchpoint fire / CodeBlock jettison / OM transition stop / Debugger STW), so a nil context here means the wedged requester is NOT this thread, or a new context-less call site escaped review.
  entered lite 0x727400000000 tid=16384 clientHeap=0x7f37d724a7c8 hasHeapAccess=false
  entered lite 0x72740003fc00 tid=1 clientHeap=0x72840003fc00 hasHeapAccess=true  <== NON-QUIESCENT (blocking the stop)
  entered lite 0x72740004f600 tid=2 [requester/conductor — exempt] clientHeap=0x72840004ec00 hasHeapAccess=false
