JSC: disabling useWasm under GIL-off (wasm glue still reads the raw VM-block exception word; not yet audited for UNGIL §A.1.3 COMPILED-FOR-VM; see AB-17 status block in VMEntryScope.cpp).
==================
WARNING: ThreadSanitizer: data race (pid=1996479)
  Atomic read of size 1 at 0x7f550000dd09 by thread T1:
    #0 JSC::JSType JSC::TypeInfoBlob::relaxedLoad<JSC::JSType>(JSC::JSType const&) /root/WebKit/Source/JavaScriptCore/runtime/TypeInfoBlob.h:54:9 (jsc+0x4d8189)
    #1 JSC::TypeInfoBlob::type() const /root/WebKit/Source/JavaScriptCore/runtime/TypeInfoBlob.h:104:34 (jsc+0x4d8189)
    #2 JSC::TypeInfoBlob::typeInfo(unsigned short) const /root/WebKit/Source/JavaScriptCore/runtime/TypeInfoBlob.h:107:96 (jsc+0x4d8189)
    #3 JSC::Structure::typeInfo() const /root/WebKit/Source/JavaScriptCore/runtime/Structure.h:446:47 (jsc+0x4d8189)
    #4 JSC::arrayModesFromStructure(JSC::Structure*) /root/WebKit/Source/JavaScriptCore/bytecode/ArrayProfile.h:122:30 (jsc+0x4d8189)
    #5 JSC::DFG::AbstractValue::mergeOSREntryValue(JSC::DFG::Graph&, JSC::JSValue, JSC::DFG::VariableAccessData*, JSC::DFG::Node*) /root/WebKit/Source/JavaScriptCore/dfg/DFGAbstractValue.cpp:221:43 (jsc+0x4d8189)
    #6 JSC::DFG::CFAPhase::injectOSR(JSC::DFG::BasicBlock*) /root/WebKit/Source/JavaScriptCore/dfg/DFGCFAPhase.cpp:183:31 (jsc+0x58c2fb)
    #7 JSC::DFG::CFAPhase::performBlockCFA(JSC::DFG::BasicBlock*) /root/WebKit/Source/JavaScriptCore/dfg/DFGCFAPhase.cpp:203:13 (jsc+0x58c64a)
    #8 JSC::DFG::CFAPhase::performForwardCFA() /root/WebKit/Source/JavaScriptCore/dfg/DFGCFAPhase.cpp:255:13 (jsc+0x58b901)
    #9 JSC::DFG::CFAPhase::run() /root/WebKit/Source/JavaScriptCore/dfg/DFGCFAPhase.cpp:115:13 (jsc+0x58b901)
    #10 bool JSC::DFG::runAndLog<JSC::DFG::CFAPhase>(JSC::DFG::CFAPhase&) /root/WebKit/Source/JavaScriptCore/dfg/DFGPhase.h:86:25 (jsc+0x58b35d)
    #11 bool JSC::DFG::runPhase<JSC::DFG::CFAPhase>(JSC::DFG::Graph&) /root/WebKit/Source/JavaScriptCore/dfg/DFGPhase.h:99:12 (jsc+0x56cc35)
    #12 JSC::DFG::performCFA(JSC::DFG::Graph&) /root/WebKit/Source/JavaScriptCore/dfg/DFGCFAPhase.cpp:271:12 (jsc+0x56cbe9)
    #13 JSC::DFG::Plan::compileInThreadImpl() /root/WebKit/Source/JavaScriptCore/dfg/DFGPlan.cpp:359:9 (jsc+0x8aae5f)
    #14 JSC::JITPlan::compileInThread(JSC::JITWorklistThread*) /root/WebKit/Source/JavaScriptCore/jit/JITPlan.cpp:283:28 (jsc+0xfd4afd)
    #15 JSC::JITWorklistThread::work() /root/WebKit/Source/JavaScriptCore/jit/JITWorklistThread.cpp:145:13 (jsc+0x103f30b)
    #16 WTF::AutomaticThread::start(WTF::AbstractLocker const&)::$_0::operator()() const /root/WebKit/Source/WTF/wtf/AutomaticThread.cpp:260:37 (jsc+0x2572ebc)
    #17 WTF::Detail::CallableWrapper<WTF::AutomaticThread::start(WTF::AbstractLocker const&)::$_0, void>::call() /root/WebKit/Source/WTF/wtf/Function.h:59:39 (jsc+0x2572ebc)
    #18 WTF::Function<void ()>::operator()() const /root/WebKit/Source/WTF/wtf/Function.h:103:35 (jsc+0x259e245)
    #19 WTF::Thread::entryPoint(WTF::Thread::NewThreadContext*) /root/WebKit/Source/WTF/wtf/Threading.cpp:312:5 (jsc+0x259e245)
    #20 WTF::wtfThreadEntryPoint(void*) /root/WebKit/Source/WTF/wtf/posix/ThreadingPOSIX.cpp:264:5 (jsc+0x25fabf9)

  Previous write of size 4 at 0x7f550000dd08 by main thread:
    #0 JSC::TypeInfoBlob::Data::Data() /root/WebKit/Source/JavaScriptCore/runtime/TypeInfoBlob.h:136:23 (jsc+0x18ef70f)
    #1 JSC::TypeInfoBlob::TypeInfoBlob() /root/WebKit/Source/JavaScriptCore/runtime/TypeInfoBlob.h:73:5 (jsc+0x18ef70f)
    #2 JSC::Structure::Structure(JSC::VM&, JSC::Structure::StructureVariant, JSC::Structure*) /root/WebKit/Source/JavaScriptCore/runtime/Structure.cpp:411:12 (jsc+0x18ef70f)
    #3 JSC::Structure::create(JSC::VM&, JSC::Structure*, JSC::DeferredStructureTransitionWatchpointFire*) /root/WebKit/Source/JavaScriptCore/runtime/StructureInlines.h:56:67 (jsc+0x18f3804)
    #4 JSC::Structure::toDictionaryTransition(JSC::VM&, JSC::Structure*, JSC::Structure::DictionaryKind, JSC::DeferredStructureTransitionWatchpointFire*) /root/WebKit/Source/JavaScriptCore/runtime/Structure.cpp:1260:22 (jsc+0x18f7c27)
    #5 JSC::Structure::toUncacheableDictionaryTransition(JSC::VM&, JSC::Structure*, JSC::DeferredStructureTransitionWatchpointFire*) /root/WebKit/Source/JavaScriptCore/runtime/Structure.cpp:1281:12 (jsc+0x18f52ee)
    #6 JSC::JSObject::convertToUncacheableDictionary(JSC::VM&) /root/WebKit/Source/JavaScriptCore/runtime/JSObject.cpp:6655:22 (jsc+0x16b231b)
    #7 JSC::threadFuncRestrict(JSC::JSGlobalObject*, JSC::CallFrame*) /root/WebKit/Source/JavaScriptCore/runtime/ThreadObject.cpp:903:17 (jsc+0x198b3b3)
    #8 <null> <null> (0x7f56ea5ff157)
    #9 JSC::evaluate(JSC::JSGlobalObject*, JSC::SourceCode const&, JSC::JSValue, WTF::NakedPtr<JSC::Exception>&) /root/WebKit/Source/JavaScriptCore/runtime/Completion.cpp:145:37 (jsc+0x13b6e85)
    #10 runWithOptions(GlobalObject*, CommandLine&, bool&) /root/WebKit/Source/JavaScriptCore/jsc.cpp:3957:35 (jsc+0x1caec5)
    #11 jscmain(int, char**)::$_0::operator()(JSC::VM&, GlobalObject*, bool&) const /root/WebKit/Source/JavaScriptCore/jsc.cpp:4686:13 (jsc+0x1caec5)
    #12 int runJSC<jscmain(int, char**)::$_0>(CommandLine const&, bool, jscmain(int, char**)::$_0 const&) /root/WebKit/Source/JavaScriptCore/jsc.cpp:4472:13 (jsc+0x1caec5)
    #13 jscmain(int, char**) /root/WebKit/Source/JavaScriptCore/jsc.cpp:4679:18 (jsc+0x1caec5)
    #14 main /root/WebKit/Source/JavaScriptCore/jsc.cpp:3715:15 (jsc+0x1c9743)

  Thread T1 'JITWorker' (tid=1996496, running) created by main thread at:
    #0 pthread_create /home/runner/work/llvm-project/llvm-project/compiler-rt/lib/tsan/rtl/tsan_interceptors_posix.cpp:1090:3 (jsc+0x13ff1a)
    #1 WTF::Thread::establishHandle(WTF::Thread::NewThreadContext&, WTF::StackAllocationSpecification, WTF::ThreadQOS, WTF::ThreadSchedulingPolicy) /root/WebKit/Source/WTF/wtf/posix/ThreadingPOSIX.cpp:354:17 (jsc+0x25faae5)
    #2 WTF::Thread::create(WTF::ASCIILiteral, WTF::Function<void ()>&&, WTF::ThreadType, WTF::ThreadQOS, WTF::ThreadSchedulingPolicy, WTF::StackAllocationSpecification) /root/WebKit/Source/WTF/wtf/Threading.cpp:330:32 (jsc+0x259e583)
    #3 WTF::AutomaticThread::start(WTF::AbstractLocker const&) /root/WebKit/Source/WTF/wtf/AutomaticThread.cpp:189:5 (jsc+0x2571939)
    #4 WTF::AutomaticThreadCondition::notifyOne(WTF::AbstractLocker const&) /root/WebKit/Source/WTF/wtf/AutomaticThread.cpp:60:21 (jsc+0x2571739)
    #5 JSC::JITWorklist::wakeThreads(WTF::AbstractLocker const&, unsigned int) /root/WebKit/Source/JavaScriptCore/jit/JITWorklist.cpp:162:25 (jsc+0x1039716)
    #6 JSC::JITWorklist::enqueue(WTF::Ref<JSC::JITPlan, WTF::RawPtrTraits<JSC::JITPlan>, WTF::DefaultRefDerefTraits<JSC::JITPlan>>) /root/WebKit/Source/JavaScriptCore/jit/JITWorklist.cpp:246:5 (jsc+0x1039f78)
    #7 JSC::LLInt::jitCompileAndSetHeuristics(JSC::VM&, JSC::CodeBlock*) /root/WebKit/Source/JavaScriptCore/llint/LLIntSlowPaths.cpp:497:45 (jsc+0x10739c8)
    #8 JSC::LLInt::entryOSR(JSC::CodeBlock*, char const*, JSC::LLInt::EntryKind) /root/WebKit/Source/JavaScriptCore/llint/LLIntSlowPaths.cpp:519:10 (jsc+0x1072c42)
    #9 llint_entry_osr_function_for_call /root/WebKit/Source/JavaScriptCore/llint/LLIntSlowPaths.cpp:546:12 (jsc+0x1072ea4)
    #10 llint_function_for_call_prologue LowLevelInterpreter.cpp (jsc+0x1df349e)
    #11 JSC::evaluate(JSC::JSGlobalObject*, JSC::SourceCode const&, JSC::JSValue, WTF::NakedPtr<JSC::Exception>&) /root/WebKit/Source/JavaScriptCore/runtime/Completion.cpp:145:37 (jsc+0x13b6e85)
    #12 runWithOptions(GlobalObject*, CommandLine&, bool&) /root/WebKit/Source/JavaScriptCore/jsc.cpp:3957:35 (jsc+0x1caec5)
    #13 jscmain(int, char**)::$_0::operator()(JSC::VM&, GlobalObject*, bool&) const /root/WebKit/Source/JavaScriptCore/jsc.cpp:4686:13 (jsc+0x1caec5)
    #14 int runJSC<jscmain(int, char**)::$_0>(CommandLine const&, bool, jscmain(int, char**)::$_0 const&) /root/WebKit/Source/JavaScriptCore/jsc.cpp:4472:13 (jsc+0x1caec5)
    #15 jscmain(int, char**) /root/WebKit/Source/JavaScriptCore/jsc.cpp:4679:18 (jsc+0x1caec5)
    #16 main /root/WebKit/Source/JavaScriptCore/jsc.cpp:3715:15 (jsc+0x1c9743)

SUMMARY: ThreadSanitizer: data race /root/WebKit/Source/JavaScriptCore/runtime/TypeInfoBlob.h:54:9 in JSC::JSType JSC::TypeInfoBlob::relaxedLoad<JSC::JSType>(JSC::JSType const&)
==================
ThreadSanitizer: reported 1 warnings
