JSC: disabling useWasm under GIL-off (wasm glue still reads the raw VM-block exception word; not yet audited for UNGIL §A.1.3 COMPILED-FOR-VM; see AB-17 status block in VMEntryScope.cpp).
==================
WARNING: ThreadSanitizer: data race (pid=2018967)
  Read of size 1 at 0x72a000068652 by main thread:
    #0 JSC::CodeBlock::noticeIncomingCall(JSC::JSCell*) /root/WebKit/Source/JavaScriptCore/bytecode/CodeBlock.cpp:2757:5 (jsc+0x297cbb)
    #1 JSC::CodeBlock::linkIncomingCall(JSC::JSCell*, JSC::CallLinkInfoBase*) /root/WebKit/Source/JavaScriptCore/bytecode/CodeBlock.cpp:2341:9 (jsc+0x297b8f)
    #2 JSC::linkMonomorphicCall(JSC::VM&, JSC::JSCell*, JSC::CallLinkInfo&, JSC::CodeBlock*, JSC::JSObject*, WTF::CodePtr<(WTF::PtrTag)357, (WTF::FunctionAttributes)0>) /root/WebKit/Source/JavaScriptCore/bytecode/Repatch.cpp:117:30 (jsc+0x396894)
    #3 JSC::linkFor(JSC::VM&, JSC::JSCell*, JSC::CallFrame*, JSC::CallLinkInfo*) /root/WebKit/Source/JavaScriptCore/bytecode/RepatchInlines.h:224:13 (jsc+0xfaff28)
    #4 operationDefaultCall /root/WebKit/Source/JavaScriptCore/jit/JITOperations.cpp:2600:24 (jsc+0xfaf2f6)
    #5 <null> <null> (0x7f8df91ff017)
    #6 JSC::evaluate(JSC::JSGlobalObject*, JSC::SourceCode const&, JSC::JSValue, WTF::NakedPtr<JSC::Exception>&) /root/WebKit/Source/JavaScriptCore/runtime/Completion.cpp:145:37 (jsc+0x13b6e85)
    #7 runWithOptions(GlobalObject*, CommandLine&, bool&) /root/WebKit/Source/JavaScriptCore/jsc.cpp:3957:35 (jsc+0x1caec5)
    #8 jscmain(int, char**)::$_0::operator()(JSC::VM&, GlobalObject*, bool&) const /root/WebKit/Source/JavaScriptCore/jsc.cpp:4686:13 (jsc+0x1caec5)
    #9 int runJSC<jscmain(int, char**)::$_0>(CommandLine const&, bool, jscmain(int, char**)::$_0 const&) /root/WebKit/Source/JavaScriptCore/jsc.cpp:4472:13 (jsc+0x1caec5)
    #10 jscmain(int, char**) /root/WebKit/Source/JavaScriptCore/jsc.cpp:4679:18 (jsc+0x1caec5)
    #11 main /root/WebKit/Source/JavaScriptCore/jsc.cpp:3715:15 (jsc+0x1c9743)

  Previous write of size 1 at 0x72a000068652 by thread T2:
    #0 JSC::CodeBlock::capabilityLevel() /root/WebKit/Source/JavaScriptCore/bytecode/CodeBlock.cpp:3857:28 (jsc+0x28e040)
    #1 JSC::JIT::compileAndLinkWithoutFinalizing(JSC::JITCompilationEffort) /root/WebKit/Source/JavaScriptCore/jit/JIT.cpp:719:55 (jsc+0xec72c7)
    #2 JSC::BaselineJITPlan::compileInThreadImpl(JSC::JITCompilationEffort) /root/WebKit/Source/JavaScriptCore/jit/BaselineJITPlan.cpp:67:32 (jsc+0xea33e8)
    #3 JSC::BaselineJITPlan::compileInThreadImpl() /root/WebKit/Source/JavaScriptCore/jit/BaselineJITPlan.cpp:78:12 (jsc+0xea358b)
    #4 JSC::JITPlan::compileInThread(JSC::JITWorklistThread*) /root/WebKit/Source/JavaScriptCore/jit/JITPlan.cpp:283:28 (jsc+0xfd4afd)
    #5 JSC::JITWorklistThread::work() /root/WebKit/Source/JavaScriptCore/jit/JITWorklistThread.cpp:145:13 (jsc+0x103f30b)
    #6 WTF::AutomaticThread::start(WTF::AbstractLocker const&)::$_0::operator()() const /root/WebKit/Source/WTF/wtf/AutomaticThread.cpp:260:37 (jsc+0x2572ebc)
    #7 WTF::Detail::CallableWrapper<WTF::AutomaticThread::start(WTF::AbstractLocker const&)::$_0, void>::call() /root/WebKit/Source/WTF/wtf/Function.h:59:39 (jsc+0x2572ebc)
    #8 WTF::Function<void ()>::operator()() const /root/WebKit/Source/WTF/wtf/Function.h:103:35 (jsc+0x259e245)
    #9 WTF::Thread::entryPoint(WTF::Thread::NewThreadContext*) /root/WebKit/Source/WTF/wtf/Threading.cpp:312:5 (jsc+0x259e245)
    #10 WTF::wtfThreadEntryPoint(void*) /root/WebKit/Source/WTF/wtf/posix/ThreadingPOSIX.cpp:264:5 (jsc+0x25fabf9)

  Location is heap block of size 16384 at 0x72a000068000 allocated by main thread:
    #0 aligned_alloc /home/runner/work/llvm-project/llvm-project/compiler-rt/lib/tsan/rtl/tsan_interceptors_posix.cpp:885:3 (jsc+0x13f40e)
    #1 bmalloc::api::tryMemalign(unsigned long, unsigned long, bmalloc::CompactAllocationMode, bmalloc::HeapKind) /root/WebKit/WebKitBuild/TSan/bmalloc/Headers/bmalloc/bmalloc.h:158:12 (jsc+0x25812a0)
    #2 WTF::tryFastCompactAlignedMalloc(unsigned long, unsigned long) /root/WebKit/Source/WTF/wtf/FastMalloc.cpp:553:20 (jsc+0x25812a0)
    #3 JSC::FastMallocAlignedMemoryAllocator::tryAllocateAlignedMemory(unsigned long, unsigned long) /root/WebKit/Source/JavaScriptCore/heap/FastMallocAlignedMemoryAllocator.cpp:47:12 (jsc+0xdb5480)
    #4 JSC::MarkedBlock::tryCreate(JSC::Heap&, JSC::AlignedMemoryAllocator*) /root/WebKit/Source/JavaScriptCore/heap/MarkedBlock.cpp:138:48 (jsc+0xe40eb7)
    #5 JSC::BlockDirectory::tryAllocateBlock(WTF::AbstractLocker const&, JSC::Heap&) /root/WebKit/Source/JavaScriptCore/heap/BlockDirectory.cpp:154:35 (jsc+0xdac73d)
    #6 JSC::LocalAllocator::allocateSlowCase(JSC::Heap&, unsigned long, JSC::GCDeferralContext*, JSC::AllocationFailureMode) /root/WebKit/Source/JavaScriptCore/heap/LocalAllocator.cpp:221:47 (jsc+0xe3be6e)
    #7 JSC::LocalAllocator::allocate(JSC::Heap&, unsigned long, JSC::GCDeferralContext*, JSC::AllocationFailureMode)::'lambda'()::operator()() const /root/WebKit/WebKitBuild/TSan/JavaScriptCore/PrivateHeaders/JavaScriptCore/LocalAllocatorInlines.h:53:43 (jsc+0x1d120e)
    #8 JSC::HeapCell* JSC::FreeList::allocateWithCellSize<JSC::LocalAllocator::allocate(JSC::Heap&, unsigned long, JSC::GCDeferralContext*, JSC::AllocationFailureMode)::'lambda'()>(JSC::LocalAllocator::allocate(JSC::Heap&, unsigned long, JSC::GCDeferralContext*, JSC::AllocationFailureMode)::'lambda'() const&, unsigned long) /root/WebKit/Source/JavaScriptCore/heap/FreeListInlines.h:46:16 (jsc+0x1890dac)
    #9 JSC::LocalAllocator::allocate(JSC::Heap&, unsigned long, JSC::GCDeferralContext*, JSC::AllocationFailureMode) /root/WebKit/Source/JavaScriptCore/heap/LocalAllocatorInlines.h:50:23 (jsc+0x1890dac)
    #10 JSC::GCClient::IsoSubspace::allocate(JSC::VM&, unsigned long, JSC::GCDeferralContext*, JSC::AllocationFailureMode) /root/WebKit/Source/JavaScriptCore/heap/IsoSubspaceInlines.h:42:29 (jsc+0x1890dac)
    #11 void* JSC::tryAllocateCellHelper<JSC::ProgramCodeBlock, (JSC::AllocationFailureMode)0>(JSC::VM&, unsigned long, JSC::GCDeferralContext*) /root/WebKit/Source/JavaScriptCore/runtime/JSCellInlines.h:212:63 (jsc+0x1890dac)
    #12 void* JSC::allocateCell<JSC::ProgramCodeBlock>(JSC::VM&, unsigned long) /root/WebKit/Source/JavaScriptCore/runtime/JSCellInlines.h:232:12 (jsc+0x1890dac)
    #13 JSC::ProgramCodeBlock::create(JSC::VM&, JSC::ProgramExecutable*, JSC::UnlinkedProgramCodeBlock*, JSC::JSScope*) /root/WebKit/Source/JavaScriptCore/bytecode/ProgramCodeBlock.h:59:52 (jsc+0x1889b76)
    #14 JSC::ScriptExecutable::newCodeBlockFor(JSC::CodeSpecializationKind, JSC::JSFunction*, JSC::JSScope*) /root/WebKit/Source/JavaScriptCore/runtime/ScriptExecutable.cpp:474:9 (jsc+0x1889b76)
    #15 JSC::ScriptExecutable::prepareForExecutionImpl(JSC::VM&, JSC::JSFunction*, JSC::JSScope*, JSC::CodeSpecializationKind, JSC::CodeBlock*&) /root/WebKit/Source/JavaScriptCore/runtime/ScriptExecutable.cpp:623:28 (jsc+0x188a6c4)
    #16 void JSC::ScriptExecutable::prepareForExecution<JSC::ProgramExecutable>(JSC::VM&, JSC::JSFunction*, JSC::JSScope*, JSC::CodeSpecializationKind, JSC::CodeBlock*&) /root/WebKit/Source/JavaScriptCore/bytecode/CodeBlock.h:1153:5 (jsc+0xe80310)
    #17 JSC::Interpreter::executeProgram(JSC::SourceCode const&, JSC::JSGlobalObject*, JSC::JSObject*) /root/WebKit/Source/JavaScriptCore/interpreter/Interpreter.cpp:1203:22 (jsc+0xe80310)
    #18 JSC::evaluate(JSC::JSGlobalObject*, JSC::SourceCode const&, JSC::JSValue, WTF::NakedPtr<JSC::Exception>&) /root/WebKit/Source/JavaScriptCore/runtime/Completion.cpp:145:37 (jsc+0x13b6e85)
    #19 runWithOptions(GlobalObject*, CommandLine&, bool&) /root/WebKit/Source/JavaScriptCore/jsc.cpp:3957:35 (jsc+0x1caec5)
    #20 jscmain(int, char**)::$_0::operator()(JSC::VM&, GlobalObject*, bool&) const /root/WebKit/Source/JavaScriptCore/jsc.cpp:4686:13 (jsc+0x1caec5)
    #21 int runJSC<jscmain(int, char**)::$_0>(CommandLine const&, bool, jscmain(int, char**)::$_0 const&) /root/WebKit/Source/JavaScriptCore/jsc.cpp:4472:13 (jsc+0x1caec5)
    #22 jscmain(int, char**) /root/WebKit/Source/JavaScriptCore/jsc.cpp:4679:18 (jsc+0x1caec5)
    #23 main /root/WebKit/Source/JavaScriptCore/jsc.cpp:3715:15 (jsc+0x1c9743)

  Thread T2 'JITWorker' (tid=2019050, running) created by main thread at:
    #0 pthread_create /home/runner/work/llvm-project/llvm-project/compiler-rt/lib/tsan/rtl/tsan_interceptors_posix.cpp:1090:3 (jsc+0x13ff1a)
    #1 WTF::Thread::establishHandle(WTF::Thread::NewThreadContext&, WTF::StackAllocationSpecification, WTF::ThreadQOS, WTF::ThreadSchedulingPolicy) /root/WebKit/Source/WTF/wtf/posix/ThreadingPOSIX.cpp:354:17 (jsc+0x25faae5)
    #2 WTF::Thread::create(WTF::ASCIILiteral, WTF::Function<void ()>&&, WTF::ThreadType, WTF::ThreadQOS, WTF::ThreadSchedulingPolicy, WTF::StackAllocationSpecification) /root/WebKit/Source/WTF/wtf/Threading.cpp:330:32 (jsc+0x259e583)
    #3 WTF::AutomaticThread::start(WTF::AbstractLocker const&) /root/WebKit/Source/WTF/wtf/AutomaticThread.cpp:189:5 (jsc+0x2571939)
    #4 WTF::AutomaticThreadCondition::notifyOne(WTF::AbstractLocker const&) /root/WebKit/Source/WTF/wtf/AutomaticThread.cpp:60:21 (jsc+0x2571739)
    #5 JSC::JITWorklist::wakeThreads(WTF::AbstractLocker const&, unsigned int) /root/WebKit/Source/JavaScriptCore/jit/JITWorklist.cpp:162:25 (jsc+0x1039716)
    #6 JSC::JITWorklist::enqueue(WTF::Ref<JSC::JITPlan, WTF::RawPtrTraits<JSC::JITPlan>, WTF::DefaultRefDerefTraits<JSC::JITPlan>>) /root/WebKit/Source/JavaScriptCore/jit/JITWorklist.cpp:246:5 (jsc+0x1039f78)
    #7 JSC::LLInt::jitCompileAndSetHeuristics(JSC::VM&, JSC::CodeBlock*) /root/WebKit/Source/JavaScriptCore/llint/LLIntSlowPaths.cpp:497:45 (jsc+0x10739c8)
    #8 JSC::LLInt::entryOSR(JSC::CodeBlock*, char const*, JSC::LLInt::EntryKind) /root/WebKit/Source/JavaScriptCore/llint/LLIntSlowPaths.cpp:519:10 (jsc+0x1072c42)
    #9 llint_entry_osr_function_for_call /root/WebKit/Source/JavaScriptCore/llint/LLIntSlowPaths.cpp:546:12 (jsc+0x1072ea4)
    #10 llint_function_for_call_prologue LowLevelInterpreter.cpp (jsc+0x1df349e)
    #11 JSC::evaluate(JSC::JSGlobalObject*, JSC::SourceCode const&, JSC::JSValue, WTF::NakedPtr<JSC::Exception>&) /root/WebKit/Source/JavaScriptCore/runtime/Completion.cpp:145:37 (jsc+0x13b6e85)
    #12 runWithOptions(GlobalObject*, CommandLine&, bool&) /root/WebKit/Source/JavaScriptCore/jsc.cpp:3957:35 (jsc+0x1caec5)
    #13 jscmain(int, char**)::$_0::operator()(JSC::VM&, GlobalObject*, bool&) const /root/WebKit/Source/JavaScriptCore/jsc.cpp:4686:13 (jsc+0x1caec5)
    #14 int runJSC<jscmain(int, char**)::$_0>(CommandLine const&, bool, jscmain(int, char**)::$_0 const&) /root/WebKit/Source/JavaScriptCore/jsc.cpp:4472:13 (jsc+0x1caec5)
    #15 jscmain(int, char**) /root/WebKit/Source/JavaScriptCore/jsc.cpp:4679:18 (jsc+0x1caec5)
    #16 main /root/WebKit/Source/JavaScriptCore/jsc.cpp:3715:15 (jsc+0x1c9743)

SUMMARY: ThreadSanitizer: data race /root/WebKit/Source/JavaScriptCore/bytecode/CodeBlock.cpp:2757:5 in JSC::CodeBlock::noticeIncomingCall(JSC::JSCell*)
==================
==================
WARNING: ThreadSanitizer: data race (pid=2018967)
  Read of size 1 at 0x728000019546 by thread T2:
    #0 JSC::JIT::emit_op_get_by_id(JSC::BaseInstruction<JSC::JSOpcodeTraits> const*) /root/WebKit/Source/JavaScriptCore/jit/JITPropertyAccess.cpp:606:40 (jsc+0xfe43c2)
    #1 JSC::JIT::privateCompileMainPass() /root/WebKit/Source/JavaScriptCore/jit/JIT.cpp:314:9 (jsc+0xeba3cf)
    #2 JSC::JIT::compileAndLinkWithoutFinalizing(JSC::JITCompilationEffort) /root/WebKit/Source/JavaScriptCore/jit/JIT.cpp:813:5 (jsc+0xec80e6)
    #3 JSC::BaselineJITPlan::compileInThreadImpl(JSC::JITCompilationEffort) /root/WebKit/Source/JavaScriptCore/jit/BaselineJITPlan.cpp:67:32 (jsc+0xea33e8)
    #4 JSC::BaselineJITPlan::compileInThreadImpl() /root/WebKit/Source/JavaScriptCore/jit/BaselineJITPlan.cpp:78:12 (jsc+0xea358b)
    #5 JSC::JITPlan::compileInThread(JSC::JITWorklistThread*) /root/WebKit/Source/JavaScriptCore/jit/JITPlan.cpp:283:28 (jsc+0xfd4afd)
    #6 JSC::JITWorklistThread::work() /root/WebKit/Source/JavaScriptCore/jit/JITWorklistThread.cpp:145:13 (jsc+0x103f30b)
    #7 WTF::AutomaticThread::start(WTF::AbstractLocker const&)::$_0::operator()() const /root/WebKit/Source/WTF/wtf/AutomaticThread.cpp:260:37 (jsc+0x2572ebc)
    #8 WTF::Detail::CallableWrapper<WTF::AutomaticThread::start(WTF::AbstractLocker const&)::$_0, void>::call() /root/WebKit/Source/WTF/wtf/Function.h:59:39 (jsc+0x2572ebc)
    #9 WTF::Function<void ()>::operator()() const /root/WebKit/Source/WTF/wtf/Function.h:103:35 (jsc+0x259e245)
    #10 WTF::Thread::entryPoint(WTF::Thread::NewThreadContext*) /root/WebKit/Source/WTF/wtf/Threading.cpp:312:5 (jsc+0x259e245)
    #11 WTF::wtfThreadEntryPoint(void*) /root/WebKit/Source/WTF/wtf/posix/ThreadingPOSIX.cpp:264:5 (jsc+0x25fabf9)

  Previous atomic write of size 1 at 0x728000019546 by main thread:
    #0 std::atomic<JSC::GetByIdMode>::store(JSC::GetByIdMode, std::memory_order) /usr/lib/gcc/x86_64-amazon-linux/14/../../../../include/c++/14/atomic:284:2 (jsc+0x10795a4)
    #1 WTF::Atomic<JSC::GetByIdMode>::store(JSC::GetByIdMode, std::memory_order) /root/WebKit/WebKitBuild/TSan/WTF/Headers/wtf/Atomics.h:67:102 (jsc+0x10795a4)
    #2 void WTF::atomicStore<JSC::GetByIdMode>(JSC::GetByIdMode*, JSC::GetByIdMode, std::memory_order) /root/WebKit/WebKitBuild/TSan/WTF/Headers/wtf/Atomics.h:174:42 (jsc+0x10795a4)
    #3 JSC::GetByIdModeMetadata::clearToDefaultModeWithoutCache() /root/WebKit/Source/JavaScriptCore/bytecode/GetByIdMetadata.h:210:9 (jsc+0x10795a4)
    #4 JSC::LLInt::performLLIntGetByID(JSC::BytecodeIndex, JSC::CodeBlock*, JSC::JSGlobalObject*, JSC::JSValue, JSC::Identifier const&, JSC::GetByIdModeMetadata&) /root/WebKit/Source/JavaScriptCore/llint/LLIntSlowPaths.cpp:1090:26 (jsc+0x10795a4)
    #5 llint_slow_path_get_by_id /root/WebKit/Source/JavaScriptCore/llint/LLIntSlowPaths.cpp:1124:22 (jsc+0x1078e60)
    #6 llint_op_get_by_id LowLevelInterpreter.cpp (jsc+0x1dfa331)
    #7 JSC::evaluate(JSC::JSGlobalObject*, JSC::SourceCode const&, JSC::JSValue, WTF::NakedPtr<JSC::Exception>&) /root/WebKit/Source/JavaScriptCore/runtime/Completion.cpp:145:37 (jsc+0x13b6e85)
    #8 runWithOptions(GlobalObject*, CommandLine&, bool&) /root/WebKit/Source/JavaScriptCore/jsc.cpp:3957:35 (jsc+0x1caec5)
    #9 jscmain(int, char**)::$_0::operator()(JSC::VM&, GlobalObject*, bool&) const /root/WebKit/Source/JavaScriptCore/jsc.cpp:4686:13 (jsc+0x1caec5)
    #10 int runJSC<jscmain(int, char**)::$_0>(CommandLine const&, bool, jscmain(int, char**)::$_0 const&) /root/WebKit/Source/JavaScriptCore/jsc.cpp:4472:13 (jsc+0x1caec5)
    #11 jscmain(int, char**) /root/WebKit/Source/JavaScriptCore/jsc.cpp:4679:18 (jsc+0x1caec5)
    #12 main /root/WebKit/Source/JavaScriptCore/jsc.cpp:3715:15 (jsc+0x1c9743)

  Location is heap block of size 4088 at 0x728000019000 allocated by main thread:
    #0 malloc /home/runner/work/llvm-project/llvm-project/compiler-rt/lib/tsan/rtl/tsan_interceptors_posix.cpp:682:5 (jsc+0x13dc20)
    #1 bmalloc::api::malloc(unsigned long, bmalloc::CompactAllocationMode, bmalloc::HeapKind) /root/WebKit/WebKitBuild/TSan/bmalloc/Headers/bmalloc/bmalloc.h:96:20 (jsc+0x2581059)
    #2 WTF::fastMalloc(unsigned long) /root/WebKit/Source/WTF/wtf/FastMalloc.cpp:337:20 (jsc+0x2581059)
    #3 WTF::FastMalloc::malloc(unsigned long) /root/WebKit/WebKitBuild/TSan/WTF/Headers/wtf/FastMalloc.h:235:47 (jsc+0x3bd5b4)
    #4 JSC::UnlinkedMetadataTable::finalize() /root/WebKit/Source/JavaScriptCore/bytecode/UnlinkedMetadataTable.cpp:164:61 (jsc+0x3bd5b4)
    #5 JSC::UnlinkedCodeBlockGenerator::finalize(std::unique_ptr<JSC::InstructionStream<JSC::BaseInstruction<JSC::JSOpcodeTraits>>, std::default_delete<JSC::InstructionStream<JSC::BaseInstruction<JSC::JSOpcodeTraits>>>>) /root/WebKit/Source/JavaScriptCore/bytecode/UnlinkedCodeBlockGenerator.cpp:68:34 (jsc+0x3bc1c7)
    #6 JSC::BytecodeGenerator::generate(unsigned int&) /root/WebKit/Source/JavaScriptCore/bytecompiler/BytecodeGenerator.cpp:422:18 (jsc+0x3cc648)
    #7 JSC::ParserError JSC::BytecodeGenerator::generate<JSC::ProgramNode, JSC::UnlinkedProgramCodeBlock>(JSC::VM&, JSC::ProgramNode*, JSC::SourceCode const&, JSC::UnlinkedProgramCodeBlock*, WTF::OptionSet<JSC::CodeGenerationMode, (WTF::ConcurrencyTag)0>, WTF::RefPtr<JSC::TDZEnvironmentLink, WTF::RawPtrTraits<JSC::TDZEnvironmentLink>, WTF::DefaultRefDerefTraits<JSC::TDZEnvironmentLink>> const&, WTF::FixedVector<JSC::Identifier, WTF::FastMalloc> const*, WTF::HashMap<WTF::RefPtr<WTF::UniquedStringImpl, WTF::PackedPtrTraits<WTF::UniquedStringImpl>, WTF::DefaultRefDerefTraits<WTF::UniquedStringImpl>>, JSC::PrivateNameEntry, JSC::IdentifierRepHash, WTF::HashTraits<WTF::RefPtr<WTF::UniquedStringImpl, WTF::RawPtrTraits<WTF::UniquedStringImpl>, WTF::DefaultRefDerefTraits<WTF::UniquedStringImpl>>>, JSC::PrivateNameEntryHashTraits, WTF::HashTableTraits, (WTF::ShouldValidateKey)0, WTF::FastMalloc> const*) /root/WebKit/Source/JavaScriptCore/bytecompiler/BytecodeGenerator.h:407:46 (jsc+0x13cec60)
    #8 JSC::UnlinkedProgramCodeBlock* JSC::generateUnlinkedCodeBlockImpl<JSC::UnlinkedProgramCodeBlock, JSC::ProgramExecutable>(JSC::VM&, JSC::SourceCode const&, unsigned char, JSC::JSParserScriptMode, WTF::OptionSet<JSC::CodeGenerationMode, (WTF::ConcurrencyTag)0>, JSC::ParserError&, JSC::EvalContextType, JSC::DerivedContextType, bool, WTF::HashSet<WTF::RefPtr<WTF::UniquedStringImpl, WTF::RawPtrTraits<WTF::UniquedStringImpl>, WTF::DefaultRefDerefTraits<WTF::UniquedStringImpl>>, JSC::IdentifierRepHash, WTF::HashTraits<WTF::RefPtr<WTF::UniquedStringImpl, WTF::RawPtrTraits<WTF::UniquedStringImpl>, WTF::DefaultRefDerefTraits<WTF::UniquedStringImpl>>>, WTF::HashTableTraits, (WTF::ShouldValidateKey)0> const*, WTF::HashMap<WTF::RefPtr<WTF::UniquedStringImpl, WTF::PackedPtrTraits<WTF::UniquedStringImpl>, WTF::DefaultRefDerefTraits<WTF::UniquedStringImpl>>, JSC::PrivateNameEntry, JSC::IdentifierRepHash, WTF::HashTraits<WTF::RefPtr<WTF::UniquedStringImpl, WTF::RawPtrTraits<WTF::UniquedStringImpl>, WTF::DefaultRefDerefTraits<WTF::UniquedStringImpl>>>, JSC::PrivateNameEntryHashTraits, WTF::HashTableTraits, (WTF::ShouldValidateKey)0, WTF::FastMalloc> const*, JSC::ProgramExecutable*) /root/WebKit/Source/JavaScriptCore/runtime/CodeCache.cpp:211:13 (jsc+0x13d1a23)
    #9 JSC::UnlinkedProgramCodeBlock* JSC::generateUnlinkedCodeBlock<JSC::UnlinkedProgramCodeBlock, JSC::ProgramExecutable>(JSC::VM&, JSC::ProgramExecutable*, JSC::SourceCode const&, JSC::JSParserScriptMode, WTF::OptionSet<JSC::CodeGenerationMode, (WTF::ConcurrencyTag)0>, JSC::ParserError&, JSC::EvalContextType, WTF::HashSet<WTF::RefPtr<WTF::UniquedStringImpl, WTF::RawPtrTraits<WTF::UniquedStringImpl>, WTF::DefaultRefDerefTraits<WTF::UniquedStringImpl>>, JSC::IdentifierRepHash, WTF::HashTraits<WTF::RefPtr<WTF::UniquedStringImpl, WTF::RawPtrTraits<WTF::UniquedStringImpl>, WTF::DefaultRefDerefTraits<WTF::UniquedStringImpl>>>, WTF::HashTableTraits, (WTF::ShouldValidateKey)0> const*, WTF::HashMap<WTF::RefPtr<WTF::UniquedStringImpl, WTF::PackedPtrTraits<WTF::UniquedStringImpl>, WTF::DefaultRefDerefTraits<WTF::UniquedStringImpl>>, JSC::PrivateNameEntry, JSC::IdentifierRepHash, WTF::HashTraits<WTF::RefPtr<WTF::UniquedStringImpl, WTF::RawPtrTraits<WTF::UniquedStringImpl>, WTF::DefaultRefDerefTraits<WTF::UniquedStringImpl>>>, JSC::PrivateNameEntryHashTraits, WTF::HashTableTraits, (WTF::ShouldValidateKey)0, WTF::FastMalloc> const*) /root/WebKit/Source/JavaScriptCore/runtime/CodeCache.cpp:222:12 (jsc+0x137f0df)
    #10 JSC::UnlinkedProgramCodeBlock* JSC::CodeCache::getUnlinkedGlobalCodeBlock<JSC::UnlinkedProgramCodeBlock, JSC::ProgramExecutable>(JSC::VM&, JSC::ProgramExecutable*, JSC::SourceCode const&, JSC::JSParserScriptMode, WTF::OptionSet<JSC::CodeGenerationMode, (WTF::ConcurrencyTag)0>, JSC::ParserError&, JSC::EvalContextType) /root/WebKit/Source/JavaScriptCore/runtime/CodeCache.cpp:284:25 (jsc+0x137f0df)
    #11 JSC::CodeCache::getUnlinkedProgramCodeBlock(JSC::VM&, JSC::ProgramExecutable*, JSC::SourceCode const&, WTF::OptionSet<JSC::CodeGenerationMode, (WTF::ConcurrencyTag)0>, JSC::ParserError&) /root/WebKit/Source/JavaScriptCore/runtime/CodeCache.cpp:299:12 (jsc+0x137eb45)
    #12 JSC::ProgramExecutable::initializeGlobalProperties(JSC::VM&, JSC::JSGlobalObject*, JSC::JSScope*) /root/WebKit/Source/JavaScriptCore/runtime/ProgramExecutable.cpp:95:67 (jsc+0x182bbd5)
    #13 JSC::Interpreter::executeProgram(JSC::SourceCode const&, JSC::JSGlobalObject*, JSC::JSObject*) /root/WebKit/Source/JavaScriptCore/interpreter/Interpreter.cpp:1186:32 (jsc+0xe7fd6b)
    #14 JSC::evaluate(JSC::JSGlobalObject*, JSC::SourceCode const&, JSC::JSValue, WTF::NakedPtr<JSC::Exception>&) /root/WebKit/Source/JavaScriptCore/runtime/Completion.cpp:145:37 (jsc+0x13b6e85)
    #15 runWithOptions(GlobalObject*, CommandLine&, bool&) /root/WebKit/Source/JavaScriptCore/jsc.cpp:3957:35 (jsc+0x1caec5)
    #16 jscmain(int, char**)::$_0::operator()(JSC::VM&, GlobalObject*, bool&) const /root/WebKit/Source/JavaScriptCore/jsc.cpp:4686:13 (jsc+0x1caec5)
    #17 int runJSC<jscmain(int, char**)::$_0>(CommandLine const&, bool, jscmain(int, char**)::$_0 const&) /root/WebKit/Source/JavaScriptCore/jsc.cpp:4472:13 (jsc+0x1caec5)
    #18 jscmain(int, char**) /root/WebKit/Source/JavaScriptCore/jsc.cpp:4679:18 (jsc+0x1caec5)
    #19 main /root/WebKit/Source/JavaScriptCore/jsc.cpp:3715:15 (jsc+0x1c9743)

  Thread T2 'JITWorker' (tid=2019050, running) created by main thread at:
    #0 pthread_create /home/runner/work/llvm-project/llvm-project/compiler-rt/lib/tsan/rtl/tsan_interceptors_posix.cpp:1090:3 (jsc+0x13ff1a)
    #1 WTF::Thread::establishHandle(WTF::Thread::NewThreadContext&, WTF::StackAllocationSpecification, WTF::ThreadQOS, WTF::ThreadSchedulingPolicy) /root/WebKit/Source/WTF/wtf/posix/ThreadingPOSIX.cpp:354:17 (jsc+0x25faae5)
    #2 WTF::Thread::create(WTF::ASCIILiteral, WTF::Function<void ()>&&, WTF::ThreadType, WTF::ThreadQOS, WTF::ThreadSchedulingPolicy, WTF::StackAllocationSpecification) /root/WebKit/Source/WTF/wtf/Threading.cpp:330:32 (jsc+0x259e583)
    #3 WTF::AutomaticThread::start(WTF::AbstractLocker const&) /root/WebKit/Source/WTF/wtf/AutomaticThread.cpp:189:5 (jsc+0x2571939)
    #4 WTF::AutomaticThreadCondition::notifyOne(WTF::AbstractLocker const&) /root/WebKit/Source/WTF/wtf/AutomaticThread.cpp:60:21 (jsc+0x2571739)
    #5 JSC::JITWorklist::wakeThreads(WTF::AbstractLocker const&, unsigned int) /root/WebKit/Source/JavaScriptCore/jit/JITWorklist.cpp:162:25 (jsc+0x1039716)
    #6 JSC::JITWorklist::enqueue(WTF::Ref<JSC::JITPlan, WTF::RawPtrTraits<JSC::JITPlan>, WTF::DefaultRefDerefTraits<JSC::JITPlan>>) /root/WebKit/Source/JavaScriptCore/jit/JITWorklist.cpp:246:5 (jsc+0x1039f78)
    #7 JSC::LLInt::jitCompileAndSetHeuristics(JSC::VM&, JSC::CodeBlock*) /root/WebKit/Source/JavaScriptCore/llint/LLIntSlowPaths.cpp:497:45 (jsc+0x10739c8)
    #8 JSC::LLInt::entryOSR(JSC::CodeBlock*, char const*, JSC::LLInt::EntryKind) /root/WebKit/Source/JavaScriptCore/llint/LLIntSlowPaths.cpp:519:10 (jsc+0x1072c42)
    #9 llint_entry_osr_function_for_call /root/WebKit/Source/JavaScriptCore/llint/LLIntSlowPaths.cpp:546:12 (jsc+0x1072ea4)
    #10 llint_function_for_call_prologue LowLevelInterpreter.cpp (jsc+0x1df349e)
    #11 JSC::evaluate(JSC::JSGlobalObject*, JSC::SourceCode const&, JSC::JSValue, WTF::NakedPtr<JSC::Exception>&) /root/WebKit/Source/JavaScriptCore/runtime/Completion.cpp:145:37 (jsc+0x13b6e85)
    #12 runWithOptions(GlobalObject*, CommandLine&, bool&) /root/WebKit/Source/JavaScriptCore/jsc.cpp:3957:35 (jsc+0x1caec5)
    #13 jscmain(int, char**)::$_0::operator()(JSC::VM&, GlobalObject*, bool&) const /root/WebKit/Source/JavaScriptCore/jsc.cpp:4686:13 (jsc+0x1caec5)
    #14 int runJSC<jscmain(int, char**)::$_0>(CommandLine const&, bool, jscmain(int, char**)::$_0 const&) /root/WebKit/Source/JavaScriptCore/jsc.cpp:4472:13 (jsc+0x1caec5)
    #15 jscmain(int, char**) /root/WebKit/Source/JavaScriptCore/jsc.cpp:4679:18 (jsc+0x1caec5)
    #16 main /root/WebKit/Source/JavaScriptCore/jsc.cpp:3715:15 (jsc+0x1c9743)

SUMMARY: ThreadSanitizer: data race /root/WebKit/Source/JavaScriptCore/jit/JITPropertyAccess.cpp:606:40 in JSC::JIT::emit_op_get_by_id(JSC::BaseInstruction<JSC::JSOpcodeTraits> const*)
==================
ThreadSanitizer: reported 2 warnings
