JSC: disabling useWasm under GIL-off (wasm glue still reads the raw VM-block exception word; not yet audited for UNGIL §A.1.3 COMPILED-FOR-VM; see AB-17 status block in VMEntryScope.cpp).
==================
WARNING: ThreadSanitizer: data race (pid=2018920)
  Atomic read of size 8 at 0x72a0000f0918 by thread T5:
    #0 std::__atomic_base<unsigned long>::load(std::memory_order) const /usr/lib/gcc/x86_64-amazon-linux/14/../../../../include/c++/14/bits/atomic_base.h:501:9 (jsc+0x186c696)
    #1 WTF::Atomic<unsigned long>::load(std::memory_order) const /root/WebKit/WebKitBuild/TSan/WTF/Headers/wtf/Atomics.h:55:100 (jsc+0x186c696)
    #2 unsigned long WTF::atomicLoad<unsigned long>(unsigned long*, std::memory_order) /root/WebKit/WebKitBuild/TSan/WTF/Headers/wtf/Atomics.h:162:49 (jsc+0x186c696)
    #3 JSC::JSString::fiberConcurrently() const /root/WebKit/WebKitBuild/TSan/JavaScriptCore/PrivateHeaders/JavaScriptCore/JSString.h:316:50 (jsc+0x186c696)
    #4 JSC::JSString::isRope() const /root/WebKit/WebKitBuild/TSan/JavaScriptCore/PrivateHeaders/JavaScriptCore/JSString.h:273:16 (jsc+0x186c696)
    #5 JSC::JSString::value(JSC::JSGlobalObject*) const /root/WebKit/WebKitBuild/TSan/JavaScriptCore/PrivateHeaders/JavaScriptCore/JSString.h:961:9 (jsc+0x186c696)
    #6 JSC::regExpProtoFuncTest(JSC::JSGlobalObject*, JSC::CallFrame*) /root/WebKit/Source/JavaScriptCore/runtime/RegExpPrototype.cpp:165:30 (jsc+0x186c696)
    #7 <null> <null> (0x7f7ce7dff157)
    #8 JSC::Interpreter::executeCall(JSC::JSObject*, JSC::CallData const&, JSC::JSValue, JSC::JSCell*, JSC::ArgList const&) /root/WebKit/Source/JavaScriptCore/interpreter/Interpreter.cpp (jsc+0xe81f6d)
    #9 JSC::call(JSC::JSGlobalObject*, JSC::JSValue, JSC::CallData const&, JSC::JSValue, JSC::ArgList const&) /root/WebKit/Source/JavaScriptCore/runtime/CallData.cpp:70:27 (jsc+0x1354881)
    #10 JSC::call(JSC::JSGlobalObject*, JSC::JSValue, JSC::CallData const&, JSC::JSValue, JSC::ArgList const&, WTF::NakedPtr<JSC::Exception>&) /root/WebKit/Source/JavaScriptCore/runtime/CallData.cpp:77:22 (jsc+0x1354881)
    #11 JSC::threadMain(JSC::VM&, WTF::Ref<JSC::ThreadState, WTF::RawPtrTraits<JSC::ThreadState>, WTF::DefaultRefDerefTraits<JSC::ThreadState>>) /root/WebKit/Source/JavaScriptCore/runtime/ThreadObject.cpp:241:30 (jsc+0x19922bc)
    #12 JSC::constructThread(JSC::JSGlobalObject*, JSC::CallFrame*)::$_0::operator()() /root/WebKit/Source/JavaScriptCore/runtime/ThreadObject.cpp:468:9 (jsc+0x19922bc)
    #13 WTF::Detail::CallableWrapper<JSC::constructThread(JSC::JSGlobalObject*, JSC::CallFrame*)::$_0, void>::call() /root/WebKit/WebKitBuild/TSan/WTF/Headers/wtf/Function.h:59:39 (jsc+0x19922bc)
    #14 WTF::Function<void ()>::operator()() const /root/WebKit/Source/WTF/wtf/Function.h:103:35 (jsc+0x259e245)
    #15 WTF::Thread::entryPoint(WTF::Thread::NewThreadContext*) /root/WebKit/Source/WTF/wtf/Threading.cpp:312:5 (jsc+0x259e245)
    #16 WTF::wtfThreadEntryPoint(void*) /root/WebKit/Source/WTF/wtf/posix/ThreadingPOSIX.cpp:264:5 (jsc+0x25fabf9)

  Previous write of size 8 at 0x72a0000f0918 by main thread:
    #0 WTF::RefPtr<WTF::StringImpl, WTF::RawPtrTraits<WTF::StringImpl>, WTF::DefaultRefDerefTraits<WTF::StringImpl>>::RefPtr<WTF::StringImpl, WTF::RawPtrTraits<WTF::StringImpl>>(WTF::Ref<WTF::StringImpl, WTF::RawPtrTraits<WTF::StringImpl>, WTF::DefaultRefDerefTraits<WTF::StringImpl>>&&) /root/WebKit/WebKitBuild/TSan/WTF/Headers/wtf/RefPtr.h:172:7 (jsc+0x7c6b7c)
    #1 WTF::String::String(WTF::Ref<WTF::StringImpl, WTF::RawPtrTraits<WTF::StringImpl>, WTF::DefaultRefDerefTraits<WTF::StringImpl>>&&) /root/WebKit/WebKitBuild/TSan/WTF/Headers/wtf/text/WTFString.h:439:7 (jsc+0x7c6b7c)
    #2 JSC::JSString::JSString(JSC::VM&, WTF::Ref<WTF::StringImpl, WTF::RawPtrTraits<WTF::StringImpl>, WTF::DefaultRefDerefTraits<WTF::StringImpl>>&&) /root/WebKit/WebKitBuild/TSan/JavaScriptCore/PrivateHeaders/JavaScriptCore/JSString.h:169:45 (jsc+0x7c6b7c)
    #3 JSC::JSString::create(JSC::VM&, WTF::Ref<WTF::StringImpl, WTF::RawPtrTraits<WTF::StringImpl>, WTF::DefaultRefDerefTraits<WTF::StringImpl>>&&) /root/WebKit/WebKitBuild/TSan/JavaScriptCore/PrivateHeaders/JavaScriptCore/JSString.h:208:73 (jsc+0x7c6b7c)
    #4 JSC::jsString(JSC::JSGlobalObject*, JSC::JSString*, WTF::String const&) /root/WebKit/Source/JavaScriptCore/runtime/OperationsInlines.h:141:12 (jsc+0x7c6b7c)
    #5 JSC::jsAddNonNumber(JSC::JSGlobalObject*, JSC::JSValue, JSC::JSValue) /root/WebKit/Source/JavaScriptCore/runtime/OperationsInlines.h:555:9 (jsc+0x75045f)
    #6 JSC::jsAdd(JSC::JSGlobalObject*, JSC::JSValue, JSC::JSValue) /root/WebKit/Source/JavaScriptCore/runtime/OperationsInlines.h:567:12 (jsc+0xfc9e18)
    #7 JSC::profiledAdd(JSC::JSGlobalObject*, JSC::JSValue, JSC::JSValue, JSC::BinaryArithProfile&) /root/WebKit/Source/JavaScriptCore/jit/JITOperations.cpp:126:22 (jsc+0xfc9e18)
    #8 operationValueAddProfiled /root/WebKit/Source/JavaScriptCore/jit/JITOperations.cpp:5049:5 (jsc+0xfc9e18)
    #9 <null> <null> (0x7f7ce7e06bab)
    #10 JSC::evaluate(JSC::JSGlobalObject*, JSC::SourceCode const&, JSC::JSValue, WTF::NakedPtr<JSC::Exception>&) /root/WebKit/Source/JavaScriptCore/runtime/Completion.cpp:145:37 (jsc+0x13b6e85)
    #11 runWithOptions(GlobalObject*, CommandLine&, bool&) /root/WebKit/Source/JavaScriptCore/jsc.cpp:3957:35 (jsc+0x1caec5)
    #12 jscmain(int, char**)::$_0::operator()(JSC::VM&, GlobalObject*, bool&) const /root/WebKit/Source/JavaScriptCore/jsc.cpp:4686:13 (jsc+0x1caec5)
    #13 int runJSC<jscmain(int, char**)::$_0>(CommandLine const&, bool, jscmain(int, char**)::$_0 const&) /root/WebKit/Source/JavaScriptCore/jsc.cpp:4472:13 (jsc+0x1caec5)
    #14 jscmain(int, char**) /root/WebKit/Source/JavaScriptCore/jsc.cpp:4679:18 (jsc+0x1caec5)
    #15 main /root/WebKit/Source/JavaScriptCore/jsc.cpp:3715:15 (jsc+0x1c9743)

  Location is heap block of size 16384 at 0x72a0000f0000 allocated by main thread:
    #0 aligned_alloc /home/runner/work/llvm-project/llvm-project/compiler-rt/lib/tsan/rtl/tsan_interceptors_posix.cpp:885:3 (jsc+0x13f40e)
    #1 bmalloc::api::tryMemalign(unsigned long, unsigned long, bmalloc::CompactAllocationMode, bmalloc::HeapKind) /root/WebKit/WebKitBuild/TSan/bmalloc/Headers/bmalloc/bmalloc.h:158:12 (jsc+0x25812a0)
    #2 WTF::tryFastCompactAlignedMalloc(unsigned long, unsigned long) /root/WebKit/Source/WTF/wtf/FastMalloc.cpp:553:20 (jsc+0x25812a0)
    #3 JSC::FastMallocAlignedMemoryAllocator::tryAllocateAlignedMemory(unsigned long, unsigned long) /root/WebKit/Source/JavaScriptCore/heap/FastMallocAlignedMemoryAllocator.cpp:47:12 (jsc+0xdb5480)
    #4 JSC::MarkedBlock::tryCreate(JSC::Heap&, JSC::AlignedMemoryAllocator*) /root/WebKit/Source/JavaScriptCore/heap/MarkedBlock.cpp:138:48 (jsc+0xe40eb7)
    #5 JSC::BlockDirectory::tryAllocateBlock(WTF::AbstractLocker const&, JSC::Heap&) /root/WebKit/Source/JavaScriptCore/heap/BlockDirectory.cpp:154:35 (jsc+0xdac73d)
    #6 JSC::LocalAllocator::allocateSlowCase(JSC::Heap&, unsigned long, JSC::GCDeferralContext*, JSC::AllocationFailureMode) /root/WebKit/Source/JavaScriptCore/heap/LocalAllocator.cpp:221:47 (jsc+0xe3be6e)
    #7 JSC::LocalAllocator::allocate(JSC::Heap&, unsigned long, JSC::GCDeferralContext*, JSC::AllocationFailureMode)::'lambda'()::operator()() const /root/WebKit/WebKitBuild/TSan/JavaScriptCore/PrivateHeaders/JavaScriptCore/LocalAllocatorInlines.h:53:43 (jsc+0x1d120e)
    #8 JSC::HeapCell* JSC::FreeList::allocateWithCellSize<JSC::LocalAllocator::allocate(JSC::Heap&, unsigned long, JSC::GCDeferralContext*, JSC::AllocationFailureMode)::'lambda'()>(JSC::LocalAllocator::allocate(JSC::Heap&, unsigned long, JSC::GCDeferralContext*, JSC::AllocationFailureMode)::'lambda'() const&, unsigned long) /root/WebKit/WebKitBuild/TSan/JavaScriptCore/PrivateHeaders/JavaScriptCore/FreeListInlines.h:46:16 (jsc+0x1e351c)
    #9 JSC::LocalAllocator::allocate(JSC::Heap&, unsigned long, JSC::GCDeferralContext*, JSC::AllocationFailureMode) /root/WebKit/WebKitBuild/TSan/JavaScriptCore/PrivateHeaders/JavaScriptCore/LocalAllocatorInlines.h:50:23 (jsc+0x1e351c)
    #10 JSC::GCClient::IsoSubspace::allocate(JSC::VM&, unsigned long, JSC::GCDeferralContext*, JSC::AllocationFailureMode) /root/WebKit/WebKitBuild/TSan/JavaScriptCore/PrivateHeaders/JavaScriptCore/IsoSubspaceInlines.h:42:29 (jsc+0x1e351c)
    #11 void* JSC::tryAllocateCellHelper<JSC::JSString, (JSC::AllocationFailureMode)0>(JSC::VM&, unsigned long, JSC::GCDeferralContext*) /root/WebKit/WebKitBuild/TSan/JavaScriptCore/PrivateHeaders/JavaScriptCore/JSCellInlines.h:212:63 (jsc+0x1e351c)
    #12 void* JSC::allocateCell<JSC::JSString>(JSC::VM&, unsigned long) /root/WebKit/WebKitBuild/TSan/JavaScriptCore/PrivateHeaders/JavaScriptCore/JSCellInlines.h:232:12 (jsc+0x1e351c)
    #13 JSC::JSString::create(JSC::VM&, WTF::Ref<WTF::StringImpl, WTF::RawPtrTraits<WTF::StringImpl>, WTF::DefaultRefDerefTraits<WTF::StringImpl>>&&) /root/WebKit/WebKitBuild/TSan/JavaScriptCore/PrivateHeaders/JavaScriptCore/JSString.h:208:45 (jsc+0x7c6b46)
    #14 JSC::jsString(JSC::JSGlobalObject*, JSC::JSString*, WTF::String const&) /root/WebKit/Source/JavaScriptCore/runtime/OperationsInlines.h:141:12 (jsc+0x7c6b46)
    #15 JSC::jsAddNonNumber(JSC::JSGlobalObject*, JSC::JSValue, JSC::JSValue) /root/WebKit/Source/JavaScriptCore/runtime/OperationsInlines.h:555:9 (jsc+0x75045f)
    #16 JSC::jsAdd(JSC::JSGlobalObject*, JSC::JSValue, JSC::JSValue) /root/WebKit/Source/JavaScriptCore/runtime/OperationsInlines.h:567:12 (jsc+0x139d5df)
    #17 slow_path_add /root/WebKit/Source/JavaScriptCore/runtime/CommonSlowPaths.cpp:606:22 (jsc+0x139d5df)
    #18 llint_op_add LowLevelInterpreter.cpp (jsc+0x1df6c7d)
    #19 JSC::evaluate(JSC::JSGlobalObject*, JSC::SourceCode const&, JSC::JSValue, WTF::NakedPtr<JSC::Exception>&) /root/WebKit/Source/JavaScriptCore/runtime/Completion.cpp:145:37 (jsc+0x13b6e85)
    #20 runWithOptions(GlobalObject*, CommandLine&, bool&) /root/WebKit/Source/JavaScriptCore/jsc.cpp:3957:35 (jsc+0x1caec5)
    #21 jscmain(int, char**)::$_0::operator()(JSC::VM&, GlobalObject*, bool&) const /root/WebKit/Source/JavaScriptCore/jsc.cpp:4686:13 (jsc+0x1caec5)
    #22 int runJSC<jscmain(int, char**)::$_0>(CommandLine const&, bool, jscmain(int, char**)::$_0 const&) /root/WebKit/Source/JavaScriptCore/jsc.cpp:4472:13 (jsc+0x1caec5)
    #23 jscmain(int, char**) /root/WebKit/Source/JavaScriptCore/jsc.cpp:4679:18 (jsc+0x1caec5)
    #24 main /root/WebKit/Source/JavaScriptCore/jsc.cpp:3715:15 (jsc+0x1c9743)

  Thread T5 'JS Thread' (tid=2019034, running) created by main thread at:
    #0 pthread_create /home/runner/work/llvm-project/llvm-project/compiler-rt/lib/tsan/rtl/tsan_interceptors_posix.cpp:1090:3 (jsc+0x13ff1a)
    #1 WTF::Thread::establishHandle(WTF::Thread::NewThreadContext&, WTF::StackAllocationSpecification, WTF::ThreadQOS, WTF::ThreadSchedulingPolicy) /root/WebKit/Source/WTF/wtf/posix/ThreadingPOSIX.cpp:354:17 (jsc+0x25faae5)
    #2 WTF::Thread::create(WTF::ASCIILiteral, WTF::Function<void ()>&&, WTF::ThreadType, WTF::ThreadQOS, WTF::ThreadSchedulingPolicy, WTF::StackAllocationSpecification) /root/WebKit/Source/WTF/wtf/Threading.cpp:330:32 (jsc+0x259e583)
    #3 JSC::constructThread(JSC::JSGlobalObject*, JSC::CallFrame*) /root/WebKit/Source/JavaScriptCore/runtime/ThreadObject.cpp:467:5 (jsc+0x198a6df)
    #4 <null> <null> (0x7f7ce7dff217)
    #5 JSC::evaluate(JSC::JSGlobalObject*, JSC::SourceCode const&, JSC::JSValue, WTF::NakedPtr<JSC::Exception>&) /root/WebKit/Source/JavaScriptCore/runtime/Completion.cpp:145:37 (jsc+0x13b6e85)
    #6 runWithOptions(GlobalObject*, CommandLine&, bool&) /root/WebKit/Source/JavaScriptCore/jsc.cpp:3957:35 (jsc+0x1caec5)
    #7 jscmain(int, char**)::$_0::operator()(JSC::VM&, GlobalObject*, bool&) const /root/WebKit/Source/JavaScriptCore/jsc.cpp:4686:13 (jsc+0x1caec5)
    #8 int runJSC<jscmain(int, char**)::$_0>(CommandLine const&, bool, jscmain(int, char**)::$_0 const&) /root/WebKit/Source/JavaScriptCore/jsc.cpp:4472:13 (jsc+0x1caec5)
    #9 jscmain(int, char**) /root/WebKit/Source/JavaScriptCore/jsc.cpp:4679:18 (jsc+0x1caec5)
    #10 main /root/WebKit/Source/JavaScriptCore/jsc.cpp:3715:15 (jsc+0x1c9743)

SUMMARY: ThreadSanitizer: data race /root/WebKit/WebKitBuild/TSan/WTF/Headers/wtf/Atomics.h:55:100 in WTF::Atomic<unsigned long>::load(std::memory_order) const
==================
==================
WARNING: ThreadSanitizer: data race (pid=2018920)
  Atomic read of size 4 at 0x720800016cf0 by thread T5:
    #0 std::__atomic_base<unsigned int>::load(std::memory_order) const /usr/lib/gcc/x86_64-amazon-linux/14/../../../../include/c++/14/bits/atomic_base.h:501:9 (jsc+0x7d8394)
    #1 WTF::StringImplShape::hashAndFlags() const /root/WebKit/WebKitBuild/TSan/WTF/Headers/wtf/text/StringImpl.h:191:59 (jsc+0x7d8394)
    #2 WTF::StringImpl::is8Bit() const /root/WebKit/WebKitBuild/TSan/WTF/Headers/wtf/text/StringImpl.h:346:34 (jsc+0x7d8394)
    #3 WTF::String::is8Bit() const /root/WebKit/WebKitBuild/TSan/WTF/Headers/wtf/text/WTFString.h:127:53 (jsc+0x7d8394)
    #4 WTF::StringView::StringView(WTF::String const&) /root/WebKit/WebKitBuild/TSan/WTF/Headers/wtf/text/StringView.h:474:16 (jsc+0x7d8394)
    #5 JSC::JSString::view(JSC::JSGlobalObject*) const /root/WebKit/WebKitBuild/TSan/JavaScriptCore/PrivateHeaders/JavaScriptCore/JSString.h:1269:20 (jsc+0x7d8394)
    #6 JSC::RegExpObject::matchInline(JSC::JSGlobalObject*, JSC::JSString*) /root/WebKit/Source/JavaScriptCore/runtime/RegExpObjectInlines.h:258:26 (jsc+0x7d8394)
    #7 JSC::RegExpObject::match(JSC::JSGlobalObject*, JSC::JSString*) /root/WebKit/Source/JavaScriptCore/runtime/RegExpObject.cpp:167:12 (jsc+0x186c734)
    #8 JSC::RegExpObject::test(JSC::JSGlobalObject*, JSC::JSString*) /root/WebKit/Source/JavaScriptCore/runtime/RegExpObject.h:107:74 (jsc+0x186c734)
    #9 JSC::regExpProtoFuncTest(JSC::JSGlobalObject*, JSC::CallFrame*) /root/WebKit/Source/JavaScriptCore/runtime/RegExpPrototype.cpp:168:13 (jsc+0x186c734)
    #10 <null> <null> (0x7f7ce7dff157)
    #11 JSC::Interpreter::executeCall(JSC::JSObject*, JSC::CallData const&, JSC::JSValue, JSC::JSCell*, JSC::ArgList const&) /root/WebKit/Source/JavaScriptCore/interpreter/Interpreter.cpp (jsc+0xe81f6d)
    #12 JSC::call(JSC::JSGlobalObject*, JSC::JSValue, JSC::CallData const&, JSC::JSValue, JSC::ArgList const&) /root/WebKit/Source/JavaScriptCore/runtime/CallData.cpp:70:27 (jsc+0x1354881)
    #13 JSC::call(JSC::JSGlobalObject*, JSC::JSValue, JSC::CallData const&, JSC::JSValue, JSC::ArgList const&, WTF::NakedPtr<JSC::Exception>&) /root/WebKit/Source/JavaScriptCore/runtime/CallData.cpp:77:22 (jsc+0x1354881)
    #14 JSC::threadMain(JSC::VM&, WTF::Ref<JSC::ThreadState, WTF::RawPtrTraits<JSC::ThreadState>, WTF::DefaultRefDerefTraits<JSC::ThreadState>>) /root/WebKit/Source/JavaScriptCore/runtime/ThreadObject.cpp:241:30 (jsc+0x19922bc)
    #15 JSC::constructThread(JSC::JSGlobalObject*, JSC::CallFrame*)::$_0::operator()() /root/WebKit/Source/JavaScriptCore/runtime/ThreadObject.cpp:468:9 (jsc+0x19922bc)
    #16 WTF::Detail::CallableWrapper<JSC::constructThread(JSC::JSGlobalObject*, JSC::CallFrame*)::$_0, void>::call() /root/WebKit/WebKitBuild/TSan/WTF/Headers/wtf/Function.h:59:39 (jsc+0x19922bc)
    #17 WTF::Function<void ()>::operator()() const /root/WebKit/Source/WTF/wtf/Function.h:103:35 (jsc+0x259e245)
    #18 WTF::Thread::entryPoint(WTF::Thread::NewThreadContext*) /root/WebKit/Source/WTF/wtf/Threading.cpp:312:5 (jsc+0x259e245)
    #19 WTF::wtfThreadEntryPoint(void*) /root/WebKit/Source/WTF/wtf/posix/ThreadingPOSIX.cpp:264:5 (jsc+0x25fabf9)

  Previous write of size 8 at 0x720800016cf0 by main thread:
    #0 malloc /home/runner/work/llvm-project/llvm-project/compiler-rt/lib/tsan/rtl/tsan_interceptors_posix.cpp:682:5 (jsc+0x13dc20)
    #1 bmalloc::api::tryMalloc(unsigned long, bmalloc::CompactAllocationMode, bmalloc::HeapKind) /root/WebKit/WebKitBuild/TSan/bmalloc/Headers/bmalloc/bmalloc.h:76:12 (jsc+0x25812dd)
    #2 WTF::tryFastCompactMalloc(unsigned long) /root/WebKit/Source/WTF/wtf/FastMalloc.cpp:566:20 (jsc+0x25812dd)
    #3 WTF::FastCompactMalloc::tryMalloc(unsigned long) /root/WebKit/WebKitBuild/TSan/WTF/Headers/wtf/FastMalloc.h:291:23 (jsc+0x7c6ee9)
    #4 WTF::RefPtr<WTF::StringImpl, WTF::RawPtrTraits<WTF::StringImpl>, WTF::DefaultRefDerefTraits<WTF::StringImpl>> WTF::StringImpl::tryCreateUninitialized<unsigned char>(unsigned long, std::span<unsigned char, 18446744073709551615ul>&) /root/WebKit/WebKitBuild/TSan/WTF/Headers/wtf/text/StringImpl.h:1201:64 (jsc+0x7c6ee9)
    #5 WTF::RefPtr<WTF::StringImpl, WTF::RawPtrTraits<WTF::StringImpl>, WTF::DefaultRefDerefTraits<WTF::StringImpl>> WTF::tryMakeStringImplFromAdaptersInternal<WTF::StringTypeAdapter<WTF::String>, WTF::StringTypeAdapter<WTF::String>>(unsigned int, bool, WTF::StringTypeAdapter<WTF::String>, WTF::StringTypeAdapter<WTF::String>) /root/WebKit/WebKitBuild/TSan/WTF/Headers/wtf/text/MakeString.h:49:25 (jsc+0x7c6ee9)
    #6 WTF::String WTF::tryMakeStringFromAdapters<WTF::StringTypeAdapter<WTF::String>, WTF::StringTypeAdapter<WTF::String>>(WTF::StringTypeAdapter<WTF::String>&&, WTF::StringTypeAdapter<WTF::String>&&) /root/WebKit/WebKitBuild/TSan/WTF/Headers/wtf/text/MakeString.h:85:16 (jsc+0x7c6a93)
    #7 WTF::String WTF::tryMakeString<WTF::String, WTF::String>(WTF::String, WTF::String const&...) /root/WebKit/WebKitBuild/TSan/WTF/Headers/wtf/text/MakeString.h:92:12 (jsc+0x7c6a93)
    #8 JSC::jsString(JSC::JSGlobalObject*, JSC::JSString*, WTF::String const&) /root/WebKit/Source/JavaScriptCore/runtime/OperationsInlines.h:136:24 (jsc+0x7c6a93)
    #9 JSC::jsAddNonNumber(JSC::JSGlobalObject*, JSC::JSValue, JSC::JSValue) /root/WebKit/Source/JavaScriptCore/runtime/OperationsInlines.h:555:9 (jsc+0x75045f)
    #10 JSC::jsAdd(JSC::JSGlobalObject*, JSC::JSValue, JSC::JSValue) /root/WebKit/Source/JavaScriptCore/runtime/OperationsInlines.h:567:12 (jsc+0xfc9e18)
    #11 JSC::profiledAdd(JSC::JSGlobalObject*, JSC::JSValue, JSC::JSValue, JSC::BinaryArithProfile&) /root/WebKit/Source/JavaScriptCore/jit/JITOperations.cpp:126:22 (jsc+0xfc9e18)
    #12 operationValueAddProfiled /root/WebKit/Source/JavaScriptCore/jit/JITOperations.cpp:5049:5 (jsc+0xfc9e18)
    #13 <null> <null> (0x7f7ce7e06bab)
    #14 JSC::evaluate(JSC::JSGlobalObject*, JSC::SourceCode const&, JSC::JSValue, WTF::NakedPtr<JSC::Exception>&) /root/WebKit/Source/JavaScriptCore/runtime/Completion.cpp:145:37 (jsc+0x13b6e85)
    #15 runWithOptions(GlobalObject*, CommandLine&, bool&) /root/WebKit/Source/JavaScriptCore/jsc.cpp:3957:35 (jsc+0x1caec5)
    #16 jscmain(int, char**)::$_0::operator()(JSC::VM&, GlobalObject*, bool&) const /root/WebKit/Source/JavaScriptCore/jsc.cpp:4686:13 (jsc+0x1caec5)
    #17 int runJSC<jscmain(int, char**)::$_0>(CommandLine const&, bool, jscmain(int, char**)::$_0 const&) /root/WebKit/Source/JavaScriptCore/jsc.cpp:4472:13 (jsc+0x1caec5)
    #18 jscmain(int, char**) /root/WebKit/Source/JavaScriptCore/jsc.cpp:4679:18 (jsc+0x1caec5)
    #19 main /root/WebKit/Source/JavaScriptCore/jsc.cpp:3715:15 (jsc+0x1c9743)

  Location is heap block of size 24 at 0x720800016ce0 allocated by main thread:
    #0 malloc /home/runner/work/llvm-project/llvm-project/compiler-rt/lib/tsan/rtl/tsan_interceptors_posix.cpp:682:5 (jsc+0x13dc20)
    #1 bmalloc::api::tryMalloc(unsigned long, bmalloc::CompactAllocationMode, bmalloc::HeapKind) /root/WebKit/WebKitBuild/TSan/bmalloc/Headers/bmalloc/bmalloc.h:76:12 (jsc+0x25812dd)
    #2 WTF::tryFastCompactMalloc(unsigned long) /root/WebKit/Source/WTF/wtf/FastMalloc.cpp:566:20 (jsc+0x25812dd)
    #3 WTF::FastCompactMalloc::tryMalloc(unsigned long) /root/WebKit/WebKitBuild/TSan/WTF/Headers/wtf/FastMalloc.h:291:23 (jsc+0x7c6ee9)
    #4 WTF::RefPtr<WTF::StringImpl, WTF::RawPtrTraits<WTF::StringImpl>, WTF::DefaultRefDerefTraits<WTF::StringImpl>> WTF::StringImpl::tryCreateUninitialized<unsigned char>(unsigned long, std::span<unsigned char, 18446744073709551615ul>&) /root/WebKit/WebKitBuild/TSan/WTF/Headers/wtf/text/StringImpl.h:1201:64 (jsc+0x7c6ee9)
    #5 WTF::RefPtr<WTF::StringImpl, WTF::RawPtrTraits<WTF::StringImpl>, WTF::DefaultRefDerefTraits<WTF::StringImpl>> WTF::tryMakeStringImplFromAdaptersInternal<WTF::StringTypeAdapter<WTF::String>, WTF::StringTypeAdapter<WTF::String>>(unsigned int, bool, WTF::StringTypeAdapter<WTF::String>, WTF::StringTypeAdapter<WTF::String>) /root/WebKit/WebKitBuild/TSan/WTF/Headers/wtf/text/MakeString.h:49:25 (jsc+0x7c6ee9)
    #6 WTF::String WTF::tryMakeStringFromAdapters<WTF::StringTypeAdapter<WTF::String>, WTF::StringTypeAdapter<WTF::String>>(WTF::StringTypeAdapter<WTF::String>&&, WTF::StringTypeAdapter<WTF::String>&&) /root/WebKit/WebKitBuild/TSan/WTF/Headers/wtf/text/MakeString.h:85:16 (jsc+0x7c6a93)
    #7 WTF::String WTF::tryMakeString<WTF::String, WTF::String>(WTF::String, WTF::String const&...) /root/WebKit/WebKitBuild/TSan/WTF/Headers/wtf/text/MakeString.h:92:12 (jsc+0x7c6a93)
    #8 JSC::jsString(JSC::JSGlobalObject*, JSC::JSString*, WTF::String const&) /root/WebKit/Source/JavaScriptCore/runtime/OperationsInlines.h:136:24 (jsc+0x7c6a93)
    #9 JSC::jsAddNonNumber(JSC::JSGlobalObject*, JSC::JSValue, JSC::JSValue) /root/WebKit/Source/JavaScriptCore/runtime/OperationsInlines.h:555:9 (jsc+0x75045f)
    #10 JSC::jsAdd(JSC::JSGlobalObject*, JSC::JSValue, JSC::JSValue) /root/WebKit/Source/JavaScriptCore/runtime/OperationsInlines.h:567:12 (jsc+0xfc9e18)
    #11 JSC::profiledAdd(JSC::JSGlobalObject*, JSC::JSValue, JSC::JSValue, JSC::BinaryArithProfile&) /root/WebKit/Source/JavaScriptCore/jit/JITOperations.cpp:126:22 (jsc+0xfc9e18)
    #12 operationValueAddProfiled /root/WebKit/Source/JavaScriptCore/jit/JITOperations.cpp:5049:5 (jsc+0xfc9e18)
    #13 <null> <null> (0x7f7ce7e06bab)
    #14 JSC::evaluate(JSC::JSGlobalObject*, JSC::SourceCode const&, JSC::JSValue, WTF::NakedPtr<JSC::Exception>&) /root/WebKit/Source/JavaScriptCore/runtime/Completion.cpp:145:37 (jsc+0x13b6e85)
    #15 runWithOptions(GlobalObject*, CommandLine&, bool&) /root/WebKit/Source/JavaScriptCore/jsc.cpp:3957:35 (jsc+0x1caec5)
    #16 jscmain(int, char**)::$_0::operator()(JSC::VM&, GlobalObject*, bool&) const /root/WebKit/Source/JavaScriptCore/jsc.cpp:4686:13 (jsc+0x1caec5)
    #17 int runJSC<jscmain(int, char**)::$_0>(CommandLine const&, bool, jscmain(int, char**)::$_0 const&) /root/WebKit/Source/JavaScriptCore/jsc.cpp:4472:13 (jsc+0x1caec5)
    #18 jscmain(int, char**) /root/WebKit/Source/JavaScriptCore/jsc.cpp:4679:18 (jsc+0x1caec5)
    #19 main /root/WebKit/Source/JavaScriptCore/jsc.cpp:3715:15 (jsc+0x1c9743)

  Thread T5 'JS Thread' (tid=2019034, running) created by main thread at:
    #0 pthread_create /home/runner/work/llvm-project/llvm-project/compiler-rt/lib/tsan/rtl/tsan_interceptors_posix.cpp:1090:3 (jsc+0x13ff1a)
    #1 WTF::Thread::establishHandle(WTF::Thread::NewThreadContext&, WTF::StackAllocationSpecification, WTF::ThreadQOS, WTF::ThreadSchedulingPolicy) /root/WebKit/Source/WTF/wtf/posix/ThreadingPOSIX.cpp:354:17 (jsc+0x25faae5)
    #2 WTF::Thread::create(WTF::ASCIILiteral, WTF::Function<void ()>&&, WTF::ThreadType, WTF::ThreadQOS, WTF::ThreadSchedulingPolicy, WTF::StackAllocationSpecification) /root/WebKit/Source/WTF/wtf/Threading.cpp:330:32 (jsc+0x259e583)
    #3 JSC::constructThread(JSC::JSGlobalObject*, JSC::CallFrame*) /root/WebKit/Source/JavaScriptCore/runtime/ThreadObject.cpp:467:5 (jsc+0x198a6df)
    #4 <null> <null> (0x7f7ce7dff217)
    #5 JSC::evaluate(JSC::JSGlobalObject*, JSC::SourceCode const&, JSC::JSValue, WTF::NakedPtr<JSC::Exception>&) /root/WebKit/Source/JavaScriptCore/runtime/Completion.cpp:145:37 (jsc+0x13b6e85)
    #6 runWithOptions(GlobalObject*, CommandLine&, bool&) /root/WebKit/Source/JavaScriptCore/jsc.cpp:3957:35 (jsc+0x1caec5)
    #7 jscmain(int, char**)::$_0::operator()(JSC::VM&, GlobalObject*, bool&) const /root/WebKit/Source/JavaScriptCore/jsc.cpp:4686:13 (jsc+0x1caec5)
    #8 int runJSC<jscmain(int, char**)::$_0>(CommandLine const&, bool, jscmain(int, char**)::$_0 const&) /root/WebKit/Source/JavaScriptCore/jsc.cpp:4472:13 (jsc+0x1caec5)
    #9 jscmain(int, char**) /root/WebKit/Source/JavaScriptCore/jsc.cpp:4679:18 (jsc+0x1caec5)
    #10 main /root/WebKit/Source/JavaScriptCore/jsc.cpp:3715:15 (jsc+0x1c9743)

SUMMARY: ThreadSanitizer: data race /root/WebKit/WebKitBuild/TSan/WTF/Headers/wtf/text/StringImpl.h:191:59 in WTF::StringImplShape::hashAndFlags() const
==================
==================
WARNING: ThreadSanitizer: data race (pid=2018920)
  Read of size 8 at 0x720800016ce8 by thread T5:
    #0 WTF::StringView::StringView(WTF::String const&) /root/WebKit/WebKitBuild/TSan/WTF/Headers/wtf/text/StringView.h (jsc+0x7d839f)
    #1 JSC::JSString::view(JSC::JSGlobalObject*) const /root/WebKit/WebKitBuild/TSan/JavaScriptCore/PrivateHeaders/JavaScriptCore/JSString.h:1269:20 (jsc+0x7d839f)
    #2 JSC::RegExpObject::matchInline(JSC::JSGlobalObject*, JSC::JSString*) /root/WebKit/Source/JavaScriptCore/runtime/RegExpObjectInlines.h:258:26 (jsc+0x7d839f)
    #3 JSC::RegExpObject::match(JSC::JSGlobalObject*, JSC::JSString*) /root/WebKit/Source/JavaScriptCore/runtime/RegExpObject.cpp:167:12 (jsc+0x186c734)
    #4 JSC::RegExpObject::test(JSC::JSGlobalObject*, JSC::JSString*) /root/WebKit/Source/JavaScriptCore/runtime/RegExpObject.h:107:74 (jsc+0x186c734)
    #5 JSC::regExpProtoFuncTest(JSC::JSGlobalObject*, JSC::CallFrame*) /root/WebKit/Source/JavaScriptCore/runtime/RegExpPrototype.cpp:168:13 (jsc+0x186c734)
    #6 <null> <null> (0x7f7ce7dff157)
    #7 JSC::Interpreter::executeCall(JSC::JSObject*, JSC::CallData const&, JSC::JSValue, JSC::JSCell*, JSC::ArgList const&) /root/WebKit/Source/JavaScriptCore/interpreter/Interpreter.cpp (jsc+0xe81f6d)
    #8 JSC::call(JSC::JSGlobalObject*, JSC::JSValue, JSC::CallData const&, JSC::JSValue, JSC::ArgList const&) /root/WebKit/Source/JavaScriptCore/runtime/CallData.cpp:70:27 (jsc+0x1354881)
    #9 JSC::call(JSC::JSGlobalObject*, JSC::JSValue, JSC::CallData const&, JSC::JSValue, JSC::ArgList const&, WTF::NakedPtr<JSC::Exception>&) /root/WebKit/Source/JavaScriptCore/runtime/CallData.cpp:77:22 (jsc+0x1354881)
    #10 JSC::threadMain(JSC::VM&, WTF::Ref<JSC::ThreadState, WTF::RawPtrTraits<JSC::ThreadState>, WTF::DefaultRefDerefTraits<JSC::ThreadState>>) /root/WebKit/Source/JavaScriptCore/runtime/ThreadObject.cpp:241:30 (jsc+0x19922bc)
    #11 JSC::constructThread(JSC::JSGlobalObject*, JSC::CallFrame*)::$_0::operator()() /root/WebKit/Source/JavaScriptCore/runtime/ThreadObject.cpp:468:9 (jsc+0x19922bc)
    #12 WTF::Detail::CallableWrapper<JSC::constructThread(JSC::JSGlobalObject*, JSC::CallFrame*)::$_0, void>::call() /root/WebKit/WebKitBuild/TSan/WTF/Headers/wtf/Function.h:59:39 (jsc+0x19922bc)
    #13 WTF::Function<void ()>::operator()() const /root/WebKit/Source/WTF/wtf/Function.h:103:35 (jsc+0x259e245)
    #14 WTF::Thread::entryPoint(WTF::Thread::NewThreadContext*) /root/WebKit/Source/WTF/wtf/Threading.cpp:312:5 (jsc+0x259e245)
    #15 WTF::wtfThreadEntryPoint(void*) /root/WebKit/Source/WTF/wtf/posix/ThreadingPOSIX.cpp:264:5 (jsc+0x25fabf9)

  Previous write of size 8 at 0x720800016ce8 by main thread:
    #0 malloc /home/runner/work/llvm-project/llvm-project/compiler-rt/lib/tsan/rtl/tsan_interceptors_posix.cpp:682:5 (jsc+0x13dc20)
    #1 bmalloc::api::tryMalloc(unsigned long, bmalloc::CompactAllocationMode, bmalloc::HeapKind) /root/WebKit/WebKitBuild/TSan/bmalloc/Headers/bmalloc/bmalloc.h:76:12 (jsc+0x25812dd)
    #2 WTF::tryFastCompactMalloc(unsigned long) /root/WebKit/Source/WTF/wtf/FastMalloc.cpp:566:20 (jsc+0x25812dd)
    #3 WTF::FastCompactMalloc::tryMalloc(unsigned long) /root/WebKit/WebKitBuild/TSan/WTF/Headers/wtf/FastMalloc.h:291:23 (jsc+0x7c6ee9)
    #4 WTF::RefPtr<WTF::StringImpl, WTF::RawPtrTraits<WTF::StringImpl>, WTF::DefaultRefDerefTraits<WTF::StringImpl>> WTF::StringImpl::tryCreateUninitialized<unsigned char>(unsigned long, std::span<unsigned char, 18446744073709551615ul>&) /root/WebKit/WebKitBuild/TSan/WTF/Headers/wtf/text/StringImpl.h:1201:64 (jsc+0x7c6ee9)
    #5 WTF::RefPtr<WTF::StringImpl, WTF::RawPtrTraits<WTF::StringImpl>, WTF::DefaultRefDerefTraits<WTF::StringImpl>> WTF::tryMakeStringImplFromAdaptersInternal<WTF::StringTypeAdapter<WTF::String>, WTF::StringTypeAdapter<WTF::String>>(unsigned int, bool, WTF::StringTypeAdapter<WTF::String>, WTF::StringTypeAdapter<WTF::String>) /root/WebKit/WebKitBuild/TSan/WTF/Headers/wtf/text/MakeString.h:49:25 (jsc+0x7c6ee9)
    #6 WTF::String WTF::tryMakeStringFromAdapters<WTF::StringTypeAdapter<WTF::String>, WTF::StringTypeAdapter<WTF::String>>(WTF::StringTypeAdapter<WTF::String>&&, WTF::StringTypeAdapter<WTF::String>&&) /root/WebKit/WebKitBuild/TSan/WTF/Headers/wtf/text/MakeString.h:85:16 (jsc+0x7c6a93)
    #7 WTF::String WTF::tryMakeString<WTF::String, WTF::String>(WTF::String, WTF::String const&...) /root/WebKit/WebKitBuild/TSan/WTF/Headers/wtf/text/MakeString.h:92:12 (jsc+0x7c6a93)
    #8 JSC::jsString(JSC::JSGlobalObject*, JSC::JSString*, WTF::String const&) /root/WebKit/Source/JavaScriptCore/runtime/OperationsInlines.h:136:24 (jsc+0x7c6a93)
    #9 JSC::jsAddNonNumber(JSC::JSGlobalObject*, JSC::JSValue, JSC::JSValue) /root/WebKit/Source/JavaScriptCore/runtime/OperationsInlines.h:555:9 (jsc+0x75045f)
    #10 JSC::jsAdd(JSC::JSGlobalObject*, JSC::JSValue, JSC::JSValue) /root/WebKit/Source/JavaScriptCore/runtime/OperationsInlines.h:567:12 (jsc+0xfc9e18)
    #11 JSC::profiledAdd(JSC::JSGlobalObject*, JSC::JSValue, JSC::JSValue, JSC::BinaryArithProfile&) /root/WebKit/Source/JavaScriptCore/jit/JITOperations.cpp:126:22 (jsc+0xfc9e18)
    #12 operationValueAddProfiled /root/WebKit/Source/JavaScriptCore/jit/JITOperations.cpp:5049:5 (jsc+0xfc9e18)
    #13 <null> <null> (0x7f7ce7e06bab)
    #14 JSC::evaluate(JSC::JSGlobalObject*, JSC::SourceCode const&, JSC::JSValue, WTF::NakedPtr<JSC::Exception>&) /root/WebKit/Source/JavaScriptCore/runtime/Completion.cpp:145:37 (jsc+0x13b6e85)
    #15 runWithOptions(GlobalObject*, CommandLine&, bool&) /root/WebKit/Source/JavaScriptCore/jsc.cpp:3957:35 (jsc+0x1caec5)
    #16 jscmain(int, char**)::$_0::operator()(JSC::VM&, GlobalObject*, bool&) const /root/WebKit/Source/JavaScriptCore/jsc.cpp:4686:13 (jsc+0x1caec5)
    #17 int runJSC<jscmain(int, char**)::$_0>(CommandLine const&, bool, jscmain(int, char**)::$_0 const&) /root/WebKit/Source/JavaScriptCore/jsc.cpp:4472:13 (jsc+0x1caec5)
    #18 jscmain(int, char**) /root/WebKit/Source/JavaScriptCore/jsc.cpp:4679:18 (jsc+0x1caec5)
    #19 main /root/WebKit/Source/JavaScriptCore/jsc.cpp:3715:15 (jsc+0x1c9743)

  Location is heap block of size 24 at 0x720800016ce0 allocated by main thread:
    #0 malloc /home/runner/work/llvm-project/llvm-project/compiler-rt/lib/tsan/rtl/tsan_interceptors_posix.cpp:682:5 (jsc+0x13dc20)
    #1 bmalloc::api::tryMalloc(unsigned long, bmalloc::CompactAllocationMode, bmalloc::HeapKind) /root/WebKit/WebKitBuild/TSan/bmalloc/Headers/bmalloc/bmalloc.h:76:12 (jsc+0x25812dd)
    #2 WTF::tryFastCompactMalloc(unsigned long) /root/WebKit/Source/WTF/wtf/FastMalloc.cpp:566:20 (jsc+0x25812dd)
    #3 WTF::FastCompactMalloc::tryMalloc(unsigned long) /root/WebKit/WebKitBuild/TSan/WTF/Headers/wtf/FastMalloc.h:291:23 (jsc+0x7c6ee9)
    #4 WTF::RefPtr<WTF::StringImpl, WTF::RawPtrTraits<WTF::StringImpl>, WTF::DefaultRefDerefTraits<WTF::StringImpl>> WTF::StringImpl::tryCreateUninitialized<unsigned char>(unsigned long, std::span<unsigned char, 18446744073709551615ul>&) /root/WebKit/WebKitBuild/TSan/WTF/Headers/wtf/text/StringImpl.h:1201:64 (jsc+0x7c6ee9)
    #5 WTF::RefPtr<WTF::StringImpl, WTF::RawPtrTraits<WTF::StringImpl>, WTF::DefaultRefDerefTraits<WTF::StringImpl>> WTF::tryMakeStringImplFromAdaptersInternal<WTF::StringTypeAdapter<WTF::String>, WTF::StringTypeAdapter<WTF::String>>(unsigned int, bool, WTF::StringTypeAdapter<WTF::String>, WTF::StringTypeAdapter<WTF::String>) /root/WebKit/WebKitBuild/TSan/WTF/Headers/wtf/text/MakeString.h:49:25 (jsc+0x7c6ee9)
    #6 WTF::String WTF::tryMakeStringFromAdapters<WTF::StringTypeAdapter<WTF::String>, WTF::StringTypeAdapter<WTF::String>>(WTF::StringTypeAdapter<WTF::String>&&, WTF::StringTypeAdapter<WTF::String>&&) /root/WebKit/WebKitBuild/TSan/WTF/Headers/wtf/text/MakeString.h:85:16 (jsc+0x7c6a93)
    #7 WTF::String WTF::tryMakeString<WTF::String, WTF::String>(WTF::String, WTF::String const&...) /root/WebKit/WebKitBuild/TSan/WTF/Headers/wtf/text/MakeString.h:92:12 (jsc+0x7c6a93)
    #8 JSC::jsString(JSC::JSGlobalObject*, JSC::JSString*, WTF::String const&) /root/WebKit/Source/JavaScriptCore/runtime/OperationsInlines.h:136:24 (jsc+0x7c6a93)
    #9 JSC::jsAddNonNumber(JSC::JSGlobalObject*, JSC::JSValue, JSC::JSValue) /root/WebKit/Source/JavaScriptCore/runtime/OperationsInlines.h:555:9 (jsc+0x75045f)
    #10 JSC::jsAdd(JSC::JSGlobalObject*, JSC::JSValue, JSC::JSValue) /root/WebKit/Source/JavaScriptCore/runtime/OperationsInlines.h:567:12 (jsc+0xfc9e18)
    #11 JSC::profiledAdd(JSC::JSGlobalObject*, JSC::JSValue, JSC::JSValue, JSC::BinaryArithProfile&) /root/WebKit/Source/JavaScriptCore/jit/JITOperations.cpp:126:22 (jsc+0xfc9e18)
    #12 operationValueAddProfiled /root/WebKit/Source/JavaScriptCore/jit/JITOperations.cpp:5049:5 (jsc+0xfc9e18)
    #13 <null> <null> (0x7f7ce7e06bab)
    #14 JSC::evaluate(JSC::JSGlobalObject*, JSC::SourceCode const&, JSC::JSValue, WTF::NakedPtr<JSC::Exception>&) /root/WebKit/Source/JavaScriptCore/runtime/Completion.cpp:145:37 (jsc+0x13b6e85)
    #15 runWithOptions(GlobalObject*, CommandLine&, bool&) /root/WebKit/Source/JavaScriptCore/jsc.cpp:3957:35 (jsc+0x1caec5)
    #16 jscmain(int, char**)::$_0::operator()(JSC::VM&, GlobalObject*, bool&) const /root/WebKit/Source/JavaScriptCore/jsc.cpp:4686:13 (jsc+0x1caec5)
    #17 int runJSC<jscmain(int, char**)::$_0>(CommandLine const&, bool, jscmain(int, char**)::$_0 const&) /root/WebKit/Source/JavaScriptCore/jsc.cpp:4472:13 (jsc+0x1caec5)
    #18 jscmain(int, char**) /root/WebKit/Source/JavaScriptCore/jsc.cpp:4679:18 (jsc+0x1caec5)
    #19 main /root/WebKit/Source/JavaScriptCore/jsc.cpp:3715:15 (jsc+0x1c9743)

  Thread T5 'JS Thread' (tid=2019034, running) created by main thread at:
    #0 pthread_create /home/runner/work/llvm-project/llvm-project/compiler-rt/lib/tsan/rtl/tsan_interceptors_posix.cpp:1090:3 (jsc+0x13ff1a)
    #1 WTF::Thread::establishHandle(WTF::Thread::NewThreadContext&, WTF::StackAllocationSpecification, WTF::ThreadQOS, WTF::ThreadSchedulingPolicy) /root/WebKit/Source/WTF/wtf/posix/ThreadingPOSIX.cpp:354:17 (jsc+0x25faae5)
    #2 WTF::Thread::create(WTF::ASCIILiteral, WTF::Function<void ()>&&, WTF::ThreadType, WTF::ThreadQOS, WTF::ThreadSchedulingPolicy, WTF::StackAllocationSpecification) /root/WebKit/Source/WTF/wtf/Threading.cpp:330:32 (jsc+0x259e583)
    #3 JSC::constructThread(JSC::JSGlobalObject*, JSC::CallFrame*) /root/WebKit/Source/JavaScriptCore/runtime/ThreadObject.cpp:467:5 (jsc+0x198a6df)
    #4 <null> <null> (0x7f7ce7dff217)
    #5 JSC::evaluate(JSC::JSGlobalObject*, JSC::SourceCode const&, JSC::JSValue, WTF::NakedPtr<JSC::Exception>&) /root/WebKit/Source/JavaScriptCore/runtime/Completion.cpp:145:37 (jsc+0x13b6e85)
    #6 runWithOptions(GlobalObject*, CommandLine&, bool&) /root/WebKit/Source/JavaScriptCore/jsc.cpp:3957:35 (jsc+0x1caec5)
    #7 jscmain(int, char**)::$_0::operator()(JSC::VM&, GlobalObject*, bool&) const /root/WebKit/Source/JavaScriptCore/jsc.cpp:4686:13 (jsc+0x1caec5)
    #8 int runJSC<jscmain(int, char**)::$_0>(CommandLine const&, bool, jscmain(int, char**)::$_0 const&) /root/WebKit/Source/JavaScriptCore/jsc.cpp:4472:13 (jsc+0x1caec5)
    #9 jscmain(int, char**) /root/WebKit/Source/JavaScriptCore/jsc.cpp:4679:18 (jsc+0x1caec5)
    #10 main /root/WebKit/Source/JavaScriptCore/jsc.cpp:3715:15 (jsc+0x1c9743)

SUMMARY: ThreadSanitizer: data race /root/WebKit/WebKitBuild/TSan/WTF/Headers/wtf/text/StringView.h in WTF::StringView::StringView(WTF::String const&)
==================
==================
WARNING: ThreadSanitizer: data race (pid=2018920)
  Read of size 4 at 0x720800016ce4 by thread T5:
    #0 WTF::StringView::StringView(WTF::String const&) /root/WebKit/WebKitBuild/TSan/WTF/Headers/wtf/text/StringView.h (jsc+0x7d83af)
    #1 JSC::JSString::view(JSC::JSGlobalObject*) const /root/WebKit/WebKitBuild/TSan/JavaScriptCore/PrivateHeaders/JavaScriptCore/JSString.h:1269:20 (jsc+0x7d83af)
    #2 JSC::RegExpObject::matchInline(JSC::JSGlobalObject*, JSC::JSString*) /root/WebKit/Source/JavaScriptCore/runtime/RegExpObjectInlines.h:258:26 (jsc+0x7d83af)
    #3 JSC::RegExpObject::match(JSC::JSGlobalObject*, JSC::JSString*) /root/WebKit/Source/JavaScriptCore/runtime/RegExpObject.cpp:167:12 (jsc+0x186c734)
    #4 JSC::RegExpObject::test(JSC::JSGlobalObject*, JSC::JSString*) /root/WebKit/Source/JavaScriptCore/runtime/RegExpObject.h:107:74 (jsc+0x186c734)
    #5 JSC::regExpProtoFuncTest(JSC::JSGlobalObject*, JSC::CallFrame*) /root/WebKit/Source/JavaScriptCore/runtime/RegExpPrototype.cpp:168:13 (jsc+0x186c734)
    #6 <null> <null> (0x7f7ce7dff157)
    #7 JSC::Interpreter::executeCall(JSC::JSObject*, JSC::CallData const&, JSC::JSValue, JSC::JSCell*, JSC::ArgList const&) /root/WebKit/Source/JavaScriptCore/interpreter/Interpreter.cpp (jsc+0xe81f6d)
    #8 JSC::call(JSC::JSGlobalObject*, JSC::JSValue, JSC::CallData const&, JSC::JSValue, JSC::ArgList const&) /root/WebKit/Source/JavaScriptCore/runtime/CallData.cpp:70:27 (jsc+0x1354881)
    #9 JSC::call(JSC::JSGlobalObject*, JSC::JSValue, JSC::CallData const&, JSC::JSValue, JSC::ArgList const&, WTF::NakedPtr<JSC::Exception>&) /root/WebKit/Source/JavaScriptCore/runtime/CallData.cpp:77:22 (jsc+0x1354881)
    #10 JSC::threadMain(JSC::VM&, WTF::Ref<JSC::ThreadState, WTF::RawPtrTraits<JSC::ThreadState>, WTF::DefaultRefDerefTraits<JSC::ThreadState>>) /root/WebKit/Source/JavaScriptCore/runtime/ThreadObject.cpp:241:30 (jsc+0x19922bc)
    #11 JSC::constructThread(JSC::JSGlobalObject*, JSC::CallFrame*)::$_0::operator()() /root/WebKit/Source/JavaScriptCore/runtime/ThreadObject.cpp:468:9 (jsc+0x19922bc)
    #12 WTF::Detail::CallableWrapper<JSC::constructThread(JSC::JSGlobalObject*, JSC::CallFrame*)::$_0, void>::call() /root/WebKit/WebKitBuild/TSan/WTF/Headers/wtf/Function.h:59:39 (jsc+0x19922bc)
    #13 WTF::Function<void ()>::operator()() const /root/WebKit/Source/WTF/wtf/Function.h:103:35 (jsc+0x259e245)
    #14 WTF::Thread::entryPoint(WTF::Thread::NewThreadContext*) /root/WebKit/Source/WTF/wtf/Threading.cpp:312:5 (jsc+0x259e245)
    #15 WTF::wtfThreadEntryPoint(void*) /root/WebKit/Source/WTF/wtf/posix/ThreadingPOSIX.cpp:264:5 (jsc+0x25fabf9)

  Previous write of size 8 at 0x720800016ce0 by main thread:
    #0 malloc /home/runner/work/llvm-project/llvm-project/compiler-rt/lib/tsan/rtl/tsan_interceptors_posix.cpp:682:5 (jsc+0x13dc20)
    #1 bmalloc::api::tryMalloc(unsigned long, bmalloc::CompactAllocationMode, bmalloc::HeapKind) /root/WebKit/WebKitBuild/TSan/bmalloc/Headers/bmalloc/bmalloc.h:76:12 (jsc+0x25812dd)
    #2 WTF::tryFastCompactMalloc(unsigned long) /root/WebKit/Source/WTF/wtf/FastMalloc.cpp:566:20 (jsc+0x25812dd)
    #3 WTF::FastCompactMalloc::tryMalloc(unsigned long) /root/WebKit/WebKitBuild/TSan/WTF/Headers/wtf/FastMalloc.h:291:23 (jsc+0x7c6ee9)
    #4 WTF::RefPtr<WTF::StringImpl, WTF::RawPtrTraits<WTF::StringImpl>, WTF::DefaultRefDerefTraits<WTF::StringImpl>> WTF::StringImpl::tryCreateUninitialized<unsigned char>(unsigned long, std::span<unsigned char, 18446744073709551615ul>&) /root/WebKit/WebKitBuild/TSan/WTF/Headers/wtf/text/StringImpl.h:1201:64 (jsc+0x7c6ee9)
    #5 WTF::RefPtr<WTF::StringImpl, WTF::RawPtrTraits<WTF::StringImpl>, WTF::DefaultRefDerefTraits<WTF::StringImpl>> WTF::tryMakeStringImplFromAdaptersInternal<WTF::StringTypeAdapter<WTF::String>, WTF::StringTypeAdapter<WTF::String>>(unsigned int, bool, WTF::StringTypeAdapter<WTF::String>, WTF::StringTypeAdapter<WTF::String>) /root/WebKit/WebKitBuild/TSan/WTF/Headers/wtf/text/MakeString.h:49:25 (jsc+0x7c6ee9)
    #6 WTF::String WTF::tryMakeStringFromAdapters<WTF::StringTypeAdapter<WTF::String>, WTF::StringTypeAdapter<WTF::String>>(WTF::StringTypeAdapter<WTF::String>&&, WTF::StringTypeAdapter<WTF::String>&&) /root/WebKit/WebKitBuild/TSan/WTF/Headers/wtf/text/MakeString.h:85:16 (jsc+0x7c6a93)
    #7 WTF::String WTF::tryMakeString<WTF::String, WTF::String>(WTF::String, WTF::String const&...) /root/WebKit/WebKitBuild/TSan/WTF/Headers/wtf/text/MakeString.h:92:12 (jsc+0x7c6a93)
    #8 JSC::jsString(JSC::JSGlobalObject*, JSC::JSString*, WTF::String const&) /root/WebKit/Source/JavaScriptCore/runtime/OperationsInlines.h:136:24 (jsc+0x7c6a93)
    #9 JSC::jsAddNonNumber(JSC::JSGlobalObject*, JSC::JSValue, JSC::JSValue) /root/WebKit/Source/JavaScriptCore/runtime/OperationsInlines.h:555:9 (jsc+0x75045f)
    #10 JSC::jsAdd(JSC::JSGlobalObject*, JSC::JSValue, JSC::JSValue) /root/WebKit/Source/JavaScriptCore/runtime/OperationsInlines.h:567:12 (jsc+0xfc9e18)
    #11 JSC::profiledAdd(JSC::JSGlobalObject*, JSC::JSValue, JSC::JSValue, JSC::BinaryArithProfile&) /root/WebKit/Source/JavaScriptCore/jit/JITOperations.cpp:126:22 (jsc+0xfc9e18)
    #12 operationValueAddProfiled /root/WebKit/Source/JavaScriptCore/jit/JITOperations.cpp:5049:5 (jsc+0xfc9e18)
    #13 <null> <null> (0x7f7ce7e06bab)
    #14 JSC::evaluate(JSC::JSGlobalObject*, JSC::SourceCode const&, JSC::JSValue, WTF::NakedPtr<JSC::Exception>&) /root/WebKit/Source/JavaScriptCore/runtime/Completion.cpp:145:37 (jsc+0x13b6e85)
    #15 runWithOptions(GlobalObject*, CommandLine&, bool&) /root/WebKit/Source/JavaScriptCore/jsc.cpp:3957:35 (jsc+0x1caec5)
    #16 jscmain(int, char**)::$_0::operator()(JSC::VM&, GlobalObject*, bool&) const /root/WebKit/Source/JavaScriptCore/jsc.cpp:4686:13 (jsc+0x1caec5)
    #17 int runJSC<jscmain(int, char**)::$_0>(CommandLine const&, bool, jscmain(int, char**)::$_0 const&) /root/WebKit/Source/JavaScriptCore/jsc.cpp:4472:13 (jsc+0x1caec5)
    #18 jscmain(int, char**) /root/WebKit/Source/JavaScriptCore/jsc.cpp:4679:18 (jsc+0x1caec5)
    #19 main /root/WebKit/Source/JavaScriptCore/jsc.cpp:3715:15 (jsc+0x1c9743)

  Location is heap block of size 24 at 0x720800016ce0 allocated by main thread:
    #0 malloc /home/runner/work/llvm-project/llvm-project/compiler-rt/lib/tsan/rtl/tsan_interceptors_posix.cpp:682:5 (jsc+0x13dc20)
    #1 bmalloc::api::tryMalloc(unsigned long, bmalloc::CompactAllocationMode, bmalloc::HeapKind) /root/WebKit/WebKitBuild/TSan/bmalloc/Headers/bmalloc/bmalloc.h:76:12 (jsc+0x25812dd)
    #2 WTF::tryFastCompactMalloc(unsigned long) /root/WebKit/Source/WTF/wtf/FastMalloc.cpp:566:20 (jsc+0x25812dd)
    #3 WTF::FastCompactMalloc::tryMalloc(unsigned long) /root/WebKit/WebKitBuild/TSan/WTF/Headers/wtf/FastMalloc.h:291:23 (jsc+0x7c6ee9)
    #4 WTF::RefPtr<WTF::StringImpl, WTF::RawPtrTraits<WTF::StringImpl>, WTF::DefaultRefDerefTraits<WTF::StringImpl>> WTF::StringImpl::tryCreateUninitialized<unsigned char>(unsigned long, std::span<unsigned char, 18446744073709551615ul>&) /root/WebKit/WebKitBuild/TSan/WTF/Headers/wtf/text/StringImpl.h:1201:64 (jsc+0x7c6ee9)
    #5 WTF::RefPtr<WTF::StringImpl, WTF::RawPtrTraits<WTF::StringImpl>, WTF::DefaultRefDerefTraits<WTF::StringImpl>> WTF::tryMakeStringImplFromAdaptersInternal<WTF::StringTypeAdapter<WTF::String>, WTF::StringTypeAdapter<WTF::String>>(unsigned int, bool, WTF::StringTypeAdapter<WTF::String>, WTF::StringTypeAdapter<WTF::String>) /root/WebKit/WebKitBuild/TSan/WTF/Headers/wtf/text/MakeString.h:49:25 (jsc+0x7c6ee9)
    #6 WTF::String WTF::tryMakeStringFromAdapters<WTF::StringTypeAdapter<WTF::String>, WTF::StringTypeAdapter<WTF::String>>(WTF::StringTypeAdapter<WTF::String>&&, WTF::StringTypeAdapter<WTF::String>&&) /root/WebKit/WebKitBuild/TSan/WTF/Headers/wtf/text/MakeString.h:85:16 (jsc+0x7c6a93)
    #7 WTF::String WTF::tryMakeString<WTF::String, WTF::String>(WTF::String, WTF::String const&...) /root/WebKit/WebKitBuild/TSan/WTF/Headers/wtf/text/MakeString.h:92:12 (jsc+0x7c6a93)
    #8 JSC::jsString(JSC::JSGlobalObject*, JSC::JSString*, WTF::String const&) /root/WebKit/Source/JavaScriptCore/runtime/OperationsInlines.h:136:24 (jsc+0x7c6a93)
    #9 JSC::jsAddNonNumber(JSC::JSGlobalObject*, JSC::JSValue, JSC::JSValue) /root/WebKit/Source/JavaScriptCore/runtime/OperationsInlines.h:555:9 (jsc+0x75045f)
    #10 JSC::jsAdd(JSC::JSGlobalObject*, JSC::JSValue, JSC::JSValue) /root/WebKit/Source/JavaScriptCore/runtime/OperationsInlines.h:567:12 (jsc+0xfc9e18)
    #11 JSC::profiledAdd(JSC::JSGlobalObject*, JSC::JSValue, JSC::JSValue, JSC::BinaryArithProfile&) /root/WebKit/Source/JavaScriptCore/jit/JITOperations.cpp:126:22 (jsc+0xfc9e18)
    #12 operationValueAddProfiled /root/WebKit/Source/JavaScriptCore/jit/JITOperations.cpp:5049:5 (jsc+0xfc9e18)
    #13 <null> <null> (0x7f7ce7e06bab)
    #14 JSC::evaluate(JSC::JSGlobalObject*, JSC::SourceCode const&, JSC::JSValue, WTF::NakedPtr<JSC::Exception>&) /root/WebKit/Source/JavaScriptCore/runtime/Completion.cpp:145:37 (jsc+0x13b6e85)
    #15 runWithOptions(GlobalObject*, CommandLine&, bool&) /root/WebKit/Source/JavaScriptCore/jsc.cpp:3957:35 (jsc+0x1caec5)
    #16 jscmain(int, char**)::$_0::operator()(JSC::VM&, GlobalObject*, bool&) const /root/WebKit/Source/JavaScriptCore/jsc.cpp:4686:13 (jsc+0x1caec5)
    #17 int runJSC<jscmain(int, char**)::$_0>(CommandLine const&, bool, jscmain(int, char**)::$_0 const&) /root/WebKit/Source/JavaScriptCore/jsc.cpp:4472:13 (jsc+0x1caec5)
    #18 jscmain(int, char**) /root/WebKit/Source/JavaScriptCore/jsc.cpp:4679:18 (jsc+0x1caec5)
    #19 main /root/WebKit/Source/JavaScriptCore/jsc.cpp:3715:15 (jsc+0x1c9743)

  Thread T5 'JS Thread' (tid=2019034, running) created by main thread at:
    #0 pthread_create /home/runner/work/llvm-project/llvm-project/compiler-rt/lib/tsan/rtl/tsan_interceptors_posix.cpp:1090:3 (jsc+0x13ff1a)
    #1 WTF::Thread::establishHandle(WTF::Thread::NewThreadContext&, WTF::StackAllocationSpecification, WTF::ThreadQOS, WTF::ThreadSchedulingPolicy) /root/WebKit/Source/WTF/wtf/posix/ThreadingPOSIX.cpp:354:17 (jsc+0x25faae5)
    #2 WTF::Thread::create(WTF::ASCIILiteral, WTF::Function<void ()>&&, WTF::ThreadType, WTF::ThreadQOS, WTF::ThreadSchedulingPolicy, WTF::StackAllocationSpecification) /root/WebKit/Source/WTF/wtf/Threading.cpp:330:32 (jsc+0x259e583)
    #3 JSC::constructThread(JSC::JSGlobalObject*, JSC::CallFrame*) /root/WebKit/Source/JavaScriptCore/runtime/ThreadObject.cpp:467:5 (jsc+0x198a6df)
    #4 <null> <null> (0x7f7ce7dff217)
    #5 JSC::evaluate(JSC::JSGlobalObject*, JSC::SourceCode const&, JSC::JSValue, WTF::NakedPtr<JSC::Exception>&) /root/WebKit/Source/JavaScriptCore/runtime/Completion.cpp:145:37 (jsc+0x13b6e85)
    #6 runWithOptions(GlobalObject*, CommandLine&, bool&) /root/WebKit/Source/JavaScriptCore/jsc.cpp:3957:35 (jsc+0x1caec5)
    #7 jscmain(int, char**)::$_0::operator()(JSC::VM&, GlobalObject*, bool&) const /root/WebKit/Source/JavaScriptCore/jsc.cpp:4686:13 (jsc+0x1caec5)
    #8 int runJSC<jscmain(int, char**)::$_0>(CommandLine const&, bool, jscmain(int, char**)::$_0 const&) /root/WebKit/Source/JavaScriptCore/jsc.cpp:4472:13 (jsc+0x1caec5)
    #9 jscmain(int, char**) /root/WebKit/Source/JavaScriptCore/jsc.cpp:4679:18 (jsc+0x1caec5)
    #10 main /root/WebKit/Source/JavaScriptCore/jsc.cpp:3715:15 (jsc+0x1c9743)

SUMMARY: ThreadSanitizer: data race /root/WebKit/WebKitBuild/TSan/WTF/Headers/wtf/text/StringView.h in WTF::StringView::StringView(WTF::String const&)
==================
==================
WARNING: ThreadSanitizer: data race (pid=2018920)
  Read of size 8 at 0x722800000b20 by thread T5:
    #0 JSC::JSObject::taggedButterflyWord() const /root/WebKit/Source/JavaScriptCore/runtime/JSObject.h:869:25 (jsc+0x168c4d8)
    #1 JSC::JSObject::tryGetIndexQuicklyConcurrent(unsigned int, JSC::ArrayProfile*) const /root/WebKit/Source/JavaScriptCore/runtime/JSObject.cpp:667:21 (jsc+0x168c4d8)
    #2 JSC::JSObject::tryGetIndexQuickly(unsigned int, JSC::ArrayProfile*) const /root/WebKit/Source/JavaScriptCore/runtime/JSObject.h:487:20 (jsc+0x7c2e29)
    #3 JSC::getByVal(JSC::JSGlobalObject*, JSC::CallFrame*, JSC::ArrayProfile*, JSC::JSValue, JSC::JSValue) /root/WebKit/Source/JavaScriptCore/jit/JITOperations.cpp:3671:42 (jsc+0xfbaa32)
    #4 operationGetByValOptimize /root/WebKit/Source/JavaScriptCore/jit/JITOperations.cpp:3777:5 (jsc+0xfbb611)
    #5 <null> <null> (0x7f7ce7e02c84)
    #6 JSC::Interpreter::executeCall(JSC::JSObject*, JSC::CallData const&, JSC::JSValue, JSC::JSCell*, JSC::ArgList const&) /root/WebKit/Source/JavaScriptCore/interpreter/Interpreter.cpp (jsc+0xe81f6d)
    #7 JSC::call(JSC::JSGlobalObject*, JSC::JSValue, JSC::CallData const&, JSC::JSValue, JSC::ArgList const&) /root/WebKit/Source/JavaScriptCore/runtime/CallData.cpp:70:27 (jsc+0x1354881)
    #8 JSC::call(JSC::JSGlobalObject*, JSC::JSValue, JSC::CallData const&, JSC::JSValue, JSC::ArgList const&, WTF::NakedPtr<JSC::Exception>&) /root/WebKit/Source/JavaScriptCore/runtime/CallData.cpp:77:22 (jsc+0x1354881)
    #9 JSC::threadMain(JSC::VM&, WTF::Ref<JSC::ThreadState, WTF::RawPtrTraits<JSC::ThreadState>, WTF::DefaultRefDerefTraits<JSC::ThreadState>>) /root/WebKit/Source/JavaScriptCore/runtime/ThreadObject.cpp:241:30 (jsc+0x19922bc)
    #10 JSC::constructThread(JSC::JSGlobalObject*, JSC::CallFrame*)::$_0::operator()() /root/WebKit/Source/JavaScriptCore/runtime/ThreadObject.cpp:468:9 (jsc+0x19922bc)
    #11 WTF::Detail::CallableWrapper<JSC::constructThread(JSC::JSGlobalObject*, JSC::CallFrame*)::$_0, void>::call() /root/WebKit/WebKitBuild/TSan/WTF/Headers/wtf/Function.h:59:39 (jsc+0x19922bc)
    #12 WTF::Function<void ()>::operator()() const /root/WebKit/Source/WTF/wtf/Function.h:103:35 (jsc+0x259e245)
    #13 WTF::Thread::entryPoint(WTF::Thread::NewThreadContext*) /root/WebKit/Source/WTF/wtf/Threading.cpp:312:5 (jsc+0x259e245)
    #14 WTF::wtfThreadEntryPoint(void*) /root/WebKit/Source/WTF/wtf/posix/ThreadingPOSIX.cpp:264:5 (jsc+0x25fabf9)

  Previous atomic write of size 8 at 0x722800000b20 by main thread:
    #0 std::__atomic_base<unsigned long>::compare_exchange_strong(unsigned long&, unsigned long, std::memory_order, std::memory_order) /usr/lib/gcc/x86_64-amazon-linux/14/../../../../include/c++/14/bits/atomic_base.h:573:9 (jsc+0x13dc730)
    #1 std::__atomic_base<unsigned long>::compare_exchange_strong(unsigned long&, unsigned long, std::memory_order) /usr/lib/gcc/x86_64-amazon-linux/14/../../../../include/c++/14/bits/atomic_base.h:592:9 (jsc+0x13dc730)
    #2 WTF::Atomic<unsigned long>::compareExchangeStrong(unsigned long, unsigned long, std::memory_order) /root/WebKit/WebKitBuild/TSan/WTF/Headers/wtf/Atomics.h:100:15 (jsc+0x13dc730)
    #3 JSC::casButterfly(JSC::JSObjectWithButterfly*, unsigned long, unsigned long) /root/WebKit/Source/JavaScriptCore/runtime/ConcurrentButterfly.cpp:2183:58 (jsc+0x13dc730)
    #4 JSC::publishArrayStorageButterflyLocked(JSC::VM&, JSC::JSObjectWithButterfly*, JSC::Butterfly*) /root/WebKit/Source/JavaScriptCore/runtime/ConcurrentButterfly.cpp:2198:15 (jsc+0x13dc730)
    #5 JSC::JSArray::shiftCountWithArrayStorageConcurrent(JSC::VM&, unsigned int, unsigned int) /root/WebKit/Source/JavaScriptCore/runtime/JSArray.cpp:2218:5 (jsc+0x1524554)
    #6 JSC::JSArray::shiftCountWithArrayStorage(JSC::VM&, unsigned int, unsigned int, JSC::ArrayStorage*) /root/WebKit/Source/JavaScriptCore/runtime/JSArray.cpp:2227:16 (jsc+0x1524ad5)
    #7 JSC::JSArray::shiftCountWithAnyIndexingType(JSC::JSGlobalObject*, unsigned int&, unsigned int, unsigned int) /root/WebKit/Source/JavaScriptCore/runtime/JSArray.cpp (jsc+0x1525531)
    #8 bool JSC::JSArray::shiftCount<(JSC::JSArray::ShiftCountMode)0>(JSC::JSGlobalObject*, unsigned int&, unsigned int) /root/WebKit/Source/JavaScriptCore/runtime/JSArray.h:158:20 (jsc+0x75df9b)
    #9 void JSC::shift<(JSC::JSArray::ShiftCountMode)0>(JSC::JSGlobalObject*, JSC::JSObject*, unsigned long, unsigned long, unsigned long, unsigned long) /root/WebKit/Source/JavaScriptCore/runtime/ArrayPrototypeInlines.h:193:49 (jsc+0x75df9b)
    #10 JSC::arrayProtoFuncShift(JSC::JSGlobalObject*, JSC::CallFrame*) /root/WebKit/Source/JavaScriptCore/runtime/ArrayPrototype.cpp:747:5 (jsc+0x13130b7)
    #11 <null> <null> (0x7f7ce7dff157)
    #12 JSC::evaluate(JSC::JSGlobalObject*, JSC::SourceCode const&, JSC::JSValue, WTF::NakedPtr<JSC::Exception>&) /root/WebKit/Source/JavaScriptCore/runtime/Completion.cpp:145:37 (jsc+0x13b6e85)
    #13 runWithOptions(GlobalObject*, CommandLine&, bool&) /root/WebKit/Source/JavaScriptCore/jsc.cpp:3957:35 (jsc+0x1caec5)
    #14 jscmain(int, char**)::$_0::operator()(JSC::VM&, GlobalObject*, bool&) const /root/WebKit/Source/JavaScriptCore/jsc.cpp:4686:13 (jsc+0x1caec5)
    #15 int runJSC<jscmain(int, char**)::$_0>(CommandLine const&, bool, jscmain(int, char**)::$_0 const&) /root/WebKit/Source/JavaScriptCore/jsc.cpp:4472:13 (jsc+0x1caec5)
    #16 jscmain(int, char**) /root/WebKit/Source/JavaScriptCore/jsc.cpp:4679:18 (jsc+0x1caec5)
    #17 main /root/WebKit/Source/JavaScriptCore/jsc.cpp:3715:15 (jsc+0x1c9743)

  Location is heap block of size 152 at 0x722800000aa0 allocated by main thread:
    #0 malloc /home/runner/work/llvm-project/llvm-project/compiler-rt/lib/tsan/rtl/tsan_interceptors_posix.cpp:682:5 (jsc+0x13dc20)
    #1 bmalloc::api::tryMalloc(unsigned long, bmalloc::CompactAllocationMode, bmalloc::HeapKind) /root/WebKit/WebKitBuild/TSan/bmalloc/Headers/bmalloc/bmalloc.h:76:12 (jsc+0x25812dd)
    #2 WTF::tryFastCompactMalloc(unsigned long) /root/WebKit/Source/WTF/wtf/FastMalloc.cpp:566:20 (jsc+0x25812dd)
    #3 WTF::FastCompactMalloc::tryMalloc(unsigned long) /root/WebKit/WebKitBuild/TSan/WTF/Headers/wtf/FastMalloc.h:291:23 (jsc+0xdb5545)
    #4 JSC::FastMallocAlignedMemoryAllocator::tryAllocateMemory(unsigned long) /root/WebKit/Source/JavaScriptCore/heap/FastMallocAlignedMemoryAllocator.cpp:72:12 (jsc+0xdb5545)
    #5 JSC::PreciseAllocation::tryCreateForLowerTierPrecise(JSC::Heap&, unsigned long, JSC::Subspace*, unsigned char) /root/WebKit/Source/JavaScriptCore/heap/PreciseAllocation.cpp:173:55 (jsc+0xe4fd43)
    #6 JSC::IsoSubspace::tryAllocateLowerTierPrecise(unsigned long) /root/WebKit/Source/JavaScriptCore/heap/IsoSubspace.cpp:108:41 (jsc+0xe2a1a1)
    #7 JSC::LocalAllocator::allocateSlowCase(JSC::Heap&, unsigned long, JSC::GCDeferralContext*, JSC::AllocationFailureMode) /root/WebKit/Source/JavaScriptCore/heap/LocalAllocator.cpp:215:65 (jsc+0xe3be47)
    #8 JSC::LocalAllocator::allocate(JSC::Heap&, unsigned long, JSC::GCDeferralContext*, JSC::AllocationFailureMode)::'lambda'()::operator()() const /root/WebKit/WebKitBuild/TSan/JavaScriptCore/PrivateHeaders/JavaScriptCore/LocalAllocatorInlines.h:53:43 (jsc+0x1d120e)
    #9 JSC::HeapCell* JSC::FreeList::allocateWithCellSize<JSC::LocalAllocator::allocate(JSC::Heap&, unsigned long, JSC::GCDeferralContext*, JSC::AllocationFailureMode)::'lambda'()>(JSC::LocalAllocator::allocate(JSC::Heap&, unsigned long, JSC::GCDeferralContext*, JSC::AllocationFailureMode)::'lambda'() const&, unsigned long) /root/WebKit/WebKitBuild/TSan/JavaScriptCore/PrivateHeaders/JavaScriptCore/FreeListInlines.h:46:16 (jsc+0x252dc7)
    #10 JSC::LocalAllocator::allocate(JSC::Heap&, unsigned long, JSC::GCDeferralContext*, JSC::AllocationFailureMode) /root/WebKit/WebKitBuild/TSan/JavaScriptCore/PrivateHeaders/JavaScriptCore/LocalAllocatorInlines.h:50:23 (jsc+0x252dc7)
    #11 JSC::GCClient::IsoSubspace::allocate(JSC::VM&, unsigned long, JSC::GCDeferralContext*, JSC::AllocationFailureMode) /root/WebKit/WebKitBuild/TSan/JavaScriptCore/PrivateHeaders/JavaScriptCore/IsoSubspaceInlines.h:42:29 (jsc+0x252dc7)
    #12 void* JSC::tryAllocateCellHelper<JSC::JSArray, (JSC::AllocationFailureMode)0>(JSC::VM&, unsigned long, JSC::GCDeferralContext*) /root/WebKit/WebKitBuild/TSan/JavaScriptCore/PrivateHeaders/JavaScriptCore/JSCellInlines.h:212:63 (jsc+0x252dc7)
    #13 void* JSC::allocateCell<JSC::JSArray>(JSC::VM&, JSC::GCDeferralContext*, unsigned long) /root/WebKit/WebKitBuild/TSan/JavaScriptCore/PrivateHeaders/JavaScriptCore/JSCellInlines.h:244:12 (jsc+0x252dc7)
    #14 JSC::JSArray::createWithButterfly(JSC::VM&, JSC::GCDeferralContext*, JSC::Structure*, JSC::Butterfly*) /root/WebKit/Source/JavaScriptCore/runtime/JSArray.h:244:36 (jsc+0x1516679)
    #15 JSC::JSArray::tryCreateUninitializedRestricted(JSC::ObjectInitializationScope&, JSC::GCDeferralContext*, JSC::Structure*, unsigned int) /root/WebKit/Source/JavaScriptCore/runtime/JSArray.cpp:193:23 (jsc+0x1516679)
    #16 JSC::JSArray::tryCreateUninitializedRestricted(JSC::ObjectInitializationScope&, JSC::Structure*, unsigned int) /root/WebKit/Source/JavaScriptCore/runtime/JSArray.h:90:16 (jsc+0x1529c3f)
    #17 JSC::JSArray* JSC::constructArray<(JSC::AllocationFailureMode)1>(JSC::ObjectInitializationScope&, JSC::Structure*, unsigned int) /root/WebKit/Source/JavaScriptCore/runtime/JSArray.cpp:3037:22 (jsc+0x1529c3f)
    #18 JSC::constructArrayNegativeIndexed(JSC::JSGlobalObject*, JSC::Structure*, JSC::JSValue const*, unsigned int) /root/WebKit/Source/JavaScriptCore/runtime/JSArray.cpp:3086:22 (jsc+0x1529b91)
    #19 JSC::constructArrayNegativeIndexed(JSC::JSGlobalObject*, JSC::ArrayAllocationProfile*, JSC::JSValue const*, unsigned int, JSC::JSValue) /root/WebKit/Source/JavaScriptCore/runtime/JSGlobalObjectInlines.h:323:22 (jsc+0xfb32ac)
    #20 operationNewArrayWithProfile /root/WebKit/Source/JavaScriptCore/jit/JITOperations.cpp:2710:5 (jsc+0xfb30c5)
    #21 <null> <null> (0x7f7ce7e05f53)
    #22 JSC::evaluate(JSC::JSGlobalObject*, JSC::SourceCode const&, JSC::JSValue, WTF::NakedPtr<JSC::Exception>&) /root/WebKit/Source/JavaScriptCore/runtime/Completion.cpp:145:37 (jsc+0x13b6e85)
    #23 runWithOptions(GlobalObject*, CommandLine&, bool&) /root/WebKit/Source/JavaScriptCore/jsc.cpp:3957:35 (jsc+0x1caec5)
    #24 jscmain(int, char**)::$_0::operator()(JSC::VM&, GlobalObject*, bool&) const /root/WebKit/Source/JavaScriptCore/jsc.cpp:4686:13 (jsc+0x1caec5)
    #25 int runJSC<jscmain(int, char**)::$_0>(CommandLine const&, bool, jscmain(int, char**)::$_0 const&) /root/WebKit/Source/JavaScriptCore/jsc.cpp:4472:13 (jsc+0x1caec5)
    #26 jscmain(int, char**) /root/WebKit/Source/JavaScriptCore/jsc.cpp:4679:18 (jsc+0x1caec5)
    #27 main /root/WebKit/Source/JavaScriptCore/jsc.cpp:3715:15 (jsc+0x1c9743)

  Thread T5 'JS Thread' (tid=2019034, running) created by main thread at:
    #0 pthread_create /home/runner/work/llvm-project/llvm-project/compiler-rt/lib/tsan/rtl/tsan_interceptors_posix.cpp:1090:3 (jsc+0x13ff1a)
    #1 WTF::Thread::establishHandle(WTF::Thread::NewThreadContext&, WTF::StackAllocationSpecification, WTF::ThreadQOS, WTF::ThreadSchedulingPolicy) /root/WebKit/Source/WTF/wtf/posix/ThreadingPOSIX.cpp:354:17 (jsc+0x25faae5)
    #2 WTF::Thread::create(WTF::ASCIILiteral, WTF::Function<void ()>&&, WTF::ThreadType, WTF::ThreadQOS, WTF::ThreadSchedulingPolicy, WTF::StackAllocationSpecification) /root/WebKit/Source/WTF/wtf/Threading.cpp:330:32 (jsc+0x259e583)
    #3 JSC::constructThread(JSC::JSGlobalObject*, JSC::CallFrame*) /root/WebKit/Source/JavaScriptCore/runtime/ThreadObject.cpp:467:5 (jsc+0x198a6df)
    #4 <null> <null> (0x7f7ce7dff217)
    #5 JSC::evaluate(JSC::JSGlobalObject*, JSC::SourceCode const&, JSC::JSValue, WTF::NakedPtr<JSC::Exception>&) /root/WebKit/Source/JavaScriptCore/runtime/Completion.cpp:145:37 (jsc+0x13b6e85)
    #6 runWithOptions(GlobalObject*, CommandLine&, bool&) /root/WebKit/Source/JavaScriptCore/jsc.cpp:3957:35 (jsc+0x1caec5)
    #7 jscmain(int, char**)::$_0::operator()(JSC::VM&, GlobalObject*, bool&) const /root/WebKit/Source/JavaScriptCore/jsc.cpp:4686:13 (jsc+0x1caec5)
    #8 int runJSC<jscmain(int, char**)::$_0>(CommandLine const&, bool, jscmain(int, char**)::$_0 const&) /root/WebKit/Source/JavaScriptCore/jsc.cpp:4472:13 (jsc+0x1caec5)
    #9 jscmain(int, char**) /root/WebKit/Source/JavaScriptCore/jsc.cpp:4679:18 (jsc+0x1caec5)
    #10 main /root/WebKit/Source/JavaScriptCore/jsc.cpp:3715:15 (jsc+0x1c9743)

SUMMARY: ThreadSanitizer: data race /root/WebKit/Source/JavaScriptCore/runtime/JSObject.h:869:25 in JSC::JSObject::taggedButterflyWord() const
==================
==================
WARNING: ThreadSanitizer: data race (pid=2018920)
  Atomic write of size 8 at 0x722800000bd0 by main thread:
    #0 std::__atomic_base<unsigned long>::compare_exchange_strong(unsigned long&, unsigned long, std::memory_order, std::memory_order) /usr/lib/gcc/x86_64-amazon-linux/14/../../../../include/c++/14/bits/atomic_base.h:573:9 (jsc+0x13dc730)
    #1 std::__atomic_base<unsigned long>::compare_exchange_strong(unsigned long&, unsigned long, std::memory_order) /usr/lib/gcc/x86_64-amazon-linux/14/../../../../include/c++/14/bits/atomic_base.h:592:9 (jsc+0x13dc730)
    #2 WTF::Atomic<unsigned long>::compareExchangeStrong(unsigned long, unsigned long, std::memory_order) /root/WebKit/WebKitBuild/TSan/WTF/Headers/wtf/Atomics.h:100:15 (jsc+0x13dc730)
    #3 JSC::casButterfly(JSC::JSObjectWithButterfly*, unsigned long, unsigned long) /root/WebKit/Source/JavaScriptCore/runtime/ConcurrentButterfly.cpp:2183:58 (jsc+0x13dc730)
    #4 JSC::publishArrayStorageButterflyLocked(JSC::VM&, JSC::JSObjectWithButterfly*, JSC::Butterfly*) /root/WebKit/Source/JavaScriptCore/runtime/ConcurrentButterfly.cpp:2198:15 (jsc+0x13dc730)
    #5 JSC::JSArray::unshiftCountWithArrayStorageConcurrent(JSC::JSGlobalObject*, unsigned int, unsigned int) /root/WebKit/Source/JavaScriptCore/runtime/JSArray.cpp:2534:21 (jsc+0x15269a3)
    #6 JSC::JSArray::unshiftCountWithArrayStorage(JSC::JSGlobalObject*, unsigned int, unsigned int, JSC::ArrayStorage*) /root/WebKit/Source/JavaScriptCore/runtime/JSArray.cpp:2555:9 (jsc+0x15275a5)
    #7 JSC::JSArray::unshiftCountWithAnyIndexingType(JSC::JSGlobalObject*, unsigned int, unsigned int) /root/WebKit/Source/JavaScriptCore/runtime/JSArray.cpp (jsc+0x1527aeb)
    #8 JSC::JSArray::unshiftCount(JSC::JSGlobalObject*, unsigned int, unsigned int) /root/WebKit/Source/JavaScriptCore/runtime/JSArray.h:167:16 (jsc+0x75f8f4)
    #9 JSC::unshift(JSC::JSGlobalObject*, JSC::JSObject*, unsigned long, unsigned long, unsigned long, unsigned long) /root/WebKit/Source/JavaScriptCore/runtime/ArrayPrototypeInlines.h:250:35 (jsc+0x75f8f4)
    #10 JSC::arrayProtoFuncUnShift(JSC::JSGlobalObject*, JSC::CallFrame*) /root/WebKit/Source/JavaScriptCore/runtime/ArrayPrototype.cpp:1217:9 (jsc+0x1315766)
    #11 <null> <null> (0x7f7ce7dff157)
    #12 JSC::evaluate(JSC::JSGlobalObject*, JSC::SourceCode const&, JSC::JSValue, WTF::NakedPtr<JSC::Exception>&) /root/WebKit/Source/JavaScriptCore/runtime/Completion.cpp:145:37 (jsc+0x13b6e85)
    #13 runWithOptions(GlobalObject*, CommandLine&, bool&) /root/WebKit/Source/JavaScriptCore/jsc.cpp:3957:35 (jsc+0x1caec5)
    #14 jscmain(int, char**)::$_0::operator()(JSC::VM&, GlobalObject*, bool&) const /root/WebKit/Source/JavaScriptCore/jsc.cpp:4686:13 (jsc+0x1caec5)
    #15 int runJSC<jscmain(int, char**)::$_0>(CommandLine const&, bool, jscmain(int, char**)::$_0 const&) /root/WebKit/Source/JavaScriptCore/jsc.cpp:4472:13 (jsc+0x1caec5)
    #16 jscmain(int, char**) /root/WebKit/Source/JavaScriptCore/jsc.cpp:4679:18 (jsc+0x1caec5)
    #17 main /root/WebKit/Source/JavaScriptCore/jsc.cpp:3715:15 (jsc+0x1c9743)

  Previous read of size 8 at 0x722800000bd0 by thread T6:
    #0 JSC::JSObject::taggedButterflyWord() const /root/WebKit/Source/JavaScriptCore/runtime/JSObject.h:869:25 (jsc+0x168c4d8)
    #1 JSC::JSObject::tryGetIndexQuicklyConcurrent(unsigned int, JSC::ArrayProfile*) const /root/WebKit/Source/JavaScriptCore/runtime/JSObject.cpp:667:21 (jsc+0x168c4d8)
    #2 JSC::JSObject::tryGetIndexQuickly(unsigned int, JSC::ArrayProfile*) const /root/WebKit/Source/JavaScriptCore/runtime/JSObject.h:487:20 (jsc+0x7c2e29)
    #3 JSC::getByVal(JSC::JSGlobalObject*, JSC::CallFrame*, JSC::ArrayProfile*, JSC::JSValue, JSC::JSValue) /root/WebKit/Source/JavaScriptCore/jit/JITOperations.cpp:3671:42 (jsc+0xfbaa32)
    #4 operationGetByValOptimize /root/WebKit/Source/JavaScriptCore/jit/JITOperations.cpp:3777:5 (jsc+0xfbb611)
    #5 <null> <null> (0x7f7ce7e02c84)
    #6 JSC::Interpreter::executeCall(JSC::JSObject*, JSC::CallData const&, JSC::JSValue, JSC::JSCell*, JSC::ArgList const&) /root/WebKit/Source/JavaScriptCore/interpreter/Interpreter.cpp (jsc+0xe81f6d)
    #7 JSC::call(JSC::JSGlobalObject*, JSC::JSValue, JSC::CallData const&, JSC::JSValue, JSC::ArgList const&) /root/WebKit/Source/JavaScriptCore/runtime/CallData.cpp:70:27 (jsc+0x1354881)
    #8 JSC::call(JSC::JSGlobalObject*, JSC::JSValue, JSC::CallData const&, JSC::JSValue, JSC::ArgList const&, WTF::NakedPtr<JSC::Exception>&) /root/WebKit/Source/JavaScriptCore/runtime/CallData.cpp:77:22 (jsc+0x1354881)
    #9 JSC::threadMain(JSC::VM&, WTF::Ref<JSC::ThreadState, WTF::RawPtrTraits<JSC::ThreadState>, WTF::DefaultRefDerefTraits<JSC::ThreadState>>) /root/WebKit/Source/JavaScriptCore/runtime/ThreadObject.cpp:241:30 (jsc+0x19922bc)
    #10 JSC::constructThread(JSC::JSGlobalObject*, JSC::CallFrame*)::$_0::operator()() /root/WebKit/Source/JavaScriptCore/runtime/ThreadObject.cpp:468:9 (jsc+0x19922bc)
    #11 WTF::Detail::CallableWrapper<JSC::constructThread(JSC::JSGlobalObject*, JSC::CallFrame*)::$_0, void>::call() /root/WebKit/WebKitBuild/TSan/WTF/Headers/wtf/Function.h:59:39 (jsc+0x19922bc)
    #12 WTF::Function<void ()>::operator()() const /root/WebKit/Source/WTF/wtf/Function.h:103:35 (jsc+0x259e245)
    #13 WTF::Thread::entryPoint(WTF::Thread::NewThreadContext*) /root/WebKit/Source/WTF/wtf/Threading.cpp:312:5 (jsc+0x259e245)
    #14 WTF::wtfThreadEntryPoint(void*) /root/WebKit/Source/WTF/wtf/posix/ThreadingPOSIX.cpp:264:5 (jsc+0x25fabf9)

  Location is heap block of size 152 at 0x722800000b40 allocated by main thread:
    #0 malloc /home/runner/work/llvm-project/llvm-project/compiler-rt/lib/tsan/rtl/tsan_interceptors_posix.cpp:682:5 (jsc+0x13dc20)
    #1 bmalloc::api::tryMalloc(unsigned long, bmalloc::CompactAllocationMode, bmalloc::HeapKind) /root/WebKit/WebKitBuild/TSan/bmalloc/Headers/bmalloc/bmalloc.h:76:12 (jsc+0x25812dd)
    #2 WTF::tryFastCompactMalloc(unsigned long) /root/WebKit/Source/WTF/wtf/FastMalloc.cpp:566:20 (jsc+0x25812dd)
    #3 WTF::FastCompactMalloc::tryMalloc(unsigned long) /root/WebKit/WebKitBuild/TSan/WTF/Headers/wtf/FastMalloc.h:291:23 (jsc+0xdb5545)
    #4 JSC::FastMallocAlignedMemoryAllocator::tryAllocateMemory(unsigned long) /root/WebKit/Source/JavaScriptCore/heap/FastMallocAlignedMemoryAllocator.cpp:72:12 (jsc+0xdb5545)
    #5 JSC::PreciseAllocation::tryCreateForLowerTierPrecise(JSC::Heap&, unsigned long, JSC::Subspace*, unsigned char) /root/WebKit/Source/JavaScriptCore/heap/PreciseAllocation.cpp:173:55 (jsc+0xe4fd43)
    #6 JSC::IsoSubspace::tryAllocateLowerTierPrecise(unsigned long) /root/WebKit/Source/JavaScriptCore/heap/IsoSubspace.cpp:108:41 (jsc+0xe2a1a1)
    #7 JSC::LocalAllocator::allocateSlowCase(JSC::Heap&, unsigned long, JSC::GCDeferralContext*, JSC::AllocationFailureMode) /root/WebKit/Source/JavaScriptCore/heap/LocalAllocator.cpp:215:65 (jsc+0xe3be47)
    #8 JSC::LocalAllocator::allocate(JSC::Heap&, unsigned long, JSC::GCDeferralContext*, JSC::AllocationFailureMode)::'lambda'()::operator()() const /root/WebKit/WebKitBuild/TSan/JavaScriptCore/PrivateHeaders/JavaScriptCore/LocalAllocatorInlines.h:53:43 (jsc+0x1d120e)
    #9 JSC::HeapCell* JSC::FreeList::allocateWithCellSize<JSC::LocalAllocator::allocate(JSC::Heap&, unsigned long, JSC::GCDeferralContext*, JSC::AllocationFailureMode)::'lambda'()>(JSC::LocalAllocator::allocate(JSC::Heap&, unsigned long, JSC::GCDeferralContext*, JSC::AllocationFailureMode)::'lambda'() const&, unsigned long) /root/WebKit/WebKitBuild/TSan/JavaScriptCore/PrivateHeaders/JavaScriptCore/FreeListInlines.h:46:16 (jsc+0x252dc7)
    #10 JSC::LocalAllocator::allocate(JSC::Heap&, unsigned long, JSC::GCDeferralContext*, JSC::AllocationFailureMode) /root/WebKit/WebKitBuild/TSan/JavaScriptCore/PrivateHeaders/JavaScriptCore/LocalAllocatorInlines.h:50:23 (jsc+0x252dc7)
    #11 JSC::GCClient::IsoSubspace::allocate(JSC::VM&, unsigned long, JSC::GCDeferralContext*, JSC::AllocationFailureMode) /root/WebKit/WebKitBuild/TSan/JavaScriptCore/PrivateHeaders/JavaScriptCore/IsoSubspaceInlines.h:42:29 (jsc+0x252dc7)
    #12 void* JSC::tryAllocateCellHelper<JSC::JSArray, (JSC::AllocationFailureMode)0>(JSC::VM&, unsigned long, JSC::GCDeferralContext*) /root/WebKit/WebKitBuild/TSan/JavaScriptCore/PrivateHeaders/JavaScriptCore/JSCellInlines.h:212:63 (jsc+0x252dc7)
    #13 void* JSC::allocateCell<JSC::JSArray>(JSC::VM&, JSC::GCDeferralContext*, unsigned long) /root/WebKit/WebKitBuild/TSan/JavaScriptCore/PrivateHeaders/JavaScriptCore/JSCellInlines.h:244:12 (jsc+0x252dc7)
    #14 JSC::JSArray::createWithButterfly(JSC::VM&, JSC::GCDeferralContext*, JSC::Structure*, JSC::Butterfly*) /root/WebKit/Source/JavaScriptCore/runtime/JSArray.h:244:36 (jsc+0x1516679)
    #15 JSC::JSArray::tryCreateUninitializedRestricted(JSC::ObjectInitializationScope&, JSC::GCDeferralContext*, JSC::Structure*, unsigned int) /root/WebKit/Source/JavaScriptCore/runtime/JSArray.cpp:193:23 (jsc+0x1516679)
    #16 JSC::JSArray::tryCreateUninitializedRestricted(JSC::ObjectInitializationScope&, JSC::Structure*, unsigned int) /root/WebKit/Source/JavaScriptCore/runtime/JSArray.h:90:16 (jsc+0x1529c3f)
    #17 JSC::JSArray* JSC::constructArray<(JSC::AllocationFailureMode)1>(JSC::ObjectInitializationScope&, JSC::Structure*, unsigned int) /root/WebKit/Source/JavaScriptCore/runtime/JSArray.cpp:3037:22 (jsc+0x1529c3f)
    #18 JSC::constructArrayNegativeIndexed(JSC::JSGlobalObject*, JSC::Structure*, JSC::JSValue const*, unsigned int) /root/WebKit/Source/JavaScriptCore/runtime/JSArray.cpp:3086:22 (jsc+0x1529b91)
    #19 JSC::constructArrayNegativeIndexed(JSC::JSGlobalObject*, JSC::ArrayAllocationProfile*, JSC::JSValue const*, unsigned int, JSC::JSValue) /root/WebKit/Source/JavaScriptCore/runtime/JSGlobalObjectInlines.h:323:22 (jsc+0xfb32ac)
    #20 operationNewArrayWithProfile /root/WebKit/Source/JavaScriptCore/jit/JITOperations.cpp:2710:5 (jsc+0xfb30c5)
    #21 <null> <null> (0x7f7ce7e05f53)
    #22 JSC::evaluate(JSC::JSGlobalObject*, JSC::SourceCode const&, JSC::JSValue, WTF::NakedPtr<JSC::Exception>&) /root/WebKit/Source/JavaScriptCore/runtime/Completion.cpp:145:37 (jsc+0x13b6e85)
    #23 runWithOptions(GlobalObject*, CommandLine&, bool&) /root/WebKit/Source/JavaScriptCore/jsc.cpp:3957:35 (jsc+0x1caec5)
    #24 jscmain(int, char**)::$_0::operator()(JSC::VM&, GlobalObject*, bool&) const /root/WebKit/Source/JavaScriptCore/jsc.cpp:4686:13 (jsc+0x1caec5)
    #25 int runJSC<jscmain(int, char**)::$_0>(CommandLine const&, bool, jscmain(int, char**)::$_0 const&) /root/WebKit/Source/JavaScriptCore/jsc.cpp:4472:13 (jsc+0x1caec5)
    #26 jscmain(int, char**) /root/WebKit/Source/JavaScriptCore/jsc.cpp:4679:18 (jsc+0x1caec5)
    #27 main /root/WebKit/Source/JavaScriptCore/jsc.cpp:3715:15 (jsc+0x1c9743)

  Thread T6 'JS Thread' (tid=2019074, running) created by main thread at:
    #0 pthread_create /home/runner/work/llvm-project/llvm-project/compiler-rt/lib/tsan/rtl/tsan_interceptors_posix.cpp:1090:3 (jsc+0x13ff1a)
    #1 WTF::Thread::establishHandle(WTF::Thread::NewThreadContext&, WTF::StackAllocationSpecification, WTF::ThreadQOS, WTF::ThreadSchedulingPolicy) /root/WebKit/Source/WTF/wtf/posix/ThreadingPOSIX.cpp:354:17 (jsc+0x25faae5)
    #2 WTF::Thread::create(WTF::ASCIILiteral, WTF::Function<void ()>&&, WTF::ThreadType, WTF::ThreadQOS, WTF::ThreadSchedulingPolicy, WTF::StackAllocationSpecification) /root/WebKit/Source/WTF/wtf/Threading.cpp:330:32 (jsc+0x259e583)
    #3 JSC::constructThread(JSC::JSGlobalObject*, JSC::CallFrame*) /root/WebKit/Source/JavaScriptCore/runtime/ThreadObject.cpp:467:5 (jsc+0x198a6df)
    #4 <null> <null> (0x7f7ce7dff217)
    #5 JSC::evaluate(JSC::JSGlobalObject*, JSC::SourceCode const&, JSC::JSValue, WTF::NakedPtr<JSC::Exception>&) /root/WebKit/Source/JavaScriptCore/runtime/Completion.cpp:145:37 (jsc+0x13b6e85)
    #6 runWithOptions(GlobalObject*, CommandLine&, bool&) /root/WebKit/Source/JavaScriptCore/jsc.cpp:3957:35 (jsc+0x1caec5)
    #7 jscmain(int, char**)::$_0::operator()(JSC::VM&, GlobalObject*, bool&) const /root/WebKit/Source/JavaScriptCore/jsc.cpp:4686:13 (jsc+0x1caec5)
    #8 int runJSC<jscmain(int, char**)::$_0>(CommandLine const&, bool, jscmain(int, char**)::$_0 const&) /root/WebKit/Source/JavaScriptCore/jsc.cpp:4472:13 (jsc+0x1caec5)
    #9 jscmain(int, char**) /root/WebKit/Source/JavaScriptCore/jsc.cpp:4679:18 (jsc+0x1caec5)
    #10 main /root/WebKit/Source/JavaScriptCore/jsc.cpp:3715:15 (jsc+0x1c9743)

SUMMARY: ThreadSanitizer: data race /root/WebKit/WebKitBuild/TSan/WTF/Headers/wtf/Atomics.h:100:15 in WTF::Atomic<unsigned long>::compareExchangeStrong(unsigned long, unsigned long, std::memory_order)
==================
ThreadSanitizer: reported 6 warnings
