JSC: disabling useWasm under GIL-off (wasm glue still reads the raw VM-block exception word; not yet audited for UNGIL §A.1.3 COMPILED-FOR-VM; see AB-17 status block in VMEntryScope.cpp).
==================
WARNING: ThreadSanitizer: data race (pid=2020106)
  Read of size 8 at 0x7228000009e0 by thread T1:
    #0 JSC::JSObject::taggedButterflyWord() const /root/WebKit/Source/JavaScriptCore/runtime/JSObject.h:869:25 (jsc+0x16878dc)
    #1 JSC::JSObject::trySetIndexQuicklyConcurrent(JSC::VM&, unsigned int, JSC::JSValue, JSC::ArrayProfile*) /root/WebKit/Source/JavaScriptCore/runtime/JSObject.cpp:755:21 (jsc+0x16878dc)
    #2 JSC::JSObject::trySetIndexQuickly(JSC::VM&, unsigned int, JSC::JSValue, JSC::ArrayProfile*) /root/WebKit/Source/JavaScriptCore/runtime/JSObject.h:562:20 (jsc+0x7c8f26)
    #3 llint_slow_path_put_by_val /root/WebKit/Source/JavaScriptCore/llint/LLIntSlowPaths.cpp:1568:26 (jsc+0x108052e)
    #4 llint_op_put_by_val LowLevelInterpreter.cpp (jsc+0x1dfe723)
    #5 JSC::Interpreter::executeCall(JSC::JSObject*, JSC::CallData const&, JSC::JSValue, JSC::JSCell*, JSC::ArgList const&) /root/WebKit/Source/JavaScriptCore/interpreter/Interpreter.cpp (jsc+0xe81f6d)
    #6 JSC::call(JSC::JSGlobalObject*, JSC::JSValue, JSC::CallData const&, JSC::JSValue, JSC::ArgList const&) /root/WebKit/Source/JavaScriptCore/runtime/CallData.cpp:70:27 (jsc+0x1354881)
    #7 JSC::call(JSC::JSGlobalObject*, JSC::JSValue, JSC::CallData const&, JSC::JSValue, JSC::ArgList const&, WTF::NakedPtr<JSC::Exception>&) /root/WebKit/Source/JavaScriptCore/runtime/CallData.cpp:77:22 (jsc+0x1354881)
    #8 JSC::threadMain(JSC::VM&, WTF::Ref<JSC::ThreadState, WTF::RawPtrTraits<JSC::ThreadState>, WTF::DefaultRefDerefTraits<JSC::ThreadState>>) /root/WebKit/Source/JavaScriptCore/runtime/ThreadObject.cpp:241:30 (jsc+0x19922bc)
    #9 JSC::constructThread(JSC::JSGlobalObject*, JSC::CallFrame*)::$_0::operator()() /root/WebKit/Source/JavaScriptCore/runtime/ThreadObject.cpp:468:9 (jsc+0x19922bc)
    #10 WTF::Detail::CallableWrapper<JSC::constructThread(JSC::JSGlobalObject*, JSC::CallFrame*)::$_0, void>::call() /root/WebKit/WebKitBuild/TSan/WTF/Headers/wtf/Function.h:59:39 (jsc+0x19922bc)
    #11 WTF::Function<void ()>::operator()() const /root/WebKit/Source/WTF/wtf/Function.h:103:35 (jsc+0x259e245)
    #12 WTF::Thread::entryPoint(WTF::Thread::NewThreadContext*) /root/WebKit/Source/WTF/wtf/Threading.cpp:312:5 (jsc+0x259e245)
    #13 WTF::wtfThreadEntryPoint(void*) /root/WebKit/Source/WTF/wtf/posix/ThreadingPOSIX.cpp:264:5 (jsc+0x25fabf9)

  Previous atomic write of size 8 at 0x7228000009e0 by main thread:
    #0 std::__atomic_base<unsigned long>::compare_exchange_strong(unsigned long&, unsigned long, std::memory_order, std::memory_order) /usr/lib/gcc/x86_64-amazon-linux/14/../../../../include/c++/14/bits/atomic_base.h:573:9 (jsc+0x13dce2c)
    #1 std::__atomic_base<unsigned long>::compare_exchange_strong(unsigned long&, unsigned long, std::memory_order) /usr/lib/gcc/x86_64-amazon-linux/14/../../../../include/c++/14/bits/atomic_base.h:592:9 (jsc+0x13dce2c)
    #2 WTF::Atomic<unsigned long>::compareExchangeStrong(unsigned long, unsigned long, std::memory_order) /root/WebKit/WebKitBuild/TSan/WTF/Headers/wtf/Atomics.h:100:15 (jsc+0x13dce2c)
    #3 JSC::casButterfly(JSC::JSObjectWithButterfly*, unsigned long, unsigned long) /root/WebKit/Source/JavaScriptCore/runtime/ConcurrentButterfly.cpp:2183:58 (jsc+0x13dce2c)
    #4 JSC::tryGrowSegmentedVectorLength(JSC::VM&, JSC::JSObjectWithButterfly*, unsigned int) /root/WebKit/Source/JavaScriptCore/runtime/ConcurrentButterfly.cpp:2329:14 (jsc+0x13dce2c)
    #5 JSC::ensureLengthSlowConcurrent(JSC::VM&, JSC::JSObjectWithButterfly*, unsigned int) /root/WebKit/Source/JavaScriptCore/runtime/ConcurrentButterfly.cpp:2398:13 (jsc+0x13dd910)
    #6 JSC::JSObjectWithButterfly::putIndexConcurrent(JSC::VM&, unsigned int, JSC::JSValue) /root/WebKit/Source/JavaScriptCore/runtime/ConcurrentButterfly.cpp:2667:14 (jsc+0x13de7b7)
    #7 JSC::JSObject::putByIndex(JSC::JSCell*, JSC::JSGlobalObject*, unsigned int, JSC::JSValue, bool) /root/WebKit/Source/JavaScriptCore/runtime/JSObject.cpp:1691:29 (jsc+0x168738d)
    #8 llint_slow_path_put_by_val /root/WebKit/Source/JavaScriptCore/llint/LLIntSlowPaths.cpp:1569:17 (jsc+0x108059f)
    #9 llint_op_put_by_val LowLevelInterpreter.cpp (jsc+0x1dfe723)
    #10 JSC::evaluate(JSC::JSGlobalObject*, JSC::SourceCode const&, JSC::JSValue, WTF::NakedPtr<JSC::Exception>&) /root/WebKit/Source/JavaScriptCore/runtime/Completion.cpp:145:37 (jsc+0x13b6e85)
    #11 runWithOptions(GlobalObject*, CommandLine&, bool&) /root/WebKit/Source/JavaScriptCore/jsc.cpp:3957:35 (jsc+0x1caec5)
    #12 jscmain(int, char**)::$_0::operator()(JSC::VM&, GlobalObject*, bool&) const /root/WebKit/Source/JavaScriptCore/jsc.cpp:4686:13 (jsc+0x1caec5)
    #13 int runJSC<jscmain(int, char**)::$_0>(CommandLine const&, bool, jscmain(int, char**)::$_0 const&) /root/WebKit/Source/JavaScriptCore/jsc.cpp:4472:13 (jsc+0x1caec5)
    #14 jscmain(int, char**) /root/WebKit/Source/JavaScriptCore/jsc.cpp:4679:18 (jsc+0x1caec5)
    #15 main /root/WebKit/Source/JavaScriptCore/jsc.cpp:3715:15 (jsc+0x1c9743)

  Location is heap block of size 152 at 0x722800000960 allocated by main thread:
    #0 malloc /home/runner/work/llvm-project/llvm-project/compiler-rt/lib/tsan/rtl/tsan_interceptors_posix.cpp:682:5 (jsc+0x13dc20)
    #1 bmalloc::api::tryMalloc(unsigned long, bmalloc::CompactAllocationMode, bmalloc::HeapKind) /root/WebKit/WebKitBuild/TSan/bmalloc/Headers/bmalloc/bmalloc.h:76:12 (jsc+0x25812dd)
    #2 WTF::tryFastCompactMalloc(unsigned long) /root/WebKit/Source/WTF/wtf/FastMalloc.cpp:566:20 (jsc+0x25812dd)
    #3 WTF::FastCompactMalloc::tryMalloc(unsigned long) /root/WebKit/WebKitBuild/TSan/WTF/Headers/wtf/FastMalloc.h:291:23 (jsc+0xdb5545)
    #4 JSC::FastMallocAlignedMemoryAllocator::tryAllocateMemory(unsigned long) /root/WebKit/Source/JavaScriptCore/heap/FastMallocAlignedMemoryAllocator.cpp:72:12 (jsc+0xdb5545)
    #5 JSC::PreciseAllocation::tryCreateForLowerTierPrecise(JSC::Heap&, unsigned long, JSC::Subspace*, unsigned char) /root/WebKit/Source/JavaScriptCore/heap/PreciseAllocation.cpp:173:55 (jsc+0xe4fd43)
    #6 JSC::IsoSubspace::tryAllocateLowerTierPrecise(unsigned long) /root/WebKit/Source/JavaScriptCore/heap/IsoSubspace.cpp:108:41 (jsc+0xe2a1a1)
    #7 JSC::LocalAllocator::allocateSlowCase(JSC::Heap&, unsigned long, JSC::GCDeferralContext*, JSC::AllocationFailureMode) /root/WebKit/Source/JavaScriptCore/heap/LocalAllocator.cpp:215:65 (jsc+0xe3be47)
    #8 JSC::LocalAllocator::allocate(JSC::Heap&, unsigned long, JSC::GCDeferralContext*, JSC::AllocationFailureMode)::'lambda'()::operator()() const /root/WebKit/WebKitBuild/TSan/JavaScriptCore/PrivateHeaders/JavaScriptCore/LocalAllocatorInlines.h:53:43 (jsc+0x1d120e)
    #9 JSC::HeapCell* JSC::FreeList::allocateWithCellSize<JSC::LocalAllocator::allocate(JSC::Heap&, unsigned long, JSC::GCDeferralContext*, JSC::AllocationFailureMode)::'lambda'()>(JSC::LocalAllocator::allocate(JSC::Heap&, unsigned long, JSC::GCDeferralContext*, JSC::AllocationFailureMode)::'lambda'() const&, unsigned long) /root/WebKit/WebKitBuild/TSan/JavaScriptCore/PrivateHeaders/JavaScriptCore/FreeListInlines.h:46:16 (jsc+0x252dc7)
    #10 JSC::LocalAllocator::allocate(JSC::Heap&, unsigned long, JSC::GCDeferralContext*, JSC::AllocationFailureMode) /root/WebKit/WebKitBuild/TSan/JavaScriptCore/PrivateHeaders/JavaScriptCore/LocalAllocatorInlines.h:50:23 (jsc+0x252dc7)
    #11 JSC::GCClient::IsoSubspace::allocate(JSC::VM&, unsigned long, JSC::GCDeferralContext*, JSC::AllocationFailureMode) /root/WebKit/WebKitBuild/TSan/JavaScriptCore/PrivateHeaders/JavaScriptCore/IsoSubspaceInlines.h:42:29 (jsc+0x252dc7)
    #12 void* JSC::tryAllocateCellHelper<JSC::JSArray, (JSC::AllocationFailureMode)0>(JSC::VM&, unsigned long, JSC::GCDeferralContext*) /root/WebKit/WebKitBuild/TSan/JavaScriptCore/PrivateHeaders/JavaScriptCore/JSCellInlines.h:212:63 (jsc+0x252dc7)
    #13 void* JSC::allocateCell<JSC::JSArray>(JSC::VM&, JSC::GCDeferralContext*, unsigned long) /root/WebKit/WebKitBuild/TSan/JavaScriptCore/PrivateHeaders/JavaScriptCore/JSCellInlines.h:244:12 (jsc+0x252dc7)
    #14 JSC::JSArray::createWithButterfly(JSC::VM&, JSC::GCDeferralContext*, JSC::Structure*, JSC::Butterfly*) /root/WebKit/Source/JavaScriptCore/runtime/JSArray.h:244:36 (jsc+0x13b5176)
    #15 JSC::CommonSlowPaths::allocateNewArrayBuffer(JSC::VM&, JSC::Structure*, JSC::JSCellButterfly*) /root/WebKit/Source/JavaScriptCore/runtime/CommonSlowPaths.h:241:23 (jsc+0x13b5176)
    #16 slow_path_new_array_buffer /root/WebKit/Source/JavaScriptCore/runtime/CommonSlowPaths.cpp:1668:23 (jsc+0x13b5176)
    #17 llint_op_new_array_buffer LowLevelInterpreter.cpp (jsc+0x1e0bf49)
    #18 JSC::evaluate(JSC::JSGlobalObject*, JSC::SourceCode const&, JSC::JSValue, WTF::NakedPtr<JSC::Exception>&) /root/WebKit/Source/JavaScriptCore/runtime/Completion.cpp:145:37 (jsc+0x13b6e85)
    #19 runWithOptions(GlobalObject*, CommandLine&, bool&) /root/WebKit/Source/JavaScriptCore/jsc.cpp:3957:35 (jsc+0x1caec5)
    #20 jscmain(int, char**)::$_0::operator()(JSC::VM&, GlobalObject*, bool&) const /root/WebKit/Source/JavaScriptCore/jsc.cpp:4686:13 (jsc+0x1caec5)
    #21 int runJSC<jscmain(int, char**)::$_0>(CommandLine const&, bool, jscmain(int, char**)::$_0 const&) /root/WebKit/Source/JavaScriptCore/jsc.cpp:4472:13 (jsc+0x1caec5)
    #22 jscmain(int, char**) /root/WebKit/Source/JavaScriptCore/jsc.cpp:4679:18 (jsc+0x1caec5)
    #23 main /root/WebKit/Source/JavaScriptCore/jsc.cpp:3715:15 (jsc+0x1c9743)

  Thread T1 'JS Thread' (tid=2020122, running) created by main thread at:
    #0 pthread_create /home/runner/work/llvm-project/llvm-project/compiler-rt/lib/tsan/rtl/tsan_interceptors_posix.cpp:1090:3 (jsc+0x13ff1a)
    #1 WTF::Thread::establishHandle(WTF::Thread::NewThreadContext&, WTF::StackAllocationSpecification, WTF::ThreadQOS, WTF::ThreadSchedulingPolicy) /root/WebKit/Source/WTF/wtf/posix/ThreadingPOSIX.cpp:354:17 (jsc+0x25faae5)
    #2 WTF::Thread::create(WTF::ASCIILiteral, WTF::Function<void ()>&&, WTF::ThreadType, WTF::ThreadQOS, WTF::ThreadSchedulingPolicy, WTF::StackAllocationSpecification) /root/WebKit/Source/WTF/wtf/Threading.cpp:330:32 (jsc+0x259e583)
    #3 JSC::constructThread(JSC::JSGlobalObject*, JSC::CallFrame*) /root/WebKit/Source/JavaScriptCore/runtime/ThreadObject.cpp:467:5 (jsc+0x198a6df)
    #4 <null> <null> (0x7fed705ff217)
    #5 JSC::evaluate(JSC::JSGlobalObject*, JSC::SourceCode const&, JSC::JSValue, WTF::NakedPtr<JSC::Exception>&) /root/WebKit/Source/JavaScriptCore/runtime/Completion.cpp:145:37 (jsc+0x13b6e85)
    #6 runWithOptions(GlobalObject*, CommandLine&, bool&) /root/WebKit/Source/JavaScriptCore/jsc.cpp:3957:35 (jsc+0x1caec5)
    #7 jscmain(int, char**)::$_0::operator()(JSC::VM&, GlobalObject*, bool&) const /root/WebKit/Source/JavaScriptCore/jsc.cpp:4686:13 (jsc+0x1caec5)
    #8 int runJSC<jscmain(int, char**)::$_0>(CommandLine const&, bool, jscmain(int, char**)::$_0 const&) /root/WebKit/Source/JavaScriptCore/jsc.cpp:4472:13 (jsc+0x1caec5)
    #9 jscmain(int, char**) /root/WebKit/Source/JavaScriptCore/jsc.cpp:4679:18 (jsc+0x1caec5)
    #10 main /root/WebKit/Source/JavaScriptCore/jsc.cpp:3715:15 (jsc+0x1c9743)

SUMMARY: ThreadSanitizer: data race /root/WebKit/Source/JavaScriptCore/runtime/JSObject.h:869:25 in JSC::JSObject::taggedButterflyWord() const
==================
==================
WARNING: ThreadSanitizer: data race (pid=2020106)
  Read of size 8 at 0x722800000a90 by thread T3:
    #0 JSC::JSObject::taggedButterflyWord() const /root/WebKit/Source/JavaScriptCore/runtime/JSObject.h:869:25 (jsc+0x16878dc)
    #1 JSC::JSObject::trySetIndexQuicklyConcurrent(JSC::VM&, unsigned int, JSC::JSValue, JSC::ArrayProfile*) /root/WebKit/Source/JavaScriptCore/runtime/JSObject.cpp:755:21 (jsc+0x16878dc)
    #2 JSC::JSObject::trySetIndexQuickly(JSC::VM&, unsigned int, JSC::JSValue, JSC::ArrayProfile*) /root/WebKit/Source/JavaScriptCore/runtime/JSObject.h:562:20 (jsc+0x7c8f26)
    #3 llint_slow_path_put_by_val /root/WebKit/Source/JavaScriptCore/llint/LLIntSlowPaths.cpp:1568:26 (jsc+0x108052e)
    #4 llint_op_put_by_val LowLevelInterpreter.cpp (jsc+0x1dfe723)
    #5 JSC::Interpreter::executeCall(JSC::JSObject*, JSC::CallData const&, JSC::JSValue, JSC::JSCell*, JSC::ArgList const&) /root/WebKit/Source/JavaScriptCore/interpreter/Interpreter.cpp (jsc+0xe81f6d)
    #6 JSC::call(JSC::JSGlobalObject*, JSC::JSValue, JSC::CallData const&, JSC::JSValue, JSC::ArgList const&) /root/WebKit/Source/JavaScriptCore/runtime/CallData.cpp:70:27 (jsc+0x1354881)
    #7 JSC::call(JSC::JSGlobalObject*, JSC::JSValue, JSC::CallData const&, JSC::JSValue, JSC::ArgList const&, WTF::NakedPtr<JSC::Exception>&) /root/WebKit/Source/JavaScriptCore/runtime/CallData.cpp:77:22 (jsc+0x1354881)
    #8 JSC::threadMain(JSC::VM&, WTF::Ref<JSC::ThreadState, WTF::RawPtrTraits<JSC::ThreadState>, WTF::DefaultRefDerefTraits<JSC::ThreadState>>) /root/WebKit/Source/JavaScriptCore/runtime/ThreadObject.cpp:241:30 (jsc+0x19922bc)
    #9 JSC::constructThread(JSC::JSGlobalObject*, JSC::CallFrame*)::$_0::operator()() /root/WebKit/Source/JavaScriptCore/runtime/ThreadObject.cpp:468:9 (jsc+0x19922bc)
    #10 WTF::Detail::CallableWrapper<JSC::constructThread(JSC::JSGlobalObject*, JSC::CallFrame*)::$_0, void>::call() /root/WebKit/WebKitBuild/TSan/WTF/Headers/wtf/Function.h:59:39 (jsc+0x19922bc)
    #11 WTF::Function<void ()>::operator()() const /root/WebKit/Source/WTF/wtf/Function.h:103:35 (jsc+0x259e245)
    #12 WTF::Thread::entryPoint(WTF::Thread::NewThreadContext*) /root/WebKit/Source/WTF/wtf/Threading.cpp:312:5 (jsc+0x259e245)
    #13 WTF::wtfThreadEntryPoint(void*) /root/WebKit/Source/WTF/wtf/posix/ThreadingPOSIX.cpp:264:5 (jsc+0x25fabf9)

  Previous atomic write of size 8 at 0x722800000a90 by main thread:
    #0 std::__atomic_base<unsigned long>::compare_exchange_strong(unsigned long&, unsigned long, std::memory_order, std::memory_order) /usr/lib/gcc/x86_64-amazon-linux/14/../../../../include/c++/14/bits/atomic_base.h:573:9 (jsc+0x13dce2c)
    #1 std::__atomic_base<unsigned long>::compare_exchange_strong(unsigned long&, unsigned long, std::memory_order) /usr/lib/gcc/x86_64-amazon-linux/14/../../../../include/c++/14/bits/atomic_base.h:592:9 (jsc+0x13dce2c)
    #2 WTF::Atomic<unsigned long>::compareExchangeStrong(unsigned long, unsigned long, std::memory_order) /root/WebKit/WebKitBuild/TSan/WTF/Headers/wtf/Atomics.h:100:15 (jsc+0x13dce2c)
    #3 JSC::casButterfly(JSC::JSObjectWithButterfly*, unsigned long, unsigned long) /root/WebKit/Source/JavaScriptCore/runtime/ConcurrentButterfly.cpp:2183:58 (jsc+0x13dce2c)
    #4 JSC::tryGrowSegmentedVectorLength(JSC::VM&, JSC::JSObjectWithButterfly*, unsigned int) /root/WebKit/Source/JavaScriptCore/runtime/ConcurrentButterfly.cpp:2329:14 (jsc+0x13dce2c)
    #5 JSC::ensureLengthSlowConcurrent(JSC::VM&, JSC::JSObjectWithButterfly*, unsigned int) /root/WebKit/Source/JavaScriptCore/runtime/ConcurrentButterfly.cpp:2398:13 (jsc+0x13dd910)
    #6 JSC::JSObjectWithButterfly::putIndexConcurrent(JSC::VM&, unsigned int, JSC::JSValue) /root/WebKit/Source/JavaScriptCore/runtime/ConcurrentButterfly.cpp:2667:14 (jsc+0x13de7b7)
    #7 JSC::JSObject::putByIndex(JSC::JSCell*, JSC::JSGlobalObject*, unsigned int, JSC::JSValue, bool) /root/WebKit/Source/JavaScriptCore/runtime/JSObject.cpp:1691:29 (jsc+0x168738d)
    #8 JSC::putByVal(JSC::JSGlobalObject*, JSC::JSValue, JSC::JSValue, JSC::JSValue, JSC::ArrayProfile*, JSC::ECMAMode) /root/WebKit/Source/JavaScriptCore/jit/JITOperations.cpp (jsc+0xfa7d31)
    #9 JSC::putByValOptimize(JSC::JSGlobalObject*, JSC::CodeBlock*, JSC::JSValue, JSC::JSValue, JSC::JSValue, JSC::PropertyInlineCache*, JSC::ArrayProfile*, JSC::PutByKind) /root/WebKit/Source/JavaScriptCore/jit/JITOperations.cpp:1823:5 (jsc+0xfa66c4)
    #10 operationPutByValSloppyOptimize /root/WebKit/Source/JavaScriptCore/jit/JITOperations.cpp:1854:5 (jsc+0xfa6924)
    #11 <null> <null> (0x7fed70602b24)
    #12 JSC::evaluate(JSC::JSGlobalObject*, JSC::SourceCode const&, JSC::JSValue, WTF::NakedPtr<JSC::Exception>&) /root/WebKit/Source/JavaScriptCore/runtime/Completion.cpp:145:37 (jsc+0x13b6e85)
    #13 runWithOptions(GlobalObject*, CommandLine&, bool&) /root/WebKit/Source/JavaScriptCore/jsc.cpp:3957:35 (jsc+0x1caec5)
    #14 jscmain(int, char**)::$_0::operator()(JSC::VM&, GlobalObject*, bool&) const /root/WebKit/Source/JavaScriptCore/jsc.cpp:4686:13 (jsc+0x1caec5)
    #15 int runJSC<jscmain(int, char**)::$_0>(CommandLine const&, bool, jscmain(int, char**)::$_0 const&) /root/WebKit/Source/JavaScriptCore/jsc.cpp:4472:13 (jsc+0x1caec5)
    #16 jscmain(int, char**) /root/WebKit/Source/JavaScriptCore/jsc.cpp:4679:18 (jsc+0x1caec5)
    #17 main /root/WebKit/Source/JavaScriptCore/jsc.cpp:3715:15 (jsc+0x1c9743)

  Location is heap block of size 152 at 0x722800000a00 allocated by main thread:
    #0 malloc /home/runner/work/llvm-project/llvm-project/compiler-rt/lib/tsan/rtl/tsan_interceptors_posix.cpp:682:5 (jsc+0x13dc20)
    #1 bmalloc::api::tryMalloc(unsigned long, bmalloc::CompactAllocationMode, bmalloc::HeapKind) /root/WebKit/WebKitBuild/TSan/bmalloc/Headers/bmalloc/bmalloc.h:76:12 (jsc+0x25812dd)
    #2 WTF::tryFastCompactMalloc(unsigned long) /root/WebKit/Source/WTF/wtf/FastMalloc.cpp:566:20 (jsc+0x25812dd)
    #3 WTF::FastCompactMalloc::tryMalloc(unsigned long) /root/WebKit/WebKitBuild/TSan/WTF/Headers/wtf/FastMalloc.h:291:23 (jsc+0xdb5545)
    #4 JSC::FastMallocAlignedMemoryAllocator::tryAllocateMemory(unsigned long) /root/WebKit/Source/JavaScriptCore/heap/FastMallocAlignedMemoryAllocator.cpp:72:12 (jsc+0xdb5545)
    #5 JSC::PreciseAllocation::tryCreateForLowerTierPrecise(JSC::Heap&, unsigned long, JSC::Subspace*, unsigned char) /root/WebKit/Source/JavaScriptCore/heap/PreciseAllocation.cpp:173:55 (jsc+0xe4fd43)
    #6 JSC::IsoSubspace::tryAllocateLowerTierPrecise(unsigned long) /root/WebKit/Source/JavaScriptCore/heap/IsoSubspace.cpp:108:41 (jsc+0xe2a1a1)
    #7 JSC::LocalAllocator::allocateSlowCase(JSC::Heap&, unsigned long, JSC::GCDeferralContext*, JSC::AllocationFailureMode) /root/WebKit/Source/JavaScriptCore/heap/LocalAllocator.cpp:215:65 (jsc+0xe3be47)
    #8 JSC::LocalAllocator::allocate(JSC::Heap&, unsigned long, JSC::GCDeferralContext*, JSC::AllocationFailureMode)::'lambda'()::operator()() const /root/WebKit/WebKitBuild/TSan/JavaScriptCore/PrivateHeaders/JavaScriptCore/LocalAllocatorInlines.h:53:43 (jsc+0x1d120e)
    #9 JSC::HeapCell* JSC::FreeList::allocateWithCellSize<JSC::LocalAllocator::allocate(JSC::Heap&, unsigned long, JSC::GCDeferralContext*, JSC::AllocationFailureMode)::'lambda'()>(JSC::LocalAllocator::allocate(JSC::Heap&, unsigned long, JSC::GCDeferralContext*, JSC::AllocationFailureMode)::'lambda'() const&, unsigned long) /root/WebKit/WebKitBuild/TSan/JavaScriptCore/PrivateHeaders/JavaScriptCore/FreeListInlines.h:46:16 (jsc+0x252dc7)
    #10 JSC::LocalAllocator::allocate(JSC::Heap&, unsigned long, JSC::GCDeferralContext*, JSC::AllocationFailureMode) /root/WebKit/WebKitBuild/TSan/JavaScriptCore/PrivateHeaders/JavaScriptCore/LocalAllocatorInlines.h:50:23 (jsc+0x252dc7)
    #11 JSC::GCClient::IsoSubspace::allocate(JSC::VM&, unsigned long, JSC::GCDeferralContext*, JSC::AllocationFailureMode) /root/WebKit/WebKitBuild/TSan/JavaScriptCore/PrivateHeaders/JavaScriptCore/IsoSubspaceInlines.h:42:29 (jsc+0x252dc7)
    #12 void* JSC::tryAllocateCellHelper<JSC::JSArray, (JSC::AllocationFailureMode)0>(JSC::VM&, unsigned long, JSC::GCDeferralContext*) /root/WebKit/WebKitBuild/TSan/JavaScriptCore/PrivateHeaders/JavaScriptCore/JSCellInlines.h:212:63 (jsc+0x252dc7)
    #13 void* JSC::allocateCell<JSC::JSArray>(JSC::VM&, JSC::GCDeferralContext*, unsigned long) /root/WebKit/WebKitBuild/TSan/JavaScriptCore/PrivateHeaders/JavaScriptCore/JSCellInlines.h:244:12 (jsc+0x252dc7)
    #14 JSC::JSArray::createWithButterfly(JSC::VM&, JSC::GCDeferralContext*, JSC::Structure*, JSC::Butterfly*) /root/WebKit/Source/JavaScriptCore/runtime/JSArray.h:244:36 (jsc+0x13b5176)
    #15 JSC::CommonSlowPaths::allocateNewArrayBuffer(JSC::VM&, JSC::Structure*, JSC::JSCellButterfly*) /root/WebKit/Source/JavaScriptCore/runtime/CommonSlowPaths.h:241:23 (jsc+0x13b5176)
    #16 slow_path_new_array_buffer /root/WebKit/Source/JavaScriptCore/runtime/CommonSlowPaths.cpp:1668:23 (jsc+0x13b5176)
    #17 <null> <null> (0x7fed7060207f)
    #18 JSC::evaluate(JSC::JSGlobalObject*, JSC::SourceCode const&, JSC::JSValue, WTF::NakedPtr<JSC::Exception>&) /root/WebKit/Source/JavaScriptCore/runtime/Completion.cpp:145:37 (jsc+0x13b6e85)
    #19 runWithOptions(GlobalObject*, CommandLine&, bool&) /root/WebKit/Source/JavaScriptCore/jsc.cpp:3957:35 (jsc+0x1caec5)
    #20 jscmain(int, char**)::$_0::operator()(JSC::VM&, GlobalObject*, bool&) const /root/WebKit/Source/JavaScriptCore/jsc.cpp:4686:13 (jsc+0x1caec5)
    #21 int runJSC<jscmain(int, char**)::$_0>(CommandLine const&, bool, jscmain(int, char**)::$_0 const&) /root/WebKit/Source/JavaScriptCore/jsc.cpp:4472:13 (jsc+0x1caec5)
    #22 jscmain(int, char**) /root/WebKit/Source/JavaScriptCore/jsc.cpp:4679:18 (jsc+0x1caec5)
    #23 main /root/WebKit/Source/JavaScriptCore/jsc.cpp:3715:15 (jsc+0x1c9743)

  Thread T3 'JS Thread' (tid=2020253, running) created by main thread at:
    #0 pthread_create /home/runner/work/llvm-project/llvm-project/compiler-rt/lib/tsan/rtl/tsan_interceptors_posix.cpp:1090:3 (jsc+0x13ff1a)
    #1 WTF::Thread::establishHandle(WTF::Thread::NewThreadContext&, WTF::StackAllocationSpecification, WTF::ThreadQOS, WTF::ThreadSchedulingPolicy) /root/WebKit/Source/WTF/wtf/posix/ThreadingPOSIX.cpp:354:17 (jsc+0x25faae5)
    #2 WTF::Thread::create(WTF::ASCIILiteral, WTF::Function<void ()>&&, WTF::ThreadType, WTF::ThreadQOS, WTF::ThreadSchedulingPolicy, WTF::StackAllocationSpecification) /root/WebKit/Source/WTF/wtf/Threading.cpp:330:32 (jsc+0x259e583)
    #3 JSC::constructThread(JSC::JSGlobalObject*, JSC::CallFrame*) /root/WebKit/Source/JavaScriptCore/runtime/ThreadObject.cpp:467:5 (jsc+0x198a6df)
    #4 <null> <null> (0x7fed705ff217)
    #5 JSC::evaluate(JSC::JSGlobalObject*, JSC::SourceCode const&, JSC::JSValue, WTF::NakedPtr<JSC::Exception>&) /root/WebKit/Source/JavaScriptCore/runtime/Completion.cpp:145:37 (jsc+0x13b6e85)
    #6 runWithOptions(GlobalObject*, CommandLine&, bool&) /root/WebKit/Source/JavaScriptCore/jsc.cpp:3957:35 (jsc+0x1caec5)
    #7 jscmain(int, char**)::$_0::operator()(JSC::VM&, GlobalObject*, bool&) const /root/WebKit/Source/JavaScriptCore/jsc.cpp:4686:13 (jsc+0x1caec5)
    #8 int runJSC<jscmain(int, char**)::$_0>(CommandLine const&, bool, jscmain(int, char**)::$_0 const&) /root/WebKit/Source/JavaScriptCore/jsc.cpp:4472:13 (jsc+0x1caec5)
    #9 jscmain(int, char**) /root/WebKit/Source/JavaScriptCore/jsc.cpp:4679:18 (jsc+0x1caec5)
    #10 main /root/WebKit/Source/JavaScriptCore/jsc.cpp:3715:15 (jsc+0x1c9743)

SUMMARY: ThreadSanitizer: data race /root/WebKit/Source/JavaScriptCore/runtime/JSObject.h:869:25 in JSC::JSObject::taggedButterflyWord() const
==================
==================
WARNING: ThreadSanitizer: data race (pid=2020106)
  Atomic read of size 8 at 0x72a000002e08 by thread T2:
    #0 std::__atomic_base<unsigned long>::load(std::memory_order) const /usr/lib/gcc/x86_64-amazon-linux/14/../../../../include/c++/14/bits/atomic_base.h:501:9 (jsc+0x3b4156)
    #1 WTF::Atomic<unsigned long>::load(std::memory_order) const /root/WebKit/WebKitBuild/TSan/WTF/Headers/wtf/Atomics.h:55:100 (jsc+0x3b4156)
    #2 unsigned long WTF::atomicLoad<unsigned long>(unsigned long*, std::memory_order) /root/WebKit/WebKitBuild/TSan/WTF/Headers/wtf/Atomics.h:162:49 (jsc+0x3b4156)
    #3 JSC::JSString::fiberConcurrently() const /root/WebKit/WebKitBuild/TSan/JavaScriptCore/PrivateHeaders/JavaScriptCore/JSString.h:316:50 (jsc+0x3b4156)
    #4 JSC::JSString::tryGetValueImpl() const /root/WebKit/WebKitBuild/TSan/JavaScriptCore/PrivateHeaders/JavaScriptCore/JSString.h:825:25 (jsc+0x3b4156)
    #5 JSC::speculationFromCell(JSC::JSCell*) /root/WebKit/Source/JavaScriptCore/bytecode/SpeculatedType.cpp:604:46 (jsc+0x3b4156)
    #6 JSC::speculationFromValue(JSC::JSValue) /root/WebKit/Source/JavaScriptCore/bytecode/SpeculatedType.cpp:640:16 (jsc+0x3b4156)
    #7 JSC::ValueProfileBase<1u, 1u>::computeUpdatedPrediction(JSC::ConcurrentJSLocker const&) /root/WebKit/Source/JavaScriptCore/bytecode/ValueProfile.h:184:38 (jsc+0x29be9a)
    #8 _ZZN3JSC9CodeBlock55updateAllNonLazyValueProfilePredictionsAndCountLivenessERKNS_18ConcurrentJSLockerERjS4_ENK3$_0clINS_20ArgumentValueProfileEEEDaRT_b /root/WebKit/Source/JavaScriptCore/bytecode/CodeBlock.cpp:3324:21 (jsc+0x29be9a)
    #9 void JSC::CodeBlock::forEachValueProfile<JSC::CodeBlock::updateAllNonLazyValueProfilePredictionsAndCountLiveness(JSC::ConcurrentJSLocker const&, unsigned int&, unsigned int&)::$_0>(JSC::CodeBlock::updateAllNonLazyValueProfilePredictionsAndCountLiveness(JSC::ConcurrentJSLocker const&, unsigned int&, unsigned int&)::$_0 const&) /root/WebKit/Source/JavaScriptCore/bytecode/CodeBlockInlines.h:42:9 (jsc+0x29be9a)
    #10 JSC::CodeBlock::updateAllNonLazyValueProfilePredictionsAndCountLiveness(JSC::ConcurrentJSLocker const&, unsigned int&, unsigned int&) /root/WebKit/Source/JavaScriptCore/bytecode/CodeBlock.cpp:3316:5 (jsc+0x29be9a)
    #11 JSC::CodeBlock::updateAllNonLazyValueProfilePredictions(JSC::ConcurrentJSLocker const&) /root/WebKit/Source/JavaScriptCore/bytecode/CodeBlock.cpp:3352:5 (jsc+0x29c2f1)
    #12 JSC::BaselineJITPlan::compileInThreadImpl(JSC::JITCompilationEffort) /root/WebKit/Source/JavaScriptCore/jit/BaselineJITPlan.cpp:46:22 (jsc+0xea30a7)
    #13 JSC::BaselineJITPlan::compileInThreadImpl() /root/WebKit/Source/JavaScriptCore/jit/BaselineJITPlan.cpp:78:12 (jsc+0xea358b)
    #14 JSC::JITPlan::compileInThread(JSC::JITWorklistThread*) /root/WebKit/Source/JavaScriptCore/jit/JITPlan.cpp:283:28 (jsc+0xfd4afd)
    #15 JSC::JITWorklistThread::work() /root/WebKit/Source/JavaScriptCore/jit/JITWorklistThread.cpp:145:13 (jsc+0x103f30b)
    #16 WTF::AutomaticThread::start(WTF::AbstractLocker const&)::$_0::operator()() const /root/WebKit/Source/WTF/wtf/AutomaticThread.cpp:260:37 (jsc+0x2572ebc)
    #17 WTF::Detail::CallableWrapper<WTF::AutomaticThread::start(WTF::AbstractLocker const&)::$_0, void>::call() /root/WebKit/Source/WTF/wtf/Function.h:59:39 (jsc+0x2572ebc)
    #18 WTF::Function<void ()>::operator()() const /root/WebKit/Source/WTF/wtf/Function.h:103:35 (jsc+0x259e245)
    #19 WTF::Thread::entryPoint(WTF::Thread::NewThreadContext*) /root/WebKit/Source/WTF/wtf/Threading.cpp:312:5 (jsc+0x259e245)
    #20 WTF::wtfThreadEntryPoint(void*) /root/WebKit/Source/WTF/wtf/posix/ThreadingPOSIX.cpp:264:5 (jsc+0x25fabf9)

  Previous write of size 8 at 0x72a000002e08 by main thread:
    #0 WTF::RefPtr<WTF::StringImpl, WTF::RawPtrTraits<WTF::StringImpl>, WTF::DefaultRefDerefTraits<WTF::StringImpl>>::RefPtr<WTF::StringImpl, WTF::RawPtrTraits<WTF::StringImpl>>(WTF::Ref<WTF::StringImpl, WTF::RawPtrTraits<WTF::StringImpl>, WTF::DefaultRefDerefTraits<WTF::StringImpl>>&&) /root/WebKit/WebKitBuild/TSan/WTF/Headers/wtf/RefPtr.h:172:7 (jsc+0x7c6b7c)
    #1 WTF::String::String(WTF::Ref<WTF::StringImpl, WTF::RawPtrTraits<WTF::StringImpl>, WTF::DefaultRefDerefTraits<WTF::StringImpl>>&&) /root/WebKit/WebKitBuild/TSan/WTF/Headers/wtf/text/WTFString.h:439:7 (jsc+0x7c6b7c)
    #2 JSC::JSString::JSString(JSC::VM&, WTF::Ref<WTF::StringImpl, WTF::RawPtrTraits<WTF::StringImpl>, WTF::DefaultRefDerefTraits<WTF::StringImpl>>&&) /root/WebKit/WebKitBuild/TSan/JavaScriptCore/PrivateHeaders/JavaScriptCore/JSString.h:169:45 (jsc+0x7c6b7c)
    #3 JSC::JSString::create(JSC::VM&, WTF::Ref<WTF::StringImpl, WTF::RawPtrTraits<WTF::StringImpl>, WTF::DefaultRefDerefTraits<WTF::StringImpl>>&&) /root/WebKit/WebKitBuild/TSan/JavaScriptCore/PrivateHeaders/JavaScriptCore/JSString.h:208:73 (jsc+0x7c6b7c)
    #4 JSC::jsString(JSC::JSGlobalObject*, JSC::JSString*, WTF::String const&) /root/WebKit/Source/JavaScriptCore/runtime/OperationsInlines.h:141:12 (jsc+0x7c6b7c)
    #5 JSC::jsAddNonNumber(JSC::JSGlobalObject*, JSC::JSValue, JSC::JSValue) /root/WebKit/Source/JavaScriptCore/runtime/OperationsInlines.h:555:9 (jsc+0x75045f)
    #6 JSC::jsAdd(JSC::JSGlobalObject*, JSC::JSValue, JSC::JSValue) /root/WebKit/Source/JavaScriptCore/runtime/OperationsInlines.h:567:12 (jsc+0xfca1b1)
    #7 operationValueAddProfiledOptimize /root/WebKit/Source/JavaScriptCore/jit/JITOperations.cpp:5072:22 (jsc+0xfca1b1)
    #8 <null> <null> (0x7fedb05fe7c3)
    #9 JSC::evaluate(JSC::JSGlobalObject*, JSC::SourceCode const&, JSC::JSValue, WTF::NakedPtr<JSC::Exception>&) /root/WebKit/Source/JavaScriptCore/runtime/Completion.cpp:145:37 (jsc+0x13b6e85)
    #10 runWithOptions(GlobalObject*, CommandLine&, bool&) /root/WebKit/Source/JavaScriptCore/jsc.cpp:3957:35 (jsc+0x1caec5)
    #11 jscmain(int, char**)::$_0::operator()(JSC::VM&, GlobalObject*, bool&) const /root/WebKit/Source/JavaScriptCore/jsc.cpp:4686:13 (jsc+0x1caec5)
    #12 int runJSC<jscmain(int, char**)::$_0>(CommandLine const&, bool, jscmain(int, char**)::$_0 const&) /root/WebKit/Source/JavaScriptCore/jsc.cpp:4472:13 (jsc+0x1caec5)
    #13 jscmain(int, char**) /root/WebKit/Source/JavaScriptCore/jsc.cpp:4679:18 (jsc+0x1caec5)
    #14 main /root/WebKit/Source/JavaScriptCore/jsc.cpp:3715:15 (jsc+0x1c9743)

  Location is heap block of size 16384 at 0x72a000000000 allocated by main thread:
    #0 aligned_alloc /home/runner/work/llvm-project/llvm-project/compiler-rt/lib/tsan/rtl/tsan_interceptors_posix.cpp:885:3 (jsc+0x13f40e)
    #1 bmalloc::api::tryMemalign(unsigned long, unsigned long, bmalloc::CompactAllocationMode, bmalloc::HeapKind) /root/WebKit/WebKitBuild/TSan/bmalloc/Headers/bmalloc/bmalloc.h:158:12 (jsc+0x25812a0)
    #2 WTF::tryFastCompactAlignedMalloc(unsigned long, unsigned long) /root/WebKit/Source/WTF/wtf/FastMalloc.cpp:553:20 (jsc+0x25812a0)
    #3 JSC::FastMallocAlignedMemoryAllocator::tryAllocateAlignedMemory(unsigned long, unsigned long) /root/WebKit/Source/JavaScriptCore/heap/FastMallocAlignedMemoryAllocator.cpp:47:12 (jsc+0xdb5480)
    #4 JSC::MarkedBlock::tryCreate(JSC::Heap&, JSC::AlignedMemoryAllocator*) /root/WebKit/Source/JavaScriptCore/heap/MarkedBlock.cpp:138:48 (jsc+0xe40eb7)
    #5 JSC::BlockDirectory::tryAllocateBlock(WTF::AbstractLocker const&, JSC::Heap&) /root/WebKit/Source/JavaScriptCore/heap/BlockDirectory.cpp:154:35 (jsc+0xdac73d)
    #6 JSC::LocalAllocator::allocateSlowCase(JSC::Heap&, unsigned long, JSC::GCDeferralContext*, JSC::AllocationFailureMode) /root/WebKit/Source/JavaScriptCore/heap/LocalAllocator.cpp:221:47 (jsc+0xe3be6e)
    #7 JSC::LocalAllocator::allocate(JSC::Heap&, unsigned long, JSC::GCDeferralContext*, JSC::AllocationFailureMode)::'lambda'()::operator()() const /root/WebKit/WebKitBuild/TSan/JavaScriptCore/PrivateHeaders/JavaScriptCore/LocalAllocatorInlines.h:53:43 (jsc+0x1d120e)
    #8 JSC::HeapCell* JSC::FreeList::allocateWithCellSize<JSC::LocalAllocator::allocate(JSC::Heap&, unsigned long, JSC::GCDeferralContext*, JSC::AllocationFailureMode)::'lambda'()>(JSC::LocalAllocator::allocate(JSC::Heap&, unsigned long, JSC::GCDeferralContext*, JSC::AllocationFailureMode)::'lambda'() const&, unsigned long) /root/WebKit/WebKitBuild/TSan/JavaScriptCore/PrivateHeaders/JavaScriptCore/FreeListInlines.h:46:16 (jsc+0x1e351c)
    #9 JSC::LocalAllocator::allocate(JSC::Heap&, unsigned long, JSC::GCDeferralContext*, JSC::AllocationFailureMode) /root/WebKit/WebKitBuild/TSan/JavaScriptCore/PrivateHeaders/JavaScriptCore/LocalAllocatorInlines.h:50:23 (jsc+0x1e351c)
    #10 JSC::GCClient::IsoSubspace::allocate(JSC::VM&, unsigned long, JSC::GCDeferralContext*, JSC::AllocationFailureMode) /root/WebKit/WebKitBuild/TSan/JavaScriptCore/PrivateHeaders/JavaScriptCore/IsoSubspaceInlines.h:42:29 (jsc+0x1e351c)
    #11 void* JSC::tryAllocateCellHelper<JSC::JSString, (JSC::AllocationFailureMode)0>(JSC::VM&, unsigned long, JSC::GCDeferralContext*) /root/WebKit/WebKitBuild/TSan/JavaScriptCore/PrivateHeaders/JavaScriptCore/JSCellInlines.h:212:63 (jsc+0x1e351c)
    #12 void* JSC::allocateCell<JSC::JSString>(JSC::VM&, unsigned long) /root/WebKit/WebKitBuild/TSan/JavaScriptCore/PrivateHeaders/JavaScriptCore/JSCellInlines.h:232:12 (jsc+0x1e351c)
    #13 JSC::JSString::createEmptyString(JSC::VM&) /root/WebKit/Source/JavaScriptCore/runtime/JSString.cpp:46:41 (jsc+0x16f4142)
    #14 JSC::SmallStrings::initializeCommonStrings(JSC::VM&) /root/WebKit/Source/JavaScriptCore/runtime/SmallStrings.cpp:47:21 (jsc+0x18a7577)
    #15 JSC::VM::VM(JSC::VM::VMType, JSC::HeapType, WTF::RunLoop*, bool*) /root/WebKit/Source/JavaScriptCore/runtime/VM.cpp:483:18 (jsc+0x19a46bc)
    #16 JSC::VM::create(JSC::HeapType, WTF::RunLoop*) /root/WebKit/Source/JavaScriptCore/runtime/VM.cpp:1234:26 (jsc+0x19af09c)
    #17 int runJSC<jscmain(int, char**)::$_0>(CommandLine const&, bool, jscmain(int, char**)::$_0 const&) /root/WebKit/Source/JavaScriptCore/jsc.cpp:4438:14 (jsc+0x1c9ccd)
    #18 jscmain(int, char**) /root/WebKit/Source/JavaScriptCore/jsc.cpp:4679:18 (jsc+0x1c9ccd)
    #19 main /root/WebKit/Source/JavaScriptCore/jsc.cpp:3715:15 (jsc+0x1c9743)

  Thread T2 'JITWorker' (tid=2020127, running) created by main thread at:
    #0 pthread_create /home/runner/work/llvm-project/llvm-project/compiler-rt/lib/tsan/rtl/tsan_interceptors_posix.cpp:1090:3 (jsc+0x13ff1a)
    #1 WTF::Thread::establishHandle(WTF::Thread::NewThreadContext&, WTF::StackAllocationSpecification, WTF::ThreadQOS, WTF::ThreadSchedulingPolicy) /root/WebKit/Source/WTF/wtf/posix/ThreadingPOSIX.cpp:354:17 (jsc+0x25faae5)
    #2 WTF::Thread::create(WTF::ASCIILiteral, WTF::Function<void ()>&&, WTF::ThreadType, WTF::ThreadQOS, WTF::ThreadSchedulingPolicy, WTF::StackAllocationSpecification) /root/WebKit/Source/WTF/wtf/Threading.cpp:330:32 (jsc+0x259e583)
    #3 WTF::AutomaticThread::start(WTF::AbstractLocker const&) /root/WebKit/Source/WTF/wtf/AutomaticThread.cpp:189:5 (jsc+0x2571939)
    #4 WTF::AutomaticThreadCondition::notifyOne(WTF::AbstractLocker const&) /root/WebKit/Source/WTF/wtf/AutomaticThread.cpp:60:21 (jsc+0x2571739)
    #5 JSC::JITWorklist::wakeThreads(WTF::AbstractLocker const&, unsigned int) /root/WebKit/Source/JavaScriptCore/jit/JITWorklist.cpp:162:25 (jsc+0x1039716)
    #6 JSC::JITWorklist::enqueue(WTF::Ref<JSC::JITPlan, WTF::RawPtrTraits<JSC::JITPlan>, WTF::DefaultRefDerefTraits<JSC::JITPlan>>) /root/WebKit/Source/JavaScriptCore/jit/JITWorklist.cpp:246:5 (jsc+0x1039f78)
    #7 JSC::LLInt::jitCompileAndSetHeuristics(JSC::VM&, JSC::CodeBlock*) /root/WebKit/Source/JavaScriptCore/llint/LLIntSlowPaths.cpp:497:45 (jsc+0x10739c8)
    #8 llint_loop_osr /root/WebKit/Source/JavaScriptCore/llint/LLIntSlowPaths.cpp:590:10 (jsc+0x1073241)
    #9 llint_op_loop_hint LowLevelInterpreter.cpp (jsc+0x1e11e3c)
    #10 JSC::evaluate(JSC::JSGlobalObject*, JSC::SourceCode const&, JSC::JSValue, WTF::NakedPtr<JSC::Exception>&) /root/WebKit/Source/JavaScriptCore/runtime/Completion.cpp:145:37 (jsc+0x13b6e85)
    #11 runWithOptions(GlobalObject*, CommandLine&, bool&) /root/WebKit/Source/JavaScriptCore/jsc.cpp:3957:35 (jsc+0x1caec5)
    #12 jscmain(int, char**)::$_0::operator()(JSC::VM&, GlobalObject*, bool&) const /root/WebKit/Source/JavaScriptCore/jsc.cpp:4686:13 (jsc+0x1caec5)
    #13 int runJSC<jscmain(int, char**)::$_0>(CommandLine const&, bool, jscmain(int, char**)::$_0 const&) /root/WebKit/Source/JavaScriptCore/jsc.cpp:4472:13 (jsc+0x1caec5)
    #14 jscmain(int, char**) /root/WebKit/Source/JavaScriptCore/jsc.cpp:4679:18 (jsc+0x1caec5)
    #15 main /root/WebKit/Source/JavaScriptCore/jsc.cpp:3715:15 (jsc+0x1c9743)

SUMMARY: ThreadSanitizer: data race /root/WebKit/WebKitBuild/TSan/WTF/Headers/wtf/Atomics.h:55:100 in WTF::Atomic<unsigned long>::load(std::memory_order) const
==================
==================
WARNING: ThreadSanitizer: data race (pid=2020106)
  Atomic read of size 8 at 0x72a0000b8528 by thread T2:
    #0 std::__atomic_base<unsigned long>::load(std::memory_order) const /usr/lib/gcc/x86_64-amazon-linux/14/../../../../include/c++/14/bits/atomic_base.h:501:9 (jsc+0x3b4156)
    #1 WTF::Atomic<unsigned long>::load(std::memory_order) const /root/WebKit/WebKitBuild/TSan/WTF/Headers/wtf/Atomics.h:55:100 (jsc+0x3b4156)
    #2 unsigned long WTF::atomicLoad<unsigned long>(unsigned long*, std::memory_order) /root/WebKit/WebKitBuild/TSan/WTF/Headers/wtf/Atomics.h:162:49 (jsc+0x3b4156)
    #3 JSC::JSString::fiberConcurrently() const /root/WebKit/WebKitBuild/TSan/JavaScriptCore/PrivateHeaders/JavaScriptCore/JSString.h:316:50 (jsc+0x3b4156)
    #4 JSC::JSString::tryGetValueImpl() const /root/WebKit/WebKitBuild/TSan/JavaScriptCore/PrivateHeaders/JavaScriptCore/JSString.h:825:25 (jsc+0x3b4156)
    #5 JSC::speculationFromCell(JSC::JSCell*) /root/WebKit/Source/JavaScriptCore/bytecode/SpeculatedType.cpp:604:46 (jsc+0x3b4156)
    #6 JSC::speculationFromValue(JSC::JSValue) /root/WebKit/Source/JavaScriptCore/bytecode/SpeculatedType.cpp:640:16 (jsc+0x3b4156)
    #7 JSC::ValueProfileBase<1u, 1u>::computeUpdatedPrediction(JSC::ConcurrentJSLocker const&) /root/WebKit/Source/JavaScriptCore/bytecode/ValueProfile.h:184:38 (jsc+0x29be9a)
    #8 _ZZN3JSC9CodeBlock55updateAllNonLazyValueProfilePredictionsAndCountLivenessERKNS_18ConcurrentJSLockerERjS4_ENK3$_0clINS_20ArgumentValueProfileEEEDaRT_b /root/WebKit/Source/JavaScriptCore/bytecode/CodeBlock.cpp:3324:21 (jsc+0x29be9a)
    #9 void JSC::CodeBlock::forEachValueProfile<JSC::CodeBlock::updateAllNonLazyValueProfilePredictionsAndCountLiveness(JSC::ConcurrentJSLocker const&, unsigned int&, unsigned int&)::$_0>(JSC::CodeBlock::updateAllNonLazyValueProfilePredictionsAndCountLiveness(JSC::ConcurrentJSLocker const&, unsigned int&, unsigned int&)::$_0 const&) /root/WebKit/Source/JavaScriptCore/bytecode/CodeBlockInlines.h:42:9 (jsc+0x29be9a)
    #10 JSC::CodeBlock::updateAllNonLazyValueProfilePredictionsAndCountLiveness(JSC::ConcurrentJSLocker const&, unsigned int&, unsigned int&) /root/WebKit/Source/JavaScriptCore/bytecode/CodeBlock.cpp:3316:5 (jsc+0x29be9a)
    #11 JSC::CodeBlock::updateAllNonLazyValueProfilePredictions(JSC::ConcurrentJSLocker const&) /root/WebKit/Source/JavaScriptCore/bytecode/CodeBlock.cpp:3352:5 (jsc+0x29c2f1)
    #12 JSC::BaselineJITPlan::compileInThreadImpl(JSC::JITCompilationEffort) /root/WebKit/Source/JavaScriptCore/jit/BaselineJITPlan.cpp:46:22 (jsc+0xea30a7)
    #13 JSC::BaselineJITPlan::compileInThreadImpl() /root/WebKit/Source/JavaScriptCore/jit/BaselineJITPlan.cpp:78:12 (jsc+0xea358b)
    #14 JSC::JITPlan::compileInThread(JSC::JITWorklistThread*) /root/WebKit/Source/JavaScriptCore/jit/JITPlan.cpp:283:28 (jsc+0xfd4afd)
    #15 JSC::JITWorklistThread::work() /root/WebKit/Source/JavaScriptCore/jit/JITWorklistThread.cpp:145:13 (jsc+0x103f30b)
    #16 WTF::AutomaticThread::start(WTF::AbstractLocker const&)::$_0::operator()() const /root/WebKit/Source/WTF/wtf/AutomaticThread.cpp:260:37 (jsc+0x2572ebc)
    #17 WTF::Detail::CallableWrapper<WTF::AutomaticThread::start(WTF::AbstractLocker const&)::$_0, void>::call() /root/WebKit/Source/WTF/wtf/Function.h:59:39 (jsc+0x2572ebc)
    #18 WTF::Function<void ()>::operator()() const /root/WebKit/Source/WTF/wtf/Function.h:103:35 (jsc+0x259e245)
    #19 WTF::Thread::entryPoint(WTF::Thread::NewThreadContext*) /root/WebKit/Source/WTF/wtf/Threading.cpp:312:5 (jsc+0x259e245)
    #20 WTF::wtfThreadEntryPoint(void*) /root/WebKit/Source/WTF/wtf/posix/ThreadingPOSIX.cpp:264:5 (jsc+0x25fabf9)

  Previous write of size 8 at 0x72a0000b8528 by main thread:
    #0 JSC::JSRopeString::initializeFiber0(JSC::JSString*) /root/WebKit/WebKitBuild/TSan/JavaScriptCore/PrivateHeaders/JavaScriptCore/JSString.h:735:17 (jsc+0x7ddd2c)
    #1 JSC::JSRopeString::JSRopeString(JSC::VM&, unsigned int, bool, JSC::JSString*, JSC::JSString*, JSC::JSString*) /root/WebKit/WebKitBuild/TSan/JavaScriptCore/PrivateHeaders/JavaScriptCore/JSString.h:610:9 (jsc+0x7ddd2c)
    #2 JSC::JSRopeString::create(JSC::VM&, JSC::JSString*, JSC::JSString*, JSC::JSString*) /root/WebKit/WebKitBuild/TSan/JavaScriptCore/PrivateHeaders/JavaScriptCore/JSString.h:674:81 (jsc+0x7ddd2c)
    #3 JSC::JSRopeString::RopeBuilder<WTF::RecordOverflow>::release() /root/WebKit/WebKitBuild/TSan/JavaScriptCore/PrivateHeaders/JavaScriptCore/JSString.h:520:26 (jsc+0x10a0d03)
    #4 JSC::jsStringFromRegisterArray(JSC::JSGlobalObject*, JSC::Register*, unsigned int) /root/WebKit/Source/JavaScriptCore/runtime/OperationsInlines.h:274:24 (jsc+0x1092f35)
    #5 slow_path_strcat /root/WebKit/Source/JavaScriptCore/runtime/CommonSlowPaths.cpp:1171:5 (jsc+0x13a9fa5)
    #6 <null> <null> (0x7fed706024bf)
    #7 JSC::evaluate(JSC::JSGlobalObject*, JSC::SourceCode const&, JSC::JSValue, WTF::NakedPtr<JSC::Exception>&) /root/WebKit/Source/JavaScriptCore/runtime/Completion.cpp:145:37 (jsc+0x13b6e85)
    #8 runWithOptions(GlobalObject*, CommandLine&, bool&) /root/WebKit/Source/JavaScriptCore/jsc.cpp:3957:35 (jsc+0x1caec5)
    #9 jscmain(int, char**)::$_0::operator()(JSC::VM&, GlobalObject*, bool&) const /root/WebKit/Source/JavaScriptCore/jsc.cpp:4686:13 (jsc+0x1caec5)
    #10 int runJSC<jscmain(int, char**)::$_0>(CommandLine const&, bool, jscmain(int, char**)::$_0 const&) /root/WebKit/Source/JavaScriptCore/jsc.cpp:4472:13 (jsc+0x1caec5)
    #11 jscmain(int, char**) /root/WebKit/Source/JavaScriptCore/jsc.cpp:4679:18 (jsc+0x1caec5)
    #12 main /root/WebKit/Source/JavaScriptCore/jsc.cpp:3715:15 (jsc+0x1c9743)

  Location is heap block of size 16384 at 0x72a0000b8000 allocated by main thread:
    #0 aligned_alloc /home/runner/work/llvm-project/llvm-project/compiler-rt/lib/tsan/rtl/tsan_interceptors_posix.cpp:885:3 (jsc+0x13f40e)
    #1 bmalloc::api::tryMemalign(unsigned long, unsigned long, bmalloc::CompactAllocationMode, bmalloc::HeapKind) /root/WebKit/WebKitBuild/TSan/bmalloc/Headers/bmalloc/bmalloc.h:158:12 (jsc+0x25812a0)
    #2 WTF::tryFastCompactAlignedMalloc(unsigned long, unsigned long) /root/WebKit/Source/WTF/wtf/FastMalloc.cpp:553:20 (jsc+0x25812a0)
    #3 JSC::FastMallocAlignedMemoryAllocator::tryAllocateAlignedMemory(unsigned long, unsigned long) /root/WebKit/Source/JavaScriptCore/heap/FastMallocAlignedMemoryAllocator.cpp:47:12 (jsc+0xdb5480)
    #4 JSC::MarkedBlock::tryCreate(JSC::Heap&, JSC::AlignedMemoryAllocator*) /root/WebKit/Source/JavaScriptCore/heap/MarkedBlock.cpp:138:48 (jsc+0xe40eb7)
    #5 JSC::BlockDirectory::tryAllocateBlock(WTF::AbstractLocker const&, JSC::Heap&) /root/WebKit/Source/JavaScriptCore/heap/BlockDirectory.cpp:154:35 (jsc+0xdac73d)
    #6 JSC::LocalAllocator::allocateSlowCase(JSC::Heap&, unsigned long, JSC::GCDeferralContext*, JSC::AllocationFailureMode) /root/WebKit/Source/JavaScriptCore/heap/LocalAllocator.cpp:221:47 (jsc+0xe3be6e)
    #7 JSC::LocalAllocator::allocate(JSC::Heap&, unsigned long, JSC::GCDeferralContext*, JSC::AllocationFailureMode)::'lambda'()::operator()() const /root/WebKit/WebKitBuild/TSan/JavaScriptCore/PrivateHeaders/JavaScriptCore/LocalAllocatorInlines.h:53:43 (jsc+0x1d120e)
    #8 JSC::HeapCell* JSC::FreeList::allocateWithCellSize<JSC::LocalAllocator::allocate(JSC::Heap&, unsigned long, JSC::GCDeferralContext*, JSC::AllocationFailureMode)::'lambda'()>(JSC::LocalAllocator::allocate(JSC::Heap&, unsigned long, JSC::GCDeferralContext*, JSC::AllocationFailureMode)::'lambda'() const&, unsigned long) /root/WebKit/Source/JavaScriptCore/heap/FreeListInlines.h:46:16 (jsc+0x7c6e7c)
    #9 JSC::LocalAllocator::allocate(JSC::Heap&, unsigned long, JSC::GCDeferralContext*, JSC::AllocationFailureMode) /root/WebKit/Source/JavaScriptCore/heap/LocalAllocatorInlines.h:50:23 (jsc+0x7c6e7c)
    #10 JSC::GCClient::IsoSubspace::allocate(JSC::VM&, unsigned long, JSC::GCDeferralContext*, JSC::AllocationFailureMode) /root/WebKit/Source/JavaScriptCore/heap/IsoSubspaceInlines.h:42:29 (jsc+0x7c6e7c)
    #11 void* JSC::tryAllocateCellHelper<JSC::JSRopeString, (JSC::AllocationFailureMode)0>(JSC::VM&, unsigned long, JSC::GCDeferralContext*) /root/WebKit/Source/JavaScriptCore/runtime/JSCellInlines.h:212:63 (jsc+0x7c6e7c)
    #12 void* JSC::allocateCell<JSC::JSRopeString>(JSC::VM&, unsigned long) /root/WebKit/Source/JavaScriptCore/runtime/JSCellInlines.h:232:12 (jsc+0x7c6e7c)
    #13 JSC::JSRopeString::create(JSC::VM&, JSC::JSString*, JSC::JSString*, JSC::JSString*) /root/WebKit/WebKitBuild/TSan/JavaScriptCore/PrivateHeaders/JavaScriptCore/JSString.h:674:49 (jsc+0x7ddcc0)
    #14 JSC::JSRopeString::RopeBuilder<WTF::RecordOverflow>::release() /root/WebKit/WebKitBuild/TSan/JavaScriptCore/PrivateHeaders/JavaScriptCore/JSString.h:520:26 (jsc+0x10a0d03)
    #15 JSC::jsStringFromRegisterArray(JSC::JSGlobalObject*, JSC::Register*, unsigned int) /root/WebKit/Source/JavaScriptCore/runtime/OperationsInlines.h:274:24 (jsc+0x1092f35)
    #16 slow_path_strcat /root/WebKit/Source/JavaScriptCore/runtime/CommonSlowPaths.cpp:1171:5 (jsc+0x13a9fa5)
    #17 <null> <null> (0x7fed706024bf)
    #18 JSC::evaluate(JSC::JSGlobalObject*, JSC::SourceCode const&, JSC::JSValue, WTF::NakedPtr<JSC::Exception>&) /root/WebKit/Source/JavaScriptCore/runtime/Completion.cpp:145:37 (jsc+0x13b6e85)
    #19 runWithOptions(GlobalObject*, CommandLine&, bool&) /root/WebKit/Source/JavaScriptCore/jsc.cpp:3957:35 (jsc+0x1caec5)
    #20 jscmain(int, char**)::$_0::operator()(JSC::VM&, GlobalObject*, bool&) const /root/WebKit/Source/JavaScriptCore/jsc.cpp:4686:13 (jsc+0x1caec5)
    #21 int runJSC<jscmain(int, char**)::$_0>(CommandLine const&, bool, jscmain(int, char**)::$_0 const&) /root/WebKit/Source/JavaScriptCore/jsc.cpp:4472:13 (jsc+0x1caec5)
    #22 jscmain(int, char**) /root/WebKit/Source/JavaScriptCore/jsc.cpp:4679:18 (jsc+0x1caec5)
    #23 main /root/WebKit/Source/JavaScriptCore/jsc.cpp:3715:15 (jsc+0x1c9743)

  Thread T2 'JITWorker' (tid=2020127, running) created by main thread at:
    #0 pthread_create /home/runner/work/llvm-project/llvm-project/compiler-rt/lib/tsan/rtl/tsan_interceptors_posix.cpp:1090:3 (jsc+0x13ff1a)
    #1 WTF::Thread::establishHandle(WTF::Thread::NewThreadContext&, WTF::StackAllocationSpecification, WTF::ThreadQOS, WTF::ThreadSchedulingPolicy) /root/WebKit/Source/WTF/wtf/posix/ThreadingPOSIX.cpp:354:17 (jsc+0x25faae5)
    #2 WTF::Thread::create(WTF::ASCIILiteral, WTF::Function<void ()>&&, WTF::ThreadType, WTF::ThreadQOS, WTF::ThreadSchedulingPolicy, WTF::StackAllocationSpecification) /root/WebKit/Source/WTF/wtf/Threading.cpp:330:32 (jsc+0x259e583)
    #3 WTF::AutomaticThread::start(WTF::AbstractLocker const&) /root/WebKit/Source/WTF/wtf/AutomaticThread.cpp:189:5 (jsc+0x2571939)
    #4 WTF::AutomaticThreadCondition::notifyOne(WTF::AbstractLocker const&) /root/WebKit/Source/WTF/wtf/AutomaticThread.cpp:60:21 (jsc+0x2571739)
    #5 JSC::JITWorklist::wakeThreads(WTF::AbstractLocker const&, unsigned int) /root/WebKit/Source/JavaScriptCore/jit/JITWorklist.cpp:162:25 (jsc+0x1039716)
    #6 JSC::JITWorklist::enqueue(WTF::Ref<JSC::JITPlan, WTF::RawPtrTraits<JSC::JITPlan>, WTF::DefaultRefDerefTraits<JSC::JITPlan>>) /root/WebKit/Source/JavaScriptCore/jit/JITWorklist.cpp:246:5 (jsc+0x1039f78)
    #7 JSC::LLInt::jitCompileAndSetHeuristics(JSC::VM&, JSC::CodeBlock*) /root/WebKit/Source/JavaScriptCore/llint/LLIntSlowPaths.cpp:497:45 (jsc+0x10739c8)
    #8 llint_loop_osr /root/WebKit/Source/JavaScriptCore/llint/LLIntSlowPaths.cpp:590:10 (jsc+0x1073241)
    #9 llint_op_loop_hint LowLevelInterpreter.cpp (jsc+0x1e11e3c)
    #10 JSC::evaluate(JSC::JSGlobalObject*, JSC::SourceCode const&, JSC::JSValue, WTF::NakedPtr<JSC::Exception>&) /root/WebKit/Source/JavaScriptCore/runtime/Completion.cpp:145:37 (jsc+0x13b6e85)
    #11 runWithOptions(GlobalObject*, CommandLine&, bool&) /root/WebKit/Source/JavaScriptCore/jsc.cpp:3957:35 (jsc+0x1caec5)
    #12 jscmain(int, char**)::$_0::operator()(JSC::VM&, GlobalObject*, bool&) const /root/WebKit/Source/JavaScriptCore/jsc.cpp:4686:13 (jsc+0x1caec5)
    #13 int runJSC<jscmain(int, char**)::$_0>(CommandLine const&, bool, jscmain(int, char**)::$_0 const&) /root/WebKit/Source/JavaScriptCore/jsc.cpp:4472:13 (jsc+0x1caec5)
    #14 jscmain(int, char**) /root/WebKit/Source/JavaScriptCore/jsc.cpp:4679:18 (jsc+0x1caec5)
    #15 main /root/WebKit/Source/JavaScriptCore/jsc.cpp:3715:15 (jsc+0x1c9743)

SUMMARY: ThreadSanitizer: data race /root/WebKit/WebKitBuild/TSan/WTF/Headers/wtf/Atomics.h:55:100 in WTF::Atomic<unsigned long>::load(std::memory_order) const
==================
==================
WARNING: ThreadSanitizer: data race (pid=2020106)
  Read of size 8 at 0x72a000184138 by thread T9:
    #0 JSC::JSObject::taggedButterflyWord() const /root/WebKit/Source/JavaScriptCore/runtime/JSObject.h:869:25 (jsc+0x16878dc)
    #1 JSC::JSObject::trySetIndexQuicklyConcurrent(JSC::VM&, unsigned int, JSC::JSValue, JSC::ArrayProfile*) /root/WebKit/Source/JavaScriptCore/runtime/JSObject.cpp:755:21 (jsc+0x16878dc)
    #2 JSC::JSObject::trySetIndexQuickly(JSC::VM&, unsigned int, JSC::JSValue, JSC::ArrayProfile*) /root/WebKit/Source/JavaScriptCore/runtime/JSObject.h:562:20 (jsc+0x7c8f26)
    #3 JSC::putByVal(JSC::JSGlobalObject*, JSC::JSValue, JSC::JSValue, JSC::JSValue, JSC::ArrayProfile*, JSC::ECMAMode) /root/WebKit/Source/JavaScriptCore/jit/JITOperations.cpp:1688:25 (jsc+0xfa797a)
    #4 JSC::putByValOptimize(JSC::JSGlobalObject*, JSC::CodeBlock*, JSC::JSValue, JSC::JSValue, JSC::JSValue, JSC::PropertyInlineCache*, JSC::ArrayProfile*, JSC::PutByKind) /root/WebKit/Source/JavaScriptCore/jit/JITOperations.cpp:1823:5 (jsc+0xfa66c4)
    #5 operationPutByValSloppyOptimize /root/WebKit/Source/JavaScriptCore/jit/JITOperations.cpp:1854:5 (jsc+0xfa6924)
    #6 <null> <null> (0x7fed70602b24)
    #7 JSC::Interpreter::executeCall(JSC::JSObject*, JSC::CallData const&, JSC::JSValue, JSC::JSCell*, JSC::ArgList const&) /root/WebKit/Source/JavaScriptCore/interpreter/Interpreter.cpp (jsc+0xe81f6d)
    #8 JSC::call(JSC::JSGlobalObject*, JSC::JSValue, JSC::CallData const&, JSC::JSValue, JSC::ArgList const&) /root/WebKit/Source/JavaScriptCore/runtime/CallData.cpp:70:27 (jsc+0x1354881)
    #9 JSC::call(JSC::JSGlobalObject*, JSC::JSValue, JSC::CallData const&, JSC::JSValue, JSC::ArgList const&, WTF::NakedPtr<JSC::Exception>&) /root/WebKit/Source/JavaScriptCore/runtime/CallData.cpp:77:22 (jsc+0x1354881)
    #10 JSC::threadMain(JSC::VM&, WTF::Ref<JSC::ThreadState, WTF::RawPtrTraits<JSC::ThreadState>, WTF::DefaultRefDerefTraits<JSC::ThreadState>>) /root/WebKit/Source/JavaScriptCore/runtime/ThreadObject.cpp:241:30 (jsc+0x19922bc)
    #11 JSC::constructThread(JSC::JSGlobalObject*, JSC::CallFrame*)::$_0::operator()() /root/WebKit/Source/JavaScriptCore/runtime/ThreadObject.cpp:468:9 (jsc+0x19922bc)
    #12 WTF::Detail::CallableWrapper<JSC::constructThread(JSC::JSGlobalObject*, JSC::CallFrame*)::$_0, void>::call() /root/WebKit/WebKitBuild/TSan/WTF/Headers/wtf/Function.h:59:39 (jsc+0x19922bc)
    #13 WTF::Function<void ()>::operator()() const /root/WebKit/Source/WTF/wtf/Function.h:103:35 (jsc+0x259e245)
    #14 WTF::Thread::entryPoint(WTF::Thread::NewThreadContext*) /root/WebKit/Source/WTF/wtf/Threading.cpp:312:5 (jsc+0x259e245)
    #15 WTF::wtfThreadEntryPoint(void*) /root/WebKit/Source/WTF/wtf/posix/ThreadingPOSIX.cpp:264:5 (jsc+0x25fabf9)

  Previous atomic write of size 8 at 0x72a000184138 by main thread:
    #0 std::__atomic_base<unsigned long>::compare_exchange_strong(unsigned long&, unsigned long, std::memory_order, std::memory_order) /usr/lib/gcc/x86_64-amazon-linux/14/../../../../include/c++/14/bits/atomic_base.h:573:9 (jsc+0x13dce2c)
    #1 std::__atomic_base<unsigned long>::compare_exchange_strong(unsigned long&, unsigned long, std::memory_order) /usr/lib/gcc/x86_64-amazon-linux/14/../../../../include/c++/14/bits/atomic_base.h:592:9 (jsc+0x13dce2c)
    #2 WTF::Atomic<unsigned long>::compareExchangeStrong(unsigned long, unsigned long, std::memory_order) /root/WebKit/WebKitBuild/TSan/WTF/Headers/wtf/Atomics.h:100:15 (jsc+0x13dce2c)
    #3 JSC::casButterfly(JSC::JSObjectWithButterfly*, unsigned long, unsigned long) /root/WebKit/Source/JavaScriptCore/runtime/ConcurrentButterfly.cpp:2183:58 (jsc+0x13dce2c)
    #4 JSC::tryGrowSegmentedVectorLength(JSC::VM&, JSC::JSObjectWithButterfly*, unsigned int) /root/WebKit/Source/JavaScriptCore/runtime/ConcurrentButterfly.cpp:2329:14 (jsc+0x13dce2c)
    #5 JSC::ensureLengthSlowConcurrent(JSC::VM&, JSC::JSObjectWithButterfly*, unsigned int) /root/WebKit/Source/JavaScriptCore/runtime/ConcurrentButterfly.cpp:2398:13 (jsc+0x13dd910)
    #6 JSC::JSObjectWithButterfly::putIndexConcurrent(JSC::VM&, unsigned int, JSC::JSValue) /root/WebKit/Source/JavaScriptCore/runtime/ConcurrentButterfly.cpp:2667:14 (jsc+0x13de7b7)
    #7 JSC::JSObject::putByIndex(JSC::JSCell*, JSC::JSGlobalObject*, unsigned int, JSC::JSValue, bool) /root/WebKit/Source/JavaScriptCore/runtime/JSObject.cpp:1691:29 (jsc+0x168738d)
    #8 JSC::putByVal(JSC::JSGlobalObject*, JSC::JSValue, JSC::JSValue, JSC::JSValue, JSC::ArrayProfile*, JSC::ECMAMode) /root/WebKit/Source/JavaScriptCore/jit/JITOperations.cpp (jsc+0xfa7d31)
    #9 JSC::putByValOptimize(JSC::JSGlobalObject*, JSC::CodeBlock*, JSC::JSValue, JSC::JSValue, JSC::JSValue, JSC::PropertyInlineCache*, JSC::ArrayProfile*, JSC::PutByKind) /root/WebKit/Source/JavaScriptCore/jit/JITOperations.cpp:1823:5 (jsc+0xfa66c4)
    #10 operationPutByValSloppyOptimize /root/WebKit/Source/JavaScriptCore/jit/JITOperations.cpp:1854:5 (jsc+0xfa6924)
    #11 <null> <null> (0x7fed70602b24)
    #12 JSC::evaluate(JSC::JSGlobalObject*, JSC::SourceCode const&, JSC::JSValue, WTF::NakedPtr<JSC::Exception>&) /root/WebKit/Source/JavaScriptCore/runtime/Completion.cpp:145:37 (jsc+0x13b6e85)
    #13 runWithOptions(GlobalObject*, CommandLine&, bool&) /root/WebKit/Source/JavaScriptCore/jsc.cpp:3957:35 (jsc+0x1caec5)
    #14 jscmain(int, char**)::$_0::operator()(JSC::VM&, GlobalObject*, bool&) const /root/WebKit/Source/JavaScriptCore/jsc.cpp:4686:13 (jsc+0x1caec5)
    #15 int runJSC<jscmain(int, char**)::$_0>(CommandLine const&, bool, jscmain(int, char**)::$_0 const&) /root/WebKit/Source/JavaScriptCore/jsc.cpp:4472:13 (jsc+0x1caec5)
    #16 jscmain(int, char**) /root/WebKit/Source/JavaScriptCore/jsc.cpp:4679:18 (jsc+0x1caec5)
    #17 main /root/WebKit/Source/JavaScriptCore/jsc.cpp:3715:15 (jsc+0x1c9743)

  Location is heap block of size 16384 at 0x72a000184000 allocated by main thread:
    #0 aligned_alloc /home/runner/work/llvm-project/llvm-project/compiler-rt/lib/tsan/rtl/tsan_interceptors_posix.cpp:885:3 (jsc+0x13f40e)
    #1 bmalloc::api::tryMemalign(unsigned long, unsigned long, bmalloc::CompactAllocationMode, bmalloc::HeapKind) /root/WebKit/WebKitBuild/TSan/bmalloc/Headers/bmalloc/bmalloc.h:158:12 (jsc+0x25812a0)
    #2 WTF::tryFastCompactAlignedMalloc(unsigned long, unsigned long) /root/WebKit/Source/WTF/wtf/FastMalloc.cpp:553:20 (jsc+0x25812a0)
    #3 JSC::FastMallocAlignedMemoryAllocator::tryAllocateAlignedMemory(unsigned long, unsigned long) /root/WebKit/Source/JavaScriptCore/heap/FastMallocAlignedMemoryAllocator.cpp:47:12 (jsc+0xdb5480)
    #4 JSC::MarkedBlock::tryCreate(JSC::Heap&, JSC::AlignedMemoryAllocator*) /root/WebKit/Source/JavaScriptCore/heap/MarkedBlock.cpp:138:48 (jsc+0xe40eb7)
    #5 JSC::BlockDirectory::tryAllocateBlock(WTF::AbstractLocker const&, JSC::Heap&) /root/WebKit/Source/JavaScriptCore/heap/BlockDirectory.cpp:154:35 (jsc+0xdac73d)
    #6 JSC::LocalAllocator::allocateSlowCase(JSC::Heap&, unsigned long, JSC::GCDeferralContext*, JSC::AllocationFailureMode) /root/WebKit/Source/JavaScriptCore/heap/LocalAllocator.cpp:221:47 (jsc+0xe3be6e)
    #7 JSC::LocalAllocator::allocate(JSC::Heap&, unsigned long, JSC::GCDeferralContext*, JSC::AllocationFailureMode)::'lambda'()::operator()() const /root/WebKit/WebKitBuild/TSan/JavaScriptCore/PrivateHeaders/JavaScriptCore/LocalAllocatorInlines.h:53:43 (jsc+0x1d120e)
    #8 JSC::HeapCell* JSC::FreeList::allocateWithCellSize<JSC::LocalAllocator::allocate(JSC::Heap&, unsigned long, JSC::GCDeferralContext*, JSC::AllocationFailureMode)::'lambda'()>(JSC::LocalAllocator::allocate(JSC::Heap&, unsigned long, JSC::GCDeferralContext*, JSC::AllocationFailureMode)::'lambda'() const&, unsigned long) /root/WebKit/WebKitBuild/TSan/JavaScriptCore/PrivateHeaders/JavaScriptCore/FreeListInlines.h:46:16 (jsc+0x252dc7)
    #9 JSC::LocalAllocator::allocate(JSC::Heap&, unsigned long, JSC::GCDeferralContext*, JSC::AllocationFailureMode) /root/WebKit/WebKitBuild/TSan/JavaScriptCore/PrivateHeaders/JavaScriptCore/LocalAllocatorInlines.h:50:23 (jsc+0x252dc7)
    #10 JSC::GCClient::IsoSubspace::allocate(JSC::VM&, unsigned long, JSC::GCDeferralContext*, JSC::AllocationFailureMode) /root/WebKit/WebKitBuild/TSan/JavaScriptCore/PrivateHeaders/JavaScriptCore/IsoSubspaceInlines.h:42:29 (jsc+0x252dc7)
    #11 void* JSC::tryAllocateCellHelper<JSC::JSArray, (JSC::AllocationFailureMode)0>(JSC::VM&, unsigned long, JSC::GCDeferralContext*) /root/WebKit/WebKitBuild/TSan/JavaScriptCore/PrivateHeaders/JavaScriptCore/JSCellInlines.h:212:63 (jsc+0x252dc7)
    #12 void* JSC::allocateCell<JSC::JSArray>(JSC::VM&, JSC::GCDeferralContext*, unsigned long) /root/WebKit/WebKitBuild/TSan/JavaScriptCore/PrivateHeaders/JavaScriptCore/JSCellInlines.h:244:12 (jsc+0x252dc7)
    #13 JSC::JSArray::createWithButterfly(JSC::VM&, JSC::GCDeferralContext*, JSC::Structure*, JSC::Butterfly*) /root/WebKit/Source/JavaScriptCore/runtime/JSArray.h:244:36 (jsc+0x13b5176)
    #14 JSC::CommonSlowPaths::allocateNewArrayBuffer(JSC::VM&, JSC::Structure*, JSC::JSCellButterfly*) /root/WebKit/Source/JavaScriptCore/runtime/CommonSlowPaths.h:241:23 (jsc+0x13b5176)
    #15 slow_path_new_array_buffer /root/WebKit/Source/JavaScriptCore/runtime/CommonSlowPaths.cpp:1668:23 (jsc+0x13b5176)
    #16 <null> <null> (0x7fed7060207f)
    #17 JSC::evaluate(JSC::JSGlobalObject*, JSC::SourceCode const&, JSC::JSValue, WTF::NakedPtr<JSC::Exception>&) /root/WebKit/Source/JavaScriptCore/runtime/Completion.cpp:145:37 (jsc+0x13b6e85)
    #18 runWithOptions(GlobalObject*, CommandLine&, bool&) /root/WebKit/Source/JavaScriptCore/jsc.cpp:3957:35 (jsc+0x1caec5)
    #19 jscmain(int, char**)::$_0::operator()(JSC::VM&, GlobalObject*, bool&) const /root/WebKit/Source/JavaScriptCore/jsc.cpp:4686:13 (jsc+0x1caec5)
    #20 int runJSC<jscmain(int, char**)::$_0>(CommandLine const&, bool, jscmain(int, char**)::$_0 const&) /root/WebKit/Source/JavaScriptCore/jsc.cpp:4472:13 (jsc+0x1caec5)
    #21 jscmain(int, char**) /root/WebKit/Source/JavaScriptCore/jsc.cpp:4679:18 (jsc+0x1caec5)
    #22 main /root/WebKit/Source/JavaScriptCore/jsc.cpp:3715:15 (jsc+0x1c9743)

  Thread T9 'JS Thread' (tid=2020354, running) created by main thread at:
    #0 pthread_create /home/runner/work/llvm-project/llvm-project/compiler-rt/lib/tsan/rtl/tsan_interceptors_posix.cpp:1090:3 (jsc+0x13ff1a)
    #1 WTF::Thread::establishHandle(WTF::Thread::NewThreadContext&, WTF::StackAllocationSpecification, WTF::ThreadQOS, WTF::ThreadSchedulingPolicy) /root/WebKit/Source/WTF/wtf/posix/ThreadingPOSIX.cpp:354:17 (jsc+0x25faae5)
    #2 WTF::Thread::create(WTF::ASCIILiteral, WTF::Function<void ()>&&, WTF::ThreadType, WTF::ThreadQOS, WTF::ThreadSchedulingPolicy, WTF::StackAllocationSpecification) /root/WebKit/Source/WTF/wtf/Threading.cpp:330:32 (jsc+0x259e583)
    #3 JSC::constructThread(JSC::JSGlobalObject*, JSC::CallFrame*) /root/WebKit/Source/JavaScriptCore/runtime/ThreadObject.cpp:467:5 (jsc+0x198a6df)
    #4 <null> <null> (0x7fed705ff217)
    #5 JSC::evaluate(JSC::JSGlobalObject*, JSC::SourceCode const&, JSC::JSValue, WTF::NakedPtr<JSC::Exception>&) /root/WebKit/Source/JavaScriptCore/runtime/Completion.cpp:145:37 (jsc+0x13b6e85)
    #6 runWithOptions(GlobalObject*, CommandLine&, bool&) /root/WebKit/Source/JavaScriptCore/jsc.cpp:3957:35 (jsc+0x1caec5)
    #7 jscmain(int, char**)::$_0::operator()(JSC::VM&, GlobalObject*, bool&) const /root/WebKit/Source/JavaScriptCore/jsc.cpp:4686:13 (jsc+0x1caec5)
    #8 int runJSC<jscmain(int, char**)::$_0>(CommandLine const&, bool, jscmain(int, char**)::$_0 const&) /root/WebKit/Source/JavaScriptCore/jsc.cpp:4472:13 (jsc+0x1caec5)
    #9 jscmain(int, char**) /root/WebKit/Source/JavaScriptCore/jsc.cpp:4679:18 (jsc+0x1caec5)
    #10 main /root/WebKit/Source/JavaScriptCore/jsc.cpp:3715:15 (jsc+0x1c9743)

SUMMARY: ThreadSanitizer: data race /root/WebKit/Source/JavaScriptCore/runtime/JSObject.h:869:25 in JSC::JSObject::taggedButterflyWord() const
==================
ThreadSanitizer: reported 5 warnings
