JSC: disabling useWasm under GIL-off (wasm glue still reads the raw VM-block exception word; not yet audited for UNGIL §A.1.3 COMPILED-FOR-VM; see AB-17 status block in VMEntryScope.cpp).
==================
WARNING: ThreadSanitizer: data race (pid=2021291)
  Atomic write of size 1 at 0x722800000b36 by main thread:
    #0 std::atomic<JSC::GetByIdMode>::store(JSC::GetByIdMode, std::memory_order) /usr/lib/gcc/x86_64-amazon-linux/14/../../../../include/c++/14/atomic:284:2 (jsc+0x10795a4)
    #1 WTF::Atomic<JSC::GetByIdMode>::store(JSC::GetByIdMode, std::memory_order) /root/WebKit/WebKitBuild/TSan/WTF/Headers/wtf/Atomics.h:67:102 (jsc+0x10795a4)
    #2 void WTF::atomicStore<JSC::GetByIdMode>(JSC::GetByIdMode*, JSC::GetByIdMode, std::memory_order) /root/WebKit/WebKitBuild/TSan/WTF/Headers/wtf/Atomics.h:174:42 (jsc+0x10795a4)
    #3 JSC::GetByIdModeMetadata::clearToDefaultModeWithoutCache() /root/WebKit/Source/JavaScriptCore/bytecode/GetByIdMetadata.h:210:9 (jsc+0x10795a4)
    #4 JSC::LLInt::performLLIntGetByID(JSC::BytecodeIndex, JSC::CodeBlock*, JSC::JSGlobalObject*, JSC::JSValue, JSC::Identifier const&, JSC::GetByIdModeMetadata&) /root/WebKit/Source/JavaScriptCore/llint/LLIntSlowPaths.cpp:1090:26 (jsc+0x10795a4)
    #5 llint_slow_path_get_by_id /root/WebKit/Source/JavaScriptCore/llint/LLIntSlowPaths.cpp:1124:22 (jsc+0x1078e60)
    #6 llint_op_get_by_id LowLevelInterpreter.cpp (jsc+0x1dfa331)
    #7 JSC::evaluate(JSC::JSGlobalObject*, JSC::SourceCode const&, JSC::JSValue, WTF::NakedPtr<JSC::Exception>&) /root/WebKit/Source/JavaScriptCore/runtime/Completion.cpp:145:37 (jsc+0x13b6e85)
    #8 runWithOptions(GlobalObject*, CommandLine&, bool&) /root/WebKit/Source/JavaScriptCore/jsc.cpp:3957:35 (jsc+0x1caec5)
    #9 jscmain(int, char**)::$_0::operator()(JSC::VM&, GlobalObject*, bool&) const /root/WebKit/Source/JavaScriptCore/jsc.cpp:4686:13 (jsc+0x1caec5)
    #10 int runJSC<jscmain(int, char**)::$_0>(CommandLine const&, bool, jscmain(int, char**)::$_0 const&) /root/WebKit/Source/JavaScriptCore/jsc.cpp:4472:13 (jsc+0x1caec5)
    #11 jscmain(int, char**) /root/WebKit/Source/JavaScriptCore/jsc.cpp:4679:18 (jsc+0x1caec5)
    #12 main /root/WebKit/Source/JavaScriptCore/jsc.cpp:3715:15 (jsc+0x1c9743)

  Previous read of size 1 at 0x722800000b36 by thread T1:
    #0 JSC::JIT::emit_op_get_by_id(JSC::BaseInstruction<JSC::JSOpcodeTraits> const*) /root/WebKit/Source/JavaScriptCore/jit/JITPropertyAccess.cpp:606:40 (jsc+0xfe43c2)
    #1 JSC::JIT::privateCompileMainPass() /root/WebKit/Source/JavaScriptCore/jit/JIT.cpp:314:9 (jsc+0xeba3cf)
    #2 JSC::JIT::compileAndLinkWithoutFinalizing(JSC::JITCompilationEffort) /root/WebKit/Source/JavaScriptCore/jit/JIT.cpp:813:5 (jsc+0xec80e6)
    #3 JSC::BaselineJITPlan::compileInThreadImpl(JSC::JITCompilationEffort) /root/WebKit/Source/JavaScriptCore/jit/BaselineJITPlan.cpp:67:32 (jsc+0xea33e8)
    #4 JSC::BaselineJITPlan::compileInThreadImpl() /root/WebKit/Source/JavaScriptCore/jit/BaselineJITPlan.cpp:78:12 (jsc+0xea358b)
    #5 JSC::JITPlan::compileInThread(JSC::JITWorklistThread*) /root/WebKit/Source/JavaScriptCore/jit/JITPlan.cpp:283:28 (jsc+0xfd4afd)
    #6 JSC::JITWorklistThread::work() /root/WebKit/Source/JavaScriptCore/jit/JITWorklistThread.cpp:145:13 (jsc+0x103f30b)
    #7 WTF::AutomaticThread::start(WTF::AbstractLocker const&)::$_0::operator()() const /root/WebKit/Source/WTF/wtf/AutomaticThread.cpp:260:37 (jsc+0x2572ebc)
    #8 WTF::Detail::CallableWrapper<WTF::AutomaticThread::start(WTF::AbstractLocker const&)::$_0, void>::call() /root/WebKit/Source/WTF/wtf/Function.h:59:39 (jsc+0x2572ebc)
    #9 WTF::Function<void ()>::operator()() const /root/WebKit/Source/WTF/wtf/Function.h:103:35 (jsc+0x259e245)
    #10 WTF::Thread::entryPoint(WTF::Thread::NewThreadContext*) /root/WebKit/Source/WTF/wtf/Threading.cpp:312:5 (jsc+0x259e245)
    #11 WTF::wtfThreadEntryPoint(void*) /root/WebKit/Source/WTF/wtf/posix/ThreadingPOSIX.cpp:264:5 (jsc+0x25fabf9)

  Location is heap block of size 152 at 0x722800000aa0 allocated by main thread:
    #0 malloc /home/runner/work/llvm-project/llvm-project/compiler-rt/lib/tsan/rtl/tsan_interceptors_posix.cpp:682:5 (jsc+0x13dc20)
    #1 bmalloc::api::malloc(unsigned long, bmalloc::CompactAllocationMode, bmalloc::HeapKind) /root/WebKit/WebKitBuild/TSan/bmalloc/Headers/bmalloc/bmalloc.h:96:20 (jsc+0x2581059)
    #2 WTF::fastMalloc(unsigned long) /root/WebKit/Source/WTF/wtf/FastMalloc.cpp:337:20 (jsc+0x2581059)
    #3 WTF::FastMalloc::malloc(unsigned long) /root/WebKit/WebKitBuild/TSan/WTF/Headers/wtf/FastMalloc.h:235:47 (jsc+0x3bd5b4)
    #4 JSC::UnlinkedMetadataTable::finalize() /root/WebKit/Source/JavaScriptCore/bytecode/UnlinkedMetadataTable.cpp:164:61 (jsc+0x3bd5b4)
    #5 JSC::UnlinkedCodeBlockGenerator::finalize(std::unique_ptr<JSC::InstructionStream<JSC::BaseInstruction<JSC::JSOpcodeTraits>>, std::default_delete<JSC::InstructionStream<JSC::BaseInstruction<JSC::JSOpcodeTraits>>>>) /root/WebKit/Source/JavaScriptCore/bytecode/UnlinkedCodeBlockGenerator.cpp:68:34 (jsc+0x3bc1c7)
    #6 JSC::BytecodeGenerator::generate(unsigned int&) /root/WebKit/Source/JavaScriptCore/bytecompiler/BytecodeGenerator.cpp:422:18 (jsc+0x3cc648)
    #7 JSC::ParserError JSC::BytecodeGenerator::generate<JSC::FunctionNode, JSC::UnlinkedFunctionCodeBlock>(JSC::VM&, JSC::FunctionNode*, JSC::SourceCode const&, JSC::UnlinkedFunctionCodeBlock*, WTF::OptionSet<JSC::CodeGenerationMode, (WTF::ConcurrencyTag)0>, WTF::RefPtr<JSC::TDZEnvironmentLink, WTF::RawPtrTraits<JSC::TDZEnvironmentLink>, WTF::DefaultRefDerefTraits<JSC::TDZEnvironmentLink>> const&, WTF::FixedVector<JSC::Identifier, WTF::FastMalloc> const*, WTF::HashMap<WTF::RefPtr<WTF::UniquedStringImpl, WTF::PackedPtrTraits<WTF::UniquedStringImpl>, WTF::DefaultRefDerefTraits<WTF::UniquedStringImpl>>, JSC::PrivateNameEntry, JSC::IdentifierRepHash, WTF::HashTraits<WTF::RefPtr<WTF::UniquedStringImpl, WTF::RawPtrTraits<WTF::UniquedStringImpl>, WTF::DefaultRefDerefTraits<WTF::UniquedStringImpl>>>, JSC::PrivateNameEntryHashTraits, WTF::HashTableTraits, (WTF::ShouldValidateKey)0, WTF::FastMalloc> const*) /root/WebKit/Source/JavaScriptCore/bytecompiler/BytecodeGenerator.h:407:46 (jsc+0x3c3870)
    #8 JSC::generateUnlinkedFunctionCodeBlock(JSC::VM&, JSC::UnlinkedFunctionExecutable*, JSC::SourceCode const&, JSC::CodeSpecializationKind, WTF::OptionSet<JSC::CodeGenerationMode, (WTF::ConcurrencyTag)0>, JSC::UnlinkedFunctionKind, JSC::ParserError&, JSC::SourceParseMode) /root/WebKit/Source/JavaScriptCore/bytecode/UnlinkedFunctionExecutable.cpp:166:13 (jsc+0x3c12c9)
    #9 JSC::UnlinkedFunctionExecutable::unlinkedCodeBlockFor(JSC::VM&, JSC::SourceCode const&, JSC::CodeSpecializationKind, WTF::OptionSet<JSC::CodeGenerationMode, (WTF::ConcurrencyTag)0>, JSC::ParserError&, JSC::SourceParseMode) /root/WebKit/Source/JavaScriptCore/bytecode/UnlinkedFunctionExecutable.cpp:354:41 (jsc+0x3c12c9)
    #10 JSC::ScriptExecutable::newCodeBlockFor(JSC::CodeSpecializationKind, JSC::JSFunction*, JSC::JSScope*) /root/WebKit/Source/JavaScriptCore/runtime/ScriptExecutable.cpp:505:43 (jsc+0x1889cf8)
    #11 JSC::ScriptExecutable::prepareForExecutionImpl(JSC::VM&, JSC::JSFunction*, JSC::JSScope*, JSC::CodeSpecializationKind, JSC::CodeBlock*&) /root/WebKit/Source/JavaScriptCore/runtime/ScriptExecutable.cpp:623:28 (jsc+0x188a6c4)
    #12 void JSC::ScriptExecutable::prepareForExecution<JSC::FunctionExecutable>(JSC::VM&, JSC::JSFunction*, JSC::JSScope*, JSC::CodeSpecializationKind, JSC::CodeBlock*&) /root/WebKit/Source/JavaScriptCore/bytecode/CodeBlock.h:1153:5 (jsc+0xfafb18)
    #13 JSC::linkFor(JSC::VM&, JSC::JSCell*, JSC::CallFrame*, JSC::CallLinkInfo*) /root/WebKit/Source/JavaScriptCore/bytecode/RepatchInlines.h:192:29 (jsc+0xfafb18)
    #14 operationDefaultCall /root/WebKit/Source/JavaScriptCore/jit/JITOperations.cpp:2600:24 (jsc+0xfaf2f6)
    #15 <null> <null> (0x7f2825bff017)
    #16 JSC::evaluate(JSC::JSGlobalObject*, JSC::SourceCode const&, JSC::JSValue, WTF::NakedPtr<JSC::Exception>&) /root/WebKit/Source/JavaScriptCore/runtime/Completion.cpp:145:37 (jsc+0x13b6e85)
    #17 runWithOptions(GlobalObject*, CommandLine&, bool&) /root/WebKit/Source/JavaScriptCore/jsc.cpp:3957:35 (jsc+0x1caec5)
    #18 jscmain(int, char**)::$_0::operator()(JSC::VM&, GlobalObject*, bool&) const /root/WebKit/Source/JavaScriptCore/jsc.cpp:4686:13 (jsc+0x1caec5)
    #19 int runJSC<jscmain(int, char**)::$_0>(CommandLine const&, bool, jscmain(int, char**)::$_0 const&) /root/WebKit/Source/JavaScriptCore/jsc.cpp:4472:13 (jsc+0x1caec5)
    #20 jscmain(int, char**) /root/WebKit/Source/JavaScriptCore/jsc.cpp:4679:18 (jsc+0x1caec5)
    #21 main /root/WebKit/Source/JavaScriptCore/jsc.cpp:3715:15 (jsc+0x1c9743)

  Thread T1 'JITWorker' (tid=2021293, running) created by main thread at:
    #0 pthread_create /home/runner/work/llvm-project/llvm-project/compiler-rt/lib/tsan/rtl/tsan_interceptors_posix.cpp:1090:3 (jsc+0x13ff1a)
    #1 WTF::Thread::establishHandle(WTF::Thread::NewThreadContext&, WTF::StackAllocationSpecification, WTF::ThreadQOS, WTF::ThreadSchedulingPolicy) /root/WebKit/Source/WTF/wtf/posix/ThreadingPOSIX.cpp:354:17 (jsc+0x25faae5)
    #2 WTF::Thread::create(WTF::ASCIILiteral, WTF::Function<void ()>&&, WTF::ThreadType, WTF::ThreadQOS, WTF::ThreadSchedulingPolicy, WTF::StackAllocationSpecification) /root/WebKit/Source/WTF/wtf/Threading.cpp:330:32 (jsc+0x259e583)
    #3 WTF::AutomaticThread::start(WTF::AbstractLocker const&) /root/WebKit/Source/WTF/wtf/AutomaticThread.cpp:189:5 (jsc+0x2571939)
    #4 WTF::AutomaticThreadCondition::notifyOne(WTF::AbstractLocker const&) /root/WebKit/Source/WTF/wtf/AutomaticThread.cpp:60:21 (jsc+0x2571739)
    #5 JSC::JITWorklist::wakeThreads(WTF::AbstractLocker const&, unsigned int) /root/WebKit/Source/JavaScriptCore/jit/JITWorklist.cpp:162:25 (jsc+0x1039716)
    #6 JSC::JITWorklist::enqueue(WTF::Ref<JSC::JITPlan, WTF::RawPtrTraits<JSC::JITPlan>, WTF::DefaultRefDerefTraits<JSC::JITPlan>>) /root/WebKit/Source/JavaScriptCore/jit/JITWorklist.cpp:246:5 (jsc+0x1039f78)
    #7 JSC::LLInt::jitCompileAndSetHeuristics(JSC::VM&, JSC::CodeBlock*) /root/WebKit/Source/JavaScriptCore/llint/LLIntSlowPaths.cpp:497:45 (jsc+0x10739c8)
    #8 llint_replace /root/WebKit/Source/JavaScriptCore/llint/LLIntSlowPaths.cpp:625:9 (jsc+0x1073fc6)
    #9 llint_op_ret LowLevelInterpreter.cpp (jsc+0x1e0138c)
    #10 JSC::evaluate(JSC::JSGlobalObject*, JSC::SourceCode const&, JSC::JSValue, WTF::NakedPtr<JSC::Exception>&) /root/WebKit/Source/JavaScriptCore/runtime/Completion.cpp:145:37 (jsc+0x13b6e85)
    #11 runWithOptions(GlobalObject*, CommandLine&, bool&) /root/WebKit/Source/JavaScriptCore/jsc.cpp:3957:35 (jsc+0x1caec5)
    #12 jscmain(int, char**)::$_0::operator()(JSC::VM&, GlobalObject*, bool&) const /root/WebKit/Source/JavaScriptCore/jsc.cpp:4686:13 (jsc+0x1caec5)
    #13 int runJSC<jscmain(int, char**)::$_0>(CommandLine const&, bool, jscmain(int, char**)::$_0 const&) /root/WebKit/Source/JavaScriptCore/jsc.cpp:4472:13 (jsc+0x1caec5)
    #14 jscmain(int, char**) /root/WebKit/Source/JavaScriptCore/jsc.cpp:4679:18 (jsc+0x1caec5)
    #15 main /root/WebKit/Source/JavaScriptCore/jsc.cpp:3715:15 (jsc+0x1c9743)

SUMMARY: ThreadSanitizer: data race /root/WebKit/WebKitBuild/TSan/WTF/Headers/wtf/Atomics.h:67:102 in WTF::Atomic<JSC::GetByIdMode>::store(JSC::GetByIdMode, std::memory_order)
==================
==================
WARNING: ThreadSanitizer: data race (pid=2021291)
  Read of size 8 at 0x7f270001a0a0 by main thread:
    #0 JSC::TinyBloomFilter<unsigned long>::ruleOut(unsigned long) const /root/WebKit/Source/JavaScriptCore/heap/TinyBloomFilter.h:74:17 (jsc+0x1dc3ed)
    #1 JSC::Structure::get(JSC::VM&, JSC::PropertyName, unsigned int&) /root/WebKit/Source/JavaScriptCore/runtime/StructureInlinesLight.h:102:26 (jsc+0x1dc3ed)
    #2 JSC::JSObject::getOwnNonIndexPropertySlot(JSC::VM&, JSC::Structure*, JSC::PropertyName, JSC::PropertySlot&) /root/WebKit/WebKitBuild/TSan/JavaScriptCore/PrivateHeaders/JavaScriptCore/JSObject.h:1962:40 (jsc+0x1e107e)
    #3 JSC::getByIdMegamorphic(JSC::JSGlobalObject*, JSC::VM&, JSC::CallFrame*, JSC::PropertyInlineCache*, JSC::JSValue, JSC::JSValue, JSC::CacheableIdentifier, JSC::GetByKind) /root/WebKit/Source/JavaScriptCore/jit/JITOperations.cpp:454:36 (jsc+0xf985cb)
    #4 operationGetByIdMegamorphic /root/WebKit/Source/JavaScriptCore/jit/JITOperations.cpp:512:5 (jsc+0xf982a9)
    #5 <null> <null> (0x7f2825c02fa4)
    #6 JSC::evaluate(JSC::JSGlobalObject*, JSC::SourceCode const&, JSC::JSValue, WTF::NakedPtr<JSC::Exception>&) /root/WebKit/Source/JavaScriptCore/runtime/Completion.cpp:145:37 (jsc+0x13b6e85)
    #7 runWithOptions(GlobalObject*, CommandLine&, bool&) /root/WebKit/Source/JavaScriptCore/jsc.cpp:3957:35 (jsc+0x1caec5)
    #8 jscmain(int, char**)::$_0::operator()(JSC::VM&, GlobalObject*, bool&) const /root/WebKit/Source/JavaScriptCore/jsc.cpp:4686:13 (jsc+0x1caec5)
    #9 int runJSC<jscmain(int, char**)::$_0>(CommandLine const&, bool, jscmain(int, char**)::$_0 const&) /root/WebKit/Source/JavaScriptCore/jsc.cpp:4472:13 (jsc+0x1caec5)
    #10 jscmain(int, char**) /root/WebKit/Source/JavaScriptCore/jsc.cpp:4679:18 (jsc+0x1caec5)
    #11 main /root/WebKit/Source/JavaScriptCore/jsc.cpp:3715:15 (jsc+0x1c9743)

  Previous write of size 8 at 0x7f270001a0a0 by thread T2:
    #0 JSC::TinyBloomFilter<unsigned long>::add(unsigned long) /root/WebKit/Source/JavaScriptCore/heap/TinyBloomFilter.h:59:12 (jsc+0x18f3353)
    #1 int JSC::Structure::add<(JSC::Structure::ShouldPin)0, JSC::Structure::add(JSC::VM&, JSC::PropertyName, unsigned int)::$_0>(JSC::VM&, JSC::PropertyName, unsigned int, JSC::Structure::add(JSC::VM&, JSC::PropertyName, unsigned int)::$_0 const&) /root/WebKit/Source/JavaScriptCore/runtime/StructureInlines.h:306:22 (jsc+0x18f3353)
    #2 JSC::Structure::add(JSC::VM&, JSC::PropertyName, unsigned int) /root/WebKit/Source/JavaScriptCore/runtime/Structure.cpp:2146:12 (jsc+0x18f3353)
    #3 JSC::Structure::addNewPropertyTransition(JSC::VM&, JSC::Structure*, JSC::PropertyName, unsigned int, int&, JSC::PutPropertySlot::Context, JSC::DeferredStructureTransitionWatchpointFire*) /root/WebKit/Source/JavaScriptCore/runtime/Structure.cpp:821:26 (jsc+0x18f22c6)
    #4 WTF::ASCIILiteral WTF::ASCIILiteral JSC::JSObject::putDirectInternal<(JSC::JSObject::PutMode)0>(JSC::VM&, JSC::PropertyName, JSC::JSValue, unsigned int, JSC::PutPropertySlot&)::'lambda'<bool $N>()::operator()<true>() const /root/WebKit/Source/JavaScriptCore/runtime/JSObjectInlines.h:1366:31 (jsc+0x83e846)
    #5 WTF::ASCIILiteral JSC::JSObject::putDirectInternal<(JSC::JSObject::PutMode)0>(JSC::VM&, JSC::PropertyName, JSC::JSValue, unsigned int, JSC::PutPropertySlot&)::'lambda'()::operator()() const /root/WebKit/Source/JavaScriptCore/runtime/JSObjectInlines.h:1419:34 (jsc+0x83cae2)
    #6 decltype(fp()) JSC::putDirectInternalConcurrentOutOfLine<WTF::ASCIILiteral JSC::JSObject::putDirectInternal<(JSC::JSObject::PutMode)0>(JSC::VM&, JSC::PropertyName, JSC::JSValue, unsigned int, JSC::PutPropertySlot&)::'lambda'()>(WTF::ASCIILiteral JSC::JSObject::putDirectInternal<(JSC::JSObject::PutMode)0>(JSC::VM&, JSC::PropertyName, JSC::JSValue, unsigned int, JSC::PutPropertySlot&)::'lambda'() const&) /root/WebKit/Source/JavaScriptCore/runtime/JSObjectInlines.h:983:12 (jsc+0x83cae2)
    #7 WTF::ASCIILiteral JSC::JSObject::putDirectInternal<(JSC::JSObject::PutMode)0>(JSC::VM&, JSC::PropertyName, JSC::JSValue, unsigned int, JSC::PutPropertySlot&) /root/WebKit/Source/JavaScriptCore/runtime/JSObjectInlines.h:1418:16 (jsc+0x83cab7)
    #8 JSC::JSObject::putInlineFast(JSC::JSGlobalObject*, JSC::PropertyName, JSC::JSValue, JSC::PutPropertySlot&) /root/WebKit/Source/JavaScriptCore/runtime/JSObjectInlines.h:795:18 (jsc+0x83cab7)
    #9 JSC::JSObject::putInlineForJSObject(JSC::JSCell*, JSC::JSGlobalObject*, JSC::PropertyName, JSC::JSValue, JSC::PutPropertySlot&) /root/WebKit/Source/JavaScriptCore/runtime/JSObjectInlines.h:787:24 (jsc+0x83cab7)
    #10 JSC::JSCell::putInline(JSC::JSGlobalObject*, JSC::PropertyName, JSC::JSValue, JSC::PutPropertySlot&) /root/WebKit/Source/JavaScriptCore/runtime/JSCellInlines.h:475:16 (jsc+0xfa7c77)
    #11 JSC::JSValue::putInline(JSC::JSGlobalObject*, JSC::PropertyName, JSC::JSValue, JSC::PutPropertySlot&) /root/WebKit/Source/JavaScriptCore/runtime/JSObject.h:2297:22 (jsc+0xfa7c77)
    #12 JSC::putByVal(JSC::JSGlobalObject*, JSC::JSValue, JSC::JSValue, JSC::JSValue, JSC::ArrayProfile*, JSC::ECMAMode) /root/WebKit/Source/JavaScriptCore/jit/JITOperations.cpp:1724:15 (jsc+0xfa7c77)
    #13 JSC::putByValOptimize(JSC::JSGlobalObject*, JSC::CodeBlock*, JSC::JSValue, JSC::JSValue, JSC::JSValue, JSC::PropertyInlineCache*, JSC::ArrayProfile*, JSC::PutByKind) /root/WebKit/Source/JavaScriptCore/jit/JITOperations.cpp:1823:5 (jsc+0xfa66c4)
    #14 operationPutByValSloppyOptimize /root/WebKit/Source/JavaScriptCore/jit/JITOperations.cpp:1854:5 (jsc+0xfa6924)
    #15 <null> <null> (0x7f2825c02224)
    #16 JSC::Interpreter::executeCall(JSC::JSObject*, JSC::CallData const&, JSC::JSValue, JSC::JSCell*, JSC::ArgList const&) /root/WebKit/Source/JavaScriptCore/interpreter/Interpreter.cpp (jsc+0xe81f6d)
    #17 JSC::call(JSC::JSGlobalObject*, JSC::JSValue, JSC::CallData const&, JSC::JSValue, JSC::ArgList const&) /root/WebKit/Source/JavaScriptCore/runtime/CallData.cpp:70:27 (jsc+0x1354881)
    #18 JSC::call(JSC::JSGlobalObject*, JSC::JSValue, JSC::CallData const&, JSC::JSValue, JSC::ArgList const&, WTF::NakedPtr<JSC::Exception>&) /root/WebKit/Source/JavaScriptCore/runtime/CallData.cpp:77:22 (jsc+0x1354881)
    #19 JSC::threadMain(JSC::VM&, WTF::Ref<JSC::ThreadState, WTF::RawPtrTraits<JSC::ThreadState>, WTF::DefaultRefDerefTraits<JSC::ThreadState>>) /root/WebKit/Source/JavaScriptCore/runtime/ThreadObject.cpp:241:30 (jsc+0x19922bc)
    #20 JSC::constructThread(JSC::JSGlobalObject*, JSC::CallFrame*)::$_0::operator()() /root/WebKit/Source/JavaScriptCore/runtime/ThreadObject.cpp:468:9 (jsc+0x19922bc)
    #21 WTF::Detail::CallableWrapper<JSC::constructThread(JSC::JSGlobalObject*, JSC::CallFrame*)::$_0, void>::call() /root/WebKit/WebKitBuild/TSan/WTF/Headers/wtf/Function.h:59:39 (jsc+0x19922bc)
    #22 WTF::Function<void ()>::operator()() const /root/WebKit/Source/WTF/wtf/Function.h:103:35 (jsc+0x259e245)
    #23 WTF::Thread::entryPoint(WTF::Thread::NewThreadContext*) /root/WebKit/Source/WTF/wtf/Threading.cpp:312:5 (jsc+0x259e245)
    #24 WTF::wtfThreadEntryPoint(void*) /root/WebKit/Source/WTF/wtf/posix/ThreadingPOSIX.cpp:264:5 (jsc+0x25fabf9)

  Thread T2 'JS Thread' (tid=2021294, running) created by main thread at:
    #0 pthread_create /home/runner/work/llvm-project/llvm-project/compiler-rt/lib/tsan/rtl/tsan_interceptors_posix.cpp:1090:3 (jsc+0x13ff1a)
    #1 WTF::Thread::establishHandle(WTF::Thread::NewThreadContext&, WTF::StackAllocationSpecification, WTF::ThreadQOS, WTF::ThreadSchedulingPolicy) /root/WebKit/Source/WTF/wtf/posix/ThreadingPOSIX.cpp:354:17 (jsc+0x25faae5)
    #2 WTF::Thread::create(WTF::ASCIILiteral, WTF::Function<void ()>&&, WTF::ThreadType, WTF::ThreadQOS, WTF::ThreadSchedulingPolicy, WTF::StackAllocationSpecification) /root/WebKit/Source/WTF/wtf/Threading.cpp:330:32 (jsc+0x259e583)
    #3 JSC::constructThread(JSC::JSGlobalObject*, JSC::CallFrame*) /root/WebKit/Source/JavaScriptCore/runtime/ThreadObject.cpp:467:5 (jsc+0x198a6df)
    #4 <null> <null> (0x7f2825bff217)
    #5 JSC::evaluate(JSC::JSGlobalObject*, JSC::SourceCode const&, JSC::JSValue, WTF::NakedPtr<JSC::Exception>&) /root/WebKit/Source/JavaScriptCore/runtime/Completion.cpp:145:37 (jsc+0x13b6e85)
    #6 runWithOptions(GlobalObject*, CommandLine&, bool&) /root/WebKit/Source/JavaScriptCore/jsc.cpp:3957:35 (jsc+0x1caec5)
    #7 jscmain(int, char**)::$_0::operator()(JSC::VM&, GlobalObject*, bool&) const /root/WebKit/Source/JavaScriptCore/jsc.cpp:4686:13 (jsc+0x1caec5)
    #8 int runJSC<jscmain(int, char**)::$_0>(CommandLine const&, bool, jscmain(int, char**)::$_0 const&) /root/WebKit/Source/JavaScriptCore/jsc.cpp:4472:13 (jsc+0x1caec5)
    #9 jscmain(int, char**) /root/WebKit/Source/JavaScriptCore/jsc.cpp:4679:18 (jsc+0x1caec5)
    #10 main /root/WebKit/Source/JavaScriptCore/jsc.cpp:3715:15 (jsc+0x1c9743)

SUMMARY: ThreadSanitizer: data race /root/WebKit/Source/JavaScriptCore/heap/TinyBloomFilter.h:74:17 in JSC::TinyBloomFilter<unsigned long>::ruleOut(unsigned long) const
==================
==================
WARNING: ThreadSanitizer: data race (pid=2021291)
  Read of size 8 at 0x7f270001d8a0 by main thread:
    #0 JSC::TinyBloomFilter<unsigned long>::ruleOut(unsigned long) const /root/WebKit/Source/JavaScriptCore/heap/TinyBloomFilter.h:74:17 (jsc+0x1dc3ed)
    #1 JSC::Structure::get(JSC::VM&, JSC::PropertyName, unsigned int&) /root/WebKit/Source/JavaScriptCore/runtime/StructureInlinesLight.h:102:26 (jsc+0x1dc3ed)
    #2 JSC::JSObject::getOwnNonIndexPropertySlot(JSC::VM&, JSC::Structure*, JSC::PropertyName, JSC::PropertySlot&) /root/WebKit/WebKitBuild/TSan/JavaScriptCore/PrivateHeaders/JavaScriptCore/JSObject.h:2008:33 (jsc+0x1e1546)
    #3 JSC::getByIdMegamorphic(JSC::JSGlobalObject*, JSC::VM&, JSC::CallFrame*, JSC::PropertyInlineCache*, JSC::JSValue, JSC::JSValue, JSC::CacheableIdentifier, JSC::GetByKind) /root/WebKit/Source/JavaScriptCore/jit/JITOperations.cpp:454:36 (jsc+0xf985cb)
    #4 operationGetByIdMegamorphic /root/WebKit/Source/JavaScriptCore/jit/JITOperations.cpp:512:5 (jsc+0xf982a9)
    #5 <null> <null> (0x7f2825c02fa4)
    #6 JSC::evaluate(JSC::JSGlobalObject*, JSC::SourceCode const&, JSC::JSValue, WTF::NakedPtr<JSC::Exception>&) /root/WebKit/Source/JavaScriptCore/runtime/Completion.cpp:145:37 (jsc+0x13b6e85)
    #7 runWithOptions(GlobalObject*, CommandLine&, bool&) /root/WebKit/Source/JavaScriptCore/jsc.cpp:3957:35 (jsc+0x1caec5)
    #8 jscmain(int, char**)::$_0::operator()(JSC::VM&, GlobalObject*, bool&) const /root/WebKit/Source/JavaScriptCore/jsc.cpp:4686:13 (jsc+0x1caec5)
    #9 int runJSC<jscmain(int, char**)::$_0>(CommandLine const&, bool, jscmain(int, char**)::$_0 const&) /root/WebKit/Source/JavaScriptCore/jsc.cpp:4472:13 (jsc+0x1caec5)
    #10 jscmain(int, char**) /root/WebKit/Source/JavaScriptCore/jsc.cpp:4679:18 (jsc+0x1caec5)
    #11 main /root/WebKit/Source/JavaScriptCore/jsc.cpp:3715:15 (jsc+0x1c9743)

  Previous write of size 8 at 0x7f270001d8a0 by thread T2:
    #0 JSC::Structure::Structure(JSC::VM&, JSC::Structure::StructureVariant, JSC::Structure*) /root/WebKit/Source/JavaScriptCore/runtime/Structure.cpp:417:7 (jsc+0x18ef7bc)
    #1 JSC::Structure::create(JSC::VM&, JSC::Structure*, JSC::DeferredStructureTransitionWatchpointFire*) /root/WebKit/Source/JavaScriptCore/runtime/StructureInlines.h:56:67 (jsc+0x18f3804)
    #2 JSC::Structure::removeNewPropertyTransition(JSC::VM&, JSC::Structure*, JSC::PropertyName, int&, JSC::DeferredStructureTransitionWatchpointFire*) /root/WebKit/Source/JavaScriptCore/runtime/Structure.cpp:972:22 (jsc+0x18f3fa2)
    #3 JSC::Structure::removePropertyTransition(JSC::VM&, JSC::Structure*, JSC::PropertyName, int&, JSC::DeferredStructureTransitionWatchpointFire*) /root/WebKit/Source/JavaScriptCore/runtime/Structure.cpp:866:12 (jsc+0x18f3d4e)
    #4 JSC::deletePropertyNamedConcurrent(JSC::VM&, JSC::JSObject*, JSC::PropertyName, JSC::DeletePropertySlot&) /root/WebKit/Source/JavaScriptCore/runtime/JSObject.cpp:4223:35 (jsc+0x16a3092)
    #5 JSC::JSObject::deleteProperty(JSC::JSCell*, JSC::JSGlobalObject*, JSC::PropertyName, JSC::DeletePropertySlot&) /root/WebKit/Source/JavaScriptCore/runtime/JSObject.cpp:4332:16 (jsc+0x1689842)
    #6 JSC::deleteByVal(JSC::JSGlobalObject*, JSC::VM&, JSC::DeletePropertySlot&, JSC::JSValue, JSC::JSValue, JSC::ECMAMode) /root/WebKit/Source/JavaScriptCore/jit/JITOperations.cpp:4440:23 (jsc+0xfc47ea)
    #7 operationDeleteByValSloppyGaveUp /root/WebKit/Source/JavaScriptCore/jit/JITOperations.cpp:4512:5 (jsc+0xfc447f)
    #8 <null> <null> (0x7f2825c11da4)
    #9 JSC::Interpreter::executeCall(JSC::JSObject*, JSC::CallData const&, JSC::JSValue, JSC::JSCell*, JSC::ArgList const&) /root/WebKit/Source/JavaScriptCore/interpreter/Interpreter.cpp (jsc+0xe81f6d)
    #10 JSC::call(JSC::JSGlobalObject*, JSC::JSValue, JSC::CallData const&, JSC::JSValue, JSC::ArgList const&) /root/WebKit/Source/JavaScriptCore/runtime/CallData.cpp:70:27 (jsc+0x1354881)
    #11 JSC::call(JSC::JSGlobalObject*, JSC::JSValue, JSC::CallData const&, JSC::JSValue, JSC::ArgList const&, WTF::NakedPtr<JSC::Exception>&) /root/WebKit/Source/JavaScriptCore/runtime/CallData.cpp:77:22 (jsc+0x1354881)
    #12 JSC::threadMain(JSC::VM&, WTF::Ref<JSC::ThreadState, WTF::RawPtrTraits<JSC::ThreadState>, WTF::DefaultRefDerefTraits<JSC::ThreadState>>) /root/WebKit/Source/JavaScriptCore/runtime/ThreadObject.cpp:241:30 (jsc+0x19922bc)
    #13 JSC::constructThread(JSC::JSGlobalObject*, JSC::CallFrame*)::$_0::operator()() /root/WebKit/Source/JavaScriptCore/runtime/ThreadObject.cpp:468:9 (jsc+0x19922bc)
    #14 WTF::Detail::CallableWrapper<JSC::constructThread(JSC::JSGlobalObject*, JSC::CallFrame*)::$_0, void>::call() /root/WebKit/WebKitBuild/TSan/WTF/Headers/wtf/Function.h:59:39 (jsc+0x19922bc)
    #15 WTF::Function<void ()>::operator()() const /root/WebKit/Source/WTF/wtf/Function.h:103:35 (jsc+0x259e245)
    #16 WTF::Thread::entryPoint(WTF::Thread::NewThreadContext*) /root/WebKit/Source/WTF/wtf/Threading.cpp:312:5 (jsc+0x259e245)
    #17 WTF::wtfThreadEntryPoint(void*) /root/WebKit/Source/WTF/wtf/posix/ThreadingPOSIX.cpp:264:5 (jsc+0x25fabf9)

  Thread T2 'JS Thread' (tid=2021294, running) created by main thread at:
    #0 pthread_create /home/runner/work/llvm-project/llvm-project/compiler-rt/lib/tsan/rtl/tsan_interceptors_posix.cpp:1090:3 (jsc+0x13ff1a)
    #1 WTF::Thread::establishHandle(WTF::Thread::NewThreadContext&, WTF::StackAllocationSpecification, WTF::ThreadQOS, WTF::ThreadSchedulingPolicy) /root/WebKit/Source/WTF/wtf/posix/ThreadingPOSIX.cpp:354:17 (jsc+0x25faae5)
    #2 WTF::Thread::create(WTF::ASCIILiteral, WTF::Function<void ()>&&, WTF::ThreadType, WTF::ThreadQOS, WTF::ThreadSchedulingPolicy, WTF::StackAllocationSpecification) /root/WebKit/Source/WTF/wtf/Threading.cpp:330:32 (jsc+0x259e583)
    #3 JSC::constructThread(JSC::JSGlobalObject*, JSC::CallFrame*) /root/WebKit/Source/JavaScriptCore/runtime/ThreadObject.cpp:467:5 (jsc+0x198a6df)
    #4 <null> <null> (0x7f2825bff217)
    #5 JSC::evaluate(JSC::JSGlobalObject*, JSC::SourceCode const&, JSC::JSValue, WTF::NakedPtr<JSC::Exception>&) /root/WebKit/Source/JavaScriptCore/runtime/Completion.cpp:145:37 (jsc+0x13b6e85)
    #6 runWithOptions(GlobalObject*, CommandLine&, bool&) /root/WebKit/Source/JavaScriptCore/jsc.cpp:3957:35 (jsc+0x1caec5)
    #7 jscmain(int, char**)::$_0::operator()(JSC::VM&, GlobalObject*, bool&) const /root/WebKit/Source/JavaScriptCore/jsc.cpp:4686:13 (jsc+0x1caec5)
    #8 int runJSC<jscmain(int, char**)::$_0>(CommandLine const&, bool, jscmain(int, char**)::$_0 const&) /root/WebKit/Source/JavaScriptCore/jsc.cpp:4472:13 (jsc+0x1caec5)
    #9 jscmain(int, char**) /root/WebKit/Source/JavaScriptCore/jsc.cpp:4679:18 (jsc+0x1caec5)
    #10 main /root/WebKit/Source/JavaScriptCore/jsc.cpp:3715:15 (jsc+0x1c9743)

SUMMARY: ThreadSanitizer: data race /root/WebKit/Source/JavaScriptCore/heap/TinyBloomFilter.h:74:17 in JSC::TinyBloomFilter<unsigned long>::ruleOut(unsigned long) const
==================
==================
WARNING: ThreadSanitizer: data race (pid=2021291)
  Atomic write of size 1 at 0x7f270001e40f by main thread:
    #0 std::__atomic_base<unsigned char>::compare_exchange_weak(unsigned char&, unsigned char, std::memory_order, std::memory_order) /usr/lib/gcc/x86_64-amazon-linux/14/../../../../include/c++/14/bits/atomic_base.h:536:9 (jsc+0x18f0dd1)
    #1 std::__atomic_base<unsigned char>::compare_exchange_weak(unsigned char&, unsigned char, std::memory_order) /usr/lib/gcc/x86_64-amazon-linux/14/../../../../include/c++/14/bits/atomic_base.h:555:9 (jsc+0x18f0dd1)
    #2 WTF::Atomic<unsigned char>::compareExchangeWeak(unsigned char, unsigned char, std::memory_order) /root/WebKit/WebKitBuild/TSan/WTF/Headers/wtf/Atomics.h:81:22 (jsc+0x18f0dd1)
    #3 WTF::LockAlgorithm<unsigned char, (unsigned char)1, (unsigned char)2, WTF::EmptyLockHooks<unsigned char>>::lockFastAssumingZero(WTF::Atomic<unsigned char>&) /root/WebKit/WebKitBuild/TSan/WTF/Headers/wtf/LockAlgorithm.h:53:21 (jsc+0x18f0dd1)
    #4 WTF::Lock::lock() /root/WebKit/WebKitBuild/TSan/WTF/Headers/wtf/Lock.h:70:14 (jsc+0x18f0dd1)
    #5 JSC::Structure::findStructuresAndMapForMaterialization(WTF::Vector<JSC::Structure*, 8ul, WTF::CrashOnOverflow, 16ul, WTF::FastMalloc>&, JSC::Structure*&, JSC::PropertyTable*&) /root/WebKit/Source/JavaScriptCore/runtime/Structure.cpp:575:27 (jsc+0x18f0dd1)
    #6 JSC::Structure::getConcurrently(WTF::UniquedStringImpl*, unsigned int&) /root/WebKit/Source/JavaScriptCore/runtime/Structure.cpp:2075:29 (jsc+0x18f4df6)
    #7 JSC::Structure::get(JSC::VM&, JSC::PropertyName, unsigned int&) /root/WebKit/Source/JavaScriptCore/runtime/StructureInlinesLight.h:118:16 (jsc+0x1dc73e)
    #8 JSC::JSObject::getOwnNonIndexPropertySlot(JSC::VM&, JSC::Structure*, JSC::PropertyName, JSC::PropertySlot&) /root/WebKit/WebKitBuild/TSan/JavaScriptCore/PrivateHeaders/JavaScriptCore/JSObject.h:1962:40 (jsc+0x1e107e)
    #9 JSC::getByIdMegamorphic(JSC::JSGlobalObject*, JSC::VM&, JSC::CallFrame*, JSC::PropertyInlineCache*, JSC::JSValue, JSC::JSValue, JSC::CacheableIdentifier, JSC::GetByKind) /root/WebKit/Source/JavaScriptCore/jit/JITOperations.cpp:454:36 (jsc+0xf985cb)
    #10 operationGetByIdMegamorphic /root/WebKit/Source/JavaScriptCore/jit/JITOperations.cpp:512:5 (jsc+0xf982a9)
    #11 <null> <null> (0x7f2825c02fa4)
    #12 JSC::evaluate(JSC::JSGlobalObject*, JSC::SourceCode const&, JSC::JSValue, WTF::NakedPtr<JSC::Exception>&) /root/WebKit/Source/JavaScriptCore/runtime/Completion.cpp:145:37 (jsc+0x13b6e85)
    #13 runWithOptions(GlobalObject*, CommandLine&, bool&) /root/WebKit/Source/JavaScriptCore/jsc.cpp:3957:35 (jsc+0x1caec5)
    #14 jscmain(int, char**)::$_0::operator()(JSC::VM&, GlobalObject*, bool&) const /root/WebKit/Source/JavaScriptCore/jsc.cpp:4686:13 (jsc+0x1caec5)
    #15 int runJSC<jscmain(int, char**)::$_0>(CommandLine const&, bool, jscmain(int, char**)::$_0 const&) /root/WebKit/Source/JavaScriptCore/jsc.cpp:4472:13 (jsc+0x1caec5)
    #16 jscmain(int, char**) /root/WebKit/Source/JavaScriptCore/jsc.cpp:4679:18 (jsc+0x1caec5)
    #17 main /root/WebKit/Source/JavaScriptCore/jsc.cpp:3715:15 (jsc+0x1c9743)

  Previous write of size 1 at 0x7f270001e40f by thread T2:
    #0 std::__atomic_base<unsigned char>::__atomic_base(unsigned char) /usr/lib/gcc/x86_64-amazon-linux/14/../../../../include/c++/14/bits/atomic_base.h:358:58 (jsc+0x18ef73d)
    #1 std::atomic<unsigned char>::atomic(unsigned char) /usr/lib/gcc/x86_64-amazon-linux/14/../../../../include/c++/14/atomic:769:56 (jsc+0x18ef73d)
    #2 WTF::Atomic<unsigned char>::Atomic(unsigned char) /root/WebKit/WebKitBuild/TSan/WTF/Headers/wtf/Atomics.h:152:11 (jsc+0x18ef73d)
    #3 WTF::Lock::Lock() /root/WebKit/WebKitBuild/TSan/WTF/Headers/wtf/Lock.h:156:28 (jsc+0x18ef73d)
    #4 JSC::Structure::Structure(JSC::VM&, JSC::Structure::StructureVariant, JSC::Structure*) /root/WebKit/Source/JavaScriptCore/runtime/Structure.cpp:411:12 (jsc+0x18ef73d)
    #5 JSC::Structure::create(JSC::VM&, JSC::Structure*, JSC::DeferredStructureTransitionWatchpointFire*) /root/WebKit/Source/JavaScriptCore/runtime/StructureInlines.h:56:67 (jsc+0x18f3804)
    #6 JSC::Structure::addNewPropertyTransition(JSC::VM&, JSC::Structure*, JSC::PropertyName, unsigned int, int&, JSC::PutPropertySlot::Context, JSC::DeferredStructureTransitionWatchpointFire*) /root/WebKit/Source/JavaScriptCore/runtime/Structure.cpp:795:22 (jsc+0x18f1ef8)
    #7 WTF::ASCIILiteral WTF::ASCIILiteral JSC::JSObject::putDirectInternal<(JSC::JSObject::PutMode)0>(JSC::VM&, JSC::PropertyName, JSC::JSValue, unsigned int, JSC::PutPropertySlot&)::'lambda'<bool $N>()::operator()<true>() const /root/WebKit/Source/JavaScriptCore/runtime/JSObjectInlines.h:1366:31 (jsc+0x83e846)
    #8 WTF::ASCIILiteral JSC::JSObject::putDirectInternal<(JSC::JSObject::PutMode)0>(JSC::VM&, JSC::PropertyName, JSC::JSValue, unsigned int, JSC::PutPropertySlot&)::'lambda'()::operator()() const /root/WebKit/Source/JavaScriptCore/runtime/JSObjectInlines.h:1419:34 (jsc+0x83cae2)
    #9 decltype(fp()) JSC::putDirectInternalConcurrentOutOfLine<WTF::ASCIILiteral JSC::JSObject::putDirectInternal<(JSC::JSObject::PutMode)0>(JSC::VM&, JSC::PropertyName, JSC::JSValue, unsigned int, JSC::PutPropertySlot&)::'lambda'()>(WTF::ASCIILiteral JSC::JSObject::putDirectInternal<(JSC::JSObject::PutMode)0>(JSC::VM&, JSC::PropertyName, JSC::JSValue, unsigned int, JSC::PutPropertySlot&)::'lambda'() const&) /root/WebKit/Source/JavaScriptCore/runtime/JSObjectInlines.h:983:12 (jsc+0x83cae2)
    #10 WTF::ASCIILiteral JSC::JSObject::putDirectInternal<(JSC::JSObject::PutMode)0>(JSC::VM&, JSC::PropertyName, JSC::JSValue, unsigned int, JSC::PutPropertySlot&) /root/WebKit/Source/JavaScriptCore/runtime/JSObjectInlines.h:1418:16 (jsc+0x83cab7)
    #11 JSC::JSObject::putInlineFast(JSC::JSGlobalObject*, JSC::PropertyName, JSC::JSValue, JSC::PutPropertySlot&) /root/WebKit/Source/JavaScriptCore/runtime/JSObjectInlines.h:795:18 (jsc+0x83cab7)
    #12 JSC::JSObject::putInlineForJSObject(JSC::JSCell*, JSC::JSGlobalObject*, JSC::PropertyName, JSC::JSValue, JSC::PutPropertySlot&) /root/WebKit/Source/JavaScriptCore/runtime/JSObjectInlines.h:787:24 (jsc+0x83cab7)
    #13 JSC::JSCell::putInline(JSC::JSGlobalObject*, JSC::PropertyName, JSC::JSValue, JSC::PutPropertySlot&) /root/WebKit/Source/JavaScriptCore/runtime/JSCellInlines.h:475:16 (jsc+0xfa7c77)
    #14 JSC::JSValue::putInline(JSC::JSGlobalObject*, JSC::PropertyName, JSC::JSValue, JSC::PutPropertySlot&) /root/WebKit/Source/JavaScriptCore/runtime/JSObject.h:2297:22 (jsc+0xfa7c77)
    #15 JSC::putByVal(JSC::JSGlobalObject*, JSC::JSValue, JSC::JSValue, JSC::JSValue, JSC::ArrayProfile*, JSC::ECMAMode) /root/WebKit/Source/JavaScriptCore/jit/JITOperations.cpp:1724:15 (jsc+0xfa7c77)
    #16 JSC::putByValOptimize(JSC::JSGlobalObject*, JSC::CodeBlock*, JSC::JSValue, JSC::JSValue, JSC::JSValue, JSC::PropertyInlineCache*, JSC::ArrayProfile*, JSC::PutByKind) /root/WebKit/Source/JavaScriptCore/jit/JITOperations.cpp:1823:5 (jsc+0xfa66c4)
    #17 operationPutByValSloppyOptimize /root/WebKit/Source/JavaScriptCore/jit/JITOperations.cpp:1854:5 (jsc+0xfa6924)
    #18 <null> <null> (0x7f2825c02224)
    #19 JSC::Interpreter::executeCall(JSC::JSObject*, JSC::CallData const&, JSC::JSValue, JSC::JSCell*, JSC::ArgList const&) /root/WebKit/Source/JavaScriptCore/interpreter/Interpreter.cpp (jsc+0xe81f6d)
    #20 JSC::call(JSC::JSGlobalObject*, JSC::JSValue, JSC::CallData const&, JSC::JSValue, JSC::ArgList const&) /root/WebKit/Source/JavaScriptCore/runtime/CallData.cpp:70:27 (jsc+0x1354881)
    #21 JSC::call(JSC::JSGlobalObject*, JSC::JSValue, JSC::CallData const&, JSC::JSValue, JSC::ArgList const&, WTF::NakedPtr<JSC::Exception>&) /root/WebKit/Source/JavaScriptCore/runtime/CallData.cpp:77:22 (jsc+0x1354881)
    #22 JSC::threadMain(JSC::VM&, WTF::Ref<JSC::ThreadState, WTF::RawPtrTraits<JSC::ThreadState>, WTF::DefaultRefDerefTraits<JSC::ThreadState>>) /root/WebKit/Source/JavaScriptCore/runtime/ThreadObject.cpp:241:30 (jsc+0x19922bc)
    #23 JSC::constructThread(JSC::JSGlobalObject*, JSC::CallFrame*)::$_0::operator()() /root/WebKit/Source/JavaScriptCore/runtime/ThreadObject.cpp:468:9 (jsc+0x19922bc)
    #24 WTF::Detail::CallableWrapper<JSC::constructThread(JSC::JSGlobalObject*, JSC::CallFrame*)::$_0, void>::call() /root/WebKit/WebKitBuild/TSan/WTF/Headers/wtf/Function.h:59:39 (jsc+0x19922bc)
    #25 WTF::Function<void ()>::operator()() const /root/WebKit/Source/WTF/wtf/Function.h:103:35 (jsc+0x259e245)
    #26 WTF::Thread::entryPoint(WTF::Thread::NewThreadContext*) /root/WebKit/Source/WTF/wtf/Threading.cpp:312:5 (jsc+0x259e245)
    #27 WTF::wtfThreadEntryPoint(void*) /root/WebKit/Source/WTF/wtf/posix/ThreadingPOSIX.cpp:264:5 (jsc+0x25fabf9)

  Thread T2 'JS Thread' (tid=2021294, running) created by main thread at:
    #0 pthread_create /home/runner/work/llvm-project/llvm-project/compiler-rt/lib/tsan/rtl/tsan_interceptors_posix.cpp:1090:3 (jsc+0x13ff1a)
    #1 WTF::Thread::establishHandle(WTF::Thread::NewThreadContext&, WTF::StackAllocationSpecification, WTF::ThreadQOS, WTF::ThreadSchedulingPolicy) /root/WebKit/Source/WTF/wtf/posix/ThreadingPOSIX.cpp:354:17 (jsc+0x25faae5)
    #2 WTF::Thread::create(WTF::ASCIILiteral, WTF::Function<void ()>&&, WTF::ThreadType, WTF::ThreadQOS, WTF::ThreadSchedulingPolicy, WTF::StackAllocationSpecification) /root/WebKit/Source/WTF/wtf/Threading.cpp:330:32 (jsc+0x259e583)
    #3 JSC::constructThread(JSC::JSGlobalObject*, JSC::CallFrame*) /root/WebKit/Source/JavaScriptCore/runtime/ThreadObject.cpp:467:5 (jsc+0x198a6df)
    #4 <null> <null> (0x7f2825bff217)
    #5 JSC::evaluate(JSC::JSGlobalObject*, JSC::SourceCode const&, JSC::JSValue, WTF::NakedPtr<JSC::Exception>&) /root/WebKit/Source/JavaScriptCore/runtime/Completion.cpp:145:37 (jsc+0x13b6e85)
    #6 runWithOptions(GlobalObject*, CommandLine&, bool&) /root/WebKit/Source/JavaScriptCore/jsc.cpp:3957:35 (jsc+0x1caec5)
    #7 jscmain(int, char**)::$_0::operator()(JSC::VM&, GlobalObject*, bool&) const /root/WebKit/Source/JavaScriptCore/jsc.cpp:4686:13 (jsc+0x1caec5)
    #8 int runJSC<jscmain(int, char**)::$_0>(CommandLine const&, bool, jscmain(int, char**)::$_0 const&) /root/WebKit/Source/JavaScriptCore/jsc.cpp:4472:13 (jsc+0x1caec5)
    #9 jscmain(int, char**) /root/WebKit/Source/JavaScriptCore/jsc.cpp:4679:18 (jsc+0x1caec5)
    #10 main /root/WebKit/Source/JavaScriptCore/jsc.cpp:3715:15 (jsc+0x1c9743)

SUMMARY: ThreadSanitizer: data race /root/WebKit/WebKitBuild/TSan/WTF/Headers/wtf/Atomics.h:81:22 in WTF::Atomic<unsigned char>::compareExchangeWeak(unsigned char, unsigned char, std::memory_order)
==================
==================
WARNING: ThreadSanitizer: data race (pid=2021291)
  Atomic read of size 4 at 0x7f270001e610 by main thread:
    #0 std::__atomic_base<unsigned int>::load(std::memory_order) const /usr/lib/gcc/x86_64-amazon-linux/14/../../../../include/c++/14/bits/atomic_base.h:501:9 (jsc+0xfa0e60)
    #1 WTF::Atomic<unsigned int>::load(std::memory_order) const /root/WebKit/WebKitBuild/TSan/WTF/Headers/wtf/Atomics.h:55:100 (jsc+0xfa0e60)
    #2 unsigned int WTF::atomicLoad<unsigned int>(unsigned int*, std::memory_order) /root/WebKit/WebKitBuild/TSan/WTF/Headers/wtf/Atomics.h:162:49 (jsc+0xfa0e60)
    #3 JSC::Structure::hasReadOnlyOrGetterSetterPropertiesExcludingProto() const /root/WebKit/Source/JavaScriptCore/runtime/Structure.h:1078:5 (jsc+0xfa0e60)
    #4 JSC::putByIdMegamorphic(JSC::JSGlobalObject*, JSC::VM&, JSC::CallFrame*, JSC::PropertyInlineCache*, JSC::JSValue, JSC::JSValue, JSC::CacheableIdentifier, JSC::PutByKind) /root/WebKit/Source/JavaScriptCore/jit/JITOperations.cpp:1230:28 (jsc+0xfa0e60)
    #5 operationPutByIdSloppyMegamorphic /root/WebKit/Source/JavaScriptCore/jit/JITOperations.cpp:1330:5 (jsc+0xfa1a8b)
    #6 <null> <null> (0x7f2825c02284)
    #7 JSC::evaluate(JSC::JSGlobalObject*, JSC::SourceCode const&, JSC::JSValue, WTF::NakedPtr<JSC::Exception>&) /root/WebKit/Source/JavaScriptCore/runtime/Completion.cpp:145:37 (jsc+0x13b6e85)
    #8 runWithOptions(GlobalObject*, CommandLine&, bool&) /root/WebKit/Source/JavaScriptCore/jsc.cpp:3957:35 (jsc+0x1caec5)
    #9 jscmain(int, char**)::$_0::operator()(JSC::VM&, GlobalObject*, bool&) const /root/WebKit/Source/JavaScriptCore/jsc.cpp:4686:13 (jsc+0x1caec5)
    #10 int runJSC<jscmain(int, char**)::$_0>(CommandLine const&, bool, jscmain(int, char**)::$_0 const&) /root/WebKit/Source/JavaScriptCore/jsc.cpp:4472:13 (jsc+0x1caec5)
    #11 jscmain(int, char**) /root/WebKit/Source/JavaScriptCore/jsc.cpp:4679:18 (jsc+0x1caec5)
    #12 main /root/WebKit/Source/JavaScriptCore/jsc.cpp:3715:15 (jsc+0x1c9743)

  Previous write of size 4 at 0x7f270001e610 by thread T2:
    #0 JSC::Structure::Structure(JSC::VM&, JSC::Structure::StructureVariant, JSC::Structure*) /root/WebKit/Source/JavaScriptCore/runtime/Structure.cpp:414:7 (jsc+0x18ef74e)
    #1 JSC::Structure::create(JSC::VM&, JSC::Structure*, JSC::DeferredStructureTransitionWatchpointFire*) /root/WebKit/Source/JavaScriptCore/runtime/StructureInlines.h:56:67 (jsc+0x18f3804)
    #2 JSC::Structure::addNewPropertyTransition(JSC::VM&, JSC::Structure*, JSC::PropertyName, unsigned int, int&, JSC::PutPropertySlot::Context, JSC::DeferredStructureTransitionWatchpointFire*) /root/WebKit/Source/JavaScriptCore/runtime/Structure.cpp:795:22 (jsc+0x18f1ef8)
    #3 WTF::ASCIILiteral WTF::ASCIILiteral JSC::JSObject::putDirectInternal<(JSC::JSObject::PutMode)0>(JSC::VM&, JSC::PropertyName, JSC::JSValue, unsigned int, JSC::PutPropertySlot&)::'lambda'<bool $N>()::operator()<true>() const /root/WebKit/Source/JavaScriptCore/runtime/JSObjectInlines.h:1366:31 (jsc+0x83e846)
    #4 WTF::ASCIILiteral JSC::JSObject::putDirectInternal<(JSC::JSObject::PutMode)0>(JSC::VM&, JSC::PropertyName, JSC::JSValue, unsigned int, JSC::PutPropertySlot&)::'lambda'()::operator()() const /root/WebKit/Source/JavaScriptCore/runtime/JSObjectInlines.h:1419:34 (jsc+0x83cae2)
    #5 decltype(fp()) JSC::putDirectInternalConcurrentOutOfLine<WTF::ASCIILiteral JSC::JSObject::putDirectInternal<(JSC::JSObject::PutMode)0>(JSC::VM&, JSC::PropertyName, JSC::JSValue, unsigned int, JSC::PutPropertySlot&)::'lambda'()>(WTF::ASCIILiteral JSC::JSObject::putDirectInternal<(JSC::JSObject::PutMode)0>(JSC::VM&, JSC::PropertyName, JSC::JSValue, unsigned int, JSC::PutPropertySlot&)::'lambda'() const&) /root/WebKit/Source/JavaScriptCore/runtime/JSObjectInlines.h:983:12 (jsc+0x83cae2)
    #6 WTF::ASCIILiteral JSC::JSObject::putDirectInternal<(JSC::JSObject::PutMode)0>(JSC::VM&, JSC::PropertyName, JSC::JSValue, unsigned int, JSC::PutPropertySlot&) /root/WebKit/Source/JavaScriptCore/runtime/JSObjectInlines.h:1418:16 (jsc+0x83cab7)
    #7 JSC::JSObject::putInlineFast(JSC::JSGlobalObject*, JSC::PropertyName, JSC::JSValue, JSC::PutPropertySlot&) /root/WebKit/Source/JavaScriptCore/runtime/JSObjectInlines.h:795:18 (jsc+0x83cab7)
    #8 JSC::JSObject::putInlineForJSObject(JSC::JSCell*, JSC::JSGlobalObject*, JSC::PropertyName, JSC::JSValue, JSC::PutPropertySlot&) /root/WebKit/Source/JavaScriptCore/runtime/JSObjectInlines.h:787:24 (jsc+0x83cab7)
    #9 JSC::JSCell::putInline(JSC::JSGlobalObject*, JSC::PropertyName, JSC::JSValue, JSC::PutPropertySlot&) /root/WebKit/Source/JavaScriptCore/runtime/JSCellInlines.h:475:16 (jsc+0xfa7c77)
    #10 JSC::JSValue::putInline(JSC::JSGlobalObject*, JSC::PropertyName, JSC::JSValue, JSC::PutPropertySlot&) /root/WebKit/Source/JavaScriptCore/runtime/JSObject.h:2297:22 (jsc+0xfa7c77)
    #11 JSC::putByVal(JSC::JSGlobalObject*, JSC::JSValue, JSC::JSValue, JSC::JSValue, JSC::ArrayProfile*, JSC::ECMAMode) /root/WebKit/Source/JavaScriptCore/jit/JITOperations.cpp:1724:15 (jsc+0xfa7c77)
    #12 JSC::putByValOptimize(JSC::JSGlobalObject*, JSC::CodeBlock*, JSC::JSValue, JSC::JSValue, JSC::JSValue, JSC::PropertyInlineCache*, JSC::ArrayProfile*, JSC::PutByKind) /root/WebKit/Source/JavaScriptCore/jit/JITOperations.cpp:1823:5 (jsc+0xfa66c4)
    #13 operationPutByValSloppyOptimize /root/WebKit/Source/JavaScriptCore/jit/JITOperations.cpp:1854:5 (jsc+0xfa6924)
    #14 <null> <null> (0x7f2825c02224)
    #15 JSC::Interpreter::executeCall(JSC::JSObject*, JSC::CallData const&, JSC::JSValue, JSC::JSCell*, JSC::ArgList const&) /root/WebKit/Source/JavaScriptCore/interpreter/Interpreter.cpp (jsc+0xe81f6d)
    #16 JSC::call(JSC::JSGlobalObject*, JSC::JSValue, JSC::CallData const&, JSC::JSValue, JSC::ArgList const&) /root/WebKit/Source/JavaScriptCore/runtime/CallData.cpp:70:27 (jsc+0x1354881)
    #17 JSC::call(JSC::JSGlobalObject*, JSC::JSValue, JSC::CallData const&, JSC::JSValue, JSC::ArgList const&, WTF::NakedPtr<JSC::Exception>&) /root/WebKit/Source/JavaScriptCore/runtime/CallData.cpp:77:22 (jsc+0x1354881)
    #18 JSC::threadMain(JSC::VM&, WTF::Ref<JSC::ThreadState, WTF::RawPtrTraits<JSC::ThreadState>, WTF::DefaultRefDerefTraits<JSC::ThreadState>>) /root/WebKit/Source/JavaScriptCore/runtime/ThreadObject.cpp:241:30 (jsc+0x19922bc)
    #19 JSC::constructThread(JSC::JSGlobalObject*, JSC::CallFrame*)::$_0::operator()() /root/WebKit/Source/JavaScriptCore/runtime/ThreadObject.cpp:468:9 (jsc+0x19922bc)
    #20 WTF::Detail::CallableWrapper<JSC::constructThread(JSC::JSGlobalObject*, JSC::CallFrame*)::$_0, void>::call() /root/WebKit/WebKitBuild/TSan/WTF/Headers/wtf/Function.h:59:39 (jsc+0x19922bc)
    #21 WTF::Function<void ()>::operator()() const /root/WebKit/Source/WTF/wtf/Function.h:103:35 (jsc+0x259e245)
    #22 WTF::Thread::entryPoint(WTF::Thread::NewThreadContext*) /root/WebKit/Source/WTF/wtf/Threading.cpp:312:5 (jsc+0x259e245)
    #23 WTF::wtfThreadEntryPoint(void*) /root/WebKit/Source/WTF/wtf/posix/ThreadingPOSIX.cpp:264:5 (jsc+0x25fabf9)

  Thread T2 'JS Thread' (tid=2021294, running) created by main thread at:
    #0 pthread_create /home/runner/work/llvm-project/llvm-project/compiler-rt/lib/tsan/rtl/tsan_interceptors_posix.cpp:1090:3 (jsc+0x13ff1a)
    #1 WTF::Thread::establishHandle(WTF::Thread::NewThreadContext&, WTF::StackAllocationSpecification, WTF::ThreadQOS, WTF::ThreadSchedulingPolicy) /root/WebKit/Source/WTF/wtf/posix/ThreadingPOSIX.cpp:354:17 (jsc+0x25faae5)
    #2 WTF::Thread::create(WTF::ASCIILiteral, WTF::Function<void ()>&&, WTF::ThreadType, WTF::ThreadQOS, WTF::ThreadSchedulingPolicy, WTF::StackAllocationSpecification) /root/WebKit/Source/WTF/wtf/Threading.cpp:330:32 (jsc+0x259e583)
    #3 JSC::constructThread(JSC::JSGlobalObject*, JSC::CallFrame*) /root/WebKit/Source/JavaScriptCore/runtime/ThreadObject.cpp:467:5 (jsc+0x198a6df)
    #4 <null> <null> (0x7f2825bff217)
    #5 JSC::evaluate(JSC::JSGlobalObject*, JSC::SourceCode const&, JSC::JSValue, WTF::NakedPtr<JSC::Exception>&) /root/WebKit/Source/JavaScriptCore/runtime/Completion.cpp:145:37 (jsc+0x13b6e85)
    #6 runWithOptions(GlobalObject*, CommandLine&, bool&) /root/WebKit/Source/JavaScriptCore/jsc.cpp:3957:35 (jsc+0x1caec5)
    #7 jscmain(int, char**)::$_0::operator()(JSC::VM&, GlobalObject*, bool&) const /root/WebKit/Source/JavaScriptCore/jsc.cpp:4686:13 (jsc+0x1caec5)
    #8 int runJSC<jscmain(int, char**)::$_0>(CommandLine const&, bool, jscmain(int, char**)::$_0 const&) /root/WebKit/Source/JavaScriptCore/jsc.cpp:4472:13 (jsc+0x1caec5)
    #9 jscmain(int, char**) /root/WebKit/Source/JavaScriptCore/jsc.cpp:4679:18 (jsc+0x1caec5)
    #10 main /root/WebKit/Source/JavaScriptCore/jsc.cpp:3715:15 (jsc+0x1c9743)

SUMMARY: ThreadSanitizer: data race /root/WebKit/WebKitBuild/TSan/WTF/Headers/wtf/Atomics.h:55:100 in WTF::Atomic<unsigned int>::load(std::memory_order) const
==================
==================
WARNING: ThreadSanitizer: data race (pid=2021291)
  Read of size 8 at 0x7f270001eba0 by main thread:
    #0 JSC::TinyBloomFilter<unsigned long>::ruleOut(unsigned long) const /root/WebKit/Source/JavaScriptCore/heap/TinyBloomFilter.h:74:17 (jsc+0x1dc3ed)
    #1 JSC::Structure::get(JSC::VM&, JSC::PropertyName, unsigned int&) /root/WebKit/Source/JavaScriptCore/runtime/StructureInlinesLight.h:102:26 (jsc+0x1dc3ed)
    #2 JSC::JSObject::getOwnNonIndexPropertySlot(JSC::VM&, JSC::Structure*, JSC::PropertyName, JSC::PropertySlot&) /root/WebKit/WebKitBuild/TSan/JavaScriptCore/PrivateHeaders/JavaScriptCore/JSObject.h:1962:40 (jsc+0x1e107e)
    #3 JSC::getByIdMegamorphic(JSC::JSGlobalObject*, JSC::VM&, JSC::CallFrame*, JSC::PropertyInlineCache*, JSC::JSValue, JSC::JSValue, JSC::CacheableIdentifier, JSC::GetByKind) /root/WebKit/Source/JavaScriptCore/jit/JITOperations.cpp:454:36 (jsc+0xf985cb)
    #4 operationGetByIdMegamorphic /root/WebKit/Source/JavaScriptCore/jit/JITOperations.cpp:512:5 (jsc+0xf982a9)
    #5 <null> <null> (0x7f2825c02fa4)
    #6 JSC::evaluate(JSC::JSGlobalObject*, JSC::SourceCode const&, JSC::JSValue, WTF::NakedPtr<JSC::Exception>&) /root/WebKit/Source/JavaScriptCore/runtime/Completion.cpp:145:37 (jsc+0x13b6e85)
    #7 runWithOptions(GlobalObject*, CommandLine&, bool&) /root/WebKit/Source/JavaScriptCore/jsc.cpp:3957:35 (jsc+0x1caec5)
    #8 jscmain(int, char**)::$_0::operator()(JSC::VM&, GlobalObject*, bool&) const /root/WebKit/Source/JavaScriptCore/jsc.cpp:4686:13 (jsc+0x1caec5)
    #9 int runJSC<jscmain(int, char**)::$_0>(CommandLine const&, bool, jscmain(int, char**)::$_0 const&) /root/WebKit/Source/JavaScriptCore/jsc.cpp:4472:13 (jsc+0x1caec5)
    #10 jscmain(int, char**) /root/WebKit/Source/JavaScriptCore/jsc.cpp:4679:18 (jsc+0x1caec5)
    #11 main /root/WebKit/Source/JavaScriptCore/jsc.cpp:3715:15 (jsc+0x1c9743)

  Previous write of size 8 at 0x7f270001eba0 by thread T2:
    #0 JSC::Structure::Structure(JSC::VM&, JSC::Structure::StructureVariant, JSC::Structure*) /root/WebKit/Source/JavaScriptCore/runtime/Structure.cpp:417:7 (jsc+0x18ef7bc)
    #1 JSC::Structure::create(JSC::VM&, JSC::Structure*, JSC::DeferredStructureTransitionWatchpointFire*) /root/WebKit/Source/JavaScriptCore/runtime/StructureInlines.h:56:67 (jsc+0x18f3804)
    #2 JSC::Structure::removeNewPropertyTransition(JSC::VM&, JSC::Structure*, JSC::PropertyName, int&, JSC::DeferredStructureTransitionWatchpointFire*) /root/WebKit/Source/JavaScriptCore/runtime/Structure.cpp:972:22 (jsc+0x18f3fa2)
    #3 JSC::Structure::removePropertyTransition(JSC::VM&, JSC::Structure*, JSC::PropertyName, int&, JSC::DeferredStructureTransitionWatchpointFire*) /root/WebKit/Source/JavaScriptCore/runtime/Structure.cpp:866:12 (jsc+0x18f3d4e)
    #4 JSC::deletePropertyNamedConcurrent(JSC::VM&, JSC::JSObject*, JSC::PropertyName, JSC::DeletePropertySlot&) /root/WebKit/Source/JavaScriptCore/runtime/JSObject.cpp:4223:35 (jsc+0x16a3092)
    #5 JSC::JSObject::deleteProperty(JSC::JSCell*, JSC::JSGlobalObject*, JSC::PropertyName, JSC::DeletePropertySlot&) /root/WebKit/Source/JavaScriptCore/runtime/JSObject.cpp:4332:16 (jsc+0x1689842)
    #6 JSC::deleteByVal(JSC::JSGlobalObject*, JSC::VM&, JSC::DeletePropertySlot&, JSC::JSValue, JSC::JSValue, JSC::ECMAMode) /root/WebKit/Source/JavaScriptCore/jit/JITOperations.cpp:4440:23 (jsc+0xfc47ea)
    #7 operationDeleteByValSloppyGaveUp /root/WebKit/Source/JavaScriptCore/jit/JITOperations.cpp:4512:5 (jsc+0xfc447f)
    #8 <null> <null> (0x7f2825c11da4)
    #9 JSC::Interpreter::executeCall(JSC::JSObject*, JSC::CallData const&, JSC::JSValue, JSC::JSCell*, JSC::ArgList const&) /root/WebKit/Source/JavaScriptCore/interpreter/Interpreter.cpp (jsc+0xe81f6d)
    #10 JSC::call(JSC::JSGlobalObject*, JSC::JSValue, JSC::CallData const&, JSC::JSValue, JSC::ArgList const&) /root/WebKit/Source/JavaScriptCore/runtime/CallData.cpp:70:27 (jsc+0x1354881)
    #11 JSC::call(JSC::JSGlobalObject*, JSC::JSValue, JSC::CallData const&, JSC::JSValue, JSC::ArgList const&, WTF::NakedPtr<JSC::Exception>&) /root/WebKit/Source/JavaScriptCore/runtime/CallData.cpp:77:22 (jsc+0x1354881)
    #12 JSC::threadMain(JSC::VM&, WTF::Ref<JSC::ThreadState, WTF::RawPtrTraits<JSC::ThreadState>, WTF::DefaultRefDerefTraits<JSC::ThreadState>>) /root/WebKit/Source/JavaScriptCore/runtime/ThreadObject.cpp:241:30 (jsc+0x19922bc)
    #13 JSC::constructThread(JSC::JSGlobalObject*, JSC::CallFrame*)::$_0::operator()() /root/WebKit/Source/JavaScriptCore/runtime/ThreadObject.cpp:468:9 (jsc+0x19922bc)
    #14 WTF::Detail::CallableWrapper<JSC::constructThread(JSC::JSGlobalObject*, JSC::CallFrame*)::$_0, void>::call() /root/WebKit/WebKitBuild/TSan/WTF/Headers/wtf/Function.h:59:39 (jsc+0x19922bc)
    #15 WTF::Function<void ()>::operator()() const /root/WebKit/Source/WTF/wtf/Function.h:103:35 (jsc+0x259e245)
    #16 WTF::Thread::entryPoint(WTF::Thread::NewThreadContext*) /root/WebKit/Source/WTF/wtf/Threading.cpp:312:5 (jsc+0x259e245)
    #17 WTF::wtfThreadEntryPoint(void*) /root/WebKit/Source/WTF/wtf/posix/ThreadingPOSIX.cpp:264:5 (jsc+0x25fabf9)

  Thread T2 'JS Thread' (tid=2021294, running) created by main thread at:
    #0 pthread_create /home/runner/work/llvm-project/llvm-project/compiler-rt/lib/tsan/rtl/tsan_interceptors_posix.cpp:1090:3 (jsc+0x13ff1a)
    #1 WTF::Thread::establishHandle(WTF::Thread::NewThreadContext&, WTF::StackAllocationSpecification, WTF::ThreadQOS, WTF::ThreadSchedulingPolicy) /root/WebKit/Source/WTF/wtf/posix/ThreadingPOSIX.cpp:354:17 (jsc+0x25faae5)
    #2 WTF::Thread::create(WTF::ASCIILiteral, WTF::Function<void ()>&&, WTF::ThreadType, WTF::ThreadQOS, WTF::ThreadSchedulingPolicy, WTF::StackAllocationSpecification) /root/WebKit/Source/WTF/wtf/Threading.cpp:330:32 (jsc+0x259e583)
    #3 JSC::constructThread(JSC::JSGlobalObject*, JSC::CallFrame*) /root/WebKit/Source/JavaScriptCore/runtime/ThreadObject.cpp:467:5 (jsc+0x198a6df)
    #4 <null> <null> (0x7f2825bff217)
    #5 JSC::evaluate(JSC::JSGlobalObject*, JSC::SourceCode const&, JSC::JSValue, WTF::NakedPtr<JSC::Exception>&) /root/WebKit/Source/JavaScriptCore/runtime/Completion.cpp:145:37 (jsc+0x13b6e85)
    #6 runWithOptions(GlobalObject*, CommandLine&, bool&) /root/WebKit/Source/JavaScriptCore/jsc.cpp:3957:35 (jsc+0x1caec5)
    #7 jscmain(int, char**)::$_0::operator()(JSC::VM&, GlobalObject*, bool&) const /root/WebKit/Source/JavaScriptCore/jsc.cpp:4686:13 (jsc+0x1caec5)
    #8 int runJSC<jscmain(int, char**)::$_0>(CommandLine const&, bool, jscmain(int, char**)::$_0 const&) /root/WebKit/Source/JavaScriptCore/jsc.cpp:4472:13 (jsc+0x1caec5)
    #9 jscmain(int, char**) /root/WebKit/Source/JavaScriptCore/jsc.cpp:4679:18 (jsc+0x1caec5)
    #10 main /root/WebKit/Source/JavaScriptCore/jsc.cpp:3715:15 (jsc+0x1c9743)

SUMMARY: ThreadSanitizer: data race /root/WebKit/Source/JavaScriptCore/heap/TinyBloomFilter.h:74:17 in JSC::TinyBloomFilter<unsigned long>::ruleOut(unsigned long) const
==================
==================
WARNING: ThreadSanitizer: data race (pid=2021291)
  Write of size 2 at 0x729800000988 by main thread:
    #0 operationIteratorNextTryFast /root/WebKit/Source/JavaScriptCore/jit/JITOperations.cpp:3519:48 (jsc+0xfb98d9)
    #1 <null> <null> (0x7f2825c0a102)
    #2 JSC::evaluate(JSC::JSGlobalObject*, JSC::SourceCode const&, JSC::JSValue, WTF::NakedPtr<JSC::Exception>&) /root/WebKit/Source/JavaScriptCore/runtime/Completion.cpp:145:37 (jsc+0x13b6e85)
    #3 runWithOptions(GlobalObject*, CommandLine&, bool&) /root/WebKit/Source/JavaScriptCore/jsc.cpp:3957:35 (jsc+0x1caec5)
    #4 jscmain(int, char**)::$_0::operator()(JSC::VM&, GlobalObject*, bool&) const /root/WebKit/Source/JavaScriptCore/jsc.cpp:4686:13 (jsc+0x1caec5)
    #5 int runJSC<jscmain(int, char**)::$_0>(CommandLine const&, bool, jscmain(int, char**)::$_0 const&) /root/WebKit/Source/JavaScriptCore/jsc.cpp:4472:13 (jsc+0x1caec5)
    #6 jscmain(int, char**) /root/WebKit/Source/JavaScriptCore/jsc.cpp:4679:18 (jsc+0x1caec5)
    #7 main /root/WebKit/Source/JavaScriptCore/jsc.cpp:3715:15 (jsc+0x1c9743)

  Previous read of size 2 at 0x729800000988 by thread T1:
    #0 JSC::DFG::ByteCodeParser::handleIteratorNext(JSC::BaseInstruction<JSC::JSOpcodeTraits> const*, JSC::BytecodeIndex) /root/WebKit/Source/JavaScriptCore/dfg/DFGByteCodeParser.cpp:11845:55 (jsc+0x55b909)
    #1 JSC::DFG::ByteCodeParser::parseBlock(unsigned int) /root/WebKit/Source/JavaScriptCore/dfg/DFGByteCodeParser.cpp:9650:13 (jsc+0x528b87)
    #2 JSC::DFG::ByteCodeParser::parseCodeBlock() /root/WebKit/Source/JavaScriptCore/dfg/DFGByteCodeParser.cpp:10992:13 (jsc+0x562357)
    #3 JSC::DFG::ByteCodeParser::parse() /root/WebKit/Source/JavaScriptCore/dfg/DFGByteCodeParser.cpp:13043:5 (jsc+0x56c27e)
    #4 JSC::DFG::parse(JSC::DFG::Graph&) /root/WebKit/Source/JavaScriptCore/dfg/DFGByteCodeParser.cpp:13083:34 (jsc+0x56c904)
    #5 JSC::DFG::Plan::compileInThreadImpl() /root/WebKit/Source/JavaScriptCore/dfg/DFGPlan.cpp:255:14 (jsc+0x8a9ca0)
    #6 JSC::JITPlan::compileInThread(JSC::JITWorklistThread*) /root/WebKit/Source/JavaScriptCore/jit/JITPlan.cpp:283:28 (jsc+0xfd4afd)
    #7 JSC::JITWorklistThread::work() /root/WebKit/Source/JavaScriptCore/jit/JITWorklistThread.cpp:145:13 (jsc+0x103f30b)
    #8 WTF::AutomaticThread::start(WTF::AbstractLocker const&)::$_0::operator()() const /root/WebKit/Source/WTF/wtf/AutomaticThread.cpp:260:37 (jsc+0x2572ebc)
    #9 WTF::Detail::CallableWrapper<WTF::AutomaticThread::start(WTF::AbstractLocker const&)::$_0, void>::call() /root/WebKit/Source/WTF/wtf/Function.h:59:39 (jsc+0x2572ebc)
    #10 WTF::Function<void ()>::operator()() const /root/WebKit/Source/WTF/wtf/Function.h:103:35 (jsc+0x259e245)
    #11 WTF::Thread::entryPoint(WTF::Thread::NewThreadContext*) /root/WebKit/Source/WTF/wtf/Threading.cpp:312:5 (jsc+0x259e245)
    #12 WTF::wtfThreadEntryPoint(void*) /root/WebKit/Source/WTF/wtf/posix/ThreadingPOSIX.cpp:264:5 (jsc+0x25fabf9)

  Location is heap block of size 10424 at 0x729800000000 allocated by main thread:
    #0 malloc /home/runner/work/llvm-project/llvm-project/compiler-rt/lib/tsan/rtl/tsan_interceptors_posix.cpp:682:5 (jsc+0x13dc20)
    #1 bmalloc::api::malloc(unsigned long, bmalloc::CompactAllocationMode, bmalloc::HeapKind) /root/WebKit/WebKitBuild/TSan/bmalloc/Headers/bmalloc/bmalloc.h:96:20 (jsc+0x2581059)
    #2 WTF::fastMalloc(unsigned long) /root/WebKit/Source/WTF/wtf/FastMalloc.cpp:337:20 (jsc+0x2581059)
    #3 WTF::FastMalloc::malloc(unsigned long) /root/WebKit/WebKitBuild/TSan/WTF/Headers/wtf/FastMalloc.h:235:47 (jsc+0x3bd5b4)
    #4 JSC::UnlinkedMetadataTable::finalize() /root/WebKit/Source/JavaScriptCore/bytecode/UnlinkedMetadataTable.cpp:164:61 (jsc+0x3bd5b4)
    #5 JSC::UnlinkedCodeBlockGenerator::finalize(std::unique_ptr<JSC::InstructionStream<JSC::BaseInstruction<JSC::JSOpcodeTraits>>, std::default_delete<JSC::InstructionStream<JSC::BaseInstruction<JSC::JSOpcodeTraits>>>>) /root/WebKit/Source/JavaScriptCore/bytecode/UnlinkedCodeBlockGenerator.cpp:68:34 (jsc+0x3bc1c7)
    #6 JSC::BytecodeGenerator::generate(unsigned int&) /root/WebKit/Source/JavaScriptCore/bytecompiler/BytecodeGenerator.cpp:422:18 (jsc+0x3cc648)
    #7 JSC::ParserError JSC::BytecodeGenerator::generate<JSC::ProgramNode, JSC::UnlinkedProgramCodeBlock>(JSC::VM&, JSC::ProgramNode*, JSC::SourceCode const&, JSC::UnlinkedProgramCodeBlock*, WTF::OptionSet<JSC::CodeGenerationMode, (WTF::ConcurrencyTag)0>, WTF::RefPtr<JSC::TDZEnvironmentLink, WTF::RawPtrTraits<JSC::TDZEnvironmentLink>, WTF::DefaultRefDerefTraits<JSC::TDZEnvironmentLink>> const&, WTF::FixedVector<JSC::Identifier, WTF::FastMalloc> const*, WTF::HashMap<WTF::RefPtr<WTF::UniquedStringImpl, WTF::PackedPtrTraits<WTF::UniquedStringImpl>, WTF::DefaultRefDerefTraits<WTF::UniquedStringImpl>>, JSC::PrivateNameEntry, JSC::IdentifierRepHash, WTF::HashTraits<WTF::RefPtr<WTF::UniquedStringImpl, WTF::RawPtrTraits<WTF::UniquedStringImpl>, WTF::DefaultRefDerefTraits<WTF::UniquedStringImpl>>>, JSC::PrivateNameEntryHashTraits, WTF::HashTableTraits, (WTF::ShouldValidateKey)0, WTF::FastMalloc> const*) /root/WebKit/Source/JavaScriptCore/bytecompiler/BytecodeGenerator.h:407:46 (jsc+0x13cec60)
    #8 JSC::UnlinkedProgramCodeBlock* JSC::generateUnlinkedCodeBlockImpl<JSC::UnlinkedProgramCodeBlock, JSC::ProgramExecutable>(JSC::VM&, JSC::SourceCode const&, unsigned char, JSC::JSParserScriptMode, WTF::OptionSet<JSC::CodeGenerationMode, (WTF::ConcurrencyTag)0>, JSC::ParserError&, JSC::EvalContextType, JSC::DerivedContextType, bool, WTF::HashSet<WTF::RefPtr<WTF::UniquedStringImpl, WTF::RawPtrTraits<WTF::UniquedStringImpl>, WTF::DefaultRefDerefTraits<WTF::UniquedStringImpl>>, JSC::IdentifierRepHash, WTF::HashTraits<WTF::RefPtr<WTF::UniquedStringImpl, WTF::RawPtrTraits<WTF::UniquedStringImpl>, WTF::DefaultRefDerefTraits<WTF::UniquedStringImpl>>>, WTF::HashTableTraits, (WTF::ShouldValidateKey)0> const*, WTF::HashMap<WTF::RefPtr<WTF::UniquedStringImpl, WTF::PackedPtrTraits<WTF::UniquedStringImpl>, WTF::DefaultRefDerefTraits<WTF::UniquedStringImpl>>, JSC::PrivateNameEntry, JSC::IdentifierRepHash, WTF::HashTraits<WTF::RefPtr<WTF::UniquedStringImpl, WTF::RawPtrTraits<WTF::UniquedStringImpl>, WTF::DefaultRefDerefTraits<WTF::UniquedStringImpl>>>, JSC::PrivateNameEntryHashTraits, WTF::HashTableTraits, (WTF::ShouldValidateKey)0, WTF::FastMalloc> const*, JSC::ProgramExecutable*) /root/WebKit/Source/JavaScriptCore/runtime/CodeCache.cpp:211:13 (jsc+0x13d1a23)
    #9 JSC::UnlinkedProgramCodeBlock* JSC::generateUnlinkedCodeBlock<JSC::UnlinkedProgramCodeBlock, JSC::ProgramExecutable>(JSC::VM&, JSC::ProgramExecutable*, JSC::SourceCode const&, JSC::JSParserScriptMode, WTF::OptionSet<JSC::CodeGenerationMode, (WTF::ConcurrencyTag)0>, JSC::ParserError&, JSC::EvalContextType, WTF::HashSet<WTF::RefPtr<WTF::UniquedStringImpl, WTF::RawPtrTraits<WTF::UniquedStringImpl>, WTF::DefaultRefDerefTraits<WTF::UniquedStringImpl>>, JSC::IdentifierRepHash, WTF::HashTraits<WTF::RefPtr<WTF::UniquedStringImpl, WTF::RawPtrTraits<WTF::UniquedStringImpl>, WTF::DefaultRefDerefTraits<WTF::UniquedStringImpl>>>, WTF::HashTableTraits, (WTF::ShouldValidateKey)0> const*, WTF::HashMap<WTF::RefPtr<WTF::UniquedStringImpl, WTF::PackedPtrTraits<WTF::UniquedStringImpl>, WTF::DefaultRefDerefTraits<WTF::UniquedStringImpl>>, JSC::PrivateNameEntry, JSC::IdentifierRepHash, WTF::HashTraits<WTF::RefPtr<WTF::UniquedStringImpl, WTF::RawPtrTraits<WTF::UniquedStringImpl>, WTF::DefaultRefDerefTraits<WTF::UniquedStringImpl>>>, JSC::PrivateNameEntryHashTraits, WTF::HashTableTraits, (WTF::ShouldValidateKey)0, WTF::FastMalloc> const*) /root/WebKit/Source/JavaScriptCore/runtime/CodeCache.cpp:222:12 (jsc+0x137f0df)
    #10 JSC::UnlinkedProgramCodeBlock* JSC::CodeCache::getUnlinkedGlobalCodeBlock<JSC::UnlinkedProgramCodeBlock, JSC::ProgramExecutable>(JSC::VM&, JSC::ProgramExecutable*, JSC::SourceCode const&, JSC::JSParserScriptMode, WTF::OptionSet<JSC::CodeGenerationMode, (WTF::ConcurrencyTag)0>, JSC::ParserError&, JSC::EvalContextType) /root/WebKit/Source/JavaScriptCore/runtime/CodeCache.cpp:284:25 (jsc+0x137f0df)
    #11 JSC::CodeCache::getUnlinkedProgramCodeBlock(JSC::VM&, JSC::ProgramExecutable*, JSC::SourceCode const&, WTF::OptionSet<JSC::CodeGenerationMode, (WTF::ConcurrencyTag)0>, JSC::ParserError&) /root/WebKit/Source/JavaScriptCore/runtime/CodeCache.cpp:299:12 (jsc+0x137eb45)
    #12 JSC::ProgramExecutable::initializeGlobalProperties(JSC::VM&, JSC::JSGlobalObject*, JSC::JSScope*) /root/WebKit/Source/JavaScriptCore/runtime/ProgramExecutable.cpp:95:67 (jsc+0x182bbd5)
    #13 JSC::Interpreter::executeProgram(JSC::SourceCode const&, JSC::JSGlobalObject*, JSC::JSObject*) /root/WebKit/Source/JavaScriptCore/interpreter/Interpreter.cpp:1186:32 (jsc+0xe7fd6b)
    #14 JSC::evaluate(JSC::JSGlobalObject*, JSC::SourceCode const&, JSC::JSValue, WTF::NakedPtr<JSC::Exception>&) /root/WebKit/Source/JavaScriptCore/runtime/Completion.cpp:145:37 (jsc+0x13b6e85)
    #15 runWithOptions(GlobalObject*, CommandLine&, bool&) /root/WebKit/Source/JavaScriptCore/jsc.cpp:3957:35 (jsc+0x1caec5)
    #16 jscmain(int, char**)::$_0::operator()(JSC::VM&, GlobalObject*, bool&) const /root/WebKit/Source/JavaScriptCore/jsc.cpp:4686:13 (jsc+0x1caec5)
    #17 int runJSC<jscmain(int, char**)::$_0>(CommandLine const&, bool, jscmain(int, char**)::$_0 const&) /root/WebKit/Source/JavaScriptCore/jsc.cpp:4472:13 (jsc+0x1caec5)
    #18 jscmain(int, char**) /root/WebKit/Source/JavaScriptCore/jsc.cpp:4679:18 (jsc+0x1caec5)
    #19 main /root/WebKit/Source/JavaScriptCore/jsc.cpp:3715:15 (jsc+0x1c9743)

  Thread T1 'JITWorker' (tid=2021293, running) created by main thread at:
    #0 pthread_create /home/runner/work/llvm-project/llvm-project/compiler-rt/lib/tsan/rtl/tsan_interceptors_posix.cpp:1090:3 (jsc+0x13ff1a)
    #1 WTF::Thread::establishHandle(WTF::Thread::NewThreadContext&, WTF::StackAllocationSpecification, WTF::ThreadQOS, WTF::ThreadSchedulingPolicy) /root/WebKit/Source/WTF/wtf/posix/ThreadingPOSIX.cpp:354:17 (jsc+0x25faae5)
    #2 WTF::Thread::create(WTF::ASCIILiteral, WTF::Function<void ()>&&, WTF::ThreadType, WTF::ThreadQOS, WTF::ThreadSchedulingPolicy, WTF::StackAllocationSpecification) /root/WebKit/Source/WTF/wtf/Threading.cpp:330:32 (jsc+0x259e583)
    #3 WTF::AutomaticThread::start(WTF::AbstractLocker const&) /root/WebKit/Source/WTF/wtf/AutomaticThread.cpp:189:5 (jsc+0x2571939)
    #4 WTF::AutomaticThreadCondition::notifyOne(WTF::AbstractLocker const&) /root/WebKit/Source/WTF/wtf/AutomaticThread.cpp:60:21 (jsc+0x2571739)
    #5 JSC::JITWorklist::wakeThreads(WTF::AbstractLocker const&, unsigned int) /root/WebKit/Source/JavaScriptCore/jit/JITWorklist.cpp:162:25 (jsc+0x1039716)
    #6 JSC::JITWorklist::enqueue(WTF::Ref<JSC::JITPlan, WTF::RawPtrTraits<JSC::JITPlan>, WTF::DefaultRefDerefTraits<JSC::JITPlan>>) /root/WebKit/Source/JavaScriptCore/jit/JITWorklist.cpp:246:5 (jsc+0x1039f78)
    #7 JSC::LLInt::jitCompileAndSetHeuristics(JSC::VM&, JSC::CodeBlock*) /root/WebKit/Source/JavaScriptCore/llint/LLIntSlowPaths.cpp:497:45 (jsc+0x10739c8)
    #8 llint_replace /root/WebKit/Source/JavaScriptCore/llint/LLIntSlowPaths.cpp:625:9 (jsc+0x1073fc6)
    #9 llint_op_ret LowLevelInterpreter.cpp (jsc+0x1e0138c)
    #10 JSC::evaluate(JSC::JSGlobalObject*, JSC::SourceCode const&, JSC::JSValue, WTF::NakedPtr<JSC::Exception>&) /root/WebKit/Source/JavaScriptCore/runtime/Completion.cpp:145:37 (jsc+0x13b6e85)
    #11 runWithOptions(GlobalObject*, CommandLine&, bool&) /root/WebKit/Source/JavaScriptCore/jsc.cpp:3957:35 (jsc+0x1caec5)
    #12 jscmain(int, char**)::$_0::operator()(JSC::VM&, GlobalObject*, bool&) const /root/WebKit/Source/JavaScriptCore/jsc.cpp:4686:13 (jsc+0x1caec5)
    #13 int runJSC<jscmain(int, char**)::$_0>(CommandLine const&, bool, jscmain(int, char**)::$_0 const&) /root/WebKit/Source/JavaScriptCore/jsc.cpp:4472:13 (jsc+0x1caec5)
    #14 jscmain(int, char**) /root/WebKit/Source/JavaScriptCore/jsc.cpp:4679:18 (jsc+0x1caec5)
    #15 main /root/WebKit/Source/JavaScriptCore/jsc.cpp:3715:15 (jsc+0x1c9743)

SUMMARY: ThreadSanitizer: data race /root/WebKit/Source/JavaScriptCore/jit/JITOperations.cpp:3519:48 in operationIteratorNextTryFast
==================
==================
WARNING: ThreadSanitizer: data race (pid=2021291)
  Write of size 2 at 0x729800000bc8 by main thread:
    #0 JSC::UGPRPair JSC::iteratorOpenTryFastImpl<(JSC::OpcodeSize)1>(JSC::VM&, JSC::JSGlobalObject*, JSC::CodeBlock*, JSC::CallFrame*, JSC::ThrowScope&, JSC::BaseInstruction<JSC::JSOpcodeTraits> const*) /root/WebKit/Source/JavaScriptCore/runtime/CommonSlowPaths.cpp:869:48 (jsc+0x13a4c9e)
    #1 iterator_open_try_fast_narrow /root/WebKit/Source/JavaScriptCore/runtime/CommonSlowPaths.cpp:978:12 (jsc+0x13a4924)
    #2 <null> <null> (0x7f2865bfe0ff)
    #3 JSC::evaluate(JSC::JSGlobalObject*, JSC::SourceCode const&, JSC::JSValue, WTF::NakedPtr<JSC::Exception>&) /root/WebKit/Source/JavaScriptCore/runtime/Completion.cpp:145:37 (jsc+0x13b6e85)
    #4 runWithOptions(GlobalObject*, CommandLine&, bool&) /root/WebKit/Source/JavaScriptCore/jsc.cpp:3957:35 (jsc+0x1caec5)
    #5 jscmain(int, char**)::$_0::operator()(JSC::VM&, GlobalObject*, bool&) const /root/WebKit/Source/JavaScriptCore/jsc.cpp:4686:13 (jsc+0x1caec5)
    #6 int runJSC<jscmain(int, char**)::$_0>(CommandLine const&, bool, jscmain(int, char**)::$_0 const&) /root/WebKit/Source/JavaScriptCore/jsc.cpp:4472:13 (jsc+0x1caec5)
    #7 jscmain(int, char**) /root/WebKit/Source/JavaScriptCore/jsc.cpp:4679:18 (jsc+0x1caec5)
    #8 main /root/WebKit/Source/JavaScriptCore/jsc.cpp:3715:15 (jsc+0x1c9743)

  Previous read of size 2 at 0x729800000bc8 by thread T1:
    #0 JSC::DFG::ByteCodeParser::handleIteratorOpen(JSC::BaseInstruction<JSC::JSOpcodeTraits> const*, JSC::BytecodeIndex) /root/WebKit/Source/JavaScriptCore/dfg/DFGByteCodeParser.cpp:11194:55 (jsc+0x557e3d)
    #1 JSC::DFG::ByteCodeParser::parseBlock(unsigned int) /root/WebKit/Source/JavaScriptCore/dfg/DFGByteCodeParser.cpp:9645:13 (jsc+0x52c22f)
    #2 JSC::DFG::ByteCodeParser::parseCodeBlock() /root/WebKit/Source/JavaScriptCore/dfg/DFGByteCodeParser.cpp:10992:13 (jsc+0x562357)
    #3 JSC::DFG::ByteCodeParser::parse() /root/WebKit/Source/JavaScriptCore/dfg/DFGByteCodeParser.cpp:13043:5 (jsc+0x56c27e)
    #4 JSC::DFG::parse(JSC::DFG::Graph&) /root/WebKit/Source/JavaScriptCore/dfg/DFGByteCodeParser.cpp:13083:34 (jsc+0x56c904)
    #5 JSC::DFG::Plan::compileInThreadImpl() /root/WebKit/Source/JavaScriptCore/dfg/DFGPlan.cpp:255:14 (jsc+0x8a9ca0)
    #6 JSC::JITPlan::compileInThread(JSC::JITWorklistThread*) /root/WebKit/Source/JavaScriptCore/jit/JITPlan.cpp:283:28 (jsc+0xfd4afd)
    #7 JSC::JITWorklistThread::work() /root/WebKit/Source/JavaScriptCore/jit/JITWorklistThread.cpp:145:13 (jsc+0x103f30b)
    #8 WTF::AutomaticThread::start(WTF::AbstractLocker const&)::$_0::operator()() const /root/WebKit/Source/WTF/wtf/AutomaticThread.cpp:260:37 (jsc+0x2572ebc)
    #9 WTF::Detail::CallableWrapper<WTF::AutomaticThread::start(WTF::AbstractLocker const&)::$_0, void>::call() /root/WebKit/Source/WTF/wtf/Function.h:59:39 (jsc+0x2572ebc)
    #10 WTF::Function<void ()>::operator()() const /root/WebKit/Source/WTF/wtf/Function.h:103:35 (jsc+0x259e245)
    #11 WTF::Thread::entryPoint(WTF::Thread::NewThreadContext*) /root/WebKit/Source/WTF/wtf/Threading.cpp:312:5 (jsc+0x259e245)
    #12 WTF::wtfThreadEntryPoint(void*) /root/WebKit/Source/WTF/wtf/posix/ThreadingPOSIX.cpp:264:5 (jsc+0x25fabf9)

  Location is heap block of size 10424 at 0x729800000000 allocated by main thread:
    #0 malloc /home/runner/work/llvm-project/llvm-project/compiler-rt/lib/tsan/rtl/tsan_interceptors_posix.cpp:682:5 (jsc+0x13dc20)
    #1 bmalloc::api::malloc(unsigned long, bmalloc::CompactAllocationMode, bmalloc::HeapKind) /root/WebKit/WebKitBuild/TSan/bmalloc/Headers/bmalloc/bmalloc.h:96:20 (jsc+0x2581059)
    #2 WTF::fastMalloc(unsigned long) /root/WebKit/Source/WTF/wtf/FastMalloc.cpp:337:20 (jsc+0x2581059)
    #3 WTF::FastMalloc::malloc(unsigned long) /root/WebKit/WebKitBuild/TSan/WTF/Headers/wtf/FastMalloc.h:235:47 (jsc+0x3bd5b4)
    #4 JSC::UnlinkedMetadataTable::finalize() /root/WebKit/Source/JavaScriptCore/bytecode/UnlinkedMetadataTable.cpp:164:61 (jsc+0x3bd5b4)
    #5 JSC::UnlinkedCodeBlockGenerator::finalize(std::unique_ptr<JSC::InstructionStream<JSC::BaseInstruction<JSC::JSOpcodeTraits>>, std::default_delete<JSC::InstructionStream<JSC::BaseInstruction<JSC::JSOpcodeTraits>>>>) /root/WebKit/Source/JavaScriptCore/bytecode/UnlinkedCodeBlockGenerator.cpp:68:34 (jsc+0x3bc1c7)
    #6 JSC::BytecodeGenerator::generate(unsigned int&) /root/WebKit/Source/JavaScriptCore/bytecompiler/BytecodeGenerator.cpp:422:18 (jsc+0x3cc648)
    #7 JSC::ParserError JSC::BytecodeGenerator::generate<JSC::ProgramNode, JSC::UnlinkedProgramCodeBlock>(JSC::VM&, JSC::ProgramNode*, JSC::SourceCode const&, JSC::UnlinkedProgramCodeBlock*, WTF::OptionSet<JSC::CodeGenerationMode, (WTF::ConcurrencyTag)0>, WTF::RefPtr<JSC::TDZEnvironmentLink, WTF::RawPtrTraits<JSC::TDZEnvironmentLink>, WTF::DefaultRefDerefTraits<JSC::TDZEnvironmentLink>> const&, WTF::FixedVector<JSC::Identifier, WTF::FastMalloc> const*, WTF::HashMap<WTF::RefPtr<WTF::UniquedStringImpl, WTF::PackedPtrTraits<WTF::UniquedStringImpl>, WTF::DefaultRefDerefTraits<WTF::UniquedStringImpl>>, JSC::PrivateNameEntry, JSC::IdentifierRepHash, WTF::HashTraits<WTF::RefPtr<WTF::UniquedStringImpl, WTF::RawPtrTraits<WTF::UniquedStringImpl>, WTF::DefaultRefDerefTraits<WTF::UniquedStringImpl>>>, JSC::PrivateNameEntryHashTraits, WTF::HashTableTraits, (WTF::ShouldValidateKey)0, WTF::FastMalloc> const*) /root/WebKit/Source/JavaScriptCore/bytecompiler/BytecodeGenerator.h:407:46 (jsc+0x13cec60)
    #8 JSC::UnlinkedProgramCodeBlock* JSC::generateUnlinkedCodeBlockImpl<JSC::UnlinkedProgramCodeBlock, JSC::ProgramExecutable>(JSC::VM&, JSC::SourceCode const&, unsigned char, JSC::JSParserScriptMode, WTF::OptionSet<JSC::CodeGenerationMode, (WTF::ConcurrencyTag)0>, JSC::ParserError&, JSC::EvalContextType, JSC::DerivedContextType, bool, WTF::HashSet<WTF::RefPtr<WTF::UniquedStringImpl, WTF::RawPtrTraits<WTF::UniquedStringImpl>, WTF::DefaultRefDerefTraits<WTF::UniquedStringImpl>>, JSC::IdentifierRepHash, WTF::HashTraits<WTF::RefPtr<WTF::UniquedStringImpl, WTF::RawPtrTraits<WTF::UniquedStringImpl>, WTF::DefaultRefDerefTraits<WTF::UniquedStringImpl>>>, WTF::HashTableTraits, (WTF::ShouldValidateKey)0> const*, WTF::HashMap<WTF::RefPtr<WTF::UniquedStringImpl, WTF::PackedPtrTraits<WTF::UniquedStringImpl>, WTF::DefaultRefDerefTraits<WTF::UniquedStringImpl>>, JSC::PrivateNameEntry, JSC::IdentifierRepHash, WTF::HashTraits<WTF::RefPtr<WTF::UniquedStringImpl, WTF::RawPtrTraits<WTF::UniquedStringImpl>, WTF::DefaultRefDerefTraits<WTF::UniquedStringImpl>>>, JSC::PrivateNameEntryHashTraits, WTF::HashTableTraits, (WTF::ShouldValidateKey)0, WTF::FastMalloc> const*, JSC::ProgramExecutable*) /root/WebKit/Source/JavaScriptCore/runtime/CodeCache.cpp:211:13 (jsc+0x13d1a23)
    #9 JSC::UnlinkedProgramCodeBlock* JSC::generateUnlinkedCodeBlock<JSC::UnlinkedProgramCodeBlock, JSC::ProgramExecutable>(JSC::VM&, JSC::ProgramExecutable*, JSC::SourceCode const&, JSC::JSParserScriptMode, WTF::OptionSet<JSC::CodeGenerationMode, (WTF::ConcurrencyTag)0>, JSC::ParserError&, JSC::EvalContextType, WTF::HashSet<WTF::RefPtr<WTF::UniquedStringImpl, WTF::RawPtrTraits<WTF::UniquedStringImpl>, WTF::DefaultRefDerefTraits<WTF::UniquedStringImpl>>, JSC::IdentifierRepHash, WTF::HashTraits<WTF::RefPtr<WTF::UniquedStringImpl, WTF::RawPtrTraits<WTF::UniquedStringImpl>, WTF::DefaultRefDerefTraits<WTF::UniquedStringImpl>>>, WTF::HashTableTraits, (WTF::ShouldValidateKey)0> const*, WTF::HashMap<WTF::RefPtr<WTF::UniquedStringImpl, WTF::PackedPtrTraits<WTF::UniquedStringImpl>, WTF::DefaultRefDerefTraits<WTF::UniquedStringImpl>>, JSC::PrivateNameEntry, JSC::IdentifierRepHash, WTF::HashTraits<WTF::RefPtr<WTF::UniquedStringImpl, WTF::RawPtrTraits<WTF::UniquedStringImpl>, WTF::DefaultRefDerefTraits<WTF::UniquedStringImpl>>>, JSC::PrivateNameEntryHashTraits, WTF::HashTableTraits, (WTF::ShouldValidateKey)0, WTF::FastMalloc> const*) /root/WebKit/Source/JavaScriptCore/runtime/CodeCache.cpp:222:12 (jsc+0x137f0df)
    #10 JSC::UnlinkedProgramCodeBlock* JSC::CodeCache::getUnlinkedGlobalCodeBlock<JSC::UnlinkedProgramCodeBlock, JSC::ProgramExecutable>(JSC::VM&, JSC::ProgramExecutable*, JSC::SourceCode const&, JSC::JSParserScriptMode, WTF::OptionSet<JSC::CodeGenerationMode, (WTF::ConcurrencyTag)0>, JSC::ParserError&, JSC::EvalContextType) /root/WebKit/Source/JavaScriptCore/runtime/CodeCache.cpp:284:25 (jsc+0x137f0df)
    #11 JSC::CodeCache::getUnlinkedProgramCodeBlock(JSC::VM&, JSC::ProgramExecutable*, JSC::SourceCode const&, WTF::OptionSet<JSC::CodeGenerationMode, (WTF::ConcurrencyTag)0>, JSC::ParserError&) /root/WebKit/Source/JavaScriptCore/runtime/CodeCache.cpp:299:12 (jsc+0x137eb45)
    #12 JSC::ProgramExecutable::initializeGlobalProperties(JSC::VM&, JSC::JSGlobalObject*, JSC::JSScope*) /root/WebKit/Source/JavaScriptCore/runtime/ProgramExecutable.cpp:95:67 (jsc+0x182bbd5)
    #13 JSC::Interpreter::executeProgram(JSC::SourceCode const&, JSC::JSGlobalObject*, JSC::JSObject*) /root/WebKit/Source/JavaScriptCore/interpreter/Interpreter.cpp:1186:32 (jsc+0xe7fd6b)
    #14 JSC::evaluate(JSC::JSGlobalObject*, JSC::SourceCode const&, JSC::JSValue, WTF::NakedPtr<JSC::Exception>&) /root/WebKit/Source/JavaScriptCore/runtime/Completion.cpp:145:37 (jsc+0x13b6e85)
    #15 runWithOptions(GlobalObject*, CommandLine&, bool&) /root/WebKit/Source/JavaScriptCore/jsc.cpp:3957:35 (jsc+0x1caec5)
    #16 jscmain(int, char**)::$_0::operator()(JSC::VM&, GlobalObject*, bool&) const /root/WebKit/Source/JavaScriptCore/jsc.cpp:4686:13 (jsc+0x1caec5)
    #17 int runJSC<jscmain(int, char**)::$_0>(CommandLine const&, bool, jscmain(int, char**)::$_0 const&) /root/WebKit/Source/JavaScriptCore/jsc.cpp:4472:13 (jsc+0x1caec5)
    #18 jscmain(int, char**) /root/WebKit/Source/JavaScriptCore/jsc.cpp:4679:18 (jsc+0x1caec5)
    #19 main /root/WebKit/Source/JavaScriptCore/jsc.cpp:3715:15 (jsc+0x1c9743)

  Thread T1 'JITWorker' (tid=2021293, running) created by main thread at:
    #0 pthread_create /home/runner/work/llvm-project/llvm-project/compiler-rt/lib/tsan/rtl/tsan_interceptors_posix.cpp:1090:3 (jsc+0x13ff1a)
    #1 WTF::Thread::establishHandle(WTF::Thread::NewThreadContext&, WTF::StackAllocationSpecification, WTF::ThreadQOS, WTF::ThreadSchedulingPolicy) /root/WebKit/Source/WTF/wtf/posix/ThreadingPOSIX.cpp:354:17 (jsc+0x25faae5)
    #2 WTF::Thread::create(WTF::ASCIILiteral, WTF::Function<void ()>&&, WTF::ThreadType, WTF::ThreadQOS, WTF::ThreadSchedulingPolicy, WTF::StackAllocationSpecification) /root/WebKit/Source/WTF/wtf/Threading.cpp:330:32 (jsc+0x259e583)
    #3 WTF::AutomaticThread::start(WTF::AbstractLocker const&) /root/WebKit/Source/WTF/wtf/AutomaticThread.cpp:189:5 (jsc+0x2571939)
    #4 WTF::AutomaticThreadCondition::notifyOne(WTF::AbstractLocker const&) /root/WebKit/Source/WTF/wtf/AutomaticThread.cpp:60:21 (jsc+0x2571739)
    #5 JSC::JITWorklist::wakeThreads(WTF::AbstractLocker const&, unsigned int) /root/WebKit/Source/JavaScriptCore/jit/JITWorklist.cpp:162:25 (jsc+0x1039716)
    #6 JSC::JITWorklist::enqueue(WTF::Ref<JSC::JITPlan, WTF::RawPtrTraits<JSC::JITPlan>, WTF::DefaultRefDerefTraits<JSC::JITPlan>>) /root/WebKit/Source/JavaScriptCore/jit/JITWorklist.cpp:246:5 (jsc+0x1039f78)
    #7 JSC::LLInt::jitCompileAndSetHeuristics(JSC::VM&, JSC::CodeBlock*) /root/WebKit/Source/JavaScriptCore/llint/LLIntSlowPaths.cpp:497:45 (jsc+0x10739c8)
    #8 llint_replace /root/WebKit/Source/JavaScriptCore/llint/LLIntSlowPaths.cpp:625:9 (jsc+0x1073fc6)
    #9 llint_op_ret LowLevelInterpreter.cpp (jsc+0x1e0138c)
    #10 JSC::evaluate(JSC::JSGlobalObject*, JSC::SourceCode const&, JSC::JSValue, WTF::NakedPtr<JSC::Exception>&) /root/WebKit/Source/JavaScriptCore/runtime/Completion.cpp:145:37 (jsc+0x13b6e85)
    #11 runWithOptions(GlobalObject*, CommandLine&, bool&) /root/WebKit/Source/JavaScriptCore/jsc.cpp:3957:35 (jsc+0x1caec5)
    #12 jscmain(int, char**)::$_0::operator()(JSC::VM&, GlobalObject*, bool&) const /root/WebKit/Source/JavaScriptCore/jsc.cpp:4686:13 (jsc+0x1caec5)
    #13 int runJSC<jscmain(int, char**)::$_0>(CommandLine const&, bool, jscmain(int, char**)::$_0 const&) /root/WebKit/Source/JavaScriptCore/jsc.cpp:4472:13 (jsc+0x1caec5)
    #14 jscmain(int, char**) /root/WebKit/Source/JavaScriptCore/jsc.cpp:4679:18 (jsc+0x1caec5)
    #15 main /root/WebKit/Source/JavaScriptCore/jsc.cpp:3715:15 (jsc+0x1c9743)

SUMMARY: ThreadSanitizer: data race /root/WebKit/Source/JavaScriptCore/runtime/CommonSlowPaths.cpp:869:48 in JSC::UGPRPair JSC::iteratorOpenTryFastImpl<(JSC::OpcodeSize)1>(JSC::VM&, JSC::JSGlobalObject*, JSC::CodeBlock*, JSC::CallFrame*, JSC::ThrowScope&, JSC::BaseInstruction<JSC::JSOpcodeTraits> const*)
==================
==================
WARNING: ThreadSanitizer: data race (pid=2021291)
  Write of size 2 at 0x729800000a20 by main thread:
    #0 operationIteratorNextTryFast /root/WebKit/Source/JavaScriptCore/jit/JITOperations.cpp:3519:48 (jsc+0xfb98d9)
    #1 <null> <null> (0x7f2825c0d004)
    #2 JSC::evaluate(JSC::JSGlobalObject*, JSC::SourceCode const&, JSC::JSValue, WTF::NakedPtr<JSC::Exception>&) /root/WebKit/Source/JavaScriptCore/runtime/Completion.cpp:145:37 (jsc+0x13b6e85)
    #3 runWithOptions(GlobalObject*, CommandLine&, bool&) /root/WebKit/Source/JavaScriptCore/jsc.cpp:3957:35 (jsc+0x1caec5)
    #4 jscmain(int, char**)::$_0::operator()(JSC::VM&, GlobalObject*, bool&) const /root/WebKit/Source/JavaScriptCore/jsc.cpp:4686:13 (jsc+0x1caec5)
    #5 int runJSC<jscmain(int, char**)::$_0>(CommandLine const&, bool, jscmain(int, char**)::$_0 const&) /root/WebKit/Source/JavaScriptCore/jsc.cpp:4472:13 (jsc+0x1caec5)
    #6 jscmain(int, char**) /root/WebKit/Source/JavaScriptCore/jsc.cpp:4679:18 (jsc+0x1caec5)
    #7 main /root/WebKit/Source/JavaScriptCore/jsc.cpp:3715:15 (jsc+0x1c9743)

  Previous read of size 2 at 0x729800000a20 by thread T1:
    #0 JSC::DFG::ByteCodeParser::handleIteratorNext(JSC::BaseInstruction<JSC::JSOpcodeTraits> const*, JSC::BytecodeIndex) /root/WebKit/Source/JavaScriptCore/dfg/DFGByteCodeParser.cpp:11845:55 (jsc+0x55b909)
    #1 JSC::DFG::ByteCodeParser::parseBlock(unsigned int) /root/WebKit/Source/JavaScriptCore/dfg/DFGByteCodeParser.cpp:9650:13 (jsc+0x528b87)
    #2 JSC::DFG::ByteCodeParser::parseCodeBlock() /root/WebKit/Source/JavaScriptCore/dfg/DFGByteCodeParser.cpp:10992:13 (jsc+0x562357)
    #3 JSC::DFG::ByteCodeParser::parse() /root/WebKit/Source/JavaScriptCore/dfg/DFGByteCodeParser.cpp:13043:5 (jsc+0x56c27e)
    #4 JSC::DFG::parse(JSC::DFG::Graph&) /root/WebKit/Source/JavaScriptCore/dfg/DFGByteCodeParser.cpp:13083:34 (jsc+0x56c904)
    #5 JSC::DFG::Plan::compileInThreadImpl() /root/WebKit/Source/JavaScriptCore/dfg/DFGPlan.cpp:255:14 (jsc+0x8a9ca0)
    #6 JSC::JITPlan::compileInThread(JSC::JITWorklistThread*) /root/WebKit/Source/JavaScriptCore/jit/JITPlan.cpp:283:28 (jsc+0xfd4afd)
    #7 JSC::JITWorklistThread::work() /root/WebKit/Source/JavaScriptCore/jit/JITWorklistThread.cpp:145:13 (jsc+0x103f30b)
    #8 WTF::AutomaticThread::start(WTF::AbstractLocker const&)::$_0::operator()() const /root/WebKit/Source/WTF/wtf/AutomaticThread.cpp:260:37 (jsc+0x2572ebc)
    #9 WTF::Detail::CallableWrapper<WTF::AutomaticThread::start(WTF::AbstractLocker const&)::$_0, void>::call() /root/WebKit/Source/WTF/wtf/Function.h:59:39 (jsc+0x2572ebc)
    #10 WTF::Function<void ()>::operator()() const /root/WebKit/Source/WTF/wtf/Function.h:103:35 (jsc+0x259e245)
    #11 WTF::Thread::entryPoint(WTF::Thread::NewThreadContext*) /root/WebKit/Source/WTF/wtf/Threading.cpp:312:5 (jsc+0x259e245)
    #12 WTF::wtfThreadEntryPoint(void*) /root/WebKit/Source/WTF/wtf/posix/ThreadingPOSIX.cpp:264:5 (jsc+0x25fabf9)

  Location is heap block of size 10424 at 0x729800000000 allocated by main thread:
    #0 malloc /home/runner/work/llvm-project/llvm-project/compiler-rt/lib/tsan/rtl/tsan_interceptors_posix.cpp:682:5 (jsc+0x13dc20)
    #1 bmalloc::api::malloc(unsigned long, bmalloc::CompactAllocationMode, bmalloc::HeapKind) /root/WebKit/WebKitBuild/TSan/bmalloc/Headers/bmalloc/bmalloc.h:96:20 (jsc+0x2581059)
    #2 WTF::fastMalloc(unsigned long) /root/WebKit/Source/WTF/wtf/FastMalloc.cpp:337:20 (jsc+0x2581059)
    #3 WTF::FastMalloc::malloc(unsigned long) /root/WebKit/WebKitBuild/TSan/WTF/Headers/wtf/FastMalloc.h:235:47 (jsc+0x3bd5b4)
    #4 JSC::UnlinkedMetadataTable::finalize() /root/WebKit/Source/JavaScriptCore/bytecode/UnlinkedMetadataTable.cpp:164:61 (jsc+0x3bd5b4)
    #5 JSC::UnlinkedCodeBlockGenerator::finalize(std::unique_ptr<JSC::InstructionStream<JSC::BaseInstruction<JSC::JSOpcodeTraits>>, std::default_delete<JSC::InstructionStream<JSC::BaseInstruction<JSC::JSOpcodeTraits>>>>) /root/WebKit/Source/JavaScriptCore/bytecode/UnlinkedCodeBlockGenerator.cpp:68:34 (jsc+0x3bc1c7)
    #6 JSC::BytecodeGenerator::generate(unsigned int&) /root/WebKit/Source/JavaScriptCore/bytecompiler/BytecodeGenerator.cpp:422:18 (jsc+0x3cc648)
    #7 JSC::ParserError JSC::BytecodeGenerator::generate<JSC::ProgramNode, JSC::UnlinkedProgramCodeBlock>(JSC::VM&, JSC::ProgramNode*, JSC::SourceCode const&, JSC::UnlinkedProgramCodeBlock*, WTF::OptionSet<JSC::CodeGenerationMode, (WTF::ConcurrencyTag)0>, WTF::RefPtr<JSC::TDZEnvironmentLink, WTF::RawPtrTraits<JSC::TDZEnvironmentLink>, WTF::DefaultRefDerefTraits<JSC::TDZEnvironmentLink>> const&, WTF::FixedVector<JSC::Identifier, WTF::FastMalloc> const*, WTF::HashMap<WTF::RefPtr<WTF::UniquedStringImpl, WTF::PackedPtrTraits<WTF::UniquedStringImpl>, WTF::DefaultRefDerefTraits<WTF::UniquedStringImpl>>, JSC::PrivateNameEntry, JSC::IdentifierRepHash, WTF::HashTraits<WTF::RefPtr<WTF::UniquedStringImpl, WTF::RawPtrTraits<WTF::UniquedStringImpl>, WTF::DefaultRefDerefTraits<WTF::UniquedStringImpl>>>, JSC::PrivateNameEntryHashTraits, WTF::HashTableTraits, (WTF::ShouldValidateKey)0, WTF::FastMalloc> const*) /root/WebKit/Source/JavaScriptCore/bytecompiler/BytecodeGenerator.h:407:46 (jsc+0x13cec60)
    #8 JSC::UnlinkedProgramCodeBlock* JSC::generateUnlinkedCodeBlockImpl<JSC::UnlinkedProgramCodeBlock, JSC::ProgramExecutable>(JSC::VM&, JSC::SourceCode const&, unsigned char, JSC::JSParserScriptMode, WTF::OptionSet<JSC::CodeGenerationMode, (WTF::ConcurrencyTag)0>, JSC::ParserError&, JSC::EvalContextType, JSC::DerivedContextType, bool, WTF::HashSet<WTF::RefPtr<WTF::UniquedStringImpl, WTF::RawPtrTraits<WTF::UniquedStringImpl>, WTF::DefaultRefDerefTraits<WTF::UniquedStringImpl>>, JSC::IdentifierRepHash, WTF::HashTraits<WTF::RefPtr<WTF::UniquedStringImpl, WTF::RawPtrTraits<WTF::UniquedStringImpl>, WTF::DefaultRefDerefTraits<WTF::UniquedStringImpl>>>, WTF::HashTableTraits, (WTF::ShouldValidateKey)0> const*, WTF::HashMap<WTF::RefPtr<WTF::UniquedStringImpl, WTF::PackedPtrTraits<WTF::UniquedStringImpl>, WTF::DefaultRefDerefTraits<WTF::UniquedStringImpl>>, JSC::PrivateNameEntry, JSC::IdentifierRepHash, WTF::HashTraits<WTF::RefPtr<WTF::UniquedStringImpl, WTF::RawPtrTraits<WTF::UniquedStringImpl>, WTF::DefaultRefDerefTraits<WTF::UniquedStringImpl>>>, JSC::PrivateNameEntryHashTraits, WTF::HashTableTraits, (WTF::ShouldValidateKey)0, WTF::FastMalloc> const*, JSC::ProgramExecutable*) /root/WebKit/Source/JavaScriptCore/runtime/CodeCache.cpp:211:13 (jsc+0x13d1a23)
    #9 JSC::UnlinkedProgramCodeBlock* JSC::generateUnlinkedCodeBlock<JSC::UnlinkedProgramCodeBlock, JSC::ProgramExecutable>(JSC::VM&, JSC::ProgramExecutable*, JSC::SourceCode const&, JSC::JSParserScriptMode, WTF::OptionSet<JSC::CodeGenerationMode, (WTF::ConcurrencyTag)0>, JSC::ParserError&, JSC::EvalContextType, WTF::HashSet<WTF::RefPtr<WTF::UniquedStringImpl, WTF::RawPtrTraits<WTF::UniquedStringImpl>, WTF::DefaultRefDerefTraits<WTF::UniquedStringImpl>>, JSC::IdentifierRepHash, WTF::HashTraits<WTF::RefPtr<WTF::UniquedStringImpl, WTF::RawPtrTraits<WTF::UniquedStringImpl>, WTF::DefaultRefDerefTraits<WTF::UniquedStringImpl>>>, WTF::HashTableTraits, (WTF::ShouldValidateKey)0> const*, WTF::HashMap<WTF::RefPtr<WTF::UniquedStringImpl, WTF::PackedPtrTraits<WTF::UniquedStringImpl>, WTF::DefaultRefDerefTraits<WTF::UniquedStringImpl>>, JSC::PrivateNameEntry, JSC::IdentifierRepHash, WTF::HashTraits<WTF::RefPtr<WTF::UniquedStringImpl, WTF::RawPtrTraits<WTF::UniquedStringImpl>, WTF::DefaultRefDerefTraits<WTF::UniquedStringImpl>>>, JSC::PrivateNameEntryHashTraits, WTF::HashTableTraits, (WTF::ShouldValidateKey)0, WTF::FastMalloc> const*) /root/WebKit/Source/JavaScriptCore/runtime/CodeCache.cpp:222:12 (jsc+0x137f0df)
    #10 JSC::UnlinkedProgramCodeBlock* JSC::CodeCache::getUnlinkedGlobalCodeBlock<JSC::UnlinkedProgramCodeBlock, JSC::ProgramExecutable>(JSC::VM&, JSC::ProgramExecutable*, JSC::SourceCode const&, JSC::JSParserScriptMode, WTF::OptionSet<JSC::CodeGenerationMode, (WTF::ConcurrencyTag)0>, JSC::ParserError&, JSC::EvalContextType) /root/WebKit/Source/JavaScriptCore/runtime/CodeCache.cpp:284:25 (jsc+0x137f0df)
    #11 JSC::CodeCache::getUnlinkedProgramCodeBlock(JSC::VM&, JSC::ProgramExecutable*, JSC::SourceCode const&, WTF::OptionSet<JSC::CodeGenerationMode, (WTF::ConcurrencyTag)0>, JSC::ParserError&) /root/WebKit/Source/JavaScriptCore/runtime/CodeCache.cpp:299:12 (jsc+0x137eb45)
    #12 JSC::ProgramExecutable::initializeGlobalProperties(JSC::VM&, JSC::JSGlobalObject*, JSC::JSScope*) /root/WebKit/Source/JavaScriptCore/runtime/ProgramExecutable.cpp:95:67 (jsc+0x182bbd5)
    #13 JSC::Interpreter::executeProgram(JSC::SourceCode const&, JSC::JSGlobalObject*, JSC::JSObject*) /root/WebKit/Source/JavaScriptCore/interpreter/Interpreter.cpp:1186:32 (jsc+0xe7fd6b)
    #14 JSC::evaluate(JSC::JSGlobalObject*, JSC::SourceCode const&, JSC::JSValue, WTF::NakedPtr<JSC::Exception>&) /root/WebKit/Source/JavaScriptCore/runtime/Completion.cpp:145:37 (jsc+0x13b6e85)
    #15 runWithOptions(GlobalObject*, CommandLine&, bool&) /root/WebKit/Source/JavaScriptCore/jsc.cpp:3957:35 (jsc+0x1caec5)
    #16 jscmain(int, char**)::$_0::operator()(JSC::VM&, GlobalObject*, bool&) const /root/WebKit/Source/JavaScriptCore/jsc.cpp:4686:13 (jsc+0x1caec5)
    #17 int runJSC<jscmain(int, char**)::$_0>(CommandLine const&, bool, jscmain(int, char**)::$_0 const&) /root/WebKit/Source/JavaScriptCore/jsc.cpp:4472:13 (jsc+0x1caec5)
    #18 jscmain(int, char**) /root/WebKit/Source/JavaScriptCore/jsc.cpp:4679:18 (jsc+0x1caec5)
    #19 main /root/WebKit/Source/JavaScriptCore/jsc.cpp:3715:15 (jsc+0x1c9743)

  Thread T1 'JITWorker' (tid=2021293, running) created by main thread at:
    #0 pthread_create /home/runner/work/llvm-project/llvm-project/compiler-rt/lib/tsan/rtl/tsan_interceptors_posix.cpp:1090:3 (jsc+0x13ff1a)
    #1 WTF::Thread::establishHandle(WTF::Thread::NewThreadContext&, WTF::StackAllocationSpecification, WTF::ThreadQOS, WTF::ThreadSchedulingPolicy) /root/WebKit/Source/WTF/wtf/posix/ThreadingPOSIX.cpp:354:17 (jsc+0x25faae5)
    #2 WTF::Thread::create(WTF::ASCIILiteral, WTF::Function<void ()>&&, WTF::ThreadType, WTF::ThreadQOS, WTF::ThreadSchedulingPolicy, WTF::StackAllocationSpecification) /root/WebKit/Source/WTF/wtf/Threading.cpp:330:32 (jsc+0x259e583)
    #3 WTF::AutomaticThread::start(WTF::AbstractLocker const&) /root/WebKit/Source/WTF/wtf/AutomaticThread.cpp:189:5 (jsc+0x2571939)
    #4 WTF::AutomaticThreadCondition::notifyOne(WTF::AbstractLocker const&) /root/WebKit/Source/WTF/wtf/AutomaticThread.cpp:60:21 (jsc+0x2571739)
    #5 JSC::JITWorklist::wakeThreads(WTF::AbstractLocker const&, unsigned int) /root/WebKit/Source/JavaScriptCore/jit/JITWorklist.cpp:162:25 (jsc+0x1039716)
    #6 JSC::JITWorklist::enqueue(WTF::Ref<JSC::JITPlan, WTF::RawPtrTraits<JSC::JITPlan>, WTF::DefaultRefDerefTraits<JSC::JITPlan>>) /root/WebKit/Source/JavaScriptCore/jit/JITWorklist.cpp:246:5 (jsc+0x1039f78)
    #7 JSC::LLInt::jitCompileAndSetHeuristics(JSC::VM&, JSC::CodeBlock*) /root/WebKit/Source/JavaScriptCore/llint/LLIntSlowPaths.cpp:497:45 (jsc+0x10739c8)
    #8 llint_replace /root/WebKit/Source/JavaScriptCore/llint/LLIntSlowPaths.cpp:625:9 (jsc+0x1073fc6)
    #9 llint_op_ret LowLevelInterpreter.cpp (jsc+0x1e0138c)
    #10 JSC::evaluate(JSC::JSGlobalObject*, JSC::SourceCode const&, JSC::JSValue, WTF::NakedPtr<JSC::Exception>&) /root/WebKit/Source/JavaScriptCore/runtime/Completion.cpp:145:37 (jsc+0x13b6e85)
    #11 runWithOptions(GlobalObject*, CommandLine&, bool&) /root/WebKit/Source/JavaScriptCore/jsc.cpp:3957:35 (jsc+0x1caec5)
    #12 jscmain(int, char**)::$_0::operator()(JSC::VM&, GlobalObject*, bool&) const /root/WebKit/Source/JavaScriptCore/jsc.cpp:4686:13 (jsc+0x1caec5)
    #13 int runJSC<jscmain(int, char**)::$_0>(CommandLine const&, bool, jscmain(int, char**)::$_0 const&) /root/WebKit/Source/JavaScriptCore/jsc.cpp:4472:13 (jsc+0x1caec5)
    #14 jscmain(int, char**) /root/WebKit/Source/JavaScriptCore/jsc.cpp:4679:18 (jsc+0x1caec5)
    #15 main /root/WebKit/Source/JavaScriptCore/jsc.cpp:3715:15 (jsc+0x1c9743)

SUMMARY: ThreadSanitizer: data race /root/WebKit/Source/JavaScriptCore/jit/JITOperations.cpp:3519:48 in operationIteratorNextTryFast
==================
ThreadSanitizer: reported 9 warnings
