JSC: disabling useWasm under GIL-off (wasm glue still reads the raw VM-block exception word; not yet audited for UNGIL §A.1.3 COMPILED-FOR-VM; see AB-17 status block in VMEntryScope.cpp).
==================
WARNING: ThreadSanitizer: data race (pid=2021859)
  Write of size 1 at 0x72a00009c1f1 by thread T5:
    #0 JSC::Interpreter::executeCallImpl(JSC::VM&, JSC::JSObject*, JSC::CallData const&, JSC::JSValue, JSC::JSCell*, JSC::ArgList const&) /root/WebKit/Source/JavaScriptCore/interpreter/Interpreter.cpp:1302:51 (jsc+0xe81918)
    #1 JSC::Interpreter::executeCall(JSC::JSObject*, JSC::CallData const&, JSC::JSValue, JSC::JSCell*, JSC::ArgList const&) /root/WebKit/Source/JavaScriptCore/interpreter/Interpreter.cpp (jsc+0xe81f6d)
    #2 JSC::call(JSC::JSGlobalObject*, JSC::JSValue, JSC::CallData const&, JSC::JSValue, JSC::ArgList const&) /root/WebKit/Source/JavaScriptCore/runtime/CallData.cpp:70:27 (jsc+0x1354881)
    #3 JSC::call(JSC::JSGlobalObject*, JSC::JSValue, JSC::CallData const&, JSC::JSValue, JSC::ArgList const&, WTF::NakedPtr<JSC::Exception>&) /root/WebKit/Source/JavaScriptCore/runtime/CallData.cpp:77:22 (jsc+0x1354881)
    #4 JSC::threadMain(JSC::VM&, WTF::Ref<JSC::ThreadState, WTF::RawPtrTraits<JSC::ThreadState>, WTF::DefaultRefDerefTraits<JSC::ThreadState>>) /root/WebKit/Source/JavaScriptCore/runtime/ThreadObject.cpp:241:30 (jsc+0x19922bc)
    #5 JSC::constructThread(JSC::JSGlobalObject*, JSC::CallFrame*)::$_0::operator()() /root/WebKit/Source/JavaScriptCore/runtime/ThreadObject.cpp:468:9 (jsc+0x19922bc)
    #6 WTF::Detail::CallableWrapper<JSC::constructThread(JSC::JSGlobalObject*, JSC::CallFrame*)::$_0, void>::call() /root/WebKit/WebKitBuild/TSan/WTF/Headers/wtf/Function.h:59:39 (jsc+0x19922bc)
    #7 WTF::Function<void ()>::operator()() const /root/WebKit/Source/WTF/wtf/Function.h:103:35 (jsc+0x259e245)
    #8 WTF::Thread::entryPoint(WTF::Thread::NewThreadContext*) /root/WebKit/Source/WTF/wtf/Threading.cpp:312:5 (jsc+0x259e245)
    #9 WTF::wtfThreadEntryPoint(void*) /root/WebKit/Source/WTF/wtf/posix/ThreadingPOSIX.cpp:264:5 (jsc+0x25fabf9)

  Previous write of size 1 at 0x72a00009c1f1 by thread T3:
    #0 JSC::Interpreter::executeCallImpl(JSC::VM&, JSC::JSObject*, JSC::CallData const&, JSC::JSValue, JSC::JSCell*, JSC::ArgList const&) /root/WebKit/Source/JavaScriptCore/interpreter/Interpreter.cpp:1302:51 (jsc+0xe81918)
    #1 JSC::Interpreter::executeCall(JSC::JSObject*, JSC::CallData const&, JSC::JSValue, JSC::JSCell*, JSC::ArgList const&) /root/WebKit/Source/JavaScriptCore/interpreter/Interpreter.cpp (jsc+0xe81f6d)
    #2 JSC::call(JSC::JSGlobalObject*, JSC::JSValue, JSC::CallData const&, JSC::JSValue, JSC::ArgList const&) /root/WebKit/Source/JavaScriptCore/runtime/CallData.cpp:70:27 (jsc+0x1354881)
    #3 JSC::call(JSC::JSGlobalObject*, JSC::JSValue, JSC::CallData const&, JSC::JSValue, JSC::ArgList const&, WTF::NakedPtr<JSC::Exception>&) /root/WebKit/Source/JavaScriptCore/runtime/CallData.cpp:77:22 (jsc+0x1354881)
    #4 JSC::threadMain(JSC::VM&, WTF::Ref<JSC::ThreadState, WTF::RawPtrTraits<JSC::ThreadState>, WTF::DefaultRefDerefTraits<JSC::ThreadState>>) /root/WebKit/Source/JavaScriptCore/runtime/ThreadObject.cpp:241:30 (jsc+0x19922bc)
    #5 JSC::constructThread(JSC::JSGlobalObject*, JSC::CallFrame*)::$_0::operator()() /root/WebKit/Source/JavaScriptCore/runtime/ThreadObject.cpp:468:9 (jsc+0x19922bc)
    #6 WTF::Detail::CallableWrapper<JSC::constructThread(JSC::JSGlobalObject*, JSC::CallFrame*)::$_0, void>::call() /root/WebKit/WebKitBuild/TSan/WTF/Headers/wtf/Function.h:59:39 (jsc+0x19922bc)
    #7 WTF::Function<void ()>::operator()() const /root/WebKit/Source/WTF/wtf/Function.h:103:35 (jsc+0x259e245)
    #8 WTF::Thread::entryPoint(WTF::Thread::NewThreadContext*) /root/WebKit/Source/WTF/wtf/Threading.cpp:312:5 (jsc+0x259e245)
    #9 WTF::wtfThreadEntryPoint(void*) /root/WebKit/Source/WTF/wtf/posix/ThreadingPOSIX.cpp:264:5 (jsc+0x25fabf9)

  Location is heap block of size 16384 at 0x72a00009c000 allocated by thread T3:
    #0 aligned_alloc /home/runner/work/llvm-project/llvm-project/compiler-rt/lib/tsan/rtl/tsan_interceptors_posix.cpp:885:3 (jsc+0x13f40e)
    #1 bmalloc::api::tryMemalign(unsigned long, unsigned long, bmalloc::CompactAllocationMode, bmalloc::HeapKind) /root/WebKit/WebKitBuild/TSan/bmalloc/Headers/bmalloc/bmalloc.h:158:12 (jsc+0x25812a0)
    #2 WTF::tryFastCompactAlignedMalloc(unsigned long, unsigned long) /root/WebKit/Source/WTF/wtf/FastMalloc.cpp:553:20 (jsc+0x25812a0)
    #3 JSC::FastMallocAlignedMemoryAllocator::tryAllocateAlignedMemory(unsigned long, unsigned long) /root/WebKit/Source/JavaScriptCore/heap/FastMallocAlignedMemoryAllocator.cpp:47:12 (jsc+0xdb5480)
    #4 JSC::MarkedBlock::tryCreate(JSC::Heap&, JSC::AlignedMemoryAllocator*) /root/WebKit/Source/JavaScriptCore/heap/MarkedBlock.cpp:138:48 (jsc+0xe40eb7)
    #5 JSC::BlockDirectory::tryAllocateBlock(WTF::AbstractLocker const&, JSC::Heap&) /root/WebKit/Source/JavaScriptCore/heap/BlockDirectory.cpp:154:35 (jsc+0xdac73d)
    #6 JSC::LocalAllocator::allocateSlowCase(JSC::Heap&, unsigned long, JSC::GCDeferralContext*, JSC::AllocationFailureMode) /root/WebKit/Source/JavaScriptCore/heap/LocalAllocator.cpp:221:47 (jsc+0xe3be6e)
    #7 JSC::LocalAllocator::allocate(JSC::Heap&, unsigned long, JSC::GCDeferralContext*, JSC::AllocationFailureMode)::'lambda'()::operator()() const /root/WebKit/WebKitBuild/TSan/JavaScriptCore/PrivateHeaders/JavaScriptCore/LocalAllocatorInlines.h:53:43 (jsc+0x1d120e)
    #8 JSC::HeapCell* JSC::FreeList::allocateWithCellSize<JSC::LocalAllocator::allocate(JSC::Heap&, unsigned long, JSC::GCDeferralContext*, JSC::AllocationFailureMode)::'lambda'()>(JSC::LocalAllocator::allocate(JSC::Heap&, unsigned long, JSC::GCDeferralContext*, JSC::AllocationFailureMode)::'lambda'() const&, unsigned long) /root/WebKit/Source/JavaScriptCore/heap/FreeListInlines.h:46:16 (jsc+0x189124c)
    #9 JSC::LocalAllocator::allocate(JSC::Heap&, unsigned long, JSC::GCDeferralContext*, JSC::AllocationFailureMode) /root/WebKit/Source/JavaScriptCore/heap/LocalAllocatorInlines.h:50:23 (jsc+0x189124c)
    #10 JSC::GCClient::IsoSubspace::allocate(JSC::VM&, unsigned long, JSC::GCDeferralContext*, JSC::AllocationFailureMode) /root/WebKit/Source/JavaScriptCore/heap/IsoSubspaceInlines.h:42:29 (jsc+0x189124c)
    #11 void* JSC::tryAllocateCellHelper<JSC::FunctionCodeBlock, (JSC::AllocationFailureMode)0>(JSC::VM&, unsigned long, JSC::GCDeferralContext*) /root/WebKit/Source/JavaScriptCore/runtime/JSCellInlines.h:212:63 (jsc+0x189124c)
    #12 void* JSC::allocateCell<JSC::FunctionCodeBlock>(JSC::VM&, unsigned long) /root/WebKit/Source/JavaScriptCore/runtime/JSCellInlines.h:232:12 (jsc+0x189124c)
    #13 JSC::FunctionCodeBlock::create(JSC::VM&, JSC::FunctionExecutable*, JSC::UnlinkedFunctionCodeBlock*, JSC::JSScope*) /root/WebKit/Source/JavaScriptCore/bytecode/FunctionCodeBlock.h:59:53 (jsc+0x1889e9f)
    #14 JSC::ScriptExecutable::newCodeBlockFor(JSC::CodeSpecializationKind, JSC::JSFunction*, JSC::JSScope*) /root/WebKit/Source/JavaScriptCore/runtime/ScriptExecutable.cpp:517:5 (jsc+0x1889e9f)
    #15 JSC::ScriptExecutable::prepareForExecutionImpl(JSC::VM&, JSC::JSFunction*, JSC::JSScope*, JSC::CodeSpecializationKind, JSC::CodeBlock*&) /root/WebKit/Source/JavaScriptCore/runtime/ScriptExecutable.cpp:623:28 (jsc+0x188a6c4)
    #16 void JSC::ScriptExecutable::prepareForExecution<JSC::FunctionExecutable>(JSC::VM&, JSC::JSFunction*, JSC::JSScope*, JSC::CodeSpecializationKind, JSC::CodeBlock*&) /root/WebKit/Source/JavaScriptCore/bytecode/CodeBlock.h:1153:5 (jsc+0xe81be4)
    #17 JSC::Interpreter::executeCallImpl(JSC::VM&, JSC::JSObject*, JSC::CallData const&, JSC::JSValue, JSC::JSCell*, JSC::ArgList const&) /root/WebKit/Source/JavaScriptCore/interpreter/Interpreter.cpp:1299:33 (jsc+0xe81be4)
    #18 JSC::Interpreter::executeCall(JSC::JSObject*, JSC::CallData const&, JSC::JSValue, JSC::JSCell*, JSC::ArgList const&) /root/WebKit/Source/JavaScriptCore/interpreter/Interpreter.cpp (jsc+0xe81f6d)
    #19 JSC::call(JSC::JSGlobalObject*, JSC::JSValue, JSC::CallData const&, JSC::JSValue, JSC::ArgList const&) /root/WebKit/Source/JavaScriptCore/runtime/CallData.cpp:70:27 (jsc+0x1354881)
    #20 JSC::call(JSC::JSGlobalObject*, JSC::JSValue, JSC::CallData const&, JSC::JSValue, JSC::ArgList const&, WTF::NakedPtr<JSC::Exception>&) /root/WebKit/Source/JavaScriptCore/runtime/CallData.cpp:77:22 (jsc+0x1354881)
    #21 JSC::threadMain(JSC::VM&, WTF::Ref<JSC::ThreadState, WTF::RawPtrTraits<JSC::ThreadState>, WTF::DefaultRefDerefTraits<JSC::ThreadState>>) /root/WebKit/Source/JavaScriptCore/runtime/ThreadObject.cpp:241:30 (jsc+0x19922bc)
    #22 JSC::constructThread(JSC::JSGlobalObject*, JSC::CallFrame*)::$_0::operator()() /root/WebKit/Source/JavaScriptCore/runtime/ThreadObject.cpp:468:9 (jsc+0x19922bc)
    #23 WTF::Detail::CallableWrapper<JSC::constructThread(JSC::JSGlobalObject*, JSC::CallFrame*)::$_0, void>::call() /root/WebKit/WebKitBuild/TSan/WTF/Headers/wtf/Function.h:59:39 (jsc+0x19922bc)
    #24 WTF::Function<void ()>::operator()() const /root/WebKit/Source/WTF/wtf/Function.h:103:35 (jsc+0x259e245)
    #25 WTF::Thread::entryPoint(WTF::Thread::NewThreadContext*) /root/WebKit/Source/WTF/wtf/Threading.cpp:312:5 (jsc+0x259e245)
    #26 WTF::wtfThreadEntryPoint(void*) /root/WebKit/Source/WTF/wtf/posix/ThreadingPOSIX.cpp:264:5 (jsc+0x25fabf9)

  Thread T5 'JS Thread' (tid=2021872, running) created by main thread at:
    #0 pthread_create /home/runner/work/llvm-project/llvm-project/compiler-rt/lib/tsan/rtl/tsan_interceptors_posix.cpp:1090:3 (jsc+0x13ff1a)
    #1 WTF::Thread::establishHandle(WTF::Thread::NewThreadContext&, WTF::StackAllocationSpecification, WTF::ThreadQOS, WTF::ThreadSchedulingPolicy) /root/WebKit/Source/WTF/wtf/posix/ThreadingPOSIX.cpp:354:17 (jsc+0x25faae5)
    #2 WTF::Thread::create(WTF::ASCIILiteral, WTF::Function<void ()>&&, WTF::ThreadType, WTF::ThreadQOS, WTF::ThreadSchedulingPolicy, WTF::StackAllocationSpecification) /root/WebKit/Source/WTF/wtf/Threading.cpp:330:32 (jsc+0x259e583)
    #3 JSC::constructThread(JSC::JSGlobalObject*, JSC::CallFrame*) /root/WebKit/Source/JavaScriptCore/runtime/ThreadObject.cpp:467:5 (jsc+0x198a6df)
    #4 <null> <null> (0x7f04639ff217)
    #5 JSC::evaluate(JSC::JSGlobalObject*, JSC::SourceCode const&, JSC::JSValue, WTF::NakedPtr<JSC::Exception>&) /root/WebKit/Source/JavaScriptCore/runtime/Completion.cpp:145:37 (jsc+0x13b6e85)
    #6 runWithOptions(GlobalObject*, CommandLine&, bool&) /root/WebKit/Source/JavaScriptCore/jsc.cpp:3957:35 (jsc+0x1caec5)
    #7 jscmain(int, char**)::$_0::operator()(JSC::VM&, GlobalObject*, bool&) const /root/WebKit/Source/JavaScriptCore/jsc.cpp:4686:13 (jsc+0x1caec5)
    #8 int runJSC<jscmain(int, char**)::$_0>(CommandLine const&, bool, jscmain(int, char**)::$_0 const&) /root/WebKit/Source/JavaScriptCore/jsc.cpp:4472:13 (jsc+0x1caec5)
    #9 jscmain(int, char**) /root/WebKit/Source/JavaScriptCore/jsc.cpp:4679:18 (jsc+0x1caec5)
    #10 main /root/WebKit/Source/JavaScriptCore/jsc.cpp:3715:15 (jsc+0x1c9743)

  Thread T3 'JS Thread' (tid=2021870, running) created by main thread at:
    #0 pthread_create /home/runner/work/llvm-project/llvm-project/compiler-rt/lib/tsan/rtl/tsan_interceptors_posix.cpp:1090:3 (jsc+0x13ff1a)
    #1 WTF::Thread::establishHandle(WTF::Thread::NewThreadContext&, WTF::StackAllocationSpecification, WTF::ThreadQOS, WTF::ThreadSchedulingPolicy) /root/WebKit/Source/WTF/wtf/posix/ThreadingPOSIX.cpp:354:17 (jsc+0x25faae5)
    #2 WTF::Thread::create(WTF::ASCIILiteral, WTF::Function<void ()>&&, WTF::ThreadType, WTF::ThreadQOS, WTF::ThreadSchedulingPolicy, WTF::StackAllocationSpecification) /root/WebKit/Source/WTF/wtf/Threading.cpp:330:32 (jsc+0x259e583)
    #3 JSC::constructThread(JSC::JSGlobalObject*, JSC::CallFrame*) /root/WebKit/Source/JavaScriptCore/runtime/ThreadObject.cpp:467:5 (jsc+0x198a6df)
    #4 <null> <null> (0x7f04639ff217)
    #5 JSC::evaluate(JSC::JSGlobalObject*, JSC::SourceCode const&, JSC::JSValue, WTF::NakedPtr<JSC::Exception>&) /root/WebKit/Source/JavaScriptCore/runtime/Completion.cpp:145:37 (jsc+0x13b6e85)
    #6 runWithOptions(GlobalObject*, CommandLine&, bool&) /root/WebKit/Source/JavaScriptCore/jsc.cpp:3957:35 (jsc+0x1caec5)
    #7 jscmain(int, char**)::$_0::operator()(JSC::VM&, GlobalObject*, bool&) const /root/WebKit/Source/JavaScriptCore/jsc.cpp:4686:13 (jsc+0x1caec5)
    #8 int runJSC<jscmain(int, char**)::$_0>(CommandLine const&, bool, jscmain(int, char**)::$_0 const&) /root/WebKit/Source/JavaScriptCore/jsc.cpp:4472:13 (jsc+0x1caec5)
    #9 jscmain(int, char**) /root/WebKit/Source/JavaScriptCore/jsc.cpp:4679:18 (jsc+0x1caec5)
    #10 main /root/WebKit/Source/JavaScriptCore/jsc.cpp:3715:15 (jsc+0x1c9743)

SUMMARY: ThreadSanitizer: data race /root/WebKit/Source/JavaScriptCore/interpreter/Interpreter.cpp:1302:51 in JSC::Interpreter::executeCallImpl(JSC::VM&, JSC::JSObject*, JSC::CallData const&, JSC::JSValue, JSC::JSCell*, JSC::ArgList const&)
==================
==================
WARNING: ThreadSanitizer: data race (pid=2021859)
  Read of size 8 at 0x72a000098188 by thread T3:
    #0 JSC::UnlinkedFunctionExecutable::privateBrandRequirement() const /root/WebKit/Source/JavaScriptCore/bytecode/UnlinkedFunctionExecutable.h:150:107 (jsc+0x3c1119)
    #1 JSC::generateUnlinkedFunctionCodeBlock(JSC::VM&, JSC::UnlinkedFunctionExecutable*, JSC::SourceCode const&, JSC::CodeSpecializationKind, WTF::OptionSet<JSC::CodeGenerationMode, (WTF::ConcurrencyTag)0>, JSC::UnlinkedFunctionKind, JSC::ParserError&, JSC::SourceParseMode) /root/WebKit/Source/JavaScriptCore/bytecode/UnlinkedFunctionExecutable.cpp:161:170 (jsc+0x3c1119)
    #2 JSC::UnlinkedFunctionExecutable::unlinkedCodeBlockFor(JSC::VM&, JSC::SourceCode const&, JSC::CodeSpecializationKind, WTF::OptionSet<JSC::CodeGenerationMode, (WTF::ConcurrencyTag)0>, JSC::ParserError&, JSC::SourceParseMode) /root/WebKit/Source/JavaScriptCore/bytecode/UnlinkedFunctionExecutable.cpp:354:41 (jsc+0x3c1119)
    #3 JSC::ScriptExecutable::newCodeBlockFor(JSC::CodeSpecializationKind, JSC::JSFunction*, JSC::JSScope*) /root/WebKit/Source/JavaScriptCore/runtime/ScriptExecutable.cpp:505:43 (jsc+0x1889cf8)
    #4 JSC::ScriptExecutable::prepareForExecutionImpl(JSC::VM&, JSC::JSFunction*, JSC::JSScope*, JSC::CodeSpecializationKind, JSC::CodeBlock*&) /root/WebKit/Source/JavaScriptCore/runtime/ScriptExecutable.cpp:623:28 (jsc+0x188a6c4)
    #5 void JSC::ScriptExecutable::prepareForExecution<JSC::FunctionExecutable>(JSC::VM&, JSC::JSFunction*, JSC::JSScope*, JSC::CodeSpecializationKind, JSC::CodeBlock*&) /root/WebKit/Source/JavaScriptCore/bytecode/CodeBlock.h:1153:5 (jsc+0xe81be4)
    #6 JSC::Interpreter::executeCallImpl(JSC::VM&, JSC::JSObject*, JSC::CallData const&, JSC::JSValue, JSC::JSCell*, JSC::ArgList const&) /root/WebKit/Source/JavaScriptCore/interpreter/Interpreter.cpp:1299:33 (jsc+0xe81be4)
    #7 JSC::Interpreter::executeCall(JSC::JSObject*, JSC::CallData const&, JSC::JSValue, JSC::JSCell*, JSC::ArgList const&) /root/WebKit/Source/JavaScriptCore/interpreter/Interpreter.cpp (jsc+0xe81f6d)
    #8 JSC::call(JSC::JSGlobalObject*, JSC::JSValue, JSC::CallData const&, JSC::JSValue, JSC::ArgList const&) /root/WebKit/Source/JavaScriptCore/runtime/CallData.cpp:70:27 (jsc+0x1354881)
    #9 JSC::call(JSC::JSGlobalObject*, JSC::JSValue, JSC::CallData const&, JSC::JSValue, JSC::ArgList const&, WTF::NakedPtr<JSC::Exception>&) /root/WebKit/Source/JavaScriptCore/runtime/CallData.cpp:77:22 (jsc+0x1354881)
    #10 JSC::lockProtoFuncHold(JSC::JSGlobalObject*, JSC::CallFrame*) /root/WebKit/Source/JavaScriptCore/runtime/LockObject.cpp:633:22 (jsc+0x17b608c)
    #11 <null> <null> (0x7f04639ff157)
    #12 JSC::Interpreter::executeCall(JSC::JSObject*, JSC::CallData const&, JSC::JSValue, JSC::JSCell*, JSC::ArgList const&) /root/WebKit/Source/JavaScriptCore/interpreter/Interpreter.cpp (jsc+0xe81f6d)
    #13 JSC::call(JSC::JSGlobalObject*, JSC::JSValue, JSC::CallData const&, JSC::JSValue, JSC::ArgList const&) /root/WebKit/Source/JavaScriptCore/runtime/CallData.cpp:70:27 (jsc+0x1354881)
    #14 JSC::call(JSC::JSGlobalObject*, JSC::JSValue, JSC::CallData const&, JSC::JSValue, JSC::ArgList const&, WTF::NakedPtr<JSC::Exception>&) /root/WebKit/Source/JavaScriptCore/runtime/CallData.cpp:77:22 (jsc+0x1354881)
    #15 JSC::threadMain(JSC::VM&, WTF::Ref<JSC::ThreadState, WTF::RawPtrTraits<JSC::ThreadState>, WTF::DefaultRefDerefTraits<JSC::ThreadState>>) /root/WebKit/Source/JavaScriptCore/runtime/ThreadObject.cpp:241:30 (jsc+0x19922bc)
    #16 JSC::constructThread(JSC::JSGlobalObject*, JSC::CallFrame*)::$_0::operator()() /root/WebKit/Source/JavaScriptCore/runtime/ThreadObject.cpp:468:9 (jsc+0x19922bc)
    #17 WTF::Detail::CallableWrapper<JSC::constructThread(JSC::JSGlobalObject*, JSC::CallFrame*)::$_0, void>::call() /root/WebKit/WebKitBuild/TSan/WTF/Headers/wtf/Function.h:59:39 (jsc+0x19922bc)
    #18 WTF::Function<void ()>::operator()() const /root/WebKit/Source/WTF/wtf/Function.h:103:35 (jsc+0x259e245)
    #19 WTF::Thread::entryPoint(WTF::Thread::NewThreadContext*) /root/WebKit/Source/WTF/wtf/Threading.cpp:312:5 (jsc+0x259e245)
    #20 WTF::wtfThreadEntryPoint(void*) /root/WebKit/Source/WTF/wtf/posix/ThreadingPOSIX.cpp:264:5 (jsc+0x25fabf9)

  Previous write of size 8 at 0x72a000098188 by thread T5:
    #0 JSC::UnlinkedFunctionExecutable::setSingletonHasBeenInvalidated() /root/WebKit/Source/JavaScriptCore/bytecode/UnlinkedFunctionExecutable.h:203:75 (jsc+0x157f63b)
    #1 JSC::FunctionExecutable::notifyCreation(JSC::VM&, JSC::JSFunction*, char const*) /root/WebKit/Source/JavaScriptCore/runtime/FunctionExecutable.h:275:35 (jsc+0x157f63b)
    #2 JSC::JSFunction::create(JSC::VM&, JSC::JSGlobalObject*, JSC::FunctionExecutable*, JSC::JSScope*, JSC::Structure*) /root/WebKit/Source/JavaScriptCore/runtime/JSFunction.cpp:94:17 (jsc+0x157f63b)
    #3 JSC::JSFunction::create(JSC::VM&, JSC::JSGlobalObject*, JSC::FunctionExecutable*, JSC::JSScope*) /root/WebKit/Source/JavaScriptCore/runtime/JSFunction.cpp:88:12 (jsc+0x157f55b)
    #4 llint_slow_path_new_func_exp /root/WebKit/Source/JavaScriptCore/llint/LLIntSlowPaths.cpp:2215:5 (jsc+0x108e6ad)
    #5 llint_op_new_func_exp LowLevelInterpreter.cpp (jsc+0x1e0cf45)
    #6 JSC::Interpreter::executeCall(JSC::JSObject*, JSC::CallData const&, JSC::JSValue, JSC::JSCell*, JSC::ArgList const&) /root/WebKit/Source/JavaScriptCore/interpreter/Interpreter.cpp (jsc+0xe81f6d)
    #7 JSC::call(JSC::JSGlobalObject*, JSC::JSValue, JSC::CallData const&, JSC::JSValue, JSC::ArgList const&) /root/WebKit/Source/JavaScriptCore/runtime/CallData.cpp:70:27 (jsc+0x1354881)
    #8 JSC::call(JSC::JSGlobalObject*, JSC::JSValue, JSC::CallData const&, JSC::JSValue, JSC::ArgList const&, WTF::NakedPtr<JSC::Exception>&) /root/WebKit/Source/JavaScriptCore/runtime/CallData.cpp:77:22 (jsc+0x1354881)
    #9 JSC::threadMain(JSC::VM&, WTF::Ref<JSC::ThreadState, WTF::RawPtrTraits<JSC::ThreadState>, WTF::DefaultRefDerefTraits<JSC::ThreadState>>) /root/WebKit/Source/JavaScriptCore/runtime/ThreadObject.cpp:241:30 (jsc+0x19922bc)
    #10 JSC::constructThread(JSC::JSGlobalObject*, JSC::CallFrame*)::$_0::operator()() /root/WebKit/Source/JavaScriptCore/runtime/ThreadObject.cpp:468:9 (jsc+0x19922bc)
    #11 WTF::Detail::CallableWrapper<JSC::constructThread(JSC::JSGlobalObject*, JSC::CallFrame*)::$_0, void>::call() /root/WebKit/WebKitBuild/TSan/WTF/Headers/wtf/Function.h:59:39 (jsc+0x19922bc)
    #12 WTF::Function<void ()>::operator()() const /root/WebKit/Source/WTF/wtf/Function.h:103:35 (jsc+0x259e245)
    #13 WTF::Thread::entryPoint(WTF::Thread::NewThreadContext*) /root/WebKit/Source/WTF/wtf/Threading.cpp:312:5 (jsc+0x259e245)
    #14 WTF::wtfThreadEntryPoint(void*) /root/WebKit/Source/WTF/wtf/posix/ThreadingPOSIX.cpp:264:5 (jsc+0x25fabf9)

  Location is heap block of size 16384 at 0x72a000098000 allocated by thread T3:
    #0 aligned_alloc /home/runner/work/llvm-project/llvm-project/compiler-rt/lib/tsan/rtl/tsan_interceptors_posix.cpp:885:3 (jsc+0x13f40e)
    #1 bmalloc::api::tryMemalign(unsigned long, unsigned long, bmalloc::CompactAllocationMode, bmalloc::HeapKind) /root/WebKit/WebKitBuild/TSan/bmalloc/Headers/bmalloc/bmalloc.h:158:12 (jsc+0x25812a0)
    #2 WTF::tryFastCompactAlignedMalloc(unsigned long, unsigned long) /root/WebKit/Source/WTF/wtf/FastMalloc.cpp:553:20 (jsc+0x25812a0)
    #3 JSC::FastMallocAlignedMemoryAllocator::tryAllocateAlignedMemory(unsigned long, unsigned long) /root/WebKit/Source/JavaScriptCore/heap/FastMallocAlignedMemoryAllocator.cpp:47:12 (jsc+0xdb5480)
    #4 JSC::MarkedBlock::tryCreate(JSC::Heap&, JSC::AlignedMemoryAllocator*) /root/WebKit/Source/JavaScriptCore/heap/MarkedBlock.cpp:138:48 (jsc+0xe40eb7)
    #5 JSC::BlockDirectory::tryAllocateBlock(WTF::AbstractLocker const&, JSC::Heap&) /root/WebKit/Source/JavaScriptCore/heap/BlockDirectory.cpp:154:35 (jsc+0xdac73d)
    #6 JSC::LocalAllocator::allocateSlowCase(JSC::Heap&, unsigned long, JSC::GCDeferralContext*, JSC::AllocationFailureMode) /root/WebKit/Source/JavaScriptCore/heap/LocalAllocator.cpp:221:47 (jsc+0xe3be6e)
    #7 JSC::LocalAllocator::allocate(JSC::Heap&, unsigned long, JSC::GCDeferralContext*, JSC::AllocationFailureMode)::'lambda'()::operator()() const /root/WebKit/WebKitBuild/TSan/JavaScriptCore/PrivateHeaders/JavaScriptCore/LocalAllocatorInlines.h:53:43 (jsc+0x1d120e)
    #8 JSC::HeapCell* JSC::FreeList::allocateWithCellSize<JSC::LocalAllocator::allocate(JSC::Heap&, unsigned long, JSC::GCDeferralContext*, JSC::AllocationFailureMode)::'lambda'()>(JSC::LocalAllocator::allocate(JSC::Heap&, unsigned long, JSC::GCDeferralContext*, JSC::AllocationFailureMode)::'lambda'() const&, unsigned long) /root/WebKit/Source/JavaScriptCore/heap/FreeListInlines.h:46:16 (jsc+0x47e24c)
    #9 JSC::LocalAllocator::allocate(JSC::Heap&, unsigned long, JSC::GCDeferralContext*, JSC::AllocationFailureMode) /root/WebKit/Source/JavaScriptCore/heap/LocalAllocatorInlines.h:50:23 (jsc+0x47e24c)
    #10 JSC::GCClient::IsoSubspace::allocate(JSC::VM&, unsigned long, JSC::GCDeferralContext*, JSC::AllocationFailureMode) /root/WebKit/Source/JavaScriptCore/heap/IsoSubspaceInlines.h:42:29 (jsc+0x47e24c)
    #11 void* JSC::tryAllocateCellHelper<JSC::UnlinkedFunctionExecutable, (JSC::AllocationFailureMode)0>(JSC::VM&, unsigned long, JSC::GCDeferralContext*) /root/WebKit/Source/JavaScriptCore/runtime/JSCellInlines.h:212:63 (jsc+0x47e24c)
    #12 void* JSC::allocateCell<JSC::UnlinkedFunctionExecutable>(JSC::VM&, unsigned long) /root/WebKit/Source/JavaScriptCore/runtime/JSCellInlines.h:232:12 (jsc+0x47e24c)
    #13 JSC::UnlinkedFunctionExecutable::create(JSC::VM&, JSC::SourceCode const&, JSC::FunctionMetadataNode*, JSC::UnlinkedFunctionKind, JSC::ConstructAbility, JSC::InlineAttribute, JSC::JSParserScriptMode, WTF::RefPtr<JSC::TDZEnvironmentLink, WTF::RawPtrTraits<JSC::TDZEnvironmentLink>, WTF::DefaultRefDerefTraits<JSC::TDZEnvironmentLink>>, std::optional<WTF::Vector<JSC::Identifier, 0ul, WTF::CrashOnOverflow, 16ul, WTF::FastMalloc>>&&, std::optional<WTF::HashMap<WTF::RefPtr<WTF::UniquedStringImpl, WTF::PackedPtrTraits<WTF::UniquedStringImpl>, WTF::DefaultRefDerefTraits<WTF::UniquedStringImpl>>, JSC::PrivateNameEntry, JSC::IdentifierRepHash, WTF::HashTraits<WTF::RefPtr<WTF::UniquedStringImpl, WTF::RawPtrTraits<WTF::UniquedStringImpl>, WTF::DefaultRefDerefTraits<WTF::UniquedStringImpl>>>, JSC::PrivateNameEntryHashTraits, WTF::HashTableTraits, (WTF::ShouldValidateKey)0, WTF::FastMalloc>>, JSC::DerivedContextType, JSC::EvalContextType, JSC::NeedsClassFieldInitializer, JSC::PrivateBrandRequirement, bool) /root/WebKit/Source/JavaScriptCore/bytecode/UnlinkedFunctionExecutable.h:78:62 (jsc+0x3da2c9)
    #14 JSC::BytecodeGenerator::makeFunction(JSC::FunctionMetadataNode*) /root/WebKit/Source/JavaScriptCore/bytecompiler/BytecodeGenerator.h:1257:20 (jsc+0x3da2c9)
    #15 JSC::BytecodeGenerator::emitNewFunctionExpressionCommon(JSC::RegisterID*, JSC::FunctionMetadataNode*) /root/WebKit/Source/JavaScriptCore/bytecompiler/BytecodeGenerator.cpp:3597:51 (jsc+0x3eb731)
    #16 JSC::BytecodeGenerator::emitNewArrowFunctionExpression(JSC::RegisterID*, JSC::ArrowFuncExprNode*) /root/WebKit/Source/JavaScriptCore/bytecompiler/BytecodeGenerator.cpp:3628:5 (jsc+0x46a3bc)
    #17 JSC::ArrowFuncExprNode::emitBytecode(JSC::BytecodeGenerator&, JSC::RegisterID*) /root/WebKit/Source/JavaScriptCore/bytecompiler/NodesCodegen.cpp:5824:22 (jsc+0x46a3bc)
    #18 JSC::BytecodeGenerator::emitNodeInTailPosition(JSC::RegisterID*, JSC::ExpressionNode*) /root/WebKit/Source/JavaScriptCore/bytecompiler/BytecodeGenerator.h:569:23 (jsc+0x3e14af)
    #19 JSC::BytecodeGenerator::emitNode(JSC::RegisterID*, JSC::ExpressionNode*) /root/WebKit/Source/JavaScriptCore/bytecompiler/BytecodeGenerator.h:539:20 (jsc+0x3e14af)
    #20 JSC::ArgumentListNode::emitBytecode(JSC::BytecodeGenerator&, JSC::RegisterID*) /root/WebKit/Source/JavaScriptCore/bytecompiler/NodesCodegen.cpp:1225:22 (jsc+0x423ed3)
    #21 JSC::BytecodeGenerator::emitNodeInTailPosition(JSC::RegisterID*, JSC::ExpressionNode*) /root/WebKit/Source/JavaScriptCore/bytecompiler/BytecodeGenerator.h:569:23 (jsc+0x3e14af)
    #22 JSC::BytecodeGenerator::emitNode(JSC::RegisterID*, JSC::ExpressionNode*) /root/WebKit/Source/JavaScriptCore/bytecompiler/BytecodeGenerator.h:539:20 (jsc+0x3e14af)
    #23 JSC::RegisterID* JSC::BytecodeGenerator::emitCall<JSC::OpCallIgnoreResult>(JSC::RegisterID*, JSC::RegisterID*, JSC::ExpectedFunction, JSC::CallArguments&, JSC::JSTextPosition const&, JSC::JSTextPosition const&, JSC::JSTextPosition const&, JSC::DebuggableCall) /root/WebKit/Source/JavaScriptCore/bytecompiler/BytecodeGenerator.cpp:3855:13 (jsc+0x3f5ec2)
    #24 JSC::BytecodeGenerator::emitCallInTailPosition(JSC::RegisterID*, JSC::RegisterID*, JSC::ExpectedFunction, JSC::CallArguments&, JSC::JSTextPosition const&, JSC::JSTextPosition const&, JSC::JSTextPosition const&, JSC::DebuggableCall) /root/WebKit/Source/JavaScriptCore/bytecompiler/BytecodeGenerator.cpp:3744:16 (jsc+0x439738)
    #25 JSC::FunctionCallDotNode::emitBytecode(JSC::BytecodeGenerator&, JSC::RegisterID*) /root/WebKit/Source/JavaScriptCore/bytecompiler/NodesCodegen.cpp:2560:33 (jsc+0x439738)
    #26 JSC::BytecodeGenerator::emitNodeInTailPosition(JSC::RegisterID*, JSC::ExpressionNode*) /root/WebKit/Source/JavaScriptCore/bytecompiler/BytecodeGenerator.h:569:23 (jsc+0x45779f)
    #27 JSC::BytecodeGenerator::emitNodeInTailPositionFromExprStatementNode(JSC::RegisterID*, JSC::ExpressionNode*) /root/WebKit/Source/JavaScriptCore/bytecompiler/BytecodeGenerator.h:551:20 (jsc+0x45779f)
    #28 JSC::ExprStatementNode::emitBytecode(JSC::BytecodeGenerator&, JSC::RegisterID*) /root/WebKit/Source/JavaScriptCore/bytecompiler/NodesCodegen.cpp:4482:15 (jsc+0x45779f)
    #29 JSC::BytecodeGenerator::emitNodeInTailPosition(JSC::RegisterID*, JSC::StatementNode*) /root/WebKit/Source/JavaScriptCore/bytecompiler/BytecodeGenerator.h:512:16 (jsc+0x4d3a8d)
    #30 JSC::ForNode::emitBytecode(JSC::BytecodeGenerator&, JSC::RegisterID*)::$_0::operator()(JSC::BytecodeGenerator&) const /root/WebKit/Source/JavaScriptCore/bytecompiler/NodesCodegen.cpp:4689:23 (jsc+0x4d3a8d)
    #31 WTF::ScopedLambdaFunctor<void (JSC::BytecodeGenerator&), JSC::ForNode::emitBytecode(JSC::BytecodeGenerator&, JSC::RegisterID*)::$_0>::implFunction(void*, JSC::BytecodeGenerator&) /root/WebKit/WebKitBuild/TSan/WTF/Headers/wtf/ScopedLambda.h:106:16 (jsc+0x4d3a8d)
    #32 void WTF::ScopedLambda<void (JSC::BytecodeGenerator&)>::operator()<JSC::BytecodeGenerator&>(JSC::BytecodeGenerator&) const /root/WebKit/WebKitBuild/TSan/WTF/Headers/wtf/ScopedLambda.h:58:16 (jsc+0x45a9b8)
    #33 JSC::BytecodeGenerator::emitBodyWithUsingIfNeeded(unsigned int, bool, WTF::ScopedLambda<void (JSC::BytecodeGenerator&)> const&) /root/WebKit/Source/JavaScriptCore/bytecompiler/BytecodeGenerator.cpp:4962:9 (jsc+0x45a9b8)
    #34 JSC::ForNode::emitBytecode(JSC::BytecodeGenerator&, JSC::RegisterID*) /root/WebKit/Source/JavaScriptCore/bytecompiler/NodesCodegen.cpp:4671:15 (jsc+0x45a9b8)
    #35 JSC::BytecodeGenerator::emitNodeInTailPosition(JSC::RegisterID*, JSC::StatementNode*) /root/WebKit/Source/JavaScriptCore/bytecompiler/BytecodeGenerator.h:512:16 (jsc+0x48229d)
    #36 JSC::SourceElements::emitBytecode(JSC::BytecodeGenerator&, JSC::RegisterID*) /root/WebKit/Source/JavaScriptCore/bytecompiler/NodesCodegen.cpp (jsc+0x48229d)
    #37 JSC::BlockNode::emitBytecode(JSC::BytecodeGenerator&, JSC::RegisterID*)::$_0::operator()(JSC::BytecodeGenerator&) const /root/WebKit/Source/JavaScriptCore/bytecompiler/NodesCodegen.cpp:4457:27 (jsc+0x45763f)
    #38 WTF::ScopedLambdaFunctor<void (JSC::BytecodeGenerator&), JSC::BlockNode::emitBytecode(JSC::BytecodeGenerator&, JSC::RegisterID*)::$_0>::implFunction(void*, JSC::BytecodeGenerator&) /root/WebKit/WebKitBuild/TSan/WTF/Headers/wtf/ScopedLambda.h:106:16 (jsc+0x45763f)
    #39 void WTF::ScopedLambda<void (JSC::BytecodeGenerator&)>::operator()<JSC::BytecodeGenerator&>(JSC::BytecodeGenerator&) const /root/WebKit/WebKitBuild/TSan/WTF/Headers/wtf/ScopedLambda.h:58:16 (jsc+0x45763f)
    #40 JSC::BytecodeGenerator::emitBodyWithUsingIfNeeded(unsigned int, bool, WTF::ScopedLambda<void (JSC::BytecodeGenerator&)> const&) /root/WebKit/Source/JavaScriptCore/bytecompiler/BytecodeGenerator.cpp:4962:9 (jsc+0x45763f)
    #41 JSC::BlockNode::emitBytecode(JSC::BytecodeGenerator&, JSC::RegisterID*) /root/WebKit/Source/JavaScriptCore/bytecompiler/NodesCodegen.cpp:4455:15 (jsc+0x45763f)
    #42 JSC::BytecodeGenerator::emitNodeInTailPosition(JSC::RegisterID*, JSC::StatementNode*) /root/WebKit/Source/JavaScriptCore/bytecompiler/BytecodeGenerator.h:512:16 (jsc+0x48229d)
    #43 JSC::SourceElements::emitBytecode(JSC::BytecodeGenerator&, JSC::RegisterID*) /root/WebKit/Source/JavaScriptCore/bytecompiler/NodesCodegen.cpp (jsc+0x48229d)
    #44 JSC::ScopeNode::emitStatementsBytecode(JSC::BytecodeGenerator&, JSC::RegisterID*) /root/WebKit/Source/JavaScriptCore/bytecompiler/NodesCodegen.cpp:5419:19 (jsc+0x465998)
    #45 JSC::FunctionNode::emitBytecode(JSC::BytecodeGenerator&, JSC::RegisterID*)::$_2::operator()(JSC::BytecodeGenerator&) const /root/WebKit/Source/JavaScriptCore/bytecompiler/NodesCodegen.cpp:5772:17 (jsc+0x465998)
    #46 WTF::ScopedLambdaFunctor<void (JSC::BytecodeGenerator&), JSC::FunctionNode::emitBytecode(JSC::BytecodeGenerator&, JSC::RegisterID*)::$_2>::implFunction(void*, JSC::BytecodeGenerator&) /root/WebKit/WebKitBuild/TSan/WTF/Headers/wtf/ScopedLambda.h:106:16 (jsc+0x465998)
    #47 void WTF::ScopedLambda<void (JSC::BytecodeGenerator&)>::operator()<JSC::BytecodeGenerator&>(JSC::BytecodeGenerator&) const /root/WebKit/WebKitBuild/TSan/WTF/Headers/wtf/ScopedLambda.h:58:16 (jsc+0x465998)
    #48 JSC::BytecodeGenerator::emitBodyWithUsingIfNeeded(unsigned int, bool, WTF::ScopedLambda<void (JSC::BytecodeGenerator&)> const&) /root/WebKit/Source/JavaScriptCore/bytecompiler/BytecodeGenerator.cpp:4962:9 (jsc+0x465998)
    #49 JSC::FunctionNode::emitBytecode(JSC::BytecodeGenerator&, JSC::RegisterID*) /root/WebKit/Source/JavaScriptCore/bytecompiler/NodesCodegen.cpp:5770:19 (jsc+0x465998)
    #50 JSC::BytecodeGenerator::generate(unsigned int&) /root/WebKit/Source/JavaScriptCore/bytecompiler/BytecodeGenerator.cpp:325:22 (jsc+0x3cb258)
    #51 JSC::ParserError JSC::BytecodeGenerator::generate<JSC::FunctionNode, JSC::UnlinkedFunctionCodeBlock>(JSC::VM&, JSC::FunctionNode*, JSC::SourceCode const&, JSC::UnlinkedFunctionCodeBlock*, WTF::OptionSet<JSC::CodeGenerationMode, (WTF::ConcurrencyTag)0>, WTF::RefPtr<JSC::TDZEnvironmentLink, WTF::RawPtrTraits<JSC::TDZEnvironmentLink>, WTF::DefaultRefDerefTraits<JSC::TDZEnvironmentLink>> const&, WTF::FixedVector<JSC::Identifier, WTF::FastMalloc> const*, WTF::HashMap<WTF::RefPtr<WTF::UniquedStringImpl, WTF::PackedPtrTraits<WTF::UniquedStringImpl>, WTF::DefaultRefDerefTraits<WTF::UniquedStringImpl>>, JSC::PrivateNameEntry, JSC::IdentifierRepHash, WTF::HashTraits<WTF::RefPtr<WTF::UniquedStringImpl, WTF::RawPtrTraits<WTF::UniquedStringImpl>, WTF::DefaultRefDerefTraits<WTF::UniquedStringImpl>>>, JSC::PrivateNameEntryHashTraits, WTF::HashTableTraits, (WTF::ShouldValidateKey)0, WTF::FastMalloc> const*) /root/WebKit/Source/JavaScriptCore/bytecompiler/BytecodeGenerator.h:407:46 (jsc+0x3c3870)
    #52 JSC::generateUnlinkedFunctionCodeBlock(JSC::VM&, JSC::UnlinkedFunctionExecutable*, JSC::SourceCode const&, JSC::CodeSpecializationKind, WTF::OptionSet<JSC::CodeGenerationMode, (WTF::ConcurrencyTag)0>, JSC::UnlinkedFunctionKind, JSC::ParserError&, JSC::SourceParseMode) /root/WebKit/Source/JavaScriptCore/bytecode/UnlinkedFunctionExecutable.cpp:166:13 (jsc+0x3c12c9)
    #53 JSC::UnlinkedFunctionExecutable::unlinkedCodeBlockFor(JSC::VM&, JSC::SourceCode const&, JSC::CodeSpecializationKind, WTF::OptionSet<JSC::CodeGenerationMode, (WTF::ConcurrencyTag)0>, JSC::ParserError&, JSC::SourceParseMode) /root/WebKit/Source/JavaScriptCore/bytecode/UnlinkedFunctionExecutable.cpp:354:41 (jsc+0x3c12c9)
    #54 JSC::ScriptExecutable::newCodeBlockFor(JSC::CodeSpecializationKind, JSC::JSFunction*, JSC::JSScope*) /root/WebKit/Source/JavaScriptCore/runtime/ScriptExecutable.cpp:505:43 (jsc+0x1889cf8)
    #55 JSC::ScriptExecutable::prepareForExecutionImpl(JSC::VM&, JSC::JSFunction*, JSC::JSScope*, JSC::CodeSpecializationKind, JSC::CodeBlock*&) /root/WebKit/Source/JavaScriptCore/runtime/ScriptExecutable.cpp:623:28 (jsc+0x188a6c4)
    #56 void JSC::ScriptExecutable::prepareForExecution<JSC::FunctionExecutable>(JSC::VM&, JSC::JSFunction*, JSC::JSScope*, JSC::CodeSpecializationKind, JSC::CodeBlock*&) /root/WebKit/Source/JavaScriptCore/bytecode/CodeBlock.h:1153:5 (jsc+0xe81be4)
    #57 JSC::Interpreter::executeCallImpl(JSC::VM&, JSC::JSObject*, JSC::CallData const&, JSC::JSValue, JSC::JSCell*, JSC::ArgList const&) /root/WebKit/Source/JavaScriptCore/interpreter/Interpreter.cpp:1299:33 (jsc+0xe81be4)
    #58 JSC::Interpreter::executeCall(JSC::JSObject*, JSC::CallData const&, JSC::JSValue, JSC::JSCell*, JSC::ArgList const&) /root/WebKit/Source/JavaScriptCore/interpreter/Interpreter.cpp (jsc+0xe81f6d)
    #59 JSC::call(JSC::JSGlobalObject*, JSC::JSValue, JSC::CallData const&, JSC::JSValue, JSC::ArgList const&) /root/WebKit/Source/JavaScriptCore/runtime/CallData.cpp:70:27 (jsc+0x1354881)
    #60 JSC::call(JSC::JSGlobalObject*, JSC::JSValue, JSC::CallData const&, JSC::JSValue, JSC::ArgList const&, WTF::NakedPtr<JSC::Exception>&) /root/WebKit/Source/JavaScriptCore/runtime/CallData.cpp:77:22 (jsc+0x1354881)
    #61 JSC::threadMain(JSC::VM&, WTF::Ref<JSC::ThreadState, WTF::RawPtrTraits<JSC::ThreadState>, WTF::DefaultRefDerefTraits<JSC::ThreadState>>) /root/WebKit/Source/JavaScriptCore/runtime/ThreadObject.cpp:241:30 (jsc+0x19922bc)
    #62 JSC::constructThread(JSC::JSGlobalObject*, JSC::CallFrame*)::$_0::operator()() /root/WebKit/Source/JavaScriptCore/runtime/ThreadObject.cpp:468:9 (jsc+0x19922bc)
    #63 WTF::Detail::CallableWrapper<JSC::constructThread(JSC::JSGlobalObject*, JSC::CallFrame*)::$_0, void>::call() /root/WebKit/WebKitBuild/TSan/WTF/Headers/wtf/Function.h:59:39 (jsc+0x19922bc)
    #64 WTF::Function<void ()>::operator()() const /root/WebKit/Source/WTF/wtf/Function.h:103:35 (jsc+0x259e245)
    #65 WTF::Thread::entryPoint(WTF::Thread::NewThreadContext*) /root/WebKit/Source/WTF/wtf/Threading.cpp:312:5 (jsc+0x259e245)
    #66 WTF::wtfThreadEntryPoint(void*) /root/WebKit/Source/WTF/wtf/posix/ThreadingPOSIX.cpp:264:5 (jsc+0x25fabf9)

  Thread T3 'JS Thread' (tid=2021870, running) created by main thread at:
    #0 pthread_create /home/runner/work/llvm-project/llvm-project/compiler-rt/lib/tsan/rtl/tsan_interceptors_posix.cpp:1090:3 (jsc+0x13ff1a)
    #1 WTF::Thread::establishHandle(WTF::Thread::NewThreadContext&, WTF::StackAllocationSpecification, WTF::ThreadQOS, WTF::ThreadSchedulingPolicy) /root/WebKit/Source/WTF/wtf/posix/ThreadingPOSIX.cpp:354:17 (jsc+0x25faae5)
    #2 WTF::Thread::create(WTF::ASCIILiteral, WTF::Function<void ()>&&, WTF::ThreadType, WTF::ThreadQOS, WTF::ThreadSchedulingPolicy, WTF::StackAllocationSpecification) /root/WebKit/Source/WTF/wtf/Threading.cpp:330:32 (jsc+0x259e583)
    #3 JSC::constructThread(JSC::JSGlobalObject*, JSC::CallFrame*) /root/WebKit/Source/JavaScriptCore/runtime/ThreadObject.cpp:467:5 (jsc+0x198a6df)
    #4 <null> <null> (0x7f04639ff217)
    #5 JSC::evaluate(JSC::JSGlobalObject*, JSC::SourceCode const&, JSC::JSValue, WTF::NakedPtr<JSC::Exception>&) /root/WebKit/Source/JavaScriptCore/runtime/Completion.cpp:145:37 (jsc+0x13b6e85)
    #6 runWithOptions(GlobalObject*, CommandLine&, bool&) /root/WebKit/Source/JavaScriptCore/jsc.cpp:3957:35 (jsc+0x1caec5)
    #7 jscmain(int, char**)::$_0::operator()(JSC::VM&, GlobalObject*, bool&) const /root/WebKit/Source/JavaScriptCore/jsc.cpp:4686:13 (jsc+0x1caec5)
    #8 int runJSC<jscmain(int, char**)::$_0>(CommandLine const&, bool, jscmain(int, char**)::$_0 const&) /root/WebKit/Source/JavaScriptCore/jsc.cpp:4472:13 (jsc+0x1caec5)
    #9 jscmain(int, char**) /root/WebKit/Source/JavaScriptCore/jsc.cpp:4679:18 (jsc+0x1caec5)
    #10 main /root/WebKit/Source/JavaScriptCore/jsc.cpp:3715:15 (jsc+0x1c9743)

  Thread T5 'JS Thread' (tid=2021872, running) created by main thread at:
    #0 pthread_create /home/runner/work/llvm-project/llvm-project/compiler-rt/lib/tsan/rtl/tsan_interceptors_posix.cpp:1090:3 (jsc+0x13ff1a)
    #1 WTF::Thread::establishHandle(WTF::Thread::NewThreadContext&, WTF::StackAllocationSpecification, WTF::ThreadQOS, WTF::ThreadSchedulingPolicy) /root/WebKit/Source/WTF/wtf/posix/ThreadingPOSIX.cpp:354:17 (jsc+0x25faae5)
    #2 WTF::Thread::create(WTF::ASCIILiteral, WTF::Function<void ()>&&, WTF::ThreadType, WTF::ThreadQOS, WTF::ThreadSchedulingPolicy, WTF::StackAllocationSpecification) /root/WebKit/Source/WTF/wtf/Threading.cpp:330:32 (jsc+0x259e583)
    #3 JSC::constructThread(JSC::JSGlobalObject*, JSC::CallFrame*) /root/WebKit/Source/JavaScriptCore/runtime/ThreadObject.cpp:467:5 (jsc+0x198a6df)
    #4 <null> <null> (0x7f04639ff217)
    #5 JSC::evaluate(JSC::JSGlobalObject*, JSC::SourceCode const&, JSC::JSValue, WTF::NakedPtr<JSC::Exception>&) /root/WebKit/Source/JavaScriptCore/runtime/Completion.cpp:145:37 (jsc+0x13b6e85)
    #6 runWithOptions(GlobalObject*, CommandLine&, bool&) /root/WebKit/Source/JavaScriptCore/jsc.cpp:3957:35 (jsc+0x1caec5)
    #7 jscmain(int, char**)::$_0::operator()(JSC::VM&, GlobalObject*, bool&) const /root/WebKit/Source/JavaScriptCore/jsc.cpp:4686:13 (jsc+0x1caec5)
    #8 int runJSC<jscmain(int, char**)::$_0>(CommandLine const&, bool, jscmain(int, char**)::$_0 const&) /root/WebKit/Source/JavaScriptCore/jsc.cpp:4472:13 (jsc+0x1caec5)
    #9 jscmain(int, char**) /root/WebKit/Source/JavaScriptCore/jsc.cpp:4679:18 (jsc+0x1caec5)
    #10 main /root/WebKit/Source/JavaScriptCore/jsc.cpp:3715:15 (jsc+0x1c9743)

SUMMARY: ThreadSanitizer: data race /root/WebKit/Source/JavaScriptCore/bytecode/UnlinkedFunctionExecutable.h:150:107 in JSC::UnlinkedFunctionExecutable::privateBrandRequirement() const
==================
==================
WARNING: ThreadSanitizer: data race (pid=2021859)
  Write of size 8 at 0x72a000098188 by thread T3:
    #0 JSC::UnlinkedFunctionExecutable::setSingletonHasBeenInvalidated() /root/WebKit/Source/JavaScriptCore/bytecode/UnlinkedFunctionExecutable.h:203:75 (jsc+0x157f63b)
    #1 JSC::FunctionExecutable::notifyCreation(JSC::VM&, JSC::JSFunction*, char const*) /root/WebKit/Source/JavaScriptCore/runtime/FunctionExecutable.h:275:35 (jsc+0x157f63b)
    #2 JSC::JSFunction::create(JSC::VM&, JSC::JSGlobalObject*, JSC::FunctionExecutable*, JSC::JSScope*, JSC::Structure*) /root/WebKit/Source/JavaScriptCore/runtime/JSFunction.cpp:94:17 (jsc+0x157f63b)
    #3 JSC::JSFunction::create(JSC::VM&, JSC::JSGlobalObject*, JSC::FunctionExecutable*, JSC::JSScope*) /root/WebKit/Source/JavaScriptCore/runtime/JSFunction.cpp:88:12 (jsc+0x157f55b)
    #4 llint_slow_path_new_func_exp /root/WebKit/Source/JavaScriptCore/llint/LLIntSlowPaths.cpp:2215:5 (jsc+0x108e6ad)
    #5 llint_op_new_func_exp LowLevelInterpreter.cpp (jsc+0x1e0cf45)
    #6 JSC::Interpreter::executeCall(JSC::JSObject*, JSC::CallData const&, JSC::JSValue, JSC::JSCell*, JSC::ArgList const&) /root/WebKit/Source/JavaScriptCore/interpreter/Interpreter.cpp (jsc+0xe81f6d)
    #7 JSC::call(JSC::JSGlobalObject*, JSC::JSValue, JSC::CallData const&, JSC::JSValue, JSC::ArgList const&) /root/WebKit/Source/JavaScriptCore/runtime/CallData.cpp:70:27 (jsc+0x1354881)
    #8 JSC::call(JSC::JSGlobalObject*, JSC::JSValue, JSC::CallData const&, JSC::JSValue, JSC::ArgList const&, WTF::NakedPtr<JSC::Exception>&) /root/WebKit/Source/JavaScriptCore/runtime/CallData.cpp:77:22 (jsc+0x1354881)
    #9 JSC::threadMain(JSC::VM&, WTF::Ref<JSC::ThreadState, WTF::RawPtrTraits<JSC::ThreadState>, WTF::DefaultRefDerefTraits<JSC::ThreadState>>) /root/WebKit/Source/JavaScriptCore/runtime/ThreadObject.cpp:241:30 (jsc+0x19922bc)
    #10 JSC::constructThread(JSC::JSGlobalObject*, JSC::CallFrame*)::$_0::operator()() /root/WebKit/Source/JavaScriptCore/runtime/ThreadObject.cpp:468:9 (jsc+0x19922bc)
    #11 WTF::Detail::CallableWrapper<JSC::constructThread(JSC::JSGlobalObject*, JSC::CallFrame*)::$_0, void>::call() /root/WebKit/WebKitBuild/TSan/WTF/Headers/wtf/Function.h:59:39 (jsc+0x19922bc)
    #12 WTF::Function<void ()>::operator()() const /root/WebKit/Source/WTF/wtf/Function.h:103:35 (jsc+0x259e245)
    #13 WTF::Thread::entryPoint(WTF::Thread::NewThreadContext*) /root/WebKit/Source/WTF/wtf/Threading.cpp:312:5 (jsc+0x259e245)
    #14 WTF::wtfThreadEntryPoint(void*) /root/WebKit/Source/WTF/wtf/posix/ThreadingPOSIX.cpp:264:5 (jsc+0x25fabf9)

  Previous write of size 8 at 0x72a000098188 by thread T4:
    #0 JSC::UnlinkedFunctionExecutable::setSingletonHasBeenInvalidated() /root/WebKit/Source/JavaScriptCore/bytecode/UnlinkedFunctionExecutable.h:203:75 (jsc+0x157f63b)
    #1 JSC::FunctionExecutable::notifyCreation(JSC::VM&, JSC::JSFunction*, char const*) /root/WebKit/Source/JavaScriptCore/runtime/FunctionExecutable.h:275:35 (jsc+0x157f63b)
    #2 JSC::JSFunction::create(JSC::VM&, JSC::JSGlobalObject*, JSC::FunctionExecutable*, JSC::JSScope*, JSC::Structure*) /root/WebKit/Source/JavaScriptCore/runtime/JSFunction.cpp:94:17 (jsc+0x157f63b)
    #3 JSC::JSFunction::create(JSC::VM&, JSC::JSGlobalObject*, JSC::FunctionExecutable*, JSC::JSScope*) /root/WebKit/Source/JavaScriptCore/runtime/JSFunction.cpp:88:12 (jsc+0x157f55b)
    #4 llint_slow_path_new_func_exp /root/WebKit/Source/JavaScriptCore/llint/LLIntSlowPaths.cpp:2215:5 (jsc+0x108e6ad)
    #5 llint_op_new_func_exp LowLevelInterpreter.cpp (jsc+0x1e0cf45)
    #6 JSC::Interpreter::executeCall(JSC::JSObject*, JSC::CallData const&, JSC::JSValue, JSC::JSCell*, JSC::ArgList const&) /root/WebKit/Source/JavaScriptCore/interpreter/Interpreter.cpp (jsc+0xe81f6d)
    #7 JSC::call(JSC::JSGlobalObject*, JSC::JSValue, JSC::CallData const&, JSC::JSValue, JSC::ArgList const&) /root/WebKit/Source/JavaScriptCore/runtime/CallData.cpp:70:27 (jsc+0x1354881)
    #8 JSC::call(JSC::JSGlobalObject*, JSC::JSValue, JSC::CallData const&, JSC::JSValue, JSC::ArgList const&, WTF::NakedPtr<JSC::Exception>&) /root/WebKit/Source/JavaScriptCore/runtime/CallData.cpp:77:22 (jsc+0x1354881)
    #9 JSC::threadMain(JSC::VM&, WTF::Ref<JSC::ThreadState, WTF::RawPtrTraits<JSC::ThreadState>, WTF::DefaultRefDerefTraits<JSC::ThreadState>>) /root/WebKit/Source/JavaScriptCore/runtime/ThreadObject.cpp:241:30 (jsc+0x19922bc)
    #10 JSC::constructThread(JSC::JSGlobalObject*, JSC::CallFrame*)::$_0::operator()() /root/WebKit/Source/JavaScriptCore/runtime/ThreadObject.cpp:468:9 (jsc+0x19922bc)
    #11 WTF::Detail::CallableWrapper<JSC::constructThread(JSC::JSGlobalObject*, JSC::CallFrame*)::$_0, void>::call() /root/WebKit/WebKitBuild/TSan/WTF/Headers/wtf/Function.h:59:39 (jsc+0x19922bc)
    #12 WTF::Function<void ()>::operator()() const /root/WebKit/Source/WTF/wtf/Function.h:103:35 (jsc+0x259e245)
    #13 WTF::Thread::entryPoint(WTF::Thread::NewThreadContext*) /root/WebKit/Source/WTF/wtf/Threading.cpp:312:5 (jsc+0x259e245)
    #14 WTF::wtfThreadEntryPoint(void*) /root/WebKit/Source/WTF/wtf/posix/ThreadingPOSIX.cpp:264:5 (jsc+0x25fabf9)

  Location is heap block of size 16384 at 0x72a000098000 allocated by thread T3:
    #0 aligned_alloc /home/runner/work/llvm-project/llvm-project/compiler-rt/lib/tsan/rtl/tsan_interceptors_posix.cpp:885:3 (jsc+0x13f40e)
    #1 bmalloc::api::tryMemalign(unsigned long, unsigned long, bmalloc::CompactAllocationMode, bmalloc::HeapKind) /root/WebKit/WebKitBuild/TSan/bmalloc/Headers/bmalloc/bmalloc.h:158:12 (jsc+0x25812a0)
    #2 WTF::tryFastCompactAlignedMalloc(unsigned long, unsigned long) /root/WebKit/Source/WTF/wtf/FastMalloc.cpp:553:20 (jsc+0x25812a0)
    #3 JSC::FastMallocAlignedMemoryAllocator::tryAllocateAlignedMemory(unsigned long, unsigned long) /root/WebKit/Source/JavaScriptCore/heap/FastMallocAlignedMemoryAllocator.cpp:47:12 (jsc+0xdb5480)
    #4 JSC::MarkedBlock::tryCreate(JSC::Heap&, JSC::AlignedMemoryAllocator*) /root/WebKit/Source/JavaScriptCore/heap/MarkedBlock.cpp:138:48 (jsc+0xe40eb7)
    #5 JSC::BlockDirectory::tryAllocateBlock(WTF::AbstractLocker const&, JSC::Heap&) /root/WebKit/Source/JavaScriptCore/heap/BlockDirectory.cpp:154:35 (jsc+0xdac73d)
    #6 JSC::LocalAllocator::allocateSlowCase(JSC::Heap&, unsigned long, JSC::GCDeferralContext*, JSC::AllocationFailureMode) /root/WebKit/Source/JavaScriptCore/heap/LocalAllocator.cpp:221:47 (jsc+0xe3be6e)
    #7 JSC::LocalAllocator::allocate(JSC::Heap&, unsigned long, JSC::GCDeferralContext*, JSC::AllocationFailureMode)::'lambda'()::operator()() const /root/WebKit/WebKitBuild/TSan/JavaScriptCore/PrivateHeaders/JavaScriptCore/LocalAllocatorInlines.h:53:43 (jsc+0x1d120e)
    #8 JSC::HeapCell* JSC::FreeList::allocateWithCellSize<JSC::LocalAllocator::allocate(JSC::Heap&, unsigned long, JSC::GCDeferralContext*, JSC::AllocationFailureMode)::'lambda'()>(JSC::LocalAllocator::allocate(JSC::Heap&, unsigned long, JSC::GCDeferralContext*, JSC::AllocationFailureMode)::'lambda'() const&, unsigned long) /root/WebKit/Source/JavaScriptCore/heap/FreeListInlines.h:46:16 (jsc+0x47e24c)
    #9 JSC::LocalAllocator::allocate(JSC::Heap&, unsigned long, JSC::GCDeferralContext*, JSC::AllocationFailureMode) /root/WebKit/Source/JavaScriptCore/heap/LocalAllocatorInlines.h:50:23 (jsc+0x47e24c)
    #10 JSC::GCClient::IsoSubspace::allocate(JSC::VM&, unsigned long, JSC::GCDeferralContext*, JSC::AllocationFailureMode) /root/WebKit/Source/JavaScriptCore/heap/IsoSubspaceInlines.h:42:29 (jsc+0x47e24c)
    #11 void* JSC::tryAllocateCellHelper<JSC::UnlinkedFunctionExecutable, (JSC::AllocationFailureMode)0>(JSC::VM&, unsigned long, JSC::GCDeferralContext*) /root/WebKit/Source/JavaScriptCore/runtime/JSCellInlines.h:212:63 (jsc+0x47e24c)
    #12 void* JSC::allocateCell<JSC::UnlinkedFunctionExecutable>(JSC::VM&, unsigned long) /root/WebKit/Source/JavaScriptCore/runtime/JSCellInlines.h:232:12 (jsc+0x47e24c)
    #13 JSC::UnlinkedFunctionExecutable::create(JSC::VM&, JSC::SourceCode const&, JSC::FunctionMetadataNode*, JSC::UnlinkedFunctionKind, JSC::ConstructAbility, JSC::InlineAttribute, JSC::JSParserScriptMode, WTF::RefPtr<JSC::TDZEnvironmentLink, WTF::RawPtrTraits<JSC::TDZEnvironmentLink>, WTF::DefaultRefDerefTraits<JSC::TDZEnvironmentLink>>, std::optional<WTF::Vector<JSC::Identifier, 0ul, WTF::CrashOnOverflow, 16ul, WTF::FastMalloc>>&&, std::optional<WTF::HashMap<WTF::RefPtr<WTF::UniquedStringImpl, WTF::PackedPtrTraits<WTF::UniquedStringImpl>, WTF::DefaultRefDerefTraits<WTF::UniquedStringImpl>>, JSC::PrivateNameEntry, JSC::IdentifierRepHash, WTF::HashTraits<WTF::RefPtr<WTF::UniquedStringImpl, WTF::RawPtrTraits<WTF::UniquedStringImpl>, WTF::DefaultRefDerefTraits<WTF::UniquedStringImpl>>>, JSC::PrivateNameEntryHashTraits, WTF::HashTableTraits, (WTF::ShouldValidateKey)0, WTF::FastMalloc>>, JSC::DerivedContextType, JSC::EvalContextType, JSC::NeedsClassFieldInitializer, JSC::PrivateBrandRequirement, bool) /root/WebKit/Source/JavaScriptCore/bytecode/UnlinkedFunctionExecutable.h:78:62 (jsc+0x3da2c9)
    #14 JSC::BytecodeGenerator::makeFunction(JSC::FunctionMetadataNode*) /root/WebKit/Source/JavaScriptCore/bytecompiler/BytecodeGenerator.h:1257:20 (jsc+0x3da2c9)
    #15 JSC::BytecodeGenerator::emitNewFunctionExpressionCommon(JSC::RegisterID*, JSC::FunctionMetadataNode*) /root/WebKit/Source/JavaScriptCore/bytecompiler/BytecodeGenerator.cpp:3597:51 (jsc+0x3eb731)
    #16 JSC::BytecodeGenerator::emitNewArrowFunctionExpression(JSC::RegisterID*, JSC::ArrowFuncExprNode*) /root/WebKit/Source/JavaScriptCore/bytecompiler/BytecodeGenerator.cpp:3628:5 (jsc+0x46a3bc)
    #17 JSC::ArrowFuncExprNode::emitBytecode(JSC::BytecodeGenerator&, JSC::RegisterID*) /root/WebKit/Source/JavaScriptCore/bytecompiler/NodesCodegen.cpp:5824:22 (jsc+0x46a3bc)
    #18 JSC::BytecodeGenerator::emitNodeInTailPosition(JSC::RegisterID*, JSC::ExpressionNode*) /root/WebKit/Source/JavaScriptCore/bytecompiler/BytecodeGenerator.h:569:23 (jsc+0x3e14af)
    #19 JSC::BytecodeGenerator::emitNode(JSC::RegisterID*, JSC::ExpressionNode*) /root/WebKit/Source/JavaScriptCore/bytecompiler/BytecodeGenerator.h:539:20 (jsc+0x3e14af)
    #20 JSC::ArgumentListNode::emitBytecode(JSC::BytecodeGenerator&, JSC::RegisterID*) /root/WebKit/Source/JavaScriptCore/bytecompiler/NodesCodegen.cpp:1225:22 (jsc+0x423ed3)
    #21 JSC::BytecodeGenerator::emitNodeInTailPosition(JSC::RegisterID*, JSC::ExpressionNode*) /root/WebKit/Source/JavaScriptCore/bytecompiler/BytecodeGenerator.h:569:23 (jsc+0x3e14af)
    #22 JSC::BytecodeGenerator::emitNode(JSC::RegisterID*, JSC::ExpressionNode*) /root/WebKit/Source/JavaScriptCore/bytecompiler/BytecodeGenerator.h:539:20 (jsc+0x3e14af)
    #23 JSC::RegisterID* JSC::BytecodeGenerator::emitCall<JSC::OpCallIgnoreResult>(JSC::RegisterID*, JSC::RegisterID*, JSC::ExpectedFunction, JSC::CallArguments&, JSC::JSTextPosition const&, JSC::JSTextPosition const&, JSC::JSTextPosition const&, JSC::DebuggableCall) /root/WebKit/Source/JavaScriptCore/bytecompiler/BytecodeGenerator.cpp:3855:13 (jsc+0x3f5ec2)
    #24 JSC::BytecodeGenerator::emitCallInTailPosition(JSC::RegisterID*, JSC::RegisterID*, JSC::ExpectedFunction, JSC::CallArguments&, JSC::JSTextPosition const&, JSC::JSTextPosition const&, JSC::JSTextPosition const&, JSC::DebuggableCall) /root/WebKit/Source/JavaScriptCore/bytecompiler/BytecodeGenerator.cpp:3744:16 (jsc+0x439738)
    #25 JSC::FunctionCallDotNode::emitBytecode(JSC::BytecodeGenerator&, JSC::RegisterID*) /root/WebKit/Source/JavaScriptCore/bytecompiler/NodesCodegen.cpp:2560:33 (jsc+0x439738)
    #26 JSC::BytecodeGenerator::emitNodeInTailPosition(JSC::RegisterID*, JSC::ExpressionNode*) /root/WebKit/Source/JavaScriptCore/bytecompiler/BytecodeGenerator.h:569:23 (jsc+0x45779f)
    #27 JSC::BytecodeGenerator::emitNodeInTailPositionFromExprStatementNode(JSC::RegisterID*, JSC::ExpressionNode*) /root/WebKit/Source/JavaScriptCore/bytecompiler/BytecodeGenerator.h:551:20 (jsc+0x45779f)
    #28 JSC::ExprStatementNode::emitBytecode(JSC::BytecodeGenerator&, JSC::RegisterID*) /root/WebKit/Source/JavaScriptCore/bytecompiler/NodesCodegen.cpp:4482:15 (jsc+0x45779f)
    #29 JSC::BytecodeGenerator::emitNodeInTailPosition(JSC::RegisterID*, JSC::StatementNode*) /root/WebKit/Source/JavaScriptCore/bytecompiler/BytecodeGenerator.h:512:16 (jsc+0x4d3a8d)
    #30 JSC::ForNode::emitBytecode(JSC::BytecodeGenerator&, JSC::RegisterID*)::$_0::operator()(JSC::BytecodeGenerator&) const /root/WebKit/Source/JavaScriptCore/bytecompiler/NodesCodegen.cpp:4689:23 (jsc+0x4d3a8d)
    #31 WTF::ScopedLambdaFunctor<void (JSC::BytecodeGenerator&), JSC::ForNode::emitBytecode(JSC::BytecodeGenerator&, JSC::RegisterID*)::$_0>::implFunction(void*, JSC::BytecodeGenerator&) /root/WebKit/WebKitBuild/TSan/WTF/Headers/wtf/ScopedLambda.h:106:16 (jsc+0x4d3a8d)
    #32 void WTF::ScopedLambda<void (JSC::BytecodeGenerator&)>::operator()<JSC::BytecodeGenerator&>(JSC::BytecodeGenerator&) const /root/WebKit/WebKitBuild/TSan/WTF/Headers/wtf/ScopedLambda.h:58:16 (jsc+0x45a9b8)
    #33 JSC::BytecodeGenerator::emitBodyWithUsingIfNeeded(unsigned int, bool, WTF::ScopedLambda<void (JSC::BytecodeGenerator&)> const&) /root/WebKit/Source/JavaScriptCore/bytecompiler/BytecodeGenerator.cpp:4962:9 (jsc+0x45a9b8)
    #34 JSC::ForNode::emitBytecode(JSC::BytecodeGenerator&, JSC::RegisterID*) /root/WebKit/Source/JavaScriptCore/bytecompiler/NodesCodegen.cpp:4671:15 (jsc+0x45a9b8)
    #35 JSC::BytecodeGenerator::emitNodeInTailPosition(JSC::RegisterID*, JSC::StatementNode*) /root/WebKit/Source/JavaScriptCore/bytecompiler/BytecodeGenerator.h:512:16 (jsc+0x48229d)
    #36 JSC::SourceElements::emitBytecode(JSC::BytecodeGenerator&, JSC::RegisterID*) /root/WebKit/Source/JavaScriptCore/bytecompiler/NodesCodegen.cpp (jsc+0x48229d)
    #37 JSC::BlockNode::emitBytecode(JSC::BytecodeGenerator&, JSC::RegisterID*)::$_0::operator()(JSC::BytecodeGenerator&) const /root/WebKit/Source/JavaScriptCore/bytecompiler/NodesCodegen.cpp:4457:27 (jsc+0x45763f)
    #38 WTF::ScopedLambdaFunctor<void (JSC::BytecodeGenerator&), JSC::BlockNode::emitBytecode(JSC::BytecodeGenerator&, JSC::RegisterID*)::$_0>::implFunction(void*, JSC::BytecodeGenerator&) /root/WebKit/WebKitBuild/TSan/WTF/Headers/wtf/ScopedLambda.h:106:16 (jsc+0x45763f)
    #39 void WTF::ScopedLambda<void (JSC::BytecodeGenerator&)>::operator()<JSC::BytecodeGenerator&>(JSC::BytecodeGenerator&) const /root/WebKit/WebKitBuild/TSan/WTF/Headers/wtf/ScopedLambda.h:58:16 (jsc+0x45763f)
    #40 JSC::BytecodeGenerator::emitBodyWithUsingIfNeeded(unsigned int, bool, WTF::ScopedLambda<void (JSC::BytecodeGenerator&)> const&) /root/WebKit/Source/JavaScriptCore/bytecompiler/BytecodeGenerator.cpp:4962:9 (jsc+0x45763f)
    #41 JSC::BlockNode::emitBytecode(JSC::BytecodeGenerator&, JSC::RegisterID*) /root/WebKit/Source/JavaScriptCore/bytecompiler/NodesCodegen.cpp:4455:15 (jsc+0x45763f)
    #42 JSC::BytecodeGenerator::emitNodeInTailPosition(JSC::RegisterID*, JSC::StatementNode*) /root/WebKit/Source/JavaScriptCore/bytecompiler/BytecodeGenerator.h:512:16 (jsc+0x48229d)
    #43 JSC::SourceElements::emitBytecode(JSC::BytecodeGenerator&, JSC::RegisterID*) /root/WebKit/Source/JavaScriptCore/bytecompiler/NodesCodegen.cpp (jsc+0x48229d)
    #44 JSC::ScopeNode::emitStatementsBytecode(JSC::BytecodeGenerator&, JSC::RegisterID*) /root/WebKit/Source/JavaScriptCore/bytecompiler/NodesCodegen.cpp:5419:19 (jsc+0x465998)
    #45 JSC::FunctionNode::emitBytecode(JSC::BytecodeGenerator&, JSC::RegisterID*)::$_2::operator()(JSC::BytecodeGenerator&) const /root/WebKit/Source/JavaScriptCore/bytecompiler/NodesCodegen.cpp:5772:17 (jsc+0x465998)
    #46 WTF::ScopedLambdaFunctor<void (JSC::BytecodeGenerator&), JSC::FunctionNode::emitBytecode(JSC::BytecodeGenerator&, JSC::RegisterID*)::$_2>::implFunction(void*, JSC::BytecodeGenerator&) /root/WebKit/WebKitBuild/TSan/WTF/Headers/wtf/ScopedLambda.h:106:16 (jsc+0x465998)
    #47 void WTF::ScopedLambda<void (JSC::BytecodeGenerator&)>::operator()<JSC::BytecodeGenerator&>(JSC::BytecodeGenerator&) const /root/WebKit/WebKitBuild/TSan/WTF/Headers/wtf/ScopedLambda.h:58:16 (jsc+0x465998)
    #48 JSC::BytecodeGenerator::emitBodyWithUsingIfNeeded(unsigned int, bool, WTF::ScopedLambda<void (JSC::BytecodeGenerator&)> const&) /root/WebKit/Source/JavaScriptCore/bytecompiler/BytecodeGenerator.cpp:4962:9 (jsc+0x465998)
    #49 JSC::FunctionNode::emitBytecode(JSC::BytecodeGenerator&, JSC::RegisterID*) /root/WebKit/Source/JavaScriptCore/bytecompiler/NodesCodegen.cpp:5770:19 (jsc+0x465998)
    #50 JSC::BytecodeGenerator::generate(unsigned int&) /root/WebKit/Source/JavaScriptCore/bytecompiler/BytecodeGenerator.cpp:325:22 (jsc+0x3cb258)
    #51 JSC::ParserError JSC::BytecodeGenerator::generate<JSC::FunctionNode, JSC::UnlinkedFunctionCodeBlock>(JSC::VM&, JSC::FunctionNode*, JSC::SourceCode const&, JSC::UnlinkedFunctionCodeBlock*, WTF::OptionSet<JSC::CodeGenerationMode, (WTF::ConcurrencyTag)0>, WTF::RefPtr<JSC::TDZEnvironmentLink, WTF::RawPtrTraits<JSC::TDZEnvironmentLink>, WTF::DefaultRefDerefTraits<JSC::TDZEnvironmentLink>> const&, WTF::FixedVector<JSC::Identifier, WTF::FastMalloc> const*, WTF::HashMap<WTF::RefPtr<WTF::UniquedStringImpl, WTF::PackedPtrTraits<WTF::UniquedStringImpl>, WTF::DefaultRefDerefTraits<WTF::UniquedStringImpl>>, JSC::PrivateNameEntry, JSC::IdentifierRepHash, WTF::HashTraits<WTF::RefPtr<WTF::UniquedStringImpl, WTF::RawPtrTraits<WTF::UniquedStringImpl>, WTF::DefaultRefDerefTraits<WTF::UniquedStringImpl>>>, JSC::PrivateNameEntryHashTraits, WTF::HashTableTraits, (WTF::ShouldValidateKey)0, WTF::FastMalloc> const*) /root/WebKit/Source/JavaScriptCore/bytecompiler/BytecodeGenerator.h:407:46 (jsc+0x3c3870)
    #52 JSC::generateUnlinkedFunctionCodeBlock(JSC::VM&, JSC::UnlinkedFunctionExecutable*, JSC::SourceCode const&, JSC::CodeSpecializationKind, WTF::OptionSet<JSC::CodeGenerationMode, (WTF::ConcurrencyTag)0>, JSC::UnlinkedFunctionKind, JSC::ParserError&, JSC::SourceParseMode) /root/WebKit/Source/JavaScriptCore/bytecode/UnlinkedFunctionExecutable.cpp:166:13 (jsc+0x3c12c9)
    #53 JSC::UnlinkedFunctionExecutable::unlinkedCodeBlockFor(JSC::VM&, JSC::SourceCode const&, JSC::CodeSpecializationKind, WTF::OptionSet<JSC::CodeGenerationMode, (WTF::ConcurrencyTag)0>, JSC::ParserError&, JSC::SourceParseMode) /root/WebKit/Source/JavaScriptCore/bytecode/UnlinkedFunctionExecutable.cpp:354:41 (jsc+0x3c12c9)
    #54 JSC::ScriptExecutable::newCodeBlockFor(JSC::CodeSpecializationKind, JSC::JSFunction*, JSC::JSScope*) /root/WebKit/Source/JavaScriptCore/runtime/ScriptExecutable.cpp:505:43 (jsc+0x1889cf8)
    #55 JSC::ScriptExecutable::prepareForExecutionImpl(JSC::VM&, JSC::JSFunction*, JSC::JSScope*, JSC::CodeSpecializationKind, JSC::CodeBlock*&) /root/WebKit/Source/JavaScriptCore/runtime/ScriptExecutable.cpp:623:28 (jsc+0x188a6c4)
    #56 void JSC::ScriptExecutable::prepareForExecution<JSC::FunctionExecutable>(JSC::VM&, JSC::JSFunction*, JSC::JSScope*, JSC::CodeSpecializationKind, JSC::CodeBlock*&) /root/WebKit/Source/JavaScriptCore/bytecode/CodeBlock.h:1153:5 (jsc+0xe81be4)
    #57 JSC::Interpreter::executeCallImpl(JSC::VM&, JSC::JSObject*, JSC::CallData const&, JSC::JSValue, JSC::JSCell*, JSC::ArgList const&) /root/WebKit/Source/JavaScriptCore/interpreter/Interpreter.cpp:1299:33 (jsc+0xe81be4)
    #58 JSC::Interpreter::executeCall(JSC::JSObject*, JSC::CallData const&, JSC::JSValue, JSC::JSCell*, JSC::ArgList const&) /root/WebKit/Source/JavaScriptCore/interpreter/Interpreter.cpp (jsc+0xe81f6d)
    #59 JSC::call(JSC::JSGlobalObject*, JSC::JSValue, JSC::CallData const&, JSC::JSValue, JSC::ArgList const&) /root/WebKit/Source/JavaScriptCore/runtime/CallData.cpp:70:27 (jsc+0x1354881)
    #60 JSC::call(JSC::JSGlobalObject*, JSC::JSValue, JSC::CallData const&, JSC::JSValue, JSC::ArgList const&, WTF::NakedPtr<JSC::Exception>&) /root/WebKit/Source/JavaScriptCore/runtime/CallData.cpp:77:22 (jsc+0x1354881)
    #61 JSC::threadMain(JSC::VM&, WTF::Ref<JSC::ThreadState, WTF::RawPtrTraits<JSC::ThreadState>, WTF::DefaultRefDerefTraits<JSC::ThreadState>>) /root/WebKit/Source/JavaScriptCore/runtime/ThreadObject.cpp:241:30 (jsc+0x19922bc)
    #62 JSC::constructThread(JSC::JSGlobalObject*, JSC::CallFrame*)::$_0::operator()() /root/WebKit/Source/JavaScriptCore/runtime/ThreadObject.cpp:468:9 (jsc+0x19922bc)
    #63 WTF::Detail::CallableWrapper<JSC::constructThread(JSC::JSGlobalObject*, JSC::CallFrame*)::$_0, void>::call() /root/WebKit/WebKitBuild/TSan/WTF/Headers/wtf/Function.h:59:39 (jsc+0x19922bc)
    #64 WTF::Function<void ()>::operator()() const /root/WebKit/Source/WTF/wtf/Function.h:103:35 (jsc+0x259e245)
    #65 WTF::Thread::entryPoint(WTF::Thread::NewThreadContext*) /root/WebKit/Source/WTF/wtf/Threading.cpp:312:5 (jsc+0x259e245)
    #66 WTF::wtfThreadEntryPoint(void*) /root/WebKit/Source/WTF/wtf/posix/ThreadingPOSIX.cpp:264:5 (jsc+0x25fabf9)

  Thread T3 'JS Thread' (tid=2021870, running) created by main thread at:
    #0 pthread_create /home/runner/work/llvm-project/llvm-project/compiler-rt/lib/tsan/rtl/tsan_interceptors_posix.cpp:1090:3 (jsc+0x13ff1a)
    #1 WTF::Thread::establishHandle(WTF::Thread::NewThreadContext&, WTF::StackAllocationSpecification, WTF::ThreadQOS, WTF::ThreadSchedulingPolicy) /root/WebKit/Source/WTF/wtf/posix/ThreadingPOSIX.cpp:354:17 (jsc+0x25faae5)
    #2 WTF::Thread::create(WTF::ASCIILiteral, WTF::Function<void ()>&&, WTF::ThreadType, WTF::ThreadQOS, WTF::ThreadSchedulingPolicy, WTF::StackAllocationSpecification) /root/WebKit/Source/WTF/wtf/Threading.cpp:330:32 (jsc+0x259e583)
    #3 JSC::constructThread(JSC::JSGlobalObject*, JSC::CallFrame*) /root/WebKit/Source/JavaScriptCore/runtime/ThreadObject.cpp:467:5 (jsc+0x198a6df)
    #4 <null> <null> (0x7f04639ff217)
    #5 JSC::evaluate(JSC::JSGlobalObject*, JSC::SourceCode const&, JSC::JSValue, WTF::NakedPtr<JSC::Exception>&) /root/WebKit/Source/JavaScriptCore/runtime/Completion.cpp:145:37 (jsc+0x13b6e85)
    #6 runWithOptions(GlobalObject*, CommandLine&, bool&) /root/WebKit/Source/JavaScriptCore/jsc.cpp:3957:35 (jsc+0x1caec5)
    #7 jscmain(int, char**)::$_0::operator()(JSC::VM&, GlobalObject*, bool&) const /root/WebKit/Source/JavaScriptCore/jsc.cpp:4686:13 (jsc+0x1caec5)
    #8 int runJSC<jscmain(int, char**)::$_0>(CommandLine const&, bool, jscmain(int, char**)::$_0 const&) /root/WebKit/Source/JavaScriptCore/jsc.cpp:4472:13 (jsc+0x1caec5)
    #9 jscmain(int, char**) /root/WebKit/Source/JavaScriptCore/jsc.cpp:4679:18 (jsc+0x1caec5)
    #10 main /root/WebKit/Source/JavaScriptCore/jsc.cpp:3715:15 (jsc+0x1c9743)

  Thread T4 'JS Thread' (tid=2021871, running) created by main thread at:
    #0 pthread_create /home/runner/work/llvm-project/llvm-project/compiler-rt/lib/tsan/rtl/tsan_interceptors_posix.cpp:1090:3 (jsc+0x13ff1a)
    #1 WTF::Thread::establishHandle(WTF::Thread::NewThreadContext&, WTF::StackAllocationSpecification, WTF::ThreadQOS, WTF::ThreadSchedulingPolicy) /root/WebKit/Source/WTF/wtf/posix/ThreadingPOSIX.cpp:354:17 (jsc+0x25faae5)
    #2 WTF::Thread::create(WTF::ASCIILiteral, WTF::Function<void ()>&&, WTF::ThreadType, WTF::ThreadQOS, WTF::ThreadSchedulingPolicy, WTF::StackAllocationSpecification) /root/WebKit/Source/WTF/wtf/Threading.cpp:330:32 (jsc+0x259e583)
    #3 JSC::constructThread(JSC::JSGlobalObject*, JSC::CallFrame*) /root/WebKit/Source/JavaScriptCore/runtime/ThreadObject.cpp:467:5 (jsc+0x198a6df)
    #4 <null> <null> (0x7f04639ff217)
    #5 JSC::evaluate(JSC::JSGlobalObject*, JSC::SourceCode const&, JSC::JSValue, WTF::NakedPtr<JSC::Exception>&) /root/WebKit/Source/JavaScriptCore/runtime/Completion.cpp:145:37 (jsc+0x13b6e85)
    #6 runWithOptions(GlobalObject*, CommandLine&, bool&) /root/WebKit/Source/JavaScriptCore/jsc.cpp:3957:35 (jsc+0x1caec5)
    #7 jscmain(int, char**)::$_0::operator()(JSC::VM&, GlobalObject*, bool&) const /root/WebKit/Source/JavaScriptCore/jsc.cpp:4686:13 (jsc+0x1caec5)
    #8 int runJSC<jscmain(int, char**)::$_0>(CommandLine const&, bool, jscmain(int, char**)::$_0 const&) /root/WebKit/Source/JavaScriptCore/jsc.cpp:4472:13 (jsc+0x1caec5)
    #9 jscmain(int, char**) /root/WebKit/Source/JavaScriptCore/jsc.cpp:4679:18 (jsc+0x1caec5)
    #10 main /root/WebKit/Source/JavaScriptCore/jsc.cpp:3715:15 (jsc+0x1c9743)

SUMMARY: ThreadSanitizer: data race /root/WebKit/Source/JavaScriptCore/bytecode/UnlinkedFunctionExecutable.h:203:75 in JSC::UnlinkedFunctionExecutable::setSingletonHasBeenInvalidated()
==================
==================
WARNING: ThreadSanitizer: data race (pid=2021859)
  Atomic read of size 1 at 0x7208000131a4 by thread T7:
    #0 std::atomic<JSC::WatchpointState>::load(std::memory_order) const /usr/lib/gcc/x86_64-amazon-linux/14/../../../../include/c++/14/atomic:302:2 (jsc+0x61c399)
    #1 WTF::Atomic<JSC::WatchpointState>::load(std::memory_order) const /root/WebKit/WebKitBuild/TSan/WTF/Headers/wtf/Atomics.h:55:100 (jsc+0x61c399)
    #2 WTF::Atomic<JSC::WatchpointState>::loadRelaxed() const /root/WebKit/WebKitBuild/TSan/WTF/Headers/wtf/Atomics.h:57:50 (jsc+0x61c399)
    #3 JSC::WatchpointSet::state() const /root/WebKit/Source/JavaScriptCore/bytecode/Watchpoint.h:250:24 (jsc+0x61c399)
    #4 JSC::InlineWatchpointSet::state() const /root/WebKit/Source/JavaScriptCore/bytecode/Watchpoint.h:426:31 (jsc+0x61c399)
    #5 JSC::InlineWatchpointSet::hasBeenInvalidated() const /root/WebKit/Source/JavaScriptCore/bytecode/Watchpoint.h:435:16 (jsc+0x61c399)
    #6 JSC::InlineWatchpointSet::isStillValid() const /root/WebKit/Source/JavaScriptCore/bytecode/Watchpoint.h:441:17 (jsc+0x61c399)
    #7 JSC::Structure::transitionWatchpointSetIsStillValid() const /root/WebKit/Source/JavaScriptCore/runtime/Structure.h:844:42 (jsc+0x61c399)
    #8 JSC::Structure::dfgShouldWatch() const /root/WebKit/Source/JavaScriptCore/runtime/Structure.h:870:46 (jsc+0x61c399)
    #9 JSC::DFG::DesiredWatchpoints::consider(JSC::Structure*) /root/WebKit/Source/JavaScriptCore/dfg/DFGDesiredWatchpoints.cpp:155:21 (jsc+0x61c399)
    #10 JSC::DFG::Graph::registerStructure(JSC::Structure*, JSC::DFG::StructureRegistrationResult&) /root/WebKit/Source/JavaScriptCore/dfg/DFGGraph.cpp:1714:30 (jsc+0x65b9b2)
    #11 JSC::DFG::AbstractValue::set(JSC::DFG::Graph&, JSC::DFG::FrozenValue const&, JSC::DFG::StructureClobberState) /root/WebKit/Source/JavaScriptCore/dfg/DFGAbstractValue.cpp:58:57 (jsc+0x4d7271)
    #12 JSC::DFG::AbstractInterpreter<JSC::DFG::InPlaceAbstractState>::setBuiltInConstant(JSC::DFG::Node*, JSC::DFG::FrozenValue) /root/WebKit/Source/JavaScriptCore/dfg/DFGAbstractInterpreter.h:253:23 (jsc+0x5a83e4)
    #13 JSC::DFG::AbstractInterpreter<JSC::DFG::InPlaceAbstractState>::executeEffects(unsigned int, JSC::DFG::Node*) /root/WebKit/Source/JavaScriptCore/dfg/DFGAbstractInterpreterInlines.h:430:9 (jsc+0x592de8)
    #14 JSC::DFG::AbstractInterpreter<JSC::DFG::InPlaceAbstractState>::executeEffects(unsigned int) /root/WebKit/Source/JavaScriptCore/dfg/DFGAbstractInterpreterInlines.h:6159:12 (jsc+0x8f96ef)
    #15 JSC::DFG::SpeculativeJIT::compileCurrentBlock() /root/WebKit/Source/JavaScriptCore/dfg/DFGSpeculativeJIT.cpp:2419:23 (jsc+0x8f96ef)
    #16 JSC::DFG::SpeculativeJIT::compileBody() /root/WebKit/Source/JavaScriptCore/dfg/DFGSpeculativeJIT.cpp:2511:9 (jsc+0x8d6d7f)
    #17 JSC::DFG::SpeculativeJIT::compileFunction() /root/WebKit/Source/JavaScriptCore/dfg/DFGSpeculativeJIT.cpp:234:5 (jsc+0x8d7f6f)
    #18 JSC::DFG::Plan::compileInThreadImpl() /root/WebKit/Source/JavaScriptCore/dfg/DFGPlan.cpp:399:32 (jsc+0x8ab63f)
    #19 JSC::JITPlan::compileInThread(JSC::JITWorklistThread*) /root/WebKit/Source/JavaScriptCore/jit/JITPlan.cpp:283:28 (jsc+0xfd4afd)
    #20 JSC::JITWorklistThread::work() /root/WebKit/Source/JavaScriptCore/jit/JITWorklistThread.cpp:145:13 (jsc+0x103f30b)
    #21 WTF::AutomaticThread::start(WTF::AbstractLocker const&)::$_0::operator()() const /root/WebKit/Source/WTF/wtf/AutomaticThread.cpp:260:37 (jsc+0x2572ebc)
    #22 WTF::Detail::CallableWrapper<WTF::AutomaticThread::start(WTF::AbstractLocker const&)::$_0, void>::call() /root/WebKit/Source/WTF/wtf/Function.h:59:39 (jsc+0x2572ebc)
    #23 WTF::Function<void ()>::operator()() const /root/WebKit/Source/WTF/wtf/Function.h:103:35 (jsc+0x259e245)
    #24 WTF::Thread::entryPoint(WTF::Thread::NewThreadContext*) /root/WebKit/Source/WTF/wtf/Threading.cpp:312:5 (jsc+0x259e245)
    #25 WTF::wtfThreadEntryPoint(void*) /root/WebKit/Source/WTF/wtf/posix/ThreadingPOSIX.cpp:264:5 (jsc+0x25fabf9)

  Previous write of size 8 at 0x7208000131a0 by thread T5:
    #0 malloc /home/runner/work/llvm-project/llvm-project/compiler-rt/lib/tsan/rtl/tsan_interceptors_posix.cpp:682:5 (jsc+0x13dc20)
    #1 bmalloc::api::malloc(unsigned long, bmalloc::CompactAllocationMode, bmalloc::HeapKind) /root/WebKit/WebKitBuild/TSan/bmalloc/Headers/bmalloc/bmalloc.h:96:20 (jsc+0x2581059)
    #2 WTF::fastMalloc(unsigned long) /root/WebKit/Source/WTF/wtf/FastMalloc.cpp:337:20 (jsc+0x2581059)
    #3 JSC::WatchpointSet::operator new(unsigned long) /root/WebKit/Source/JavaScriptCore/bytecode/Watchpoint.h:223:5 (jsc+0x3c9771)
    #4 JSC::WatchpointSet::create(JSC::WatchpointState, JSC::WatchpointSetClassification) /root/WebKit/Source/JavaScriptCore/bytecode/Watchpoint.h:233:26 (jsc+0x3c9771)
    #5 JSC::InlineWatchpointSet::inflateSlow() /root/WebKit/Source/JavaScriptCore/bytecode/Watchpoint.cpp:465:27 (jsc+0x3c9771)
    #6 JSC::InlineWatchpointSet::inflate() /root/WebKit/Source/JavaScriptCore/bytecode/Watchpoint.h:567:16 (jsc+0x3c949f)
    #7 JSC::InlineWatchpointSet::add(JSC::Watchpoint*) /root/WebKit/Source/JavaScriptCore/bytecode/Watchpoint.cpp:440:5 (jsc+0x3c949f)
    #8 JSC::DFG::SetPointerAdaptor<JSC::InlineWatchpointSet*>::add(JSC::CodeBlock*, JSC::InlineWatchpointSet*, JSC::DFG::WatchpointCollector&)::'lambda'(JSC::CodeBlockJettisoningWatchpoint&)::operator()(JSC::CodeBlockJettisoningWatchpoint&) const /root/WebKit/Source/JavaScriptCore/dfg/DFGDesiredWatchpoints.h:129:18 (jsc+0x63f3c1)
    #9 bool JSC::DFG::WatchpointCollector::addWatchpoint<JSC::DFG::SetPointerAdaptor<JSC::InlineWatchpointSet*>::add(JSC::CodeBlock*, JSC::InlineWatchpointSet*, JSC::DFG::WatchpointCollector&)::'lambda'(JSC::CodeBlockJettisoningWatchpoint&)>(JSC::DFG::SetPointerAdaptor<JSC::InlineWatchpointSet*>::add(JSC::CodeBlock*, JSC::InlineWatchpointSet*, JSC::DFG::WatchpointCollector&)::'lambda'(JSC::CodeBlockJettisoningWatchpoint&) const&) /root/WebKit/Source/JavaScriptCore/dfg/DFGDesiredWatchpoints.h:79:20 (jsc+0x63f3c1)
    #10 JSC::DFG::SetPointerAdaptor<JSC::InlineWatchpointSet*>::add(JSC::CodeBlock*, JSC::InlineWatchpointSet*, JSC::DFG::WatchpointCollector&) /root/WebKit/Source/JavaScriptCore/dfg/DFGDesiredWatchpoints.h:121:26 (jsc+0x61d0d0)
    #11 JSC::DFG::GenericDesiredWatchpoints<JSC::InlineWatchpointSet*, JSC::DFG::SetPointerAdaptor<JSC::InlineWatchpointSet*>>::reallyAdd(JSC::CodeBlock*, JSC::DFG::WatchpointCollector&) /root/WebKit/Source/JavaScriptCore/dfg/DFGDesiredWatchpoints.h:214:18 (jsc+0x61d0d0)
    #12 JSC::DFG::DesiredWatchpoints::reallyAdd(JSC::CodeBlock*, JSC::DFG::DesiredIdentifiers&, JSC::DFG::CommonData*) /root/WebKit/Source/JavaScriptCore/dfg/DFGDesiredWatchpoints.cpp:209:23 (jsc+0x61dbc0)
    #13 JSC::DFG::Plan::reallyAdd(JSC::DFG::CommonData*) /root/WebKit/Source/JavaScriptCore/dfg/DFGPlan.cpp:611:24 (jsc+0x8b15c0)
    #14 JSC::DFG::Plan::finalize()::$_0::operator()() const /root/WebKit/Source/JavaScriptCore/dfg/DFGPlan.cpp:671:14 (jsc+0x8b18f6)
    #15 JSC::DFG::Plan::finalize() /root/WebKit/Source/JavaScriptCore/dfg/DFGPlan.cpp:654:32 (jsc+0x8b18f6)
    #16 JSC::JITWorklist::completeAllReadyPlansForVM(JSC::VM&, JSC::JITCompilationKey) /root/WebKit/Source/JavaScriptCore/jit/JITWorklist.cpp:315:15 (jsc+0x103b0c9)
    #17 operationOptimize /root/WebKit/Source/JavaScriptCore/jit/JITOperations.cpp:3158:76 (jsc+0xfb6bca)
    #18 <null> <null> (0x7f0463a02198)
    #19 JSC::Interpreter::executeCall(JSC::JSObject*, JSC::CallData const&, JSC::JSValue, JSC::JSCell*, JSC::ArgList const&) /root/WebKit/Source/JavaScriptCore/interpreter/Interpreter.cpp (jsc+0xe81f6d)
    #20 JSC::call(JSC::JSGlobalObject*, JSC::JSValue, JSC::CallData const&, JSC::JSValue, JSC::ArgList const&) /root/WebKit/Source/JavaScriptCore/runtime/CallData.cpp:70:27 (jsc+0x1354881)
    #21 JSC::call(JSC::JSGlobalObject*, JSC::JSValue, JSC::CallData const&, JSC::JSValue, JSC::ArgList const&, WTF::NakedPtr<JSC::Exception>&) /root/WebKit/Source/JavaScriptCore/runtime/CallData.cpp:77:22 (jsc+0x1354881)
    #22 JSC::lockProtoFuncHold(JSC::JSGlobalObject*, JSC::CallFrame*) /root/WebKit/Source/JavaScriptCore/runtime/LockObject.cpp:633:22 (jsc+0x17b608c)
    #23 <null> <null> (0x7f04639ff157)
    #24 JSC::Interpreter::executeCall(JSC::JSObject*, JSC::CallData const&, JSC::JSValue, JSC::JSCell*, JSC::ArgList const&) /root/WebKit/Source/JavaScriptCore/interpreter/Interpreter.cpp (jsc+0xe81f6d)
    #25 JSC::call(JSC::JSGlobalObject*, JSC::JSValue, JSC::CallData const&, JSC::JSValue, JSC::ArgList const&) /root/WebKit/Source/JavaScriptCore/runtime/CallData.cpp:70:27 (jsc+0x1354881)
    #26 JSC::call(JSC::JSGlobalObject*, JSC::JSValue, JSC::CallData const&, JSC::JSValue, JSC::ArgList const&, WTF::NakedPtr<JSC::Exception>&) /root/WebKit/Source/JavaScriptCore/runtime/CallData.cpp:77:22 (jsc+0x1354881)
    #27 JSC::threadMain(JSC::VM&, WTF::Ref<JSC::ThreadState, WTF::RawPtrTraits<JSC::ThreadState>, WTF::DefaultRefDerefTraits<JSC::ThreadState>>) /root/WebKit/Source/JavaScriptCore/runtime/ThreadObject.cpp:241:30 (jsc+0x19922bc)
    #28 JSC::constructThread(JSC::JSGlobalObject*, JSC::CallFrame*)::$_0::operator()() /root/WebKit/Source/JavaScriptCore/runtime/ThreadObject.cpp:468:9 (jsc+0x19922bc)
    #29 WTF::Detail::CallableWrapper<JSC::constructThread(JSC::JSGlobalObject*, JSC::CallFrame*)::$_0, void>::call() /root/WebKit/WebKitBuild/TSan/WTF/Headers/wtf/Function.h:59:39 (jsc+0x19922bc)
    #30 WTF::Function<void ()>::operator()() const /root/WebKit/Source/WTF/wtf/Function.h:103:35 (jsc+0x259e245)
    #31 WTF::Thread::entryPoint(WTF::Thread::NewThreadContext*) /root/WebKit/Source/WTF/wtf/Threading.cpp:312:5 (jsc+0x259e245)
    #32 WTF::wtfThreadEntryPoint(void*) /root/WebKit/Source/WTF/wtf/posix/ThreadingPOSIX.cpp:264:5 (jsc+0x25fabf9)

  Location is heap block of size 24 at 0x7208000131a0 allocated by thread T5:
    #0 malloc /home/runner/work/llvm-project/llvm-project/compiler-rt/lib/tsan/rtl/tsan_interceptors_posix.cpp:682:5 (jsc+0x13dc20)
    #1 bmalloc::api::malloc(unsigned long, bmalloc::CompactAllocationMode, bmalloc::HeapKind) /root/WebKit/WebKitBuild/TSan/bmalloc/Headers/bmalloc/bmalloc.h:96:20 (jsc+0x2581059)
    #2 WTF::fastMalloc(unsigned long) /root/WebKit/Source/WTF/wtf/FastMalloc.cpp:337:20 (jsc+0x2581059)
    #3 JSC::WatchpointSet::operator new(unsigned long) /root/WebKit/Source/JavaScriptCore/bytecode/Watchpoint.h:223:5 (jsc+0x3c9771)
    #4 JSC::WatchpointSet::create(JSC::WatchpointState, JSC::WatchpointSetClassification) /root/WebKit/Source/JavaScriptCore/bytecode/Watchpoint.h:233:26 (jsc+0x3c9771)
    #5 JSC::InlineWatchpointSet::inflateSlow() /root/WebKit/Source/JavaScriptCore/bytecode/Watchpoint.cpp:465:27 (jsc+0x3c9771)
    #6 JSC::InlineWatchpointSet::inflate() /root/WebKit/Source/JavaScriptCore/bytecode/Watchpoint.h:567:16 (jsc+0x3c949f)
    #7 JSC::InlineWatchpointSet::add(JSC::Watchpoint*) /root/WebKit/Source/JavaScriptCore/bytecode/Watchpoint.cpp:440:5 (jsc+0x3c949f)
    #8 JSC::DFG::SetPointerAdaptor<JSC::InlineWatchpointSet*>::add(JSC::CodeBlock*, JSC::InlineWatchpointSet*, JSC::DFG::WatchpointCollector&)::'lambda'(JSC::CodeBlockJettisoningWatchpoint&)::operator()(JSC::CodeBlockJettisoningWatchpoint&) const /root/WebKit/Source/JavaScriptCore/dfg/DFGDesiredWatchpoints.h:129:18 (jsc+0x63f3c1)
    #9 bool JSC::DFG::WatchpointCollector::addWatchpoint<JSC::DFG::SetPointerAdaptor<JSC::InlineWatchpointSet*>::add(JSC::CodeBlock*, JSC::InlineWatchpointSet*, JSC::DFG::WatchpointCollector&)::'lambda'(JSC::CodeBlockJettisoningWatchpoint&)>(JSC::DFG::SetPointerAdaptor<JSC::InlineWatchpointSet*>::add(JSC::CodeBlock*, JSC::InlineWatchpointSet*, JSC::DFG::WatchpointCollector&)::'lambda'(JSC::CodeBlockJettisoningWatchpoint&) const&) /root/WebKit/Source/JavaScriptCore/dfg/DFGDesiredWatchpoints.h:79:20 (jsc+0x63f3c1)
    #10 JSC::DFG::SetPointerAdaptor<JSC::InlineWatchpointSet*>::add(JSC::CodeBlock*, JSC::InlineWatchpointSet*, JSC::DFG::WatchpointCollector&) /root/WebKit/Source/JavaScriptCore/dfg/DFGDesiredWatchpoints.h:121:26 (jsc+0x61d0d0)
    #11 JSC::DFG::GenericDesiredWatchpoints<JSC::InlineWatchpointSet*, JSC::DFG::SetPointerAdaptor<JSC::InlineWatchpointSet*>>::reallyAdd(JSC::CodeBlock*, JSC::DFG::WatchpointCollector&) /root/WebKit/Source/JavaScriptCore/dfg/DFGDesiredWatchpoints.h:214:18 (jsc+0x61d0d0)
    #12 JSC::DFG::DesiredWatchpoints::reallyAdd(JSC::CodeBlock*, JSC::DFG::DesiredIdentifiers&, JSC::DFG::CommonData*) /root/WebKit/Source/JavaScriptCore/dfg/DFGDesiredWatchpoints.cpp:209:23 (jsc+0x61dbc0)
    #13 JSC::DFG::Plan::reallyAdd(JSC::DFG::CommonData*) /root/WebKit/Source/JavaScriptCore/dfg/DFGPlan.cpp:611:24 (jsc+0x8b15c0)
    #14 JSC::DFG::Plan::finalize()::$_0::operator()() const /root/WebKit/Source/JavaScriptCore/dfg/DFGPlan.cpp:671:14 (jsc+0x8b18f6)
    #15 JSC::DFG::Plan::finalize() /root/WebKit/Source/JavaScriptCore/dfg/DFGPlan.cpp:654:32 (jsc+0x8b18f6)
    #16 JSC::JITWorklist::completeAllReadyPlansForVM(JSC::VM&, JSC::JITCompilationKey) /root/WebKit/Source/JavaScriptCore/jit/JITWorklist.cpp:315:15 (jsc+0x103b0c9)
    #17 operationOptimize /root/WebKit/Source/JavaScriptCore/jit/JITOperations.cpp:3158:76 (jsc+0xfb6bca)
    #18 <null> <null> (0x7f0463a02198)
    #19 JSC::Interpreter::executeCall(JSC::JSObject*, JSC::CallData const&, JSC::JSValue, JSC::JSCell*, JSC::ArgList const&) /root/WebKit/Source/JavaScriptCore/interpreter/Interpreter.cpp (jsc+0xe81f6d)
    #20 JSC::call(JSC::JSGlobalObject*, JSC::JSValue, JSC::CallData const&, JSC::JSValue, JSC::ArgList const&) /root/WebKit/Source/JavaScriptCore/runtime/CallData.cpp:70:27 (jsc+0x1354881)
    #21 JSC::call(JSC::JSGlobalObject*, JSC::JSValue, JSC::CallData const&, JSC::JSValue, JSC::ArgList const&, WTF::NakedPtr<JSC::Exception>&) /root/WebKit/Source/JavaScriptCore/runtime/CallData.cpp:77:22 (jsc+0x1354881)
    #22 JSC::lockProtoFuncHold(JSC::JSGlobalObject*, JSC::CallFrame*) /root/WebKit/Source/JavaScriptCore/runtime/LockObject.cpp:633:22 (jsc+0x17b608c)
    #23 <null> <null> (0x7f04639ff157)
    #24 JSC::Interpreter::executeCall(JSC::JSObject*, JSC::CallData const&, JSC::JSValue, JSC::JSCell*, JSC::ArgList const&) /root/WebKit/Source/JavaScriptCore/interpreter/Interpreter.cpp (jsc+0xe81f6d)
    #25 JSC::call(JSC::JSGlobalObject*, JSC::JSValue, JSC::CallData const&, JSC::JSValue, JSC::ArgList const&) /root/WebKit/Source/JavaScriptCore/runtime/CallData.cpp:70:27 (jsc+0x1354881)
    #26 JSC::call(JSC::JSGlobalObject*, JSC::JSValue, JSC::CallData const&, JSC::JSValue, JSC::ArgList const&, WTF::NakedPtr<JSC::Exception>&) /root/WebKit/Source/JavaScriptCore/runtime/CallData.cpp:77:22 (jsc+0x1354881)
    #27 JSC::threadMain(JSC::VM&, WTF::Ref<JSC::ThreadState, WTF::RawPtrTraits<JSC::ThreadState>, WTF::DefaultRefDerefTraits<JSC::ThreadState>>) /root/WebKit/Source/JavaScriptCore/runtime/ThreadObject.cpp:241:30 (jsc+0x19922bc)
    #28 JSC::constructThread(JSC::JSGlobalObject*, JSC::CallFrame*)::$_0::operator()() /root/WebKit/Source/JavaScriptCore/runtime/ThreadObject.cpp:468:9 (jsc+0x19922bc)
    #29 WTF::Detail::CallableWrapper<JSC::constructThread(JSC::JSGlobalObject*, JSC::CallFrame*)::$_0, void>::call() /root/WebKit/WebKitBuild/TSan/WTF/Headers/wtf/Function.h:59:39 (jsc+0x19922bc)
    #30 WTF::Function<void ()>::operator()() const /root/WebKit/Source/WTF/wtf/Function.h:103:35 (jsc+0x259e245)
    #31 WTF::Thread::entryPoint(WTF::Thread::NewThreadContext*) /root/WebKit/Source/WTF/wtf/Threading.cpp:312:5 (jsc+0x259e245)
    #32 WTF::wtfThreadEntryPoint(void*) /root/WebKit/Source/WTF/wtf/posix/ThreadingPOSIX.cpp:264:5 (jsc+0x25fabf9)

  Thread T7 'JITWorker' (tid=2021897, running) created by thread T6 at:
    #0 pthread_create /home/runner/work/llvm-project/llvm-project/compiler-rt/lib/tsan/rtl/tsan_interceptors_posix.cpp:1090:3 (jsc+0x13ff1a)
    #1 WTF::Thread::establishHandle(WTF::Thread::NewThreadContext&, WTF::StackAllocationSpecification, WTF::ThreadQOS, WTF::ThreadSchedulingPolicy) /root/WebKit/Source/WTF/wtf/posix/ThreadingPOSIX.cpp:354:17 (jsc+0x25faae5)
    #2 WTF::Thread::create(WTF::ASCIILiteral, WTF::Function<void ()>&&, WTF::ThreadType, WTF::ThreadQOS, WTF::ThreadSchedulingPolicy, WTF::StackAllocationSpecification) /root/WebKit/Source/WTF/wtf/Threading.cpp:330:32 (jsc+0x259e583)
    #3 WTF::AutomaticThread::start(WTF::AbstractLocker const&) /root/WebKit/Source/WTF/wtf/AutomaticThread.cpp:189:5 (jsc+0x2571939)
    #4 WTF::AutomaticThreadCondition::notifyOne(WTF::AbstractLocker const&) /root/WebKit/Source/WTF/wtf/AutomaticThread.cpp:60:21 (jsc+0x2571739)
    #5 JSC::JITWorklist::wakeThreads(WTF::AbstractLocker const&, unsigned int) /root/WebKit/Source/JavaScriptCore/jit/JITWorklist.cpp:162:25 (jsc+0x1039716)
    #6 JSC::JITWorklist::enqueue(WTF::Ref<JSC::JITPlan, WTF::RawPtrTraits<JSC::JITPlan>, WTF::DefaultRefDerefTraits<JSC::JITPlan>>) /root/WebKit/Source/JavaScriptCore/jit/JITWorklist.cpp:246:5 (jsc+0x1039f78)
    #7 JSC::LLInt::jitCompileAndSetHeuristics(JSC::VM&, JSC::CodeBlock*) /root/WebKit/Source/JavaScriptCore/llint/LLIntSlowPaths.cpp:497:45 (jsc+0x10739c8)
    #8 JSC::LLInt::entryOSR(JSC::CodeBlock*, char const*, JSC::LLInt::EntryKind) /root/WebKit/Source/JavaScriptCore/llint/LLIntSlowPaths.cpp:519:10 (jsc+0x1072c42)
    #9 llint_entry_osr_function_for_call /root/WebKit/Source/JavaScriptCore/llint/LLIntSlowPaths.cpp:546:12 (jsc+0x1072ea4)
    #10 llint_function_for_call_prologue LowLevelInterpreter.cpp (jsc+0x1df349e)
    #11 JSC::Interpreter::executeCall(JSC::JSObject*, JSC::CallData const&, JSC::JSValue, JSC::JSCell*, JSC::ArgList const&) /root/WebKit/Source/JavaScriptCore/interpreter/Interpreter.cpp (jsc+0xe81f6d)
    #12 JSC::call(JSC::JSGlobalObject*, JSC::JSValue, JSC::CallData const&, JSC::JSValue, JSC::ArgList const&) /root/WebKit/Source/JavaScriptCore/runtime/CallData.cpp:70:27 (jsc+0x1354881)
    #13 JSC::call(JSC::JSGlobalObject*, JSC::JSValue, JSC::CallData const&, JSC::JSValue, JSC::ArgList const&, WTF::NakedPtr<JSC::Exception>&) /root/WebKit/Source/JavaScriptCore/runtime/CallData.cpp:77:22 (jsc+0x1354881)
    #14 JSC::lockProtoFuncHold(JSC::JSGlobalObject*, JSC::CallFrame*) /root/WebKit/Source/JavaScriptCore/runtime/LockObject.cpp:633:22 (jsc+0x17b608c)
    #15 <null> <null> (0x7f04639ff157)
    #16 JSC::Interpreter::executeCall(JSC::JSObject*, JSC::CallData const&, JSC::JSValue, JSC::JSCell*, JSC::ArgList const&) /root/WebKit/Source/JavaScriptCore/interpreter/Interpreter.cpp (jsc+0xe81f6d)
    #17 JSC::call(JSC::JSGlobalObject*, JSC::JSValue, JSC::CallData const&, JSC::JSValue, JSC::ArgList const&) /root/WebKit/Source/JavaScriptCore/runtime/CallData.cpp:70:27 (jsc+0x1354881)
    #18 JSC::call(JSC::JSGlobalObject*, JSC::JSValue, JSC::CallData const&, JSC::JSValue, JSC::ArgList const&, WTF::NakedPtr<JSC::Exception>&) /root/WebKit/Source/JavaScriptCore/runtime/CallData.cpp:77:22 (jsc+0x1354881)
    #19 JSC::threadMain(JSC::VM&, WTF::Ref<JSC::ThreadState, WTF::RawPtrTraits<JSC::ThreadState>, WTF::DefaultRefDerefTraits<JSC::ThreadState>>) /root/WebKit/Source/JavaScriptCore/runtime/ThreadObject.cpp:241:30 (jsc+0x19922bc)
    #20 JSC::constructThread(JSC::JSGlobalObject*, JSC::CallFrame*)::$_0::operator()() /root/WebKit/Source/JavaScriptCore/runtime/ThreadObject.cpp:468:9 (jsc+0x19922bc)
    #21 WTF::Detail::CallableWrapper<JSC::constructThread(JSC::JSGlobalObject*, JSC::CallFrame*)::$_0, void>::call() /root/WebKit/WebKitBuild/TSan/WTF/Headers/wtf/Function.h:59:39 (jsc+0x19922bc)
    #22 WTF::Function<void ()>::operator()() const /root/WebKit/Source/WTF/wtf/Function.h:103:35 (jsc+0x259e245)
    #23 WTF::Thread::entryPoint(WTF::Thread::NewThreadContext*) /root/WebKit/Source/WTF/wtf/Threading.cpp:312:5 (jsc+0x259e245)
    #24 WTF::wtfThreadEntryPoint(void*) /root/WebKit/Source/WTF/wtf/posix/ThreadingPOSIX.cpp:264:5 (jsc+0x25fabf9)

  Thread T5 'JS Thread' (tid=2021872, running) created by main thread at:
    #0 pthread_create /home/runner/work/llvm-project/llvm-project/compiler-rt/lib/tsan/rtl/tsan_interceptors_posix.cpp:1090:3 (jsc+0x13ff1a)
    #1 WTF::Thread::establishHandle(WTF::Thread::NewThreadContext&, WTF::StackAllocationSpecification, WTF::ThreadQOS, WTF::ThreadSchedulingPolicy) /root/WebKit/Source/WTF/wtf/posix/ThreadingPOSIX.cpp:354:17 (jsc+0x25faae5)
    #2 WTF::Thread::create(WTF::ASCIILiteral, WTF::Function<void ()>&&, WTF::ThreadType, WTF::ThreadQOS, WTF::ThreadSchedulingPolicy, WTF::StackAllocationSpecification) /root/WebKit/Source/WTF/wtf/Threading.cpp:330:32 (jsc+0x259e583)
    #3 JSC::constructThread(JSC::JSGlobalObject*, JSC::CallFrame*) /root/WebKit/Source/JavaScriptCore/runtime/ThreadObject.cpp:467:5 (jsc+0x198a6df)
    #4 <null> <null> (0x7f04639ff217)
    #5 JSC::evaluate(JSC::JSGlobalObject*, JSC::SourceCode const&, JSC::JSValue, WTF::NakedPtr<JSC::Exception>&) /root/WebKit/Source/JavaScriptCore/runtime/Completion.cpp:145:37 (jsc+0x13b6e85)
    #6 runWithOptions(GlobalObject*, CommandLine&, bool&) /root/WebKit/Source/JavaScriptCore/jsc.cpp:3957:35 (jsc+0x1caec5)
    #7 jscmain(int, char**)::$_0::operator()(JSC::VM&, GlobalObject*, bool&) const /root/WebKit/Source/JavaScriptCore/jsc.cpp:4686:13 (jsc+0x1caec5)
    #8 int runJSC<jscmain(int, char**)::$_0>(CommandLine const&, bool, jscmain(int, char**)::$_0 const&) /root/WebKit/Source/JavaScriptCore/jsc.cpp:4472:13 (jsc+0x1caec5)
    #9 jscmain(int, char**) /root/WebKit/Source/JavaScriptCore/jsc.cpp:4679:18 (jsc+0x1caec5)
    #10 main /root/WebKit/Source/JavaScriptCore/jsc.cpp:3715:15 (jsc+0x1c9743)

SUMMARY: ThreadSanitizer: data race /root/WebKit/WebKitBuild/TSan/WTF/Headers/wtf/Atomics.h:55:100 in WTF::Atomic<JSC::WatchpointState>::load(std::memory_order) const
==================
==================
WARNING: ThreadSanitizer: data race (pid=2021859)
  Write of size 1 at 0x7f04a5c34132 by thread T14:
    #0 JSC::Interpreter::executeCallImpl(JSC::VM&, JSC::JSObject*, JSC::CallData const&, JSC::JSValue, JSC::JSCell*, JSC::ArgList const&)::'lambda'()::operator()() const /root/WebKit/Source/JavaScriptCore/interpreter/Interpreter.cpp:1257:23 (jsc+0xe81ba6)
    #1 WTF::ScopeExit<JSC::Interpreter::executeCallImpl(JSC::VM&, JSC::JSObject*, JSC::CallData const&, JSC::JSValue, JSC::JSCell*, JSC::ArgList const&)::'lambda'()>::~ScopeExit() /root/WebKit/WebKitBuild/TSan/WTF/Headers/wtf/Scope.h:53:13 (jsc+0xe81ba6)
    #2 JSC::Interpreter::executeCallImpl(JSC::VM&, JSC::JSObject*, JSC::CallData const&, JSC::JSValue, JSC::JSCell*, JSC::ArgList const&) /root/WebKit/Source/JavaScriptCore/interpreter/Interpreter.cpp:1331:1 (jsc+0xe81ba6)
    #3 JSC::Interpreter::executeCall(JSC::JSObject*, JSC::CallData const&, JSC::JSValue, JSC::JSCell*, JSC::ArgList const&) /root/WebKit/Source/JavaScriptCore/interpreter/Interpreter.cpp (jsc+0xe81f6d)
    #4 JSC::call(JSC::JSGlobalObject*, JSC::JSValue, JSC::CallData const&, JSC::JSValue, JSC::ArgList const&) /root/WebKit/Source/JavaScriptCore/runtime/CallData.cpp:70:27 (jsc+0x13547fb)
    #5 JSC::GetterSetter::callGetter(JSC::JSGlobalObject*, JSC::JSValue) /root/WebKit/Source/JavaScriptCore/runtime/GetterSetter.cpp:60:5 (jsc+0x1444850)
    #6 JSC::PropertySlot::functionGetter(JSC::JSGlobalObject*) const /root/WebKit/Source/JavaScriptCore/runtime/PropertySlot.cpp:33:40 (jsc+0x183091b)
    #7 JSC::PropertySlot::getValue(JSC::JSGlobalObject*, JSC::PropertyName) const /root/WebKit/Source/JavaScriptCore/runtime/PropertySlot.h:412:16 (jsc+0x1e241e)
    #8 JSC::JSValue::get(JSC::JSGlobalObject*, JSC::PropertyName, JSC::PropertySlot&) const /root/WebKit/Source/JavaScriptCore/runtime/JSCJSValuePropertyInlines.h:54:5 (jsc+0x1e241e)
    #9 JSC::LLInt::performLLIntGetByID(JSC::BytecodeIndex, JSC::CodeBlock*, JSC::JSGlobalObject*, JSC::JSValue, JSC::Identifier const&, JSC::GetByIdModeMetadata&) /root/WebKit/Source/JavaScriptCore/llint/LLIntSlowPaths.cpp:1031:32 (jsc+0x1079123)
    #10 llint_slow_path_get_by_id /root/WebKit/Source/JavaScriptCore/llint/LLIntSlowPaths.cpp:1124:22 (jsc+0x1078e60)
    #11 llint_op_get_by_id LowLevelInterpreter.cpp (jsc+0x1dfa331)
    #12 JSC::Interpreter::executeCall(JSC::JSObject*, JSC::CallData const&, JSC::JSValue, JSC::JSCell*, JSC::ArgList const&) /root/WebKit/Source/JavaScriptCore/interpreter/Interpreter.cpp (jsc+0xe81f6d)
    #13 JSC::call(JSC::JSGlobalObject*, JSC::JSValue, JSC::CallData const&, JSC::JSValue, JSC::ArgList const&) /root/WebKit/Source/JavaScriptCore/runtime/CallData.cpp:70:27 (jsc+0x1354881)
    #14 JSC::call(JSC::JSGlobalObject*, JSC::JSValue, JSC::CallData const&, JSC::JSValue, JSC::ArgList const&, WTF::NakedPtr<JSC::Exception>&) /root/WebKit/Source/JavaScriptCore/runtime/CallData.cpp:77:22 (jsc+0x1354881)
    #15 JSC::threadMain(JSC::VM&, WTF::Ref<JSC::ThreadState, WTF::RawPtrTraits<JSC::ThreadState>, WTF::DefaultRefDerefTraits<JSC::ThreadState>>) /root/WebKit/Source/JavaScriptCore/runtime/ThreadObject.cpp:241:30 (jsc+0x19922bc)
    #16 JSC::constructThread(JSC::JSGlobalObject*, JSC::CallFrame*)::$_0::operator()() /root/WebKit/Source/JavaScriptCore/runtime/ThreadObject.cpp:468:9 (jsc+0x19922bc)
    #17 WTF::Detail::CallableWrapper<JSC::constructThread(JSC::JSGlobalObject*, JSC::CallFrame*)::$_0, void>::call() /root/WebKit/WebKitBuild/TSan/WTF/Headers/wtf/Function.h:59:39 (jsc+0x19922bc)
    #18 WTF::Function<void ()>::operator()() const /root/WebKit/Source/WTF/wtf/Function.h:103:35 (jsc+0x259e245)
    #19 WTF::Thread::entryPoint(WTF::Thread::NewThreadContext*) /root/WebKit/Source/WTF/wtf/Threading.cpp:312:5 (jsc+0x259e245)
    #20 WTF::wtfThreadEntryPoint(void*) /root/WebKit/Source/WTF/wtf/posix/ThreadingPOSIX.cpp:264:5 (jsc+0x25fabf9)

  Previous write of size 1 at 0x7f04a5c34132 by main thread:
    #0 JSC::Interpreter::executeCallImpl(JSC::VM&, JSC::JSObject*, JSC::CallData const&, JSC::JSValue, JSC::JSCell*, JSC::ArgList const&)::'lambda'()::operator()() const /root/WebKit/Source/JavaScriptCore/interpreter/Interpreter.cpp:1257:23 (jsc+0xe81ba6)
    #1 WTF::ScopeExit<JSC::Interpreter::executeCallImpl(JSC::VM&, JSC::JSObject*, JSC::CallData const&, JSC::JSValue, JSC::JSCell*, JSC::ArgList const&)::'lambda'()>::~ScopeExit() /root/WebKit/WebKitBuild/TSan/WTF/Headers/wtf/Scope.h:53:13 (jsc+0xe81ba6)
    #2 JSC::Interpreter::executeCallImpl(JSC::VM&, JSC::JSObject*, JSC::CallData const&, JSC::JSValue, JSC::JSCell*, JSC::ArgList const&) /root/WebKit/Source/JavaScriptCore/interpreter/Interpreter.cpp:1331:1 (jsc+0xe81ba6)
    #3 JSC::Interpreter::executeCall(JSC::JSObject*, JSC::CallData const&, JSC::JSValue, JSC::JSCell*, JSC::ArgList const&) /root/WebKit/Source/JavaScriptCore/interpreter/Interpreter.cpp (jsc+0xe81f6d)
    #4 JSC::call(JSC::JSGlobalObject*, JSC::JSValue, JSC::CallData const&, JSC::JSValue, JSC::ArgList const&) /root/WebKit/Source/JavaScriptCore/runtime/CallData.cpp:70:27 (jsc+0x13547fb)
    #5 JSC::JSValue JSC::callToPrimitiveFunction<(JSC::CachedSpecialPropertyKey)1>(JSC::JSGlobalObject*, JSC::JSObject const*, JSC::PropertyName, JSC::PreferredPrimitiveType) /root/WebKit/Source/JavaScriptCore/runtime/JSObject.cpp:4597:22 (jsc+0x16a43f0)
    #6 JSC::JSObject::ordinaryToPrimitive(JSC::JSGlobalObject*, JSC::PreferredPrimitiveType) const /root/WebKit/Source/JavaScriptCore/runtime/JSObject.cpp:4623:17 (jsc+0x16a3aef)
    #7 JSC::JSObject::toString(JSC::JSGlobalObject*) const /root/WebKit/Source/JavaScriptCore/runtime/JSObject.cpp:4981:21 (jsc+0x16a8d58)
    #8 JSC::JSCell::toStringInline(JSC::JSGlobalObject*) const /root/WebKit/Source/JavaScriptCore/runtime/JSCellInlines.h:465:32 (jsc+0x154f242)
    #9 JSC::JSValue::toStringSlowCase(JSC::JSGlobalObject*, bool) const /root/WebKit/Source/JavaScriptCore/runtime/JSCJSValue.cpp:420:40 (jsc+0x154f0c0)
    #10 JSC::JSValue::toString(JSC::JSGlobalObject*) const /root/WebKit/Source/JavaScriptCore/runtime/JSCJSValuePropertyInlines.h:169:12 (jsc+0x18b1f94)
    #11 JSC::stringConstructor(JSC::JSGlobalObject*, JSC::JSValue) /root/WebKit/Source/JavaScriptCore/runtime/StringConstructor.cpp:187:21 (jsc+0x18b1f94)
    #12 JSC::callStringConstructor(JSC::JSGlobalObject*, JSC::CallFrame*) /root/WebKit/Source/JavaScriptCore/runtime/StringConstructor.cpp:195:28 (jsc+0x18b1f94)
    #13 <null> <null> (0x7f04639ff2d7)
    #14 JSC::evaluate(JSC::JSGlobalObject*, JSC::SourceCode const&, JSC::JSValue, WTF::NakedPtr<JSC::Exception>&) /root/WebKit/Source/JavaScriptCore/runtime/Completion.cpp:145:37 (jsc+0x13b6e85)
    #15 runWithOptions(GlobalObject*, CommandLine&, bool&) /root/WebKit/Source/JavaScriptCore/jsc.cpp:3957:35 (jsc+0x1caec5)
    #16 jscmain(int, char**)::$_0::operator()(JSC::VM&, GlobalObject*, bool&) const /root/WebKit/Source/JavaScriptCore/jsc.cpp:4686:13 (jsc+0x1caec5)
    #17 int runJSC<jscmain(int, char**)::$_0>(CommandLine const&, bool, jscmain(int, char**)::$_0 const&) /root/WebKit/Source/JavaScriptCore/jsc.cpp:4472:13 (jsc+0x1caec5)
    #18 jscmain(int, char**) /root/WebKit/Source/JavaScriptCore/jsc.cpp:4679:18 (jsc+0x1caec5)
    #19 main /root/WebKit/Source/JavaScriptCore/jsc.cpp:3715:15 (jsc+0x1c9743)

  Location is heap block of size 150856 at 0x7f04a5c34000 allocated by main thread:
    #0 malloc /home/runner/work/llvm-project/llvm-project/compiler-rt/lib/tsan/rtl/tsan_interceptors_posix.cpp:682:5 (jsc+0x13dc20)
    #1 bmalloc::api::malloc(unsigned long, bmalloc::CompactAllocationMode, bmalloc::HeapKind) /root/WebKit/WebKitBuild/TSan/bmalloc/Headers/bmalloc/bmalloc.h:96:20 (jsc+0x2581059)
    #2 WTF::fastMalloc(unsigned long) /root/WebKit/Source/WTF/wtf/FastMalloc.cpp:337:20 (jsc+0x2581059)
    #3 JSC::VM::operator new(unsigned long) /root/WebKit/Source/JavaScriptCore/runtime/VM.h:253:5 (jsc+0x19af086)
    #4 JSC::VM::create(JSC::HeapType, WTF::RunLoop*) /root/WebKit/Source/JavaScriptCore/runtime/VM.cpp:1234:22 (jsc+0x19af086)
    #5 int runJSC<jscmain(int, char**)::$_0>(CommandLine const&, bool, jscmain(int, char**)::$_0 const&) /root/WebKit/Source/JavaScriptCore/jsc.cpp:4438:14 (jsc+0x1c9ccd)
    #6 jscmain(int, char**) /root/WebKit/Source/JavaScriptCore/jsc.cpp:4679:18 (jsc+0x1c9ccd)
    #7 main /root/WebKit/Source/JavaScriptCore/jsc.cpp:3715:15 (jsc+0x1c9743)

  Thread T14 'JS Thread' (tid=2021955, running) created by main thread at:
    #0 pthread_create /home/runner/work/llvm-project/llvm-project/compiler-rt/lib/tsan/rtl/tsan_interceptors_posix.cpp:1090:3 (jsc+0x13ff1a)
    #1 WTF::Thread::establishHandle(WTF::Thread::NewThreadContext&, WTF::StackAllocationSpecification, WTF::ThreadQOS, WTF::ThreadSchedulingPolicy) /root/WebKit/Source/WTF/wtf/posix/ThreadingPOSIX.cpp:354:17 (jsc+0x25faae5)
    #2 WTF::Thread::create(WTF::ASCIILiteral, WTF::Function<void ()>&&, WTF::ThreadType, WTF::ThreadQOS, WTF::ThreadSchedulingPolicy, WTF::StackAllocationSpecification) /root/WebKit/Source/WTF/wtf/Threading.cpp:330:32 (jsc+0x259e583)
    #3 JSC::constructThread(JSC::JSGlobalObject*, JSC::CallFrame*) /root/WebKit/Source/JavaScriptCore/runtime/ThreadObject.cpp:467:5 (jsc+0x198a6df)
    #4 <null> <null> (0x7f04639ff217)
    #5 JSC::evaluate(JSC::JSGlobalObject*, JSC::SourceCode const&, JSC::JSValue, WTF::NakedPtr<JSC::Exception>&) /root/WebKit/Source/JavaScriptCore/runtime/Completion.cpp:145:37 (jsc+0x13b6e85)
    #6 runWithOptions(GlobalObject*, CommandLine&, bool&) /root/WebKit/Source/JavaScriptCore/jsc.cpp:3957:35 (jsc+0x1caec5)
    #7 jscmain(int, char**)::$_0::operator()(JSC::VM&, GlobalObject*, bool&) const /root/WebKit/Source/JavaScriptCore/jsc.cpp:4686:13 (jsc+0x1caec5)
    #8 int runJSC<jscmain(int, char**)::$_0>(CommandLine const&, bool, jscmain(int, char**)::$_0 const&) /root/WebKit/Source/JavaScriptCore/jsc.cpp:4472:13 (jsc+0x1caec5)
    #9 jscmain(int, char**) /root/WebKit/Source/JavaScriptCore/jsc.cpp:4679:18 (jsc+0x1caec5)
    #10 main /root/WebKit/Source/JavaScriptCore/jsc.cpp:3715:15 (jsc+0x1c9743)

SUMMARY: ThreadSanitizer: data race /root/WebKit/Source/JavaScriptCore/interpreter/Interpreter.cpp:1257:23 in JSC::Interpreter::executeCallImpl(JSC::VM&, JSC::JSObject*, JSC::CallData const&, JSC::JSValue, JSC::JSCell*, JSC::ArgList const&)::'lambda'()::operator()() const
==================
ThreadSanitizer: reported 5 warnings
