JSC: disabling useWasm under GIL-off (wasm glue still reads the raw VM-block exception word; not yet audited for UNGIL §A.1.3 COMPILED-FOR-VM; see AB-17 status block in VMEntryScope.cpp).
==================
WARNING: ThreadSanitizer: data race (pid=2178891)
  Read of size 8 at 0x721000000e40 by thread T1:
    #0 std::__uniq_ptr_impl<WTF::BitSet<1024ul, unsigned long>, std::default_delete<WTF::BitSet<1024ul, unsigned long>>>::_M_ptr() const /usr/lib/gcc/x86_64-amazon-linux/14/../../../../include/c++/14/bits/unique_ptr.h:193:51 (jsc+0x2ada3d)
    #1 std::unique_ptr<WTF::BitSet<1024ul, unsigned long>, std::default_delete<WTF::BitSet<1024ul, unsigned long>>>::get() const /usr/lib/gcc/x86_64-amazon-linux/14/../../../../include/c++/14/bits/unique_ptr.h:465:21 (jsc+0x2ada3d)
    #2 JSC::IsoCellSet::add(JSC::HeapCell*) /root/WebKit/Source/JavaScriptCore/heap/IsoCellSetInlines.h:45:29 (jsc+0x2ada3d)
    #3 void JSC::CodeBlock::visitChildren<JSC::SlotVisitor>(JSC::SlotVisitor&) /root/WebKit/Source/JavaScriptCore/bytecode/CodeBlock.cpp:1328:53 (jsc+0x2ada3d)
    #4 void JSC::CodeBlock::visitChildrenImpl<JSC::SlotVisitor>(JSC::JSCell*, JSC::SlotVisitor&) /root/WebKit/Source/JavaScriptCore/bytecode/CodeBlock.cpp:1301:17 (jsc+0x28455f)
    #5 JSC::CodeBlock::visitChildren(JSC::JSCell*, JSC::SlotVisitor&) /root/WebKit/Source/JavaScriptCore/bytecode/CodeBlock.cpp:1304:1 (jsc+0x28455f)
    #6 JSC::MethodTable::visitChildren(JSC::JSCell*, JSC::SlotVisitor&) const /root/WebKit/Source/JavaScriptCore/runtime/ClassInfo.h:115:82 (jsc+0xe6dcbe)
    #7 JSC::SlotVisitor::visitChildren(JSC::JSCell const*) /root/WebKit/Source/JavaScriptCore/heap/SlotVisitor.cpp (jsc+0xe6dcbe)
    #8 JSC::SlotVisitor::drain(WTF::MonotonicTime)::$_0::operator()(JSC::MarkStackArray&) const /root/WebKit/Source/JavaScriptCore/heap/SlotVisitor.cpp:520:21 (jsc+0xe6dcbe)
    #9 WTF::IterationStatus JSC::SlotVisitor::forEachMarkStack<JSC::SlotVisitor::drain(WTF::MonotonicTime)::$_0>(JSC::SlotVisitor::drain(WTF::MonotonicTime)::$_0 const&) /root/WebKit/Source/JavaScriptCore/heap/SlotVisitorInlines.h:193:9 (jsc+0xe67543)
    #10 JSC::SlotVisitor::drain(WTF::MonotonicTime) /root/WebKit/Source/JavaScriptCore/heap/SlotVisitor.cpp:510:34 (jsc+0xe67543)
    #11 JSC::SlotVisitor::donateAndDrain(WTF::MonotonicTime) /root/WebKit/Source/JavaScriptCore/heap/SlotVisitor.cpp:793:5 (jsc+0xe68f4b)
    #12 JSC::SlotVisitor::drainInParallel(WTF::MonotonicTime) /root/WebKit/Source/JavaScriptCore/heap/SlotVisitor.cpp:719:5 (jsc+0xe68f4b)
    #13 JSC::Heap::runFixpointPhase(JSC::GCConductor) /root/WebKit/Source/JavaScriptCore/heap/Heap.cpp:1945:17 (jsc+0xdd5916)
    #14 JSC::Heap::runCurrentPhase(JSC::GCConductor, JSC::CurrentThreadState*) /root/WebKit/Source/JavaScriptCore/heap/Heap.cpp:1740:18 (jsc+0xdd41a7)
    #15 JSC::Heap::collectInMutatorThread()::$_0::operator()(JSC::CurrentThreadState&) const /root/WebKit/Source/JavaScriptCore/heap/Heap.cpp:2496:52 (jsc+0xe16b2c)
    #16 WTF::ScopedLambdaFunctor<void (JSC::CurrentThreadState&), JSC::Heap::collectInMutatorThread()::$_0>::implFunction(void*, JSC::CurrentThreadState&) /root/WebKit/WebKitBuild/TSan/WTF/Headers/wtf/ScopedLambda.h:106:16 (jsc+0xe16b2c)
    #17 void WTF::ScopedLambda<void (JSC::CurrentThreadState&)>::operator()<JSC::CurrentThreadState&>(JSC::CurrentThreadState&) const /root/WebKit/WebKitBuild/TSan/WTF/Headers/wtf/ScopedLambda.h:58:16 (jsc+0xe44d48)
    #18 JSC::callWithCurrentThreadState(WTF::ScopedLambda<void (JSC::CurrentThreadState&)> const&) /root/WebKit/Source/JavaScriptCore/heap/MachineStackMarker.cpp:284:5 (jsc+0xe44d48)
    #19 JSC::Heap::collectInMutatorThread() /root/WebKit/Source/JavaScriptCore/heap/Heap.cpp:2508:13 (jsc+0xddb769)
    #20 JSC::Heap::conductSharedCollection(JSC::GCClient::Heap&) /root/WebKit/Source/JavaScriptCore/heap/Heap.cpp:4913:9 (jsc+0xde9a89)
    #21 JSC::Heap::runSharedGCElection(unsigned long) /root/WebKit/Source/JavaScriptCore/heap/Heap.cpp:4585:13 (jsc+0xdd3b6f)
    #22 JSC::Heap::collectSync(JSC::GCRequest) /root/WebKit/Source/JavaScriptCore/heap/Heap.cpp:1636:9 (jsc+0xdd2842)
    #23 JSC::Heap::collectSyncAllClients(JSC::CollectionScope) /root/WebKit/Source/JavaScriptCore/heap/Heap.cpp:4519:5 (jsc+0xde94d3)
    #24 JSC::SharedHeapTestHarness::runPreciseAllocationStormScenario(JSC::Heap&, unsigned int, unsigned int)::$_0::operator()(JSC::GCClient::Heap&, unsigned int) const /root/WebKit/Source/JavaScriptCore/heap/SharedHeapTestHarness.cpp:675:28 (jsc+0xe61905)
    #25 void JSC::(anonymous namespace)::runStandaloneClientThreads<JSC::SharedHeapTestHarness::runPreciseAllocationStormScenario(JSC::Heap&, unsigned int, unsigned int)::$_0>(JSC::Heap&, unsigned int, JSC::SharedHeapTestHarness::runPreciseAllocationStormScenario(JSC::Heap&, unsigned int, unsigned int)::$_0 const&)::'lambda'()::operator()() const /root/WebKit/Source/JavaScriptCore/heap/SharedHeapTestHarness.cpp:496:13 (jsc+0xe61905)
    #26 WTF::Detail::CallableWrapper<void JSC::(anonymous namespace)::runStandaloneClientThreads<JSC::SharedHeapTestHarness::runPreciseAllocationStormScenario(JSC::Heap&, unsigned int, unsigned int)::$_0>(JSC::Heap&, unsigned int, JSC::SharedHeapTestHarness::runPreciseAllocationStormScenario(JSC::Heap&, unsigned int, unsigned int)::$_0 const&)::'lambda'(), void>::call() /root/WebKit/WebKitBuild/TSan/WTF/Headers/wtf/Function.h:59:39 (jsc+0xe61905)
    #27 WTF::Function<void ()>::operator()() const /root/WebKit/Source/WTF/wtf/Function.h:103:35 (jsc+0x25b4a85)
    #28 WTF::Thread::entryPoint(WTF::Thread::NewThreadContext*) /root/WebKit/Source/WTF/wtf/Threading.cpp:312:5 (jsc+0x25b4a85)
    #29 WTF::wtfThreadEntryPoint(void*) /root/WebKit/Source/WTF/wtf/posix/ThreadingPOSIX.cpp:264:5 (jsc+0x26114a9)

  Previous write of size 8 at 0x721000000e40 by thread T7:
    #0 std::__uniq_ptr_impl<WTF::BitSet<1024ul, unsigned long>, std::default_delete<WTF::BitSet<1024ul, unsigned long>>>::reset(WTF::BitSet<1024ul, unsigned long>*) /usr/lib/gcc/x86_64-amazon-linux/14/../../../../include/c++/14/bits/unique_ptr.h:203:11 (jsc+0xe2eee6)
    #1 std::__uniq_ptr_impl<WTF::BitSet<1024ul, unsigned long>, std::default_delete<WTF::BitSet<1024ul, unsigned long>>>::operator=(std::__uniq_ptr_impl<WTF::BitSet<1024ul, unsigned long>, std::default_delete<WTF::BitSet<1024ul, unsigned long>>>&&) /usr/lib/gcc/x86_64-amazon-linux/14/../../../../include/c++/14/bits/unique_ptr.h:185:2 (jsc+0xe2eee6)
    #2 std::__uniq_ptr_data<WTF::BitSet<1024ul, unsigned long>, std::default_delete<WTF::BitSet<1024ul, unsigned long>>, true, true>::operator=(std::__uniq_ptr_data<WTF::BitSet<1024ul, unsigned long>, std::default_delete<WTF::BitSet<1024ul, unsigned long>>, true, true>&&) /usr/lib/gcc/x86_64-amazon-linux/14/../../../../include/c++/14/bits/unique_ptr.h:237:61 (jsc+0xe2eee6)
    #3 std::unique_ptr<WTF::BitSet<1024ul, unsigned long>, std::default_delete<WTF::BitSet<1024ul, unsigned long>>>::operator=(std::unique_ptr<WTF::BitSet<1024ul, unsigned long>, std::default_delete<WTF::BitSet<1024ul, unsigned long>>>&&) /usr/lib/gcc/x86_64-amazon-linux/14/../../../../include/c++/14/bits/unique_ptr.h:409:51 (jsc+0xe2eee6)
    #4 JSC::IsoCellSet::addSlow(unsigned int) /root/WebKit/Source/JavaScriptCore/heap/IsoCellSet.cpp:98:20 (jsc+0xe2eee6)
    #5 JSC::IsoCellSet::add(JSC::HeapCell*) /root/WebKit/Source/JavaScriptCore/heap/IsoCellSetInlines.h:47:16 (jsc+0x2adbe0)
    #6 void JSC::CodeBlock::visitChildren<JSC::SlotVisitor>(JSC::SlotVisitor&) /root/WebKit/Source/JavaScriptCore/bytecode/CodeBlock.cpp:1328:53 (jsc+0x2adbe0)
    #7 void JSC::CodeBlock::visitChildrenImpl<JSC::SlotVisitor>(JSC::JSCell*, JSC::SlotVisitor&) /root/WebKit/Source/JavaScriptCore/bytecode/CodeBlock.cpp:1301:17 (jsc+0x28455f)
    #8 JSC::CodeBlock::visitChildren(JSC::JSCell*, JSC::SlotVisitor&) /root/WebKit/Source/JavaScriptCore/bytecode/CodeBlock.cpp:1304:1 (jsc+0x28455f)
    #9 JSC::MethodTable::visitChildren(JSC::JSCell*, JSC::SlotVisitor&) const /root/WebKit/Source/JavaScriptCore/runtime/ClassInfo.h:115:82 (jsc+0xe6dcbe)
    #10 JSC::SlotVisitor::visitChildren(JSC::JSCell const*) /root/WebKit/Source/JavaScriptCore/heap/SlotVisitor.cpp (jsc+0xe6dcbe)
    #11 JSC::SlotVisitor::drain(WTF::MonotonicTime)::$_0::operator()(JSC::MarkStackArray&) const /root/WebKit/Source/JavaScriptCore/heap/SlotVisitor.cpp:520:21 (jsc+0xe6dcbe)
    #12 WTF::IterationStatus JSC::SlotVisitor::forEachMarkStack<JSC::SlotVisitor::drain(WTF::MonotonicTime)::$_0>(JSC::SlotVisitor::drain(WTF::MonotonicTime)::$_0 const&) /root/WebKit/Source/JavaScriptCore/heap/SlotVisitorInlines.h:193:9 (jsc+0xe67543)
    #13 JSC::SlotVisitor::drain(WTF::MonotonicTime) /root/WebKit/Source/JavaScriptCore/heap/SlotVisitor.cpp:510:34 (jsc+0xe67543)
    #14 JSC::SlotVisitor::drainFromShared(JSC::SlotVisitor::SharedDrainMode, WTF::MonotonicTime) /root/WebKit/Source/JavaScriptCore/heap/SlotVisitor.cpp:710:13 (jsc+0xe68d6d)
    #15 JSC::Heap::runBeginPhase(JSC::GCConductor)::$_1::operator()() const /root/WebKit/Source/JavaScriptCore/heap/Heap.cpp:1853:26 (jsc+0xe14f19)
    #16 WTF::SharedTaskFunctor<void (), JSC::Heap::runBeginPhase(JSC::GCConductor)::$_1>::run() /root/WebKit/WebKitBuild/TSan/WTF/Headers/wtf/SharedTask.h:91:16 (jsc+0xe14f19)
    #17 WTF::ParallelHelperClient::runTask(WTF::RefPtr<WTF::SharedTask<void ()>, WTF::RawPtrTraits<WTF::SharedTask<void ()>>, WTF::DefaultRefDerefTraits<WTF::SharedTask<void ()>>> const&) /root/WebKit/Source/WTF/wtf/ParallelHelperPool.cpp:113:11 (jsc+0x25a5f89)
    #18 WTF::ParallelHelperPool::Thread::work() /root/WebKit/Source/WTF/wtf/ParallelHelperPool.cpp:211:19 (jsc+0x25a70e1)
    #19 WTF::AutomaticThread::start(WTF::AbstractLocker const&)::$_0::operator()() const /root/WebKit/Source/WTF/wtf/AutomaticThread.cpp:260:37 (jsc+0x25896fc)
    #20 WTF::Detail::CallableWrapper<WTF::AutomaticThread::start(WTF::AbstractLocker const&)::$_0, void>::call() /root/WebKit/Source/WTF/wtf/Function.h:59:39 (jsc+0x25896fc)
    #21 WTF::Function<void ()>::operator()() const /root/WebKit/Source/WTF/wtf/Function.h:103:35 (jsc+0x25b4a85)
    #22 WTF::Thread::entryPoint(WTF::Thread::NewThreadContext*) /root/WebKit/Source/WTF/wtf/Threading.cpp:312:5 (jsc+0x25b4a85)
    #23 WTF::wtfThreadEntryPoint(void*) /root/WebKit/Source/WTF/wtf/posix/ThreadingPOSIX.cpp:264:5 (jsc+0x26114a9)

  Location is heap block of size 64 at 0x721000000e40 allocated by main thread:
    #0 malloc /home/runner/work/llvm-project/llvm-project/compiler-rt/lib/tsan/rtl/tsan_interceptors_posix.cpp:682:5 (jsc+0x13dc20)
    #1 bmalloc::api::malloc(unsigned long, bmalloc::CompactAllocationMode, bmalloc::HeapKind) /root/WebKit/WebKitBuild/TSan/bmalloc/Headers/bmalloc/bmalloc.h:96:20 (jsc+0x2597899)
    #2 WTF::fastMalloc(unsigned long) /root/WebKit/Source/WTF/wtf/FastMalloc.cpp:337:20 (jsc+0x2597899)
    #3 WTF::ConcurrentVector<std::unique_ptr<WTF::BitSet<1024ul, unsigned long>, std::default_delete<WTF::BitSet<1024ul, unsigned long>>>, 8ul>::Segment::operator new(unsigned long) /root/WebKit/WebKitBuild/TSan/WTF/Headers/wtf/ConcurrentVector.h:222:9 (jsc+0xe39341)
    #4 std::__detail::_MakeUniq<WTF::ConcurrentVector<std::unique_ptr<WTF::BitSet<1024ul, unsigned long>, std::default_delete<WTF::BitSet<1024ul, unsigned long>>>, 8ul>::Segment>::__single_object std::make_unique<WTF::ConcurrentVector<std::unique_ptr<WTF::BitSet<1024ul, unsigned long>, std::default_delete<WTF::BitSet<1024ul, unsigned long>>>, 8ul>::Segment>() /usr/lib/gcc/x86_64-amazon-linux/14/../../../../include/c++/14/bits/unique_ptr.h:1077:30 (jsc+0xe39341)
    #5 decltype(auto) WTF::makeUnique<WTF::ConcurrentVector<std::unique_ptr<WTF::BitSet<1024ul, unsigned long>, std::default_delete<WTF::BitSet<1024ul, unsigned long>>>, 8ul>::Segment>() /root/WebKit/WebKitBuild/TSan/WTF/Headers/wtf/StdLibExtras.h:893:12 (jsc+0xe39341)
    #6 WTF::ConcurrentVector<std::unique_ptr<WTF::BitSet<1024ul, unsigned long>, std::default_delete<WTF::BitSet<1024ul, unsigned long>>>, 8ul>::allocateSegment() /root/WebKit/WebKitBuild/TSan/WTF/Headers/wtf/ConcurrentVector.h:261:39 (jsc+0xe39341)
    #7 WTF::ConcurrentVector<std::unique_ptr<WTF::BitSet<1024ul, unsigned long>, std::default_delete<WTF::BitSet<1024ul, unsigned long>>>, 8ul>::ensureSegment(unsigned long) /root/WebKit/WebKitBuild/TSan/WTF/Headers/wtf/ConcurrentVector.h:255:13 (jsc+0xe2f21d)
    #8 WTF::ConcurrentVector<std::unique_ptr<WTF::BitSet<1024ul, unsigned long>, std::default_delete<WTF::BitSet<1024ul, unsigned long>>>, 8ul>::ensureSegmentsFor(unsigned long) /root/WebKit/WebKitBuild/TSan/WTF/Headers/wtf/ConcurrentVector.h:248:13 (jsc+0xe2f21d)
    #9 WTF::ConcurrentVector<std::unique_ptr<WTF::BitSet<1024ul, unsigned long>, std::default_delete<WTF::BitSet<1024ul, unsigned long>>>, 8ul>::grow(unsigned long) /root/WebKit/WebKitBuild/TSan/WTF/Headers/wtf/ConcurrentVector.h:203:9 (jsc+0xe2f21d)
    #10 JSC::IsoCellSet::didResizeBits(unsigned int) /root/WebKit/Source/JavaScriptCore/heap/IsoCellSet.cpp:109:12 (jsc+0xe2f21d)
    #11 JSC::IsoSubspace::didResizeBits(unsigned int)::$_0::operator()(JSC::IsoCellSet*) const /root/WebKit/Source/JavaScriptCore/heap/IsoSubspace.cpp:63:18 (jsc+0xe305b4)
    #12 void WTF::SentinelLinkedList<JSC::IsoCellSet, WTF::BasicRawSentinelNode<JSC::IsoCellSet, WTF::RawPtrTraits<JSC::IsoCellSet>>>::forEach<JSC::IsoSubspace::didResizeBits(unsigned int)::$_0>(JSC::IsoSubspace::didResizeBits(unsigned int)::$_0 const&) /root/WebKit/WebKitBuild/TSan/WTF/Headers/wtf/SentinelLinkedList.h:151:13 (jsc+0xe305b4)
    #13 JSC::IsoSubspace::didResizeBits(unsigned int) /root/WebKit/Source/JavaScriptCore/heap/IsoSubspace.cpp:61:16 (jsc+0xe305b4)
    #14 JSC::BlockDirectory::addBlock(JSC::MarkedBlock::Handle*) /root/WebKit/Source/JavaScriptCore/heap/BlockDirectory.cpp:186:25 (jsc+0xdb2f51)
    #15 JSC::LocalAllocator::allocateSlowCase(JSC::Heap&, unsigned long, JSC::GCDeferralContext*, JSC::AllocationFailureMode) /root/WebKit/Source/JavaScriptCore/heap/LocalAllocator.cpp:226:18 (jsc+0xe424cf)
    #16 JSC::LocalAllocator::allocate(JSC::Heap&, unsigned long, JSC::GCDeferralContext*, JSC::AllocationFailureMode)::'lambda'()::operator()() const /root/WebKit/WebKitBuild/TSan/JavaScriptCore/PrivateHeaders/JavaScriptCore/LocalAllocatorInlines.h:53:43 (jsc+0x1d120e)
    #17 JSC::HeapCell* JSC::FreeList::allocateWithCellSize<JSC::LocalAllocator::allocate(JSC::Heap&, unsigned long, JSC::GCDeferralContext*, JSC::AllocationFailureMode)::'lambda'()>(JSC::LocalAllocator::allocate(JSC::Heap&, unsigned long, JSC::GCDeferralContext*, JSC::AllocationFailureMode)::'lambda'() const&, unsigned long) /root/WebKit/Source/JavaScriptCore/heap/FreeListInlines.h:46:16 (jsc+0x18a00bc)
    #18 JSC::LocalAllocator::allocate(JSC::Heap&, unsigned long, JSC::GCDeferralContext*, JSC::AllocationFailureMode) /root/WebKit/Source/JavaScriptCore/heap/LocalAllocatorInlines.h:50:23 (jsc+0x18a00bc)
    #19 JSC::GCClient::IsoSubspace::allocate(JSC::VM&, unsigned long, JSC::GCDeferralContext*, JSC::AllocationFailureMode) /root/WebKit/Source/JavaScriptCore/heap/IsoSubspaceInlines.h:42:29 (jsc+0x18a00bc)
    #20 void* JSC::tryAllocateCellHelper<JSC::ProgramCodeBlock, (JSC::AllocationFailureMode)0>(JSC::VM&, unsigned long, JSC::GCDeferralContext*) /root/WebKit/Source/JavaScriptCore/runtime/JSCellInlines.h:212:63 (jsc+0x18a00bc)
    #21 void* JSC::allocateCell<JSC::ProgramCodeBlock>(JSC::VM&, unsigned long) /root/WebKit/Source/JavaScriptCore/runtime/JSCellInlines.h:232:12 (jsc+0x18a00bc)
    #22 JSC::ProgramCodeBlock::create(JSC::VM&, JSC::ProgramExecutable*, JSC::UnlinkedProgramCodeBlock*, JSC::JSScope*) /root/WebKit/Source/JavaScriptCore/bytecode/ProgramCodeBlock.h:59:52 (jsc+0x1898994)
    #23 JSC::ScriptExecutable::newCodeBlockFor(JSC::CodeSpecializationKind, JSC::JSFunction*, JSC::JSScope*) /root/WebKit/Source/JavaScriptCore/runtime/ScriptExecutable.cpp:494:9 (jsc+0x1898994)
    #24 JSC::ScriptExecutable::prepareForExecutionImpl(JSC::VM&, JSC::JSFunction*, JSC::JSScope*, JSC::CodeSpecializationKind, JSC::CodeBlock*&) /root/WebKit/Source/JavaScriptCore/runtime/ScriptExecutable.cpp:643:28 (jsc+0x1899798)
    #25 void JSC::ScriptExecutable::prepareForExecution<JSC::ProgramExecutable>(JSC::VM&, JSC::JSFunction*, JSC::JSScope*, JSC::CodeSpecializationKind, JSC::CodeBlock*&) /root/WebKit/Source/JavaScriptCore/bytecode/CodeBlock.h:1160:5 (jsc+0xe86ae3)
    #26 JSC::Interpreter::executeProgram(JSC::SourceCode const&, JSC::JSGlobalObject*, JSC::JSObject*) /root/WebKit/Source/JavaScriptCore/interpreter/Interpreter.cpp:1203:22 (jsc+0xe86ae3)
    #27 JSC::evaluate(JSC::JSGlobalObject*, JSC::SourceCode const&, JSC::JSValue, WTF::NakedPtr<JSC::Exception>&) /root/WebKit/Source/JavaScriptCore/runtime/Completion.cpp:145:37 (jsc+0x13beb03)
    #28 runWithOptions(GlobalObject*, CommandLine&, bool&) /root/WebKit/Source/JavaScriptCore/jsc.cpp:3957:35 (jsc+0x1caeb5)
    #29 jscmain(int, char**)::$_0::operator()(JSC::VM&, GlobalObject*, bool&) const /root/WebKit/Source/JavaScriptCore/jsc.cpp:4686:13 (jsc+0x1caeb5)
    #30 int runJSC<jscmain(int, char**)::$_0>(CommandLine const&, bool, jscmain(int, char**)::$_0 const&) /root/WebKit/Source/JavaScriptCore/jsc.cpp:4472:13 (jsc+0x1caeb5)
    #31 jscmain(int, char**) /root/WebKit/Source/JavaScriptCore/jsc.cpp:4679:18 (jsc+0x1caeb5)
    #32 main /root/WebKit/Source/JavaScriptCore/jsc.cpp:3715:15 (jsc+0x1c9733)

  Thread T1 ' SharedHeapTest' (tid=2178957, running) created by main thread at:
    #0 pthread_create /home/runner/work/llvm-project/llvm-project/compiler-rt/lib/tsan/rtl/tsan_interceptors_posix.cpp:1090:3 (jsc+0x13ff1a)
    #1 WTF::Thread::establishHandle(WTF::Thread::NewThreadContext&, WTF::StackAllocationSpecification, WTF::ThreadQOS, WTF::ThreadSchedulingPolicy) /root/WebKit/Source/WTF/wtf/posix/ThreadingPOSIX.cpp:354:17 (jsc+0x2611395)
    #2 WTF::Thread::create(WTF::ASCIILiteral, WTF::Function<void ()>&&, WTF::ThreadType, WTF::ThreadQOS, WTF::ThreadSchedulingPolicy, WTF::StackAllocationSpecification) /root/WebKit/Source/WTF/wtf/Threading.cpp:330:32 (jsc+0x25b4dc3)
    #3 void JSC::(anonymous namespace)::runStandaloneClientThreads<JSC::SharedHeapTestHarness::runPreciseAllocationStormScenario(JSC::Heap&, unsigned int, unsigned int)::$_0>(JSC::Heap&, unsigned int, JSC::SharedHeapTestHarness::runPreciseAllocationStormScenario(JSC::Heap&, unsigned int, unsigned int)::$_0 const&) /root/WebKit/Source/JavaScriptCore/heap/SharedHeapTestHarness.cpp:492:24 (jsc+0xe58126)
    #4 JSC::SharedHeapTestHarness::runPreciseAllocationStormScenario(JSC::Heap&, unsigned int, unsigned int) /root/WebKit/Source/JavaScriptCore/heap/SharedHeapTestHarness.cpp:660:5 (jsc+0xe58126)
    #5 JSC::SharedHeapTestHarness::run(JSC::Heap&, WTF::String const&, unsigned int, unsigned int) /root/WebKit/Source/JavaScriptCore/heap/SharedHeapTestHarness.cpp:1232:20 (jsc+0xe5cf92)
    #6 JSC::functionSharedHeapTest(JSC::JSGlobalObject*, JSC::CallFrame*) /root/WebKit/Source/JavaScriptCore/tools/JSDollarVM.cpp:2681:38 (jsc+0x1a25259)
    #7 <null> <null> (0x7fc73c9ff157)
    #8 JSC::evaluate(JSC::JSGlobalObject*, JSC::SourceCode const&, JSC::JSValue, WTF::NakedPtr<JSC::Exception>&) /root/WebKit/Source/JavaScriptCore/runtime/Completion.cpp:145:37 (jsc+0x13beb03)
    #9 runWithOptions(GlobalObject*, CommandLine&, bool&) /root/WebKit/Source/JavaScriptCore/jsc.cpp:3957:35 (jsc+0x1caeb5)
    #10 jscmain(int, char**)::$_0::operator()(JSC::VM&, GlobalObject*, bool&) const /root/WebKit/Source/JavaScriptCore/jsc.cpp:4686:13 (jsc+0x1caeb5)
    #11 int runJSC<jscmain(int, char**)::$_0>(CommandLine const&, bool, jscmain(int, char**)::$_0 const&) /root/WebKit/Source/JavaScriptCore/jsc.cpp:4472:13 (jsc+0x1caeb5)
    #12 jscmain(int, char**) /root/WebKit/Source/JavaScriptCore/jsc.cpp:4679:18 (jsc+0x1caeb5)
    #13 main /root/WebKit/Source/JavaScriptCore/jsc.cpp:3715:15 (jsc+0x1c9733)

  Thread T7 'HeapHelper' (tid=2179083, running) created by thread T1 at:
    #0 pthread_create /home/runner/work/llvm-project/llvm-project/compiler-rt/lib/tsan/rtl/tsan_interceptors_posix.cpp:1090:3 (jsc+0x13ff1a)
    #1 WTF::Thread::establishHandle(WTF::Thread::NewThreadContext&, WTF::StackAllocationSpecification, WTF::ThreadQOS, WTF::ThreadSchedulingPolicy) /root/WebKit/Source/WTF/wtf/posix/ThreadingPOSIX.cpp:354:17 (jsc+0x2611395)
    #2 WTF::Thread::create(WTF::ASCIILiteral, WTF::Function<void ()>&&, WTF::ThreadType, WTF::ThreadQOS, WTF::ThreadSchedulingPolicy, WTF::StackAllocationSpecification) /root/WebKit/Source/WTF/wtf/Threading.cpp:330:32 (jsc+0x25b4dc3)
    #3 WTF::AutomaticThread::start(WTF::AbstractLocker const&) /root/WebKit/Source/WTF/wtf/AutomaticThread.cpp:189:5 (jsc+0x2588179)
    #4 WTF::AutomaticThreadCondition::notifyAll(WTF::AbstractLocker const&) /root/WebKit/Source/WTF/wtf/AutomaticThread.cpp:76:21 (jsc+0x2588367)
    #5 WTF::ParallelHelperPool::didMakeWorkAvailable(WTF::AbstractLocker const&) /root/WebKit/Source/WTF/wtf/ParallelHelperPool.cpp:226:31 (jsc+0x25a5e09)
    #6 WTF::ParallelHelperClient::setTask(WTF::RefPtr<WTF::SharedTask<void ()>, WTF::RawPtrTraits<WTF::SharedTask<void ()>>, WTF::DefaultRefDerefTraits<WTF::SharedTask<void ()>>>&&) /root/WebKit/Source/WTF/wtf/ParallelHelperPool.cpp:63:13 (jsc+0x25a5b80)
    #7 void WTF::ParallelHelperClient::setFunction<JSC::Heap::runBeginPhase(JSC::GCConductor)::$_1>(JSC::Heap::runBeginPhase(JSC::GCConductor)::$_1 const&) /root/WebKit/WebKitBuild/TSan/WTF/Headers/wtf/ParallelHelperPool.h:181:9 (jsc+0xdd501d)
    #8 JSC::Heap::runBeginPhase(JSC::GCConductor) /root/WebKit/Source/JavaScriptCore/heap/Heap.cpp:1840:20 (jsc+0xdd501d)
    #9 JSC::Heap::runCurrentPhase(JSC::GCConductor, JSC::CurrentThreadState*) /root/WebKit/Source/JavaScriptCore/heap/Heap.cpp:1733:18 (jsc+0xdd41c1)
    #10 JSC::Heap::collectInMutatorThread() /root/WebKit/Source/JavaScriptCore/heap/Heap.cpp:2483:40 (jsc+0xddb71b)
    #11 JSC::Heap::conductSharedCollection(JSC::GCClient::Heap&) /root/WebKit/Source/JavaScriptCore/heap/Heap.cpp:4913:9 (jsc+0xde9a89)
    #12 JSC::Heap::runSharedGCElection(unsigned long) /root/WebKit/Source/JavaScriptCore/heap/Heap.cpp:4585:13 (jsc+0xdd3b6f)
    #13 JSC::Heap::collectSync(JSC::GCRequest) /root/WebKit/Source/JavaScriptCore/heap/Heap.cpp:1636:9 (jsc+0xdd2842)
    #14 JSC::Heap::collectSyncAllClients(JSC::CollectionScope) /root/WebKit/Source/JavaScriptCore/heap/Heap.cpp:4519:5 (jsc+0xde94d3)
    #15 JSC::SharedHeapTestHarness::runPreciseAllocationStormScenario(JSC::Heap&, unsigned int, unsigned int)::$_0::operator()(JSC::GCClient::Heap&, unsigned int) const /root/WebKit/Source/JavaScriptCore/heap/SharedHeapTestHarness.cpp:675:28 (jsc+0xe61905)
    #16 void JSC::(anonymous namespace)::runStandaloneClientThreads<JSC::SharedHeapTestHarness::runPreciseAllocationStormScenario(JSC::Heap&, unsigned int, unsigned int)::$_0>(JSC::Heap&, unsigned int, JSC::SharedHeapTestHarness::runPreciseAllocationStormScenario(JSC::Heap&, unsigned int, unsigned int)::$_0 const&)::'lambda'()::operator()() const /root/WebKit/Source/JavaScriptCore/heap/SharedHeapTestHarness.cpp:496:13 (jsc+0xe61905)
    #17 WTF::Detail::CallableWrapper<void JSC::(anonymous namespace)::runStandaloneClientThreads<JSC::SharedHeapTestHarness::runPreciseAllocationStormScenario(JSC::Heap&, unsigned int, unsigned int)::$_0>(JSC::Heap&, unsigned int, JSC::SharedHeapTestHarness::runPreciseAllocationStormScenario(JSC::Heap&, unsigned int, unsigned int)::$_0 const&)::'lambda'(), void>::call() /root/WebKit/WebKitBuild/TSan/WTF/Headers/wtf/Function.h:59:39 (jsc+0xe61905)
    #18 WTF::Function<void ()>::operator()() const /root/WebKit/Source/WTF/wtf/Function.h:103:35 (jsc+0x25b4a85)
    #19 WTF::Thread::entryPoint(WTF::Thread::NewThreadContext*) /root/WebKit/Source/WTF/wtf/Threading.cpp:312:5 (jsc+0x25b4a85)
    #20 WTF::wtfThreadEntryPoint(void*) /root/WebKit/Source/WTF/wtf/posix/ThreadingPOSIX.cpp:264:5 (jsc+0x26114a9)

SUMMARY: ThreadSanitizer: data race /root/WebKit/Source/JavaScriptCore/heap/IsoCellSetInlines.h:45:29 in JSC::IsoCellSet::add(JSC::HeapCell*)
==================
==================
WARNING: ThreadSanitizer: data race (pid=2178891)
  Atomic read of size 8 at 0x72200001c100 by thread T1:
    #0 std::__atomic_base<unsigned long>::load(std::memory_order) const /usr/lib/gcc/x86_64-amazon-linux/14/../../../../include/c++/14/bits/atomic_base.h:501:9 (jsc+0x2ada79)
    #1 WTF::Atomic<unsigned long>::load(std::memory_order) const /root/WebKit/WebKitBuild/TSan/WTF/Headers/wtf/Atomics.h:55:100 (jsc+0x2ada79)
    #2 bool WTF::Atomic<unsigned long>::transaction<WTF::BitSet<1024ul, unsigned long>::concurrentTestAndSet(unsigned long, WTF::Dependency)::'lambda'(unsigned long&)>(T const&, std::memory_order) /root/WebKit/WebKitBuild/TSan/WTF/Headers/wtf/Atomics.h:133:26 (jsc+0x2ada79)
    #3 bool WTF::Atomic<unsigned long>::transactionRelaxed<WTF::BitSet<1024ul, unsigned long>::concurrentTestAndSet(unsigned long, WTF::Dependency)::'lambda'(unsigned long&)>(WTF::BitSet<1024ul, unsigned long>::concurrentTestAndSet(unsigned long, WTF::Dependency)::'lambda'(unsigned long&) const&) /root/WebKit/WebKitBuild/TSan/WTF/Headers/wtf/Atomics.h:147:16 (jsc+0x2ada79)
    #4 WTF::BitSet<1024ul, unsigned long>::concurrentTestAndSet(unsigned long, WTF::Dependency) /root/WebKit/WebKitBuild/TSan/WTF/Headers/wtf/BitSet.h:222:53 (jsc+0x2ada79)
    #5 JSC::IsoCellSet::add(JSC::HeapCell*) /root/WebKit/Source/JavaScriptCore/heap/IsoCellSetInlines.h:48:19 (jsc+0x2ada79)
    #6 void JSC::CodeBlock::visitChildren<JSC::SlotVisitor>(JSC::SlotVisitor&) /root/WebKit/Source/JavaScriptCore/bytecode/CodeBlock.cpp:1328:53 (jsc+0x2ada79)
    #7 void JSC::CodeBlock::visitChildrenImpl<JSC::SlotVisitor>(JSC::JSCell*, JSC::SlotVisitor&) /root/WebKit/Source/JavaScriptCore/bytecode/CodeBlock.cpp:1301:17 (jsc+0x28455f)
    #8 JSC::CodeBlock::visitChildren(JSC::JSCell*, JSC::SlotVisitor&) /root/WebKit/Source/JavaScriptCore/bytecode/CodeBlock.cpp:1304:1 (jsc+0x28455f)
    #9 JSC::MethodTable::visitChildren(JSC::JSCell*, JSC::SlotVisitor&) const /root/WebKit/Source/JavaScriptCore/runtime/ClassInfo.h:115:82 (jsc+0xe6dcbe)
    #10 JSC::SlotVisitor::visitChildren(JSC::JSCell const*) /root/WebKit/Source/JavaScriptCore/heap/SlotVisitor.cpp (jsc+0xe6dcbe)
    #11 JSC::SlotVisitor::drain(WTF::MonotonicTime)::$_0::operator()(JSC::MarkStackArray&) const /root/WebKit/Source/JavaScriptCore/heap/SlotVisitor.cpp:520:21 (jsc+0xe6dcbe)
    #12 WTF::IterationStatus JSC::SlotVisitor::forEachMarkStack<JSC::SlotVisitor::drain(WTF::MonotonicTime)::$_0>(JSC::SlotVisitor::drain(WTF::MonotonicTime)::$_0 const&) /root/WebKit/Source/JavaScriptCore/heap/SlotVisitorInlines.h:193:9 (jsc+0xe67543)
    #13 JSC::SlotVisitor::drain(WTF::MonotonicTime) /root/WebKit/Source/JavaScriptCore/heap/SlotVisitor.cpp:510:34 (jsc+0xe67543)
    #14 JSC::SlotVisitor::donateAndDrain(WTF::MonotonicTime) /root/WebKit/Source/JavaScriptCore/heap/SlotVisitor.cpp:793:5 (jsc+0xe68f4b)
    #15 JSC::SlotVisitor::drainInParallel(WTF::MonotonicTime) /root/WebKit/Source/JavaScriptCore/heap/SlotVisitor.cpp:719:5 (jsc+0xe68f4b)
    #16 JSC::Heap::runFixpointPhase(JSC::GCConductor) /root/WebKit/Source/JavaScriptCore/heap/Heap.cpp:1945:17 (jsc+0xdd5916)
    #17 JSC::Heap::runCurrentPhase(JSC::GCConductor, JSC::CurrentThreadState*) /root/WebKit/Source/JavaScriptCore/heap/Heap.cpp:1740:18 (jsc+0xdd41a7)
    #18 JSC::Heap::collectInMutatorThread()::$_0::operator()(JSC::CurrentThreadState&) const /root/WebKit/Source/JavaScriptCore/heap/Heap.cpp:2496:52 (jsc+0xe16b2c)
    #19 WTF::ScopedLambdaFunctor<void (JSC::CurrentThreadState&), JSC::Heap::collectInMutatorThread()::$_0>::implFunction(void*, JSC::CurrentThreadState&) /root/WebKit/WebKitBuild/TSan/WTF/Headers/wtf/ScopedLambda.h:106:16 (jsc+0xe16b2c)
    #20 void WTF::ScopedLambda<void (JSC::CurrentThreadState&)>::operator()<JSC::CurrentThreadState&>(JSC::CurrentThreadState&) const /root/WebKit/WebKitBuild/TSan/WTF/Headers/wtf/ScopedLambda.h:58:16 (jsc+0xe44d48)
    #21 JSC::callWithCurrentThreadState(WTF::ScopedLambda<void (JSC::CurrentThreadState&)> const&) /root/WebKit/Source/JavaScriptCore/heap/MachineStackMarker.cpp:284:5 (jsc+0xe44d48)
    #22 JSC::Heap::collectInMutatorThread() /root/WebKit/Source/JavaScriptCore/heap/Heap.cpp:2508:13 (jsc+0xddb769)
    #23 JSC::Heap::conductSharedCollection(JSC::GCClient::Heap&) /root/WebKit/Source/JavaScriptCore/heap/Heap.cpp:4913:9 (jsc+0xde9a89)
    #24 JSC::Heap::runSharedGCElection(unsigned long) /root/WebKit/Source/JavaScriptCore/heap/Heap.cpp:4585:13 (jsc+0xdd3b6f)
    #25 JSC::Heap::collectSync(JSC::GCRequest) /root/WebKit/Source/JavaScriptCore/heap/Heap.cpp:1636:9 (jsc+0xdd2842)
    #26 JSC::Heap::collectSyncAllClients(JSC::CollectionScope) /root/WebKit/Source/JavaScriptCore/heap/Heap.cpp:4519:5 (jsc+0xde94d3)
    #27 JSC::SharedHeapTestHarness::runPreciseAllocationStormScenario(JSC::Heap&, unsigned int, unsigned int)::$_0::operator()(JSC::GCClient::Heap&, unsigned int) const /root/WebKit/Source/JavaScriptCore/heap/SharedHeapTestHarness.cpp:675:28 (jsc+0xe61905)
    #28 void JSC::(anonymous namespace)::runStandaloneClientThreads<JSC::SharedHeapTestHarness::runPreciseAllocationStormScenario(JSC::Heap&, unsigned int, unsigned int)::$_0>(JSC::Heap&, unsigned int, JSC::SharedHeapTestHarness::runPreciseAllocationStormScenario(JSC::Heap&, unsigned int, unsigned int)::$_0 const&)::'lambda'()::operator()() const /root/WebKit/Source/JavaScriptCore/heap/SharedHeapTestHarness.cpp:496:13 (jsc+0xe61905)
    #29 WTF::Detail::CallableWrapper<void JSC::(anonymous namespace)::runStandaloneClientThreads<JSC::SharedHeapTestHarness::runPreciseAllocationStormScenario(JSC::Heap&, unsigned int, unsigned int)::$_0>(JSC::Heap&, unsigned int, JSC::SharedHeapTestHarness::runPreciseAllocationStormScenario(JSC::Heap&, unsigned int, unsigned int)::$_0 const&)::'lambda'(), void>::call() /root/WebKit/WebKitBuild/TSan/WTF/Headers/wtf/Function.h:59:39 (jsc+0xe61905)
    #30 WTF::Function<void ()>::operator()() const /root/WebKit/Source/WTF/wtf/Function.h:103:35 (jsc+0x25b4a85)
    #31 WTF::Thread::entryPoint(WTF::Thread::NewThreadContext*) /root/WebKit/Source/WTF/wtf/Threading.cpp:312:5 (jsc+0x25b4a85)
    #32 WTF::wtfThreadEntryPoint(void*) /root/WebKit/Source/WTF/wtf/posix/ThreadingPOSIX.cpp:264:5 (jsc+0x26114a9)

  Previous write of size 8 at 0x72200001c100 by thread T7:
    #0 __tsan_memset /home/runner/work/llvm-project/llvm-project/compiler-rt/lib/tsan/rtl/tsan_interceptors_memintrinsics.cpp:35:3 (jsc+0x13b4cd)
    #1 WTF::BitSet<1024ul, unsigned long>::BitSet() /root/WebKit/WebKitBuild/TSan/WTF/Headers/wtf/BitSet.h:162:38 (jsc+0xe2eeda)
    #2 std::__detail::_MakeUniq<WTF::BitSet<1024ul, unsigned long>>::__single_object std::make_unique<WTF::BitSet<1024ul, unsigned long>>() /usr/lib/gcc/x86_64-amazon-linux/14/../../../../include/c++/14/bits/unique_ptr.h:1077:34 (jsc+0xe2eeda)
    #3 decltype(auto) WTF::makeUnique<WTF::BitSet<1024ul, unsigned long>>() /root/WebKit/WebKitBuild/TSan/WTF/Headers/wtf/StdLibExtras.h:893:12 (jsc+0xe2eeda)
    #4 JSC::IsoCellSet::addSlow(unsigned int) /root/WebKit/Source/JavaScriptCore/heap/IsoCellSet.cpp:98:22 (jsc+0xe2eeda)
    #5 JSC::IsoCellSet::add(JSC::HeapCell*) /root/WebKit/Source/JavaScriptCore/heap/IsoCellSetInlines.h:47:16 (jsc+0x2adbe0)
    #6 void JSC::CodeBlock::visitChildren<JSC::SlotVisitor>(JSC::SlotVisitor&) /root/WebKit/Source/JavaScriptCore/bytecode/CodeBlock.cpp:1328:53 (jsc+0x2adbe0)
    #7 void JSC::CodeBlock::visitChildrenImpl<JSC::SlotVisitor>(JSC::JSCell*, JSC::SlotVisitor&) /root/WebKit/Source/JavaScriptCore/bytecode/CodeBlock.cpp:1301:17 (jsc+0x28455f)
    #8 JSC::CodeBlock::visitChildren(JSC::JSCell*, JSC::SlotVisitor&) /root/WebKit/Source/JavaScriptCore/bytecode/CodeBlock.cpp:1304:1 (jsc+0x28455f)
    #9 JSC::MethodTable::visitChildren(JSC::JSCell*, JSC::SlotVisitor&) const /root/WebKit/Source/JavaScriptCore/runtime/ClassInfo.h:115:82 (jsc+0xe6dcbe)
    #10 JSC::SlotVisitor::visitChildren(JSC::JSCell const*) /root/WebKit/Source/JavaScriptCore/heap/SlotVisitor.cpp (jsc+0xe6dcbe)
    #11 JSC::SlotVisitor::drain(WTF::MonotonicTime)::$_0::operator()(JSC::MarkStackArray&) const /root/WebKit/Source/JavaScriptCore/heap/SlotVisitor.cpp:520:21 (jsc+0xe6dcbe)
    #12 WTF::IterationStatus JSC::SlotVisitor::forEachMarkStack<JSC::SlotVisitor::drain(WTF::MonotonicTime)::$_0>(JSC::SlotVisitor::drain(WTF::MonotonicTime)::$_0 const&) /root/WebKit/Source/JavaScriptCore/heap/SlotVisitorInlines.h:193:9 (jsc+0xe67543)
    #13 JSC::SlotVisitor::drain(WTF::MonotonicTime) /root/WebKit/Source/JavaScriptCore/heap/SlotVisitor.cpp:510:34 (jsc+0xe67543)
    #14 JSC::SlotVisitor::drainFromShared(JSC::SlotVisitor::SharedDrainMode, WTF::MonotonicTime) /root/WebKit/Source/JavaScriptCore/heap/SlotVisitor.cpp:710:13 (jsc+0xe68d6d)
    #15 JSC::Heap::runBeginPhase(JSC::GCConductor)::$_1::operator()() const /root/WebKit/Source/JavaScriptCore/heap/Heap.cpp:1853:26 (jsc+0xe14f19)
    #16 WTF::SharedTaskFunctor<void (), JSC::Heap::runBeginPhase(JSC::GCConductor)::$_1>::run() /root/WebKit/WebKitBuild/TSan/WTF/Headers/wtf/SharedTask.h:91:16 (jsc+0xe14f19)
    #17 WTF::ParallelHelperClient::runTask(WTF::RefPtr<WTF::SharedTask<void ()>, WTF::RawPtrTraits<WTF::SharedTask<void ()>>, WTF::DefaultRefDerefTraits<WTF::SharedTask<void ()>>> const&) /root/WebKit/Source/WTF/wtf/ParallelHelperPool.cpp:113:11 (jsc+0x25a5f89)
    #18 WTF::ParallelHelperPool::Thread::work() /root/WebKit/Source/WTF/wtf/ParallelHelperPool.cpp:211:19 (jsc+0x25a70e1)
    #19 WTF::AutomaticThread::start(WTF::AbstractLocker const&)::$_0::operator()() const /root/WebKit/Source/WTF/wtf/AutomaticThread.cpp:260:37 (jsc+0x25896fc)
    #20 WTF::Detail::CallableWrapper<WTF::AutomaticThread::start(WTF::AbstractLocker const&)::$_0, void>::call() /root/WebKit/Source/WTF/wtf/Function.h:59:39 (jsc+0x25896fc)
    #21 WTF::Function<void ()>::operator()() const /root/WebKit/Source/WTF/wtf/Function.h:103:35 (jsc+0x25b4a85)
    #22 WTF::Thread::entryPoint(WTF::Thread::NewThreadContext*) /root/WebKit/Source/WTF/wtf/Threading.cpp:312:5 (jsc+0x25b4a85)
    #23 WTF::wtfThreadEntryPoint(void*) /root/WebKit/Source/WTF/wtf/posix/ThreadingPOSIX.cpp:264:5 (jsc+0x26114a9)

  Location is heap block of size 128 at 0x72200001c100 allocated by thread T7:
    #0 malloc /home/runner/work/llvm-project/llvm-project/compiler-rt/lib/tsan/rtl/tsan_interceptors_posix.cpp:682:5 (jsc+0x13dc20)
    #1 bmalloc::api::malloc(unsigned long, bmalloc::CompactAllocationMode, bmalloc::HeapKind) /root/WebKit/WebKitBuild/TSan/bmalloc/Headers/bmalloc/bmalloc.h:96:20 (jsc+0x2597899)
    #2 WTF::fastMalloc(unsigned long) /root/WebKit/Source/WTF/wtf/FastMalloc.cpp:337:20 (jsc+0x2597899)
    #3 WTF::BitSet<1024ul, unsigned long>::operator new(unsigned long) /root/WebKit/WebKitBuild/TSan/WTF/Headers/wtf/BitSet.h:40:5 (jsc+0xe2eec8)
    #4 std::__detail::_MakeUniq<WTF::BitSet<1024ul, unsigned long>>::__single_object std::make_unique<WTF::BitSet<1024ul, unsigned long>>() /usr/lib/gcc/x86_64-amazon-linux/14/../../../../include/c++/14/bits/unique_ptr.h:1077:30 (jsc+0xe2eec8)
    #5 decltype(auto) WTF::makeUnique<WTF::BitSet<1024ul, unsigned long>>() /root/WebKit/WebKitBuild/TSan/WTF/Headers/wtf/StdLibExtras.h:893:12 (jsc+0xe2eec8)
    #6 JSC::IsoCellSet::addSlow(unsigned int) /root/WebKit/Source/JavaScriptCore/heap/IsoCellSet.cpp:98:22 (jsc+0xe2eec8)
    #7 JSC::IsoCellSet::add(JSC::HeapCell*) /root/WebKit/Source/JavaScriptCore/heap/IsoCellSetInlines.h:47:16 (jsc+0x2adbe0)
    #8 void JSC::CodeBlock::visitChildren<JSC::SlotVisitor>(JSC::SlotVisitor&) /root/WebKit/Source/JavaScriptCore/bytecode/CodeBlock.cpp:1328:53 (jsc+0x2adbe0)
    #9 void JSC::CodeBlock::visitChildrenImpl<JSC::SlotVisitor>(JSC::JSCell*, JSC::SlotVisitor&) /root/WebKit/Source/JavaScriptCore/bytecode/CodeBlock.cpp:1301:17 (jsc+0x28455f)
    #10 JSC::CodeBlock::visitChildren(JSC::JSCell*, JSC::SlotVisitor&) /root/WebKit/Source/JavaScriptCore/bytecode/CodeBlock.cpp:1304:1 (jsc+0x28455f)
    #11 JSC::MethodTable::visitChildren(JSC::JSCell*, JSC::SlotVisitor&) const /root/WebKit/Source/JavaScriptCore/runtime/ClassInfo.h:115:82 (jsc+0xe6dcbe)
    #12 JSC::SlotVisitor::visitChildren(JSC::JSCell const*) /root/WebKit/Source/JavaScriptCore/heap/SlotVisitor.cpp (jsc+0xe6dcbe)
    #13 JSC::SlotVisitor::drain(WTF::MonotonicTime)::$_0::operator()(JSC::MarkStackArray&) const /root/WebKit/Source/JavaScriptCore/heap/SlotVisitor.cpp:520:21 (jsc+0xe6dcbe)
    #14 WTF::IterationStatus JSC::SlotVisitor::forEachMarkStack<JSC::SlotVisitor::drain(WTF::MonotonicTime)::$_0>(JSC::SlotVisitor::drain(WTF::MonotonicTime)::$_0 const&) /root/WebKit/Source/JavaScriptCore/heap/SlotVisitorInlines.h:193:9 (jsc+0xe67543)
    #15 JSC::SlotVisitor::drain(WTF::MonotonicTime) /root/WebKit/Source/JavaScriptCore/heap/SlotVisitor.cpp:510:34 (jsc+0xe67543)
    #16 JSC::SlotVisitor::drainFromShared(JSC::SlotVisitor::SharedDrainMode, WTF::MonotonicTime) /root/WebKit/Source/JavaScriptCore/heap/SlotVisitor.cpp:710:13 (jsc+0xe68d6d)
    #17 JSC::Heap::runBeginPhase(JSC::GCConductor)::$_1::operator()() const /root/WebKit/Source/JavaScriptCore/heap/Heap.cpp:1853:26 (jsc+0xe14f19)
    #18 WTF::SharedTaskFunctor<void (), JSC::Heap::runBeginPhase(JSC::GCConductor)::$_1>::run() /root/WebKit/WebKitBuild/TSan/WTF/Headers/wtf/SharedTask.h:91:16 (jsc+0xe14f19)
    #19 WTF::ParallelHelperClient::runTask(WTF::RefPtr<WTF::SharedTask<void ()>, WTF::RawPtrTraits<WTF::SharedTask<void ()>>, WTF::DefaultRefDerefTraits<WTF::SharedTask<void ()>>> const&) /root/WebKit/Source/WTF/wtf/ParallelHelperPool.cpp:113:11 (jsc+0x25a5f89)
    #20 WTF::ParallelHelperPool::Thread::work() /root/WebKit/Source/WTF/wtf/ParallelHelperPool.cpp:211:19 (jsc+0x25a70e1)
    #21 WTF::AutomaticThread::start(WTF::AbstractLocker const&)::$_0::operator()() const /root/WebKit/Source/WTF/wtf/AutomaticThread.cpp:260:37 (jsc+0x25896fc)
    #22 WTF::Detail::CallableWrapper<WTF::AutomaticThread::start(WTF::AbstractLocker const&)::$_0, void>::call() /root/WebKit/Source/WTF/wtf/Function.h:59:39 (jsc+0x25896fc)
    #23 WTF::Function<void ()>::operator()() const /root/WebKit/Source/WTF/wtf/Function.h:103:35 (jsc+0x25b4a85)
    #24 WTF::Thread::entryPoint(WTF::Thread::NewThreadContext*) /root/WebKit/Source/WTF/wtf/Threading.cpp:312:5 (jsc+0x25b4a85)
    #25 WTF::wtfThreadEntryPoint(void*) /root/WebKit/Source/WTF/wtf/posix/ThreadingPOSIX.cpp:264:5 (jsc+0x26114a9)

  Thread T1 ' SharedHeapTest' (tid=2178957, running) created by main thread at:
    #0 pthread_create /home/runner/work/llvm-project/llvm-project/compiler-rt/lib/tsan/rtl/tsan_interceptors_posix.cpp:1090:3 (jsc+0x13ff1a)
    #1 WTF::Thread::establishHandle(WTF::Thread::NewThreadContext&, WTF::StackAllocationSpecification, WTF::ThreadQOS, WTF::ThreadSchedulingPolicy) /root/WebKit/Source/WTF/wtf/posix/ThreadingPOSIX.cpp:354:17 (jsc+0x2611395)
    #2 WTF::Thread::create(WTF::ASCIILiteral, WTF::Function<void ()>&&, WTF::ThreadType, WTF::ThreadQOS, WTF::ThreadSchedulingPolicy, WTF::StackAllocationSpecification) /root/WebKit/Source/WTF/wtf/Threading.cpp:330:32 (jsc+0x25b4dc3)
    #3 void JSC::(anonymous namespace)::runStandaloneClientThreads<JSC::SharedHeapTestHarness::runPreciseAllocationStormScenario(JSC::Heap&, unsigned int, unsigned int)::$_0>(JSC::Heap&, unsigned int, JSC::SharedHeapTestHarness::runPreciseAllocationStormScenario(JSC::Heap&, unsigned int, unsigned int)::$_0 const&) /root/WebKit/Source/JavaScriptCore/heap/SharedHeapTestHarness.cpp:492:24 (jsc+0xe58126)
    #4 JSC::SharedHeapTestHarness::runPreciseAllocationStormScenario(JSC::Heap&, unsigned int, unsigned int) /root/WebKit/Source/JavaScriptCore/heap/SharedHeapTestHarness.cpp:660:5 (jsc+0xe58126)
    #5 JSC::SharedHeapTestHarness::run(JSC::Heap&, WTF::String const&, unsigned int, unsigned int) /root/WebKit/Source/JavaScriptCore/heap/SharedHeapTestHarness.cpp:1232:20 (jsc+0xe5cf92)
    #6 JSC::functionSharedHeapTest(JSC::JSGlobalObject*, JSC::CallFrame*) /root/WebKit/Source/JavaScriptCore/tools/JSDollarVM.cpp:2681:38 (jsc+0x1a25259)
    #7 <null> <null> (0x7fc73c9ff157)
    #8 JSC::evaluate(JSC::JSGlobalObject*, JSC::SourceCode const&, JSC::JSValue, WTF::NakedPtr<JSC::Exception>&) /root/WebKit/Source/JavaScriptCore/runtime/Completion.cpp:145:37 (jsc+0x13beb03)
    #9 runWithOptions(GlobalObject*, CommandLine&, bool&) /root/WebKit/Source/JavaScriptCore/jsc.cpp:3957:35 (jsc+0x1caeb5)
    #10 jscmain(int, char**)::$_0::operator()(JSC::VM&, GlobalObject*, bool&) const /root/WebKit/Source/JavaScriptCore/jsc.cpp:4686:13 (jsc+0x1caeb5)
    #11 int runJSC<jscmain(int, char**)::$_0>(CommandLine const&, bool, jscmain(int, char**)::$_0 const&) /root/WebKit/Source/JavaScriptCore/jsc.cpp:4472:13 (jsc+0x1caeb5)
    #12 jscmain(int, char**) /root/WebKit/Source/JavaScriptCore/jsc.cpp:4679:18 (jsc+0x1caeb5)
    #13 main /root/WebKit/Source/JavaScriptCore/jsc.cpp:3715:15 (jsc+0x1c9733)

  Thread T7 'HeapHelper' (tid=2179083, running) created by thread T1 at:
    #0 pthread_create /home/runner/work/llvm-project/llvm-project/compiler-rt/lib/tsan/rtl/tsan_interceptors_posix.cpp:1090:3 (jsc+0x13ff1a)
    #1 WTF::Thread::establishHandle(WTF::Thread::NewThreadContext&, WTF::StackAllocationSpecification, WTF::ThreadQOS, WTF::ThreadSchedulingPolicy) /root/WebKit/Source/WTF/wtf/posix/ThreadingPOSIX.cpp:354:17 (jsc+0x2611395)
    #2 WTF::Thread::create(WTF::ASCIILiteral, WTF::Function<void ()>&&, WTF::ThreadType, WTF::ThreadQOS, WTF::ThreadSchedulingPolicy, WTF::StackAllocationSpecification) /root/WebKit/Source/WTF/wtf/Threading.cpp:330:32 (jsc+0x25b4dc3)
    #3 WTF::AutomaticThread::start(WTF::AbstractLocker const&) /root/WebKit/Source/WTF/wtf/AutomaticThread.cpp:189:5 (jsc+0x2588179)
    #4 WTF::AutomaticThreadCondition::notifyAll(WTF::AbstractLocker const&) /root/WebKit/Source/WTF/wtf/AutomaticThread.cpp:76:21 (jsc+0x2588367)
    #5 WTF::ParallelHelperPool::didMakeWorkAvailable(WTF::AbstractLocker const&) /root/WebKit/Source/WTF/wtf/ParallelHelperPool.cpp:226:31 (jsc+0x25a5e09)
    #6 WTF::ParallelHelperClient::setTask(WTF::RefPtr<WTF::SharedTask<void ()>, WTF::RawPtrTraits<WTF::SharedTask<void ()>>, WTF::DefaultRefDerefTraits<WTF::SharedTask<void ()>>>&&) /root/WebKit/Source/WTF/wtf/ParallelHelperPool.cpp:63:13 (jsc+0x25a5b80)
    #7 void WTF::ParallelHelperClient::setFunction<JSC::Heap::runBeginPhase(JSC::GCConductor)::$_1>(JSC::Heap::runBeginPhase(JSC::GCConductor)::$_1 const&) /root/WebKit/WebKitBuild/TSan/WTF/Headers/wtf/ParallelHelperPool.h:181:9 (jsc+0xdd501d)
    #8 JSC::Heap::runBeginPhase(JSC::GCConductor) /root/WebKit/Source/JavaScriptCore/heap/Heap.cpp:1840:20 (jsc+0xdd501d)
    #9 JSC::Heap::runCurrentPhase(JSC::GCConductor, JSC::CurrentThreadState*) /root/WebKit/Source/JavaScriptCore/heap/Heap.cpp:1733:18 (jsc+0xdd41c1)
    #10 JSC::Heap::collectInMutatorThread() /root/WebKit/Source/JavaScriptCore/heap/Heap.cpp:2483:40 (jsc+0xddb71b)
    #11 JSC::Heap::conductSharedCollection(JSC::GCClient::Heap&) /root/WebKit/Source/JavaScriptCore/heap/Heap.cpp:4913:9 (jsc+0xde9a89)
    #12 JSC::Heap::runSharedGCElection(unsigned long) /root/WebKit/Source/JavaScriptCore/heap/Heap.cpp:4585:13 (jsc+0xdd3b6f)
    #13 JSC::Heap::collectSync(JSC::GCRequest) /root/WebKit/Source/JavaScriptCore/heap/Heap.cpp:1636:9 (jsc+0xdd2842)
    #14 JSC::Heap::collectSyncAllClients(JSC::CollectionScope) /root/WebKit/Source/JavaScriptCore/heap/Heap.cpp:4519:5 (jsc+0xde94d3)
    #15 JSC::SharedHeapTestHarness::runPreciseAllocationStormScenario(JSC::Heap&, unsigned int, unsigned int)::$_0::operator()(JSC::GCClient::Heap&, unsigned int) const /root/WebKit/Source/JavaScriptCore/heap/SharedHeapTestHarness.cpp:675:28 (jsc+0xe61905)
    #16 void JSC::(anonymous namespace)::runStandaloneClientThreads<JSC::SharedHeapTestHarness::runPreciseAllocationStormScenario(JSC::Heap&, unsigned int, unsigned int)::$_0>(JSC::Heap&, unsigned int, JSC::SharedHeapTestHarness::runPreciseAllocationStormScenario(JSC::Heap&, unsigned int, unsigned int)::$_0 const&)::'lambda'()::operator()() const /root/WebKit/Source/JavaScriptCore/heap/SharedHeapTestHarness.cpp:496:13 (jsc+0xe61905)
    #17 WTF::Detail::CallableWrapper<void JSC::(anonymous namespace)::runStandaloneClientThreads<JSC::SharedHeapTestHarness::runPreciseAllocationStormScenario(JSC::Heap&, unsigned int, unsigned int)::$_0>(JSC::Heap&, unsigned int, JSC::SharedHeapTestHarness::runPreciseAllocationStormScenario(JSC::Heap&, unsigned int, unsigned int)::$_0 const&)::'lambda'(), void>::call() /root/WebKit/WebKitBuild/TSan/WTF/Headers/wtf/Function.h:59:39 (jsc+0xe61905)
    #18 WTF::Function<void ()>::operator()() const /root/WebKit/Source/WTF/wtf/Function.h:103:35 (jsc+0x25b4a85)
    #19 WTF::Thread::entryPoint(WTF::Thread::NewThreadContext*) /root/WebKit/Source/WTF/wtf/Threading.cpp:312:5 (jsc+0x25b4a85)
    #20 WTF::wtfThreadEntryPoint(void*) /root/WebKit/Source/WTF/wtf/posix/ThreadingPOSIX.cpp:264:5 (jsc+0x26114a9)

SUMMARY: ThreadSanitizer: data race /root/WebKit/WebKitBuild/TSan/WTF/Headers/wtf/Atomics.h:55:100 in WTF::Atomic<unsigned long>::load(std::memory_order) const
==================
SharedHeapTestHarness audit (fix-shared-heap-ring-liveness-5): ring-held PRECISE cell 0x72cc00a64088 absent from gathered conservative roots (isLive = true, ownerThread = 0x7224000017a0, ownerRegisteredInMachineThreads = true, ringWithinOwnerStackBounds = true)
SharedHeapTestHarness audit (fix-shared-heap-ring-liveness-5): ring-held PRECISE cell 0x7fc7380a1088 absent from gathered conservative roots (isLive = true, ownerThread = 0x7224000017a0, ownerRegisteredInMachineThreads = true, ringWithinOwnerStackBounds = true)
SharedHeapTestHarness audit (fix-shared-heap-ring-liveness-5): 2 ring cell(s) absent from this gather's conservative root set (2 logged, cap 32; gathered root count = 265).
PASS
ThreadSanitizer: reported 2 warnings
