JSC: disabling useWasm under GIL-off (wasm glue still reads the raw VM-block exception word; not yet audited for UNGIL §A.1.3 COMPILED-FOR-VM; see AB-17 status block in VMEntryScope.cpp).
==================
WARNING: ThreadSanitizer: data race (pid=2173692)
  Write of size 4 at 0x724800000850 by thread T2:
    #0 WTF::FastBitReference::operator=(bool) /root/WebKit/WebKitBuild/TSan/WTF/Headers/wtf/FastBitVector.h (jsc+0xe42bd3)
    #1 JSC::BlockDirectoryBits::setIsAllocated(unsigned long, bool) /root/WebKit/WebKitBuild/TSan/JavaScriptCore/PrivateHeaders/JavaScriptCore/BlockDirectoryBits.h:185:5 (jsc+0xe42bd3)
    #2 JSC::BlockDirectory::setIsAllocated(unsigned long, bool) /root/WebKit/Source/JavaScriptCore/heap/BlockDirectory.h:116:5 (jsc+0xe42bd3)
    #3 JSC::BlockDirectory::setIsAllocated(JSC::MarkedBlock::Handle*, bool) /root/WebKit/Source/JavaScriptCore/heap/BlockDirectory.h:116:5 (jsc+0xe42bd3)
    #4 JSC::MarkedBlock::Handle::didConsumeFreeList() /root/WebKit/Source/JavaScriptCore/heap/MarkedBlock.cpp:469:18 (jsc+0xe42bd3)
    #5 JSC::LocalAllocator::didConsumeFreeList() /root/WebKit/Source/JavaScriptCore/heap/LocalAllocator.cpp:235:25 (jsc+0xe42232)
    #6 JSC::LocalAllocator::allocateSlowCase(JSC::Heap&, unsigned long, JSC::GCDeferralContext*, JSC::AllocationFailureMode) /root/WebKit/Source/JavaScriptCore/heap/LocalAllocator.cpp:172:5 (jsc+0xe42232)
    #7 JSC::LocalAllocator::allocate(JSC::Heap&, unsigned long, JSC::GCDeferralContext*, JSC::AllocationFailureMode)::'lambda'()::operator()() const /root/WebKit/WebKitBuild/TSan/JavaScriptCore/PrivateHeaders/JavaScriptCore/LocalAllocatorInlines.h:53:43 (jsc+0x1d120e)
    #8 JSC::HeapCell* JSC::FreeList::allocateWithCellSize<JSC::LocalAllocator::allocate(JSC::Heap&, unsigned long, JSC::GCDeferralContext*, JSC::AllocationFailureMode)::'lambda'()>(JSC::LocalAllocator::allocate(JSC::Heap&, unsigned long, JSC::GCDeferralContext*, JSC::AllocationFailureMode)::'lambda'() const&, unsigned long) /root/WebKit/Source/JavaScriptCore/heap/FreeListInlines.h:46:16 (jsc+0xe60fd6)
    #9 JSC::LocalAllocator::allocate(JSC::Heap&, unsigned long, JSC::GCDeferralContext*, JSC::AllocationFailureMode) /root/WebKit/Source/JavaScriptCore/heap/LocalAllocatorInlines.h:50:23 (jsc+0xe60fd6)
    #10 JSC::Allocator::allocate(JSC::Heap&, unsigned long, JSC::GCDeferralContext*, JSC::AllocationFailureMode) const /root/WebKit/Source/JavaScriptCore/heap/AllocatorInlines.h:35:30 (jsc+0xe60fd6)
    #11 JSC::CompleteSubspace::allocateForClient(JSC::GCClient::Heap&, unsigned long, JSC::GCDeferralContext*, JSC::AllocationFailureMode) /root/WebKit/Source/JavaScriptCore/heap/CompleteSubspaceInlines.h:62:30 (jsc+0xe60fd6)
    #12 JSC::(anonymous namespace)::allocateScratch(JSC::Heap&, JSC::GCClient::Heap&, unsigned long) /root/WebKit/Source/JavaScriptCore/heap/SharedHeapTestHarness.cpp:243:34 (jsc+0xe60fd6)
    #13 JSC::(anonymous namespace)::allocateBurst(JSC::Heap&, JSC::GCClient::Heap&, JSC::(anonymous namespace)::ScratchRing&, unsigned int, unsigned long, unsigned int, unsigned long const*, unsigned int) /root/WebKit/Source/JavaScriptCore/heap/SharedHeapTestHarness.cpp:251:22 (jsc+0xe61cd5)
    #14 JSC::SharedHeapTestHarness::runBlockedInNativeVsGCScenario(JSC::Heap&, unsigned int, unsigned int)::$_0::operator()(JSC::GCClient::Heap&, unsigned int) const /root/WebKit/Source/JavaScriptCore/heap/SharedHeapTestHarness.cpp:837:13 (jsc+0xe6375a)
    #15 void JSC::(anonymous namespace)::runStandaloneClientThreads<JSC::SharedHeapTestHarness::runBlockedInNativeVsGCScenario(JSC::Heap&, unsigned int, unsigned int)::$_0>(JSC::Heap&, unsigned int, JSC::SharedHeapTestHarness::runBlockedInNativeVsGCScenario(JSC::Heap&, unsigned int, unsigned int)::$_0 const&)::'lambda'()::operator()() const /root/WebKit/Source/JavaScriptCore/heap/SharedHeapTestHarness.cpp:496:13 (jsc+0xe6375a)
    #16 WTF::Detail::CallableWrapper<void JSC::(anonymous namespace)::runStandaloneClientThreads<JSC::SharedHeapTestHarness::runBlockedInNativeVsGCScenario(JSC::Heap&, unsigned int, unsigned int)::$_0>(JSC::Heap&, unsigned int, JSC::SharedHeapTestHarness::runBlockedInNativeVsGCScenario(JSC::Heap&, unsigned int, unsigned int)::$_0 const&)::'lambda'(), void>::call() /root/WebKit/WebKitBuild/TSan/WTF/Headers/wtf/Function.h:59:39 (jsc+0xe6375a)
    #17 WTF::Function<void ()>::operator()() const /root/WebKit/Source/WTF/wtf/Function.h:103:35 (jsc+0x25b4a85)
    #18 WTF::Thread::entryPoint(WTF::Thread::NewThreadContext*) /root/WebKit/Source/WTF/wtf/Threading.cpp:312:5 (jsc+0x25b4a85)
    #19 WTF::wtfThreadEntryPoint(void*) /root/WebKit/Source/WTF/wtf/posix/ThreadingPOSIX.cpp:264:5 (jsc+0x26114a9)

  Previous read of size 4 at 0x724800000850 by thread T3:
    #0 JSC::BlockDirectoryBits::BlockDirectoryBitVectorWordView<(JSC::BlockDirectoryBits::Kind)2>::word(unsigned long) const /root/WebKit/WebKitBuild/TSan/JavaScriptCore/PrivateHeaders/JavaScriptCore/BlockDirectoryBits.h:98:20 (jsc+0xe43317)
    #1 WTF::FastBitVectorImpl<JSC::BlockDirectoryBits::BlockDirectoryBitVectorWordView<(JSC::BlockDirectoryBits::Kind)2>>::atImpl(unsigned long) const /root/WebKit/WebKitBuild/TSan/WTF/Headers/wtf/FastBitVector.h:414:27 (jsc+0xe43317)
    #2 WTF::FastBitVectorImpl<JSC::BlockDirectoryBits::BlockDirectoryBitVectorWordView<(JSC::BlockDirectoryBits::Kind)2>>::operator[](unsigned long) const /root/WebKit/WebKitBuild/TSan/WTF/Headers/wtf/FastBitVector.h:285:16 (jsc+0xe43317)
    #3 JSC::BlockDirectoryBits::isAllocated(unsigned long) const /root/WebKit/WebKitBuild/TSan/JavaScriptCore/PrivateHeaders/JavaScriptCore/BlockDirectoryBits.h:185:5 (jsc+0xe43317)
    #4 JSC::BlockDirectory::isAllocated(unsigned long) const /root/WebKit/Source/JavaScriptCore/heap/BlockDirectory.h:116:5 (jsc+0xe43317)
    #5 JSC::BlockDirectory::isAllocated(JSC::MarkedBlock::Handle*) const /root/WebKit/Source/JavaScriptCore/heap/BlockDirectory.h:116:5 (jsc+0xe43317)
    #6 JSC::MarkedBlock::Handle::isAllocated() /root/WebKit/WebKitBuild/TSan/JavaScriptCore/PrivateHeaders/JavaScriptCore/MarkedBlockInlines.h:104:25 (jsc+0xe43317)
    #7 JSC::MarkedBlock::Handle::sweep(JSC::FreeList*) /root/WebKit/Source/JavaScriptCore/heap/MarkedBlock.cpp:615:9 (jsc+0xe43317)
    #8 JSC::LocalAllocator::tryAllocateIn(JSC::MarkedBlock::Handle*, unsigned long) /root/WebKit/Source/JavaScriptCore/heap/LocalAllocator.cpp:346:12 (jsc+0xe42d96)
    #9 JSC::LocalAllocator::allocateIn(JSC::MarkedBlock::Handle*, unsigned long) /root/WebKit/Source/JavaScriptCore/heap/LocalAllocator.cpp:311:20 (jsc+0xe42a29)
    #10 JSC::LocalAllocator::allocateSlowCase(JSC::Heap&, unsigned long, JSC::GCDeferralContext*, JSC::AllocationFailureMode) /root/WebKit/Source/JavaScriptCore/heap/LocalAllocator.cpp:227:14 (jsc+0xe424de)
    #11 JSC::LocalAllocator::allocate(JSC::Heap&, unsigned long, JSC::GCDeferralContext*, JSC::AllocationFailureMode)::'lambda'()::operator()() const /root/WebKit/WebKitBuild/TSan/JavaScriptCore/PrivateHeaders/JavaScriptCore/LocalAllocatorInlines.h:53:43 (jsc+0x1d120e)
    #12 JSC::HeapCell* JSC::FreeList::allocateWithCellSize<JSC::LocalAllocator::allocate(JSC::Heap&, unsigned long, JSC::GCDeferralContext*, JSC::AllocationFailureMode)::'lambda'()>(JSC::LocalAllocator::allocate(JSC::Heap&, unsigned long, JSC::GCDeferralContext*, JSC::AllocationFailureMode)::'lambda'() const&, unsigned long) /root/WebKit/Source/JavaScriptCore/heap/FreeListInlines.h:46:16 (jsc+0xe60fd6)
    #13 JSC::LocalAllocator::allocate(JSC::Heap&, unsigned long, JSC::GCDeferralContext*, JSC::AllocationFailureMode) /root/WebKit/Source/JavaScriptCore/heap/LocalAllocatorInlines.h:50:23 (jsc+0xe60fd6)
    #14 JSC::Allocator::allocate(JSC::Heap&, unsigned long, JSC::GCDeferralContext*, JSC::AllocationFailureMode) const /root/WebKit/Source/JavaScriptCore/heap/AllocatorInlines.h:35:30 (jsc+0xe60fd6)
    #15 JSC::CompleteSubspace::allocateForClient(JSC::GCClient::Heap&, unsigned long, JSC::GCDeferralContext*, JSC::AllocationFailureMode) /root/WebKit/Source/JavaScriptCore/heap/CompleteSubspaceInlines.h:62:30 (jsc+0xe60fd6)
    #16 JSC::(anonymous namespace)::allocateScratch(JSC::Heap&, JSC::GCClient::Heap&, unsigned long) /root/WebKit/Source/JavaScriptCore/heap/SharedHeapTestHarness.cpp:243:34 (jsc+0xe60fd6)
    #17 JSC::(anonymous namespace)::allocateBurst(JSC::Heap&, JSC::GCClient::Heap&, JSC::(anonymous namespace)::ScratchRing&, unsigned int, unsigned long, unsigned int, unsigned long const*, unsigned int) /root/WebKit/Source/JavaScriptCore/heap/SharedHeapTestHarness.cpp:251:22 (jsc+0xe61cd5)
    #18 JSC::SharedHeapTestHarness::runBlockedInNativeVsGCScenario(JSC::Heap&, unsigned int, unsigned int)::$_0::operator()(JSC::GCClient::Heap&, unsigned int) const /root/WebKit/Source/JavaScriptCore/heap/SharedHeapTestHarness.cpp:837:13 (jsc+0xe6375a)
    #19 void JSC::(anonymous namespace)::runStandaloneClientThreads<JSC::SharedHeapTestHarness::runBlockedInNativeVsGCScenario(JSC::Heap&, unsigned int, unsigned int)::$_0>(JSC::Heap&, unsigned int, JSC::SharedHeapTestHarness::runBlockedInNativeVsGCScenario(JSC::Heap&, unsigned int, unsigned int)::$_0 const&)::'lambda'()::operator()() const /root/WebKit/Source/JavaScriptCore/heap/SharedHeapTestHarness.cpp:496:13 (jsc+0xe6375a)
    #20 WTF::Detail::CallableWrapper<void JSC::(anonymous namespace)::runStandaloneClientThreads<JSC::SharedHeapTestHarness::runBlockedInNativeVsGCScenario(JSC::Heap&, unsigned int, unsigned int)::$_0>(JSC::Heap&, unsigned int, JSC::SharedHeapTestHarness::runBlockedInNativeVsGCScenario(JSC::Heap&, unsigned int, unsigned int)::$_0 const&)::'lambda'(), void>::call() /root/WebKit/WebKitBuild/TSan/WTF/Headers/wtf/Function.h:59:39 (jsc+0xe6375a)
    #21 WTF::Function<void ()>::operator()() const /root/WebKit/Source/WTF/wtf/Function.h:103:35 (jsc+0x25b4a85)
    #22 WTF::Thread::entryPoint(WTF::Thread::NewThreadContext*) /root/WebKit/Source/WTF/wtf/Threading.cpp:312:5 (jsc+0x25b4a85)
    #23 WTF::wtfThreadEntryPoint(void*) /root/WebKit/Source/WTF/wtf/posix/ThreadingPOSIX.cpp:264:5 (jsc+0x26114a9)

  Location is heap block of size 360 at 0x724800000780 allocated by thread T2:
    #0 malloc /home/runner/work/llvm-project/llvm-project/compiler-rt/lib/tsan/rtl/tsan_interceptors_posix.cpp:682:5 (jsc+0x13dc20)
    #1 bmalloc::api::malloc(unsigned long, bmalloc::CompactAllocationMode, bmalloc::HeapKind) /root/WebKit/WebKitBuild/TSan/bmalloc/Headers/bmalloc/bmalloc.h:96:20 (jsc+0x2597899)
    #2 WTF::fastMalloc(unsigned long) /root/WebKit/Source/WTF/wtf/FastMalloc.cpp:337:20 (jsc+0x2597899)
    #3 WTF::FastMalloc::malloc(unsigned long) /root/WebKit/WebKitBuild/TSan/WTF/Headers/wtf/FastMalloc.h:235:47 (jsc+0xdb7438)
    #4 bool WTF::VectorBufferBase<JSC::BlockDirectoryBits::Segment, WTF::FastMalloc>::allocateBuffer<(WTF::FailureAction)0>(unsigned long) /root/WebKit/WebKitBuild/TSan/WTF/Headers/wtf/Vector.h:235:41 (jsc+0xdb7438)
    #5 bool WTF::Vector<JSC::BlockDirectoryBits::Segment, 0ul, WTF::CrashOnOverflow, 2ul, WTF::FastMalloc>::reserveCapacity<(WTF::FailureAction)0>(unsigned long) /root/WebKit/WebKitBuild/TSan/WTF/Headers/wtf/Vector.h:1412:35 (jsc+0xdb7438)
    #6 bool WTF::Vector<JSC::BlockDirectoryBits::Segment, 0ul, WTF::CrashOnOverflow, 2ul, WTF::FastMalloc>::expandCapacity<(WTF::FailureAction)0>(unsigned long) /root/WebKit/WebKitBuild/TSan/WTF/Headers/wtf/Vector.h:1262:12 (jsc+0xdb7438)
    #7 WTF::Vector<JSC::BlockDirectoryBits::Segment, 0ul, WTF::CrashOnOverflow, 2ul, WTF::FastMalloc>::resize(unsigned long) /root/WebKit/WebKitBuild/TSan/WTF/Headers/wtf/Vector.h:1311:13 (jsc+0xdb3103)
    #8 JSC::BlockDirectoryBits::resize(unsigned int) /root/WebKit/WebKitBuild/TSan/JavaScriptCore/PrivateHeaders/JavaScriptCore/BlockDirectoryBits.h:194:20 (jsc+0xdb3103)
    #9 JSC::BlockDirectory::addBlock(JSC::MarkedBlock::Handle*) /root/WebKit/Source/JavaScriptCore/heap/BlockDirectory.cpp:187:20 (jsc+0xdb2f6d)
    #10 JSC::LocalAllocator::allocateSlowCase(JSC::Heap&, unsigned long, JSC::GCDeferralContext*, JSC::AllocationFailureMode) /root/WebKit/Source/JavaScriptCore/heap/LocalAllocator.cpp:226:18 (jsc+0xe424cf)
    #11 JSC::LocalAllocator::allocate(JSC::Heap&, unsigned long, JSC::GCDeferralContext*, JSC::AllocationFailureMode)::'lambda'()::operator()() const /root/WebKit/WebKitBuild/TSan/JavaScriptCore/PrivateHeaders/JavaScriptCore/LocalAllocatorInlines.h:53:43 (jsc+0x1d120e)
    #12 JSC::HeapCell* JSC::FreeList::allocateWithCellSize<JSC::LocalAllocator::allocate(JSC::Heap&, unsigned long, JSC::GCDeferralContext*, JSC::AllocationFailureMode)::'lambda'()>(JSC::LocalAllocator::allocate(JSC::Heap&, unsigned long, JSC::GCDeferralContext*, JSC::AllocationFailureMode)::'lambda'() const&, unsigned long) /root/WebKit/Source/JavaScriptCore/heap/FreeListInlines.h:46:16 (jsc+0xe60fd6)
    #13 JSC::LocalAllocator::allocate(JSC::Heap&, unsigned long, JSC::GCDeferralContext*, JSC::AllocationFailureMode) /root/WebKit/Source/JavaScriptCore/heap/LocalAllocatorInlines.h:50:23 (jsc+0xe60fd6)
    #14 JSC::Allocator::allocate(JSC::Heap&, unsigned long, JSC::GCDeferralContext*, JSC::AllocationFailureMode) const /root/WebKit/Source/JavaScriptCore/heap/AllocatorInlines.h:35:30 (jsc+0xe60fd6)
    #15 JSC::CompleteSubspace::allocateForClient(JSC::GCClient::Heap&, unsigned long, JSC::GCDeferralContext*, JSC::AllocationFailureMode) /root/WebKit/Source/JavaScriptCore/heap/CompleteSubspaceInlines.h:62:30 (jsc+0xe60fd6)
    #16 JSC::(anonymous namespace)::allocateScratch(JSC::Heap&, JSC::GCClient::Heap&, unsigned long) /root/WebKit/Source/JavaScriptCore/heap/SharedHeapTestHarness.cpp:243:34 (jsc+0xe60fd6)
    #17 JSC::(anonymous namespace)::allocateBurst(JSC::Heap&, JSC::GCClient::Heap&, JSC::(anonymous namespace)::ScratchRing&, unsigned int, unsigned long, unsigned int, unsigned long const*, unsigned int) /root/WebKit/Source/JavaScriptCore/heap/SharedHeapTestHarness.cpp:251:22 (jsc+0xe61cd5)
    #18 JSC::SharedHeapTestHarness::runBlockedInNativeVsGCScenario(JSC::Heap&, unsigned int, unsigned int)::$_0::operator()(JSC::GCClient::Heap&, unsigned int) const /root/WebKit/Source/JavaScriptCore/heap/SharedHeapTestHarness.cpp:837:13 (jsc+0xe6375a)
    #19 void JSC::(anonymous namespace)::runStandaloneClientThreads<JSC::SharedHeapTestHarness::runBlockedInNativeVsGCScenario(JSC::Heap&, unsigned int, unsigned int)::$_0>(JSC::Heap&, unsigned int, JSC::SharedHeapTestHarness::runBlockedInNativeVsGCScenario(JSC::Heap&, unsigned int, unsigned int)::$_0 const&)::'lambda'()::operator()() const /root/WebKit/Source/JavaScriptCore/heap/SharedHeapTestHarness.cpp:496:13 (jsc+0xe6375a)
    #20 WTF::Detail::CallableWrapper<void JSC::(anonymous namespace)::runStandaloneClientThreads<JSC::SharedHeapTestHarness::runBlockedInNativeVsGCScenario(JSC::Heap&, unsigned int, unsigned int)::$_0>(JSC::Heap&, unsigned int, JSC::SharedHeapTestHarness::runBlockedInNativeVsGCScenario(JSC::Heap&, unsigned int, unsigned int)::$_0 const&)::'lambda'(), void>::call() /root/WebKit/WebKitBuild/TSan/WTF/Headers/wtf/Function.h:59:39 (jsc+0xe6375a)
    #21 WTF::Function<void ()>::operator()() const /root/WebKit/Source/WTF/wtf/Function.h:103:35 (jsc+0x25b4a85)
    #22 WTF::Thread::entryPoint(WTF::Thread::NewThreadContext*) /root/WebKit/Source/WTF/wtf/Threading.cpp:312:5 (jsc+0x25b4a85)
    #23 WTF::wtfThreadEntryPoint(void*) /root/WebKit/Source/WTF/wtf/posix/ThreadingPOSIX.cpp:264:5 (jsc+0x26114a9)

  Thread T2 ' SharedHeapTest' (tid=2173769, running) created by main thread at:
    #0 pthread_create /home/runner/work/llvm-project/llvm-project/compiler-rt/lib/tsan/rtl/tsan_interceptors_posix.cpp:1090:3 (jsc+0x13ff1a)
    #1 WTF::Thread::establishHandle(WTF::Thread::NewThreadContext&, WTF::StackAllocationSpecification, WTF::ThreadQOS, WTF::ThreadSchedulingPolicy) /root/WebKit/Source/WTF/wtf/posix/ThreadingPOSIX.cpp:354:17 (jsc+0x2611395)
    #2 WTF::Thread::create(WTF::ASCIILiteral, WTF::Function<void ()>&&, WTF::ThreadType, WTF::ThreadQOS, WTF::ThreadSchedulingPolicy, WTF::StackAllocationSpecification) /root/WebKit/Source/WTF/wtf/Threading.cpp:330:32 (jsc+0x25b4dc3)
    #3 void JSC::(anonymous namespace)::runStandaloneClientThreads<JSC::SharedHeapTestHarness::runBlockedInNativeVsGCScenario(JSC::Heap&, unsigned int, unsigned int)::$_0>(JSC::Heap&, unsigned int, JSC::SharedHeapTestHarness::runBlockedInNativeVsGCScenario(JSC::Heap&, unsigned int, unsigned int)::$_0 const&) /root/WebKit/Source/JavaScriptCore/heap/SharedHeapTestHarness.cpp:492:24 (jsc+0xe59b06)
    #4 JSC::SharedHeapTestHarness::runBlockedInNativeVsGCScenario(JSC::Heap&, unsigned int, unsigned int) /root/WebKit/Source/JavaScriptCore/heap/SharedHeapTestHarness.cpp:825:5 (jsc+0xe59b06)
    #5 JSC::SharedHeapTestHarness::run(JSC::Heap&, WTF::String const&, unsigned int, unsigned int) /root/WebKit/Source/JavaScriptCore/heap/SharedHeapTestHarness.cpp:1232:20 (jsc+0xe5cf92)
    #6 JSC::functionSharedHeapTest(JSC::JSGlobalObject*, JSC::CallFrame*) /root/WebKit/Source/JavaScriptCore/tools/JSDollarVM.cpp:2681:38 (jsc+0x1a25259)
    #7 <null> <null> (0x7f03007ff157)
    #8 JSC::evaluate(JSC::JSGlobalObject*, JSC::SourceCode const&, JSC::JSValue, WTF::NakedPtr<JSC::Exception>&) /root/WebKit/Source/JavaScriptCore/runtime/Completion.cpp:145:37 (jsc+0x13beb03)
    #9 runWithOptions(GlobalObject*, CommandLine&, bool&) /root/WebKit/Source/JavaScriptCore/jsc.cpp:3957:35 (jsc+0x1caeb5)
    #10 jscmain(int, char**)::$_0::operator()(JSC::VM&, GlobalObject*, bool&) const /root/WebKit/Source/JavaScriptCore/jsc.cpp:4686:13 (jsc+0x1caeb5)
    #11 int runJSC<jscmain(int, char**)::$_0>(CommandLine const&, bool, jscmain(int, char**)::$_0 const&) /root/WebKit/Source/JavaScriptCore/jsc.cpp:4472:13 (jsc+0x1caeb5)
    #12 jscmain(int, char**) /root/WebKit/Source/JavaScriptCore/jsc.cpp:4679:18 (jsc+0x1caeb5)
    #13 main /root/WebKit/Source/JavaScriptCore/jsc.cpp:3715:15 (jsc+0x1c9733)

  Thread T3 ' SharedHeapTest' (tid=2173770, running) created by main thread at:
    #0 pthread_create /home/runner/work/llvm-project/llvm-project/compiler-rt/lib/tsan/rtl/tsan_interceptors_posix.cpp:1090:3 (jsc+0x13ff1a)
    #1 WTF::Thread::establishHandle(WTF::Thread::NewThreadContext&, WTF::StackAllocationSpecification, WTF::ThreadQOS, WTF::ThreadSchedulingPolicy) /root/WebKit/Source/WTF/wtf/posix/ThreadingPOSIX.cpp:354:17 (jsc+0x2611395)
    #2 WTF::Thread::create(WTF::ASCIILiteral, WTF::Function<void ()>&&, WTF::ThreadType, WTF::ThreadQOS, WTF::ThreadSchedulingPolicy, WTF::StackAllocationSpecification) /root/WebKit/Source/WTF/wtf/Threading.cpp:330:32 (jsc+0x25b4dc3)
    #3 void JSC::(anonymous namespace)::runStandaloneClientThreads<JSC::SharedHeapTestHarness::runBlockedInNativeVsGCScenario(JSC::Heap&, unsigned int, unsigned int)::$_0>(JSC::Heap&, unsigned int, JSC::SharedHeapTestHarness::runBlockedInNativeVsGCScenario(JSC::Heap&, unsigned int, unsigned int)::$_0 const&) /root/WebKit/Source/JavaScriptCore/heap/SharedHeapTestHarness.cpp:492:24 (jsc+0xe59b06)
    #4 JSC::SharedHeapTestHarness::runBlockedInNativeVsGCScenario(JSC::Heap&, unsigned int, unsigned int) /root/WebKit/Source/JavaScriptCore/heap/SharedHeapTestHarness.cpp:825:5 (jsc+0xe59b06)
    #5 JSC::SharedHeapTestHarness::run(JSC::Heap&, WTF::String const&, unsigned int, unsigned int) /root/WebKit/Source/JavaScriptCore/heap/SharedHeapTestHarness.cpp:1232:20 (jsc+0xe5cf92)
    #6 JSC::functionSharedHeapTest(JSC::JSGlobalObject*, JSC::CallFrame*) /root/WebKit/Source/JavaScriptCore/tools/JSDollarVM.cpp:2681:38 (jsc+0x1a25259)
    #7 <null> <null> (0x7f03007ff157)
    #8 JSC::evaluate(JSC::JSGlobalObject*, JSC::SourceCode const&, JSC::JSValue, WTF::NakedPtr<JSC::Exception>&) /root/WebKit/Source/JavaScriptCore/runtime/Completion.cpp:145:37 (jsc+0x13beb03)
    #9 runWithOptions(GlobalObject*, CommandLine&, bool&) /root/WebKit/Source/JavaScriptCore/jsc.cpp:3957:35 (jsc+0x1caeb5)
    #10 jscmain(int, char**)::$_0::operator()(JSC::VM&, GlobalObject*, bool&) const /root/WebKit/Source/JavaScriptCore/jsc.cpp:4686:13 (jsc+0x1caeb5)
    #11 int runJSC<jscmain(int, char**)::$_0>(CommandLine const&, bool, jscmain(int, char**)::$_0 const&) /root/WebKit/Source/JavaScriptCore/jsc.cpp:4472:13 (jsc+0x1caeb5)
    #12 jscmain(int, char**) /root/WebKit/Source/JavaScriptCore/jsc.cpp:4679:18 (jsc+0x1caeb5)
    #13 main /root/WebKit/Source/JavaScriptCore/jsc.cpp:3715:15 (jsc+0x1c9733)

SUMMARY: ThreadSanitizer: data race /root/WebKit/WebKitBuild/TSan/WTF/Headers/wtf/FastBitVector.h in WTF::FastBitReference::operator=(bool)
==================
PASS
ThreadSanitizer: reported 1 warnings
