JSC: disabling useWasm under GIL-off (wasm glue still reads the raw VM-block exception word; not yet audited for UNGIL §A.1.3 COMPILED-FOR-VM; see AB-17 status block in VMEntryScope.cpp).
==================
WARNING: ThreadSanitizer: data race (pid=2180000)
  Write of size 8 at 0x7f7d18fd4718 by thread T3:
    #0 JSC::Heap::addToRememberedSet(JSC::JSCell const*) /root/WebKit/Source/JavaScriptCore/heap/Heap.cpp:1433:23 (jsc+0xdd1c25)
    #1 JSC::Heap::writeBarrierSlowPath(JSC::JSCell const*) /root/WebKit/Source/JavaScriptCore/heap/Heap.cpp:3385:5 (jsc+0xdde036)
    #2 JSC::Heap::writeBarrier(JSC::JSCell const*, JSC::JSCell*) /root/WebKit/Source/JavaScriptCore/heap/HeapInlines.h:125:9 (jsc+0x1897d45)
    #3 JSC::VM::writeBarrier(JSC::JSCell const*, JSC::JSCell*) /root/WebKit/Source/JavaScriptCore/runtime/VM.h:1698:76 (jsc+0x1897d45)
    #4 JSC::ScriptExecutable::installCode(JSC::VM&, JSC::CodeBlock*, JSC::CodeType, JSC::CodeSpecializationKind, JSC::Profiler::JettisonReason) /root/WebKit/Source/JavaScriptCore/runtime/ScriptExecutable.cpp:371:12 (jsc+0x1897d45)
    #5 JSC::ScriptExecutable::installCode(JSC::CodeBlock*) /root/WebKit/Source/JavaScriptCore/runtime/ScriptExecutable.cpp:214:5 (jsc+0x1897b67)
    #6 JSC::BaselineJITPlan::finalize() /root/WebKit/Source/JavaScriptCore/jit/BaselineJITPlan.cpp:120:41 (jsc+0xeaa15f)
    #7 JSC::JITWorklist::completeAllReadyPlansForVM(JSC::VM&, JSC::JITCompilationKey) /root/WebKit/Source/JavaScriptCore/jit/JITWorklist.cpp:315:15 (jsc+0x1041e29)
    #8 JSC::LLInt::jitCompileAndSetHeuristics(JSC::VM&, JSC::CodeBlock*) /root/WebKit/Source/JavaScriptCore/llint/LLIntSlowPaths.cpp:469:76 (jsc+0x107a47a)
    #9 llint_loop_osr /root/WebKit/Source/JavaScriptCore/llint/LLIntSlowPaths.cpp:590:10 (jsc+0x1079fbb)
    #10 llint_op_loop_hint LowLevelInterpreter.cpp (jsc+0x1e2563c)
    #11 JSC::Interpreter::executeCall(JSC::JSObject*, JSC::CallData const&, JSC::JSValue, JSC::JSCell*, JSC::ArgList const&) /root/WebKit/Source/JavaScriptCore/interpreter/Interpreter.cpp (jsc+0xe8879d)
    #12 JSC::call(JSC::JSGlobalObject*, JSC::JSValue, JSC::CallData const&, JSC::JSValue, JSC::ArgList const&) /root/WebKit/Source/JavaScriptCore/runtime/CallData.cpp:70:27 (jsc+0x135c401)
    #13 JSC::call(JSC::JSGlobalObject*, JSC::JSValue, JSC::CallData const&, JSC::JSValue, JSC::ArgList const&, WTF::NakedPtr<JSC::Exception>&) /root/WebKit/Source/JavaScriptCore/runtime/CallData.cpp:77:22 (jsc+0x135c401)
    #14 JSC::threadMain(JSC::VM&, WTF::Ref<JSC::ThreadState, WTF::RawPtrTraits<JSC::ThreadState>, WTF::DefaultRefDerefTraits<JSC::ThreadState>>) /root/WebKit/Source/JavaScriptCore/runtime/ThreadObject.cpp:241:30 (jsc+0x19a402c)
    #15 JSC::constructThread(JSC::JSGlobalObject*, JSC::CallFrame*)::$_0::operator()() /root/WebKit/Source/JavaScriptCore/runtime/ThreadObject.cpp:468:9 (jsc+0x19a402c)
    #16 WTF::Detail::CallableWrapper<JSC::constructThread(JSC::JSGlobalObject*, JSC::CallFrame*)::$_0, void>::call() /root/WebKit/WebKitBuild/TSan/WTF/Headers/wtf/Function.h:59:39 (jsc+0x19a402c)
    #17 WTF::Function<void ()>::operator()() const /root/WebKit/Source/WTF/wtf/Function.h:103:35 (jsc+0x25b4a85)
    #18 WTF::Thread::entryPoint(WTF::Thread::NewThreadContext*) /root/WebKit/Source/WTF/wtf/Threading.cpp:312:5 (jsc+0x25b4a85)
    #19 WTF::wtfThreadEntryPoint(void*) /root/WebKit/Source/WTF/wtf/posix/ThreadingPOSIX.cpp:264:5 (jsc+0x26114a9)

  Previous write of size 8 at 0x7f7d18fd4718 by main thread:
    #0 JSC::Heap::addToRememberedSet(JSC::JSCell const*) /root/WebKit/Source/JavaScriptCore/heap/Heap.cpp:1433:23 (jsc+0xdd1c25)
    #1 JSC::Heap::writeBarrierSlowPath(JSC::JSCell const*) /root/WebKit/Source/JavaScriptCore/heap/Heap.cpp:3385:5 (jsc+0xdde036)
    #2 JSC::Heap::writeBarrier(JSC::JSCell const*) /root/WebKit/Source/JavaScriptCore/heap/HeapInlines.h:135:9 (jsc+0x13b23b4)
    #3 slow_path_enter /root/WebKit/Source/JavaScriptCore/runtime/CommonSlowPaths.cpp:1184:28 (jsc+0x13b23b4)
    #4 llint_op_enter LowLevelInterpreter.cpp (jsc+0x1e0762b)
    #5 JSC::evaluate(JSC::JSGlobalObject*, JSC::SourceCode const&, JSC::JSValue, WTF::NakedPtr<JSC::Exception>&) /root/WebKit/Source/JavaScriptCore/runtime/Completion.cpp:145:37 (jsc+0x13beb03)
    #6 runWithOptions(GlobalObject*, CommandLine&, bool&) /root/WebKit/Source/JavaScriptCore/jsc.cpp:3957:35 (jsc+0x1caeb5)
    #7 jscmain(int, char**)::$_0::operator()(JSC::VM&, GlobalObject*, bool&) const /root/WebKit/Source/JavaScriptCore/jsc.cpp:4686:13 (jsc+0x1caeb5)
    #8 int runJSC<jscmain(int, char**)::$_0>(CommandLine const&, bool, jscmain(int, char**)::$_0 const&) /root/WebKit/Source/JavaScriptCore/jsc.cpp:4472:13 (jsc+0x1caeb5)
    #9 jscmain(int, char**) /root/WebKit/Source/JavaScriptCore/jsc.cpp:4679:18 (jsc+0x1caeb5)
    #10 main /root/WebKit/Source/JavaScriptCore/jsc.cpp:3715:15 (jsc+0x1c9733)

  Location is heap block of size 150856 at 0x7f7d18fd4000 allocated by main thread:
    #0 malloc /home/runner/work/llvm-project/llvm-project/compiler-rt/lib/tsan/rtl/tsan_interceptors_posix.cpp:682:5 (jsc+0x13dc20)
    #1 bmalloc::api::malloc(unsigned long, bmalloc::CompactAllocationMode, bmalloc::HeapKind) /root/WebKit/WebKitBuild/TSan/bmalloc/Headers/bmalloc/bmalloc.h:96:20 (jsc+0x2597899)
    #2 WTF::fastMalloc(unsigned long) /root/WebKit/Source/WTF/wtf/FastMalloc.cpp:337:20 (jsc+0x2597899)
    #3 JSC::VM::operator new(unsigned long) /root/WebKit/Source/JavaScriptCore/runtime/VM.h:253:5 (jsc+0x19c1016)
    #4 JSC::VM::create(JSC::HeapType, WTF::RunLoop*) /root/WebKit/Source/JavaScriptCore/runtime/VM.cpp:1234:22 (jsc+0x19c1016)
    #5 int runJSC<jscmain(int, char**)::$_0>(CommandLine const&, bool, jscmain(int, char**)::$_0 const&) /root/WebKit/Source/JavaScriptCore/jsc.cpp:4438:14 (jsc+0x1c9cbd)
    #6 jscmain(int, char**) /root/WebKit/Source/JavaScriptCore/jsc.cpp:4679:18 (jsc+0x1c9cbd)
    #7 main /root/WebKit/Source/JavaScriptCore/jsc.cpp:3715:15 (jsc+0x1c9733)

  Thread T3 'JS Thread' (tid=2180004, running) created by main thread at:
    #0 pthread_create /home/runner/work/llvm-project/llvm-project/compiler-rt/lib/tsan/rtl/tsan_interceptors_posix.cpp:1090:3 (jsc+0x13ff1a)
    #1 WTF::Thread::establishHandle(WTF::Thread::NewThreadContext&, WTF::StackAllocationSpecification, WTF::ThreadQOS, WTF::ThreadSchedulingPolicy) /root/WebKit/Source/WTF/wtf/posix/ThreadingPOSIX.cpp:354:17 (jsc+0x2611395)
    #2 WTF::Thread::create(WTF::ASCIILiteral, WTF::Function<void ()>&&, WTF::ThreadType, WTF::ThreadQOS, WTF::ThreadSchedulingPolicy, WTF::StackAllocationSpecification) /root/WebKit/Source/WTF/wtf/Threading.cpp:330:32 (jsc+0x25b4dc3)
    #3 JSC::constructThread(JSC::JSGlobalObject*, JSC::CallFrame*) /root/WebKit/Source/JavaScriptCore/runtime/ThreadObject.cpp:467:5 (jsc+0x199c3ff)
    #4 <null> <null> (0x7f7cd6dff217)
    #5 JSC::evaluate(JSC::JSGlobalObject*, JSC::SourceCode const&, JSC::JSValue, WTF::NakedPtr<JSC::Exception>&) /root/WebKit/Source/JavaScriptCore/runtime/Completion.cpp:145:37 (jsc+0x13beb03)
    #6 runWithOptions(GlobalObject*, CommandLine&, bool&) /root/WebKit/Source/JavaScriptCore/jsc.cpp:3957:35 (jsc+0x1caeb5)
    #7 jscmain(int, char**)::$_0::operator()(JSC::VM&, GlobalObject*, bool&) const /root/WebKit/Source/JavaScriptCore/jsc.cpp:4686:13 (jsc+0x1caeb5)
    #8 int runJSC<jscmain(int, char**)::$_0>(CommandLine const&, bool, jscmain(int, char**)::$_0 const&) /root/WebKit/Source/JavaScriptCore/jsc.cpp:4472:13 (jsc+0x1caeb5)
    #9 jscmain(int, char**) /root/WebKit/Source/JavaScriptCore/jsc.cpp:4679:18 (jsc+0x1caeb5)
    #10 main /root/WebKit/Source/JavaScriptCore/jsc.cpp:3715:15 (jsc+0x1c9733)

SUMMARY: ThreadSanitizer: data race /root/WebKit/Source/JavaScriptCore/heap/Heap.cpp:1433:23 in JSC::Heap::addToRememberedSet(JSC::JSCell const*)
==================
==================
WARNING: ThreadSanitizer: data race (pid=2180000)
  Read of size 8 at 0x720c00000070 by thread T3:
    #0 JSC::GCSegmentedArray<JSC::JSCell const*>::append(JSC::JSCell const*) /root/WebKit/Source/JavaScriptCore/heap/GCSegmentedArrayInlines.h:191:9 (jsc+0xdd1ca7)
    #1 JSC::MarkStackArray::append(JSC::JSCell const*) /root/WebKit/WebKitBuild/TSan/JavaScriptCore/PrivateHeaders/JavaScriptCore/MarkStack.h:62:42 (jsc+0xdd1ca7)
    #2 JSC::Heap::addToRememberedSet(JSC::JSCell const*) /root/WebKit/Source/JavaScriptCore/heap/Heap.cpp:1480:25 (jsc+0xdd1ca7)
    #3 JSC::Heap::writeBarrierSlowPath(JSC::JSCell const*) /root/WebKit/Source/JavaScriptCore/heap/Heap.cpp:3385:5 (jsc+0xdde036)
    #4 JSC::Heap::writeBarrier(JSC::JSCell const*, JSC::JSCell*) /root/WebKit/Source/JavaScriptCore/heap/HeapInlines.h:125:9 (jsc+0x1897d45)
    #5 JSC::VM::writeBarrier(JSC::JSCell const*, JSC::JSCell*) /root/WebKit/Source/JavaScriptCore/runtime/VM.h:1698:76 (jsc+0x1897d45)
    #6 JSC::ScriptExecutable::installCode(JSC::VM&, JSC::CodeBlock*, JSC::CodeType, JSC::CodeSpecializationKind, JSC::Profiler::JettisonReason) /root/WebKit/Source/JavaScriptCore/runtime/ScriptExecutable.cpp:371:12 (jsc+0x1897d45)
    #7 JSC::ScriptExecutable::installCode(JSC::CodeBlock*) /root/WebKit/Source/JavaScriptCore/runtime/ScriptExecutable.cpp:214:5 (jsc+0x1897b67)
    #8 JSC::BaselineJITPlan::finalize() /root/WebKit/Source/JavaScriptCore/jit/BaselineJITPlan.cpp:120:41 (jsc+0xeaa15f)
    #9 JSC::JITWorklist::completeAllReadyPlansForVM(JSC::VM&, JSC::JITCompilationKey) /root/WebKit/Source/JavaScriptCore/jit/JITWorklist.cpp:315:15 (jsc+0x1041e29)
    #10 JSC::LLInt::jitCompileAndSetHeuristics(JSC::VM&, JSC::CodeBlock*) /root/WebKit/Source/JavaScriptCore/llint/LLIntSlowPaths.cpp:469:76 (jsc+0x107a47a)
    #11 llint_loop_osr /root/WebKit/Source/JavaScriptCore/llint/LLIntSlowPaths.cpp:590:10 (jsc+0x1079fbb)
    #12 llint_op_loop_hint LowLevelInterpreter.cpp (jsc+0x1e2563c)
    #13 JSC::Interpreter::executeCall(JSC::JSObject*, JSC::CallData const&, JSC::JSValue, JSC::JSCell*, JSC::ArgList const&) /root/WebKit/Source/JavaScriptCore/interpreter/Interpreter.cpp (jsc+0xe8879d)
    #14 JSC::call(JSC::JSGlobalObject*, JSC::JSValue, JSC::CallData const&, JSC::JSValue, JSC::ArgList const&) /root/WebKit/Source/JavaScriptCore/runtime/CallData.cpp:70:27 (jsc+0x135c401)
    #15 JSC::call(JSC::JSGlobalObject*, JSC::JSValue, JSC::CallData const&, JSC::JSValue, JSC::ArgList const&, WTF::NakedPtr<JSC::Exception>&) /root/WebKit/Source/JavaScriptCore/runtime/CallData.cpp:77:22 (jsc+0x135c401)
    #16 JSC::threadMain(JSC::VM&, WTF::Ref<JSC::ThreadState, WTF::RawPtrTraits<JSC::ThreadState>, WTF::DefaultRefDerefTraits<JSC::ThreadState>>) /root/WebKit/Source/JavaScriptCore/runtime/ThreadObject.cpp:241:30 (jsc+0x19a402c)
    #17 JSC::constructThread(JSC::JSGlobalObject*, JSC::CallFrame*)::$_0::operator()() /root/WebKit/Source/JavaScriptCore/runtime/ThreadObject.cpp:468:9 (jsc+0x19a402c)
    #18 WTF::Detail::CallableWrapper<JSC::constructThread(JSC::JSGlobalObject*, JSC::CallFrame*)::$_0, void>::call() /root/WebKit/WebKitBuild/TSan/WTF/Headers/wtf/Function.h:59:39 (jsc+0x19a402c)
    #19 WTF::Function<void ()>::operator()() const /root/WebKit/Source/WTF/wtf/Function.h:103:35 (jsc+0x25b4a85)
    #20 WTF::Thread::entryPoint(WTF::Thread::NewThreadContext*) /root/WebKit/Source/WTF/wtf/Threading.cpp:312:5 (jsc+0x25b4a85)
    #21 WTF::wtfThreadEntryPoint(void*) /root/WebKit/Source/WTF/wtf/posix/ThreadingPOSIX.cpp:264:5 (jsc+0x26114a9)

  Previous write of size 8 at 0x720c00000070 by main thread:
    #0 JSC::GCSegmentedArray<JSC::JSCell const*>::postIncTop() /root/WebKit/Source/JavaScriptCore/heap/GCSegmentedArrayInlines.h:144:26 (jsc+0xdd1d4f)
    #1 JSC::GCSegmentedArray<JSC::JSCell const*>::append(JSC::JSCell const*) /root/WebKit/Source/JavaScriptCore/heap/GCSegmentedArrayInlines.h:193:31 (jsc+0xdd1d4f)
    #2 JSC::MarkStackArray::append(JSC::JSCell const*) /root/WebKit/WebKitBuild/TSan/JavaScriptCore/PrivateHeaders/JavaScriptCore/MarkStack.h:62:42 (jsc+0xdd1d4f)
    #3 JSC::Heap::addToRememberedSet(JSC::JSCell const*) /root/WebKit/Source/JavaScriptCore/heap/Heap.cpp:1480:25 (jsc+0xdd1d4f)
    #4 JSC::Heap::writeBarrierSlowPath(JSC::JSCell const*) /root/WebKit/Source/JavaScriptCore/heap/Heap.cpp:3385:5 (jsc+0xdde036)
    #5 JSC::Heap::writeBarrier(JSC::JSCell const*) /root/WebKit/Source/JavaScriptCore/heap/HeapInlines.h:135:9 (jsc+0x13b23b4)
    #6 slow_path_enter /root/WebKit/Source/JavaScriptCore/runtime/CommonSlowPaths.cpp:1184:28 (jsc+0x13b23b4)
    #7 llint_op_enter LowLevelInterpreter.cpp (jsc+0x1e0762b)
    #8 JSC::evaluate(JSC::JSGlobalObject*, JSC::SourceCode const&, JSC::JSValue, WTF::NakedPtr<JSC::Exception>&) /root/WebKit/Source/JavaScriptCore/runtime/Completion.cpp:145:37 (jsc+0x13beb03)
    #9 runWithOptions(GlobalObject*, CommandLine&, bool&) /root/WebKit/Source/JavaScriptCore/jsc.cpp:3957:35 (jsc+0x1caeb5)
    #10 jscmain(int, char**)::$_0::operator()(JSC::VM&, GlobalObject*, bool&) const /root/WebKit/Source/JavaScriptCore/jsc.cpp:4686:13 (jsc+0x1caeb5)
    #11 int runJSC<jscmain(int, char**)::$_0>(CommandLine const&, bool, jscmain(int, char**)::$_0 const&) /root/WebKit/Source/JavaScriptCore/jsc.cpp:4472:13 (jsc+0x1caeb5)
    #12 jscmain(int, char**) /root/WebKit/Source/JavaScriptCore/jsc.cpp:4679:18 (jsc+0x1caeb5)
    #13 main /root/WebKit/Source/JavaScriptCore/jsc.cpp:3715:15 (jsc+0x1c9733)

  Location is heap block of size 40 at 0x720c00000060 allocated by main thread:
    #0 malloc /home/runner/work/llvm-project/llvm-project/compiler-rt/lib/tsan/rtl/tsan_interceptors_posix.cpp:682:5 (jsc+0x13dc20)
    #1 bmalloc::api::malloc(unsigned long, bmalloc::CompactAllocationMode, bmalloc::HeapKind) /root/WebKit/WebKitBuild/TSan/bmalloc/Headers/bmalloc/bmalloc.h:96:20 (jsc+0x2597899)
    #2 WTF::fastMalloc(unsigned long) /root/WebKit/Source/WTF/wtf/FastMalloc.cpp:337:20 (jsc+0x2597899)
    #3 JSC::GCSegmentedArray<JSC::JSCell const*>::operator new(unsigned long) /root/WebKit/WebKitBuild/TSan/JavaScriptCore/PrivateHeaders/JavaScriptCore/GCSegmentedArray.h:75:5 (jsc+0xdc4beb)
    #4 std::__detail::_MakeUniq<JSC::MarkStackArray>::__single_object std::make_unique<JSC::MarkStackArray>() /usr/lib/gcc/x86_64-amazon-linux/14/../../../../include/c++/14/bits/unique_ptr.h:1077:30 (jsc+0xdc4beb)
    #5 decltype(auto) WTF::makeUnique<JSC::MarkStackArray>() /root/WebKit/WebKitBuild/TSan/WTF/Headers/wtf/StdLibExtras.h:893:12 (jsc+0xdc4beb)
    #6 JSC::Heap::Heap(JSC::VM&, JSC::HeapType) /root/WebKit/Source/JavaScriptCore/heap/Heap.cpp:380:26 (jsc+0xdc4beb)
    #7 JSC::VM::VM(JSC::VM::VMType, JSC::HeapType, WTF::RunLoop*, bool*) /root/WebKit/Source/JavaScriptCore/runtime/VM.cpp:362:7 (jsc+0x19b4cd1)
    #8 JSC::VM::create(JSC::HeapType, WTF::RunLoop*) /root/WebKit/Source/JavaScriptCore/runtime/VM.cpp:1234:26 (jsc+0x19c102c)
    #9 int runJSC<jscmain(int, char**)::$_0>(CommandLine const&, bool, jscmain(int, char**)::$_0 const&) /root/WebKit/Source/JavaScriptCore/jsc.cpp:4438:14 (jsc+0x1c9cbd)
    #10 jscmain(int, char**) /root/WebKit/Source/JavaScriptCore/jsc.cpp:4679:18 (jsc+0x1c9cbd)
    #11 main /root/WebKit/Source/JavaScriptCore/jsc.cpp:3715:15 (jsc+0x1c9733)

  Thread T3 'JS Thread' (tid=2180004, running) created by main thread at:
    #0 pthread_create /home/runner/work/llvm-project/llvm-project/compiler-rt/lib/tsan/rtl/tsan_interceptors_posix.cpp:1090:3 (jsc+0x13ff1a)
    #1 WTF::Thread::establishHandle(WTF::Thread::NewThreadContext&, WTF::StackAllocationSpecification, WTF::ThreadQOS, WTF::ThreadSchedulingPolicy) /root/WebKit/Source/WTF/wtf/posix/ThreadingPOSIX.cpp:354:17 (jsc+0x2611395)
    #2 WTF::Thread::create(WTF::ASCIILiteral, WTF::Function<void ()>&&, WTF::ThreadType, WTF::ThreadQOS, WTF::ThreadSchedulingPolicy, WTF::StackAllocationSpecification) /root/WebKit/Source/WTF/wtf/Threading.cpp:330:32 (jsc+0x25b4dc3)
    #3 JSC::constructThread(JSC::JSGlobalObject*, JSC::CallFrame*) /root/WebKit/Source/JavaScriptCore/runtime/ThreadObject.cpp:467:5 (jsc+0x199c3ff)
    #4 <null> <null> (0x7f7cd6dff217)
    #5 JSC::evaluate(JSC::JSGlobalObject*, JSC::SourceCode const&, JSC::JSValue, WTF::NakedPtr<JSC::Exception>&) /root/WebKit/Source/JavaScriptCore/runtime/Completion.cpp:145:37 (jsc+0x13beb03)
    #6 runWithOptions(GlobalObject*, CommandLine&, bool&) /root/WebKit/Source/JavaScriptCore/jsc.cpp:3957:35 (jsc+0x1caeb5)
    #7 jscmain(int, char**)::$_0::operator()(JSC::VM&, GlobalObject*, bool&) const /root/WebKit/Source/JavaScriptCore/jsc.cpp:4686:13 (jsc+0x1caeb5)
    #8 int runJSC<jscmain(int, char**)::$_0>(CommandLine const&, bool, jscmain(int, char**)::$_0 const&) /root/WebKit/Source/JavaScriptCore/jsc.cpp:4472:13 (jsc+0x1caeb5)
    #9 jscmain(int, char**) /root/WebKit/Source/JavaScriptCore/jsc.cpp:4679:18 (jsc+0x1caeb5)
    #10 main /root/WebKit/Source/JavaScriptCore/jsc.cpp:3715:15 (jsc+0x1c9733)

SUMMARY: ThreadSanitizer: data race /root/WebKit/Source/JavaScriptCore/heap/GCSegmentedArrayInlines.h:191:9 in JSC::GCSegmentedArray<JSC::JSCell const*>::append(JSC::JSCell const*)
==================
==================
WARNING: ThreadSanitizer: data race (pid=2180000)
  Write of size 8 at 0x7f7d18fd4718 by thread T3:
    #0 JSC::Heap::addToRememberedSet(JSC::JSCell const*) /root/WebKit/Source/JavaScriptCore/heap/Heap.cpp:1433:23 (jsc+0xdd1c25)
    #1 JSC::Heap::writeBarrierSlowPath(JSC::JSCell const*) /root/WebKit/Source/JavaScriptCore/heap/Heap.cpp:3385:5 (jsc+0xdde036)
    #2 JSC::Heap::writeBarrier(JSC::JSCell const*, JSC::JSCell*) /root/WebKit/Source/JavaScriptCore/heap/HeapInlines.h:125:9 (jsc+0x1897d45)
    #3 JSC::VM::writeBarrier(JSC::JSCell const*, JSC::JSCell*) /root/WebKit/Source/JavaScriptCore/runtime/VM.h:1698:76 (jsc+0x1897d45)
    #4 JSC::ScriptExecutable::installCode(JSC::VM&, JSC::CodeBlock*, JSC::CodeType, JSC::CodeSpecializationKind, JSC::Profiler::JettisonReason) /root/WebKit/Source/JavaScriptCore/runtime/ScriptExecutable.cpp:371:12 (jsc+0x1897d45)
    #5 JSC::ScriptExecutable::installCode(JSC::CodeBlock*) /root/WebKit/Source/JavaScriptCore/runtime/ScriptExecutable.cpp:214:5 (jsc+0x1897b67)
    #6 JSC::BaselineJITPlan::finalize() /root/WebKit/Source/JavaScriptCore/jit/BaselineJITPlan.cpp:120:41 (jsc+0xeaa15f)
    #7 JSC::JITWorklist::completeAllReadyPlansForVM(JSC::VM&, JSC::JITCompilationKey) /root/WebKit/Source/JavaScriptCore/jit/JITWorklist.cpp:315:15 (jsc+0x1041e29)
    #8 JSC::LLInt::jitCompileAndSetHeuristics(JSC::VM&, JSC::CodeBlock*) /root/WebKit/Source/JavaScriptCore/llint/LLIntSlowPaths.cpp:469:76 (jsc+0x107a47a)
    #9 JSC::LLInt::entryOSR(JSC::CodeBlock*, char const*, JSC::LLInt::EntryKind) /root/WebKit/Source/JavaScriptCore/llint/LLIntSlowPaths.cpp:519:10 (jsc+0x10799b2)
    #10 llint_entry_osr_function_for_call /root/WebKit/Source/JavaScriptCore/llint/LLIntSlowPaths.cpp:546:12 (jsc+0x1079c13)
    #11 llint_function_for_call_prologue LowLevelInterpreter.cpp (jsc+0x1e06c9e)
    #12 JSC::Interpreter::executeCall(JSC::JSObject*, JSC::CallData const&, JSC::JSValue, JSC::JSCell*, JSC::ArgList const&) /root/WebKit/Source/JavaScriptCore/interpreter/Interpreter.cpp (jsc+0xe8879d)
    #13 JSC::call(JSC::JSGlobalObject*, JSC::JSValue, JSC::CallData const&, JSC::JSValue, JSC::ArgList const&) /root/WebKit/Source/JavaScriptCore/runtime/CallData.cpp:70:27 (jsc+0x135c401)
    #14 JSC::call(JSC::JSGlobalObject*, JSC::JSValue, JSC::CallData const&, JSC::JSValue, JSC::ArgList const&, WTF::NakedPtr<JSC::Exception>&) /root/WebKit/Source/JavaScriptCore/runtime/CallData.cpp:77:22 (jsc+0x135c401)
    #15 JSC::threadMain(JSC::VM&, WTF::Ref<JSC::ThreadState, WTF::RawPtrTraits<JSC::ThreadState>, WTF::DefaultRefDerefTraits<JSC::ThreadState>>) /root/WebKit/Source/JavaScriptCore/runtime/ThreadObject.cpp:241:30 (jsc+0x19a402c)
    #16 JSC::constructThread(JSC::JSGlobalObject*, JSC::CallFrame*)::$_0::operator()() /root/WebKit/Source/JavaScriptCore/runtime/ThreadObject.cpp:468:9 (jsc+0x19a402c)
    #17 WTF::Detail::CallableWrapper<JSC::constructThread(JSC::JSGlobalObject*, JSC::CallFrame*)::$_0, void>::call() /root/WebKit/WebKitBuild/TSan/WTF/Headers/wtf/Function.h:59:39 (jsc+0x19a402c)
    #18 WTF::Function<void ()>::operator()() const /root/WebKit/Source/WTF/wtf/Function.h:103:35 (jsc+0x25b4a85)
    #19 WTF::Thread::entryPoint(WTF::Thread::NewThreadContext*) /root/WebKit/Source/WTF/wtf/Threading.cpp:312:5 (jsc+0x25b4a85)
    #20 WTF::wtfThreadEntryPoint(void*) /root/WebKit/Source/WTF/wtf/posix/ThreadingPOSIX.cpp:264:5 (jsc+0x26114a9)

  Previous write of size 8 at 0x7f7d18fd4718 by main thread:
    #0 JSC::Heap::addToRememberedSet(JSC::JSCell const*) /root/WebKit/Source/JavaScriptCore/heap/Heap.cpp:1433:23 (jsc+0xdd1c25)
    #1 JSC::Heap::writeBarrierSlowPath(JSC::JSCell const*) /root/WebKit/Source/JavaScriptCore/heap/Heap.cpp:3385:5 (jsc+0xdde036)
    #2 JSC::Heap::writeBarrier(JSC::JSCell const*) /root/WebKit/Source/JavaScriptCore/heap/HeapInlines.h:135:9 (jsc+0x13b23b4)
    #3 slow_path_enter /root/WebKit/Source/JavaScriptCore/runtime/CommonSlowPaths.cpp:1184:28 (jsc+0x13b23b4)
    #4 llint_op_enter LowLevelInterpreter.cpp (jsc+0x1e0762b)
    #5 JSC::evaluate(JSC::JSGlobalObject*, JSC::SourceCode const&, JSC::JSValue, WTF::NakedPtr<JSC::Exception>&) /root/WebKit/Source/JavaScriptCore/runtime/Completion.cpp:145:37 (jsc+0x13beb03)
    #6 runWithOptions(GlobalObject*, CommandLine&, bool&) /root/WebKit/Source/JavaScriptCore/jsc.cpp:3957:35 (jsc+0x1caeb5)
    #7 jscmain(int, char**)::$_0::operator()(JSC::VM&, GlobalObject*, bool&) const /root/WebKit/Source/JavaScriptCore/jsc.cpp:4686:13 (jsc+0x1caeb5)
    #8 int runJSC<jscmain(int, char**)::$_0>(CommandLine const&, bool, jscmain(int, char**)::$_0 const&) /root/WebKit/Source/JavaScriptCore/jsc.cpp:4472:13 (jsc+0x1caeb5)
    #9 jscmain(int, char**) /root/WebKit/Source/JavaScriptCore/jsc.cpp:4679:18 (jsc+0x1caeb5)
    #10 main /root/WebKit/Source/JavaScriptCore/jsc.cpp:3715:15 (jsc+0x1c9733)

  Location is heap block of size 150856 at 0x7f7d18fd4000 allocated by main thread:
    #0 malloc /home/runner/work/llvm-project/llvm-project/compiler-rt/lib/tsan/rtl/tsan_interceptors_posix.cpp:682:5 (jsc+0x13dc20)
    #1 bmalloc::api::malloc(unsigned long, bmalloc::CompactAllocationMode, bmalloc::HeapKind) /root/WebKit/WebKitBuild/TSan/bmalloc/Headers/bmalloc/bmalloc.h:96:20 (jsc+0x2597899)
    #2 WTF::fastMalloc(unsigned long) /root/WebKit/Source/WTF/wtf/FastMalloc.cpp:337:20 (jsc+0x2597899)
    #3 JSC::VM::operator new(unsigned long) /root/WebKit/Source/JavaScriptCore/runtime/VM.h:253:5 (jsc+0x19c1016)
    #4 JSC::VM::create(JSC::HeapType, WTF::RunLoop*) /root/WebKit/Source/JavaScriptCore/runtime/VM.cpp:1234:22 (jsc+0x19c1016)
    #5 int runJSC<jscmain(int, char**)::$_0>(CommandLine const&, bool, jscmain(int, char**)::$_0 const&) /root/WebKit/Source/JavaScriptCore/jsc.cpp:4438:14 (jsc+0x1c9cbd)
    #6 jscmain(int, char**) /root/WebKit/Source/JavaScriptCore/jsc.cpp:4679:18 (jsc+0x1c9cbd)
    #7 main /root/WebKit/Source/JavaScriptCore/jsc.cpp:3715:15 (jsc+0x1c9733)

  Thread T3 'JS Thread' (tid=2180004, running) created by main thread at:
    #0 pthread_create /home/runner/work/llvm-project/llvm-project/compiler-rt/lib/tsan/rtl/tsan_interceptors_posix.cpp:1090:3 (jsc+0x13ff1a)
    #1 WTF::Thread::establishHandle(WTF::Thread::NewThreadContext&, WTF::StackAllocationSpecification, WTF::ThreadQOS, WTF::ThreadSchedulingPolicy) /root/WebKit/Source/WTF/wtf/posix/ThreadingPOSIX.cpp:354:17 (jsc+0x2611395)
    #2 WTF::Thread::create(WTF::ASCIILiteral, WTF::Function<void ()>&&, WTF::ThreadType, WTF::ThreadQOS, WTF::ThreadSchedulingPolicy, WTF::StackAllocationSpecification) /root/WebKit/Source/WTF/wtf/Threading.cpp:330:32 (jsc+0x25b4dc3)
    #3 JSC::constructThread(JSC::JSGlobalObject*, JSC::CallFrame*) /root/WebKit/Source/JavaScriptCore/runtime/ThreadObject.cpp:467:5 (jsc+0x199c3ff)
    #4 <null> <null> (0x7f7cd6dff217)
    #5 JSC::evaluate(JSC::JSGlobalObject*, JSC::SourceCode const&, JSC::JSValue, WTF::NakedPtr<JSC::Exception>&) /root/WebKit/Source/JavaScriptCore/runtime/Completion.cpp:145:37 (jsc+0x13beb03)
    #6 runWithOptions(GlobalObject*, CommandLine&, bool&) /root/WebKit/Source/JavaScriptCore/jsc.cpp:3957:35 (jsc+0x1caeb5)
    #7 jscmain(int, char**)::$_0::operator()(JSC::VM&, GlobalObject*, bool&) const /root/WebKit/Source/JavaScriptCore/jsc.cpp:4686:13 (jsc+0x1caeb5)
    #8 int runJSC<jscmain(int, char**)::$_0>(CommandLine const&, bool, jscmain(int, char**)::$_0 const&) /root/WebKit/Source/JavaScriptCore/jsc.cpp:4472:13 (jsc+0x1caeb5)
    #9 jscmain(int, char**) /root/WebKit/Source/JavaScriptCore/jsc.cpp:4679:18 (jsc+0x1caeb5)
    #10 main /root/WebKit/Source/JavaScriptCore/jsc.cpp:3715:15 (jsc+0x1c9733)

SUMMARY: ThreadSanitizer: data race /root/WebKit/Source/JavaScriptCore/heap/Heap.cpp:1433:23 in JSC::Heap::addToRememberedSet(JSC::JSCell const*)
==================
==================
WARNING: ThreadSanitizer: data race (pid=2180000)
  Write of size 8 at 0x720c00000070 by thread T3:
    #0 JSC::GCSegmentedArray<JSC::JSCell const*>::postIncTop() /root/WebKit/Source/JavaScriptCore/heap/GCSegmentedArrayInlines.h:144:26 (jsc+0xdd1d4f)
    #1 JSC::GCSegmentedArray<JSC::JSCell const*>::append(JSC::JSCell const*) /root/WebKit/Source/JavaScriptCore/heap/GCSegmentedArrayInlines.h:193:31 (jsc+0xdd1d4f)
    #2 JSC::MarkStackArray::append(JSC::JSCell const*) /root/WebKit/WebKitBuild/TSan/JavaScriptCore/PrivateHeaders/JavaScriptCore/MarkStack.h:62:42 (jsc+0xdd1d4f)
    #3 JSC::Heap::addToRememberedSet(JSC::JSCell const*) /root/WebKit/Source/JavaScriptCore/heap/Heap.cpp:1480:25 (jsc+0xdd1d4f)
    #4 JSC::Heap::writeBarrierSlowPath(JSC::JSCell const*) /root/WebKit/Source/JavaScriptCore/heap/Heap.cpp:3385:5 (jsc+0xdde036)
    #5 JSC::Heap::writeBarrier(JSC::JSCell const*, JSC::JSCell*) /root/WebKit/Source/JavaScriptCore/heap/HeapInlines.h:125:9 (jsc+0x1897d45)
    #6 JSC::VM::writeBarrier(JSC::JSCell const*, JSC::JSCell*) /root/WebKit/Source/JavaScriptCore/runtime/VM.h:1698:76 (jsc+0x1897d45)
    #7 JSC::ScriptExecutable::installCode(JSC::VM&, JSC::CodeBlock*, JSC::CodeType, JSC::CodeSpecializationKind, JSC::Profiler::JettisonReason) /root/WebKit/Source/JavaScriptCore/runtime/ScriptExecutable.cpp:371:12 (jsc+0x1897d45)
    #8 JSC::ScriptExecutable::installCode(JSC::CodeBlock*) /root/WebKit/Source/JavaScriptCore/runtime/ScriptExecutable.cpp:214:5 (jsc+0x1897b67)
    #9 JSC::BaselineJITPlan::finalize() /root/WebKit/Source/JavaScriptCore/jit/BaselineJITPlan.cpp:120:41 (jsc+0xeaa15f)
    #10 JSC::JITWorklist::completeAllReadyPlansForVM(JSC::VM&, JSC::JITCompilationKey) /root/WebKit/Source/JavaScriptCore/jit/JITWorklist.cpp:315:15 (jsc+0x1041e29)
    #11 JSC::LLInt::jitCompileAndSetHeuristics(JSC::VM&, JSC::CodeBlock*) /root/WebKit/Source/JavaScriptCore/llint/LLIntSlowPaths.cpp:469:76 (jsc+0x107a47a)
    #12 JSC::LLInt::entryOSR(JSC::CodeBlock*, char const*, JSC::LLInt::EntryKind) /root/WebKit/Source/JavaScriptCore/llint/LLIntSlowPaths.cpp:519:10 (jsc+0x10799b2)
    #13 llint_entry_osr_function_for_call /root/WebKit/Source/JavaScriptCore/llint/LLIntSlowPaths.cpp:546:12 (jsc+0x1079c13)
    #14 llint_function_for_call_prologue LowLevelInterpreter.cpp (jsc+0x1e06c9e)
    #15 JSC::Interpreter::executeCall(JSC::JSObject*, JSC::CallData const&, JSC::JSValue, JSC::JSCell*, JSC::ArgList const&) /root/WebKit/Source/JavaScriptCore/interpreter/Interpreter.cpp (jsc+0xe8879d)
    #16 JSC::call(JSC::JSGlobalObject*, JSC::JSValue, JSC::CallData const&, JSC::JSValue, JSC::ArgList const&) /root/WebKit/Source/JavaScriptCore/runtime/CallData.cpp:70:27 (jsc+0x135c401)
    #17 JSC::call(JSC::JSGlobalObject*, JSC::JSValue, JSC::CallData const&, JSC::JSValue, JSC::ArgList const&, WTF::NakedPtr<JSC::Exception>&) /root/WebKit/Source/JavaScriptCore/runtime/CallData.cpp:77:22 (jsc+0x135c401)
    #18 JSC::threadMain(JSC::VM&, WTF::Ref<JSC::ThreadState, WTF::RawPtrTraits<JSC::ThreadState>, WTF::DefaultRefDerefTraits<JSC::ThreadState>>) /root/WebKit/Source/JavaScriptCore/runtime/ThreadObject.cpp:241:30 (jsc+0x19a402c)
    #19 JSC::constructThread(JSC::JSGlobalObject*, JSC::CallFrame*)::$_0::operator()() /root/WebKit/Source/JavaScriptCore/runtime/ThreadObject.cpp:468:9 (jsc+0x19a402c)
    #20 WTF::Detail::CallableWrapper<JSC::constructThread(JSC::JSGlobalObject*, JSC::CallFrame*)::$_0, void>::call() /root/WebKit/WebKitBuild/TSan/WTF/Headers/wtf/Function.h:59:39 (jsc+0x19a402c)
    #21 WTF::Function<void ()>::operator()() const /root/WebKit/Source/WTF/wtf/Function.h:103:35 (jsc+0x25b4a85)
    #22 WTF::Thread::entryPoint(WTF::Thread::NewThreadContext*) /root/WebKit/Source/WTF/wtf/Threading.cpp:312:5 (jsc+0x25b4a85)
    #23 WTF::wtfThreadEntryPoint(void*) /root/WebKit/Source/WTF/wtf/posix/ThreadingPOSIX.cpp:264:5 (jsc+0x26114a9)

  Previous write of size 8 at 0x720c00000070 by main thread:
    #0 JSC::GCSegmentedArray<JSC::JSCell const*>::postIncTop() /root/WebKit/Source/JavaScriptCore/heap/GCSegmentedArrayInlines.h:144:26 (jsc+0xdd1d4f)
    #1 JSC::GCSegmentedArray<JSC::JSCell const*>::append(JSC::JSCell const*) /root/WebKit/Source/JavaScriptCore/heap/GCSegmentedArrayInlines.h:193:31 (jsc+0xdd1d4f)
    #2 JSC::MarkStackArray::append(JSC::JSCell const*) /root/WebKit/WebKitBuild/TSan/JavaScriptCore/PrivateHeaders/JavaScriptCore/MarkStack.h:62:42 (jsc+0xdd1d4f)
    #3 JSC::Heap::addToRememberedSet(JSC::JSCell const*) /root/WebKit/Source/JavaScriptCore/heap/Heap.cpp:1480:25 (jsc+0xdd1d4f)
    #4 JSC::Heap::writeBarrierSlowPath(JSC::JSCell const*) /root/WebKit/Source/JavaScriptCore/heap/Heap.cpp:3385:5 (jsc+0xdde036)
    #5 JSC::Heap::writeBarrier(JSC::JSCell const*) /root/WebKit/Source/JavaScriptCore/heap/HeapInlines.h:135:9 (jsc+0x13b23b4)
    #6 slow_path_enter /root/WebKit/Source/JavaScriptCore/runtime/CommonSlowPaths.cpp:1184:28 (jsc+0x13b23b4)
    #7 llint_op_enter LowLevelInterpreter.cpp (jsc+0x1e0762b)
    #8 JSC::evaluate(JSC::JSGlobalObject*, JSC::SourceCode const&, JSC::JSValue, WTF::NakedPtr<JSC::Exception>&) /root/WebKit/Source/JavaScriptCore/runtime/Completion.cpp:145:37 (jsc+0x13beb03)
    #9 runWithOptions(GlobalObject*, CommandLine&, bool&) /root/WebKit/Source/JavaScriptCore/jsc.cpp:3957:35 (jsc+0x1caeb5)
    #10 jscmain(int, char**)::$_0::operator()(JSC::VM&, GlobalObject*, bool&) const /root/WebKit/Source/JavaScriptCore/jsc.cpp:4686:13 (jsc+0x1caeb5)
    #11 int runJSC<jscmain(int, char**)::$_0>(CommandLine const&, bool, jscmain(int, char**)::$_0 const&) /root/WebKit/Source/JavaScriptCore/jsc.cpp:4472:13 (jsc+0x1caeb5)
    #12 jscmain(int, char**) /root/WebKit/Source/JavaScriptCore/jsc.cpp:4679:18 (jsc+0x1caeb5)
    #13 main /root/WebKit/Source/JavaScriptCore/jsc.cpp:3715:15 (jsc+0x1c9733)

  Location is heap block of size 40 at 0x720c00000060 allocated by main thread:
    #0 malloc /home/runner/work/llvm-project/llvm-project/compiler-rt/lib/tsan/rtl/tsan_interceptors_posix.cpp:682:5 (jsc+0x13dc20)
    #1 bmalloc::api::malloc(unsigned long, bmalloc::CompactAllocationMode, bmalloc::HeapKind) /root/WebKit/WebKitBuild/TSan/bmalloc/Headers/bmalloc/bmalloc.h:96:20 (jsc+0x2597899)
    #2 WTF::fastMalloc(unsigned long) /root/WebKit/Source/WTF/wtf/FastMalloc.cpp:337:20 (jsc+0x2597899)
    #3 JSC::GCSegmentedArray<JSC::JSCell const*>::operator new(unsigned long) /root/WebKit/WebKitBuild/TSan/JavaScriptCore/PrivateHeaders/JavaScriptCore/GCSegmentedArray.h:75:5 (jsc+0xdc4beb)
    #4 std::__detail::_MakeUniq<JSC::MarkStackArray>::__single_object std::make_unique<JSC::MarkStackArray>() /usr/lib/gcc/x86_64-amazon-linux/14/../../../../include/c++/14/bits/unique_ptr.h:1077:30 (jsc+0xdc4beb)
    #5 decltype(auto) WTF::makeUnique<JSC::MarkStackArray>() /root/WebKit/WebKitBuild/TSan/WTF/Headers/wtf/StdLibExtras.h:893:12 (jsc+0xdc4beb)
    #6 JSC::Heap::Heap(JSC::VM&, JSC::HeapType) /root/WebKit/Source/JavaScriptCore/heap/Heap.cpp:380:26 (jsc+0xdc4beb)
    #7 JSC::VM::VM(JSC::VM::VMType, JSC::HeapType, WTF::RunLoop*, bool*) /root/WebKit/Source/JavaScriptCore/runtime/VM.cpp:362:7 (jsc+0x19b4cd1)
    #8 JSC::VM::create(JSC::HeapType, WTF::RunLoop*) /root/WebKit/Source/JavaScriptCore/runtime/VM.cpp:1234:26 (jsc+0x19c102c)
    #9 int runJSC<jscmain(int, char**)::$_0>(CommandLine const&, bool, jscmain(int, char**)::$_0 const&) /root/WebKit/Source/JavaScriptCore/jsc.cpp:4438:14 (jsc+0x1c9cbd)
    #10 jscmain(int, char**) /root/WebKit/Source/JavaScriptCore/jsc.cpp:4679:18 (jsc+0x1c9cbd)
    #11 main /root/WebKit/Source/JavaScriptCore/jsc.cpp:3715:15 (jsc+0x1c9733)

  Thread T3 'JS Thread' (tid=2180004, running) created by main thread at:
    #0 pthread_create /home/runner/work/llvm-project/llvm-project/compiler-rt/lib/tsan/rtl/tsan_interceptors_posix.cpp:1090:3 (jsc+0x13ff1a)
    #1 WTF::Thread::establishHandle(WTF::Thread::NewThreadContext&, WTF::StackAllocationSpecification, WTF::ThreadQOS, WTF::ThreadSchedulingPolicy) /root/WebKit/Source/WTF/wtf/posix/ThreadingPOSIX.cpp:354:17 (jsc+0x2611395)
    #2 WTF::Thread::create(WTF::ASCIILiteral, WTF::Function<void ()>&&, WTF::ThreadType, WTF::ThreadQOS, WTF::ThreadSchedulingPolicy, WTF::StackAllocationSpecification) /root/WebKit/Source/WTF/wtf/Threading.cpp:330:32 (jsc+0x25b4dc3)
    #3 JSC::constructThread(JSC::JSGlobalObject*, JSC::CallFrame*) /root/WebKit/Source/JavaScriptCore/runtime/ThreadObject.cpp:467:5 (jsc+0x199c3ff)
    #4 <null> <null> (0x7f7cd6dff217)
    #5 JSC::evaluate(JSC::JSGlobalObject*, JSC::SourceCode const&, JSC::JSValue, WTF::NakedPtr<JSC::Exception>&) /root/WebKit/Source/JavaScriptCore/runtime/Completion.cpp:145:37 (jsc+0x13beb03)
    #6 runWithOptions(GlobalObject*, CommandLine&, bool&) /root/WebKit/Source/JavaScriptCore/jsc.cpp:3957:35 (jsc+0x1caeb5)
    #7 jscmain(int, char**)::$_0::operator()(JSC::VM&, GlobalObject*, bool&) const /root/WebKit/Source/JavaScriptCore/jsc.cpp:4686:13 (jsc+0x1caeb5)
    #8 int runJSC<jscmain(int, char**)::$_0>(CommandLine const&, bool, jscmain(int, char**)::$_0 const&) /root/WebKit/Source/JavaScriptCore/jsc.cpp:4472:13 (jsc+0x1caeb5)
    #9 jscmain(int, char**) /root/WebKit/Source/JavaScriptCore/jsc.cpp:4679:18 (jsc+0x1caeb5)
    #10 main /root/WebKit/Source/JavaScriptCore/jsc.cpp:3715:15 (jsc+0x1c9733)

SUMMARY: ThreadSanitizer: data race /root/WebKit/Source/JavaScriptCore/heap/GCSegmentedArrayInlines.h:144:26 in JSC::GCSegmentedArray<JSC::JSCell const*>::postIncTop()
==================
==================
WARNING: ThreadSanitizer: data race (pid=2180000)
  Write of size 8 at 0x7f7d18fd4718 by main thread:
    #0 JSC::Heap::addToRememberedSet(JSC::JSCell const*) /root/WebKit/Source/JavaScriptCore/heap/Heap.cpp:1433:23 (jsc+0xdd1c25)
    #1 JSC::Heap::writeBarrierSlowPath(JSC::JSCell const*) /root/WebKit/Source/JavaScriptCore/heap/Heap.cpp:3385:5 (jsc+0xdde036)
    #2 JSC::Heap::writeBarrier(JSC::JSCell const*) /root/WebKit/Source/JavaScriptCore/heap/HeapInlines.h:135:9 (jsc+0x1015020)
    #3 JSC::VM::writeBarrier(JSC::JSCell const*) /root/WebKit/Source/JavaScriptCore/runtime/VM.h:1696:64 (jsc+0x1015020)
    #4 JSC::PropertyInlineCache::considerRepatchingCacheImpl(JSC::VM&, JSC::CodeBlock*, JSC::Structure*, JSC::CacheableIdentifier) /root/WebKit/Source/JavaScriptCore/bytecode/PropertyInlineCache.h:405:20 (jsc+0x1015020)
    #5 JSC::PropertyInlineCache::considerRepatchingCacheBy(JSC::VM&, JSC::CodeBlock*, JSC::Structure*, JSC::CacheableIdentifier) /root/WebKit/Source/JavaScriptCore/bytecode/PropertyInlineCache.h:283:16 (jsc+0xfa080d)
    #6 operationGetByIdOptimize::$_0::operator()(bool, JSC::PropertySlot&) const /root/WebKit/Source/JavaScriptCore/jit/JITOperations.cpp:583:5 (jsc+0xfa080d)
    #7 std::invoke_result<operationGetByIdOptimize::$_0, bool, JSC::PropertySlot&>::type JSC::JSValue::getPropertySlot<operationGetByIdOptimize::$_0>(JSC::JSGlobalObject*, JSC::PropertyName, JSC::PropertySlot&, operationGetByIdOptimize::$_0) const /root/WebKit/Source/JavaScriptCore/runtime/JSCJSValuePropertyInlines.h:70:5 (jsc+0xfa080d)
    #8 std::invoke_result<operationGetByIdOptimize::$_0, bool, JSC::PropertySlot&>::type JSC::JSValue::getPropertySlot<operationGetByIdOptimize::$_0>(JSC::JSGlobalObject*, JSC::PropertyName, operationGetByIdOptimize::$_0) const /root/WebKit/Source/JavaScriptCore/runtime/JSCJSValuePropertyInlines.h:61:12 (jsc+0xfa080d)
    #9 operationGetByIdOptimize /root/WebKit/Source/JavaScriptCore/jit/JITOperations.cpp:583:5 (jsc+0xfa080d)
    #10 <null> <null> (0x7f7cd6e02184)
    #11 JSC::evaluate(JSC::JSGlobalObject*, JSC::SourceCode const&, JSC::JSValue, WTF::NakedPtr<JSC::Exception>&) /root/WebKit/Source/JavaScriptCore/runtime/Completion.cpp:145:37 (jsc+0x13beb03)
    #12 runWithOptions(GlobalObject*, CommandLine&, bool&) /root/WebKit/Source/JavaScriptCore/jsc.cpp:3957:35 (jsc+0x1caeb5)
    #13 jscmain(int, char**)::$_0::operator()(JSC::VM&, GlobalObject*, bool&) const /root/WebKit/Source/JavaScriptCore/jsc.cpp:4686:13 (jsc+0x1caeb5)
    #14 int runJSC<jscmain(int, char**)::$_0>(CommandLine const&, bool, jscmain(int, char**)::$_0 const&) /root/WebKit/Source/JavaScriptCore/jsc.cpp:4472:13 (jsc+0x1caeb5)
    #15 jscmain(int, char**) /root/WebKit/Source/JavaScriptCore/jsc.cpp:4679:18 (jsc+0x1caeb5)
    #16 main /root/WebKit/Source/JavaScriptCore/jsc.cpp:3715:15 (jsc+0x1c9733)

  Previous write of size 8 at 0x7f7d18fd4718 by thread T3:
    #0 JSC::Heap::addToRememberedSet(JSC::JSCell const*) /root/WebKit/Source/JavaScriptCore/heap/Heap.cpp:1433:23 (jsc+0xdd1c25)
    #1 JSC::Heap::writeBarrierSlowPath(JSC::JSCell const*) /root/WebKit/Source/JavaScriptCore/heap/Heap.cpp:3385:5 (jsc+0xdde036)
    #2 JSC::Structure::allocateRareData(JSC::VM&) /root/WebKit/Source/JavaScriptCore/runtime/Structure.cpp (jsc+0x190cc48)
    #3 JSC::Structure::ensurePropertyReplacementWatchpointSet(JSC::VM&, int) /root/WebKit/Source/JavaScriptCore/runtime/Structure.cpp:1958:9 (jsc+0x190cf31)
    #4 JSC::Structure::startWatchingPropertyForReplacements(JSC::VM&, int) /root/WebKit/Source/JavaScriptCore/runtime/Structure.h:973:9 (jsc+0x3470f9)
    #5 JSC::InlineCacheCompiler::compileOneAccessCaseHandler(WTF::Vector<JSC::AccessCase*, 16ul, WTF::CrashOnOverflow, 16ul, WTF::FastMalloc> const&, JSC::CodeBlock*, JSC::AccessCase&, WTF::Vector<JSC::WatchpointSet*, 8ul, WTF::CrashOnOverflow, 16ul, WTF::FastMalloc>&&) /root/WebKit/Source/JavaScriptCore/bytecode/InlineCacheCompiler.cpp:7542:48 (jsc+0x3470f9)
    #6 JSC::InlineCacheCompiler::compileHandler(JSC::GCSafeConcurrentJSLocker const&, WTF::Vector<JSC::AccessCase*, 16ul, WTF::CrashOnOverflow, 16ul, WTF::FastMalloc>&&, JSC::CodeBlock*, JSC::AccessCase&) /root/WebKit/Source/JavaScriptCore/bytecode/InlineCacheCompiler.cpp:7446:12 (jsc+0x3433f2)
    #7 JSC::PropertyInlineCache::addAccessCase(JSC::GCSafeConcurrentJSLocker const&, JSC::JSGlobalObject*, JSC::CodeBlock*, JSC::ECMAMode, JSC::CacheableIdentifier, WTF::RefPtr<JSC::AccessCase, WTF::RawPtrTraits<JSC::AccessCase>, WTF::DefaultRefDerefTraits<JSC::AccessCase>>)::$_0::operator()(WTF::Ref<JSC::AccessCase, WTF::RawPtrTraits<JSC::AccessCase>, WTF::DefaultRefDerefTraits<JSC::AccessCase>>&&) const /root/WebKit/Source/JavaScriptCore/bytecode/PropertyInlineCache.cpp:304:29 (jsc+0x382407)
    #8 JSC::PropertyInlineCache::addAccessCase(JSC::GCSafeConcurrentJSLocker const&, JSC::JSGlobalObject*, JSC::CodeBlock*, JSC::ECMAMode, JSC::CacheableIdentifier, WTF::RefPtr<JSC::AccessCase, WTF::RawPtrTraits<JSC::AccessCase>, WTF::DefaultRefDerefTraits<JSC::AccessCase>>) /root/WebKit/Source/JavaScriptCore/bytecode/PropertyInlineCache.cpp:276:37 (jsc+0x382407)
    #9 JSC::tryCacheGetBy(JSC::JSGlobalObject*, JSC::CodeBlock*, JSC::JSValue, JSC::CacheableIdentifier, JSC::PropertySlot const&, JSC::PropertyInlineCache&, JSC::GetByKind, bool) /root/WebKit/Source/JavaScriptCore/bytecode/Repatch.cpp:906:32 (jsc+0x39bc70)
    #10 JSC::repatchGetBy(JSC::JSGlobalObject*, JSC::CodeBlock*, JSC::JSValue, JSC::CacheableIdentifier, JSC::PropertySlot const&, JSC::PropertyInlineCache&, JSC::GetByKind, bool) /root/WebKit/Source/JavaScriptCore/bytecode/Repatch.cpp:923:13 (jsc+0x39bc70)
    #11 operationGetByIdOptimize::$_0::operator()(bool, JSC::PropertySlot&) const /root/WebKit/Source/JavaScriptCore/jit/JITOperations.cpp:583:5 (jsc+0xfa0844)
    #12 std::invoke_result<operationGetByIdOptimize::$_0, bool, JSC::PropertySlot&>::type JSC::JSValue::getPropertySlot<operationGetByIdOptimize::$_0>(JSC::JSGlobalObject*, JSC::PropertyName, JSC::PropertySlot&, operationGetByIdOptimize::$_0) const /root/WebKit/Source/JavaScriptCore/runtime/JSCJSValuePropertyInlines.h:70:5 (jsc+0xfa0844)
    #13 std::invoke_result<operationGetByIdOptimize::$_0, bool, JSC::PropertySlot&>::type JSC::JSValue::getPropertySlot<operationGetByIdOptimize::$_0>(JSC::JSGlobalObject*, JSC::PropertyName, operationGetByIdOptimize::$_0) const /root/WebKit/Source/JavaScriptCore/runtime/JSCJSValuePropertyInlines.h:61:12 (jsc+0xfa0844)
    #14 operationGetByIdOptimize /root/WebKit/Source/JavaScriptCore/jit/JITOperations.cpp:583:5 (jsc+0xfa0844)
    #15 <null> <null> (0x7f7cd6e02184)
    #16 JSC::Interpreter::executeCall(JSC::JSObject*, JSC::CallData const&, JSC::JSValue, JSC::JSCell*, JSC::ArgList const&) /root/WebKit/Source/JavaScriptCore/interpreter/Interpreter.cpp (jsc+0xe8879d)
    #17 JSC::call(JSC::JSGlobalObject*, JSC::JSValue, JSC::CallData const&, JSC::JSValue, JSC::ArgList const&) /root/WebKit/Source/JavaScriptCore/runtime/CallData.cpp:70:27 (jsc+0x135c401)
    #18 JSC::call(JSC::JSGlobalObject*, JSC::JSValue, JSC::CallData const&, JSC::JSValue, JSC::ArgList const&, WTF::NakedPtr<JSC::Exception>&) /root/WebKit/Source/JavaScriptCore/runtime/CallData.cpp:77:22 (jsc+0x135c401)
    #19 JSC::threadMain(JSC::VM&, WTF::Ref<JSC::ThreadState, WTF::RawPtrTraits<JSC::ThreadState>, WTF::DefaultRefDerefTraits<JSC::ThreadState>>) /root/WebKit/Source/JavaScriptCore/runtime/ThreadObject.cpp:241:30 (jsc+0x19a402c)
    #20 JSC::constructThread(JSC::JSGlobalObject*, JSC::CallFrame*)::$_0::operator()() /root/WebKit/Source/JavaScriptCore/runtime/ThreadObject.cpp:468:9 (jsc+0x19a402c)
    #21 WTF::Detail::CallableWrapper<JSC::constructThread(JSC::JSGlobalObject*, JSC::CallFrame*)::$_0, void>::call() /root/WebKit/WebKitBuild/TSan/WTF/Headers/wtf/Function.h:59:39 (jsc+0x19a402c)
    #22 WTF::Function<void ()>::operator()() const /root/WebKit/Source/WTF/wtf/Function.h:103:35 (jsc+0x25b4a85)
    #23 WTF::Thread::entryPoint(WTF::Thread::NewThreadContext*) /root/WebKit/Source/WTF/wtf/Threading.cpp:312:5 (jsc+0x25b4a85)
    #24 WTF::wtfThreadEntryPoint(void*) /root/WebKit/Source/WTF/wtf/posix/ThreadingPOSIX.cpp:264:5 (jsc+0x26114a9)

  Location is heap block of size 150856 at 0x7f7d18fd4000 allocated by main thread:
    #0 malloc /home/runner/work/llvm-project/llvm-project/compiler-rt/lib/tsan/rtl/tsan_interceptors_posix.cpp:682:5 (jsc+0x13dc20)
    #1 bmalloc::api::malloc(unsigned long, bmalloc::CompactAllocationMode, bmalloc::HeapKind) /root/WebKit/WebKitBuild/TSan/bmalloc/Headers/bmalloc/bmalloc.h:96:20 (jsc+0x2597899)
    #2 WTF::fastMalloc(unsigned long) /root/WebKit/Source/WTF/wtf/FastMalloc.cpp:337:20 (jsc+0x2597899)
    #3 JSC::VM::operator new(unsigned long) /root/WebKit/Source/JavaScriptCore/runtime/VM.h:253:5 (jsc+0x19c1016)
    #4 JSC::VM::create(JSC::HeapType, WTF::RunLoop*) /root/WebKit/Source/JavaScriptCore/runtime/VM.cpp:1234:22 (jsc+0x19c1016)
    #5 int runJSC<jscmain(int, char**)::$_0>(CommandLine const&, bool, jscmain(int, char**)::$_0 const&) /root/WebKit/Source/JavaScriptCore/jsc.cpp:4438:14 (jsc+0x1c9cbd)
    #6 jscmain(int, char**) /root/WebKit/Source/JavaScriptCore/jsc.cpp:4679:18 (jsc+0x1c9cbd)
    #7 main /root/WebKit/Source/JavaScriptCore/jsc.cpp:3715:15 (jsc+0x1c9733)

  Thread T3 'JS Thread' (tid=2180004, running) created by main thread at:
    #0 pthread_create /home/runner/work/llvm-project/llvm-project/compiler-rt/lib/tsan/rtl/tsan_interceptors_posix.cpp:1090:3 (jsc+0x13ff1a)
    #1 WTF::Thread::establishHandle(WTF::Thread::NewThreadContext&, WTF::StackAllocationSpecification, WTF::ThreadQOS, WTF::ThreadSchedulingPolicy) /root/WebKit/Source/WTF/wtf/posix/ThreadingPOSIX.cpp:354:17 (jsc+0x2611395)
    #2 WTF::Thread::create(WTF::ASCIILiteral, WTF::Function<void ()>&&, WTF::ThreadType, WTF::ThreadQOS, WTF::ThreadSchedulingPolicy, WTF::StackAllocationSpecification) /root/WebKit/Source/WTF/wtf/Threading.cpp:330:32 (jsc+0x25b4dc3)
    #3 JSC::constructThread(JSC::JSGlobalObject*, JSC::CallFrame*) /root/WebKit/Source/JavaScriptCore/runtime/ThreadObject.cpp:467:5 (jsc+0x199c3ff)
    #4 <null> <null> (0x7f7cd6dff217)
    #5 JSC::evaluate(JSC::JSGlobalObject*, JSC::SourceCode const&, JSC::JSValue, WTF::NakedPtr<JSC::Exception>&) /root/WebKit/Source/JavaScriptCore/runtime/Completion.cpp:145:37 (jsc+0x13beb03)
    #6 runWithOptions(GlobalObject*, CommandLine&, bool&) /root/WebKit/Source/JavaScriptCore/jsc.cpp:3957:35 (jsc+0x1caeb5)
    #7 jscmain(int, char**)::$_0::operator()(JSC::VM&, GlobalObject*, bool&) const /root/WebKit/Source/JavaScriptCore/jsc.cpp:4686:13 (jsc+0x1caeb5)
    #8 int runJSC<jscmain(int, char**)::$_0>(CommandLine const&, bool, jscmain(int, char**)::$_0 const&) /root/WebKit/Source/JavaScriptCore/jsc.cpp:4472:13 (jsc+0x1caeb5)
    #9 jscmain(int, char**) /root/WebKit/Source/JavaScriptCore/jsc.cpp:4679:18 (jsc+0x1caeb5)
    #10 main /root/WebKit/Source/JavaScriptCore/jsc.cpp:3715:15 (jsc+0x1c9733)

SUMMARY: ThreadSanitizer: data race /root/WebKit/Source/JavaScriptCore/heap/Heap.cpp:1433:23 in JSC::Heap::addToRememberedSet(JSC::JSCell const*)
==================
==================
WARNING: ThreadSanitizer: data race (pid=2180000)
  Write of size 8 at 0x720c00000070 by main thread:
    #0 JSC::GCSegmentedArray<JSC::JSCell const*>::postIncTop() /root/WebKit/Source/JavaScriptCore/heap/GCSegmentedArrayInlines.h:144:26 (jsc+0xdd1d4f)
    #1 JSC::GCSegmentedArray<JSC::JSCell const*>::append(JSC::JSCell const*) /root/WebKit/Source/JavaScriptCore/heap/GCSegmentedArrayInlines.h:193:31 (jsc+0xdd1d4f)
    #2 JSC::MarkStackArray::append(JSC::JSCell const*) /root/WebKit/WebKitBuild/TSan/JavaScriptCore/PrivateHeaders/JavaScriptCore/MarkStack.h:62:42 (jsc+0xdd1d4f)
    #3 JSC::Heap::addToRememberedSet(JSC::JSCell const*) /root/WebKit/Source/JavaScriptCore/heap/Heap.cpp:1480:25 (jsc+0xdd1d4f)
    #4 JSC::Heap::writeBarrierSlowPath(JSC::JSCell const*) /root/WebKit/Source/JavaScriptCore/heap/Heap.cpp:3385:5 (jsc+0xdde036)
    #5 JSC::Heap::writeBarrier(JSC::JSCell const*) /root/WebKit/Source/JavaScriptCore/heap/HeapInlines.h:135:9 (jsc+0x1015020)
    #6 JSC::VM::writeBarrier(JSC::JSCell const*) /root/WebKit/Source/JavaScriptCore/runtime/VM.h:1696:64 (jsc+0x1015020)
    #7 JSC::PropertyInlineCache::considerRepatchingCacheImpl(JSC::VM&, JSC::CodeBlock*, JSC::Structure*, JSC::CacheableIdentifier) /root/WebKit/Source/JavaScriptCore/bytecode/PropertyInlineCache.h:405:20 (jsc+0x1015020)
    #8 JSC::PropertyInlineCache::considerRepatchingCacheBy(JSC::VM&, JSC::CodeBlock*, JSC::Structure*, JSC::CacheableIdentifier) /root/WebKit/Source/JavaScriptCore/bytecode/PropertyInlineCache.h:283:16 (jsc+0xfa080d)
    #9 operationGetByIdOptimize::$_0::operator()(bool, JSC::PropertySlot&) const /root/WebKit/Source/JavaScriptCore/jit/JITOperations.cpp:583:5 (jsc+0xfa080d)
    #10 std::invoke_result<operationGetByIdOptimize::$_0, bool, JSC::PropertySlot&>::type JSC::JSValue::getPropertySlot<operationGetByIdOptimize::$_0>(JSC::JSGlobalObject*, JSC::PropertyName, JSC::PropertySlot&, operationGetByIdOptimize::$_0) const /root/WebKit/Source/JavaScriptCore/runtime/JSCJSValuePropertyInlines.h:70:5 (jsc+0xfa080d)
    #11 std::invoke_result<operationGetByIdOptimize::$_0, bool, JSC::PropertySlot&>::type JSC::JSValue::getPropertySlot<operationGetByIdOptimize::$_0>(JSC::JSGlobalObject*, JSC::PropertyName, operationGetByIdOptimize::$_0) const /root/WebKit/Source/JavaScriptCore/runtime/JSCJSValuePropertyInlines.h:61:12 (jsc+0xfa080d)
    #12 operationGetByIdOptimize /root/WebKit/Source/JavaScriptCore/jit/JITOperations.cpp:583:5 (jsc+0xfa080d)
    #13 <null> <null> (0x7f7cd6e02184)
    #14 JSC::evaluate(JSC::JSGlobalObject*, JSC::SourceCode const&, JSC::JSValue, WTF::NakedPtr<JSC::Exception>&) /root/WebKit/Source/JavaScriptCore/runtime/Completion.cpp:145:37 (jsc+0x13beb03)
    #15 runWithOptions(GlobalObject*, CommandLine&, bool&) /root/WebKit/Source/JavaScriptCore/jsc.cpp:3957:35 (jsc+0x1caeb5)
    #16 jscmain(int, char**)::$_0::operator()(JSC::VM&, GlobalObject*, bool&) const /root/WebKit/Source/JavaScriptCore/jsc.cpp:4686:13 (jsc+0x1caeb5)
    #17 int runJSC<jscmain(int, char**)::$_0>(CommandLine const&, bool, jscmain(int, char**)::$_0 const&) /root/WebKit/Source/JavaScriptCore/jsc.cpp:4472:13 (jsc+0x1caeb5)
    #18 jscmain(int, char**) /root/WebKit/Source/JavaScriptCore/jsc.cpp:4679:18 (jsc+0x1caeb5)
    #19 main /root/WebKit/Source/JavaScriptCore/jsc.cpp:3715:15 (jsc+0x1c9733)

  Previous write of size 8 at 0x720c00000070 by thread T3:
    #0 JSC::GCSegmentedArray<JSC::JSCell const*>::postIncTop() /root/WebKit/Source/JavaScriptCore/heap/GCSegmentedArrayInlines.h:144:26 (jsc+0xdd1d4f)
    #1 JSC::GCSegmentedArray<JSC::JSCell const*>::append(JSC::JSCell const*) /root/WebKit/Source/JavaScriptCore/heap/GCSegmentedArrayInlines.h:193:31 (jsc+0xdd1d4f)
    #2 JSC::MarkStackArray::append(JSC::JSCell const*) /root/WebKit/WebKitBuild/TSan/JavaScriptCore/PrivateHeaders/JavaScriptCore/MarkStack.h:62:42 (jsc+0xdd1d4f)
    #3 JSC::Heap::addToRememberedSet(JSC::JSCell const*) /root/WebKit/Source/JavaScriptCore/heap/Heap.cpp:1480:25 (jsc+0xdd1d4f)
    #4 JSC::Heap::writeBarrierSlowPath(JSC::JSCell const*) /root/WebKit/Source/JavaScriptCore/heap/Heap.cpp:3385:5 (jsc+0xdde036)
    #5 JSC::Structure::allocateRareData(JSC::VM&) /root/WebKit/Source/JavaScriptCore/runtime/Structure.cpp (jsc+0x190cc48)
    #6 JSC::Structure::ensurePropertyReplacementWatchpointSet(JSC::VM&, int) /root/WebKit/Source/JavaScriptCore/runtime/Structure.cpp:1958:9 (jsc+0x190cf31)
    #7 JSC::Structure::startWatchingPropertyForReplacements(JSC::VM&, int) /root/WebKit/Source/JavaScriptCore/runtime/Structure.h:973:9 (jsc+0x3470f9)
    #8 JSC::InlineCacheCompiler::compileOneAccessCaseHandler(WTF::Vector<JSC::AccessCase*, 16ul, WTF::CrashOnOverflow, 16ul, WTF::FastMalloc> const&, JSC::CodeBlock*, JSC::AccessCase&, WTF::Vector<JSC::WatchpointSet*, 8ul, WTF::CrashOnOverflow, 16ul, WTF::FastMalloc>&&) /root/WebKit/Source/JavaScriptCore/bytecode/InlineCacheCompiler.cpp:7542:48 (jsc+0x3470f9)
    #9 JSC::InlineCacheCompiler::compileHandler(JSC::GCSafeConcurrentJSLocker const&, WTF::Vector<JSC::AccessCase*, 16ul, WTF::CrashOnOverflow, 16ul, WTF::FastMalloc>&&, JSC::CodeBlock*, JSC::AccessCase&) /root/WebKit/Source/JavaScriptCore/bytecode/InlineCacheCompiler.cpp:7446:12 (jsc+0x3433f2)
    #10 JSC::PropertyInlineCache::addAccessCase(JSC::GCSafeConcurrentJSLocker const&, JSC::JSGlobalObject*, JSC::CodeBlock*, JSC::ECMAMode, JSC::CacheableIdentifier, WTF::RefPtr<JSC::AccessCase, WTF::RawPtrTraits<JSC::AccessCase>, WTF::DefaultRefDerefTraits<JSC::AccessCase>>)::$_0::operator()(WTF::Ref<JSC::AccessCase, WTF::RawPtrTraits<JSC::AccessCase>, WTF::DefaultRefDerefTraits<JSC::AccessCase>>&&) const /root/WebKit/Source/JavaScriptCore/bytecode/PropertyInlineCache.cpp:304:29 (jsc+0x382407)
    #11 JSC::PropertyInlineCache::addAccessCase(JSC::GCSafeConcurrentJSLocker const&, JSC::JSGlobalObject*, JSC::CodeBlock*, JSC::ECMAMode, JSC::CacheableIdentifier, WTF::RefPtr<JSC::AccessCase, WTF::RawPtrTraits<JSC::AccessCase>, WTF::DefaultRefDerefTraits<JSC::AccessCase>>) /root/WebKit/Source/JavaScriptCore/bytecode/PropertyInlineCache.cpp:276:37 (jsc+0x382407)
    #12 JSC::tryCacheGetBy(JSC::JSGlobalObject*, JSC::CodeBlock*, JSC::JSValue, JSC::CacheableIdentifier, JSC::PropertySlot const&, JSC::PropertyInlineCache&, JSC::GetByKind, bool) /root/WebKit/Source/JavaScriptCore/bytecode/Repatch.cpp:906:32 (jsc+0x39bc70)
    #13 JSC::repatchGetBy(JSC::JSGlobalObject*, JSC::CodeBlock*, JSC::JSValue, JSC::CacheableIdentifier, JSC::PropertySlot const&, JSC::PropertyInlineCache&, JSC::GetByKind, bool) /root/WebKit/Source/JavaScriptCore/bytecode/Repatch.cpp:923:13 (jsc+0x39bc70)
    #14 operationGetByIdOptimize::$_0::operator()(bool, JSC::PropertySlot&) const /root/WebKit/Source/JavaScriptCore/jit/JITOperations.cpp:583:5 (jsc+0xfa0844)
    #15 std::invoke_result<operationGetByIdOptimize::$_0, bool, JSC::PropertySlot&>::type JSC::JSValue::getPropertySlot<operationGetByIdOptimize::$_0>(JSC::JSGlobalObject*, JSC::PropertyName, JSC::PropertySlot&, operationGetByIdOptimize::$_0) const /root/WebKit/Source/JavaScriptCore/runtime/JSCJSValuePropertyInlines.h:70:5 (jsc+0xfa0844)
    #16 std::invoke_result<operationGetByIdOptimize::$_0, bool, JSC::PropertySlot&>::type JSC::JSValue::getPropertySlot<operationGetByIdOptimize::$_0>(JSC::JSGlobalObject*, JSC::PropertyName, operationGetByIdOptimize::$_0) const /root/WebKit/Source/JavaScriptCore/runtime/JSCJSValuePropertyInlines.h:61:12 (jsc+0xfa0844)
    #17 operationGetByIdOptimize /root/WebKit/Source/JavaScriptCore/jit/JITOperations.cpp:583:5 (jsc+0xfa0844)
    #18 <null> <null> (0x7f7cd6e02184)
    #19 JSC::Interpreter::executeCall(JSC::JSObject*, JSC::CallData const&, JSC::JSValue, JSC::JSCell*, JSC::ArgList const&) /root/WebKit/Source/JavaScriptCore/interpreter/Interpreter.cpp (jsc+0xe8879d)
    #20 JSC::call(JSC::JSGlobalObject*, JSC::JSValue, JSC::CallData const&, JSC::JSValue, JSC::ArgList const&) /root/WebKit/Source/JavaScriptCore/runtime/CallData.cpp:70:27 (jsc+0x135c401)
    #21 JSC::call(JSC::JSGlobalObject*, JSC::JSValue, JSC::CallData const&, JSC::JSValue, JSC::ArgList const&, WTF::NakedPtr<JSC::Exception>&) /root/WebKit/Source/JavaScriptCore/runtime/CallData.cpp:77:22 (jsc+0x135c401)
    #22 JSC::threadMain(JSC::VM&, WTF::Ref<JSC::ThreadState, WTF::RawPtrTraits<JSC::ThreadState>, WTF::DefaultRefDerefTraits<JSC::ThreadState>>) /root/WebKit/Source/JavaScriptCore/runtime/ThreadObject.cpp:241:30 (jsc+0x19a402c)
    #23 JSC::constructThread(JSC::JSGlobalObject*, JSC::CallFrame*)::$_0::operator()() /root/WebKit/Source/JavaScriptCore/runtime/ThreadObject.cpp:468:9 (jsc+0x19a402c)
    #24 WTF::Detail::CallableWrapper<JSC::constructThread(JSC::JSGlobalObject*, JSC::CallFrame*)::$_0, void>::call() /root/WebKit/WebKitBuild/TSan/WTF/Headers/wtf/Function.h:59:39 (jsc+0x19a402c)
    #25 WTF::Function<void ()>::operator()() const /root/WebKit/Source/WTF/wtf/Function.h:103:35 (jsc+0x25b4a85)
    #26 WTF::Thread::entryPoint(WTF::Thread::NewThreadContext*) /root/WebKit/Source/WTF/wtf/Threading.cpp:312:5 (jsc+0x25b4a85)
    #27 WTF::wtfThreadEntryPoint(void*) /root/WebKit/Source/WTF/wtf/posix/ThreadingPOSIX.cpp:264:5 (jsc+0x26114a9)

  Location is heap block of size 40 at 0x720c00000060 allocated by main thread:
    #0 malloc /home/runner/work/llvm-project/llvm-project/compiler-rt/lib/tsan/rtl/tsan_interceptors_posix.cpp:682:5 (jsc+0x13dc20)
    #1 bmalloc::api::malloc(unsigned long, bmalloc::CompactAllocationMode, bmalloc::HeapKind) /root/WebKit/WebKitBuild/TSan/bmalloc/Headers/bmalloc/bmalloc.h:96:20 (jsc+0x2597899)
    #2 WTF::fastMalloc(unsigned long) /root/WebKit/Source/WTF/wtf/FastMalloc.cpp:337:20 (jsc+0x2597899)
    #3 JSC::GCSegmentedArray<JSC::JSCell const*>::operator new(unsigned long) /root/WebKit/WebKitBuild/TSan/JavaScriptCore/PrivateHeaders/JavaScriptCore/GCSegmentedArray.h:75:5 (jsc+0xdc4beb)
    #4 std::__detail::_MakeUniq<JSC::MarkStackArray>::__single_object std::make_unique<JSC::MarkStackArray>() /usr/lib/gcc/x86_64-amazon-linux/14/../../../../include/c++/14/bits/unique_ptr.h:1077:30 (jsc+0xdc4beb)
    #5 decltype(auto) WTF::makeUnique<JSC::MarkStackArray>() /root/WebKit/WebKitBuild/TSan/WTF/Headers/wtf/StdLibExtras.h:893:12 (jsc+0xdc4beb)
    #6 JSC::Heap::Heap(JSC::VM&, JSC::HeapType) /root/WebKit/Source/JavaScriptCore/heap/Heap.cpp:380:26 (jsc+0xdc4beb)
    #7 JSC::VM::VM(JSC::VM::VMType, JSC::HeapType, WTF::RunLoop*, bool*) /root/WebKit/Source/JavaScriptCore/runtime/VM.cpp:362:7 (jsc+0x19b4cd1)
    #8 JSC::VM::create(JSC::HeapType, WTF::RunLoop*) /root/WebKit/Source/JavaScriptCore/runtime/VM.cpp:1234:26 (jsc+0x19c102c)
    #9 int runJSC<jscmain(int, char**)::$_0>(CommandLine const&, bool, jscmain(int, char**)::$_0 const&) /root/WebKit/Source/JavaScriptCore/jsc.cpp:4438:14 (jsc+0x1c9cbd)
    #10 jscmain(int, char**) /root/WebKit/Source/JavaScriptCore/jsc.cpp:4679:18 (jsc+0x1c9cbd)
    #11 main /root/WebKit/Source/JavaScriptCore/jsc.cpp:3715:15 (jsc+0x1c9733)

  Thread T3 'JS Thread' (tid=2180004, running) created by main thread at:
    #0 pthread_create /home/runner/work/llvm-project/llvm-project/compiler-rt/lib/tsan/rtl/tsan_interceptors_posix.cpp:1090:3 (jsc+0x13ff1a)
    #1 WTF::Thread::establishHandle(WTF::Thread::NewThreadContext&, WTF::StackAllocationSpecification, WTF::ThreadQOS, WTF::ThreadSchedulingPolicy) /root/WebKit/Source/WTF/wtf/posix/ThreadingPOSIX.cpp:354:17 (jsc+0x2611395)
    #2 WTF::Thread::create(WTF::ASCIILiteral, WTF::Function<void ()>&&, WTF::ThreadType, WTF::ThreadQOS, WTF::ThreadSchedulingPolicy, WTF::StackAllocationSpecification) /root/WebKit/Source/WTF/wtf/Threading.cpp:330:32 (jsc+0x25b4dc3)
    #3 JSC::constructThread(JSC::JSGlobalObject*, JSC::CallFrame*) /root/WebKit/Source/JavaScriptCore/runtime/ThreadObject.cpp:467:5 (jsc+0x199c3ff)
    #4 <null> <null> (0x7f7cd6dff217)
    #5 JSC::evaluate(JSC::JSGlobalObject*, JSC::SourceCode const&, JSC::JSValue, WTF::NakedPtr<JSC::Exception>&) /root/WebKit/Source/JavaScriptCore/runtime/Completion.cpp:145:37 (jsc+0x13beb03)
    #6 runWithOptions(GlobalObject*, CommandLine&, bool&) /root/WebKit/Source/JavaScriptCore/jsc.cpp:3957:35 (jsc+0x1caeb5)
    #7 jscmain(int, char**)::$_0::operator()(JSC::VM&, GlobalObject*, bool&) const /root/WebKit/Source/JavaScriptCore/jsc.cpp:4686:13 (jsc+0x1caeb5)
    #8 int runJSC<jscmain(int, char**)::$_0>(CommandLine const&, bool, jscmain(int, char**)::$_0 const&) /root/WebKit/Source/JavaScriptCore/jsc.cpp:4472:13 (jsc+0x1caeb5)
    #9 jscmain(int, char**) /root/WebKit/Source/JavaScriptCore/jsc.cpp:4679:18 (jsc+0x1caeb5)
    #10 main /root/WebKit/Source/JavaScriptCore/jsc.cpp:3715:15 (jsc+0x1c9733)

SUMMARY: ThreadSanitizer: data race /root/WebKit/Source/JavaScriptCore/heap/GCSegmentedArrayInlines.h:144:26 in JSC::GCSegmentedArray<JSC::JSCell const*>::postIncTop()
==================
int-gate-epoch-reclaim: PASS (pre-integration legacy-GC variant; rerun with -- int-gate at M4/CS2)
ThreadSanitizer: reported 6 warnings
