JSC: disabling useWasm under GIL-off (wasm glue still reads the raw VM-block exception word; not yet audited for UNGIL §A.1.3 COMPILED-FOR-VM; see AB-17 status block in VMEntryScope.cpp).
==================
WARNING: ThreadSanitizer: data race (pid=2183534)
  Write of size 8 at 0x72a0000c4188 by thread T7:
    #0 JSC::UnlinkedFunctionExecutable::setSingletonHasBeenInvalidated() /root/WebKit/Source/JavaScriptCore/bytecode/UnlinkedFunctionExecutable.h:203:75 (jsc+0x158977f)
    #1 JSC::FunctionExecutable::notifyCreation(JSC::VM&, JSC::JSFunction*, char const*) /root/WebKit/Source/JavaScriptCore/runtime/FunctionExecutable.h:287:35 (jsc+0x158977f)
    #2 JSC::JSFunction::create(JSC::VM&, JSC::JSGlobalObject*, JSC::FunctionExecutable*, JSC::JSScope*, JSC::Structure*) /root/WebKit/Source/JavaScriptCore/runtime/JSFunction.cpp:94:17 (jsc+0x158977f)
    #3 JSC::JSFunction::create(JSC::VM&, JSC::JSGlobalObject*, JSC::FunctionExecutable*, JSC::JSScope*) /root/WebKit/Source/JavaScriptCore/runtime/JSFunction.cpp:88:12 (jsc+0x158969b)
    #4 llint_slow_path_new_func_exp /root/WebKit/Source/JavaScriptCore/llint/LLIntSlowPaths.cpp:2215:5 (jsc+0x109563a)
    #5 llint_op_new_func_exp LowLevelInterpreter.cpp (jsc+0x1e20745)
    #6 JSC::Interpreter::executeCall(JSC::JSObject*, JSC::CallData const&, JSC::JSValue, JSC::JSCell*, JSC::ArgList const&) /root/WebKit/Source/JavaScriptCore/interpreter/Interpreter.cpp (jsc+0xe8879d)
    #7 JSC::call(JSC::JSGlobalObject*, JSC::JSValue, JSC::CallData const&, JSC::JSValue, JSC::ArgList const&) /root/WebKit/Source/JavaScriptCore/runtime/CallData.cpp:70:27 (jsc+0x135c401)
    #8 JSC::call(JSC::JSGlobalObject*, JSC::JSValue, JSC::CallData const&, JSC::JSValue, JSC::ArgList const&, WTF::NakedPtr<JSC::Exception>&) /root/WebKit/Source/JavaScriptCore/runtime/CallData.cpp:77:22 (jsc+0x135c401)
    #9 JSC::threadMain(JSC::VM&, WTF::Ref<JSC::ThreadState, WTF::RawPtrTraits<JSC::ThreadState>, WTF::DefaultRefDerefTraits<JSC::ThreadState>>) /root/WebKit/Source/JavaScriptCore/runtime/ThreadObject.cpp:241:30 (jsc+0x19a402c)
    #10 JSC::constructThread(JSC::JSGlobalObject*, JSC::CallFrame*)::$_0::operator()() /root/WebKit/Source/JavaScriptCore/runtime/ThreadObject.cpp:468:9 (jsc+0x19a402c)
    #11 WTF::Detail::CallableWrapper<JSC::constructThread(JSC::JSGlobalObject*, JSC::CallFrame*)::$_0, void>::call() /root/WebKit/WebKitBuild/TSan/WTF/Headers/wtf/Function.h:59:39 (jsc+0x19a402c)
    #12 WTF::Function<void ()>::operator()() const /root/WebKit/Source/WTF/wtf/Function.h:103:35 (jsc+0x25b4a85)
    #13 WTF::Thread::entryPoint(WTF::Thread::NewThreadContext*) /root/WebKit/Source/WTF/wtf/Threading.cpp:312:5 (jsc+0x25b4a85)
    #14 WTF::wtfThreadEntryPoint(void*) /root/WebKit/Source/WTF/wtf/posix/ThreadingPOSIX.cpp:264:5 (jsc+0x26114a9)

  Previous write of size 8 at 0x72a0000c4188 by thread T5:
    #0 JSC::UnlinkedFunctionExecutable::setSingletonHasBeenInvalidated() /root/WebKit/Source/JavaScriptCore/bytecode/UnlinkedFunctionExecutable.h:203:75 (jsc+0x158977f)
    #1 JSC::FunctionExecutable::notifyCreation(JSC::VM&, JSC::JSFunction*, char const*) /root/WebKit/Source/JavaScriptCore/runtime/FunctionExecutable.h:287:35 (jsc+0x158977f)
    #2 JSC::JSFunction::create(JSC::VM&, JSC::JSGlobalObject*, JSC::FunctionExecutable*, JSC::JSScope*, JSC::Structure*) /root/WebKit/Source/JavaScriptCore/runtime/JSFunction.cpp:94:17 (jsc+0x158977f)
    #3 JSC::JSFunction::create(JSC::VM&, JSC::JSGlobalObject*, JSC::FunctionExecutable*, JSC::JSScope*) /root/WebKit/Source/JavaScriptCore/runtime/JSFunction.cpp:88:12 (jsc+0x158969b)
    #4 llint_slow_path_new_func_exp /root/WebKit/Source/JavaScriptCore/llint/LLIntSlowPaths.cpp:2215:5 (jsc+0x109563a)
    #5 llint_op_new_func_exp LowLevelInterpreter.cpp (jsc+0x1e20745)
    #6 JSC::Interpreter::executeCall(JSC::JSObject*, JSC::CallData const&, JSC::JSValue, JSC::JSCell*, JSC::ArgList const&) /root/WebKit/Source/JavaScriptCore/interpreter/Interpreter.cpp (jsc+0xe8879d)
    #7 JSC::call(JSC::JSGlobalObject*, JSC::JSValue, JSC::CallData const&, JSC::JSValue, JSC::ArgList const&) /root/WebKit/Source/JavaScriptCore/runtime/CallData.cpp:70:27 (jsc+0x135c401)
    #8 JSC::call(JSC::JSGlobalObject*, JSC::JSValue, JSC::CallData const&, JSC::JSValue, JSC::ArgList const&, WTF::NakedPtr<JSC::Exception>&) /root/WebKit/Source/JavaScriptCore/runtime/CallData.cpp:77:22 (jsc+0x135c401)
    #9 JSC::threadMain(JSC::VM&, WTF::Ref<JSC::ThreadState, WTF::RawPtrTraits<JSC::ThreadState>, WTF::DefaultRefDerefTraits<JSC::ThreadState>>) /root/WebKit/Source/JavaScriptCore/runtime/ThreadObject.cpp:241:30 (jsc+0x19a402c)
    #10 JSC::constructThread(JSC::JSGlobalObject*, JSC::CallFrame*)::$_0::operator()() /root/WebKit/Source/JavaScriptCore/runtime/ThreadObject.cpp:468:9 (jsc+0x19a402c)
    #11 WTF::Detail::CallableWrapper<JSC::constructThread(JSC::JSGlobalObject*, JSC::CallFrame*)::$_0, void>::call() /root/WebKit/WebKitBuild/TSan/WTF/Headers/wtf/Function.h:59:39 (jsc+0x19a402c)
    #12 WTF::Function<void ()>::operator()() const /root/WebKit/Source/WTF/wtf/Function.h:103:35 (jsc+0x25b4a85)
    #13 WTF::Thread::entryPoint(WTF::Thread::NewThreadContext*) /root/WebKit/Source/WTF/wtf/Threading.cpp:312:5 (jsc+0x25b4a85)
    #14 WTF::wtfThreadEntryPoint(void*) /root/WebKit/Source/WTF/wtf/posix/ThreadingPOSIX.cpp:264:5 (jsc+0x26114a9)

  Location is heap block of size 16384 at 0x72a0000c4000 allocated by thread T4:
    #0 aligned_alloc /home/runner/work/llvm-project/llvm-project/compiler-rt/lib/tsan/rtl/tsan_interceptors_posix.cpp:885:3 (jsc+0x13f40e)
    #1 bmalloc::api::tryMemalign(unsigned long, unsigned long, bmalloc::CompactAllocationMode, bmalloc::HeapKind) /root/WebKit/WebKitBuild/TSan/bmalloc/Headers/bmalloc/bmalloc.h:158:12 (jsc+0x2597ae0)
    #2 WTF::tryFastCompactAlignedMalloc(unsigned long, unsigned long) /root/WebKit/Source/WTF/wtf/FastMalloc.cpp:553:20 (jsc+0x2597ae0)
    #3 JSC::FastMallocAlignedMemoryAllocator::tryAllocateAlignedMemory(unsigned long, unsigned long) /root/WebKit/Source/JavaScriptCore/heap/FastMallocAlignedMemoryAllocator.cpp:47:12 (jsc+0xdbba60)
    #4 JSC::MarkedBlock::tryCreate(JSC::Heap&, JSC::AlignedMemoryAllocator*) /root/WebKit/Source/JavaScriptCore/heap/MarkedBlock.cpp:138:48 (jsc+0xe474f7)
    #5 JSC::BlockDirectory::tryAllocateBlock(WTF::AbstractLocker const&, JSC::Heap&) /root/WebKit/Source/JavaScriptCore/heap/BlockDirectory.cpp:154:35 (jsc+0xdb2cbd)
    #6 JSC::LocalAllocator::allocateSlowCase(JSC::Heap&, unsigned long, JSC::GCDeferralContext*, JSC::AllocationFailureMode) /root/WebKit/Source/JavaScriptCore/heap/LocalAllocator.cpp:221:47 (jsc+0xe424ae)
    #7 JSC::LocalAllocator::allocate(JSC::Heap&, unsigned long, JSC::GCDeferralContext*, JSC::AllocationFailureMode)::'lambda'()::operator()() const /root/WebKit/WebKitBuild/TSan/JavaScriptCore/PrivateHeaders/JavaScriptCore/LocalAllocatorInlines.h:53:43 (jsc+0x1d120e)
    #8 JSC::HeapCell* JSC::FreeList::allocateWithCellSize<JSC::LocalAllocator::allocate(JSC::Heap&, unsigned long, JSC::GCDeferralContext*, JSC::AllocationFailureMode)::'lambda'()>(JSC::LocalAllocator::allocate(JSC::Heap&, unsigned long, JSC::GCDeferralContext*, JSC::AllocationFailureMode)::'lambda'() const&, unsigned long) /root/WebKit/Source/JavaScriptCore/heap/FreeListInlines.h:46:16 (jsc+0x47f8fc)
    #9 JSC::LocalAllocator::allocate(JSC::Heap&, unsigned long, JSC::GCDeferralContext*, JSC::AllocationFailureMode) /root/WebKit/Source/JavaScriptCore/heap/LocalAllocatorInlines.h:50:23 (jsc+0x47f8fc)
    #10 JSC::GCClient::IsoSubspace::allocate(JSC::VM&, unsigned long, JSC::GCDeferralContext*, JSC::AllocationFailureMode) /root/WebKit/Source/JavaScriptCore/heap/IsoSubspaceInlines.h:42:29 (jsc+0x47f8fc)
    #11 void* JSC::tryAllocateCellHelper<JSC::UnlinkedFunctionExecutable, (JSC::AllocationFailureMode)0>(JSC::VM&, unsigned long, JSC::GCDeferralContext*) /root/WebKit/Source/JavaScriptCore/runtime/JSCellInlines.h:212:63 (jsc+0x47f8fc)
    #12 void* JSC::allocateCell<JSC::UnlinkedFunctionExecutable>(JSC::VM&, unsigned long) /root/WebKit/Source/JavaScriptCore/runtime/JSCellInlines.h:232:12 (jsc+0x47f8fc)
    #13 JSC::UnlinkedFunctionExecutable::create(JSC::VM&, JSC::SourceCode const&, JSC::FunctionMetadataNode*, JSC::UnlinkedFunctionKind, JSC::ConstructAbility, JSC::InlineAttribute, JSC::JSParserScriptMode, WTF::RefPtr<JSC::TDZEnvironmentLink, WTF::RawPtrTraits<JSC::TDZEnvironmentLink>, WTF::DefaultRefDerefTraits<JSC::TDZEnvironmentLink>>, std::optional<WTF::Vector<JSC::Identifier, 0ul, WTF::CrashOnOverflow, 16ul, WTF::FastMalloc>>&&, std::optional<WTF::HashMap<WTF::RefPtr<WTF::UniquedStringImpl, WTF::PackedPtrTraits<WTF::UniquedStringImpl>, WTF::DefaultRefDerefTraits<WTF::UniquedStringImpl>>, JSC::PrivateNameEntry, JSC::IdentifierRepHash, WTF::HashTraits<WTF::RefPtr<WTF::UniquedStringImpl, WTF::RawPtrTraits<WTF::UniquedStringImpl>, WTF::DefaultRefDerefTraits<WTF::UniquedStringImpl>>>, JSC::PrivateNameEntryHashTraits, WTF::HashTableTraits, (WTF::ShouldValidateKey)0, WTF::FastMalloc>>, JSC::DerivedContextType, JSC::EvalContextType, JSC::NeedsClassFieldInitializer, JSC::PrivateBrandRequirement, bool) /root/WebKit/Source/JavaScriptCore/bytecode/UnlinkedFunctionExecutable.h:78:62 (jsc+0x3db8fb)
    #14 JSC::BytecodeGenerator::makeFunction(JSC::FunctionMetadataNode*) /root/WebKit/Source/JavaScriptCore/bytecompiler/BytecodeGenerator.h:1257:20 (jsc+0x3db8fb)
    #15 JSC::BytecodeGenerator::emitNewFunctionExpressionCommon(JSC::RegisterID*, JSC::FunctionMetadataNode*) /root/WebKit/Source/JavaScriptCore/bytecompiler/BytecodeGenerator.cpp:3597:51 (jsc+0x3ecd31)
    #16 JSC::BytecodeGenerator::emitNewArrowFunctionExpression(JSC::RegisterID*, JSC::ArrowFuncExprNode*) /root/WebKit/Source/JavaScriptCore/bytecompiler/BytecodeGenerator.cpp:3628:5 (jsc+0x46ba6c)
    #17 JSC::ArrowFuncExprNode::emitBytecode(JSC::BytecodeGenerator&, JSC::RegisterID*) /root/WebKit/Source/JavaScriptCore/bytecompiler/NodesCodegen.cpp:5824:22 (jsc+0x46ba6c)
    #18 JSC::BytecodeGenerator::emitNodeInTailPosition(JSC::RegisterID*, JSC::ExpressionNode*) /root/WebKit/Source/JavaScriptCore/bytecompiler/BytecodeGenerator.h:569:23 (jsc+0x3e2aaf)
    #19 JSC::BytecodeGenerator::emitNode(JSC::RegisterID*, JSC::ExpressionNode*) /root/WebKit/Source/JavaScriptCore/bytecompiler/BytecodeGenerator.h:539:20 (jsc+0x3e2aaf)
    #20 JSC::ArgumentListNode::emitBytecode(JSC::BytecodeGenerator&, JSC::RegisterID*) /root/WebKit/Source/JavaScriptCore/bytecompiler/NodesCodegen.cpp:1225:22 (jsc+0x425553)
    #21 JSC::BytecodeGenerator::emitNodeInTailPosition(JSC::RegisterID*, JSC::ExpressionNode*) /root/WebKit/Source/JavaScriptCore/bytecompiler/BytecodeGenerator.h:569:23 (jsc+0x3e2aaf)
    #22 JSC::BytecodeGenerator::emitNode(JSC::RegisterID*, JSC::ExpressionNode*) /root/WebKit/Source/JavaScriptCore/bytecompiler/BytecodeGenerator.h:539:20 (jsc+0x3e2aaf)
    #23 JSC::RegisterID* JSC::BytecodeGenerator::emitCall<JSC::OpCallIgnoreResult>(JSC::RegisterID*, JSC::RegisterID*, JSC::ExpectedFunction, JSC::CallArguments&, JSC::JSTextPosition const&, JSC::JSTextPosition const&, JSC::JSTextPosition const&, JSC::DebuggableCall) /root/WebKit/Source/JavaScriptCore/bytecompiler/BytecodeGenerator.cpp:3855:13 (jsc+0x3f74c2)
    #24 JSC::BytecodeGenerator::emitCallInTailPosition(JSC::RegisterID*, JSC::RegisterID*, JSC::ExpectedFunction, JSC::CallArguments&, JSC::JSTextPosition const&, JSC::JSTextPosition const&, JSC::JSTextPosition const&, JSC::DebuggableCall) /root/WebKit/Source/JavaScriptCore/bytecompiler/BytecodeGenerator.cpp:3744:16 (jsc+0x43adb8)
    #25 JSC::FunctionCallDotNode::emitBytecode(JSC::BytecodeGenerator&, JSC::RegisterID*) /root/WebKit/Source/JavaScriptCore/bytecompiler/NodesCodegen.cpp:2560:33 (jsc+0x43adb8)
    #26 JSC::BytecodeGenerator::emitNodeInTailPosition(JSC::RegisterID*, JSC::ExpressionNode*) /root/WebKit/Source/JavaScriptCore/bytecompiler/BytecodeGenerator.h:569:23 (jsc+0x458e4f)
    #27 JSC::BytecodeGenerator::emitNodeInTailPositionFromExprStatementNode(JSC::RegisterID*, JSC::ExpressionNode*) /root/WebKit/Source/JavaScriptCore/bytecompiler/BytecodeGenerator.h:551:20 (jsc+0x458e4f)
    #28 JSC::ExprStatementNode::emitBytecode(JSC::BytecodeGenerator&, JSC::RegisterID*) /root/WebKit/Source/JavaScriptCore/bytecompiler/NodesCodegen.cpp:4482:15 (jsc+0x458e4f)
    #29 JSC::BytecodeGenerator::emitNodeInTailPosition(JSC::RegisterID*, JSC::StatementNode*) /root/WebKit/Source/JavaScriptCore/bytecompiler/BytecodeGenerator.h:512:16 (jsc+0x48394d)
    #30 JSC::SourceElements::emitBytecode(JSC::BytecodeGenerator&, JSC::RegisterID*) /root/WebKit/Source/JavaScriptCore/bytecompiler/NodesCodegen.cpp (jsc+0x48394d)
    #31 JSC::BlockNode::emitBytecode(JSC::BytecodeGenerator&, JSC::RegisterID*)::$_0::operator()(JSC::BytecodeGenerator&) const /root/WebKit/Source/JavaScriptCore/bytecompiler/NodesCodegen.cpp:4457:27 (jsc+0x458cef)
    #32 WTF::ScopedLambdaFunctor<void (JSC::BytecodeGenerator&), JSC::BlockNode::emitBytecode(JSC::BytecodeGenerator&, JSC::RegisterID*)::$_0>::implFunction(void*, JSC::BytecodeGenerator&) /root/WebKit/WebKitBuild/TSan/WTF/Headers/wtf/ScopedLambda.h:106:16 (jsc+0x458cef)
    #33 void WTF::ScopedLambda<void (JSC::BytecodeGenerator&)>::operator()<JSC::BytecodeGenerator&>(JSC::BytecodeGenerator&) const /root/WebKit/WebKitBuild/TSan/WTF/Headers/wtf/ScopedLambda.h:58:16 (jsc+0x458cef)
    #34 JSC::BytecodeGenerator::emitBodyWithUsingIfNeeded(unsigned int, bool, WTF::ScopedLambda<void (JSC::BytecodeGenerator&)> const&) /root/WebKit/Source/JavaScriptCore/bytecompiler/BytecodeGenerator.cpp:4962:9 (jsc+0x458cef)
    #35 JSC::BlockNode::emitBytecode(JSC::BytecodeGenerator&, JSC::RegisterID*) /root/WebKit/Source/JavaScriptCore/bytecompiler/NodesCodegen.cpp:4455:15 (jsc+0x458cef)
    #36 JSC::BytecodeGenerator::emitNodeInTailPosition(JSC::RegisterID*, JSC::StatementNode*) /root/WebKit/Source/JavaScriptCore/bytecompiler/BytecodeGenerator.h:512:16 (jsc+0x48394d)
    #37 JSC::SourceElements::emitBytecode(JSC::BytecodeGenerator&, JSC::RegisterID*) /root/WebKit/Source/JavaScriptCore/bytecompiler/NodesCodegen.cpp (jsc+0x48394d)
    #38 JSC::ScopeNode::emitStatementsBytecode(JSC::BytecodeGenerator&, JSC::RegisterID*) /root/WebKit/Source/JavaScriptCore/bytecompiler/NodesCodegen.cpp:5419:19 (jsc+0x467048)
    #39 JSC::FunctionNode::emitBytecode(JSC::BytecodeGenerator&, JSC::RegisterID*)::$_2::operator()(JSC::BytecodeGenerator&) const /root/WebKit/Source/JavaScriptCore/bytecompiler/NodesCodegen.cpp:5772:17 (jsc+0x467048)
    #40 WTF::ScopedLambdaFunctor<void (JSC::BytecodeGenerator&), JSC::FunctionNode::emitBytecode(JSC::BytecodeGenerator&, JSC::RegisterID*)::$_2>::implFunction(void*, JSC::BytecodeGenerator&) /root/WebKit/WebKitBuild/TSan/WTF/Headers/wtf/ScopedLambda.h:106:16 (jsc+0x467048)
    #41 void WTF::ScopedLambda<void (JSC::BytecodeGenerator&)>::operator()<JSC::BytecodeGenerator&>(JSC::BytecodeGenerator&) const /root/WebKit/WebKitBuild/TSan/WTF/Headers/wtf/ScopedLambda.h:58:16 (jsc+0x467048)
    #42 JSC::BytecodeGenerator::emitBodyWithUsingIfNeeded(unsigned int, bool, WTF::ScopedLambda<void (JSC::BytecodeGenerator&)> const&) /root/WebKit/Source/JavaScriptCore/bytecompiler/BytecodeGenerator.cpp:4962:9 (jsc+0x467048)
    #43 JSC::FunctionNode::emitBytecode(JSC::BytecodeGenerator&, JSC::RegisterID*) /root/WebKit/Source/JavaScriptCore/bytecompiler/NodesCodegen.cpp:5770:19 (jsc+0x467048)
    #44 JSC::BytecodeGenerator::generate(unsigned int&) /root/WebKit/Source/JavaScriptCore/bytecompiler/BytecodeGenerator.cpp:325:22 (jsc+0x3cc868)
    #45 JSC::ParserError JSC::BytecodeGenerator::generate<JSC::FunctionNode, JSC::UnlinkedFunctionCodeBlock>(JSC::VM&, JSC::FunctionNode*, JSC::SourceCode const&, JSC::UnlinkedFunctionCodeBlock*, WTF::OptionSet<JSC::CodeGenerationMode, (WTF::ConcurrencyTag)0>, WTF::RefPtr<JSC::TDZEnvironmentLink, WTF::RawPtrTraits<JSC::TDZEnvironmentLink>, WTF::DefaultRefDerefTraits<JSC::TDZEnvironmentLink>> const&, WTF::FixedVector<JSC::Identifier, WTF::FastMalloc> const*, WTF::HashMap<WTF::RefPtr<WTF::UniquedStringImpl, WTF::PackedPtrTraits<WTF::UniquedStringImpl>, WTF::DefaultRefDerefTraits<WTF::UniquedStringImpl>>, JSC::PrivateNameEntry, JSC::IdentifierRepHash, WTF::HashTraits<WTF::RefPtr<WTF::UniquedStringImpl, WTF::RawPtrTraits<WTF::UniquedStringImpl>, WTF::DefaultRefDerefTraits<WTF::UniquedStringImpl>>>, JSC::PrivateNameEntryHashTraits, WTF::HashTableTraits, (WTF::ShouldValidateKey)0, WTF::FastMalloc> const*) /root/WebKit/Source/JavaScriptCore/bytecompiler/BytecodeGenerator.h:407:46 (jsc+0x3c4ed0)
    #46 JSC::generateUnlinkedFunctionCodeBlock(JSC::VM&, JSC::UnlinkedFunctionExecutable*, JSC::SourceCode const&, JSC::CodeSpecializationKind, WTF::OptionSet<JSC::CodeGenerationMode, (WTF::ConcurrencyTag)0>, JSC::UnlinkedFunctionKind, JSC::ParserError&, JSC::SourceParseMode) /root/WebKit/Source/JavaScriptCore/bytecode/UnlinkedFunctionExecutable.cpp:166:13 (jsc+0x3c28f9)
    #47 JSC::UnlinkedFunctionExecutable::unlinkedCodeBlockFor(JSC::VM&, JSC::SourceCode const&, JSC::CodeSpecializationKind, WTF::OptionSet<JSC::CodeGenerationMode, (WTF::ConcurrencyTag)0>, JSC::ParserError&, JSC::SourceParseMode) /root/WebKit/Source/JavaScriptCore/bytecode/UnlinkedFunctionExecutable.cpp:354:41 (jsc+0x3c28f9)
    #48 JSC::ScriptExecutable::newCodeBlockFor(JSC::CodeSpecializationKind, JSC::JSFunction*, JSC::JSScope*) /root/WebKit/Source/JavaScriptCore/runtime/ScriptExecutable.cpp:525:43 (jsc+0x1898d87)
    #49 JSC::ScriptExecutable::prepareForExecutionImpl(JSC::VM&, JSC::JSFunction*, JSC::JSScope*, JSC::CodeSpecializationKind, JSC::CodeBlock*&) /root/WebKit/Source/JavaScriptCore/runtime/ScriptExecutable.cpp:643:28 (jsc+0x1899798)
    #50 void JSC::ScriptExecutable::prepareForExecution<JSC::FunctionExecutable>(JSC::VM&, JSC::JSFunction*, JSC::JSScope*, JSC::CodeSpecializationKind, JSC::CodeBlock*&) /root/WebKit/Source/JavaScriptCore/bytecode/CodeBlock.h:1160:5 (jsc+0xe88408)
    #51 JSC::Interpreter::executeCallImpl(JSC::VM&, JSC::JSObject*, JSC::CallData const&, JSC::JSValue, JSC::JSCell*, JSC::ArgList const&) /root/WebKit/Source/JavaScriptCore/interpreter/Interpreter.cpp:1299:33 (jsc+0xe88408)
    #52 JSC::Interpreter::executeCall(JSC::JSObject*, JSC::CallData const&, JSC::JSValue, JSC::JSCell*, JSC::ArgList const&) /root/WebKit/Source/JavaScriptCore/interpreter/Interpreter.cpp (jsc+0xe8879d)
    #53 JSC::call(JSC::JSGlobalObject*, JSC::JSValue, JSC::CallData const&, JSC::JSValue, JSC::ArgList const&) /root/WebKit/Source/JavaScriptCore/runtime/CallData.cpp:70:27 (jsc+0x135c401)
    #54 JSC::call(JSC::JSGlobalObject*, JSC::JSValue, JSC::CallData const&, JSC::JSValue, JSC::ArgList const&, WTF::NakedPtr<JSC::Exception>&) /root/WebKit/Source/JavaScriptCore/runtime/CallData.cpp:77:22 (jsc+0x135c401)
    #55 JSC::threadMain(JSC::VM&, WTF::Ref<JSC::ThreadState, WTF::RawPtrTraits<JSC::ThreadState>, WTF::DefaultRefDerefTraits<JSC::ThreadState>>) /root/WebKit/Source/JavaScriptCore/runtime/ThreadObject.cpp:241:30 (jsc+0x19a402c)
    #56 JSC::constructThread(JSC::JSGlobalObject*, JSC::CallFrame*)::$_0::operator()() /root/WebKit/Source/JavaScriptCore/runtime/ThreadObject.cpp:468:9 (jsc+0x19a402c)
    #57 WTF::Detail::CallableWrapper<JSC::constructThread(JSC::JSGlobalObject*, JSC::CallFrame*)::$_0, void>::call() /root/WebKit/WebKitBuild/TSan/WTF/Headers/wtf/Function.h:59:39 (jsc+0x19a402c)
    #58 WTF::Function<void ()>::operator()() const /root/WebKit/Source/WTF/wtf/Function.h:103:35 (jsc+0x25b4a85)
    #59 WTF::Thread::entryPoint(WTF::Thread::NewThreadContext*) /root/WebKit/Source/WTF/wtf/Threading.cpp:312:5 (jsc+0x25b4a85)
    #60 WTF::wtfThreadEntryPoint(void*) /root/WebKit/Source/WTF/wtf/posix/ThreadingPOSIX.cpp:264:5 (jsc+0x26114a9)

  Thread T7 'JS Thread' (tid=2183549, running) created by main thread at:
    #0 pthread_create /home/runner/work/llvm-project/llvm-project/compiler-rt/lib/tsan/rtl/tsan_interceptors_posix.cpp:1090:3 (jsc+0x13ff1a)
    #1 WTF::Thread::establishHandle(WTF::Thread::NewThreadContext&, WTF::StackAllocationSpecification, WTF::ThreadQOS, WTF::ThreadSchedulingPolicy) /root/WebKit/Source/WTF/wtf/posix/ThreadingPOSIX.cpp:354:17 (jsc+0x2611395)
    #2 WTF::Thread::create(WTF::ASCIILiteral, WTF::Function<void ()>&&, WTF::ThreadType, WTF::ThreadQOS, WTF::ThreadSchedulingPolicy, WTF::StackAllocationSpecification) /root/WebKit/Source/WTF/wtf/Threading.cpp:330:32 (jsc+0x25b4dc3)
    #3 JSC::constructThread(JSC::JSGlobalObject*, JSC::CallFrame*) /root/WebKit/Source/JavaScriptCore/runtime/ThreadObject.cpp:467:5 (jsc+0x199c3ff)
    #4 <null> <null> (0x7ff1afdff217)
    #5 JSC::evaluate(JSC::JSGlobalObject*, JSC::SourceCode const&, JSC::JSValue, WTF::NakedPtr<JSC::Exception>&) /root/WebKit/Source/JavaScriptCore/runtime/Completion.cpp:145:37 (jsc+0x13beb03)
    #6 runWithOptions(GlobalObject*, CommandLine&, bool&) /root/WebKit/Source/JavaScriptCore/jsc.cpp:3957:35 (jsc+0x1caeb5)
    #7 jscmain(int, char**)::$_0::operator()(JSC::VM&, GlobalObject*, bool&) const /root/WebKit/Source/JavaScriptCore/jsc.cpp:4686:13 (jsc+0x1caeb5)
    #8 int runJSC<jscmain(int, char**)::$_0>(CommandLine const&, bool, jscmain(int, char**)::$_0 const&) /root/WebKit/Source/JavaScriptCore/jsc.cpp:4472:13 (jsc+0x1caeb5)
    #9 jscmain(int, char**) /root/WebKit/Source/JavaScriptCore/jsc.cpp:4679:18 (jsc+0x1caeb5)
    #10 main /root/WebKit/Source/JavaScriptCore/jsc.cpp:3715:15 (jsc+0x1c9733)

  Thread T5 'JS Thread' (tid=2183547, running) created by main thread at:
    #0 pthread_create /home/runner/work/llvm-project/llvm-project/compiler-rt/lib/tsan/rtl/tsan_interceptors_posix.cpp:1090:3 (jsc+0x13ff1a)
    #1 WTF::Thread::establishHandle(WTF::Thread::NewThreadContext&, WTF::StackAllocationSpecification, WTF::ThreadQOS, WTF::ThreadSchedulingPolicy) /root/WebKit/Source/WTF/wtf/posix/ThreadingPOSIX.cpp:354:17 (jsc+0x2611395)
    #2 WTF::Thread::create(WTF::ASCIILiteral, WTF::Function<void ()>&&, WTF::ThreadType, WTF::ThreadQOS, WTF::ThreadSchedulingPolicy, WTF::StackAllocationSpecification) /root/WebKit/Source/WTF/wtf/Threading.cpp:330:32 (jsc+0x25b4dc3)
    #3 JSC::constructThread(JSC::JSGlobalObject*, JSC::CallFrame*) /root/WebKit/Source/JavaScriptCore/runtime/ThreadObject.cpp:467:5 (jsc+0x199c3ff)
    #4 <null> <null> (0x7ff1afdff217)
    #5 JSC::evaluate(JSC::JSGlobalObject*, JSC::SourceCode const&, JSC::JSValue, WTF::NakedPtr<JSC::Exception>&) /root/WebKit/Source/JavaScriptCore/runtime/Completion.cpp:145:37 (jsc+0x13beb03)
    #6 runWithOptions(GlobalObject*, CommandLine&, bool&) /root/WebKit/Source/JavaScriptCore/jsc.cpp:3957:35 (jsc+0x1caeb5)
    #7 jscmain(int, char**)::$_0::operator()(JSC::VM&, GlobalObject*, bool&) const /root/WebKit/Source/JavaScriptCore/jsc.cpp:4686:13 (jsc+0x1caeb5)
    #8 int runJSC<jscmain(int, char**)::$_0>(CommandLine const&, bool, jscmain(int, char**)::$_0 const&) /root/WebKit/Source/JavaScriptCore/jsc.cpp:4472:13 (jsc+0x1caeb5)
    #9 jscmain(int, char**) /root/WebKit/Source/JavaScriptCore/jsc.cpp:4679:18 (jsc+0x1caeb5)
    #10 main /root/WebKit/Source/JavaScriptCore/jsc.cpp:3715:15 (jsc+0x1c9733)

  Thread T4 'JS Thread' (tid=2183546, finished) created by main thread at:
    #0 pthread_create /home/runner/work/llvm-project/llvm-project/compiler-rt/lib/tsan/rtl/tsan_interceptors_posix.cpp:1090:3 (jsc+0x13ff1a)
    #1 WTF::Thread::establishHandle(WTF::Thread::NewThreadContext&, WTF::StackAllocationSpecification, WTF::ThreadQOS, WTF::ThreadSchedulingPolicy) /root/WebKit/Source/WTF/wtf/posix/ThreadingPOSIX.cpp:354:17 (jsc+0x2611395)
    #2 WTF::Thread::create(WTF::ASCIILiteral, WTF::Function<void ()>&&, WTF::ThreadType, WTF::ThreadQOS, WTF::ThreadSchedulingPolicy, WTF::StackAllocationSpecification) /root/WebKit/Source/WTF/wtf/Threading.cpp:330:32 (jsc+0x25b4dc3)
    #3 JSC::constructThread(JSC::JSGlobalObject*, JSC::CallFrame*) /root/WebKit/Source/JavaScriptCore/runtime/ThreadObject.cpp:467:5 (jsc+0x199c3ff)
    #4 <null> <null> (0x7ff1afdff217)
    #5 JSC::evaluate(JSC::JSGlobalObject*, JSC::SourceCode const&, JSC::JSValue, WTF::NakedPtr<JSC::Exception>&) /root/WebKit/Source/JavaScriptCore/runtime/Completion.cpp:145:37 (jsc+0x13beb03)
    #6 runWithOptions(GlobalObject*, CommandLine&, bool&) /root/WebKit/Source/JavaScriptCore/jsc.cpp:3957:35 (jsc+0x1caeb5)
    #7 jscmain(int, char**)::$_0::operator()(JSC::VM&, GlobalObject*, bool&) const /root/WebKit/Source/JavaScriptCore/jsc.cpp:4686:13 (jsc+0x1caeb5)
    #8 int runJSC<jscmain(int, char**)::$_0>(CommandLine const&, bool, jscmain(int, char**)::$_0 const&) /root/WebKit/Source/JavaScriptCore/jsc.cpp:4472:13 (jsc+0x1caeb5)
    #9 jscmain(int, char**) /root/WebKit/Source/JavaScriptCore/jsc.cpp:4679:18 (jsc+0x1caeb5)
    #10 main /root/WebKit/Source/JavaScriptCore/jsc.cpp:3715:15 (jsc+0x1c9733)

SUMMARY: ThreadSanitizer: data race /root/WebKit/Source/JavaScriptCore/bytecode/UnlinkedFunctionExecutable.h:203:75 in JSC::UnlinkedFunctionExecutable::setSingletonHasBeenInvalidated()
==================
==================
WARNING: ThreadSanitizer: data race (pid=2183534)
  Write of size 1 at 0x72a0000c81f1 by thread T11:
    #0 JSC::Interpreter::executeCallImpl(JSC::VM&, JSC::JSObject*, JSC::CallData const&, JSC::JSValue, JSC::JSCell*, JSC::ArgList const&) /root/WebKit/Source/JavaScriptCore/interpreter/Interpreter.cpp:1302:51 (jsc+0xe88139)
    #1 JSC::Interpreter::executeCall(JSC::JSObject*, JSC::CallData const&, JSC::JSValue, JSC::JSCell*, JSC::ArgList const&) /root/WebKit/Source/JavaScriptCore/interpreter/Interpreter.cpp (jsc+0xe8879d)
    #2 JSC::call(JSC::JSGlobalObject*, JSC::JSValue, JSC::CallData const&, JSC::JSValue, JSC::ArgList const&) /root/WebKit/Source/JavaScriptCore/runtime/CallData.cpp:70:27 (jsc+0x135c401)
    #3 JSC::call(JSC::JSGlobalObject*, JSC::JSValue, JSC::CallData const&, JSC::JSValue, JSC::ArgList const&, WTF::NakedPtr<JSC::Exception>&) /root/WebKit/Source/JavaScriptCore/runtime/CallData.cpp:77:22 (jsc+0x135c401)
    #4 JSC::threadMain(JSC::VM&, WTF::Ref<JSC::ThreadState, WTF::RawPtrTraits<JSC::ThreadState>, WTF::DefaultRefDerefTraits<JSC::ThreadState>>) /root/WebKit/Source/JavaScriptCore/runtime/ThreadObject.cpp:241:30 (jsc+0x19a402c)
    #5 JSC::constructThread(JSC::JSGlobalObject*, JSC::CallFrame*)::$_0::operator()() /root/WebKit/Source/JavaScriptCore/runtime/ThreadObject.cpp:468:9 (jsc+0x19a402c)
    #6 WTF::Detail::CallableWrapper<JSC::constructThread(JSC::JSGlobalObject*, JSC::CallFrame*)::$_0, void>::call() /root/WebKit/WebKitBuild/TSan/WTF/Headers/wtf/Function.h:59:39 (jsc+0x19a402c)
    #7 WTF::Function<void ()>::operator()() const /root/WebKit/Source/WTF/wtf/Function.h:103:35 (jsc+0x25b4a85)
    #8 WTF::Thread::entryPoint(WTF::Thread::NewThreadContext*) /root/WebKit/Source/WTF/wtf/Threading.cpp:312:5 (jsc+0x25b4a85)
    #9 WTF::wtfThreadEntryPoint(void*) /root/WebKit/Source/WTF/wtf/posix/ThreadingPOSIX.cpp:264:5 (jsc+0x26114a9)

  Previous write of size 1 at 0x72a0000c81f1 by thread T10:
    #0 JSC::Interpreter::executeCallImpl(JSC::VM&, JSC::JSObject*, JSC::CallData const&, JSC::JSValue, JSC::JSCell*, JSC::ArgList const&) /root/WebKit/Source/JavaScriptCore/interpreter/Interpreter.cpp:1302:51 (jsc+0xe88139)
    #1 JSC::Interpreter::executeCall(JSC::JSObject*, JSC::CallData const&, JSC::JSValue, JSC::JSCell*, JSC::ArgList const&) /root/WebKit/Source/JavaScriptCore/interpreter/Interpreter.cpp (jsc+0xe8879d)
    #2 JSC::call(JSC::JSGlobalObject*, JSC::JSValue, JSC::CallData const&, JSC::JSValue, JSC::ArgList const&) /root/WebKit/Source/JavaScriptCore/runtime/CallData.cpp:70:27 (jsc+0x135c401)
    #3 JSC::call(JSC::JSGlobalObject*, JSC::JSValue, JSC::CallData const&, JSC::JSValue, JSC::ArgList const&, WTF::NakedPtr<JSC::Exception>&) /root/WebKit/Source/JavaScriptCore/runtime/CallData.cpp:77:22 (jsc+0x135c401)
    #4 JSC::threadMain(JSC::VM&, WTF::Ref<JSC::ThreadState, WTF::RawPtrTraits<JSC::ThreadState>, WTF::DefaultRefDerefTraits<JSC::ThreadState>>) /root/WebKit/Source/JavaScriptCore/runtime/ThreadObject.cpp:241:30 (jsc+0x19a402c)
    #5 JSC::constructThread(JSC::JSGlobalObject*, JSC::CallFrame*)::$_0::operator()() /root/WebKit/Source/JavaScriptCore/runtime/ThreadObject.cpp:468:9 (jsc+0x19a402c)
    #6 WTF::Detail::CallableWrapper<JSC::constructThread(JSC::JSGlobalObject*, JSC::CallFrame*)::$_0, void>::call() /root/WebKit/WebKitBuild/TSan/WTF/Headers/wtf/Function.h:59:39 (jsc+0x19a402c)
    #7 WTF::Function<void ()>::operator()() const /root/WebKit/Source/WTF/wtf/Function.h:103:35 (jsc+0x25b4a85)
    #8 WTF::Thread::entryPoint(WTF::Thread::NewThreadContext*) /root/WebKit/Source/WTF/wtf/Threading.cpp:312:5 (jsc+0x25b4a85)
    #9 WTF::wtfThreadEntryPoint(void*) /root/WebKit/Source/WTF/wtf/posix/ThreadingPOSIX.cpp:264:5 (jsc+0x26114a9)

  Location is heap block of size 16384 at 0x72a0000c8000 allocated by thread T4:
    #0 aligned_alloc /home/runner/work/llvm-project/llvm-project/compiler-rt/lib/tsan/rtl/tsan_interceptors_posix.cpp:885:3 (jsc+0x13f40e)
    #1 bmalloc::api::tryMemalign(unsigned long, unsigned long, bmalloc::CompactAllocationMode, bmalloc::HeapKind) /root/WebKit/WebKitBuild/TSan/bmalloc/Headers/bmalloc/bmalloc.h:158:12 (jsc+0x2597ae0)
    #2 WTF::tryFastCompactAlignedMalloc(unsigned long, unsigned long) /root/WebKit/Source/WTF/wtf/FastMalloc.cpp:553:20 (jsc+0x2597ae0)
    #3 JSC::FastMallocAlignedMemoryAllocator::tryAllocateAlignedMemory(unsigned long, unsigned long) /root/WebKit/Source/JavaScriptCore/heap/FastMallocAlignedMemoryAllocator.cpp:47:12 (jsc+0xdbba60)
    #4 JSC::MarkedBlock::tryCreate(JSC::Heap&, JSC::AlignedMemoryAllocator*) /root/WebKit/Source/JavaScriptCore/heap/MarkedBlock.cpp:138:48 (jsc+0xe474f7)
    #5 JSC::BlockDirectory::tryAllocateBlock(WTF::AbstractLocker const&, JSC::Heap&) /root/WebKit/Source/JavaScriptCore/heap/BlockDirectory.cpp:154:35 (jsc+0xdb2cbd)
    #6 JSC::LocalAllocator::allocateSlowCase(JSC::Heap&, unsigned long, JSC::GCDeferralContext*, JSC::AllocationFailureMode) /root/WebKit/Source/JavaScriptCore/heap/LocalAllocator.cpp:221:47 (jsc+0xe424ae)
    #7 JSC::LocalAllocator::allocate(JSC::Heap&, unsigned long, JSC::GCDeferralContext*, JSC::AllocationFailureMode)::'lambda'()::operator()() const /root/WebKit/WebKitBuild/TSan/JavaScriptCore/PrivateHeaders/JavaScriptCore/LocalAllocatorInlines.h:53:43 (jsc+0x1d120e)
    #8 JSC::HeapCell* JSC::FreeList::allocateWithCellSize<JSC::LocalAllocator::allocate(JSC::Heap&, unsigned long, JSC::GCDeferralContext*, JSC::AllocationFailureMode)::'lambda'()>(JSC::LocalAllocator::allocate(JSC::Heap&, unsigned long, JSC::GCDeferralContext*, JSC::AllocationFailureMode)::'lambda'() const&, unsigned long) /root/WebKit/Source/JavaScriptCore/heap/FreeListInlines.h:46:16 (jsc+0x18a055c)
    #9 JSC::LocalAllocator::allocate(JSC::Heap&, unsigned long, JSC::GCDeferralContext*, JSC::AllocationFailureMode) /root/WebKit/Source/JavaScriptCore/heap/LocalAllocatorInlines.h:50:23 (jsc+0x18a055c)
    #10 JSC::GCClient::IsoSubspace::allocate(JSC::VM&, unsigned long, JSC::GCDeferralContext*, JSC::AllocationFailureMode) /root/WebKit/Source/JavaScriptCore/heap/IsoSubspaceInlines.h:42:29 (jsc+0x18a055c)
    #11 void* JSC::tryAllocateCellHelper<JSC::FunctionCodeBlock, (JSC::AllocationFailureMode)0>(JSC::VM&, unsigned long, JSC::GCDeferralContext*) /root/WebKit/Source/JavaScriptCore/runtime/JSCellInlines.h:212:63 (jsc+0x18a055c)
    #12 void* JSC::allocateCell<JSC::FunctionCodeBlock>(JSC::VM&, unsigned long) /root/WebKit/Source/JavaScriptCore/runtime/JSCellInlines.h:232:12 (jsc+0x18a055c)
    #13 JSC::FunctionCodeBlock::create(JSC::VM&, JSC::FunctionExecutable*, JSC::UnlinkedFunctionCodeBlock*, JSC::JSScope*) /root/WebKit/Source/JavaScriptCore/bytecode/FunctionCodeBlock.h:59:53 (jsc+0x1898f9d)
    #14 JSC::ScriptExecutable::newCodeBlockFor(JSC::CodeSpecializationKind, JSC::JSFunction*, JSC::JSScope*) /root/WebKit/Source/JavaScriptCore/runtime/ScriptExecutable.cpp:537:5 (jsc+0x1898f9d)
    #15 JSC::ScriptExecutable::prepareForExecutionImpl(JSC::VM&, JSC::JSFunction*, JSC::JSScope*, JSC::CodeSpecializationKind, JSC::CodeBlock*&) /root/WebKit/Source/JavaScriptCore/runtime/ScriptExecutable.cpp:643:28 (jsc+0x1899798)
    #16 void JSC::ScriptExecutable::prepareForExecution<JSC::FunctionExecutable>(JSC::VM&, JSC::JSFunction*, JSC::JSScope*, JSC::CodeSpecializationKind, JSC::CodeBlock*&) /root/WebKit/Source/JavaScriptCore/bytecode/CodeBlock.h:1160:5 (jsc+0xe88408)
    #17 JSC::Interpreter::executeCallImpl(JSC::VM&, JSC::JSObject*, JSC::CallData const&, JSC::JSValue, JSC::JSCell*, JSC::ArgList const&) /root/WebKit/Source/JavaScriptCore/interpreter/Interpreter.cpp:1299:33 (jsc+0xe88408)
    #18 JSC::Interpreter::executeCall(JSC::JSObject*, JSC::CallData const&, JSC::JSValue, JSC::JSCell*, JSC::ArgList const&) /root/WebKit/Source/JavaScriptCore/interpreter/Interpreter.cpp (jsc+0xe8879d)
    #19 JSC::call(JSC::JSGlobalObject*, JSC::JSValue, JSC::CallData const&, JSC::JSValue, JSC::ArgList const&) /root/WebKit/Source/JavaScriptCore/runtime/CallData.cpp:70:27 (jsc+0x135c401)
    #20 JSC::call(JSC::JSGlobalObject*, JSC::JSValue, JSC::CallData const&, JSC::JSValue, JSC::ArgList const&, WTF::NakedPtr<JSC::Exception>&) /root/WebKit/Source/JavaScriptCore/runtime/CallData.cpp:77:22 (jsc+0x135c401)
    #21 JSC::threadMain(JSC::VM&, WTF::Ref<JSC::ThreadState, WTF::RawPtrTraits<JSC::ThreadState>, WTF::DefaultRefDerefTraits<JSC::ThreadState>>) /root/WebKit/Source/JavaScriptCore/runtime/ThreadObject.cpp:241:30 (jsc+0x19a402c)
    #22 JSC::constructThread(JSC::JSGlobalObject*, JSC::CallFrame*)::$_0::operator()() /root/WebKit/Source/JavaScriptCore/runtime/ThreadObject.cpp:468:9 (jsc+0x19a402c)
    #23 WTF::Detail::CallableWrapper<JSC::constructThread(JSC::JSGlobalObject*, JSC::CallFrame*)::$_0, void>::call() /root/WebKit/WebKitBuild/TSan/WTF/Headers/wtf/Function.h:59:39 (jsc+0x19a402c)
    #24 WTF::Function<void ()>::operator()() const /root/WebKit/Source/WTF/wtf/Function.h:103:35 (jsc+0x25b4a85)
    #25 WTF::Thread::entryPoint(WTF::Thread::NewThreadContext*) /root/WebKit/Source/WTF/wtf/Threading.cpp:312:5 (jsc+0x25b4a85)
    #26 WTF::wtfThreadEntryPoint(void*) /root/WebKit/Source/WTF/wtf/posix/ThreadingPOSIX.cpp:264:5 (jsc+0x26114a9)

  Thread T11 'JS Thread' (tid=2183644, running) created by main thread at:
    #0 pthread_create /home/runner/work/llvm-project/llvm-project/compiler-rt/lib/tsan/rtl/tsan_interceptors_posix.cpp:1090:3 (jsc+0x13ff1a)
    #1 WTF::Thread::establishHandle(WTF::Thread::NewThreadContext&, WTF::StackAllocationSpecification, WTF::ThreadQOS, WTF::ThreadSchedulingPolicy) /root/WebKit/Source/WTF/wtf/posix/ThreadingPOSIX.cpp:354:17 (jsc+0x2611395)
    #2 WTF::Thread::create(WTF::ASCIILiteral, WTF::Function<void ()>&&, WTF::ThreadType, WTF::ThreadQOS, WTF::ThreadSchedulingPolicy, WTF::StackAllocationSpecification) /root/WebKit/Source/WTF/wtf/Threading.cpp:330:32 (jsc+0x25b4dc3)
    #3 JSC::constructThread(JSC::JSGlobalObject*, JSC::CallFrame*) /root/WebKit/Source/JavaScriptCore/runtime/ThreadObject.cpp:467:5 (jsc+0x199c3ff)
    #4 <null> <null> (0x7ff1afdff217)
    #5 JSC::evaluate(JSC::JSGlobalObject*, JSC::SourceCode const&, JSC::JSValue, WTF::NakedPtr<JSC::Exception>&) /root/WebKit/Source/JavaScriptCore/runtime/Completion.cpp:145:37 (jsc+0x13beb03)
    #6 runWithOptions(GlobalObject*, CommandLine&, bool&) /root/WebKit/Source/JavaScriptCore/jsc.cpp:3957:35 (jsc+0x1caeb5)
    #7 jscmain(int, char**)::$_0::operator()(JSC::VM&, GlobalObject*, bool&) const /root/WebKit/Source/JavaScriptCore/jsc.cpp:4686:13 (jsc+0x1caeb5)
    #8 int runJSC<jscmain(int, char**)::$_0>(CommandLine const&, bool, jscmain(int, char**)::$_0 const&) /root/WebKit/Source/JavaScriptCore/jsc.cpp:4472:13 (jsc+0x1caeb5)
    #9 jscmain(int, char**) /root/WebKit/Source/JavaScriptCore/jsc.cpp:4679:18 (jsc+0x1caeb5)
    #10 main /root/WebKit/Source/JavaScriptCore/jsc.cpp:3715:15 (jsc+0x1c9733)

  Thread T10 'JS Thread' (tid=2183643, running) created by main thread at:
    #0 pthread_create /home/runner/work/llvm-project/llvm-project/compiler-rt/lib/tsan/rtl/tsan_interceptors_posix.cpp:1090:3 (jsc+0x13ff1a)
    #1 WTF::Thread::establishHandle(WTF::Thread::NewThreadContext&, WTF::StackAllocationSpecification, WTF::ThreadQOS, WTF::ThreadSchedulingPolicy) /root/WebKit/Source/WTF/wtf/posix/ThreadingPOSIX.cpp:354:17 (jsc+0x2611395)
    #2 WTF::Thread::create(WTF::ASCIILiteral, WTF::Function<void ()>&&, WTF::ThreadType, WTF::ThreadQOS, WTF::ThreadSchedulingPolicy, WTF::StackAllocationSpecification) /root/WebKit/Source/WTF/wtf/Threading.cpp:330:32 (jsc+0x25b4dc3)
    #3 JSC::constructThread(JSC::JSGlobalObject*, JSC::CallFrame*) /root/WebKit/Source/JavaScriptCore/runtime/ThreadObject.cpp:467:5 (jsc+0x199c3ff)
    #4 <null> <null> (0x7ff1afdff217)
    #5 JSC::evaluate(JSC::JSGlobalObject*, JSC::SourceCode const&, JSC::JSValue, WTF::NakedPtr<JSC::Exception>&) /root/WebKit/Source/JavaScriptCore/runtime/Completion.cpp:145:37 (jsc+0x13beb03)
    #6 runWithOptions(GlobalObject*, CommandLine&, bool&) /root/WebKit/Source/JavaScriptCore/jsc.cpp:3957:35 (jsc+0x1caeb5)
    #7 jscmain(int, char**)::$_0::operator()(JSC::VM&, GlobalObject*, bool&) const /root/WebKit/Source/JavaScriptCore/jsc.cpp:4686:13 (jsc+0x1caeb5)
    #8 int runJSC<jscmain(int, char**)::$_0>(CommandLine const&, bool, jscmain(int, char**)::$_0 const&) /root/WebKit/Source/JavaScriptCore/jsc.cpp:4472:13 (jsc+0x1caeb5)
    #9 jscmain(int, char**) /root/WebKit/Source/JavaScriptCore/jsc.cpp:4679:18 (jsc+0x1caeb5)
    #10 main /root/WebKit/Source/JavaScriptCore/jsc.cpp:3715:15 (jsc+0x1c9733)

  Thread T4 'JS Thread' (tid=2183546, finished) created by main thread at:
    #0 pthread_create /home/runner/work/llvm-project/llvm-project/compiler-rt/lib/tsan/rtl/tsan_interceptors_posix.cpp:1090:3 (jsc+0x13ff1a)
    #1 WTF::Thread::establishHandle(WTF::Thread::NewThreadContext&, WTF::StackAllocationSpecification, WTF::ThreadQOS, WTF::ThreadSchedulingPolicy) /root/WebKit/Source/WTF/wtf/posix/ThreadingPOSIX.cpp:354:17 (jsc+0x2611395)
    #2 WTF::Thread::create(WTF::ASCIILiteral, WTF::Function<void ()>&&, WTF::ThreadType, WTF::ThreadQOS, WTF::ThreadSchedulingPolicy, WTF::StackAllocationSpecification) /root/WebKit/Source/WTF/wtf/Threading.cpp:330:32 (jsc+0x25b4dc3)
    #3 JSC::constructThread(JSC::JSGlobalObject*, JSC::CallFrame*) /root/WebKit/Source/JavaScriptCore/runtime/ThreadObject.cpp:467:5 (jsc+0x199c3ff)
    #4 <null> <null> (0x7ff1afdff217)
    #5 JSC::evaluate(JSC::JSGlobalObject*, JSC::SourceCode const&, JSC::JSValue, WTF::NakedPtr<JSC::Exception>&) /root/WebKit/Source/JavaScriptCore/runtime/Completion.cpp:145:37 (jsc+0x13beb03)
    #6 runWithOptions(GlobalObject*, CommandLine&, bool&) /root/WebKit/Source/JavaScriptCore/jsc.cpp:3957:35 (jsc+0x1caeb5)
    #7 jscmain(int, char**)::$_0::operator()(JSC::VM&, GlobalObject*, bool&) const /root/WebKit/Source/JavaScriptCore/jsc.cpp:4686:13 (jsc+0x1caeb5)
    #8 int runJSC<jscmain(int, char**)::$_0>(CommandLine const&, bool, jscmain(int, char**)::$_0 const&) /root/WebKit/Source/JavaScriptCore/jsc.cpp:4472:13 (jsc+0x1caeb5)
    #9 jscmain(int, char**) /root/WebKit/Source/JavaScriptCore/jsc.cpp:4679:18 (jsc+0x1caeb5)
    #10 main /root/WebKit/Source/JavaScriptCore/jsc.cpp:3715:15 (jsc+0x1c9733)

SUMMARY: ThreadSanitizer: data race /root/WebKit/Source/JavaScriptCore/interpreter/Interpreter.cpp:1302:51 in JSC::Interpreter::executeCallImpl(JSC::VM&, JSC::JSObject*, JSC::CallData const&, JSC::JSValue, JSC::JSCell*, JSC::ArgList const&)
==================
ThreadSanitizer: reported 2 warnings
