JSC: disabling useWasm under GIL-off (wasm glue still reads the raw VM-block exception word; not yet audited for UNGIL §A.1.3 COMPILED-FOR-VM; see AB-17 status block in VMEntryScope.cpp).
==================
WARNING: ThreadSanitizer: data race (pid=2482693)
  Atomic read of size 4 at 0x728c00001448 by thread T1:
    #0 std::atomic<JSC::ResolveType>::load(std::memory_order) const /usr/lib/gcc/x86_64-amazon-linux/14/../../../../include/c++/14/atomic:302:2 (jsc+0xff2f16)
    #1 WTF::Atomic<JSC::ResolveType>::load(std::memory_order) const /root/WebKit/WebKitBuild/TSan/WTF/Headers/wtf/Atomics.h:55:100 (jsc+0xff2f16)
    #2 JSC::ResolveType WTF::atomicLoad<JSC::ResolveType>(JSC::ResolveType*, std::memory_order) /root/WebKit/WebKitBuild/TSan/WTF/Headers/wtf/Atomics.h:162:49 (jsc+0xff2f16)
    #3 JSC::JIT::emit_op_resolve_scope(JSC::BaseInstruction<JSC::JSOpcodeTraits> const*) /root/WebKit/Source/JavaScriptCore/jit/JITPropertyAccess.cpp:949:39 (jsc+0xff2f16)
    #4 JSC::JIT::privateCompileMainPass() /root/WebKit/Source/JavaScriptCore/jit/JIT.cpp:439:9 (jsc+0xec0cbf)
    #5 JSC::JIT::compileAndLinkWithoutFinalizing(JSC::JITCompilationEffort) /root/WebKit/Source/JavaScriptCore/jit/JIT.cpp:813:5 (jsc+0xece9f6)
    #6 JSC::BaselineJITPlan::compileInThreadImpl(JSC::JITCompilationEffort) /root/WebKit/Source/JavaScriptCore/jit/BaselineJITPlan.cpp:67:32 (jsc+0xea9c98)
    #7 JSC::BaselineJITPlan::compileInThreadImpl() /root/WebKit/Source/JavaScriptCore/jit/BaselineJITPlan.cpp:78:12 (jsc+0xea9e3b)
    #8 JSC::JITPlan::compileInThread(JSC::JITWorklistThread*) /root/WebKit/Source/JavaScriptCore/jit/JITPlan.cpp:283:28 (jsc+0xfdba6d)
    #9 JSC::JITWorklistThread::work() /root/WebKit/Source/JavaScriptCore/jit/JITWorklistThread.cpp:145:13 (jsc+0x104632b)
    #10 WTF::AutomaticThread::start(WTF::AbstractLocker const&)::$_0::operator()() const /root/WebKit/Source/WTF/wtf/AutomaticThread.cpp:260:37 (jsc+0x257e53c)
    #11 WTF::Detail::CallableWrapper<WTF::AutomaticThread::start(WTF::AbstractLocker const&)::$_0, void>::call() /root/WebKit/Source/WTF/wtf/Function.h:59:39 (jsc+0x257e53c)
    #12 WTF::Function<void ()>::operator()() const /root/WebKit/Source/WTF/wtf/Function.h:103:35 (jsc+0x25a9495)
    #13 WTF::Thread::entryPoint(WTF::Thread::NewThreadContext*) /root/WebKit/Source/WTF/wtf/Threading.cpp:312:5 (jsc+0x25a9495)
    #14 WTF::wtfThreadEntryPoint(void*) /root/WebKit/Source/WTF/wtf/posix/ThreadingPOSIX.cpp:264:5 (jsc+0x2603469)

  Previous write of size 4 at 0x728c00001448 by main thread:
    #0 slow_path_resolve_scope /root/WebKit/Source/JavaScriptCore/runtime/CommonSlowPaths.cpp:1403:40 (jsc+0x13b7ef1)
    #1 llint_op_resolve_scope LowLevelInterpreter.cpp (jsc+0x1e0b979)
    #2 JSC::evaluate(JSC::JSGlobalObject*, JSC::SourceCode const&, JSC::JSValue, WTF::NakedPtr<JSC::Exception>&) /root/WebKit/Source/JavaScriptCore/runtime/Completion.cpp:145:37 (jsc+0x13bf753)
    #3 runWithOptions(GlobalObject*, CommandLine&, bool&) /root/WebKit/Source/JavaScriptCore/jsc.cpp:3957:35 (jsc+0x1caf75)
    #4 jscmain(int, char**)::$_0::operator()(JSC::VM&, GlobalObject*, bool&) const /root/WebKit/Source/JavaScriptCore/jsc.cpp:4686:13 (jsc+0x1caf75)
    #5 int runJSC<jscmain(int, char**)::$_0>(CommandLine const&, bool, jscmain(int, char**)::$_0 const&) /root/WebKit/Source/JavaScriptCore/jsc.cpp:4472:13 (jsc+0x1caf75)
    #6 jscmain(int, char**) /root/WebKit/Source/JavaScriptCore/jsc.cpp:4679:18 (jsc+0x1caf75)
    #7 main /root/WebKit/Source/JavaScriptCore/jsc.cpp:3715:15 (jsc+0x1c97b3)

  Location is heap block of size 6936 at 0x728c00000000 allocated by main thread:
    #0 malloc /home/runner/work/llvm-project/llvm-project/compiler-rt/lib/tsan/rtl/tsan_interceptors_posix.cpp:682:5 (jsc+0x13dc20)
    #1 bmalloc::api::malloc(unsigned long, bmalloc::CompactAllocationMode, bmalloc::HeapKind) /root/WebKit/WebKitBuild/TSan/bmalloc/Headers/bmalloc/bmalloc.h:96:20 (jsc+0x258c6d9)
    #2 WTF::fastMalloc(unsigned long) /root/WebKit/Source/WTF/wtf/FastMalloc.cpp:337:20 (jsc+0x258c6d9)
    #3 WTF::FastMalloc::malloc(unsigned long) /root/WebKit/WebKitBuild/TSan/WTF/Headers/wtf/FastMalloc.h:235:47 (jsc+0x3be544)
    #4 JSC::UnlinkedMetadataTable::finalize() /root/WebKit/Source/JavaScriptCore/bytecode/UnlinkedMetadataTable.cpp:164:61 (jsc+0x3be544)
    #5 JSC::UnlinkedCodeBlockGenerator::finalize(std::unique_ptr<JSC::InstructionStream<JSC::BaseInstruction<JSC::JSOpcodeTraits>>, std::default_delete<JSC::InstructionStream<JSC::BaseInstruction<JSC::JSOpcodeTraits>>>>) /root/WebKit/Source/JavaScriptCore/bytecode/UnlinkedCodeBlockGenerator.cpp:68:34 (jsc+0x3bd157)
    #6 JSC::BytecodeGenerator::generate(unsigned int&) /root/WebKit/Source/JavaScriptCore/bytecompiler/BytecodeGenerator.cpp:422:18 (jsc+0x3cd638)
    #7 JSC::ParserError JSC::BytecodeGenerator::generate<JSC::ProgramNode, JSC::UnlinkedProgramCodeBlock>(JSC::VM&, JSC::ProgramNode*, JSC::SourceCode const&, JSC::UnlinkedProgramCodeBlock*, WTF::OptionSet<JSC::CodeGenerationMode, (WTF::ConcurrencyTag)0>, WTF::RefPtr<JSC::TDZEnvironmentLink, WTF::RawPtrTraits<JSC::TDZEnvironmentLink>, WTF::DefaultRefDerefTraits<JSC::TDZEnvironmentLink>> const&, WTF::FixedVector<JSC::Identifier, WTF::FastMalloc> const*, WTF::HashMap<WTF::RefPtr<WTF::UniquedStringImpl, WTF::PackedPtrTraits<WTF::UniquedStringImpl>, WTF::DefaultRefDerefTraits<WTF::UniquedStringImpl>>, JSC::PrivateNameEntry, JSC::IdentifierRepHash, WTF::HashTraits<WTF::RefPtr<WTF::UniquedStringImpl, WTF::RawPtrTraits<WTF::UniquedStringImpl>, WTF::DefaultRefDerefTraits<WTF::UniquedStringImpl>>>, JSC::PrivateNameEntryHashTraits, WTF::HashTableTraits, (WTF::ShouldValidateKey)0, WTF::FastMalloc> const*) /root/WebKit/Source/JavaScriptCore/bytecompiler/BytecodeGenerator.h:407:46 (jsc+0x13d7570)
    #8 JSC::UnlinkedProgramCodeBlock* JSC::generateUnlinkedCodeBlockImpl<JSC::UnlinkedProgramCodeBlock, JSC::ProgramExecutable>(JSC::VM&, JSC::SourceCode const&, unsigned char, JSC::JSParserScriptMode, WTF::OptionSet<JSC::CodeGenerationMode, (WTF::ConcurrencyTag)0>, JSC::ParserError&, JSC::EvalContextType, JSC::DerivedContextType, bool, WTF::HashSet<WTF::RefPtr<WTF::UniquedStringImpl, WTF::RawPtrTraits<WTF::UniquedStringImpl>, WTF::DefaultRefDerefTraits<WTF::UniquedStringImpl>>, JSC::IdentifierRepHash, WTF::HashTraits<WTF::RefPtr<WTF::UniquedStringImpl, WTF::RawPtrTraits<WTF::UniquedStringImpl>, WTF::DefaultRefDerefTraits<WTF::UniquedStringImpl>>>, WTF::HashTableTraits, (WTF::ShouldValidateKey)0> const*, WTF::HashMap<WTF::RefPtr<WTF::UniquedStringImpl, WTF::PackedPtrTraits<WTF::UniquedStringImpl>, WTF::DefaultRefDerefTraits<WTF::UniquedStringImpl>>, JSC::PrivateNameEntry, JSC::IdentifierRepHash, WTF::HashTraits<WTF::RefPtr<WTF::UniquedStringImpl, WTF::RawPtrTraits<WTF::UniquedStringImpl>, WTF::DefaultRefDerefTraits<WTF::UniquedStringImpl>>>, JSC::PrivateNameEntryHashTraits, WTF::HashTableTraits, (WTF::ShouldValidateKey)0, WTF::FastMalloc> const*, JSC::ProgramExecutable*) /root/WebKit/Source/JavaScriptCore/runtime/CodeCache.cpp:211:13 (jsc+0x13da321)
    #9 JSC::UnlinkedProgramCodeBlock* JSC::generateUnlinkedCodeBlock<JSC::UnlinkedProgramCodeBlock, JSC::ProgramExecutable>(JSC::VM&, JSC::ProgramExecutable*, JSC::SourceCode const&, JSC::JSParserScriptMode, WTF::OptionSet<JSC::CodeGenerationMode, (WTF::ConcurrencyTag)0>, JSC::ParserError&, JSC::EvalContextType, WTF::HashSet<WTF::RefPtr<WTF::UniquedStringImpl, WTF::RawPtrTraits<WTF::UniquedStringImpl>, WTF::DefaultRefDerefTraits<WTF::UniquedStringImpl>>, JSC::IdentifierRepHash, WTF::HashTraits<WTF::RefPtr<WTF::UniquedStringImpl, WTF::RawPtrTraits<WTF::UniquedStringImpl>, WTF::DefaultRefDerefTraits<WTF::UniquedStringImpl>>>, WTF::HashTableTraits, (WTF::ShouldValidateKey)0> const*, WTF::HashMap<WTF::RefPtr<WTF::UniquedStringImpl, WTF::PackedPtrTraits<WTF::UniquedStringImpl>, WTF::DefaultRefDerefTraits<WTF::UniquedStringImpl>>, JSC::PrivateNameEntry, JSC::IdentifierRepHash, WTF::HashTraits<WTF::RefPtr<WTF::UniquedStringImpl, WTF::RawPtrTraits<WTF::UniquedStringImpl>, WTF::DefaultRefDerefTraits<WTF::UniquedStringImpl>>>, JSC::PrivateNameEntryHashTraits, WTF::HashTableTraits, (WTF::ShouldValidateKey)0, WTF::FastMalloc> const*) /root/WebKit/Source/JavaScriptCore/runtime/CodeCache.cpp:222:12 (jsc+0x13879d1)
    #10 JSC::UnlinkedProgramCodeBlock* JSC::CodeCache::getUnlinkedGlobalCodeBlock<JSC::UnlinkedProgramCodeBlock, JSC::ProgramExecutable>(JSC::VM&, JSC::ProgramExecutable*, JSC::SourceCode const&, JSC::JSParserScriptMode, WTF::OptionSet<JSC::CodeGenerationMode, (WTF::ConcurrencyTag)0>, JSC::ParserError&, JSC::EvalContextType) /root/WebKit/Source/JavaScriptCore/runtime/CodeCache.cpp:284:25 (jsc+0x13879d1)
    #11 JSC::CodeCache::getUnlinkedProgramCodeBlock(JSC::VM&, JSC::ProgramExecutable*, JSC::SourceCode const&, WTF::OptionSet<JSC::CodeGenerationMode, (WTF::ConcurrencyTag)0>, JSC::ParserError&) /root/WebKit/Source/JavaScriptCore/runtime/CodeCache.cpp:299:12 (jsc+0x1387445)
    #12 JSC::ProgramExecutable::initializeGlobalProperties(JSC::VM&, JSC::JSGlobalObject*, JSC::JSScope*) /root/WebKit/Source/JavaScriptCore/runtime/ProgramExecutable.cpp:95:67 (jsc+0x183598c)
    #13 JSC::Interpreter::executeProgram(JSC::SourceCode const&, JSC::JSGlobalObject*, JSC::JSObject*) /root/WebKit/Source/JavaScriptCore/interpreter/Interpreter.cpp:1186:32 (jsc+0xe86420)
    #14 JSC::evaluate(JSC::JSGlobalObject*, JSC::SourceCode const&, JSC::JSValue, WTF::NakedPtr<JSC::Exception>&) /root/WebKit/Source/JavaScriptCore/runtime/Completion.cpp:145:37 (jsc+0x13bf753)
    #15 runWithOptions(GlobalObject*, CommandLine&, bool&) /root/WebKit/Source/JavaScriptCore/jsc.cpp:3957:35 (jsc+0x1caf75)
    #16 jscmain(int, char**)::$_0::operator()(JSC::VM&, GlobalObject*, bool&) const /root/WebKit/Source/JavaScriptCore/jsc.cpp:4686:13 (jsc+0x1caf75)
    #17 int runJSC<jscmain(int, char**)::$_0>(CommandLine const&, bool, jscmain(int, char**)::$_0 const&) /root/WebKit/Source/JavaScriptCore/jsc.cpp:4472:13 (jsc+0x1caf75)
    #18 jscmain(int, char**) /root/WebKit/Source/JavaScriptCore/jsc.cpp:4679:18 (jsc+0x1caf75)
    #19 main /root/WebKit/Source/JavaScriptCore/jsc.cpp:3715:15 (jsc+0x1c97b3)

  Thread T1 'JITWorker' (tid=2482701, running) created by main thread at:
    #0 pthread_create /home/runner/work/llvm-project/llvm-project/compiler-rt/lib/tsan/rtl/tsan_interceptors_posix.cpp:1090:3 (jsc+0x13ff1a)
    #1 WTF::Thread::establishHandle(WTF::Thread::NewThreadContext&, WTF::StackAllocationSpecification, WTF::ThreadQOS, WTF::ThreadSchedulingPolicy) /root/WebKit/Source/WTF/wtf/posix/ThreadingPOSIX.cpp:354:17 (jsc+0x2603355)
    #2 WTF::Thread::create(WTF::ASCIILiteral, WTF::Function<void ()>&&, WTF::ThreadType, WTF::ThreadQOS, WTF::ThreadSchedulingPolicy, WTF::StackAllocationSpecification) /root/WebKit/Source/WTF/wtf/Threading.cpp:330:32 (jsc+0x25a97d3)
    #3 WTF::AutomaticThread::start(WTF::AbstractLocker const&) /root/WebKit/Source/WTF/wtf/AutomaticThread.cpp:189:5 (jsc+0x257cfb9)
    #4 WTF::AutomaticThreadCondition::notifyOne(WTF::AbstractLocker const&) /root/WebKit/Source/WTF/wtf/AutomaticThread.cpp:60:21 (jsc+0x257cdb9)
    #5 JSC::JITWorklist::wakeThreads(WTF::AbstractLocker const&, unsigned int) /root/WebKit/Source/JavaScriptCore/jit/JITWorklist.cpp:162:25 (jsc+0x1040736)
    #6 JSC::JITWorklist::enqueue(WTF::Ref<JSC::JITPlan, WTF::RawPtrTraits<JSC::JITPlan>, WTF::DefaultRefDerefTraits<JSC::JITPlan>>) /root/WebKit/Source/JavaScriptCore/jit/JITWorklist.cpp:246:5 (jsc+0x1040f99)
    #7 JSC::LLInt::jitCompileAndSetHeuristics(JSC::VM&, JSC::CodeBlock*) /root/WebKit/Source/JavaScriptCore/llint/LLIntSlowPaths.cpp:497:45 (jsc+0x107ab57)
    #8 JSC::LLInt::entryOSR(JSC::CodeBlock*, char const*, JSC::LLInt::EntryKind) /root/WebKit/Source/JavaScriptCore/llint/LLIntSlowPaths.cpp:519:10 (jsc+0x1079e22)
    #9 llint_entry_osr_function_for_call_arityCheck /root/WebKit/Source/JavaScriptCore/llint/LLIntSlowPaths.cpp:558:12 (jsc+0x107a186)
    #10 llint_function_for_call_arity_check LowLevelInterpreter.cpp (jsc+0x1dfcf49)
    #11 JSC::evaluate(JSC::JSGlobalObject*, JSC::SourceCode const&, JSC::JSValue, WTF::NakedPtr<JSC::Exception>&) /root/WebKit/Source/JavaScriptCore/runtime/Completion.cpp:145:37 (jsc+0x13bf753)
    #12 runWithOptions(GlobalObject*, CommandLine&, bool&) /root/WebKit/Source/JavaScriptCore/jsc.cpp:3957:35 (jsc+0x1caf75)
    #13 jscmain(int, char**)::$_0::operator()(JSC::VM&, GlobalObject*, bool&) const /root/WebKit/Source/JavaScriptCore/jsc.cpp:4686:13 (jsc+0x1caf75)
    #14 int runJSC<jscmain(int, char**)::$_0>(CommandLine const&, bool, jscmain(int, char**)::$_0 const&) /root/WebKit/Source/JavaScriptCore/jsc.cpp:4472:13 (jsc+0x1caf75)
    #15 jscmain(int, char**) /root/WebKit/Source/JavaScriptCore/jsc.cpp:4679:18 (jsc+0x1caf75)
    #16 main /root/WebKit/Source/JavaScriptCore/jsc.cpp:3715:15 (jsc+0x1c97b3)

SUMMARY: ThreadSanitizer: data race /root/WebKit/WebKitBuild/TSan/WTF/Headers/wtf/Atomics.h:55:100 in WTF::Atomic<JSC::ResolveType>::load(std::memory_order) const
==================
==================
WARNING: ThreadSanitizer: data race (pid=2482693)
  Write of size 4 at 0x7234000010e0 by thread T12:
    #0 JSC::PropertyTable::addAfterFind(JSC::VM&, JSC::PropertyTableEntry const&, JSC::PropertyTable::FindResult&&) /root/WebKit/Source/JavaScriptCore/runtime/PropertyTable.h:483:5 (jsc+0x1ddb99)
    #1 JSC::PropertyTable::add(JSC::VM&, JSC::PropertyTableEntry const&) /root/WebKit/Source/JavaScriptCore/runtime/PropertyTable.h:453:12 (jsc+0x24a62e)
    #2 int JSC::Structure::add<(JSC::Structure::ShouldPin)0, JSC::Structure::add(JSC::VM&, JSC::PropertyName, unsigned int)::$_0>(JSC::VM&, JSC::PropertyName, unsigned int, JSC::Structure::add(JSC::VM&, JSC::PropertyName, unsigned int)::$_0 const&) /root/WebKit/Source/JavaScriptCore/runtime/StructureInlines.h:320:47 (jsc+0x18fea78)
    #3 JSC::Structure::add(JSC::VM&, JSC::PropertyName, unsigned int) /root/WebKit/Source/JavaScriptCore/runtime/Structure.cpp:2205:12 (jsc+0x18fea78)
    #4 JSC::Structure::addNewPropertyTransition(JSC::VM&, JSC::Structure*, JSC::PropertyName, unsigned int, int&, JSC::PutPropertySlot::Context, JSC::DeferredStructureTransitionWatchpointFire*) /root/WebKit/Source/JavaScriptCore/runtime/Structure.cpp:880:26 (jsc+0x18fd8ad)
    #5 WTF::ASCIILiteral WTF::ASCIILiteral JSC::JSObject::putDirectInternal<(JSC::JSObject::PutMode)0>(JSC::VM&, JSC::PropertyName, JSC::JSValue, unsigned int, JSC::PutPropertySlot&)::'lambda'<bool $N>()::operator()<true>() const /root/WebKit/Source/JavaScriptCore/runtime/JSObjectInlines.h:1366:31 (jsc+0x84121a)
    #6 WTF::ASCIILiteral JSC::JSObject::putDirectInternal<(JSC::JSObject::PutMode)0>(JSC::VM&, JSC::PropertyName, JSC::JSValue, unsigned int, JSC::PutPropertySlot&)::'lambda'()::operator()() const /root/WebKit/Source/JavaScriptCore/runtime/JSObjectInlines.h:1419:34 (jsc+0x83f472)
    #7 decltype(fp()) JSC::putDirectInternalConcurrentOutOfLine<WTF::ASCIILiteral JSC::JSObject::putDirectInternal<(JSC::JSObject::PutMode)0>(JSC::VM&, JSC::PropertyName, JSC::JSValue, unsigned int, JSC::PutPropertySlot&)::'lambda'()>(WTF::ASCIILiteral JSC::JSObject::putDirectInternal<(JSC::JSObject::PutMode)0>(JSC::VM&, JSC::PropertyName, JSC::JSValue, unsigned int, JSC::PutPropertySlot&)::'lambda'() const&) /root/WebKit/Source/JavaScriptCore/runtime/JSObjectInlines.h:983:12 (jsc+0x83f472)
    #8 WTF::ASCIILiteral JSC::JSObject::putDirectInternal<(JSC::JSObject::PutMode)0>(JSC::VM&, JSC::PropertyName, JSC::JSValue, unsigned int, JSC::PutPropertySlot&) /root/WebKit/Source/JavaScriptCore/runtime/JSObjectInlines.h:1418:16 (jsc+0x83f445)
    #9 JSC::JSObject::putInlineFast(JSC::JSGlobalObject*, JSC::PropertyName, JSC::JSValue, JSC::PutPropertySlot&) /root/WebKit/Source/JavaScriptCore/runtime/JSObjectInlines.h:795:18 (jsc+0x83f445)
    #10 JSC::JSObject::putInlineForJSObject(JSC::JSCell*, JSC::JSGlobalObject*, JSC::PropertyName, JSC::JSValue, JSC::PutPropertySlot&) /root/WebKit/Source/JavaScriptCore/runtime/JSObjectInlines.h:787:24 (jsc+0x83f445)
    #11 JSC::JSObject::put(JSC::JSCell*, JSC::JSGlobalObject*, JSC::PropertyName, JSC::JSValue, JSC::PutPropertySlot&) /root/WebKit/Source/JavaScriptCore/runtime/JSObject.cpp:1573:12 (jsc+0x1690779)
    #12 JSC::JSValue::put(JSC::JSGlobalObject*, JSC::PropertyName, JSC::JSValue, JSC::PutPropertySlot&) /root/WebKit/Source/JavaScriptCore/runtime/JSObject.h:2296:12 (jsc+0x1087b42)
    #13 llint_slow_path_put_by_val /root/WebKit/Source/JavaScriptCore/llint/LLIntSlowPaths.cpp:1579:15 (jsc+0x1087b42)
    #14 llint_op_put_by_val LowLevelInterpreter.cpp (jsc+0x1e07f23)
    #15 JSC::Interpreter::executeCall(JSC::JSObject*, JSC::CallData const&, JSC::JSValue, JSC::JSCell*, JSC::ArgList const&) /root/WebKit/Source/JavaScriptCore/interpreter/Interpreter.cpp (jsc+0xe8869d)
    #16 JSC::call(JSC::JSGlobalObject*, JSC::JSValue, JSC::CallData const&, JSC::JSValue, JSC::ArgList const&) /root/WebKit/Source/JavaScriptCore/runtime/CallData.cpp:70:27 (jsc+0x135cd91)
    #17 JSC::call(JSC::JSGlobalObject*, JSC::JSValue, JSC::CallData const&, JSC::JSValue, JSC::ArgList const&, WTF::NakedPtr<JSC::Exception>&) /root/WebKit/Source/JavaScriptCore/runtime/CallData.cpp:77:22 (jsc+0x135cd91)
    #18 JSC::threadMain(JSC::VM&, WTF::Ref<JSC::ThreadState, WTF::RawPtrTraits<JSC::ThreadState>, WTF::DefaultRefDerefTraits<JSC::ThreadState>>) /root/WebKit/Source/JavaScriptCore/runtime/ThreadObject.cpp:241:30 (jsc+0x199c2ec)
    #19 JSC::constructThread(JSC::JSGlobalObject*, JSC::CallFrame*)::$_0::operator()() /root/WebKit/Source/JavaScriptCore/runtime/ThreadObject.cpp:468:9 (jsc+0x199c2ec)
    #20 WTF::Detail::CallableWrapper<JSC::constructThread(JSC::JSGlobalObject*, JSC::CallFrame*)::$_0, void>::call() /root/WebKit/WebKitBuild/TSan/WTF/Headers/wtf/Function.h:59:39 (jsc+0x199c2ec)
    #21 WTF::Function<void ()>::operator()() const /root/WebKit/Source/WTF/wtf/Function.h:103:35 (jsc+0x25a9495)
    #22 WTF::Thread::entryPoint(WTF::Thread::NewThreadContext*) /root/WebKit/Source/WTF/wtf/Threading.cpp:312:5 (jsc+0x25a9495)
    #23 WTF::wtfThreadEntryPoint(void*) /root/WebKit/Source/WTF/wtf/posix/ThreadingPOSIX.cpp:264:5 (jsc+0x2603469)

  Previous read of size 4 at 0x7234000010e0 by thread T11:
    #0 JSC::PropertyTable::size() const /root/WebKit/Source/JavaScriptCore/runtime/PropertyTable.h:536:12 (jsc+0x18fe386)
    #1 JSC::PropertyTable::propertyStorageSize() const /root/WebKit/Source/JavaScriptCore/runtime/PropertyTable.h:549:12 (jsc+0x18fe386)
    #2 void JSC::Structure::checkOffsetConsistency<JSC::Structure::checkOffsetConsistency() const::$_0>(JSC::PropertyTable*, JSC::Structure::checkOffsetConsistency() const::$_0 const&) const /root/WebKit/Source/JavaScriptCore/runtime/Structure.cpp:73:41 (jsc+0x18fe386)
    #3 JSC::Structure::checkOffsetConsistency() const /root/WebKit/Source/JavaScriptCore/runtime/Structure.cpp:2859:9 (jsc+0x18fe386)
    #4 JSC::Structure::addNewPropertyTransition(JSC::VM&, JSC::Structure*, JSC::PropertyName, unsigned int, int&, JSC::PutPropertySlot::Context, JSC::DeferredStructureTransitionWatchpointFire*) /root/WebKit/Source/JavaScriptCore/runtime/Structure.cpp:914:17 (jsc+0x18fdb71)
    #5 WTF::ASCIILiteral WTF::ASCIILiteral JSC::JSObject::putDirectInternal<(JSC::JSObject::PutMode)0>(JSC::VM&, JSC::PropertyName, JSC::JSValue, unsigned int, JSC::PutPropertySlot&)::'lambda'<bool $N>()::operator()<true>() const /root/WebKit/Source/JavaScriptCore/runtime/JSObjectInlines.h:1366:31 (jsc+0x84121a)
    #6 WTF::ASCIILiteral JSC::JSObject::putDirectInternal<(JSC::JSObject::PutMode)0>(JSC::VM&, JSC::PropertyName, JSC::JSValue, unsigned int, JSC::PutPropertySlot&)::'lambda'()::operator()() const /root/WebKit/Source/JavaScriptCore/runtime/JSObjectInlines.h:1419:34 (jsc+0x83f472)
    #7 decltype(fp()) JSC::putDirectInternalConcurrentOutOfLine<WTF::ASCIILiteral JSC::JSObject::putDirectInternal<(JSC::JSObject::PutMode)0>(JSC::VM&, JSC::PropertyName, JSC::JSValue, unsigned int, JSC::PutPropertySlot&)::'lambda'()>(WTF::ASCIILiteral JSC::JSObject::putDirectInternal<(JSC::JSObject::PutMode)0>(JSC::VM&, JSC::PropertyName, JSC::JSValue, unsigned int, JSC::PutPropertySlot&)::'lambda'() const&) /root/WebKit/Source/JavaScriptCore/runtime/JSObjectInlines.h:983:12 (jsc+0x83f472)
    #8 WTF::ASCIILiteral JSC::JSObject::putDirectInternal<(JSC::JSObject::PutMode)0>(JSC::VM&, JSC::PropertyName, JSC::JSValue, unsigned int, JSC::PutPropertySlot&) /root/WebKit/Source/JavaScriptCore/runtime/JSObjectInlines.h:1418:16 (jsc+0x83f445)
    #9 JSC::JSObject::putInlineFast(JSC::JSGlobalObject*, JSC::PropertyName, JSC::JSValue, JSC::PutPropertySlot&) /root/WebKit/Source/JavaScriptCore/runtime/JSObjectInlines.h:795:18 (jsc+0x83f445)
    #10 JSC::JSObject::putInlineForJSObject(JSC::JSCell*, JSC::JSGlobalObject*, JSC::PropertyName, JSC::JSValue, JSC::PutPropertySlot&) /root/WebKit/Source/JavaScriptCore/runtime/JSObjectInlines.h:787:24 (jsc+0x83f445)
    #11 JSC::JSObject::put(JSC::JSCell*, JSC::JSGlobalObject*, JSC::PropertyName, JSC::JSValue, JSC::PutPropertySlot&) /root/WebKit/Source/JavaScriptCore/runtime/JSObject.cpp:1573:12 (jsc+0x1690779)
    #12 JSC::JSValue::put(JSC::JSGlobalObject*, JSC::PropertyName, JSC::JSValue, JSC::PutPropertySlot&) /root/WebKit/Source/JavaScriptCore/runtime/JSObject.h:2296:12 (jsc+0x1087b42)
    #13 llint_slow_path_put_by_val /root/WebKit/Source/JavaScriptCore/llint/LLIntSlowPaths.cpp:1579:15 (jsc+0x1087b42)
    #14 llint_op_put_by_val LowLevelInterpreter.cpp (jsc+0x1e07f23)
    #15 JSC::Interpreter::executeCall(JSC::JSObject*, JSC::CallData const&, JSC::JSValue, JSC::JSCell*, JSC::ArgList const&) /root/WebKit/Source/JavaScriptCore/interpreter/Interpreter.cpp (jsc+0xe8869d)
    #16 JSC::call(JSC::JSGlobalObject*, JSC::JSValue, JSC::CallData const&, JSC::JSValue, JSC::ArgList const&) /root/WebKit/Source/JavaScriptCore/runtime/CallData.cpp:70:27 (jsc+0x135cd91)
    #17 JSC::call(JSC::JSGlobalObject*, JSC::JSValue, JSC::CallData const&, JSC::JSValue, JSC::ArgList const&, WTF::NakedPtr<JSC::Exception>&) /root/WebKit/Source/JavaScriptCore/runtime/CallData.cpp:77:22 (jsc+0x135cd91)
    #18 JSC::threadMain(JSC::VM&, WTF::Ref<JSC::ThreadState, WTF::RawPtrTraits<JSC::ThreadState>, WTF::DefaultRefDerefTraits<JSC::ThreadState>>) /root/WebKit/Source/JavaScriptCore/runtime/ThreadObject.cpp:241:30 (jsc+0x199c2ec)
    #19 JSC::constructThread(JSC::JSGlobalObject*, JSC::CallFrame*)::$_0::operator()() /root/WebKit/Source/JavaScriptCore/runtime/ThreadObject.cpp:468:9 (jsc+0x199c2ec)
    #20 WTF::Detail::CallableWrapper<JSC::constructThread(JSC::JSGlobalObject*, JSC::CallFrame*)::$_0, void>::call() /root/WebKit/WebKitBuild/TSan/WTF/Headers/wtf/Function.h:59:39 (jsc+0x199c2ec)
    #21 WTF::Function<void ()>::operator()() const /root/WebKit/Source/WTF/wtf/Function.h:103:35 (jsc+0x25a9495)
    #22 WTF::Thread::entryPoint(WTF::Thread::NewThreadContext*) /root/WebKit/Source/WTF/wtf/Threading.cpp:312:5 (jsc+0x25a9495)
    #23 WTF::wtfThreadEntryPoint(void*) /root/WebKit/Source/WTF/wtf/posix/ThreadingPOSIX.cpp:264:5 (jsc+0x2603469)

  Location is heap block of size 200 at 0x723400001040 allocated by main thread:
    #0 malloc /home/runner/work/llvm-project/llvm-project/compiler-rt/lib/tsan/rtl/tsan_interceptors_posix.cpp:682:5 (jsc+0x13dc20)
    #1 bmalloc::api::tryMalloc(unsigned long, bmalloc::CompactAllocationMode, bmalloc::HeapKind) /root/WebKit/WebKitBuild/TSan/bmalloc/Headers/bmalloc/bmalloc.h:76:12 (jsc+0x258c95d)
    #2 WTF::tryFastCompactMalloc(unsigned long) /root/WebKit/Source/WTF/wtf/FastMalloc.cpp:566:20 (jsc+0x258c95d)
    #3 WTF::FastCompactMalloc::tryMalloc(unsigned long) /root/WebKit/WebKitBuild/TSan/WTF/Headers/wtf/FastMalloc.h:291:23 (jsc+0xdba885)
    #4 JSC::FastMallocAlignedMemoryAllocator::tryAllocateMemory(unsigned long) /root/WebKit/Source/JavaScriptCore/heap/FastMallocAlignedMemoryAllocator.cpp:72:12 (jsc+0xdba885)
    #5 JSC::PreciseAllocation::tryCreateForLowerTierPrecise(JSC::Heap&, unsigned long, JSC::Subspace*, unsigned char) /root/WebKit/Source/JavaScriptCore/heap/PreciseAllocation.cpp:173:55 (jsc+0xe561a3)
    #6 JSC::IsoSubspace::tryAllocateLowerTierPrecise(unsigned long) /root/WebKit/Source/JavaScriptCore/heap/IsoSubspace.cpp:108:41 (jsc+0xe2fdc1)
    #7 JSC::LocalAllocator::allocateSlowCase(JSC::Heap&, unsigned long, JSC::GCDeferralContext*, JSC::AllocationFailureMode) /root/WebKit/Source/JavaScriptCore/heap/LocalAllocator.cpp:215:65 (jsc+0xe41d67)
    #8 JSC::LocalAllocator::allocate(JSC::Heap&, unsigned long, JSC::GCDeferralContext*, JSC::AllocationFailureMode)::'lambda'()::operator()() const /root/WebKit/WebKitBuild/TSan/JavaScriptCore/PrivateHeaders/JavaScriptCore/LocalAllocatorInlines.h:53:43 (jsc+0x1d131e)
    #9 JSC::HeapCell* JSC::FreeList::allocateWithCellSize<JSC::LocalAllocator::allocate(JSC::Heap&, unsigned long, JSC::GCDeferralContext*, JSC::AllocationFailureMode)::'lambda'()>(JSC::LocalAllocator::allocate(JSC::Heap&, unsigned long, JSC::GCDeferralContext*, JSC::AllocationFailureMode)::'lambda'() const&, unsigned long) /root/WebKit/Source/JavaScriptCore/heap/FreeListInlines.h:46:16 (jsc+0x183afdc)
    #10 JSC::LocalAllocator::allocate(JSC::Heap&, unsigned long, JSC::GCDeferralContext*, JSC::AllocationFailureMode) /root/WebKit/Source/JavaScriptCore/heap/LocalAllocatorInlines.h:50:23 (jsc+0x183afdc)
    #11 JSC::GCClient::IsoSubspace::allocate(JSC::VM&, unsigned long, JSC::GCDeferralContext*, JSC::AllocationFailureMode) /root/WebKit/Source/JavaScriptCore/heap/IsoSubspaceInlines.h:42:29 (jsc+0x183afdc)
    #12 void* JSC::tryAllocateCellHelper<JSC::PropertyTable, (JSC::AllocationFailureMode)0>(JSC::VM&, unsigned long, JSC::GCDeferralContext*) /root/WebKit/Source/JavaScriptCore/runtime/JSCellInlines.h:212:63 (jsc+0x183afdc)
    #13 void* JSC::allocateCell<JSC::PropertyTable>(JSC::VM&, unsigned long) /root/WebKit/Source/JavaScriptCore/runtime/JSCellInlines.h:232:12 (jsc+0x183afdc)
    #14 JSC::PropertyTable::create(JSC::VM&, unsigned int) /root/WebKit/Source/JavaScriptCore/runtime/PropertyTable.cpp:43:42 (jsc+0x183ac0b)
    #15 JSC::Structure::materializePropertyTable(JSC::VM&, bool) /root/WebKit/Source/JavaScriptCore/runtime/Structure.cpp:683:17 (jsc+0x18fc6a1)
    #16 JSC::Structure::takePropertyTableOrCloneIfPinned(JSC::VM&) /root/WebKit/Source/JavaScriptCore/runtime/Structure.cpp (jsc+0x18ff136)
    #17 JSC::Structure::addNewPropertyTransition(JSC::VM&, JSC::Structure*, JSC::PropertyName, unsigned int, int&, JSC::PutPropertySlot::Context, JSC::DeferredStructureTransitionWatchpointFire*) /root/WebKit/Source/JavaScriptCore/runtime/Structure.cpp:877:49 (jsc+0x18fd71f)
    #18 WTF::ASCIILiteral WTF::ASCIILiteral JSC::JSObject::putDirectInternal<(JSC::JSObject::PutMode)1>(JSC::VM&, JSC::PropertyName, JSC::JSValue, unsigned int, JSC::PutPropertySlot&)::'lambda'<bool $N>()::operator()<true>() const /root/WebKit/Source/JavaScriptCore/runtime/JSObjectInlines.h:1366:31 (jsc+0x1d9efb)
    #19 WTF::ASCIILiteral JSC::JSObject::putDirectInternal<(JSC::JSObject::PutMode)1>(JSC::VM&, JSC::PropertyName, JSC::JSValue, unsigned int, JSC::PutPropertySlot&)::'lambda'()::operator()() const /root/WebKit/Source/JavaScriptCore/runtime/JSObjectInlines.h:1419:34 (jsc+0x1d7d62)
    #20 decltype(fp()) JSC::putDirectInternalConcurrentOutOfLine<WTF::ASCIILiteral JSC::JSObject::putDirectInternal<(JSC::JSObject::PutMode)1>(JSC::VM&, JSC::PropertyName, JSC::JSValue, unsigned int, JSC::PutPropertySlot&)::'lambda'()>(WTF::ASCIILiteral JSC::JSObject::putDirectInternal<(JSC::JSObject::PutMode)1>(JSC::VM&, JSC::PropertyName, JSC::JSValue, unsigned int, JSC::PutPropertySlot&)::'lambda'() const&) /root/WebKit/Source/JavaScriptCore/runtime/JSObjectInlines.h:983:12 (jsc+0x1d7d62)
    #21 WTF::ASCIILiteral JSC::JSObject::putDirectInternal<(JSC::JSObject::PutMode)1>(JSC::VM&, JSC::PropertyName, JSC::JSValue, unsigned int, JSC::PutPropertySlot&) /root/WebKit/Source/JavaScriptCore/runtime/JSObjectInlines.h:1418:16 (jsc+0x148fa32)
    #22 JSC::JSObject::putDirect(JSC::VM&, JSC::PropertyName, JSC::JSValue, unsigned int) /root/WebKit/Source/JavaScriptCore/runtime/JSObject.h:2136:12 (jsc+0x148fa32)
    #23 JSC::InternalFunction::finishCreation(JSC::VM&, unsigned int, WTF::String const&, JSC::InternalFunction::PropertyAdditionMode) /root/WebKit/Source/JavaScriptCore/runtime/InternalFunction.cpp:60:9 (jsc+0x148fa32)
    #24 JSC::NullSetterFunction::create(JSC::VM&, JSC::Structure*, JSC::ECMAMode) /root/WebKit/Source/JavaScriptCore/runtime/NullSetterFunction.h:40:19 (jsc+0x15b4188)
    #25 JSC::JSGlobalObject::init(JSC::VM&) /root/WebKit/Source/JavaScriptCore/runtime/JSGlobalObject.cpp:1620:40 (jsc+0x15a4427)
    #26 JSC::JSGlobalObject::finishCreation(JSC::VM&) /root/WebKit/Source/JavaScriptCore/runtime/JSGlobalObject.cpp:4439:5 (jsc+0x15cbd8b)
    #27 GlobalObject::finishCreation(JSC::VM&, WTF::Vector<WTF::String, 0ul, WTF::CrashOnOverflow, 16ul, WTF::FastMalloc> const&) /root/WebKit/Source/JavaScriptCore/jsc.cpp:640:15 (jsc+0x1e913a)
    #28 GlobalObject::create(JSC::VM&, JSC::Structure*, WTF::Vector<WTF::String, 0ul, WTF::CrashOnOverflow, 16ul, WTF::FastMalloc> const&) /root/WebKit/Source/JavaScriptCore/jsc.cpp:566:17 (jsc+0x1ca06f)
    #29 int runJSC<jscmain(int, char**)::$_0>(CommandLine const&, bool, jscmain(int, char**)::$_0 const&) /root/WebKit/Source/JavaScriptCore/jsc.cpp:4464:28 (jsc+0x1ca06f)
    #30 jscmain(int, char**) /root/WebKit/Source/JavaScriptCore/jsc.cpp:4679:18 (jsc+0x1ca06f)
    #31 main /root/WebKit/Source/JavaScriptCore/jsc.cpp:3715:15 (jsc+0x1c97b3)

  Thread T12 'JS Thread' (tid=2482827, running) created by main thread at:
    #0 pthread_create /home/runner/work/llvm-project/llvm-project/compiler-rt/lib/tsan/rtl/tsan_interceptors_posix.cpp:1090:3 (jsc+0x13ff1a)
    #1 WTF::Thread::establishHandle(WTF::Thread::NewThreadContext&, WTF::StackAllocationSpecification, WTF::ThreadQOS, WTF::ThreadSchedulingPolicy) /root/WebKit/Source/WTF/wtf/posix/ThreadingPOSIX.cpp:354:17 (jsc+0x2603355)
    #2 WTF::Thread::create(WTF::ASCIILiteral, WTF::Function<void ()>&&, WTF::ThreadType, WTF::ThreadQOS, WTF::ThreadSchedulingPolicy, WTF::StackAllocationSpecification) /root/WebKit/Source/WTF/wtf/Threading.cpp:330:32 (jsc+0x25a97d3)
    #3 JSC::constructThread(JSC::JSGlobalObject*, JSC::CallFrame*) /root/WebKit/Source/JavaScriptCore/runtime/ThreadObject.cpp:467:5 (jsc+0x199484f)
    #4 <null> <null> (0x7fa772dff217)
    #5 JSC::evaluate(JSC::JSGlobalObject*, JSC::SourceCode const&, JSC::JSValue, WTF::NakedPtr<JSC::Exception>&) /root/WebKit/Source/JavaScriptCore/runtime/Completion.cpp:145:37 (jsc+0x13bf753)
    #6 runWithOptions(GlobalObject*, CommandLine&, bool&) /root/WebKit/Source/JavaScriptCore/jsc.cpp:3957:35 (jsc+0x1caf75)
    #7 jscmain(int, char**)::$_0::operator()(JSC::VM&, GlobalObject*, bool&) const /root/WebKit/Source/JavaScriptCore/jsc.cpp:4686:13 (jsc+0x1caf75)
    #8 int runJSC<jscmain(int, char**)::$_0>(CommandLine const&, bool, jscmain(int, char**)::$_0 const&) /root/WebKit/Source/JavaScriptCore/jsc.cpp:4472:13 (jsc+0x1caf75)
    #9 jscmain(int, char**) /root/WebKit/Source/JavaScriptCore/jsc.cpp:4679:18 (jsc+0x1caf75)
    #10 main /root/WebKit/Source/JavaScriptCore/jsc.cpp:3715:15 (jsc+0x1c97b3)

  Thread T11 'JS Thread' (tid=2482826, running) created by main thread at:
    #0 pthread_create /home/runner/work/llvm-project/llvm-project/compiler-rt/lib/tsan/rtl/tsan_interceptors_posix.cpp:1090:3 (jsc+0x13ff1a)
    #1 WTF::Thread::establishHandle(WTF::Thread::NewThreadContext&, WTF::StackAllocationSpecification, WTF::ThreadQOS, WTF::ThreadSchedulingPolicy) /root/WebKit/Source/WTF/wtf/posix/ThreadingPOSIX.cpp:354:17 (jsc+0x2603355)
    #2 WTF::Thread::create(WTF::ASCIILiteral, WTF::Function<void ()>&&, WTF::ThreadType, WTF::ThreadQOS, WTF::ThreadSchedulingPolicy, WTF::StackAllocationSpecification) /root/WebKit/Source/WTF/wtf/Threading.cpp:330:32 (jsc+0x25a97d3)
    #3 JSC::constructThread(JSC::JSGlobalObject*, JSC::CallFrame*) /root/WebKit/Source/JavaScriptCore/runtime/ThreadObject.cpp:467:5 (jsc+0x199484f)
    #4 <null> <null> (0x7fa772dff217)
    #5 JSC::evaluate(JSC::JSGlobalObject*, JSC::SourceCode const&, JSC::JSValue, WTF::NakedPtr<JSC::Exception>&) /root/WebKit/Source/JavaScriptCore/runtime/Completion.cpp:145:37 (jsc+0x13bf753)
    #6 runWithOptions(GlobalObject*, CommandLine&, bool&) /root/WebKit/Source/JavaScriptCore/jsc.cpp:3957:35 (jsc+0x1caf75)
    #7 jscmain(int, char**)::$_0::operator()(JSC::VM&, GlobalObject*, bool&) const /root/WebKit/Source/JavaScriptCore/jsc.cpp:4686:13 (jsc+0x1caf75)
    #8 int runJSC<jscmain(int, char**)::$_0>(CommandLine const&, bool, jscmain(int, char**)::$_0 const&) /root/WebKit/Source/JavaScriptCore/jsc.cpp:4472:13 (jsc+0x1caf75)
    #9 jscmain(int, char**) /root/WebKit/Source/JavaScriptCore/jsc.cpp:4679:18 (jsc+0x1caf75)
    #10 main /root/WebKit/Source/JavaScriptCore/jsc.cpp:3715:15 (jsc+0x1c97b3)

SUMMARY: ThreadSanitizer: data race /root/WebKit/Source/JavaScriptCore/runtime/PropertyTable.h:483:5 in JSC::PropertyTable::addAfterFind(JSC::VM&, JSC::PropertyTableEntry const&, JSC::PropertyTable::FindResult&&)
==================
ThreadSanitizer: reported 2 warnings
