JSC: disabling useWasm under GIL-off (wasm glue still reads the raw VM-block exception word; not yet audited for UNGIL §A.1.3 COMPILED-FOR-VM; see AB-17 status block in VMEntryScope.cpp).
==================
WARNING: ThreadSanitizer: data race (pid=2482988)
  Read of size 4 at 0x725400000df0 by thread T4:
    #0 JSC::BlockDirectoryBits::BlockDirectoryBitVectorWordView<(JSC::BlockDirectoryBits::Kind)2>::word(unsigned long) const /root/WebKit/WebKitBuild/TSan/JavaScriptCore/PrivateHeaders/JavaScriptCore/BlockDirectoryBits.h:98:20 (jsc+0xe42bfa)
    #1 WTF::FastBitVectorImpl<JSC::BlockDirectoryBits::BlockDirectoryBitVectorWordView<(JSC::BlockDirectoryBits::Kind)2>>::atImpl(unsigned long) const /root/WebKit/WebKitBuild/TSan/WTF/Headers/wtf/FastBitVector.h:414:27 (jsc+0xe42bfa)
    #2 WTF::FastBitVectorImpl<JSC::BlockDirectoryBits::BlockDirectoryBitVectorWordView<(JSC::BlockDirectoryBits::Kind)2>>::operator[](unsigned long) const /root/WebKit/WebKitBuild/TSan/WTF/Headers/wtf/FastBitVector.h:285:16 (jsc+0xe42bfa)
    #3 JSC::BlockDirectoryBits::isAllocated(unsigned long) const /root/WebKit/WebKitBuild/TSan/JavaScriptCore/PrivateHeaders/JavaScriptCore/BlockDirectoryBits.h:185:5 (jsc+0xe42bfa)
    #4 JSC::BlockDirectory::isAllocated(unsigned long) const /root/WebKit/Source/JavaScriptCore/heap/BlockDirectory.h:117:5 (jsc+0xe42bfa)
    #5 JSC::BlockDirectory::isAllocated(JSC::MarkedBlock::Handle*) const /root/WebKit/Source/JavaScriptCore/heap/BlockDirectory.h:117:5 (jsc+0xe42bfa)
    #6 JSC::MarkedBlock::Handle::isAllocated() /root/WebKit/WebKitBuild/TSan/JavaScriptCore/PrivateHeaders/JavaScriptCore/MarkedBlockInlines.h:104:25 (jsc+0xe42bfa)
    #7 JSC::MarkedBlock::Handle::sweep(JSC::FreeList*) /root/WebKit/Source/JavaScriptCore/heap/MarkedBlock.cpp:615:9 (jsc+0xe42bfa)
    #8 JSC::LocalAllocator::tryAllocateIn(JSC::MarkedBlock::Handle*, unsigned long) /root/WebKit/Source/JavaScriptCore/heap/LocalAllocator.cpp:346:12 (jsc+0xe42676)
    #9 JSC::LocalAllocator::allocateIn(JSC::MarkedBlock::Handle*, unsigned long) /root/WebKit/Source/JavaScriptCore/heap/LocalAllocator.cpp:311:20 (jsc+0xe42309)
    #10 JSC::LocalAllocator::allocateSlowCase(JSC::Heap&, unsigned long, JSC::GCDeferralContext*, JSC::AllocationFailureMode) /root/WebKit/Source/JavaScriptCore/heap/LocalAllocator.cpp:227:14 (jsc+0xe41dbe)
    #11 JSC::LocalAllocator::allocate(JSC::Heap&, unsigned long, JSC::GCDeferralContext*, JSC::AllocationFailureMode)::'lambda'()::operator()() const /root/WebKit/WebKitBuild/TSan/JavaScriptCore/PrivateHeaders/JavaScriptCore/LocalAllocatorInlines.h:53:43 (jsc+0x1d131e)
    #12 JSC::HeapCell* JSC::FreeList::allocateWithCellSize<JSC::LocalAllocator::allocate(JSC::Heap&, unsigned long, JSC::GCDeferralContext*, JSC::AllocationFailureMode)::'lambda'()>(JSC::LocalAllocator::allocate(JSC::Heap&, unsigned long, JSC::GCDeferralContext*, JSC::AllocationFailureMode)::'lambda'() const&, unsigned long) /root/WebKit/Source/JavaScriptCore/heap/FreeListInlines.h:46:16 (jsc+0xda52cc)
    #13 JSC::LocalAllocator::allocate(JSC::Heap&, unsigned long, JSC::GCDeferralContext*, JSC::AllocationFailureMode) /root/WebKit/Source/JavaScriptCore/heap/LocalAllocatorInlines.h:50:23 (jsc+0xda52cc)
    #14 JSC::GCClient::IsoSubspace::allocate(JSC::VM&, unsigned long, JSC::GCDeferralContext*, JSC::AllocationFailureMode) /root/WebKit/Source/JavaScriptCore/heap/IsoSubspaceInlines.h:42:29 (jsc+0xda52cc)
    #15 void* JSC::tryAllocateCellHelper<JSC::JSFunction, (JSC::AllocationFailureMode)0>(JSC::VM&, unsigned long, JSC::GCDeferralContext*) /root/WebKit/Source/JavaScriptCore/runtime/JSCellInlines.h:212:63 (jsc+0xda52cc)
    #16 void* JSC::allocateCell<JSC::JSFunction>(JSC::VM&, unsigned long) /root/WebKit/Source/JavaScriptCore/runtime/JSCellInlines.h:232:12 (jsc+0xda52cc)
    #17 JSC::JSFunction::createImpl(JSC::VM&, JSC::FunctionExecutable*, JSC::JSScope*, JSC::Structure*) /root/WebKit/Source/JavaScriptCore/runtime/JSFunction.h:215:46 (jsc+0xfbbd34)
    #18 JSC::JSFunction::createWithInvalidatedReallocationWatchpoint(JSC::VM&, JSC::JSGlobalObject*, JSC::FunctionExecutable*, JSC::JSScope*, JSC::Structure*) /root/WebKit/Source/JavaScriptCore/runtime/JSFunctionInlines.h:72:12 (jsc+0xfbbd34)
    #19 long JSC::newFunctionCommon<JSC::JSFunction, true>(JSC::VM&, JSC::JSGlobalObject*, JSC::JSScope*, JSC::JSCell*, JSC::Structure*) /root/WebKit/Source/JavaScriptCore/jit/JITOperations.cpp:2774:32 (jsc+0xfbbd34)
    #20 operationNewArrowFunctionWithInvalidatedReallocationWatchpoint /root/WebKit/Source/JavaScriptCore/jit/JITOperations.cpp:2870:5 (jsc+0xfbbd34)
    #21 <null> <null> (0x7f55d97fd29c)
    #22 JSC::Interpreter::executeCall(JSC::JSObject*, JSC::CallData const&, JSC::JSValue, JSC::JSCell*, JSC::ArgList const&) /root/WebKit/Source/JavaScriptCore/interpreter/Interpreter.cpp (jsc+0xe8869d)
    #23 JSC::call(JSC::JSGlobalObject*, JSC::JSValue, JSC::CallData const&, JSC::JSValue, JSC::ArgList const&) /root/WebKit/Source/JavaScriptCore/runtime/CallData.cpp:70:27 (jsc+0x135cd91)
    #24 JSC::call(JSC::JSGlobalObject*, JSC::JSValue, JSC::CallData const&, JSC::JSValue, JSC::ArgList const&, WTF::NakedPtr<JSC::Exception>&) /root/WebKit/Source/JavaScriptCore/runtime/CallData.cpp:77:22 (jsc+0x135cd91)
    #25 JSC::threadMain(JSC::VM&, WTF::Ref<JSC::ThreadState, WTF::RawPtrTraits<JSC::ThreadState>, WTF::DefaultRefDerefTraits<JSC::ThreadState>>) /root/WebKit/Source/JavaScriptCore/runtime/ThreadObject.cpp:241:30 (jsc+0x199c2ec)
    #26 JSC::constructThread(JSC::JSGlobalObject*, JSC::CallFrame*)::$_0::operator()() /root/WebKit/Source/JavaScriptCore/runtime/ThreadObject.cpp:468:9 (jsc+0x199c2ec)
    #27 WTF::Detail::CallableWrapper<JSC::constructThread(JSC::JSGlobalObject*, JSC::CallFrame*)::$_0, void>::call() /root/WebKit/WebKitBuild/TSan/WTF/Headers/wtf/Function.h:59:39 (jsc+0x199c2ec)
    #28 WTF::Function<void ()>::operator()() const /root/WebKit/Source/WTF/wtf/Function.h:103:35 (jsc+0x25a9495)
    #29 WTF::Thread::entryPoint(WTF::Thread::NewThreadContext*) /root/WebKit/Source/WTF/wtf/Threading.cpp:312:5 (jsc+0x25a9495)
    #30 WTF::wtfThreadEntryPoint(void*) /root/WebKit/Source/WTF/wtf/posix/ThreadingPOSIX.cpp:264:5 (jsc+0x2603469)

  Previous write of size 4 at 0x725400000df0 by thread T2:
    #0 WTF::FastBitReference::operator=(bool) /root/WebKit/WebKitBuild/TSan/WTF/Headers/wtf/FastBitVector.h (jsc+0xe424b3)
    #1 JSC::BlockDirectoryBits::setIsAllocated(unsigned long, bool) /root/WebKit/WebKitBuild/TSan/JavaScriptCore/PrivateHeaders/JavaScriptCore/BlockDirectoryBits.h:185:5 (jsc+0xe424b3)
    #2 JSC::BlockDirectory::setIsAllocated(unsigned long, bool) /root/WebKit/Source/JavaScriptCore/heap/BlockDirectory.h:117:5 (jsc+0xe424b3)
    #3 JSC::BlockDirectory::setIsAllocated(JSC::MarkedBlock::Handle*, bool) /root/WebKit/Source/JavaScriptCore/heap/BlockDirectory.h:117:5 (jsc+0xe424b3)
    #4 JSC::MarkedBlock::Handle::didConsumeFreeList() /root/WebKit/Source/JavaScriptCore/heap/MarkedBlock.cpp:469:18 (jsc+0xe424b3)
    #5 JSC::LocalAllocator::didConsumeFreeList() /root/WebKit/Source/JavaScriptCore/heap/LocalAllocator.cpp:235:25 (jsc+0xe41b12)
    #6 JSC::LocalAllocator::allocateSlowCase(JSC::Heap&, unsigned long, JSC::GCDeferralContext*, JSC::AllocationFailureMode) /root/WebKit/Source/JavaScriptCore/heap/LocalAllocator.cpp:172:5 (jsc+0xe41b12)
    #7 JSC::LocalAllocator::allocate(JSC::Heap&, unsigned long, JSC::GCDeferralContext*, JSC::AllocationFailureMode)::'lambda'()::operator()() const /root/WebKit/WebKitBuild/TSan/JavaScriptCore/PrivateHeaders/JavaScriptCore/LocalAllocatorInlines.h:53:43 (jsc+0x1d131e)
    #8 JSC::HeapCell* JSC::FreeList::allocateWithCellSize<JSC::LocalAllocator::allocate(JSC::Heap&, unsigned long, JSC::GCDeferralContext*, JSC::AllocationFailureMode)::'lambda'()>(JSC::LocalAllocator::allocate(JSC::Heap&, unsigned long, JSC::GCDeferralContext*, JSC::AllocationFailureMode)::'lambda'() const&, unsigned long) /root/WebKit/Source/JavaScriptCore/heap/FreeListInlines.h:46:16 (jsc+0xda52cc)
    #9 JSC::LocalAllocator::allocate(JSC::Heap&, unsigned long, JSC::GCDeferralContext*, JSC::AllocationFailureMode) /root/WebKit/Source/JavaScriptCore/heap/LocalAllocatorInlines.h:50:23 (jsc+0xda52cc)
    #10 JSC::GCClient::IsoSubspace::allocate(JSC::VM&, unsigned long, JSC::GCDeferralContext*, JSC::AllocationFailureMode) /root/WebKit/Source/JavaScriptCore/heap/IsoSubspaceInlines.h:42:29 (jsc+0xda52cc)
    #11 void* JSC::tryAllocateCellHelper<JSC::JSFunction, (JSC::AllocationFailureMode)0>(JSC::VM&, unsigned long, JSC::GCDeferralContext*) /root/WebKit/Source/JavaScriptCore/runtime/JSCellInlines.h:212:63 (jsc+0xda52cc)
    #12 void* JSC::allocateCell<JSC::JSFunction>(JSC::VM&, unsigned long) /root/WebKit/Source/JavaScriptCore/runtime/JSCellInlines.h:232:12 (jsc+0xda52cc)
    #13 JSC::JSFunction::createImpl(JSC::VM&, JSC::FunctionExecutable*, JSC::JSScope*, JSC::Structure*) /root/WebKit/Source/JavaScriptCore/runtime/JSFunction.h:215:46 (jsc+0xfbbd34)
    #14 JSC::JSFunction::createWithInvalidatedReallocationWatchpoint(JSC::VM&, JSC::JSGlobalObject*, JSC::FunctionExecutable*, JSC::JSScope*, JSC::Structure*) /root/WebKit/Source/JavaScriptCore/runtime/JSFunctionInlines.h:72:12 (jsc+0xfbbd34)
    #15 long JSC::newFunctionCommon<JSC::JSFunction, true>(JSC::VM&, JSC::JSGlobalObject*, JSC::JSScope*, JSC::JSCell*, JSC::Structure*) /root/WebKit/Source/JavaScriptCore/jit/JITOperations.cpp:2774:32 (jsc+0xfbbd34)
    #16 operationNewArrowFunctionWithInvalidatedReallocationWatchpoint /root/WebKit/Source/JavaScriptCore/jit/JITOperations.cpp:2870:5 (jsc+0xfbbd34)
    #17 <null> <null> (0x7f55d97fd29c)
    #18 JSC::Interpreter::executeCall(JSC::JSObject*, JSC::CallData const&, JSC::JSValue, JSC::JSCell*, JSC::ArgList const&) /root/WebKit/Source/JavaScriptCore/interpreter/Interpreter.cpp (jsc+0xe8869d)
    #19 JSC::call(JSC::JSGlobalObject*, JSC::JSValue, JSC::CallData const&, JSC::JSValue, JSC::ArgList const&) /root/WebKit/Source/JavaScriptCore/runtime/CallData.cpp:70:27 (jsc+0x135cd91)
    #20 JSC::call(JSC::JSGlobalObject*, JSC::JSValue, JSC::CallData const&, JSC::JSValue, JSC::ArgList const&, WTF::NakedPtr<JSC::Exception>&) /root/WebKit/Source/JavaScriptCore/runtime/CallData.cpp:77:22 (jsc+0x135cd91)
    #21 JSC::threadMain(JSC::VM&, WTF::Ref<JSC::ThreadState, WTF::RawPtrTraits<JSC::ThreadState>, WTF::DefaultRefDerefTraits<JSC::ThreadState>>) /root/WebKit/Source/JavaScriptCore/runtime/ThreadObject.cpp:241:30 (jsc+0x199c2ec)
    #22 JSC::constructThread(JSC::JSGlobalObject*, JSC::CallFrame*)::$_0::operator()() /root/WebKit/Source/JavaScriptCore/runtime/ThreadObject.cpp:468:9 (jsc+0x199c2ec)
    #23 WTF::Detail::CallableWrapper<JSC::constructThread(JSC::JSGlobalObject*, JSC::CallFrame*)::$_0, void>::call() /root/WebKit/WebKitBuild/TSan/WTF/Headers/wtf/Function.h:59:39 (jsc+0x199c2ec)
    #24 WTF::Function<void ()>::operator()() const /root/WebKit/Source/WTF/wtf/Function.h:103:35 (jsc+0x25a9495)
    #25 WTF::Thread::entryPoint(WTF::Thread::NewThreadContext*) /root/WebKit/Source/WTF/wtf/Threading.cpp:312:5 (jsc+0x25a9495)
    #26 WTF::wtfThreadEntryPoint(void*) /root/WebKit/Source/WTF/wtf/posix/ThreadingPOSIX.cpp:264:5 (jsc+0x2603469)

  Location is heap block of size 520 at 0x725400000c80 allocated by thread T7:
    #0 malloc /home/runner/work/llvm-project/llvm-project/compiler-rt/lib/tsan/rtl/tsan_interceptors_posix.cpp:682:5 (jsc+0x13dc20)
    #1 bmalloc::api::malloc(unsigned long, bmalloc::CompactAllocationMode, bmalloc::HeapKind) /root/WebKit/WebKitBuild/TSan/bmalloc/Headers/bmalloc/bmalloc.h:96:20 (jsc+0x258c6d9)
    #2 WTF::fastMalloc(unsigned long) /root/WebKit/Source/WTF/wtf/FastMalloc.cpp:337:20 (jsc+0x258c6d9)
    #3 WTF::FastMalloc::malloc(unsigned long) /root/WebKit/WebKitBuild/TSan/WTF/Headers/wtf/FastMalloc.h:235:47 (jsc+0xdb6188)
    #4 bool WTF::VectorBufferBase<JSC::BlockDirectoryBits::Segment, WTF::FastMalloc>::allocateBuffer<(WTF::FailureAction)0>(unsigned long) /root/WebKit/WebKitBuild/TSan/WTF/Headers/wtf/Vector.h:235:41 (jsc+0xdb6188)
    #5 bool WTF::Vector<JSC::BlockDirectoryBits::Segment, 0ul, WTF::CrashOnOverflow, 2ul, WTF::FastMalloc>::reserveCapacity<(WTF::FailureAction)0>(unsigned long) /root/WebKit/WebKitBuild/TSan/WTF/Headers/wtf/Vector.h:1412:35 (jsc+0xdb6188)
    #6 bool WTF::Vector<JSC::BlockDirectoryBits::Segment, 0ul, WTF::CrashOnOverflow, 2ul, WTF::FastMalloc>::expandCapacity<(WTF::FailureAction)0>(unsigned long) /root/WebKit/WebKitBuild/TSan/WTF/Headers/wtf/Vector.h:1262:12 (jsc+0xdb6188)
    #7 WTF::Vector<JSC::BlockDirectoryBits::Segment, 0ul, WTF::CrashOnOverflow, 2ul, WTF::FastMalloc>::resize(unsigned long) /root/WebKit/WebKitBuild/TSan/WTF/Headers/wtf/Vector.h:1311:13 (jsc+0xdb1e53)
    #8 JSC::BlockDirectoryBits::resize(unsigned int) /root/WebKit/WebKitBuild/TSan/JavaScriptCore/PrivateHeaders/JavaScriptCore/BlockDirectoryBits.h:194:20 (jsc+0xdb1e53)
    #9 JSC::BlockDirectory::addBlock(JSC::MarkedBlock::Handle*) /root/WebKit/Source/JavaScriptCore/heap/BlockDirectory.cpp:187:20 (jsc+0xdb1cbd)
    #10 JSC::LocalAllocator::allocateSlowCase(JSC::Heap&, unsigned long, JSC::GCDeferralContext*, JSC::AllocationFailureMode) /root/WebKit/Source/JavaScriptCore/heap/LocalAllocator.cpp:226:18 (jsc+0xe41daf)
    #11 JSC::LocalAllocator::allocate(JSC::Heap&, unsigned long, JSC::GCDeferralContext*, JSC::AllocationFailureMode)::'lambda'()::operator()() const /root/WebKit/WebKitBuild/TSan/JavaScriptCore/PrivateHeaders/JavaScriptCore/LocalAllocatorInlines.h:53:43 (jsc+0x1d131e)
    #12 JSC::HeapCell* JSC::FreeList::allocateWithCellSize<JSC::LocalAllocator::allocate(JSC::Heap&, unsigned long, JSC::GCDeferralContext*, JSC::AllocationFailureMode)::'lambda'()>(JSC::LocalAllocator::allocate(JSC::Heap&, unsigned long, JSC::GCDeferralContext*, JSC::AllocationFailureMode)::'lambda'() const&, unsigned long) /root/WebKit/Source/JavaScriptCore/heap/FreeListInlines.h:46:16 (jsc+0xda52cc)
    #13 JSC::LocalAllocator::allocate(JSC::Heap&, unsigned long, JSC::GCDeferralContext*, JSC::AllocationFailureMode) /root/WebKit/Source/JavaScriptCore/heap/LocalAllocatorInlines.h:50:23 (jsc+0xda52cc)
    #14 JSC::GCClient::IsoSubspace::allocate(JSC::VM&, unsigned long, JSC::GCDeferralContext*, JSC::AllocationFailureMode) /root/WebKit/Source/JavaScriptCore/heap/IsoSubspaceInlines.h:42:29 (jsc+0xda52cc)
    #15 void* JSC::tryAllocateCellHelper<JSC::JSFunction, (JSC::AllocationFailureMode)0>(JSC::VM&, unsigned long, JSC::GCDeferralContext*) /root/WebKit/Source/JavaScriptCore/runtime/JSCellInlines.h:212:63 (jsc+0xda52cc)
    #16 void* JSC::allocateCell<JSC::JSFunction>(JSC::VM&, unsigned long) /root/WebKit/Source/JavaScriptCore/runtime/JSCellInlines.h:232:12 (jsc+0xda52cc)
    #17 JSC::JSFunction::createImpl(JSC::VM&, JSC::FunctionExecutable*, JSC::JSScope*, JSC::Structure*) /root/WebKit/Source/JavaScriptCore/runtime/JSFunction.h:215:46 (jsc+0xfbbd34)
    #18 JSC::JSFunction::createWithInvalidatedReallocationWatchpoint(JSC::VM&, JSC::JSGlobalObject*, JSC::FunctionExecutable*, JSC::JSScope*, JSC::Structure*) /root/WebKit/Source/JavaScriptCore/runtime/JSFunctionInlines.h:72:12 (jsc+0xfbbd34)
    #19 long JSC::newFunctionCommon<JSC::JSFunction, true>(JSC::VM&, JSC::JSGlobalObject*, JSC::JSScope*, JSC::JSCell*, JSC::Structure*) /root/WebKit/Source/JavaScriptCore/jit/JITOperations.cpp:2774:32 (jsc+0xfbbd34)
    #20 operationNewArrowFunctionWithInvalidatedReallocationWatchpoint /root/WebKit/Source/JavaScriptCore/jit/JITOperations.cpp:2870:5 (jsc+0xfbbd34)
    #21 <null> <null> (0x7f55d97fd29c)
    #22 JSC::Interpreter::executeCall(JSC::JSObject*, JSC::CallData const&, JSC::JSValue, JSC::JSCell*, JSC::ArgList const&) /root/WebKit/Source/JavaScriptCore/interpreter/Interpreter.cpp (jsc+0xe8869d)
    #23 JSC::call(JSC::JSGlobalObject*, JSC::JSValue, JSC::CallData const&, JSC::JSValue, JSC::ArgList const&) /root/WebKit/Source/JavaScriptCore/runtime/CallData.cpp:70:27 (jsc+0x135cd91)
    #24 JSC::call(JSC::JSGlobalObject*, JSC::JSValue, JSC::CallData const&, JSC::JSValue, JSC::ArgList const&, WTF::NakedPtr<JSC::Exception>&) /root/WebKit/Source/JavaScriptCore/runtime/CallData.cpp:77:22 (jsc+0x135cd91)
    #25 JSC::threadMain(JSC::VM&, WTF::Ref<JSC::ThreadState, WTF::RawPtrTraits<JSC::ThreadState>, WTF::DefaultRefDerefTraits<JSC::ThreadState>>) /root/WebKit/Source/JavaScriptCore/runtime/ThreadObject.cpp:241:30 (jsc+0x199c2ec)
    #26 JSC::constructThread(JSC::JSGlobalObject*, JSC::CallFrame*)::$_0::operator()() /root/WebKit/Source/JavaScriptCore/runtime/ThreadObject.cpp:468:9 (jsc+0x199c2ec)
    #27 WTF::Detail::CallableWrapper<JSC::constructThread(JSC::JSGlobalObject*, JSC::CallFrame*)::$_0, void>::call() /root/WebKit/WebKitBuild/TSan/WTF/Headers/wtf/Function.h:59:39 (jsc+0x199c2ec)
    #28 WTF::Function<void ()>::operator()() const /root/WebKit/Source/WTF/wtf/Function.h:103:35 (jsc+0x25a9495)
    #29 WTF::Thread::entryPoint(WTF::Thread::NewThreadContext*) /root/WebKit/Source/WTF/wtf/Threading.cpp:312:5 (jsc+0x25a9495)
    #30 WTF::wtfThreadEntryPoint(void*) /root/WebKit/Source/WTF/wtf/posix/ThreadingPOSIX.cpp:264:5 (jsc+0x2603469)

  Thread T4 'JS Thread' (tid=2483029, running) created by main thread at:
    #0 pthread_create /home/runner/work/llvm-project/llvm-project/compiler-rt/lib/tsan/rtl/tsan_interceptors_posix.cpp:1090:3 (jsc+0x13ff1a)
    #1 WTF::Thread::establishHandle(WTF::Thread::NewThreadContext&, WTF::StackAllocationSpecification, WTF::ThreadQOS, WTF::ThreadSchedulingPolicy) /root/WebKit/Source/WTF/wtf/posix/ThreadingPOSIX.cpp:354:17 (jsc+0x2603355)
    #2 WTF::Thread::create(WTF::ASCIILiteral, WTF::Function<void ()>&&, WTF::ThreadType, WTF::ThreadQOS, WTF::ThreadSchedulingPolicy, WTF::StackAllocationSpecification) /root/WebKit/Source/WTF/wtf/Threading.cpp:330:32 (jsc+0x25a97d3)
    #3 JSC::constructThread(JSC::JSGlobalObject*, JSC::CallFrame*) /root/WebKit/Source/JavaScriptCore/runtime/ThreadObject.cpp:467:5 (jsc+0x199484f)
    #4 <null> <null> (0x7f55997ff217)
    #5 JSC::evaluate(JSC::JSGlobalObject*, JSC::SourceCode const&, JSC::JSValue, WTF::NakedPtr<JSC::Exception>&) /root/WebKit/Source/JavaScriptCore/runtime/Completion.cpp:145:37 (jsc+0x13bf753)
    #6 runWithOptions(GlobalObject*, CommandLine&, bool&) /root/WebKit/Source/JavaScriptCore/jsc.cpp:3957:35 (jsc+0x1caf75)
    #7 jscmain(int, char**)::$_0::operator()(JSC::VM&, GlobalObject*, bool&) const /root/WebKit/Source/JavaScriptCore/jsc.cpp:4686:13 (jsc+0x1caf75)
    #8 int runJSC<jscmain(int, char**)::$_0>(CommandLine const&, bool, jscmain(int, char**)::$_0 const&) /root/WebKit/Source/JavaScriptCore/jsc.cpp:4472:13 (jsc+0x1caf75)
    #9 jscmain(int, char**) /root/WebKit/Source/JavaScriptCore/jsc.cpp:4679:18 (jsc+0x1caf75)
    #10 main /root/WebKit/Source/JavaScriptCore/jsc.cpp:3715:15 (jsc+0x1c97b3)

  Thread T2 'JS Thread' (tid=2483026, running) created by main thread at:
    #0 pthread_create /home/runner/work/llvm-project/llvm-project/compiler-rt/lib/tsan/rtl/tsan_interceptors_posix.cpp:1090:3 (jsc+0x13ff1a)
    #1 WTF::Thread::establishHandle(WTF::Thread::NewThreadContext&, WTF::StackAllocationSpecification, WTF::ThreadQOS, WTF::ThreadSchedulingPolicy) /root/WebKit/Source/WTF/wtf/posix/ThreadingPOSIX.cpp:354:17 (jsc+0x2603355)
    #2 WTF::Thread::create(WTF::ASCIILiteral, WTF::Function<void ()>&&, WTF::ThreadType, WTF::ThreadQOS, WTF::ThreadSchedulingPolicy, WTF::StackAllocationSpecification) /root/WebKit/Source/WTF/wtf/Threading.cpp:330:32 (jsc+0x25a97d3)
    #3 JSC::constructThread(JSC::JSGlobalObject*, JSC::CallFrame*) /root/WebKit/Source/JavaScriptCore/runtime/ThreadObject.cpp:467:5 (jsc+0x199484f)
    #4 <null> <null> (0x7f55997ff217)
    #5 JSC::evaluate(JSC::JSGlobalObject*, JSC::SourceCode const&, JSC::JSValue, WTF::NakedPtr<JSC::Exception>&) /root/WebKit/Source/JavaScriptCore/runtime/Completion.cpp:145:37 (jsc+0x13bf753)
    #6 runWithOptions(GlobalObject*, CommandLine&, bool&) /root/WebKit/Source/JavaScriptCore/jsc.cpp:3957:35 (jsc+0x1caf75)
    #7 jscmain(int, char**)::$_0::operator()(JSC::VM&, GlobalObject*, bool&) const /root/WebKit/Source/JavaScriptCore/jsc.cpp:4686:13 (jsc+0x1caf75)
    #8 int runJSC<jscmain(int, char**)::$_0>(CommandLine const&, bool, jscmain(int, char**)::$_0 const&) /root/WebKit/Source/JavaScriptCore/jsc.cpp:4472:13 (jsc+0x1caf75)
    #9 jscmain(int, char**) /root/WebKit/Source/JavaScriptCore/jsc.cpp:4679:18 (jsc+0x1caf75)
    #10 main /root/WebKit/Source/JavaScriptCore/jsc.cpp:3715:15 (jsc+0x1c97b3)

  Thread T7 'JS Thread' (tid=2483257, running) created by main thread at:
    #0 pthread_create /home/runner/work/llvm-project/llvm-project/compiler-rt/lib/tsan/rtl/tsan_interceptors_posix.cpp:1090:3 (jsc+0x13ff1a)
    #1 WTF::Thread::establishHandle(WTF::Thread::NewThreadContext&, WTF::StackAllocationSpecification, WTF::ThreadQOS, WTF::ThreadSchedulingPolicy) /root/WebKit/Source/WTF/wtf/posix/ThreadingPOSIX.cpp:354:17 (jsc+0x2603355)
    #2 WTF::Thread::create(WTF::ASCIILiteral, WTF::Function<void ()>&&, WTF::ThreadType, WTF::ThreadQOS, WTF::ThreadSchedulingPolicy, WTF::StackAllocationSpecification) /root/WebKit/Source/WTF/wtf/Threading.cpp:330:32 (jsc+0x25a97d3)
    #3 JSC::constructThread(JSC::JSGlobalObject*, JSC::CallFrame*) /root/WebKit/Source/JavaScriptCore/runtime/ThreadObject.cpp:467:5 (jsc+0x199484f)
    #4 <null> <null> (0x7f55997ff217)
    #5 JSC::evaluate(JSC::JSGlobalObject*, JSC::SourceCode const&, JSC::JSValue, WTF::NakedPtr<JSC::Exception>&) /root/WebKit/Source/JavaScriptCore/runtime/Completion.cpp:145:37 (jsc+0x13bf753)
    #6 runWithOptions(GlobalObject*, CommandLine&, bool&) /root/WebKit/Source/JavaScriptCore/jsc.cpp:3957:35 (jsc+0x1caf75)
    #7 jscmain(int, char**)::$_0::operator()(JSC::VM&, GlobalObject*, bool&) const /root/WebKit/Source/JavaScriptCore/jsc.cpp:4686:13 (jsc+0x1caf75)
    #8 int runJSC<jscmain(int, char**)::$_0>(CommandLine const&, bool, jscmain(int, char**)::$_0 const&) /root/WebKit/Source/JavaScriptCore/jsc.cpp:4472:13 (jsc+0x1caf75)
    #9 jscmain(int, char**) /root/WebKit/Source/JavaScriptCore/jsc.cpp:4679:18 (jsc+0x1caf75)
    #10 main /root/WebKit/Source/JavaScriptCore/jsc.cpp:3715:15 (jsc+0x1c97b3)

SUMMARY: ThreadSanitizer: data race /root/WebKit/WebKitBuild/TSan/JavaScriptCore/PrivateHeaders/JavaScriptCore/BlockDirectoryBits.h:98:20 in JSC::BlockDirectoryBits::BlockDirectoryBitVectorWordView<(JSC::BlockDirectoryBits::Kind)2>::word(unsigned long) const
==================
==================
WARNING: ThreadSanitizer: data race (pid=2482988)
  Write of size 1 at 0x721400007b5c by thread T9:
    #0 JSC::DFG::ToFTLForOSREntryDeferredCompilationCallback::compilationDidBecomeReadyAsynchronously(JSC::CodeBlock*, JSC::CodeBlock*) /root/WebKit/Source/JavaScriptCore/dfg/DFGToFTLForOSREntryDeferredCompilationCallback.cpp:56:30 (jsc+0xb76300)
    #1 JSC::DFG::Plan::notifyReady() /root/WebKit/Source/JavaScriptCore/dfg/DFGPlan.cpp:221:17 (jsc+0x8ad221)
    #2 JSC::JITWorklistThread::work() /root/WebKit/Source/JavaScriptCore/jit/JITWorklistThread.cpp:158:17 (jsc+0x1046411)
    #3 WTF::AutomaticThread::start(WTF::AbstractLocker const&)::$_0::operator()() const /root/WebKit/Source/WTF/wtf/AutomaticThread.cpp:260:37 (jsc+0x257e53c)
    #4 WTF::Detail::CallableWrapper<WTF::AutomaticThread::start(WTF::AbstractLocker const&)::$_0, void>::call() /root/WebKit/Source/WTF/wtf/Function.h:59:39 (jsc+0x257e53c)
    #5 WTF::Function<void ()>::operator()() const /root/WebKit/Source/WTF/wtf/Function.h:103:35 (jsc+0x25a9495)
    #6 WTF::Thread::entryPoint(WTF::Thread::NewThreadContext*) /root/WebKit/Source/WTF/wtf/Threading.cpp:312:5 (jsc+0x25a9495)
    #7 WTF::wtfThreadEntryPoint(void*) /root/WebKit/Source/WTF/wtf/posix/ThreadingPOSIX.cpp:264:5 (jsc+0x2603469)

  Previous read of size 1 at 0x721400007b5c by thread T5:
    #0 JSC::DFG::tierUpCommon(JSC::VM&, JSC::CallFrame*, JSC::BytecodeIndex, bool) /root/WebKit/Source/JavaScriptCore/dfg/DFGOperations.cpp:6531:35 (jsc+0x7be0aa)
    #1 operationTriggerOSREntryNow /root/WebKit/Source/JavaScriptCore/dfg/DFGOperations.cpp:6826:12 (jsc+0x7befed)
    #2 <null> <null> (0x7f55d97fd2fd)
    #3 JSC::Interpreter::executeCall(JSC::JSObject*, JSC::CallData const&, JSC::JSValue, JSC::JSCell*, JSC::ArgList const&) /root/WebKit/Source/JavaScriptCore/interpreter/Interpreter.cpp (jsc+0xe8869d)
    #4 JSC::call(JSC::JSGlobalObject*, JSC::JSValue, JSC::CallData const&, JSC::JSValue, JSC::ArgList const&) /root/WebKit/Source/JavaScriptCore/runtime/CallData.cpp:70:27 (jsc+0x135cd91)
    #5 JSC::call(JSC::JSGlobalObject*, JSC::JSValue, JSC::CallData const&, JSC::JSValue, JSC::ArgList const&, WTF::NakedPtr<JSC::Exception>&) /root/WebKit/Source/JavaScriptCore/runtime/CallData.cpp:77:22 (jsc+0x135cd91)
    #6 JSC::threadMain(JSC::VM&, WTF::Ref<JSC::ThreadState, WTF::RawPtrTraits<JSC::ThreadState>, WTF::DefaultRefDerefTraits<JSC::ThreadState>>) /root/WebKit/Source/JavaScriptCore/runtime/ThreadObject.cpp:241:30 (jsc+0x199c2ec)
    #7 JSC::constructThread(JSC::JSGlobalObject*, JSC::CallFrame*)::$_0::operator()() /root/WebKit/Source/JavaScriptCore/runtime/ThreadObject.cpp:468:9 (jsc+0x199c2ec)
    #8 WTF::Detail::CallableWrapper<JSC::constructThread(JSC::JSGlobalObject*, JSC::CallFrame*)::$_0, void>::call() /root/WebKit/WebKitBuild/TSan/WTF/Headers/wtf/Function.h:59:39 (jsc+0x199c2ec)
    #9 WTF::Function<void ()>::operator()() const /root/WebKit/Source/WTF/wtf/Function.h:103:35 (jsc+0x25a9495)
    #10 WTF::Thread::entryPoint(WTF::Thread::NewThreadContext*) /root/WebKit/Source/WTF/wtf/Threading.cpp:312:5 (jsc+0x25a9495)
    #11 WTF::wtfThreadEntryPoint(void*) /root/WebKit/Source/WTF/wtf/posix/ThreadingPOSIX.cpp:264:5 (jsc+0x2603469)

  Location is heap block of size 80 at 0x721400007b20 allocated by thread T9:
    #0 malloc /home/runner/work/llvm-project/llvm-project/compiler-rt/lib/tsan/rtl/tsan_interceptors_posix.cpp:682:5 (jsc+0x13dc20)
    #1 bmalloc::api::malloc(unsigned long, bmalloc::CompactAllocationMode, bmalloc::HeapKind) /root/WebKit/WebKitBuild/TSan/bmalloc/Headers/bmalloc/bmalloc.h:96:20 (jsc+0x258c6d9)
    #2 WTF::fastMalloc(unsigned long) /root/WebKit/Source/WTF/wtf/FastMalloc.cpp:337:20 (jsc+0x258c6d9)
    #3 WTF::FastMalloc::malloc(unsigned long) /root/WebKit/WebKitBuild/TSan/WTF/Headers/wtf/FastMalloc.h:235:47 (jsc+0x6e7917)
    #4 WTF::HashTable<JSC::BytecodeIndex, WTF::KeyValuePair<JSC::BytecodeIndex, JSC::DFG::JITCode::TriggerReason>, WTF::KeyValuePairKeyExtractor<WTF::KeyValuePair<JSC::BytecodeIndex, JSC::DFG::JITCode::TriggerReason>>, WTF::DefaultHash<JSC::BytecodeIndex>, WTF::HashMap<JSC::BytecodeIndex, JSC::DFG::JITCode::TriggerReason, WTF::DefaultHash<JSC::BytecodeIndex>, WTF::HashTraits<JSC::BytecodeIndex>, WTF::HashTraits<JSC::DFG::JITCode::TriggerReason>, WTF::HashTableTraits, (WTF::ShouldValidateKey)0, WTF::FastMalloc>::KeyValuePairTraits, WTF::HashTraits<JSC::BytecodeIndex>, WTF::FastMalloc>::allocateTable(unsigned int) /root/WebKit/WebKitBuild/TSan/WTF/Headers/wtf/HashTable.h:1227:81 (jsc+0x6e7917)
    #5 WTF::HashTable<JSC::BytecodeIndex, WTF::KeyValuePair<JSC::BytecodeIndex, JSC::DFG::JITCode::TriggerReason>, WTF::KeyValuePairKeyExtractor<WTF::KeyValuePair<JSC::BytecodeIndex, JSC::DFG::JITCode::TriggerReason>>, WTF::DefaultHash<JSC::BytecodeIndex>, WTF::HashMap<JSC::BytecodeIndex, JSC::DFG::JITCode::TriggerReason, WTF::DefaultHash<JSC::BytecodeIndex>, WTF::HashTraits<JSC::BytecodeIndex>, WTF::HashTraits<JSC::DFG::JITCode::TriggerReason>, WTF::HashTableTraits, (WTF::ShouldValidateKey)0, WTF::FastMalloc>::KeyValuePairTraits, WTF::HashTraits<JSC::BytecodeIndex>, WTF::FastMalloc>::rehash(WTF::Checked<unsigned int, WTF::CrashOnOverflow>, WTF::KeyValuePair<JSC::BytecodeIndex, JSC::DFG::JITCode::TriggerReason>*) /root/WebKit/WebKitBuild/TSan/WTF/Headers/wtf/HashTable.h:1341:19 (jsc+0x6e7917)
    #6 WTF::HashTable<JSC::BytecodeIndex, WTF::KeyValuePair<JSC::BytecodeIndex, JSC::DFG::JITCode::TriggerReason>, WTF::KeyValuePairKeyExtractor<WTF::KeyValuePair<JSC::BytecodeIndex, JSC::DFG::JITCode::TriggerReason>>, WTF::DefaultHash<JSC::BytecodeIndex>, WTF::HashMap<JSC::BytecodeIndex, JSC::DFG::JITCode::TriggerReason, WTF::DefaultHash<JSC::BytecodeIndex>, WTF::HashTraits<JSC::BytecodeIndex>, WTF::HashTraits<JSC::DFG::JITCode::TriggerReason>, WTF::HashTableTraits, (WTF::ShouldValidateKey)0, WTF::FastMalloc>::KeyValuePairTraits, WTF::HashTraits<JSC::BytecodeIndex>, WTF::FastMalloc>::expand(WTF::KeyValuePair<JSC::BytecodeIndex, JSC::DFG::JITCode::TriggerReason>*) /root/WebKit/WebKitBuild/TSan/WTF/Headers/wtf/HashTable.h:1261:16 (jsc+0x6e75c7)
    #7 WTF::HashTableAddResult<WTF::HashTableIterator<WTF::HashTable<JSC::BytecodeIndex, WTF::KeyValuePair<JSC::BytecodeIndex, JSC::DFG::JITCode::TriggerReason>, WTF::KeyValuePairKeyExtractor<WTF::KeyValuePair<JSC::BytecodeIndex, JSC::DFG::JITCode::TriggerReason>>, WTF::DefaultHash<JSC::BytecodeIndex>, WTF::HashMap<JSC::BytecodeIndex, JSC::DFG::JITCode::TriggerReason, WTF::DefaultHash<JSC::BytecodeIndex>, WTF::HashTraits<JSC::BytecodeIndex>, WTF::HashTraits<JSC::DFG::JITCode::TriggerReason>, WTF::HashTableTraits, (WTF::ShouldValidateKey)0, WTF::FastMalloc>::KeyValuePairTraits, WTF::HashTraits<JSC::BytecodeIndex>, WTF::FastMalloc>, JSC::BytecodeIndex, WTF::KeyValuePair<JSC::BytecodeIndex, JSC::DFG::JITCode::TriggerReason>, WTF::KeyValuePairKeyExtractor<WTF::KeyValuePair<JSC::BytecodeIndex, JSC::DFG::JITCode::TriggerReason>>, WTF::DefaultHash<JSC::BytecodeIndex>, WTF::HashMap<JSC::BytecodeIndex, JSC::DFG::JITCode::TriggerReason, WTF::DefaultHash<JSC::BytecodeIndex>, WTF::HashTraits<JSC::BytecodeIndex>, WTF::HashTraits<JSC::DFG::JITCode::TriggerReason>, WTF::HashTableTraits, (WTF::ShouldValidateKey)0, WTF::FastMalloc>::KeyValuePairTraits, WTF::HashTraits<JSC::BytecodeIndex>>> WTF::HashTable<JSC::BytecodeIndex, WTF::KeyValuePair<JSC::BytecodeIndex, JSC::DFG::JITCode::TriggerReason>, WTF::KeyValuePairKeyExtractor<WTF::KeyValuePair<JSC::BytecodeIndex, JSC::DFG::JITCode::TriggerReason>>, WTF::DefaultHash<JSC::BytecodeIndex>, WTF::HashMap<JSC::BytecodeIndex, JSC::DFG::JITCode::TriggerReason, WTF::DefaultHash<JSC::BytecodeIndex>, WTF::HashTraits<JSC::BytecodeIndex>, WTF::HashTraits<JSC::DFG::JITCode::TriggerReason>, WTF::HashTableTraits, (WTF::ShouldValidateKey)0, WTF::FastMalloc>::KeyValuePairTraits, WTF::HashTraits<JSC::BytecodeIndex>, WTF::FastMalloc>::add<WTF::HashMapTranslator<WTF::HashMap<JSC::BytecodeIndex, JSC::DFG::JITCode::TriggerReason, WTF::DefaultHash<JSC::BytecodeIndex>, WTF::HashTraits<JSC::BytecodeIndex>, WTF::HashTraits<JSC::DFG::JITCode::TriggerReason>, WTF::HashTableTraits, (WTF::ShouldValidateKey)0, WTF::FastMalloc>::KeyValuePairTraits, WTF::DefaultHash<JSC::BytecodeIndex>>, (WTF::ShouldValidateKey)0, JSC::BytecodeIndex const&, WTF::HashTableAddResult<WTF::HashTableIterator<WTF::HashTable<JSC::BytecodeIndex, WTF::KeyValuePair<JSC::BytecodeIndex, JSC::DFG::JITCode::TriggerReason>, WTF::KeyValuePairKeyExtractor<WTF::KeyValuePair<JSC::BytecodeIndex, JSC::DFG::JITCode::TriggerReason>>, WTF::DefaultHash<JSC::BytecodeIndex>, WTF::HashMap<JSC::BytecodeIndex, JSC::DFG::JITCode::TriggerReason, WTF::DefaultHash<JSC::BytecodeIndex>, WTF::HashTraits<JSC::BytecodeIndex>, WTF::HashTraits<JSC::DFG::JITCode::TriggerReason>, WTF::HashTableTraits, (WTF::ShouldValidateKey)0, WTF::FastMalloc>::KeyValuePairTraits, WTF::HashTraits<JSC::BytecodeIndex>, WTF::FastMalloc>, JSC::BytecodeIndex, WTF::KeyValuePair<JSC::BytecodeIndex, JSC::DFG::JITCode::TriggerReason>, WTF::KeyValuePairKeyExtractor<WTF::KeyValuePair<JSC::BytecodeIndex, JSC::DFG::JITCode::TriggerReason>>, WTF::DefaultHash<JSC::BytecodeIndex>, WTF::HashMap<JSC::BytecodeIndex, JSC::DFG::JITCode::TriggerReason, WTF::DefaultHash<JSC::BytecodeIndex>, WTF::HashTraits<JSC::BytecodeIndex>, WTF::HashTraits<JSC::DFG::JITCode::TriggerReason>, WTF::HashTableTraits, (WTF::ShouldValidateKey)0, WTF::FastMalloc>::KeyValuePairTraits, WTF::HashTraits<JSC::BytecodeIndex>>> WTF::HashMap<JSC::BytecodeIndex, JSC::DFG::JITCode::TriggerReason, WTF::DefaultHash<JSC::BytecodeIndex>, WTF::HashTraits<JSC::BytecodeIndex>, WTF::HashTraits<JSC::DFG::JITCode::TriggerReason>, WTF::HashTableTraits, (WTF::ShouldValidateKey)0, WTF::FastMalloc>::inlineAdd<JSC::BytecodeIndex const&, JSC::DFG::JITCode::TriggerReason>(JSC::BytecodeIndex const&, JSC::DFG::JITCode::TriggerReason&&)::'lambda'()>(JSC::BytecodeIndex const&, WTF::HashTableAddResult<WTF::HashTableIterator<WTF::HashTable<JSC::BytecodeIndex, WTF::KeyValuePair<JSC::BytecodeIndex, JSC::DFG::JITCode::TriggerReason>, WTF::KeyValuePairKeyExtractor<WTF::KeyValuePair<JSC::BytecodeIndex, JSC::DFG::JITCode::TriggerReason>>, WTF::DefaultHash<JSC::BytecodeIndex>, WTF::HashMap<JSC::BytecodeIndex, JSC::DFG::JITCode::TriggerReason, WTF::DefaultHash<JSC::BytecodeIndex>, WTF::HashTraits<JSC::BytecodeIndex>, WTF::HashTraits<JSC::DFG::JITCode::TriggerReason>, WTF::HashTableTraits, (WTF::ShouldValidateKey)0, WTF::FastMalloc>::KeyValuePairTraits, WTF::HashTraits<JSC::BytecodeIndex>, WTF::FastMalloc>, JSC::BytecodeIndex, WTF::KeyValuePair<JSC::BytecodeIndex, JSC::DFG::JITCode::TriggerReason>, WTF::KeyValuePairKeyExtractor<WTF::KeyValuePair<JSC::BytecodeIndex, JSC::DFG::JITCode::TriggerReason>>, WTF::DefaultHash<JSC::BytecodeIndex>, WTF::HashMap<JSC::BytecodeIndex, JSC::DFG::JITCode::TriggerReason, WTF::DefaultHash<JSC::BytecodeIndex>, WTF::HashTraits<JSC::BytecodeIndex>, WTF::HashTraits<JSC::DFG::JITCode::TriggerReason>, WTF::HashTableTraits, (WTF::ShouldValidateKey)0, WTF::FastMalloc>::KeyValuePairTraits, WTF::HashTraits<JSC::BytecodeIndex>>> WTF::HashMap<JSC::BytecodeIndex, JSC::DFG::JITCode::TriggerReason, WTF::DefaultHash<JSC::BytecodeIndex>, WTF::HashTraits<JSC::BytecodeIndex>, WTF::HashTraits<JSC::DFG::JITCode::TriggerReason>, WTF::HashTableTraits, (WTF::ShouldValidateKey)0, WTF::FastMalloc>::inlineAdd<JSC::BytecodeIndex const&, JSC::DFG::JITCode::TriggerReason>(JSC::BytecodeIndex const&, JSC::DFG::JITCode::TriggerReason&&)::'lambda'() const&) /root/WebKit/WebKitBuild/TSan/WTF/Headers/wtf/HashTable.h:867:13 (jsc+0x6e75c7)
    #8 WTF::HashTableAddResult<WTF::HashTableIterator<WTF::HashTable<JSC::BytecodeIndex, WTF::KeyValuePair<JSC::BytecodeIndex, JSC::DFG::JITCode::TriggerReason>, WTF::KeyValuePairKeyExtractor<WTF::KeyValuePair<JSC::BytecodeIndex, JSC::DFG::JITCode::TriggerReason>>, WTF::DefaultHash<JSC::BytecodeIndex>, WTF::HashMap<JSC::BytecodeIndex, JSC::DFG::JITCode::TriggerReason, WTF::DefaultHash<JSC::BytecodeIndex>, WTF::HashTraits<JSC::BytecodeIndex>, WTF::HashTraits<JSC::DFG::JITCode::TriggerReason>, WTF::HashTableTraits, (WTF::ShouldValidateKey)0, WTF::FastMalloc>::KeyValuePairTraits, WTF::HashTraits<JSC::BytecodeIndex>, WTF::FastMalloc>, JSC::BytecodeIndex, WTF::KeyValuePair<JSC::BytecodeIndex, JSC::DFG::JITCode::TriggerReason>, WTF::KeyValuePairKeyExtractor<WTF::KeyValuePair<JSC::BytecodeIndex, JSC::DFG::JITCode::TriggerReason>>, WTF::DefaultHash<JSC::BytecodeIndex>, WTF::HashMap<JSC::BytecodeIndex, JSC::DFG::JITCode::TriggerReason, WTF::DefaultHash<JSC::BytecodeIndex>, WTF::HashTraits<JSC::BytecodeIndex>, WTF::HashTraits<JSC::DFG::JITCode::TriggerReason>, WTF::HashTableTraits, (WTF::ShouldValidateKey)0, WTF::FastMalloc>::KeyValuePairTraits, WTF::HashTraits<JSC::BytecodeIndex>>> WTF::HashMap<JSC::BytecodeIndex, JSC::DFG::JITCode::TriggerReason, WTF::DefaultHash<JSC::BytecodeIndex>, WTF::HashTraits<JSC::BytecodeIndex>, WTF::HashTraits<JSC::DFG::JITCode::TriggerReason>, WTF::HashTableTraits, (WTF::ShouldValidateKey)0, WTF::FastMalloc>::inlineAdd<JSC::BytecodeIndex const&, JSC::DFG::JITCode::TriggerReason>(JSC::BytecodeIndex const&, JSC::DFG::JITCode::TriggerReason&&) /root/WebKit/WebKitBuild/TSan/WTF/Headers/wtf/HashMap.h:429:28 (jsc+0x6cd518)
    #9 WTF::HashTableAddResult<WTF::HashTableIterator<WTF::HashTable<JSC::BytecodeIndex, WTF::KeyValuePair<JSC::BytecodeIndex, JSC::DFG::JITCode::TriggerReason>, WTF::KeyValuePairKeyExtractor<WTF::KeyValuePair<JSC::BytecodeIndex, JSC::DFG::JITCode::TriggerReason>>, WTF::DefaultHash<JSC::BytecodeIndex>, WTF::HashMap<JSC::BytecodeIndex, JSC::DFG::JITCode::TriggerReason, WTF::DefaultHash<JSC::BytecodeIndex>, WTF::HashTraits<JSC::BytecodeIndex>, WTF::HashTraits<JSC::DFG::JITCode::TriggerReason>, WTF::HashTableTraits, (WTF::ShouldValidateKey)0, WTF::FastMalloc>::KeyValuePairTraits, WTF::HashTraits<JSC::BytecodeIndex>, WTF::FastMalloc>, JSC::BytecodeIndex, WTF::KeyValuePair<JSC::BytecodeIndex, JSC::DFG::JITCode::TriggerReason>, WTF::KeyValuePairKeyExtractor<WTF::KeyValuePair<JSC::BytecodeIndex, JSC::DFG::JITCode::TriggerReason>>, WTF::DefaultHash<JSC::BytecodeIndex>, WTF::HashMap<JSC::BytecodeIndex, JSC::DFG::JITCode::TriggerReason, WTF::DefaultHash<JSC::BytecodeIndex>, WTF::HashTraits<JSC::BytecodeIndex>, WTF::HashTraits<JSC::DFG::JITCode::TriggerReason>, WTF::HashTableTraits, (WTF::ShouldValidateKey)0, WTF::FastMalloc>::KeyValuePairTraits, WTF::HashTraits<JSC::BytecodeIndex>>> WTF::HashMap<JSC::BytecodeIndex, JSC::DFG::JITCode::TriggerReason, WTF::DefaultHash<JSC::BytecodeIndex>, WTF::HashTraits<JSC::BytecodeIndex>, WTF::HashTraits<JSC::DFG::JITCode::TriggerReason>, WTF::HashTableTraits, (WTF::ShouldValidateKey)0, WTF::FastMalloc>::add<JSC::DFG::JITCode::TriggerReason>(JSC::BytecodeIndex const&, JSC::DFG::JITCode::TriggerReason&&) /root/WebKit/WebKitBuild/TSan/WTF/Headers/wtf/HashMap.h:471:12 (jsc+0x6cd518)
    #10 JSC::DFG::JITCompiler::JITCompiler(JSC::DFG::Graph&) /root/WebKit/Source/JavaScriptCore/dfg/DFGJITCompiler.cpp:64:40 (jsc+0x6cd518)
    #11 JSC::DFG::SpeculativeJIT::SpeculativeJIT(JSC::DFG::Graph&) /root/WebKit/Source/JavaScriptCore/dfg/DFGSpeculativeJIT.cpp:125:7 (jsc+0x8d8e4a)
    #12 JSC::DFG::Plan::compileInThreadImpl() /root/WebKit/Source/JavaScriptCore/dfg/DFGPlan.cpp:397:28 (jsc+0x8af840)
    #13 JSC::JITPlan::compileInThread(JSC::JITWorklistThread*) /root/WebKit/Source/JavaScriptCore/jit/JITPlan.cpp:283:28 (jsc+0xfdba6d)
    #14 JSC::JITWorklistThread::work() /root/WebKit/Source/JavaScriptCore/jit/JITWorklistThread.cpp:145:13 (jsc+0x104632b)
    #15 WTF::AutomaticThread::start(WTF::AbstractLocker const&)::$_0::operator()() const /root/WebKit/Source/WTF/wtf/AutomaticThread.cpp:260:37 (jsc+0x257e53c)
    #16 WTF::Detail::CallableWrapper<WTF::AutomaticThread::start(WTF::AbstractLocker const&)::$_0, void>::call() /root/WebKit/Source/WTF/wtf/Function.h:59:39 (jsc+0x257e53c)
    #17 WTF::Function<void ()>::operator()() const /root/WebKit/Source/WTF/wtf/Function.h:103:35 (jsc+0x25a9495)
    #18 WTF::Thread::entryPoint(WTF::Thread::NewThreadContext*) /root/WebKit/Source/WTF/wtf/Threading.cpp:312:5 (jsc+0x25a9495)
    #19 WTF::wtfThreadEntryPoint(void*) /root/WebKit/Source/WTF/wtf/posix/ThreadingPOSIX.cpp:264:5 (jsc+0x2603469)

  Thread T9 'JITWorker' (tid=2483263, running) created by thread T2 at:
    #0 pthread_create /home/runner/work/llvm-project/llvm-project/compiler-rt/lib/tsan/rtl/tsan_interceptors_posix.cpp:1090:3 (jsc+0x13ff1a)
    #1 WTF::Thread::establishHandle(WTF::Thread::NewThreadContext&, WTF::StackAllocationSpecification, WTF::ThreadQOS, WTF::ThreadSchedulingPolicy) /root/WebKit/Source/WTF/wtf/posix/ThreadingPOSIX.cpp:354:17 (jsc+0x2603355)
    #2 WTF::Thread::create(WTF::ASCIILiteral, WTF::Function<void ()>&&, WTF::ThreadType, WTF::ThreadQOS, WTF::ThreadSchedulingPolicy, WTF::StackAllocationSpecification) /root/WebKit/Source/WTF/wtf/Threading.cpp:330:32 (jsc+0x25a97d3)
    #3 WTF::AutomaticThread::start(WTF::AbstractLocker const&) /root/WebKit/Source/WTF/wtf/AutomaticThread.cpp:189:5 (jsc+0x257cfb9)
    #4 WTF::AutomaticThreadCondition::notifyOne(WTF::AbstractLocker const&) /root/WebKit/Source/WTF/wtf/AutomaticThread.cpp:60:21 (jsc+0x257cdb9)
    #5 JSC::JITWorklist::wakeThreads(WTF::AbstractLocker const&, unsigned int) /root/WebKit/Source/JavaScriptCore/jit/JITWorklist.cpp:162:25 (jsc+0x1040736)
    #6 JSC::JITWorklist::enqueue(WTF::Ref<JSC::JITPlan, WTF::RawPtrTraits<JSC::JITPlan>, WTF::DefaultRefDerefTraits<JSC::JITPlan>>) /root/WebKit/Source/JavaScriptCore/jit/JITWorklist.cpp:246:5 (jsc+0x1040f99)
    #7 JSC::LLInt::jitCompileAndSetHeuristics(JSC::VM&, JSC::CodeBlock*) /root/WebKit/Source/JavaScriptCore/llint/LLIntSlowPaths.cpp:497:45 (jsc+0x107ab57)
    #8 JSC::LLInt::entryOSR(JSC::CodeBlock*, char const*, JSC::LLInt::EntryKind) /root/WebKit/Source/JavaScriptCore/llint/LLIntSlowPaths.cpp:519:10 (jsc+0x1079e22)
    #9 llint_entry_osr_function_for_call /root/WebKit/Source/JavaScriptCore/llint/LLIntSlowPaths.cpp:546:12 (jsc+0x107a083)
    #10 llint_function_for_call_prologue LowLevelInterpreter.cpp (jsc+0x1dfcc9e)
    #11 JSC::Interpreter::executeCall(JSC::JSObject*, JSC::CallData const&, JSC::JSValue, JSC::JSCell*, JSC::ArgList const&) /root/WebKit/Source/JavaScriptCore/interpreter/Interpreter.cpp (jsc+0xe8869d)
    #12 JSC::call(JSC::JSGlobalObject*, JSC::JSValue, JSC::CallData const&, JSC::JSValue, JSC::ArgList const&) /root/WebKit/Source/JavaScriptCore/runtime/CallData.cpp:70:27 (jsc+0x135cd91)
    #13 JSC::call(JSC::JSGlobalObject*, JSC::JSValue, JSC::CallData const&, JSC::JSValue, JSC::ArgList const&, WTF::NakedPtr<JSC::Exception>&) /root/WebKit/Source/JavaScriptCore/runtime/CallData.cpp:77:22 (jsc+0x135cd91)
    #14 JSC::lockProtoFuncHold(JSC::JSGlobalObject*, JSC::CallFrame*) /root/WebKit/Source/JavaScriptCore/runtime/LockObject.cpp:633:22 (jsc+0x17bfc4c)
    #15 <null> <null> (0x7f55997ff157)
    #16 JSC::Interpreter::executeCall(JSC::JSObject*, JSC::CallData const&, JSC::JSValue, JSC::JSCell*, JSC::ArgList const&) /root/WebKit/Source/JavaScriptCore/interpreter/Interpreter.cpp (jsc+0xe8869d)
    #17 JSC::call(JSC::JSGlobalObject*, JSC::JSValue, JSC::CallData const&, JSC::JSValue, JSC::ArgList const&) /root/WebKit/Source/JavaScriptCore/runtime/CallData.cpp:70:27 (jsc+0x135cd91)
    #18 JSC::call(JSC::JSGlobalObject*, JSC::JSValue, JSC::CallData const&, JSC::JSValue, JSC::ArgList const&, WTF::NakedPtr<JSC::Exception>&) /root/WebKit/Source/JavaScriptCore/runtime/CallData.cpp:77:22 (jsc+0x135cd91)
    #19 JSC::threadMain(JSC::VM&, WTF::Ref<JSC::ThreadState, WTF::RawPtrTraits<JSC::ThreadState>, WTF::DefaultRefDerefTraits<JSC::ThreadState>>) /root/WebKit/Source/JavaScriptCore/runtime/ThreadObject.cpp:241:30 (jsc+0x199c2ec)
    #20 JSC::constructThread(JSC::JSGlobalObject*, JSC::CallFrame*)::$_0::operator()() /root/WebKit/Source/JavaScriptCore/runtime/ThreadObject.cpp:468:9 (jsc+0x199c2ec)
    #21 WTF::Detail::CallableWrapper<JSC::constructThread(JSC::JSGlobalObject*, JSC::CallFrame*)::$_0, void>::call() /root/WebKit/WebKitBuild/TSan/WTF/Headers/wtf/Function.h:59:39 (jsc+0x199c2ec)
    #22 WTF::Function<void ()>::operator()() const /root/WebKit/Source/WTF/wtf/Function.h:103:35 (jsc+0x25a9495)
    #23 WTF::Thread::entryPoint(WTF::Thread::NewThreadContext*) /root/WebKit/Source/WTF/wtf/Threading.cpp:312:5 (jsc+0x25a9495)
    #24 WTF::wtfThreadEntryPoint(void*) /root/WebKit/Source/WTF/wtf/posix/ThreadingPOSIX.cpp:264:5 (jsc+0x2603469)

  Thread T5 'JS Thread' (tid=2483031, running) created by main thread at:
    #0 pthread_create /home/runner/work/llvm-project/llvm-project/compiler-rt/lib/tsan/rtl/tsan_interceptors_posix.cpp:1090:3 (jsc+0x13ff1a)
    #1 WTF::Thread::establishHandle(WTF::Thread::NewThreadContext&, WTF::StackAllocationSpecification, WTF::ThreadQOS, WTF::ThreadSchedulingPolicy) /root/WebKit/Source/WTF/wtf/posix/ThreadingPOSIX.cpp:354:17 (jsc+0x2603355)
    #2 WTF::Thread::create(WTF::ASCIILiteral, WTF::Function<void ()>&&, WTF::ThreadType, WTF::ThreadQOS, WTF::ThreadSchedulingPolicy, WTF::StackAllocationSpecification) /root/WebKit/Source/WTF/wtf/Threading.cpp:330:32 (jsc+0x25a97d3)
    #3 JSC::constructThread(JSC::JSGlobalObject*, JSC::CallFrame*) /root/WebKit/Source/JavaScriptCore/runtime/ThreadObject.cpp:467:5 (jsc+0x199484f)
    #4 <null> <null> (0x7f55997ff217)
    #5 JSC::evaluate(JSC::JSGlobalObject*, JSC::SourceCode const&, JSC::JSValue, WTF::NakedPtr<JSC::Exception>&) /root/WebKit/Source/JavaScriptCore/runtime/Completion.cpp:145:37 (jsc+0x13bf753)
    #6 runWithOptions(GlobalObject*, CommandLine&, bool&) /root/WebKit/Source/JavaScriptCore/jsc.cpp:3957:35 (jsc+0x1caf75)
    #7 jscmain(int, char**)::$_0::operator()(JSC::VM&, GlobalObject*, bool&) const /root/WebKit/Source/JavaScriptCore/jsc.cpp:4686:13 (jsc+0x1caf75)
    #8 int runJSC<jscmain(int, char**)::$_0>(CommandLine const&, bool, jscmain(int, char**)::$_0 const&) /root/WebKit/Source/JavaScriptCore/jsc.cpp:4472:13 (jsc+0x1caf75)
    #9 jscmain(int, char**) /root/WebKit/Source/JavaScriptCore/jsc.cpp:4679:18 (jsc+0x1caf75)
    #10 main /root/WebKit/Source/JavaScriptCore/jsc.cpp:3715:15 (jsc+0x1c97b3)

SUMMARY: ThreadSanitizer: data race /root/WebKit/Source/JavaScriptCore/dfg/DFGToFTLForOSREntryDeferredCompilationCallback.cpp:56:30 in JSC::DFG::ToFTLForOSREntryDeferredCompilationCallback::compilationDidBecomeReadyAsynchronously(JSC::CodeBlock*, JSC::CodeBlock*)
==================
ThreadSanitizer: reported 2 warnings
