JSC: disabling useWasm under GIL-off (wasm glue still reads the raw VM-block exception word; not yet audited for UNGIL §A.1.3 COMPILED-FOR-VM; see AB-17 status block in VMEntryScope.cpp).
ThreadSanitizer:DEADLYSIGNAL
==2483986==ERROR: ThreadSanitizer: SEGV on unknown address 0x0072a00000c7 (pc 0x7f0bd7804110 bp 0x7ffc9bff7a00 sp 0x7ffc9bff79b0 T2483986)
==2483986==The signal is caused by a READ memory access.
    #0 <null> <null> (0x7f0bd7804110)
    #1 <null> <null> (0x7f0bd7810990)
    #2 llint_call_javascript LowLevelInterpreter.cpp (jsc+0x1df8588)
    #3 JSC::Interpreter::executeProgram(JSC::SourceCode const&, JSC::JSGlobalObject*, JSC::JSObject*) /root/WebKit/Source/JavaScriptCore/interpreter/Interpreter.cpp:1225:28 (jsc+0xe867ab)
    #4 JSC::evaluate(JSC::JSGlobalObject*, JSC::SourceCode const&, JSC::JSValue, WTF::NakedPtr<JSC::Exception>&) /root/WebKit/Source/JavaScriptCore/runtime/Completion.cpp:145:37 (jsc+0x13bf753)
    #5 runWithOptions(GlobalObject*, CommandLine&, bool&) /root/WebKit/Source/JavaScriptCore/jsc.cpp:3957:35 (jsc+0x1caf75)
    #6 jscmain(int, char**)::$_0::operator()(JSC::VM&, GlobalObject*, bool&) const /root/WebKit/Source/JavaScriptCore/jsc.cpp:4686:13 (jsc+0x1caf75)
    #7 int runJSC<jscmain(int, char**)::$_0>(CommandLine const&, bool, jscmain(int, char**)::$_0 const&) /root/WebKit/Source/JavaScriptCore/jsc.cpp:4472:13 (jsc+0x1caf75)
    #8 jscmain(int, char**) /root/WebKit/Source/JavaScriptCore/jsc.cpp:4679:18 (jsc+0x1caf75)
    #9 main /root/WebKit/Source/JavaScriptCore/jsc.cpp:3715:15 (jsc+0x1c97b3)
    #10 __libc_start_call_main <null> (libc.so.6+0x2a60f) (BuildId: f272aa838db85055a63d6886f3ca9646107c1609)

==2483986==Register values:
rax = 0x00000072a00000c1  rbx = 0x0000000000000001  rcx = 0x00000072a00000c1  rdx = 0x000072a00000c180  
rdi = 0x0000722800000948  rsi = 0x000072a00000c460  rbp = 0x00007ffc9bff7a00  rsp = 0x00007ffc9bff79b0  
 r8 = 0x000072a00002b2e0   r9 = 0x0000000000000004  r10 = 0x00007f0bd7804040  r11 = 0x00007f0a00000000  
r12 = 0x000072a400000f40  r13 = 0x0000721800005400  r14 = 0xfffe000000000000  r15 = 0xfffe000000000002  
ThreadSanitizer can not provide additional info.
SUMMARY: ThreadSanitizer: SEGV (<unknown module>) 
==2483986==ABORTING
