JSC: disabling useWasm under GIL-off (wasm glue still reads the raw VM-block exception word; not yet audited for UNGIL §A.1.3 COMPILED-FOR-VM; see AB-17 status block in VMEntryScope.cpp).
==================
WARNING: ThreadSanitizer: data race (pid=2484004)
  Write of size 4 at 0x7204000010dc by main thread:
    #0 unsigned int WTF::Vector<JSC::PropertyTable::QuarantinedDeletedOffset, 0ul, WTF::CrashOnOverflow, 16ul, WTF::FastMalloc>::removeAllMatching<JSC::PropertyTable::releaseQuarantinedSlots(unsigned long)::$_0>(T const&, unsigned long) /root/WebKit/WebKitBuild/TSan/WTF/Headers/wtf/Vector.h:1800:12 (jsc+0x183d40e)
    #1 JSC::PropertyTable::releaseQuarantinedSlots(unsigned long) /root/WebKit/Source/JavaScriptCore/runtime/PropertyTable.cpp:265:34 (jsc+0x183d40e)
    #2 JSC::PropertyTable::hasDeletedOffset() /root/WebKit/Source/JavaScriptCore/runtime/PropertyTable.h:572:13 (jsc+0x18febf6)
    #3 JSC::PropertyTable::nextOffset(int) /root/WebKit/Source/JavaScriptCore/runtime/PropertyTable.h:623:9 (jsc+0x18febf6)
    #4 int JSC::Structure::add<(JSC::Structure::ShouldPin)0, JSC::Structure::add(JSC::VM&, JSC::PropertyName, unsigned int)::$_0>(JSC::VM&, JSC::PropertyName, unsigned int, JSC::Structure::add(JSC::VM&, JSC::PropertyName, unsigned int)::$_0 const&) /root/WebKit/Source/JavaScriptCore/runtime/StructureInlines.h:315:39 (jsc+0x18febf6)
    #5 JSC::Structure::add(JSC::VM&, JSC::PropertyName, unsigned int) /root/WebKit/Source/JavaScriptCore/runtime/Structure.cpp:2205:12 (jsc+0x18febf6)
    #6 JSC::Structure::addNewPropertyTransition(JSC::VM&, JSC::Structure*, JSC::PropertyName, unsigned int, int&, JSC::PutPropertySlot::Context, JSC::DeferredStructureTransitionWatchpointFire*) /root/WebKit/Source/JavaScriptCore/runtime/Structure.cpp:880:26 (jsc+0x18fd8ad)
    #7 WTF::ASCIILiteral WTF::ASCIILiteral JSC::JSObject::putDirectInternal<(JSC::JSObject::PutMode)0>(JSC::VM&, JSC::PropertyName, JSC::JSValue, unsigned int, JSC::PutPropertySlot&)::'lambda'<bool $N>()::operator()<true>() const /root/WebKit/Source/JavaScriptCore/runtime/JSObjectInlines.h:1366:31 (jsc+0x84121a)
    #8 WTF::ASCIILiteral JSC::JSObject::putDirectInternal<(JSC::JSObject::PutMode)0>(JSC::VM&, JSC::PropertyName, JSC::JSValue, unsigned int, JSC::PutPropertySlot&)::'lambda'()::operator()() const /root/WebKit/Source/JavaScriptCore/runtime/JSObjectInlines.h:1419:34 (jsc+0x83f472)
    #9 decltype(fp()) JSC::putDirectInternalConcurrentOutOfLine<WTF::ASCIILiteral JSC::JSObject::putDirectInternal<(JSC::JSObject::PutMode)0>(JSC::VM&, JSC::PropertyName, JSC::JSValue, unsigned int, JSC::PutPropertySlot&)::'lambda'()>(WTF::ASCIILiteral JSC::JSObject::putDirectInternal<(JSC::JSObject::PutMode)0>(JSC::VM&, JSC::PropertyName, JSC::JSValue, unsigned int, JSC::PutPropertySlot&)::'lambda'() const&) /root/WebKit/Source/JavaScriptCore/runtime/JSObjectInlines.h:983:12 (jsc+0x83f472)
    #10 WTF::ASCIILiteral JSC::JSObject::putDirectInternal<(JSC::JSObject::PutMode)0>(JSC::VM&, JSC::PropertyName, JSC::JSValue, unsigned int, JSC::PutPropertySlot&) /root/WebKit/Source/JavaScriptCore/runtime/JSObjectInlines.h:1418:16 (jsc+0x83f445)
    #11 JSC::JSObject::putInlineFast(JSC::JSGlobalObject*, JSC::PropertyName, JSC::JSValue, JSC::PutPropertySlot&) /root/WebKit/Source/JavaScriptCore/runtime/JSObjectInlines.h:795:18 (jsc+0x83f445)
    #12 JSC::JSObject::putInlineForJSObject(JSC::JSCell*, JSC::JSGlobalObject*, JSC::PropertyName, JSC::JSValue, JSC::PutPropertySlot&) /root/WebKit/Source/JavaScriptCore/runtime/JSObjectInlines.h:787:24 (jsc+0x83f445)
    #13 JSC::JSCell::putInline(JSC::JSGlobalObject*, JSC::PropertyName, JSC::JSValue, JSC::PutPropertySlot&) /root/WebKit/Source/JavaScriptCore/runtime/JSCellInlines.h:475:16 (jsc+0xfa7655)
    #14 JSC::JSValue::putInline(JSC::JSGlobalObject*, JSC::PropertyName, JSC::JSValue, JSC::PutPropertySlot&) /root/WebKit/Source/JavaScriptCore/runtime/JSObject.h:2303:22 (jsc+0xfa7655)
    #15 operationPutByIdSloppyGaveUp /root/WebKit/Source/JavaScriptCore/jit/JITOperations.cpp:1194:15 (jsc+0xfa7655)
    #16 <null> <null> (0x7f8fcbe02284)
    #17 JSC::evaluate(JSC::JSGlobalObject*, JSC::SourceCode const&, JSC::JSValue, WTF::NakedPtr<JSC::Exception>&) /root/WebKit/Source/JavaScriptCore/runtime/Completion.cpp:145:37 (jsc+0x13bf753)
    #18 runWithOptions(GlobalObject*, CommandLine&, bool&) /root/WebKit/Source/JavaScriptCore/jsc.cpp:3957:35 (jsc+0x1caf75)
    #19 jscmain(int, char**)::$_0::operator()(JSC::VM&, GlobalObject*, bool&) const /root/WebKit/Source/JavaScriptCore/jsc.cpp:4686:13 (jsc+0x1caf75)
    #20 int runJSC<jscmain(int, char**)::$_0>(CommandLine const&, bool, jscmain(int, char**)::$_0 const&) /root/WebKit/Source/JavaScriptCore/jsc.cpp:4472:13 (jsc+0x1caf75)
    #21 jscmain(int, char**) /root/WebKit/Source/JavaScriptCore/jsc.cpp:4679:18 (jsc+0x1caf75)
    #22 main /root/WebKit/Source/JavaScriptCore/jsc.cpp:3715:15 (jsc+0x1c97b3)

  Previous read of size 4 at 0x7204000010dc by thread T2:
    #0 WTF::Vector<JSC::PropertyTable::QuarantinedDeletedOffset, 0ul, WTF::CrashOnOverflow, 16ul, WTF::FastMalloc>::size() const /root/WebKit/WebKitBuild/TSan/WTF/Headers/wtf/Vector.h:765:48 (jsc+0x18fe3d5)
    #1 JSC::PropertyTable::quarantinedDeletedOffsetCount() const /root/WebKit/Source/JavaScriptCore/runtime/PropertyTable.h:222:120 (jsc+0x18fe3d5)
    #2 JSC::PropertyTable::propertyStorageSize() const /root/WebKit/Source/JavaScriptCore/runtime/PropertyTable.h:549:73 (jsc+0x18fe3d5)
    #3 void JSC::Structure::checkOffsetConsistency<JSC::Structure::checkOffsetConsistency() const::$_0>(JSC::PropertyTable*, JSC::Structure::checkOffsetConsistency() const::$_0 const&) const /root/WebKit/Source/JavaScriptCore/runtime/Structure.cpp:73:41 (jsc+0x18fe3d5)
    #4 JSC::Structure::checkOffsetConsistency() const /root/WebKit/Source/JavaScriptCore/runtime/Structure.cpp:2859:9 (jsc+0x18fe3d5)
    #5 JSC::Structure::removeNewPropertyTransition(JSC::VM&, JSC::Structure*, JSC::PropertyName, int&, JSC::DeferredStructureTransitionWatchpointFire*) /root/WebKit/Source/JavaScriptCore/runtime/Structure.cpp:1076:17 (jsc+0x18ffd9e)
    #6 JSC::Structure::removePropertyTransition(JSC::VM&, JSC::Structure*, JSC::PropertyName, int&, JSC::DeferredStructureTransitionWatchpointFire*) /root/WebKit/Source/JavaScriptCore/runtime/Structure.cpp:925:12 (jsc+0x18ff45e)
    #7 JSC::deletePropertyNamedConcurrent(JSC::VM&, JSC::JSObject*, JSC::PropertyName, JSC::DeletePropertySlot&) /root/WebKit/Source/JavaScriptCore/runtime/JSObject.cpp:4364:35 (jsc+0x16ac5f2)
    #8 JSC::JSObject::deleteProperty(JSC::JSCell*, JSC::JSGlobalObject*, JSC::PropertyName, JSC::DeletePropertySlot&) /root/WebKit/Source/JavaScriptCore/runtime/JSObject.cpp:4473:16 (jsc+0x16910cf)
    #9 JSC::deleteByVal(JSC::JSGlobalObject*, JSC::VM&, JSC::DeletePropertySlot&, JSC::JSValue, JSC::JSValue, JSC::ECMAMode) /root/WebKit/Source/JavaScriptCore/jit/JITOperations.cpp:4440:23 (jsc+0xfcb7ba)
    #10 operationDeleteByValSloppyGaveUp /root/WebKit/Source/JavaScriptCore/jit/JITOperations.cpp:4512:5 (jsc+0xfcb47f)
    #11 <null> <null> (0x7f8fcbe04064)
    #12 JSC::Interpreter::executeCall(JSC::JSObject*, JSC::CallData const&, JSC::JSValue, JSC::JSCell*, JSC::ArgList const&) /root/WebKit/Source/JavaScriptCore/interpreter/Interpreter.cpp (jsc+0xe8869d)
    #13 JSC::call(JSC::JSGlobalObject*, JSC::JSValue, JSC::CallData const&, JSC::JSValue, JSC::ArgList const&) /root/WebKit/Source/JavaScriptCore/runtime/CallData.cpp:70:27 (jsc+0x135cd91)
    #14 JSC::call(JSC::JSGlobalObject*, JSC::JSValue, JSC::CallData const&, JSC::JSValue, JSC::ArgList const&, WTF::NakedPtr<JSC::Exception>&) /root/WebKit/Source/JavaScriptCore/runtime/CallData.cpp:77:22 (jsc+0x135cd91)
    #15 JSC::threadMain(JSC::VM&, WTF::Ref<JSC::ThreadState, WTF::RawPtrTraits<JSC::ThreadState>, WTF::DefaultRefDerefTraits<JSC::ThreadState>>) /root/WebKit/Source/JavaScriptCore/runtime/ThreadObject.cpp:241:30 (jsc+0x199c2ec)
    #16 JSC::constructThread(JSC::JSGlobalObject*, JSC::CallFrame*)::$_0::operator()() /root/WebKit/Source/JavaScriptCore/runtime/ThreadObject.cpp:468:9 (jsc+0x199c2ec)
    #17 WTF::Detail::CallableWrapper<JSC::constructThread(JSC::JSGlobalObject*, JSC::CallFrame*)::$_0, void>::call() /root/WebKit/WebKitBuild/TSan/WTF/Headers/wtf/Function.h:59:39 (jsc+0x199c2ec)
    #18 WTF::Function<void ()>::operator()() const /root/WebKit/Source/WTF/wtf/Function.h:103:35 (jsc+0x25a9495)
    #19 WTF::Thread::entryPoint(WTF::Thread::NewThreadContext*) /root/WebKit/Source/WTF/wtf/Threading.cpp:312:5 (jsc+0x25a9495)
    #20 WTF::wtfThreadEntryPoint(void*) /root/WebKit/Source/WTF/wtf/posix/ThreadingPOSIX.cpp:264:5 (jsc+0x2603469)

  Location is heap block of size 16 at 0x7204000010d0 allocated by thread T2:
    #0 malloc /home/runner/work/llvm-project/llvm-project/compiler-rt/lib/tsan/rtl/tsan_interceptors_posix.cpp:682:5 (jsc+0x13dc20)
    #1 bmalloc::api::malloc(unsigned long, bmalloc::CompactAllocationMode, bmalloc::HeapKind) /root/WebKit/WebKitBuild/TSan/bmalloc/Headers/bmalloc/bmalloc.h:96:20 (jsc+0x258c6d9)
    #2 WTF::fastMalloc(unsigned long) /root/WebKit/Source/WTF/wtf/FastMalloc.cpp:337:20 (jsc+0x258c6d9)
    #3 WTF::FastMalloc::malloc(unsigned long) /root/WebKit/WebKitBuild/TSan/WTF/Headers/wtf/FastMalloc.h:235:47 (jsc+0x183cf13)
    #4 WTF::Vector<JSC::PropertyTable::QuarantinedDeletedOffset, 0ul, WTF::CrashOnOverflow, 16ul, WTF::FastMalloc>::operator new(unsigned long) /root/WebKit/WebKitBuild/TSan/WTF/Headers/wtf/Vector.h:621:5 (jsc+0x183cf13)
    #5 std::__detail::_MakeUniq<WTF::Vector<JSC::PropertyTable::QuarantinedDeletedOffset, 0ul, WTF::CrashOnOverflow, 16ul, WTF::FastMalloc>>::__single_object std::make_unique<WTF::Vector<JSC::PropertyTable::QuarantinedDeletedOffset, 0ul, WTF::CrashOnOverflow, 16ul, WTF::FastMalloc>>() /usr/lib/gcc/x86_64-amazon-linux/14/../../../../include/c++/14/bits/unique_ptr.h:1077:30 (jsc+0x183cf13)
    #6 decltype(auto) WTF::makeUnique<WTF::Vector<JSC::PropertyTable::QuarantinedDeletedOffset, 0ul, WTF::CrashOnOverflow, 16ul, WTF::FastMalloc>>() /root/WebKit/WebKitBuild/TSan/WTF/Headers/wtf/StdLibExtras.h:893:12 (jsc+0x183cf13)
    #7 JSC::PropertyTable::quarantineDeletedOffset(int) /root/WebKit/Source/JavaScriptCore/runtime/PropertyTable.cpp:248:39 (jsc+0x183cf13)
    #8 JSC::PropertyTable::addDeletedOffset(int) /root/WebKit/Source/JavaScriptCore/runtime/PropertyTable.h:602:9 (jsc+0x16ceda3)
    #9 int JSC::Structure::remove<(JSC::Structure::ShouldPin)0, JSC::Structure::remove(JSC::VM&, JSC::PropertyName)::$_0>(JSC::VM&, JSC::PropertyName, JSC::Structure::remove(JSC::VM&, JSC::PropertyName)::$_0 const&) /root/WebKit/Source/JavaScriptCore/runtime/StructureInlines.h:364:12 (jsc+0x1900c9f)
    #10 JSC::Structure::remove(JSC::VM&, JSC::PropertyName) /root/WebKit/Source/JavaScriptCore/runtime/Structure.cpp:2214:12 (jsc+0x1900c9f)
    #11 JSC::Structure::removeNewPropertyTransition(JSC::VM&, JSC::Structure*, JSC::PropertyName, int&, JSC::DeferredStructureTransitionWatchpointFire*) /root/WebKit/Source/JavaScriptCore/runtime/Structure.cpp:1047:26 (jsc+0x18ffae7)
    #12 JSC::Structure::removePropertyTransition(JSC::VM&, JSC::Structure*, JSC::PropertyName, int&, JSC::DeferredStructureTransitionWatchpointFire*) /root/WebKit/Source/JavaScriptCore/runtime/Structure.cpp:925:12 (jsc+0x18ff45e)
    #13 JSC::deletePropertyNamedConcurrent(JSC::VM&, JSC::JSObject*, JSC::PropertyName, JSC::DeletePropertySlot&) /root/WebKit/Source/JavaScriptCore/runtime/JSObject.cpp:4364:35 (jsc+0x16ac5f2)
    #14 JSC::JSObject::deleteProperty(JSC::JSCell*, JSC::JSGlobalObject*, JSC::PropertyName, JSC::DeletePropertySlot&) /root/WebKit/Source/JavaScriptCore/runtime/JSObject.cpp:4473:16 (jsc+0x16910cf)
    #15 JSC::JSCell::deleteProperty(JSC::JSCell*, JSC::JSGlobalObject*, JSC::PropertyName) /root/WebKit/Source/JavaScriptCore/runtime/JSCell.cpp:141:12 (jsc+0x1567c8f)
    #16 llint_slow_path_del_by_val /root/WebKit/Source/JavaScriptCore/llint/LLIntSlowPaths.cpp:1810:23 (jsc+0x108b2e8)
    #17 llint_op_del_by_val LowLevelInterpreter.cpp (jsc+0x1e16115)
    #18 JSC::Interpreter::executeCall(JSC::JSObject*, JSC::CallData const&, JSC::JSValue, JSC::JSCell*, JSC::ArgList const&) /root/WebKit/Source/JavaScriptCore/interpreter/Interpreter.cpp (jsc+0xe8869d)
    #19 JSC::call(JSC::JSGlobalObject*, JSC::JSValue, JSC::CallData const&, JSC::JSValue, JSC::ArgList const&) /root/WebKit/Source/JavaScriptCore/runtime/CallData.cpp:70:27 (jsc+0x135cd91)
    #20 JSC::call(JSC::JSGlobalObject*, JSC::JSValue, JSC::CallData const&, JSC::JSValue, JSC::ArgList const&, WTF::NakedPtr<JSC::Exception>&) /root/WebKit/Source/JavaScriptCore/runtime/CallData.cpp:77:22 (jsc+0x135cd91)
    #21 JSC::threadMain(JSC::VM&, WTF::Ref<JSC::ThreadState, WTF::RawPtrTraits<JSC::ThreadState>, WTF::DefaultRefDerefTraits<JSC::ThreadState>>) /root/WebKit/Source/JavaScriptCore/runtime/ThreadObject.cpp:241:30 (jsc+0x199c2ec)
    #22 JSC::constructThread(JSC::JSGlobalObject*, JSC::CallFrame*)::$_0::operator()() /root/WebKit/Source/JavaScriptCore/runtime/ThreadObject.cpp:468:9 (jsc+0x199c2ec)
    #23 WTF::Detail::CallableWrapper<JSC::constructThread(JSC::JSGlobalObject*, JSC::CallFrame*)::$_0, void>::call() /root/WebKit/WebKitBuild/TSan/WTF/Headers/wtf/Function.h:59:39 (jsc+0x199c2ec)
    #24 WTF::Function<void ()>::operator()() const /root/WebKit/Source/WTF/wtf/Function.h:103:35 (jsc+0x25a9495)
    #25 WTF::Thread::entryPoint(WTF::Thread::NewThreadContext*) /root/WebKit/Source/WTF/wtf/Threading.cpp:312:5 (jsc+0x25a9495)
    #26 WTF::wtfThreadEntryPoint(void*) /root/WebKit/Source/WTF/wtf/posix/ThreadingPOSIX.cpp:264:5 (jsc+0x2603469)

  Thread T2 'JS Thread' (tid=2484007, running) created by main thread at:
    #0 pthread_create /home/runner/work/llvm-project/llvm-project/compiler-rt/lib/tsan/rtl/tsan_interceptors_posix.cpp:1090:3 (jsc+0x13ff1a)
    #1 WTF::Thread::establishHandle(WTF::Thread::NewThreadContext&, WTF::StackAllocationSpecification, WTF::ThreadQOS, WTF::ThreadSchedulingPolicy) /root/WebKit/Source/WTF/wtf/posix/ThreadingPOSIX.cpp:354:17 (jsc+0x2603355)
    #2 WTF::Thread::create(WTF::ASCIILiteral, WTF::Function<void ()>&&, WTF::ThreadType, WTF::ThreadQOS, WTF::ThreadSchedulingPolicy, WTF::StackAllocationSpecification) /root/WebKit/Source/WTF/wtf/Threading.cpp:330:32 (jsc+0x25a97d3)
    #3 JSC::constructThread(JSC::JSGlobalObject*, JSC::CallFrame*) /root/WebKit/Source/JavaScriptCore/runtime/ThreadObject.cpp:467:5 (jsc+0x199484f)
    #4 <null> <null> (0x7f8fcbdff217)
    #5 JSC::evaluate(JSC::JSGlobalObject*, JSC::SourceCode const&, JSC::JSValue, WTF::NakedPtr<JSC::Exception>&) /root/WebKit/Source/JavaScriptCore/runtime/Completion.cpp:145:37 (jsc+0x13bf753)
    #6 runWithOptions(GlobalObject*, CommandLine&, bool&) /root/WebKit/Source/JavaScriptCore/jsc.cpp:3957:35 (jsc+0x1caf75)
    #7 jscmain(int, char**)::$_0::operator()(JSC::VM&, GlobalObject*, bool&) const /root/WebKit/Source/JavaScriptCore/jsc.cpp:4686:13 (jsc+0x1caf75)
    #8 int runJSC<jscmain(int, char**)::$_0>(CommandLine const&, bool, jscmain(int, char**)::$_0 const&) /root/WebKit/Source/JavaScriptCore/jsc.cpp:4472:13 (jsc+0x1caf75)
    #9 jscmain(int, char**) /root/WebKit/Source/JavaScriptCore/jsc.cpp:4679:18 (jsc+0x1caf75)
    #10 main /root/WebKit/Source/JavaScriptCore/jsc.cpp:3715:15 (jsc+0x1c97b3)

SUMMARY: ThreadSanitizer: data race /root/WebKit/WebKitBuild/TSan/WTF/Headers/wtf/Vector.h:1800:12 in unsigned int WTF::Vector<JSC::PropertyTable::QuarantinedDeletedOffset, 0ul, WTF::CrashOnOverflow, 16ul, WTF::FastMalloc>::removeAllMatching<JSC::PropertyTable::releaseQuarantinedSlots(unsigned long)::$_0>(T const&, unsigned long)
==================
==================
WARNING: ThreadSanitizer: data race (pid=2484004)
  Atomic read of size 2 at 0x7f8e000ec18c by thread T2:
    #0 unsigned short JSC::Structure::concurrentRelaxedLoad<unsigned short>(unsigned short const&) /root/WebKit/Source/JavaScriptCore/runtime/Structure.h:1110:9 (jsc+0xfaeae4)
    #1 JSC::Structure::typeInfo() const /root/WebKit/Source/JavaScriptCore/runtime/Structure.h:451:56 (jsc+0xfaeae4)
    #2 JSC::JSCell::putInline(JSC::JSGlobalObject*, JSC::PropertyName, JSC::JSValue, JSC::PutPropertySlot&) /root/WebKit/Source/JavaScriptCore/runtime/JSCellInlines.h:474:21 (jsc+0xfaeae4)
    #3 JSC::JSValue::putInline(JSC::JSGlobalObject*, JSC::PropertyName, JSC::JSValue, JSC::PutPropertySlot&) /root/WebKit/Source/JavaScriptCore/runtime/JSObject.h:2303:22 (jsc+0xfaeae4)
    #4 JSC::putByVal(JSC::JSGlobalObject*, JSC::JSValue, JSC::JSValue, JSC::JSValue, JSC::ArrayProfile*, JSC::ECMAMode) /root/WebKit/Source/JavaScriptCore/jit/JITOperations.cpp:1724:15 (jsc+0xfaeae4)
    #5 JSC::putByValOptimize(JSC::JSGlobalObject*, JSC::CodeBlock*, JSC::JSValue, JSC::JSValue, JSC::JSValue, JSC::PropertyInlineCache*, JSC::ArrayProfile*, JSC::PutByKind) /root/WebKit/Source/JavaScriptCore/jit/JITOperations.cpp:1823:5 (jsc+0xfad540)
    #6 operationPutByValSloppyOptimize /root/WebKit/Source/JavaScriptCore/jit/JITOperations.cpp:1854:5 (jsc+0xfad7a5)
    #7 <null> <null> (0x7f8fcbe02224)
    #8 JSC::Interpreter::executeCall(JSC::JSObject*, JSC::CallData const&, JSC::JSValue, JSC::JSCell*, JSC::ArgList const&) /root/WebKit/Source/JavaScriptCore/interpreter/Interpreter.cpp (jsc+0xe8869d)
    #9 JSC::call(JSC::JSGlobalObject*, JSC::JSValue, JSC::CallData const&, JSC::JSValue, JSC::ArgList const&) /root/WebKit/Source/JavaScriptCore/runtime/CallData.cpp:70:27 (jsc+0x135cd91)
    #10 JSC::call(JSC::JSGlobalObject*, JSC::JSValue, JSC::CallData const&, JSC::JSValue, JSC::ArgList const&, WTF::NakedPtr<JSC::Exception>&) /root/WebKit/Source/JavaScriptCore/runtime/CallData.cpp:77:22 (jsc+0x135cd91)
    #11 JSC::threadMain(JSC::VM&, WTF::Ref<JSC::ThreadState, WTF::RawPtrTraits<JSC::ThreadState>, WTF::DefaultRefDerefTraits<JSC::ThreadState>>) /root/WebKit/Source/JavaScriptCore/runtime/ThreadObject.cpp:241:30 (jsc+0x199c2ec)
    #12 JSC::constructThread(JSC::JSGlobalObject*, JSC::CallFrame*)::$_0::operator()() /root/WebKit/Source/JavaScriptCore/runtime/ThreadObject.cpp:468:9 (jsc+0x199c2ec)
    #13 WTF::Detail::CallableWrapper<JSC::constructThread(JSC::JSGlobalObject*, JSC::CallFrame*)::$_0, void>::call() /root/WebKit/WebKitBuild/TSan/WTF/Headers/wtf/Function.h:59:39 (jsc+0x199c2ec)
    #14 WTF::Function<void ()>::operator()() const /root/WebKit/Source/WTF/wtf/Function.h:103:35 (jsc+0x25a9495)
    #15 WTF::Thread::entryPoint(WTF::Thread::NewThreadContext*) /root/WebKit/Source/WTF/wtf/Threading.cpp:312:5 (jsc+0x25a9495)
    #16 WTF::wtfThreadEntryPoint(void*) /root/WebKit/Source/WTF/wtf/posix/ThreadingPOSIX.cpp:264:5 (jsc+0x2603469)

  Previous write of size 8 at 0x7f8e000ec188 by main thread:
    #0 JSC::FreeCell::makeLast(unsigned int, unsigned long) /root/WebKit/WebKitBuild/TSan/JavaScriptCore/PrivateHeaders/JavaScriptCore/FreeList.h:55:23 (jsc+0xe4dd8a)
    #1 void JSC::MarkedBlock::Handle::specializedSweep<true, (JSC::MarkedBlock::Handle::EmptyMode)0, (JSC::MarkedBlock::Handle::SweepMode)1, (JSC::MarkedBlock::Handle::SweepDestructionMode)0, (JSC::MarkedBlock::Handle::ScribbleMode)0, (JSC::MarkedBlock::Handle::NewlyAllocatedMode)1, (JSC::MarkedBlock::Handle::MarksMode)0, JSC::MarkedBlock::Handle::sweep(JSC::FreeList*)::$_0::operator()() const::'lambda0'(JSC::VM&, JSC::JSCell*)>(JSC::FreeList*, JSC::MarkedBlock::Handle::EmptyMode, JSC::MarkedBlock::Handle::SweepMode, JSC::MarkedBlock::Handle::SweepDestructionMode, JSC::MarkedBlock::Handle::ScribbleMode, JSC::MarkedBlock::Handle::NewlyAllocatedMode, JSC::MarkedBlock::Handle::MarksMode, JSC::MarkedBlock::Handle::sweep(JSC::FreeList*)::$_0::operator()() const::'lambda0'(JSC::VM&, JSC::JSCell*) const&) /root/WebKit/WebKitBuild/TSan/JavaScriptCore/PrivateHeaders/JavaScriptCore/MarkedBlockInlines.h:256:23 (jsc+0xe4dd8a)
    #2 JSC::MarkedBlock::Handle::sweep(JSC::FreeList*)::$_0::operator()() const /root/WebKit/Source/JavaScriptCore/heap/MarkedBlock.cpp:653:17 (jsc+0xe434ac)
    #3 JSC::MarkedBlock::Handle::sweep(JSC::FreeList*) /root/WebKit/Source/JavaScriptCore/heap/MarkedBlock.cpp:672:9 (jsc+0xe434ac)
    #4 JSC::LocalAllocator::tryAllocateIn(JSC::MarkedBlock::Handle*, unsigned long) /root/WebKit/Source/JavaScriptCore/heap/LocalAllocator.cpp:346:12 (jsc+0xe42676)
    #5 JSC::LocalAllocator::allocateIn(JSC::MarkedBlock::Handle*, unsigned long) /root/WebKit/Source/JavaScriptCore/heap/LocalAllocator.cpp:311:20 (jsc+0xe42309)
    #6 JSC::LocalAllocator::allocateSlowCase(JSC::Heap&, unsigned long, JSC::GCDeferralContext*, JSC::AllocationFailureMode) /root/WebKit/Source/JavaScriptCore/heap/LocalAllocator.cpp:227:14 (jsc+0xe41dbe)
    #7 JSC::LocalAllocator::allocate(JSC::Heap&, unsigned long, JSC::GCDeferralContext*, JSC::AllocationFailureMode)::'lambda'()::operator()() const /root/WebKit/WebKitBuild/TSan/JavaScriptCore/PrivateHeaders/JavaScriptCore/LocalAllocatorInlines.h:53:43 (jsc+0x1d131e)
    #8 JSC::HeapCell* JSC::FreeList::allocateWithCellSize<JSC::LocalAllocator::allocate(JSC::Heap&, unsigned long, JSC::GCDeferralContext*, JSC::AllocationFailureMode)::'lambda'()>(JSC::LocalAllocator::allocate(JSC::Heap&, unsigned long, JSC::GCDeferralContext*, JSC::AllocationFailureMode)::'lambda'() const&, unsigned long) /root/WebKit/Source/JavaScriptCore/heap/FreeListInlines.h:46:16 (jsc+0x19122dc)
    #9 JSC::LocalAllocator::allocate(JSC::Heap&, unsigned long, JSC::GCDeferralContext*, JSC::AllocationFailureMode) /root/WebKit/Source/JavaScriptCore/heap/LocalAllocatorInlines.h:50:23 (jsc+0x19122dc)
    #10 JSC::GCClient::IsoSubspace::allocate(JSC::VM&, unsigned long, JSC::GCDeferralContext*, JSC::AllocationFailureMode) /root/WebKit/Source/JavaScriptCore/heap/IsoSubspaceInlines.h:42:29 (jsc+0x19122dc)
    #11 void* JSC::tryAllocateCellHelper<JSC::Structure, (JSC::AllocationFailureMode)0>(JSC::VM&, unsigned long, JSC::GCDeferralContext*) /root/WebKit/Source/JavaScriptCore/runtime/JSCellInlines.h:212:63 (jsc+0x19122dc)
    #12 void* JSC::allocateCell<JSC::Structure>(JSC::VM&, unsigned long) /root/WebKit/Source/JavaScriptCore/runtime/JSCellInlines.h:232:12 (jsc+0x19122dc)
    #13 JSC::Structure::create(JSC::VM&, JSC::Structure*, JSC::DeferredStructureTransitionWatchpointFire*) /root/WebKit/Source/JavaScriptCore/runtime/StructureInlines.h:56:38 (jsc+0x18feed6)
    #14 JSC::Structure::removeNewPropertyTransition(JSC::VM&, JSC::Structure*, JSC::PropertyName, int&, JSC::DeferredStructureTransitionWatchpointFire*) /root/WebKit/Source/JavaScriptCore/runtime/Structure.cpp:1031:22 (jsc+0x18ff6c7)
    #15 JSC::Structure::removePropertyTransition(JSC::VM&, JSC::Structure*, JSC::PropertyName, int&, JSC::DeferredStructureTransitionWatchpointFire*) /root/WebKit/Source/JavaScriptCore/runtime/Structure.cpp:925:12 (jsc+0x18ff45e)
    #16 JSC::deletePropertyNamedConcurrent(JSC::VM&, JSC::JSObject*, JSC::PropertyName, JSC::DeletePropertySlot&) /root/WebKit/Source/JavaScriptCore/runtime/JSObject.cpp:4364:35 (jsc+0x16ac5f2)
    #17 JSC::JSObject::deleteProperty(JSC::JSCell*, JSC::JSGlobalObject*, JSC::PropertyName, JSC::DeletePropertySlot&) /root/WebKit/Source/JavaScriptCore/runtime/JSObject.cpp:4473:16 (jsc+0x16910cf)
    #18 JSC::deleteById(JSC::JSGlobalObject*, JSC::VM&, JSC::DeletePropertySlot&, JSC::JSValue, JSC::PropertyName, JSC::ECMAMode) /root/WebKit/Source/JavaScriptCore/jit/JITOperations.cpp:4316:24 (jsc+0xfca070)
    #19 operationDeleteByIdSloppyGaveUp /root/WebKit/Source/JavaScriptCore/jit/JITOperations.cpp:4384:5 (jsc+0xfc9e28)
    #20 <null> <null> (0x7f8fcbe06564)
    #21 JSC::evaluate(JSC::JSGlobalObject*, JSC::SourceCode const&, JSC::JSValue, WTF::NakedPtr<JSC::Exception>&) /root/WebKit/Source/JavaScriptCore/runtime/Completion.cpp:145:37 (jsc+0x13bf753)
    #22 runWithOptions(GlobalObject*, CommandLine&, bool&) /root/WebKit/Source/JavaScriptCore/jsc.cpp:3957:35 (jsc+0x1caf75)
    #23 jscmain(int, char**)::$_0::operator()(JSC::VM&, GlobalObject*, bool&) const /root/WebKit/Source/JavaScriptCore/jsc.cpp:4686:13 (jsc+0x1caf75)
    #24 int runJSC<jscmain(int, char**)::$_0>(CommandLine const&, bool, jscmain(int, char**)::$_0 const&) /root/WebKit/Source/JavaScriptCore/jsc.cpp:4472:13 (jsc+0x1caf75)
    #25 jscmain(int, char**) /root/WebKit/Source/JavaScriptCore/jsc.cpp:4679:18 (jsc+0x1caf75)
    #26 main /root/WebKit/Source/JavaScriptCore/jsc.cpp:3715:15 (jsc+0x1c97b3)

  Thread T2 'JS Thread' (tid=2484007, running) created by main thread at:
    #0 pthread_create /home/runner/work/llvm-project/llvm-project/compiler-rt/lib/tsan/rtl/tsan_interceptors_posix.cpp:1090:3 (jsc+0x13ff1a)
    #1 WTF::Thread::establishHandle(WTF::Thread::NewThreadContext&, WTF::StackAllocationSpecification, WTF::ThreadQOS, WTF::ThreadSchedulingPolicy) /root/WebKit/Source/WTF/wtf/posix/ThreadingPOSIX.cpp:354:17 (jsc+0x2603355)
    #2 WTF::Thread::create(WTF::ASCIILiteral, WTF::Function<void ()>&&, WTF::ThreadType, WTF::ThreadQOS, WTF::ThreadSchedulingPolicy, WTF::StackAllocationSpecification) /root/WebKit/Source/WTF/wtf/Threading.cpp:330:32 (jsc+0x25a97d3)
    #3 JSC::constructThread(JSC::JSGlobalObject*, JSC::CallFrame*) /root/WebKit/Source/JavaScriptCore/runtime/ThreadObject.cpp:467:5 (jsc+0x199484f)
    #4 <null> <null> (0x7f8fcbdff217)
    #5 JSC::evaluate(JSC::JSGlobalObject*, JSC::SourceCode const&, JSC::JSValue, WTF::NakedPtr<JSC::Exception>&) /root/WebKit/Source/JavaScriptCore/runtime/Completion.cpp:145:37 (jsc+0x13bf753)
    #6 runWithOptions(GlobalObject*, CommandLine&, bool&) /root/WebKit/Source/JavaScriptCore/jsc.cpp:3957:35 (jsc+0x1caf75)
    #7 jscmain(int, char**)::$_0::operator()(JSC::VM&, GlobalObject*, bool&) const /root/WebKit/Source/JavaScriptCore/jsc.cpp:4686:13 (jsc+0x1caf75)
    #8 int runJSC<jscmain(int, char**)::$_0>(CommandLine const&, bool, jscmain(int, char**)::$_0 const&) /root/WebKit/Source/JavaScriptCore/jsc.cpp:4472:13 (jsc+0x1caf75)
    #9 jscmain(int, char**) /root/WebKit/Source/JavaScriptCore/jsc.cpp:4679:18 (jsc+0x1caf75)
    #10 main /root/WebKit/Source/JavaScriptCore/jsc.cpp:3715:15 (jsc+0x1c97b3)

SUMMARY: ThreadSanitizer: data race /root/WebKit/Source/JavaScriptCore/runtime/Structure.h:1110:9 in unsigned short JSC::Structure::concurrentRelaxedLoad<unsigned short>(unsigned short const&)
==================
ThreadSanitizer: reported 2 warnings
