JSC: disabling useWasm under GIL-off (wasm glue still reads the raw VM-block exception word; not yet audited for UNGIL §A.1.3 COMPILED-FOR-VM; see AB-17 status block in VMEntryScope.cpp).
==================
WARNING: ThreadSanitizer: data race (pid=2483791)
  Atomic read of size 2 at 0x7fc80002818c by thread T1:
    #0 unsigned short JSC::Structure::concurrentRelaxedLoad<unsigned short>(unsigned short const&) /root/WebKit/Source/JavaScriptCore/runtime/Structure.h:1110:9 (jsc+0x4d8de9)
    #1 JSC::Structure::typeInfo() const /root/WebKit/Source/JavaScriptCore/runtime/Structure.h:451:56 (jsc+0x4d8de9)
    #2 JSC::arrayModesFromStructure(JSC::Structure*) /root/WebKit/Source/JavaScriptCore/bytecode/ArrayProfile.h:122:30 (jsc+0x4d8de9)
    #3 JSC::DFG::AbstractValue::mergeOSREntryValue(JSC::DFG::Graph&, JSC::JSValue, JSC::DFG::VariableAccessData*, JSC::DFG::Node*) /root/WebKit/Source/JavaScriptCore/dfg/DFGAbstractValue.cpp:221:43 (jsc+0x4d8de9)
    #4 JSC::DFG::CFAPhase::injectOSR(JSC::DFG::BasicBlock*) /root/WebKit/Source/JavaScriptCore/dfg/DFGCFAPhase.cpp:183:31 (jsc+0x58d99b)
    #5 JSC::DFG::CFAPhase::performBlockCFA(JSC::DFG::BasicBlock*) /root/WebKit/Source/JavaScriptCore/dfg/DFGCFAPhase.cpp:203:13 (jsc+0x58dcea)
    #6 JSC::DFG::CFAPhase::performForwardCFA() /root/WebKit/Source/JavaScriptCore/dfg/DFGCFAPhase.cpp:255:13 (jsc+0x58cfa1)
    #7 JSC::DFG::CFAPhase::run() /root/WebKit/Source/JavaScriptCore/dfg/DFGCFAPhase.cpp:115:13 (jsc+0x58cfa1)
    #8 bool JSC::DFG::runAndLog<JSC::DFG::CFAPhase>(JSC::DFG::CFAPhase&) /root/WebKit/Source/JavaScriptCore/dfg/DFGPhase.h:86:25 (jsc+0x58c9fd)
    #9 bool JSC::DFG::runPhase<JSC::DFG::CFAPhase>(JSC::DFG::Graph&) /root/WebKit/Source/JavaScriptCore/dfg/DFGPhase.h:99:12 (jsc+0x56e255)
    #10 JSC::DFG::performCFA(JSC::DFG::Graph&) /root/WebKit/Source/JavaScriptCore/dfg/DFGCFAPhase.cpp:271:12 (jsc+0x56e209)
    #11 JSC::DFG::Plan::compileInThreadImpl() /root/WebKit/Source/JavaScriptCore/dfg/DFGPlan.cpp:326:5 (jsc+0x8aec06)
    #12 JSC::JITPlan::compileInThread(JSC::JITWorklistThread*) /root/WebKit/Source/JavaScriptCore/jit/JITPlan.cpp:283:28 (jsc+0xfdba6d)
    #13 JSC::JITWorklistThread::work() /root/WebKit/Source/JavaScriptCore/jit/JITWorklistThread.cpp:145:13 (jsc+0x104632b)
    #14 WTF::AutomaticThread::start(WTF::AbstractLocker const&)::$_0::operator()() const /root/WebKit/Source/WTF/wtf/AutomaticThread.cpp:260:37 (jsc+0x257e53c)
    #15 WTF::Detail::CallableWrapper<WTF::AutomaticThread::start(WTF::AbstractLocker const&)::$_0, void>::call() /root/WebKit/Source/WTF/wtf/Function.h:59:39 (jsc+0x257e53c)
    #16 WTF::Function<void ()>::operator()() const /root/WebKit/Source/WTF/wtf/Function.h:103:35 (jsc+0x25a9495)
    #17 WTF::Thread::entryPoint(WTF::Thread::NewThreadContext*) /root/WebKit/Source/WTF/wtf/Threading.cpp:312:5 (jsc+0x25a9495)
    #18 WTF::wtfThreadEntryPoint(void*) /root/WebKit/Source/WTF/wtf/posix/ThreadingPOSIX.cpp:264:5 (jsc+0x2603469)

  Previous write of size 8 at 0x7fc800028188 by main thread:
    #0 JSC::FreeCell::makeLast(unsigned int, unsigned long) /root/WebKit/WebKitBuild/TSan/JavaScriptCore/PrivateHeaders/JavaScriptCore/FreeList.h:55:23 (jsc+0xe4dd8a)
    #1 void JSC::MarkedBlock::Handle::specializedSweep<true, (JSC::MarkedBlock::Handle::EmptyMode)0, (JSC::MarkedBlock::Handle::SweepMode)1, (JSC::MarkedBlock::Handle::SweepDestructionMode)0, (JSC::MarkedBlock::Handle::ScribbleMode)0, (JSC::MarkedBlock::Handle::NewlyAllocatedMode)1, (JSC::MarkedBlock::Handle::MarksMode)0, JSC::MarkedBlock::Handle::sweep(JSC::FreeList*)::$_0::operator()() const::'lambda0'(JSC::VM&, JSC::JSCell*)>(JSC::FreeList*, JSC::MarkedBlock::Handle::EmptyMode, JSC::MarkedBlock::Handle::SweepMode, JSC::MarkedBlock::Handle::SweepDestructionMode, JSC::MarkedBlock::Handle::ScribbleMode, JSC::MarkedBlock::Handle::NewlyAllocatedMode, JSC::MarkedBlock::Handle::MarksMode, JSC::MarkedBlock::Handle::sweep(JSC::FreeList*)::$_0::operator()() const::'lambda0'(JSC::VM&, JSC::JSCell*) const&) /root/WebKit/WebKitBuild/TSan/JavaScriptCore/PrivateHeaders/JavaScriptCore/MarkedBlockInlines.h:256:23 (jsc+0xe4dd8a)
    #2 JSC::MarkedBlock::Handle::sweep(JSC::FreeList*)::$_0::operator()() const /root/WebKit/Source/JavaScriptCore/heap/MarkedBlock.cpp:653:17 (jsc+0xe434ac)
    #3 JSC::MarkedBlock::Handle::sweep(JSC::FreeList*) /root/WebKit/Source/JavaScriptCore/heap/MarkedBlock.cpp:672:9 (jsc+0xe434ac)
    #4 JSC::LocalAllocator::tryAllocateIn(JSC::MarkedBlock::Handle*, unsigned long) /root/WebKit/Source/JavaScriptCore/heap/LocalAllocator.cpp:346:12 (jsc+0xe42676)
    #5 JSC::LocalAllocator::allocateIn(JSC::MarkedBlock::Handle*, unsigned long) /root/WebKit/Source/JavaScriptCore/heap/LocalAllocator.cpp:311:20 (jsc+0xe42309)
    #6 JSC::LocalAllocator::allocateSlowCase(JSC::Heap&, unsigned long, JSC::GCDeferralContext*, JSC::AllocationFailureMode) /root/WebKit/Source/JavaScriptCore/heap/LocalAllocator.cpp:227:14 (jsc+0xe41dbe)
    #7 JSC::LocalAllocator::allocate(JSC::Heap&, unsigned long, JSC::GCDeferralContext*, JSC::AllocationFailureMode)::'lambda'()::operator()() const /root/WebKit/WebKitBuild/TSan/JavaScriptCore/PrivateHeaders/JavaScriptCore/LocalAllocatorInlines.h:53:43 (jsc+0x1d131e)
    #8 JSC::HeapCell* JSC::FreeList::allocateWithCellSize<JSC::LocalAllocator::allocate(JSC::Heap&, unsigned long, JSC::GCDeferralContext*, JSC::AllocationFailureMode)::'lambda'()>(JSC::LocalAllocator::allocate(JSC::Heap&, unsigned long, JSC::GCDeferralContext*, JSC::AllocationFailureMode)::'lambda'() const&, unsigned long) /root/WebKit/Source/JavaScriptCore/heap/FreeListInlines.h:46:16 (jsc+0x19122dc)
    #9 JSC::LocalAllocator::allocate(JSC::Heap&, unsigned long, JSC::GCDeferralContext*, JSC::AllocationFailureMode) /root/WebKit/Source/JavaScriptCore/heap/LocalAllocatorInlines.h:50:23 (jsc+0x19122dc)
    #10 JSC::GCClient::IsoSubspace::allocate(JSC::VM&, unsigned long, JSC::GCDeferralContext*, JSC::AllocationFailureMode) /root/WebKit/Source/JavaScriptCore/heap/IsoSubspaceInlines.h:42:29 (jsc+0x19122dc)
    #11 void* JSC::tryAllocateCellHelper<JSC::Structure, (JSC::AllocationFailureMode)0>(JSC::VM&, unsigned long, JSC::GCDeferralContext*) /root/WebKit/Source/JavaScriptCore/runtime/JSCellInlines.h:212:63 (jsc+0x19122dc)
    #12 void* JSC::allocateCell<JSC::Structure>(JSC::VM&, unsigned long) /root/WebKit/Source/JavaScriptCore/runtime/JSCellInlines.h:232:12 (jsc+0x19122dc)
    #13 JSC::Structure::create(JSC::VM&, JSC::Structure*, JSC::DeferredStructureTransitionWatchpointFire*) /root/WebKit/Source/JavaScriptCore/runtime/StructureInlines.h:56:38 (jsc+0x18feed6)
    #14 JSC::Structure::toDictionaryTransition(JSC::VM&, JSC::Structure*, JSC::Structure::DictionaryKind, JSC::DeferredStructureTransitionWatchpointFire*) /root/WebKit/Source/JavaScriptCore/runtime/Structure.cpp:1319:22 (jsc+0x19035d4)
    #15 JSC::Structure::toUncacheableDictionaryTransition(JSC::VM&, JSC::Structure*, JSC::DeferredStructureTransitionWatchpointFire*) /root/WebKit/Source/JavaScriptCore/runtime/Structure.cpp:1340:12 (jsc+0x18ff622)
    #16 JSC::Structure::removeNewPropertyTransition(JSC::VM&, JSC::Structure*, JSC::PropertyName, int&, JSC::DeferredStructureTransitionWatchpointFire*) /root/WebKit/Source/JavaScriptCore/runtime/Structure.cpp:1005:33 (jsc+0x18ff622)
    #17 JSC::Structure::removePropertyTransition(JSC::VM&, JSC::Structure*, JSC::PropertyName, int&, JSC::DeferredStructureTransitionWatchpointFire*) /root/WebKit/Source/JavaScriptCore/runtime/Structure.cpp:925:12 (jsc+0x18ff45e)
    #18 JSC::deletePropertyNamedConcurrent(JSC::VM&, JSC::JSObject*, JSC::PropertyName, JSC::DeletePropertySlot&) /root/WebKit/Source/JavaScriptCore/runtime/JSObject.cpp:4364:35 (jsc+0x16ac5f2)
    #19 JSC::JSObject::deleteProperty(JSC::JSCell*, JSC::JSGlobalObject*, JSC::PropertyName, JSC::DeletePropertySlot&) /root/WebKit/Source/JavaScriptCore/runtime/JSObject.cpp:4473:16 (jsc+0x16910cf)
    #20 JSC::deleteById(JSC::JSGlobalObject*, JSC::VM&, JSC::DeletePropertySlot&, JSC::JSValue, JSC::PropertyName, JSC::ECMAMode) /root/WebKit/Source/JavaScriptCore/jit/JITOperations.cpp:4316:24 (jsc+0xfca070)
    #21 operationDeleteByIdSloppyGaveUp /root/WebKit/Source/JavaScriptCore/jit/JITOperations.cpp:4384:5 (jsc+0xfc9e28)
    #22 <null> <null> (0x7fc992002fa4)
    #23 JSC::evaluate(JSC::JSGlobalObject*, JSC::SourceCode const&, JSC::JSValue, WTF::NakedPtr<JSC::Exception>&) /root/WebKit/Source/JavaScriptCore/runtime/Completion.cpp:145:37 (jsc+0x13bf753)
    #24 runWithOptions(GlobalObject*, CommandLine&, bool&) /root/WebKit/Source/JavaScriptCore/jsc.cpp:3957:35 (jsc+0x1caf75)
    #25 jscmain(int, char**)::$_0::operator()(JSC::VM&, GlobalObject*, bool&) const /root/WebKit/Source/JavaScriptCore/jsc.cpp:4686:13 (jsc+0x1caf75)
    #26 int runJSC<jscmain(int, char**)::$_0>(CommandLine const&, bool, jscmain(int, char**)::$_0 const&) /root/WebKit/Source/JavaScriptCore/jsc.cpp:4472:13 (jsc+0x1caf75)
    #27 jscmain(int, char**) /root/WebKit/Source/JavaScriptCore/jsc.cpp:4679:18 (jsc+0x1caf75)
    #28 main /root/WebKit/Source/JavaScriptCore/jsc.cpp:3715:15 (jsc+0x1c97b3)

  Thread T1 'JITWorker' (tid=2483793, running) created by main thread at:
    #0 pthread_create /home/runner/work/llvm-project/llvm-project/compiler-rt/lib/tsan/rtl/tsan_interceptors_posix.cpp:1090:3 (jsc+0x13ff1a)
    #1 WTF::Thread::establishHandle(WTF::Thread::NewThreadContext&, WTF::StackAllocationSpecification, WTF::ThreadQOS, WTF::ThreadSchedulingPolicy) /root/WebKit/Source/WTF/wtf/posix/ThreadingPOSIX.cpp:354:17 (jsc+0x2603355)
    #2 WTF::Thread::create(WTF::ASCIILiteral, WTF::Function<void ()>&&, WTF::ThreadType, WTF::ThreadQOS, WTF::ThreadSchedulingPolicy, WTF::StackAllocationSpecification) /root/WebKit/Source/WTF/wtf/Threading.cpp:330:32 (jsc+0x25a97d3)
    #3 WTF::AutomaticThread::start(WTF::AbstractLocker const&) /root/WebKit/Source/WTF/wtf/AutomaticThread.cpp:189:5 (jsc+0x257cfb9)
    #4 WTF::AutomaticThreadCondition::notifyOne(WTF::AbstractLocker const&) /root/WebKit/Source/WTF/wtf/AutomaticThread.cpp:60:21 (jsc+0x257cdb9)
    #5 JSC::JITWorklist::wakeThreads(WTF::AbstractLocker const&, unsigned int) /root/WebKit/Source/JavaScriptCore/jit/JITWorklist.cpp:162:25 (jsc+0x1040736)
    #6 JSC::JITWorklist::enqueue(WTF::Ref<JSC::JITPlan, WTF::RawPtrTraits<JSC::JITPlan>, WTF::DefaultRefDerefTraits<JSC::JITPlan>>) /root/WebKit/Source/JavaScriptCore/jit/JITWorklist.cpp:246:5 (jsc+0x1040f99)
    #7 JSC::LLInt::jitCompileAndSetHeuristics(JSC::VM&, JSC::CodeBlock*) /root/WebKit/Source/JavaScriptCore/llint/LLIntSlowPaths.cpp:497:45 (jsc+0x107ab57)
    #8 llint_replace /root/WebKit/Source/JavaScriptCore/llint/LLIntSlowPaths.cpp:625:9 (jsc+0x107b192)
    #9 llint_op_ret LowLevelInterpreter.cpp (jsc+0x1e0ab8c)
    #10 JSC::evaluate(JSC::JSGlobalObject*, JSC::SourceCode const&, JSC::JSValue, WTF::NakedPtr<JSC::Exception>&) /root/WebKit/Source/JavaScriptCore/runtime/Completion.cpp:145:37 (jsc+0x13bf753)
    #11 runWithOptions(GlobalObject*, CommandLine&, bool&) /root/WebKit/Source/JavaScriptCore/jsc.cpp:3957:35 (jsc+0x1caf75)
    #12 jscmain(int, char**)::$_0::operator()(JSC::VM&, GlobalObject*, bool&) const /root/WebKit/Source/JavaScriptCore/jsc.cpp:4686:13 (jsc+0x1caf75)
    #13 int runJSC<jscmain(int, char**)::$_0>(CommandLine const&, bool, jscmain(int, char**)::$_0 const&) /root/WebKit/Source/JavaScriptCore/jsc.cpp:4472:13 (jsc+0x1caf75)
    #14 jscmain(int, char**) /root/WebKit/Source/JavaScriptCore/jsc.cpp:4679:18 (jsc+0x1caf75)
    #15 main /root/WebKit/Source/JavaScriptCore/jsc.cpp:3715:15 (jsc+0x1c97b3)

SUMMARY: ThreadSanitizer: data race /root/WebKit/Source/JavaScriptCore/runtime/Structure.h:1110:9 in unsigned short JSC::Structure::concurrentRelaxedLoad<unsigned short>(unsigned short const&)
==================
ThreadSanitizer: reported 1 warnings
