JSC: disabling useWasm under GIL-off (wasm glue still reads the raw VM-block exception word; not yet audited for UNGIL §A.1.3 COMPILED-FOR-VM; see AB-17 status block in VMEntryScope.cpp).
==================
WARNING: ThreadSanitizer: data race (pid=3210552)
  Atomic read of size 1 at 0x720c00001b34 by thread T3:
    #0 void JSC::DFG::clobberize<JSC::DFG::NoOpClobberize, JSC::DFG::clobbersHeap(JSC::DFG::Graph&, JSC::DFG::Node*)::$_0, JSC::DFG::NoOpClobberize, void JSC::DFG::clobberize<JSC::DFG::NoOpClobberize, JSC::DFG::clobbersHeap(JSC::DFG::Graph&, JSC::DFG::Node*)::$_0, JSC::DFG::NoOpClobberize>(JSC::DFG::Graph&, JSC::DFG::Node*, JSC::DFG::NoOpClobberize const&, JSC::DFG::clobbersHeap(JSC::DFG::Graph&, JSC::DFG::Node*)::$_0 const&, JSC::DFG::NoOpClobberize const&)::'lambda'()>(JSC::DFG::Graph&, JSC::DFG::Node*, JSC::DFG::NoOpClobberize const&, JSC::DFG::clobbersHeap(JSC::DFG::Graph&, JSC::DFG::Node*)::$_0 const&, JSC::DFG::NoOpClobberize const&, void JSC::DFG::clobberize<JSC::DFG::NoOpClobberize, JSC::DFG::clobbersHeap(JSC::DFG::Graph&, JSC::DFG::Node*)::$_0, JSC::DFG::NoOpClobberize>(JSC::DFG::Graph&, JSC::DFG::Node*, JSC::DFG::NoOpClobberize const&, JSC::DFG::clobbersHeap(JSC::DFG::Graph&, JSC::DFG::Node*)::$_0 const&, JSC::DFG::NoOpClobberize const&)::'lambda'() const&) /root/WebKit/Source/JavaScriptCore/dfg/DFGClobberize.h (jsc+0x614523)
    #1 void JSC::DFG::clobberize<JSC::DFG::NoOpClobberize, JSC::DFG::clobbersHeap(JSC::DFG::Graph&, JSC::DFG::Node*)::$_0, JSC::DFG::NoOpClobberize>(JSC::DFG::Graph&, JSC::DFG::Node*, JSC::DFG::NoOpClobberize const&, JSC::DFG::clobbersHeap(JSC::DFG::Graph&, JSC::DFG::Node*)::$_0 const&, JSC::DFG::NoOpClobberize const&) /root/WebKit/Source/JavaScriptCore/dfg/DFGClobberize.h:45:5 (jsc+0x5f0c3e)
    #2 JSC::DFG::clobbersHeap(JSC::DFG::Graph&, JSC::DFG::Node*) /root/WebKit/Source/JavaScriptCore/dfg/DFGClobberize.cpp:62:5 (jsc+0x5f0c3e)
    #3 JSC::DFG::doesGC(JSC::DFG::Graph&, JSC::DFG::Node*) /root/WebKit/Source/JavaScriptCore/dfg/DFGDoesGC.cpp:39:9 (jsc+0x644124)
    #4 JSC::DFG::(anonymous namespace)::StoreBarrierInsertionPhase<(JSC::DFG::(anonymous namespace)::PhaseMode)0>::handleBlock(JSC::DFG::BasicBlock*) /root/WebKit/Source/JavaScriptCore/dfg/DFGStoreBarrierInsertionPhase.cpp:403:17 (jsc+0xb559e8)
    #5 JSC::DFG::(anonymous namespace)::StoreBarrierInsertionPhase<(JSC::DFG::(anonymous namespace)::PhaseMode)0>::run() /root/WebKit/Source/JavaScriptCore/dfg/DFGStoreBarrierInsertionPhase.cpp:90:17 (jsc+0xb559e8)
    #6 bool JSC::DFG::runAndLog<JSC::DFG::(anonymous namespace)::StoreBarrierInsertionPhase<(JSC::DFG::(anonymous namespace)::PhaseMode)0>>(JSC::DFG::(anonymous namespace)::StoreBarrierInsertionPhase<(JSC::DFG::(anonymous namespace)::PhaseMode)0>&) /root/WebKit/Source/JavaScriptCore/dfg/DFGPhase.h:86:25 (jsc+0xb559e8)
    #7 bool JSC::DFG::runPhase<JSC::DFG::(anonymous namespace)::StoreBarrierInsertionPhase<(JSC::DFG::(anonymous namespace)::PhaseMode)0>>(JSC::DFG::Graph&) /root/WebKit/Source/JavaScriptCore/dfg/DFGPhase.h:99:12 (jsc+0xb559e8)
    #8 JSC::DFG::performFastStoreBarrierInsertion(JSC::DFG::Graph&) /root/WebKit/Source/JavaScriptCore/dfg/DFGStoreBarrierInsertionPhase.cpp:705:12 (jsc+0xb559e8)
    #9 JSC::DFG::Plan::compileInThreadImpl() /root/WebKit/Source/JavaScriptCore/dfg/DFGPlan.cpp:378:9 (jsc+0x8b20f9)
    #10 JSC::JITPlan::compileInThread(JSC::JITWorklistThread*) /root/WebKit/Source/JavaScriptCore/jit/JITPlan.cpp:283:28 (jsc+0xfdf13d)
    #11 JSC::JITWorklistThread::work() /root/WebKit/Source/JavaScriptCore/jit/JITWorklistThread.cpp:145:13 (jsc+0x1049abb)
    #12 WTF::AutomaticThread::start(WTF::AbstractLocker const&)::$_0::operator()() const /root/WebKit/Source/WTF/wtf/AutomaticThread.cpp:260:37 (jsc+0x258a22c)
    #13 WTF::Detail::CallableWrapper<WTF::AutomaticThread::start(WTF::AbstractLocker const&)::$_0, void>::call() /root/WebKit/Source/WTF/wtf/Function.h:59:39 (jsc+0x258a22c)
    #14 WTF::Function<void ()>::operator()() const /root/WebKit/Source/WTF/wtf/Function.h:103:35 (jsc+0x25b5145)
    #15 WTF::Thread::entryPoint(WTF::Thread::NewThreadContext*) /root/WebKit/Source/WTF/wtf/Threading.cpp:312:5 (jsc+0x25b5145)
    #16 WTF::wtfThreadEntryPoint(void*) /root/WebKit/Source/WTF/wtf/posix/ThreadingPOSIX.cpp:264:5 (jsc+0x260f0f9)

  Previous write of size 8 at 0x720c00001b30 by main thread:
    #0 malloc /home/runner/work/llvm-project/llvm-project/compiler-rt/lib/tsan/rtl/tsan_interceptors_posix.cpp:682:5 (jsc+0x13dc20)
    #1 bmalloc::api::malloc(unsigned long, bmalloc::CompactAllocationMode, bmalloc::HeapKind) /root/WebKit/WebKitBuild/TSan/bmalloc/Headers/bmalloc/bmalloc.h:96:20 (jsc+0x2598389)
    #2 WTF::fastMalloc(unsigned long) /root/WebKit/Source/WTF/wtf/FastMalloc.cpp:337:20 (jsc+0x2598389)
    #3 JSC::WatchpointSet::operator new(unsigned long) /root/WebKit/Source/JavaScriptCore/bytecode/Watchpoint.h:223:5 (jsc+0x63e7a9)
    #4 JSC::InferredValue<JSC::JSFunction>::inflateSlow() /root/WebKit/WebKitBuild/TSan/JavaScriptCore/PrivateHeaders/JavaScriptCore/InferredValue.h:456:55 (jsc+0x63e7a9)
    #5 JSC::InferredValue<JSC::JSFunction>::inflate() /root/WebKit/WebKitBuild/TSan/JavaScriptCore/PrivateHeaders/JavaScriptCore/InferredValue.h:256:16 (jsc+0x61d7b2)
    #6 JSC::InferredValue<JSC::JSFunction>::add(JSC::Watchpoint*) /root/WebKit/WebKitBuild/TSan/JavaScriptCore/PrivateHeaders/JavaScriptCore/InferredValue.h:434:5 (jsc+0x61d7b2)
    #7 JSC::DFG::FunctionExecutableAdaptor::add(JSC::CodeBlock*, JSC::FunctionExecutable*, JSC::DFG::WatchpointCollector&)::$_0::operator()(JSC::CodeBlockJettisoningWatchpoint&) const /root/WebKit/Source/JavaScriptCore/dfg/DFGDesiredWatchpoints.cpp:79:33 (jsc+0x61d7b2)
    #8 bool JSC::DFG::WatchpointCollector::addWatchpoint<JSC::DFG::FunctionExecutableAdaptor::add(JSC::CodeBlock*, JSC::FunctionExecutable*, JSC::DFG::WatchpointCollector&)::$_0>(JSC::DFG::FunctionExecutableAdaptor::add(JSC::CodeBlock*, JSC::FunctionExecutable*, JSC::DFG::WatchpointCollector&)::$_0 const&) /root/WebKit/Source/JavaScriptCore/dfg/DFGDesiredWatchpoints.h:79:20 (jsc+0x61d7b2)
    #9 JSC::DFG::FunctionExecutableAdaptor::add(JSC::CodeBlock*, JSC::FunctionExecutable*, JSC::DFG::WatchpointCollector&) /root/WebKit/Source/JavaScriptCore/dfg/DFGDesiredWatchpoints.cpp:73:22 (jsc+0x61d7b2)
    #10 JSC::DFG::GenericDesiredWatchpoints<JSC::FunctionExecutable*, JSC::DFG::FunctionExecutableAdaptor>::reallyAdd(JSC::CodeBlock*, JSC::DFG::WatchpointCollector&) /root/WebKit/Source/JavaScriptCore/dfg/DFGDesiredWatchpoints.h:214:18 (jsc+0x61effb)
    #11 JSC::DFG::DesiredWatchpoints::reallyAdd(JSC::CodeBlock*, JSC::DFG::DesiredIdentifiers&, JSC::DFG::CommonData*) /root/WebKit/Source/JavaScriptCore/dfg/DFGDesiredWatchpoints.cpp:215:32 (jsc+0x61f7aa)
    #12 JSC::DFG::Plan::reallyAdd(JSC::DFG::CommonData*) /root/WebKit/Source/JavaScriptCore/dfg/DFGPlan.cpp:611:24 (jsc+0x8b8550)
    #13 JSC::DFG::Plan::finalize()::$_0::operator()() const /root/WebKit/Source/JavaScriptCore/dfg/DFGPlan.cpp:671:14 (jsc+0x8b8882)
    #14 JSC::DFG::Plan::finalize() /root/WebKit/Source/JavaScriptCore/dfg/DFGPlan.cpp:654:32 (jsc+0x8b8882)
    #15 JSC::JITWorklist::completeAllReadyPlansForVM(JSC::VM&, JSC::JITCompilationKey) /root/WebKit/Source/JavaScriptCore/jit/JITWorklist.cpp:314:15 (jsc+0x1045879)
    #16 operationOptimize /root/WebKit/Source/JavaScriptCore/jit/JITOperations.cpp:3158:76 (jsc+0xfc13c9)
    #17 <null> <null> (0x7ff2e6402138)
    #18 JSC::evaluate(JSC::JSGlobalObject*, JSC::SourceCode const&, JSC::JSValue, WTF::NakedPtr<JSC::Exception>&) /root/WebKit/Source/JavaScriptCore/runtime/Completion.cpp:145:37 (jsc+0x13c37c3)
    #19 runWithOptions(GlobalObject*, CommandLine&, bool&) /root/WebKit/Source/JavaScriptCore/jsc.cpp:3957:35 (jsc+0x1cafc5)
    #20 jscmain(int, char**)::$_0::operator()(JSC::VM&, GlobalObject*, bool&) const /root/WebKit/Source/JavaScriptCore/jsc.cpp:4686:13 (jsc+0x1cafc5)
    #21 int runJSC<jscmain(int, char**)::$_0>(CommandLine const&, bool, jscmain(int, char**)::$_0 const&) /root/WebKit/Source/JavaScriptCore/jsc.cpp:4472:13 (jsc+0x1cafc5)
    #22 jscmain(int, char**) /root/WebKit/Source/JavaScriptCore/jsc.cpp:4679:18 (jsc+0x1cafc5)
    #23 main /root/WebKit/Source/JavaScriptCore/jsc.cpp:3715:15 (jsc+0x1c9803)

  Location is heap block of size 40 at 0x720c00001b30 allocated by main thread:
    #0 malloc /home/runner/work/llvm-project/llvm-project/compiler-rt/lib/tsan/rtl/tsan_interceptors_posix.cpp:682:5 (jsc+0x13dc20)
    #1 bmalloc::api::malloc(unsigned long, bmalloc::CompactAllocationMode, bmalloc::HeapKind) /root/WebKit/WebKitBuild/TSan/bmalloc/Headers/bmalloc/bmalloc.h:96:20 (jsc+0x2598389)
    #2 WTF::fastMalloc(unsigned long) /root/WebKit/Source/WTF/wtf/FastMalloc.cpp:337:20 (jsc+0x2598389)
    #3 JSC::WatchpointSet::operator new(unsigned long) /root/WebKit/Source/JavaScriptCore/bytecode/Watchpoint.h:223:5 (jsc+0x63e7a9)
    #4 JSC::InferredValue<JSC::JSFunction>::inflateSlow() /root/WebKit/WebKitBuild/TSan/JavaScriptCore/PrivateHeaders/JavaScriptCore/InferredValue.h:456:55 (jsc+0x63e7a9)
    #5 JSC::InferredValue<JSC::JSFunction>::inflate() /root/WebKit/WebKitBuild/TSan/JavaScriptCore/PrivateHeaders/JavaScriptCore/InferredValue.h:256:16 (jsc+0x61d7b2)
    #6 JSC::InferredValue<JSC::JSFunction>::add(JSC::Watchpoint*) /root/WebKit/WebKitBuild/TSan/JavaScriptCore/PrivateHeaders/JavaScriptCore/InferredValue.h:434:5 (jsc+0x61d7b2)
    #7 JSC::DFG::FunctionExecutableAdaptor::add(JSC::CodeBlock*, JSC::FunctionExecutable*, JSC::DFG::WatchpointCollector&)::$_0::operator()(JSC::CodeBlockJettisoningWatchpoint&) const /root/WebKit/Source/JavaScriptCore/dfg/DFGDesiredWatchpoints.cpp:79:33 (jsc+0x61d7b2)
    #8 bool JSC::DFG::WatchpointCollector::addWatchpoint<JSC::DFG::FunctionExecutableAdaptor::add(JSC::CodeBlock*, JSC::FunctionExecutable*, JSC::DFG::WatchpointCollector&)::$_0>(JSC::DFG::FunctionExecutableAdaptor::add(JSC::CodeBlock*, JSC::FunctionExecutable*, JSC::DFG::WatchpointCollector&)::$_0 const&) /root/WebKit/Source/JavaScriptCore/dfg/DFGDesiredWatchpoints.h:79:20 (jsc+0x61d7b2)
    #9 JSC::DFG::FunctionExecutableAdaptor::add(JSC::CodeBlock*, JSC::FunctionExecutable*, JSC::DFG::WatchpointCollector&) /root/WebKit/Source/JavaScriptCore/dfg/DFGDesiredWatchpoints.cpp:73:22 (jsc+0x61d7b2)
    #10 JSC::DFG::GenericDesiredWatchpoints<JSC::FunctionExecutable*, JSC::DFG::FunctionExecutableAdaptor>::reallyAdd(JSC::CodeBlock*, JSC::DFG::WatchpointCollector&) /root/WebKit/Source/JavaScriptCore/dfg/DFGDesiredWatchpoints.h:214:18 (jsc+0x61effb)
    #11 JSC::DFG::DesiredWatchpoints::reallyAdd(JSC::CodeBlock*, JSC::DFG::DesiredIdentifiers&, JSC::DFG::CommonData*) /root/WebKit/Source/JavaScriptCore/dfg/DFGDesiredWatchpoints.cpp:215:32 (jsc+0x61f7aa)
    #12 JSC::DFG::Plan::reallyAdd(JSC::DFG::CommonData*) /root/WebKit/Source/JavaScriptCore/dfg/DFGPlan.cpp:611:24 (jsc+0x8b8550)
    #13 JSC::DFG::Plan::finalize()::$_0::operator()() const /root/WebKit/Source/JavaScriptCore/dfg/DFGPlan.cpp:671:14 (jsc+0x8b8882)
    #14 JSC::DFG::Plan::finalize() /root/WebKit/Source/JavaScriptCore/dfg/DFGPlan.cpp:654:32 (jsc+0x8b8882)
    #15 JSC::JITWorklist::completeAllReadyPlansForVM(JSC::VM&, JSC::JITCompilationKey) /root/WebKit/Source/JavaScriptCore/jit/JITWorklist.cpp:314:15 (jsc+0x1045879)
    #16 operationOptimize /root/WebKit/Source/JavaScriptCore/jit/JITOperations.cpp:3158:76 (jsc+0xfc13c9)
    #17 <null> <null> (0x7ff2e6402138)
    #18 JSC::evaluate(JSC::JSGlobalObject*, JSC::SourceCode const&, JSC::JSValue, WTF::NakedPtr<JSC::Exception>&) /root/WebKit/Source/JavaScriptCore/runtime/Completion.cpp:145:37 (jsc+0x13c37c3)
    #19 runWithOptions(GlobalObject*, CommandLine&, bool&) /root/WebKit/Source/JavaScriptCore/jsc.cpp:3957:35 (jsc+0x1cafc5)
    #20 jscmain(int, char**)::$_0::operator()(JSC::VM&, GlobalObject*, bool&) const /root/WebKit/Source/JavaScriptCore/jsc.cpp:4686:13 (jsc+0x1cafc5)
    #21 int runJSC<jscmain(int, char**)::$_0>(CommandLine const&, bool, jscmain(int, char**)::$_0 const&) /root/WebKit/Source/JavaScriptCore/jsc.cpp:4472:13 (jsc+0x1cafc5)
    #22 jscmain(int, char**) /root/WebKit/Source/JavaScriptCore/jsc.cpp:4679:18 (jsc+0x1cafc5)
    #23 main /root/WebKit/Source/JavaScriptCore/jsc.cpp:3715:15 (jsc+0x1c9803)

  Thread T3 'JITWorker' (tid=3210556, running) created by main thread at:
    #0 pthread_create /home/runner/work/llvm-project/llvm-project/compiler-rt/lib/tsan/rtl/tsan_interceptors_posix.cpp:1090:3 (jsc+0x13ff1a)
    #1 WTF::Thread::establishHandle(WTF::Thread::NewThreadContext&, WTF::StackAllocationSpecification, WTF::ThreadQOS, WTF::ThreadSchedulingPolicy) /root/WebKit/Source/WTF/wtf/posix/ThreadingPOSIX.cpp:354:17 (jsc+0x260efe5)
    #2 WTF::Thread::create(WTF::ASCIILiteral, WTF::Function<void ()>&&, WTF::ThreadType, WTF::ThreadQOS, WTF::ThreadSchedulingPolicy, WTF::StackAllocationSpecification) /root/WebKit/Source/WTF/wtf/Threading.cpp:330:32 (jsc+0x25b54a5)
    #3 WTF::AutomaticThread::start(WTF::AbstractLocker const&) /root/WebKit/Source/WTF/wtf/AutomaticThread.cpp:189:5 (jsc+0x2588ca9)
    #4 WTF::AutomaticThreadCondition::notifyOne(WTF::AbstractLocker const&) /root/WebKit/Source/WTF/wtf/AutomaticThread.cpp:60:21 (jsc+0x2588aa9)
    #5 JSC::JITWorklist::wakeThreads(WTF::AbstractLocker const&, unsigned int) /root/WebKit/Source/JavaScriptCore/jit/JITWorklist.cpp:162:25 (jsc+0x1043dd6)
    #6 JSC::JITWorklist::enqueue(WTF::Ref<JSC::JITPlan, WTF::RawPtrTraits<JSC::JITPlan>, WTF::DefaultRefDerefTraits<JSC::JITPlan>>) /root/WebKit/Source/JavaScriptCore/jit/JITWorklist.cpp:245:5 (jsc+0x1044642)
    #7 JSC::LLInt::jitCompileAndSetHeuristics(JSC::VM&, JSC::CodeBlock*) /root/WebKit/Source/JavaScriptCore/llint/LLIntSlowPaths.cpp:501:45 (jsc+0x107e377)
    #8 JSC::LLInt::entryOSR(JSC::CodeBlock*, char const*, JSC::LLInt::EntryKind) /root/WebKit/Source/JavaScriptCore/llint/LLIntSlowPaths.cpp:523:10 (jsc+0x107d5b2)
    #9 llint_entry_osr_function_for_call /root/WebKit/Source/JavaScriptCore/llint/LLIntSlowPaths.cpp:550:12 (jsc+0x107d812)
    #10 llint_function_for_call_prologue LowLevelInterpreter.cpp (jsc+0x1e04c9e)
    #11 JSC::evaluate(JSC::JSGlobalObject*, JSC::SourceCode const&, JSC::JSValue, WTF::NakedPtr<JSC::Exception>&) /root/WebKit/Source/JavaScriptCore/runtime/Completion.cpp:145:37 (jsc+0x13c37c3)
    #12 runWithOptions(GlobalObject*, CommandLine&, bool&) /root/WebKit/Source/JavaScriptCore/jsc.cpp:3957:35 (jsc+0x1cafc5)
    #13 jscmain(int, char**)::$_0::operator()(JSC::VM&, GlobalObject*, bool&) const /root/WebKit/Source/JavaScriptCore/jsc.cpp:4686:13 (jsc+0x1cafc5)
    #14 int runJSC<jscmain(int, char**)::$_0>(CommandLine const&, bool, jscmain(int, char**)::$_0 const&) /root/WebKit/Source/JavaScriptCore/jsc.cpp:4472:13 (jsc+0x1cafc5)
    #15 jscmain(int, char**) /root/WebKit/Source/JavaScriptCore/jsc.cpp:4679:18 (jsc+0x1cafc5)
    #16 main /root/WebKit/Source/JavaScriptCore/jsc.cpp:3715:15 (jsc+0x1c9803)

SUMMARY: ThreadSanitizer: data race /root/WebKit/Source/JavaScriptCore/dfg/DFGClobberize.h in void JSC::DFG::clobberize<JSC::DFG::NoOpClobberize, JSC::DFG::clobbersHeap(JSC::DFG::Graph&, JSC::DFG::Node*)::$_0, JSC::DFG::NoOpClobberize, void JSC::DFG::clobberize<JSC::DFG::NoOpClobberize, JSC::DFG::clobbersHeap(JSC::DFG::Graph&, JSC::DFG::Node*)::$_0, JSC::DFG::NoOpClobberize>(JSC::DFG::Graph&, JSC::DFG::Node*, JSC::DFG::NoOpClobberize const&, JSC::DFG::clobbersHeap(JSC::DFG::Graph&, JSC::DFG::Node*)::$_0 const&, JSC::DFG::NoOpClobberize const&)::'lambda'()>(JSC::DFG::Graph&, JSC::DFG::Node*, JSC::DFG::NoOpClobberize const&, JSC::DFG::clobbersHeap(JSC::DFG::Graph&, JSC::DFG::Node*)::$_0 const&, JSC::DFG::NoOpClobberize const&, void JSC::DFG::clobberize<JSC::DFG::NoOpClobberize, JSC::DFG::clobbersHeap(JSC::DFG::Graph&, JSC::DFG::Node*)::$_0, JSC::DFG::NoOpClobberize>(JSC::DFG::Graph&, JSC::DFG::Node*, JSC::DFG::NoOpClobberize const&, JSC::DFG::clobbersHeap(JSC::DFG::Graph&, JSC::DFG::Node*)::$_0 const&, JSC::DFG::NoOpClobberize const&)::'lambda'() const&)
==================
tag-discipline: dfg reached = true
tag-discipline: PASS (validator ran over the corpus)
ThreadSanitizer: reported 1 warnings
