JSC: disabling useWasm under GIL-off (wasm glue still reads the raw VM-block exception word; not yet audited for UNGIL §A.1.3 COMPILED-FOR-VM; see AB-17 status block in VMEntryScope.cpp).
==================
WARNING: ThreadSanitizer: data race (pid=3211245)
  Read of size 8 at 0x72a00003d920 by thread T4:
    #0 WTF::RefPtr<WTF::RefCountable<JSC::InlineWatchpointSet>, WTF::RawPtrTraits<WTF::RefCountable<JSC::InlineWatchpointSet>>, WTF::DefaultRefDerefTraits<WTF::RefCountable<JSC::InlineWatchpointSet>>>::operator bool() const /root/WebKit/WebKitBuild/TSan/WTF/Headers/wtf/RefPtr.h:130:47 (jsc+0x144e7c4)
    #1 WTF::Box<JSC::InlineWatchpointSet>::isValid() const /root/WebKit/WebKitBuild/TSan/WTF/Headers/wtf/Box.h:59:53 (jsc+0x144e7c4)
    #2 WTF::Box<JSC::InlineWatchpointSet>::operator bool() const /root/WebKit/WebKitBuild/TSan/WTF/Headers/wtf/Box.h:71:45 (jsc+0x144e7c4)
    #3 JSC::FunctionExecutable::ensurePolyProtoWatchpoint() /root/WebKit/Source/JavaScriptCore/runtime/FunctionExecutable.h:304:14 (jsc+0x144e7c4)
    #4 JSC::ObjectAllocationProfileBase<JSC::ObjectAllocationProfileWithPrototype>::initializeProfile(JSC::VM&, JSC::JSGlobalObject*, JSC::JSCell*, JSC::JSObject*, unsigned int, JSC::JSFunction*, JSC::FunctionRareData*) /root/WebKit/Source/JavaScriptCore/bytecode/ObjectAllocationProfileInlines.h:68:39 (jsc+0x144e015)
    #5 JSC::FunctionRareData::initializeObjectAllocationProfile(JSC::VM&, JSC::JSGlobalObject*, JSC::JSObject*, unsigned long, JSC::JSFunction*)::$_1::operator()(JSC::JSObject*, unsigned long) const /root/WebKit/Source/JavaScriptCore/runtime/FunctionRareData.cpp:135:31 (jsc+0x144c60e)
    #6 JSC::FunctionRareData::initializeObjectAllocationProfile(JSC::VM&, JSC::JSGlobalObject*, JSC::JSObject*, unsigned long, JSC::JSFunction*) /root/WebKit/Source/JavaScriptCore/runtime/FunctionRareData.cpp:182:13 (jsc+0x144c101)
    #7 JSC::JSFunction::allocateAndInitializeRareData(JSC::JSGlobalObject*, unsigned long) /root/WebKit/Source/JavaScriptCore/runtime/JSFunction.cpp:196:15 (jsc+0x158c33c)
    #8 JSC::JSFunction::ensureRareDataAndObjectAllocationProfile(JSC::JSGlobalObject*, unsigned int) /root/WebKit/Source/JavaScriptCore/runtime/JSFunctionInlines.h:268:16 (jsc+0x13a2c41)
    #9 slow_path_create_this /root/WebKit/Source/JavaScriptCore/runtime/CommonSlowPaths.cpp:175:80 (jsc+0x13a2c41)
    #10 llint_op_create_this LowLevelInterpreter.cpp (jsc+0x1e1d2a5)
    #11 JSC::Interpreter::executeCall(JSC::JSObject*, JSC::CallData const&, JSC::JSValue, JSC::JSCell*, JSC::ArgList const&) /root/WebKit/Source/JavaScriptCore/interpreter/Interpreter.cpp (jsc+0xe8bd6d)
    #12 JSC::call(JSC::JSGlobalObject*, JSC::JSValue, JSC::CallData const&, JSC::JSValue, JSC::ArgList const&) /root/WebKit/Source/JavaScriptCore/runtime/CallData.cpp:70:27 (jsc+0x1360a71)
    #13 JSC::call(JSC::JSGlobalObject*, JSC::JSValue, JSC::CallData const&, JSC::JSValue, JSC::ArgList const&, WTF::NakedPtr<JSC::Exception>&) /root/WebKit/Source/JavaScriptCore/runtime/CallData.cpp:77:22 (jsc+0x1360a71)
    #14 JSC::threadMain(JSC::VM&, WTF::Ref<JSC::ThreadState, WTF::RawPtrTraits<JSC::ThreadState>, WTF::DefaultRefDerefTraits<JSC::ThreadState>>) /root/WebKit/Source/JavaScriptCore/runtime/ThreadObject.cpp:241:30 (jsc+0x19a439c)
    #15 JSC::constructThread(JSC::JSGlobalObject*, JSC::CallFrame*)::$_0::operator()() /root/WebKit/Source/JavaScriptCore/runtime/ThreadObject.cpp:468:9 (jsc+0x19a439c)
    #16 WTF::Detail::CallableWrapper<JSC::constructThread(JSC::JSGlobalObject*, JSC::CallFrame*)::$_0, void>::call() /root/WebKit/WebKitBuild/TSan/WTF/Headers/wtf/Function.h:59:39 (jsc+0x19a439c)
    #17 WTF::Function<void ()>::operator()() const /root/WebKit/Source/WTF/wtf/Function.h:103:35 (jsc+0x25b5145)
    #18 WTF::Thread::entryPoint(WTF::Thread::NewThreadContext*) /root/WebKit/Source/WTF/wtf/Threading.cpp:312:5 (jsc+0x25b5145)
    #19 WTF::wtfThreadEntryPoint(void*) /root/WebKit/Source/WTF/wtf/posix/ThreadingPOSIX.cpp:264:5 (jsc+0x260f0f9)

  Previous write of size 8 at 0x72a00003d920 by thread T1:
    #0 std::enable_if<__and_<std::__not_<std::__is_tuple_like<WTF::RefCountable<JSC::InlineWatchpointSet>*>>, std::is_move_constructible<WTF::RefCountable<JSC::InlineWatchpointSet>*>, std::is_move_assignable<WTF::RefCountable<JSC::InlineWatchpointSet>*>>::value, void>::type std::swap<WTF::RefCountable<JSC::InlineWatchpointSet>*>(WTF::RefCountable<JSC::InlineWatchpointSet>*&, WTF::RefCountable<JSC::InlineWatchpointSet>*&) /usr/lib/gcc/x86_64-amazon-linux/14/../../../../include/c++/14/bits/move.h:235:11 (jsc+0x144e808)
    #1 WTF::RawPtrTraits<WTF::RefCountable<JSC::InlineWatchpointSet>>::swap(WTF::RefCountable<JSC::InlineWatchpointSet>*&, WTF::RefCountable<JSC::InlineWatchpointSet>*&) /root/WebKit/WebKitBuild/TSan/WTF/Headers/wtf/RawPtrTraits.h:43:70 (jsc+0x144e808)
    #2 void WTF::RefPtr<WTF::RefCountable<JSC::InlineWatchpointSet>, WTF::RawPtrTraits<WTF::RefCountable<JSC::InlineWatchpointSet>>, WTF::DefaultRefDerefTraits<WTF::RefCountable<JSC::InlineWatchpointSet>>>::swap<WTF::RefCountable<JSC::InlineWatchpointSet>, WTF::RawPtrTraits<WTF::RefCountable<JSC::InlineWatchpointSet>>, WTF::DefaultRefDerefTraits<WTF::RefCountable<JSC::InlineWatchpointSet>>>(WTF::RefPtr<WTF::RefCountable<JSC::InlineWatchpointSet>, WTF::RawPtrTraits<WTF::RefCountable<JSC::InlineWatchpointSet>>, WTF::DefaultRefDerefTraits<WTF::RefCountable<JSC::InlineWatchpointSet>>>&) /root/WebKit/WebKitBuild/TSan/WTF/Headers/wtf/RefPtr.h:244:5 (jsc+0x144e808)
    #3 WTF::RefPtr<WTF::RefCountable<JSC::InlineWatchpointSet>, WTF::RawPtrTraits<WTF::RefCountable<JSC::InlineWatchpointSet>>, WTF::DefaultRefDerefTraits<WTF::RefCountable<JSC::InlineWatchpointSet>>>::operator=(WTF::RefPtr<WTF::RefCountable<JSC::InlineWatchpointSet>, WTF::RawPtrTraits<WTF::RefCountable<JSC::InlineWatchpointSet>>, WTF::DefaultRefDerefTraits<WTF::RefCountable<JSC::InlineWatchpointSet>>>&&) /root/WebKit/WebKitBuild/TSan/WTF/Headers/wtf/RefPtr.h:218:5 (jsc+0x144e808)
    #4 WTF::Box<JSC::InlineWatchpointSet>::operator=(WTF::Box<JSC::InlineWatchpointSet>&&) /root/WebKit/WebKitBuild/TSan/WTF/Headers/wtf/Box.h:48:35 (jsc+0x144e808)
    #5 JSC::FunctionExecutable::ensurePolyProtoWatchpoint() /root/WebKit/Source/JavaScriptCore/runtime/FunctionExecutable.h:305:35 (jsc+0x144e808)
    #6 JSC::ObjectAllocationProfileBase<JSC::ObjectAllocationProfileWithPrototype>::initializeProfile(JSC::VM&, JSC::JSGlobalObject*, JSC::JSCell*, JSC::JSObject*, unsigned int, JSC::JSFunction*, JSC::FunctionRareData*) /root/WebKit/Source/JavaScriptCore/bytecode/ObjectAllocationProfileInlines.h:68:39 (jsc+0x144e015)
    #7 JSC::FunctionRareData::initializeObjectAllocationProfile(JSC::VM&, JSC::JSGlobalObject*, JSC::JSObject*, unsigned long, JSC::JSFunction*)::$_1::operator()(JSC::JSObject*, unsigned long) const /root/WebKit/Source/JavaScriptCore/runtime/FunctionRareData.cpp:135:31 (jsc+0x144c60e)
    #8 JSC::FunctionRareData::initializeObjectAllocationProfile(JSC::VM&, JSC::JSGlobalObject*, JSC::JSObject*, unsigned long, JSC::JSFunction*) /root/WebKit/Source/JavaScriptCore/runtime/FunctionRareData.cpp:182:13 (jsc+0x144c101)
    #9 JSC::JSFunction::allocateAndInitializeRareData(JSC::JSGlobalObject*, unsigned long) /root/WebKit/Source/JavaScriptCore/runtime/JSFunction.cpp:196:15 (jsc+0x158c33c)
    #10 JSC::JSFunction::ensureRareDataAndObjectAllocationProfile(JSC::JSGlobalObject*, unsigned int) /root/WebKit/Source/JavaScriptCore/runtime/JSFunctionInlines.h:268:16 (jsc+0x13a2c41)
    #11 slow_path_create_this /root/WebKit/Source/JavaScriptCore/runtime/CommonSlowPaths.cpp:175:80 (jsc+0x13a2c41)
    #12 llint_op_create_this LowLevelInterpreter.cpp (jsc+0x1e1d2a5)
    #13 JSC::Interpreter::executeCall(JSC::JSObject*, JSC::CallData const&, JSC::JSValue, JSC::JSCell*, JSC::ArgList const&) /root/WebKit/Source/JavaScriptCore/interpreter/Interpreter.cpp (jsc+0xe8bd6d)
    #14 JSC::call(JSC::JSGlobalObject*, JSC::JSValue, JSC::CallData const&, JSC::JSValue, JSC::ArgList const&) /root/WebKit/Source/JavaScriptCore/runtime/CallData.cpp:70:27 (jsc+0x1360a71)
    #15 JSC::call(JSC::JSGlobalObject*, JSC::JSValue, JSC::CallData const&, JSC::JSValue, JSC::ArgList const&, WTF::NakedPtr<JSC::Exception>&) /root/WebKit/Source/JavaScriptCore/runtime/CallData.cpp:77:22 (jsc+0x1360a71)
    #16 JSC::threadMain(JSC::VM&, WTF::Ref<JSC::ThreadState, WTF::RawPtrTraits<JSC::ThreadState>, WTF::DefaultRefDerefTraits<JSC::ThreadState>>) /root/WebKit/Source/JavaScriptCore/runtime/ThreadObject.cpp:241:30 (jsc+0x19a439c)
    #17 JSC::constructThread(JSC::JSGlobalObject*, JSC::CallFrame*)::$_0::operator()() /root/WebKit/Source/JavaScriptCore/runtime/ThreadObject.cpp:468:9 (jsc+0x19a439c)
    #18 WTF::Detail::CallableWrapper<JSC::constructThread(JSC::JSGlobalObject*, JSC::CallFrame*)::$_0, void>::call() /root/WebKit/WebKitBuild/TSan/WTF/Headers/wtf/Function.h:59:39 (jsc+0x19a439c)
    #19 WTF::Function<void ()>::operator()() const /root/WebKit/Source/WTF/wtf/Function.h:103:35 (jsc+0x25b5145)
    #20 WTF::Thread::entryPoint(WTF::Thread::NewThreadContext*) /root/WebKit/Source/WTF/wtf/Threading.cpp:312:5 (jsc+0x25b5145)
    #21 WTF::wtfThreadEntryPoint(void*) /root/WebKit/Source/WTF/wtf/posix/ThreadingPOSIX.cpp:264:5 (jsc+0x260f0f9)

  Location is heap block of size 16384 at 0x72a00003c000 allocated by main thread:
    #0 aligned_alloc /home/runner/work/llvm-project/llvm-project/compiler-rt/lib/tsan/rtl/tsan_interceptors_posix.cpp:885:3 (jsc+0x13f40e)
    #1 bmalloc::api::tryMemalign(unsigned long, unsigned long, bmalloc::CompactAllocationMode, bmalloc::HeapKind) /root/WebKit/WebKitBuild/TSan/bmalloc/Headers/bmalloc/bmalloc.h:158:12 (jsc+0x25985d0)
    #2 WTF::tryFastCompactAlignedMalloc(unsigned long, unsigned long) /root/WebKit/Source/WTF/wtf/FastMalloc.cpp:553:20 (jsc+0x25985d0)
    #3 JSC::FastMallocAlignedMemoryAllocator::tryAllocateAlignedMemory(unsigned long, unsigned long) /root/WebKit/Source/JavaScriptCore/heap/FastMallocAlignedMemoryAllocator.cpp:47:12 (jsc+0xdbd7b0)
    #4 JSC::MarkedBlock::tryCreate(JSC::Heap&, JSC::AlignedMemoryAllocator*) /root/WebKit/Source/JavaScriptCore/heap/MarkedBlock.cpp:138:48 (jsc+0xe4a4d8)
    #5 JSC::BlockDirectory::tryAllocateBlock(WTF::AbstractLocker const&, JSC::Heap&) /root/WebKit/Source/JavaScriptCore/heap/BlockDirectory.cpp:158:35 (jsc+0xdb49ad)
    #6 JSC::LocalAllocator::allocateSlowCase(JSC::Heap&, unsigned long, JSC::GCDeferralContext*, JSC::AllocationFailureMode) /root/WebKit/Source/JavaScriptCore/heap/LocalAllocator.cpp:221:47 (jsc+0xe4529e)
    #7 JSC::LocalAllocator::allocate(JSC::Heap&, unsigned long, JSC::GCDeferralContext*, JSC::AllocationFailureMode)::'lambda'()::operator()() const /root/WebKit/WebKitBuild/TSan/JavaScriptCore/PrivateHeaders/JavaScriptCore/LocalAllocatorInlines.h:53:43 (jsc+0x1d135e)
    #8 JSC::HeapCell* JSC::FreeList::allocateWithCellSize<JSC::LocalAllocator::allocate(JSC::Heap&, unsigned long, JSC::GCDeferralContext*, JSC::AllocationFailureMode)::'lambda'()>(JSC::LocalAllocator::allocate(JSC::Heap&, unsigned long, JSC::GCDeferralContext*, JSC::AllocationFailureMode)::'lambda'() const&, unsigned long) /root/WebKit/Source/JavaScriptCore/heap/FreeListInlines.h:46:16 (jsc+0x3c3d7f)
    #9 JSC::LocalAllocator::allocate(JSC::Heap&, unsigned long, JSC::GCDeferralContext*, JSC::AllocationFailureMode) /root/WebKit/Source/JavaScriptCore/heap/LocalAllocatorInlines.h:50:23 (jsc+0x3c3d7f)
    #10 JSC::GCClient::IsoSubspace::allocate(JSC::VM&, unsigned long, JSC::GCDeferralContext*, JSC::AllocationFailureMode) /root/WebKit/Source/JavaScriptCore/heap/IsoSubspaceInlines.h:42:29 (jsc+0x3c3d7f)
    #11 void* JSC::tryAllocateCellHelper<JSC::FunctionExecutable, (JSC::AllocationFailureMode)0>(JSC::VM&, unsigned long, JSC::GCDeferralContext*) /root/WebKit/Source/JavaScriptCore/runtime/JSCellInlines.h:212:63 (jsc+0x3c3d7f)
    #12 void* JSC::allocateCell<JSC::FunctionExecutable>(JSC::VM&, unsigned long) /root/WebKit/Source/JavaScriptCore/runtime/JSCellInlines.h:232:12 (jsc+0x3c3d7f)
    #13 JSC::FunctionExecutable::create(JSC::VM&, JSC::ScriptExecutable*, JSC::SourceCode const&, JSC::UnlinkedFunctionExecutable*, JSC::Intrinsic, bool) /root/WebKit/Source/JavaScriptCore/runtime/FunctionExecutable.h:53:56 (jsc+0x3c1375)
    #14 JSC::UnlinkedFunctionExecutable::link(JSC::VM&, JSC::ScriptExecutable*, JSC::SourceCode const&, std::optional<int>, JSC::Intrinsic, bool) /root/WebKit/Source/JavaScriptCore/bytecode/UnlinkedFunctionExecutable.cpp:290:34 (jsc+0x3c1375)
    #15 JSC::arrayPrototypeReduceRightCodeGenerator(JSC::VM&) /root/WebKit/WebKitBuild/TSan/JavaScriptCore/DerivedSources/JSCBuiltins.cpp:1251:1 (jsc+0x1e676ae)
    #16 JSC::ArrayPrototype::finishCreation(JSC::VM&, JSC::JSGlobalObject*) /root/WebKit/Source/JavaScriptCore/runtime/ArrayPrototype.cpp:129:5 (jsc+0x1316688)
    #17 JSC::ArrayPrototype::create(JSC::VM&, JSC::JSGlobalObject*, JSC::Structure*) /root/WebKit/Source/JavaScriptCore/runtime/ArrayPrototype.cpp:88:16 (jsc+0x13150cf)
    #18 JSC::JSGlobalObject::init(JSC::VM&) /root/WebKit/Source/JavaScriptCore/runtime/JSGlobalObject.cpp:1754:36 (jsc+0x15ab079)
    #19 JSC::JSGlobalObject::finishCreation(JSC::VM&) /root/WebKit/Source/JavaScriptCore/runtime/JSGlobalObject.cpp:4439:5 (jsc+0x15d027b)
    #20 GlobalObject::finishCreation(JSC::VM&, WTF::Vector<WTF::String, 0ul, WTF::CrashOnOverflow, 16ul, WTF::FastMalloc> const&) /root/WebKit/Source/JavaScriptCore/jsc.cpp:640:15 (jsc+0x1e91fa)
    #21 GlobalObject::create(JSC::VM&, JSC::Structure*, WTF::Vector<WTF::String, 0ul, WTF::CrashOnOverflow, 16ul, WTF::FastMalloc> const&) /root/WebKit/Source/JavaScriptCore/jsc.cpp:566:17 (jsc+0x1ca0bf)
    #22 int runJSC<jscmain(int, char**)::$_0>(CommandLine const&, bool, jscmain(int, char**)::$_0 const&) /root/WebKit/Source/JavaScriptCore/jsc.cpp:4464:28 (jsc+0x1ca0bf)
    #23 jscmain(int, char**) /root/WebKit/Source/JavaScriptCore/jsc.cpp:4679:18 (jsc+0x1ca0bf)
    #24 main /root/WebKit/Source/JavaScriptCore/jsc.cpp:3715:15 (jsc+0x1c9803)

  Thread T4 'JS Thread' (tid=3211253, running) created by main thread at:
    #0 pthread_create /home/runner/work/llvm-project/llvm-project/compiler-rt/lib/tsan/rtl/tsan_interceptors_posix.cpp:1090:3 (jsc+0x13ff1a)
    #1 WTF::Thread::establishHandle(WTF::Thread::NewThreadContext&, WTF::StackAllocationSpecification, WTF::ThreadQOS, WTF::ThreadSchedulingPolicy) /root/WebKit/Source/WTF/wtf/posix/ThreadingPOSIX.cpp:354:17 (jsc+0x260efe5)
    #2 WTF::Thread::create(WTF::ASCIILiteral, WTF::Function<void ()>&&, WTF::ThreadType, WTF::ThreadQOS, WTF::ThreadSchedulingPolicy, WTF::StackAllocationSpecification) /root/WebKit/Source/WTF/wtf/Threading.cpp:330:32 (jsc+0x25b54a5)
    #3 JSC::constructThread(JSC::JSGlobalObject*, JSC::CallFrame*) /root/WebKit/Source/JavaScriptCore/runtime/ThreadObject.cpp:467:5 (jsc+0x199c92f)
    #4 <null> <null> (0x7fc7e8bff217)
    #5 JSC::evaluate(JSC::JSGlobalObject*, JSC::SourceCode const&, JSC::JSValue, WTF::NakedPtr<JSC::Exception>&) /root/WebKit/Source/JavaScriptCore/runtime/Completion.cpp:145:37 (jsc+0x13c37c3)
    #6 runWithOptions(GlobalObject*, CommandLine&, bool&) /root/WebKit/Source/JavaScriptCore/jsc.cpp:3957:35 (jsc+0x1cafc5)
    #7 jscmain(int, char**)::$_0::operator()(JSC::VM&, GlobalObject*, bool&) const /root/WebKit/Source/JavaScriptCore/jsc.cpp:4686:13 (jsc+0x1cafc5)
    #8 int runJSC<jscmain(int, char**)::$_0>(CommandLine const&, bool, jscmain(int, char**)::$_0 const&) /root/WebKit/Source/JavaScriptCore/jsc.cpp:4472:13 (jsc+0x1cafc5)
    #9 jscmain(int, char**) /root/WebKit/Source/JavaScriptCore/jsc.cpp:4679:18 (jsc+0x1cafc5)
    #10 main /root/WebKit/Source/JavaScriptCore/jsc.cpp:3715:15 (jsc+0x1c9803)

  Thread T1 'JS Thread' (tid=3211250, running) created by main thread at:
    #0 pthread_create /home/runner/work/llvm-project/llvm-project/compiler-rt/lib/tsan/rtl/tsan_interceptors_posix.cpp:1090:3 (jsc+0x13ff1a)
    #1 WTF::Thread::establishHandle(WTF::Thread::NewThreadContext&, WTF::StackAllocationSpecification, WTF::ThreadQOS, WTF::ThreadSchedulingPolicy) /root/WebKit/Source/WTF/wtf/posix/ThreadingPOSIX.cpp:354:17 (jsc+0x260efe5)
    #2 WTF::Thread::create(WTF::ASCIILiteral, WTF::Function<void ()>&&, WTF::ThreadType, WTF::ThreadQOS, WTF::ThreadSchedulingPolicy, WTF::StackAllocationSpecification) /root/WebKit/Source/WTF/wtf/Threading.cpp:330:32 (jsc+0x25b54a5)
    #3 JSC::constructThread(JSC::JSGlobalObject*, JSC::CallFrame*) /root/WebKit/Source/JavaScriptCore/runtime/ThreadObject.cpp:467:5 (jsc+0x199c92f)
    #4 <null> <null> (0x7fc7e8bff217)
    #5 JSC::evaluate(JSC::JSGlobalObject*, JSC::SourceCode const&, JSC::JSValue, WTF::NakedPtr<JSC::Exception>&) /root/WebKit/Source/JavaScriptCore/runtime/Completion.cpp:145:37 (jsc+0x13c37c3)
    #6 runWithOptions(GlobalObject*, CommandLine&, bool&) /root/WebKit/Source/JavaScriptCore/jsc.cpp:3957:35 (jsc+0x1cafc5)
    #7 jscmain(int, char**)::$_0::operator()(JSC::VM&, GlobalObject*, bool&) const /root/WebKit/Source/JavaScriptCore/jsc.cpp:4686:13 (jsc+0x1cafc5)
    #8 int runJSC<jscmain(int, char**)::$_0>(CommandLine const&, bool, jscmain(int, char**)::$_0 const&) /root/WebKit/Source/JavaScriptCore/jsc.cpp:4472:13 (jsc+0x1cafc5)
    #9 jscmain(int, char**) /root/WebKit/Source/JavaScriptCore/jsc.cpp:4679:18 (jsc+0x1cafc5)
    #10 main /root/WebKit/Source/JavaScriptCore/jsc.cpp:3715:15 (jsc+0x1c9803)

SUMMARY: ThreadSanitizer: data race /root/WebKit/WebKitBuild/TSan/WTF/Headers/wtf/RefPtr.h:130:47 in WTF::RefPtr<WTF::RefCountable<JSC::InlineWatchpointSet>, WTF::RawPtrTraits<WTF::RefCountable<JSC::InlineWatchpointSet>>, WTF::DefaultRefDerefTraits<WTF::RefCountable<JSC::InlineWatchpointSet>>>::operator bool() const
==================
==================
WARNING: ThreadSanitizer: data race (pid=3211245)
  Atomic read of size 8 at 0x72380000e098 by thread T3:
    #0 std::__atomic_base<JSC::Structure*>::load(std::memory_order) const /usr/lib/gcc/x86_64-amazon-linux/14/../../../../include/c++/14/bits/atomic_base.h:833:9 (jsc+0x13a2c5f)
    #1 std::atomic<JSC::Structure*>::load(std::memory_order) const /usr/lib/gcc/x86_64-amazon-linux/14/../../../../include/c++/14/atomic:582:21 (jsc+0x13a2c5f)
    #2 WTF::Atomic<JSC::Structure*>::load(std::memory_order) const /root/WebKit/WebKitBuild/TSan/WTF/Headers/wtf/Atomics.h:55:100 (jsc+0x13a2c5f)
    #3 JSC::Structure* WTF::atomicLoad<JSC::Structure*>(JSC::Structure**, std::memory_order) /root/WebKit/WebKitBuild/TSan/WTF/Headers/wtf/Atomics.h:162:49 (jsc+0x13a2c5f)
    #4 JSC::WriteBarrierBase<JSC::Structure, WTF::RawPtrTraits<JSC::Structure>>::cell() const /root/WebKit/Source/JavaScriptCore/runtime/WriteBarrier.h:165:39 (jsc+0x13a2c5f)
    #5 JSC::WriteBarrierBase<JSC::Structure, WTF::RawPtrTraits<JSC::Structure>>::operator!() const /root/WebKit/Source/JavaScriptCore/runtime/WriteBarrier.h:146:38 (jsc+0x13a2c5f)
    #6 JSC::ObjectAllocationProfileBase<JSC::ObjectAllocationProfileWithPrototype>::isNull() /root/WebKit/Source/JavaScriptCore/bytecode/ObjectAllocationProfile.h:47:28 (jsc+0x13a2c5f)
    #7 JSC::FunctionRareData::isObjectAllocationProfileInitialized() /root/WebKit/Source/JavaScriptCore/runtime/FunctionRareData.h:94:85 (jsc+0x13a2c5f)
    #8 JSC::JSFunction::ensureRareDataAndObjectAllocationProfile(JSC::JSGlobalObject*, unsigned int) /root/WebKit/Source/JavaScriptCore/runtime/JSFunctionInlines.h:269:20 (jsc+0x13a2c5f)
    #9 slow_path_create_this /root/WebKit/Source/JavaScriptCore/runtime/CommonSlowPaths.cpp:175:80 (jsc+0x13a2c5f)
    #10 llint_op_create_this LowLevelInterpreter.cpp (jsc+0x1e1d2a5)
    #11 JSC::Interpreter::executeCall(JSC::JSObject*, JSC::CallData const&, JSC::JSValue, JSC::JSCell*, JSC::ArgList const&) /root/WebKit/Source/JavaScriptCore/interpreter/Interpreter.cpp (jsc+0xe8bd6d)
    #12 JSC::call(JSC::JSGlobalObject*, JSC::JSValue, JSC::CallData const&, JSC::JSValue, JSC::ArgList const&) /root/WebKit/Source/JavaScriptCore/runtime/CallData.cpp:70:27 (jsc+0x1360a71)
    #13 JSC::call(JSC::JSGlobalObject*, JSC::JSValue, JSC::CallData const&, JSC::JSValue, JSC::ArgList const&, WTF::NakedPtr<JSC::Exception>&) /root/WebKit/Source/JavaScriptCore/runtime/CallData.cpp:77:22 (jsc+0x1360a71)
    #14 JSC::threadMain(JSC::VM&, WTF::Ref<JSC::ThreadState, WTF::RawPtrTraits<JSC::ThreadState>, WTF::DefaultRefDerefTraits<JSC::ThreadState>>) /root/WebKit/Source/JavaScriptCore/runtime/ThreadObject.cpp:241:30 (jsc+0x19a439c)
    #15 JSC::constructThread(JSC::JSGlobalObject*, JSC::CallFrame*)::$_0::operator()() /root/WebKit/Source/JavaScriptCore/runtime/ThreadObject.cpp:468:9 (jsc+0x19a439c)
    #16 WTF::Detail::CallableWrapper<JSC::constructThread(JSC::JSGlobalObject*, JSC::CallFrame*)::$_0, void>::call() /root/WebKit/WebKitBuild/TSan/WTF/Headers/wtf/Function.h:59:39 (jsc+0x19a439c)
    #17 WTF::Function<void ()>::operator()() const /root/WebKit/Source/WTF/wtf/Function.h:103:35 (jsc+0x25b5145)
    #18 WTF::Thread::entryPoint(WTF::Thread::NewThreadContext*) /root/WebKit/Source/WTF/wtf/Threading.cpp:312:5 (jsc+0x25b5145)
    #19 WTF::wtfThreadEntryPoint(void*) /root/WebKit/Source/WTF/wtf/posix/ThreadingPOSIX.cpp:264:5 (jsc+0x260f0f9)

  Previous write of size 8 at 0x72380000e098 by thread T4:
    #0 JSC::Structure* std::__exchange<JSC::Structure*, JSC::Structure*&>(JSC::Structure*&, JSC::Structure*&) /usr/lib/gcc/x86_64-amazon-linux/14/../../../../include/c++/14/bits/move.h:190:13 (jsc+0x144e4cb)
    #1 JSC::Structure* std::exchange<JSC::Structure*, JSC::Structure*&>(JSC::Structure*&, JSC::Structure*&) /usr/lib/gcc/x86_64-amazon-linux/14/../../../../include/c++/14/utility:110:14 (jsc+0x144e4cb)
    #2 JSC::Structure* WTF::RawPtrTraits<JSC::Structure>::exchange<JSC::Structure*&>(JSC::Structure*&, JSC::Structure*&) /root/WebKit/WebKitBuild/TSan/WTF/Headers/wtf/RawPtrTraits.h:41:79 (jsc+0x144e4cb)
    #3 JSC::WriteBarrierBase<JSC::Structure, WTF::RawPtrTraits<JSC::Structure>>::setEarlyValue(JSC::VM&, JSC::JSCell const*, JSC::Structure*) /root/WebKit/WebKitBuild/TSan/JavaScriptCore/PrivateHeaders/JavaScriptCore/WriteBarrierInlines.h:54:5 (jsc+0x144e4cb)
    #4 JSC::WriteBarrierBase<JSC::Structure, WTF::RawPtrTraits<JSC::Structure>>::set(JSC::VM&, JSC::JSCell const*, JSC::Structure*) /root/WebKit/WebKitBuild/TSan/JavaScriptCore/PrivateHeaders/JavaScriptCore/WriteBarrierInlines.h:40:5 (jsc+0x144e4cb)
    #5 JSC::ObjectAllocationProfileBase<JSC::ObjectAllocationProfileWithPrototype>::initializeProfile(JSC::VM&, JSC::JSGlobalObject*, JSC::JSCell*, JSC::JSObject*, unsigned int, JSC::JSFunction*, JSC::FunctionRareData*) /root/WebKit/Source/JavaScriptCore/bytecode/ObjectAllocationProfileInlines.h:146:17 (jsc+0x144e4cb)
    #6 JSC::FunctionRareData::initializeObjectAllocationProfile(JSC::VM&, JSC::JSGlobalObject*, JSC::JSObject*, unsigned long, JSC::JSFunction*)::$_1::operator()(JSC::JSObject*, unsigned long) const /root/WebKit/Source/JavaScriptCore/runtime/FunctionRareData.cpp:135:31 (jsc+0x144c60e)
    #7 JSC::FunctionRareData::initializeObjectAllocationProfile(JSC::VM&, JSC::JSGlobalObject*, JSC::JSObject*, unsigned long, JSC::JSFunction*) /root/WebKit/Source/JavaScriptCore/runtime/FunctionRareData.cpp:182:13 (jsc+0x144c101)
    #8 JSC::JSFunction::allocateAndInitializeRareData(JSC::JSGlobalObject*, unsigned long) /root/WebKit/Source/JavaScriptCore/runtime/JSFunction.cpp:196:15 (jsc+0x158c33c)
    #9 JSC::JSFunction::ensureRareDataAndObjectAllocationProfile(JSC::JSGlobalObject*, unsigned int) /root/WebKit/Source/JavaScriptCore/runtime/JSFunctionInlines.h:268:16 (jsc+0x13a2c41)
    #10 slow_path_create_this /root/WebKit/Source/JavaScriptCore/runtime/CommonSlowPaths.cpp:175:80 (jsc+0x13a2c41)
    #11 llint_op_create_this LowLevelInterpreter.cpp (jsc+0x1e1d2a5)
    #12 JSC::Interpreter::executeCall(JSC::JSObject*, JSC::CallData const&, JSC::JSValue, JSC::JSCell*, JSC::ArgList const&) /root/WebKit/Source/JavaScriptCore/interpreter/Interpreter.cpp (jsc+0xe8bd6d)
    #13 JSC::call(JSC::JSGlobalObject*, JSC::JSValue, JSC::CallData const&, JSC::JSValue, JSC::ArgList const&) /root/WebKit/Source/JavaScriptCore/runtime/CallData.cpp:70:27 (jsc+0x1360a71)
    #14 JSC::call(JSC::JSGlobalObject*, JSC::JSValue, JSC::CallData const&, JSC::JSValue, JSC::ArgList const&, WTF::NakedPtr<JSC::Exception>&) /root/WebKit/Source/JavaScriptCore/runtime/CallData.cpp:77:22 (jsc+0x1360a71)
    #15 JSC::threadMain(JSC::VM&, WTF::Ref<JSC::ThreadState, WTF::RawPtrTraits<JSC::ThreadState>, WTF::DefaultRefDerefTraits<JSC::ThreadState>>) /root/WebKit/Source/JavaScriptCore/runtime/ThreadObject.cpp:241:30 (jsc+0x19a439c)
    #16 JSC::constructThread(JSC::JSGlobalObject*, JSC::CallFrame*)::$_0::operator()() /root/WebKit/Source/JavaScriptCore/runtime/ThreadObject.cpp:468:9 (jsc+0x19a439c)
    #17 WTF::Detail::CallableWrapper<JSC::constructThread(JSC::JSGlobalObject*, JSC::CallFrame*)::$_0, void>::call() /root/WebKit/WebKitBuild/TSan/WTF/Headers/wtf/Function.h:59:39 (jsc+0x19a439c)
    #18 WTF::Function<void ()>::operator()() const /root/WebKit/Source/WTF/wtf/Function.h:103:35 (jsc+0x25b5145)
    #19 WTF::Thread::entryPoint(WTF::Thread::NewThreadContext*) /root/WebKit/Source/WTF/wtf/Threading.cpp:312:5 (jsc+0x25b5145)
    #20 WTF::wtfThreadEntryPoint(void*) /root/WebKit/Source/WTF/wtf/posix/ThreadingPOSIX.cpp:264:5 (jsc+0x260f0f9)

  Location is heap block of size 216 at 0x72380000e000 allocated by thread T4:
    #0 malloc /home/runner/work/llvm-project/llvm-project/compiler-rt/lib/tsan/rtl/tsan_interceptors_posix.cpp:682:5 (jsc+0x13dc20)
    #1 bmalloc::api::tryMalloc(unsigned long, bmalloc::CompactAllocationMode, bmalloc::HeapKind) /root/WebKit/WebKitBuild/TSan/bmalloc/Headers/bmalloc/bmalloc.h:76:12 (jsc+0x259860d)
    #2 WTF::tryFastCompactMalloc(unsigned long) /root/WebKit/Source/WTF/wtf/FastMalloc.cpp:566:20 (jsc+0x259860d)
    #3 WTF::FastCompactMalloc::tryMalloc(unsigned long) /root/WebKit/WebKitBuild/TSan/WTF/Headers/wtf/FastMalloc.h:291:23 (jsc+0xdbd875)
    #4 JSC::FastMallocAlignedMemoryAllocator::tryAllocateMemory(unsigned long) /root/WebKit/Source/JavaScriptCore/heap/FastMallocAlignedMemoryAllocator.cpp:72:12 (jsc+0xdbd875)
    #5 JSC::PreciseAllocation::tryCreateForLowerTierPrecise(JSC::Heap&, unsigned long, JSC::Subspace*, unsigned char) /root/WebKit/Source/JavaScriptCore/heap/PreciseAllocation.cpp:173:55 (jsc+0xe596b3)
    #6 JSC::IsoSubspace::tryAllocateLowerTierPrecise(unsigned long) /root/WebKit/Source/JavaScriptCore/heap/IsoSubspace.cpp:108:41 (jsc+0xe33121)
    #7 JSC::LocalAllocator::allocateSlowCase(JSC::Heap&, unsigned long, JSC::GCDeferralContext*, JSC::AllocationFailureMode) /root/WebKit/Source/JavaScriptCore/heap/LocalAllocator.cpp:215:65 (jsc+0xe45277)
    #8 JSC::LocalAllocator::allocate(JSC::Heap&, unsigned long, JSC::GCDeferralContext*, JSC::AllocationFailureMode)::'lambda'()::operator()() const /root/WebKit/WebKitBuild/TSan/JavaScriptCore/PrivateHeaders/JavaScriptCore/LocalAllocatorInlines.h:53:43 (jsc+0x1d135e)
    #9 JSC::HeapCell* JSC::FreeList::allocateWithCellSize<JSC::LocalAllocator::allocate(JSC::Heap&, unsigned long, JSC::GCDeferralContext*, JSC::AllocationFailureMode)::'lambda'()>(JSC::LocalAllocator::allocate(JSC::Heap&, unsigned long, JSC::GCDeferralContext*, JSC::AllocationFailureMode)::'lambda'() const&, unsigned long) /root/WebKit/Source/JavaScriptCore/heap/FreeListInlines.h:46:16 (jsc+0x144b8d7)
    #10 JSC::LocalAllocator::allocate(JSC::Heap&, unsigned long, JSC::GCDeferralContext*, JSC::AllocationFailureMode) /root/WebKit/Source/JavaScriptCore/heap/LocalAllocatorInlines.h:50:23 (jsc+0x144b8d7)
    #11 JSC::GCClient::IsoSubspace::allocate(JSC::VM&, unsigned long, JSC::GCDeferralContext*, JSC::AllocationFailureMode) /root/WebKit/Source/JavaScriptCore/heap/IsoSubspaceInlines.h:42:29 (jsc+0x144b8d7)
    #12 void* JSC::tryAllocateCellHelper<JSC::FunctionRareData, (JSC::AllocationFailureMode)0>(JSC::VM&, unsigned long, JSC::GCDeferralContext*) /root/WebKit/Source/JavaScriptCore/runtime/JSCellInlines.h:212:63 (jsc+0x144b8d7)
    #13 void* JSC::allocateCell<JSC::FunctionRareData>(JSC::VM&, unsigned long) /root/WebKit/Source/JavaScriptCore/runtime/JSCellInlines.h:232:12 (jsc+0x144b8d7)
    #14 JSC::FunctionRareData::create(JSC::VM&, JSC::ExecutableBase*) /root/WebKit/Source/JavaScriptCore/runtime/FunctionRareData.cpp:44:48 (jsc+0x144b5b5)
    #15 JSC::JSFunction::allocateAndInitializeRareData(JSC::JSGlobalObject*, unsigned long) /root/WebKit/Source/JavaScriptCore/runtime/JSFunction.cpp:195:34 (jsc+0x158c2df)
    #16 JSC::JSFunction::ensureRareDataAndObjectAllocationProfile(JSC::JSGlobalObject*, unsigned int) /root/WebKit/Source/JavaScriptCore/runtime/JSFunctionInlines.h:268:16 (jsc+0x13a2c41)
    #17 slow_path_create_this /root/WebKit/Source/JavaScriptCore/runtime/CommonSlowPaths.cpp:175:80 (jsc+0x13a2c41)
    #18 llint_op_create_this LowLevelInterpreter.cpp (jsc+0x1e1d2a5)
    #19 JSC::Interpreter::executeCall(JSC::JSObject*, JSC::CallData const&, JSC::JSValue, JSC::JSCell*, JSC::ArgList const&) /root/WebKit/Source/JavaScriptCore/interpreter/Interpreter.cpp (jsc+0xe8bd6d)
    #20 JSC::call(JSC::JSGlobalObject*, JSC::JSValue, JSC::CallData const&, JSC::JSValue, JSC::ArgList const&) /root/WebKit/Source/JavaScriptCore/runtime/CallData.cpp:70:27 (jsc+0x1360a71)
    #21 JSC::call(JSC::JSGlobalObject*, JSC::JSValue, JSC::CallData const&, JSC::JSValue, JSC::ArgList const&, WTF::NakedPtr<JSC::Exception>&) /root/WebKit/Source/JavaScriptCore/runtime/CallData.cpp:77:22 (jsc+0x1360a71)
    #22 JSC::threadMain(JSC::VM&, WTF::Ref<JSC::ThreadState, WTF::RawPtrTraits<JSC::ThreadState>, WTF::DefaultRefDerefTraits<JSC::ThreadState>>) /root/WebKit/Source/JavaScriptCore/runtime/ThreadObject.cpp:241:30 (jsc+0x19a439c)
    #23 JSC::constructThread(JSC::JSGlobalObject*, JSC::CallFrame*)::$_0::operator()() /root/WebKit/Source/JavaScriptCore/runtime/ThreadObject.cpp:468:9 (jsc+0x19a439c)
    #24 WTF::Detail::CallableWrapper<JSC::constructThread(JSC::JSGlobalObject*, JSC::CallFrame*)::$_0, void>::call() /root/WebKit/WebKitBuild/TSan/WTF/Headers/wtf/Function.h:59:39 (jsc+0x19a439c)
    #25 WTF::Function<void ()>::operator()() const /root/WebKit/Source/WTF/wtf/Function.h:103:35 (jsc+0x25b5145)
    #26 WTF::Thread::entryPoint(WTF::Thread::NewThreadContext*) /root/WebKit/Source/WTF/wtf/Threading.cpp:312:5 (jsc+0x25b5145)
    #27 WTF::wtfThreadEntryPoint(void*) /root/WebKit/Source/WTF/wtf/posix/ThreadingPOSIX.cpp:264:5 (jsc+0x260f0f9)

  Thread T3 'JS Thread' (tid=3211252, running) created by main thread at:
    #0 pthread_create /home/runner/work/llvm-project/llvm-project/compiler-rt/lib/tsan/rtl/tsan_interceptors_posix.cpp:1090:3 (jsc+0x13ff1a)
    #1 WTF::Thread::establishHandle(WTF::Thread::NewThreadContext&, WTF::StackAllocationSpecification, WTF::ThreadQOS, WTF::ThreadSchedulingPolicy) /root/WebKit/Source/WTF/wtf/posix/ThreadingPOSIX.cpp:354:17 (jsc+0x260efe5)
    #2 WTF::Thread::create(WTF::ASCIILiteral, WTF::Function<void ()>&&, WTF::ThreadType, WTF::ThreadQOS, WTF::ThreadSchedulingPolicy, WTF::StackAllocationSpecification) /root/WebKit/Source/WTF/wtf/Threading.cpp:330:32 (jsc+0x25b54a5)
    #3 JSC::constructThread(JSC::JSGlobalObject*, JSC::CallFrame*) /root/WebKit/Source/JavaScriptCore/runtime/ThreadObject.cpp:467:5 (jsc+0x199c92f)
    #4 <null> <null> (0x7fc7e8bff217)
    #5 JSC::evaluate(JSC::JSGlobalObject*, JSC::SourceCode const&, JSC::JSValue, WTF::NakedPtr<JSC::Exception>&) /root/WebKit/Source/JavaScriptCore/runtime/Completion.cpp:145:37 (jsc+0x13c37c3)
    #6 runWithOptions(GlobalObject*, CommandLine&, bool&) /root/WebKit/Source/JavaScriptCore/jsc.cpp:3957:35 (jsc+0x1cafc5)
    #7 jscmain(int, char**)::$_0::operator()(JSC::VM&, GlobalObject*, bool&) const /root/WebKit/Source/JavaScriptCore/jsc.cpp:4686:13 (jsc+0x1cafc5)
    #8 int runJSC<jscmain(int, char**)::$_0>(CommandLine const&, bool, jscmain(int, char**)::$_0 const&) /root/WebKit/Source/JavaScriptCore/jsc.cpp:4472:13 (jsc+0x1cafc5)
    #9 jscmain(int, char**) /root/WebKit/Source/JavaScriptCore/jsc.cpp:4679:18 (jsc+0x1cafc5)
    #10 main /root/WebKit/Source/JavaScriptCore/jsc.cpp:3715:15 (jsc+0x1c9803)

  Thread T4 'JS Thread' (tid=3211253, running) created by main thread at:
    #0 pthread_create /home/runner/work/llvm-project/llvm-project/compiler-rt/lib/tsan/rtl/tsan_interceptors_posix.cpp:1090:3 (jsc+0x13ff1a)
    #1 WTF::Thread::establishHandle(WTF::Thread::NewThreadContext&, WTF::StackAllocationSpecification, WTF::ThreadQOS, WTF::ThreadSchedulingPolicy) /root/WebKit/Source/WTF/wtf/posix/ThreadingPOSIX.cpp:354:17 (jsc+0x260efe5)
    #2 WTF::Thread::create(WTF::ASCIILiteral, WTF::Function<void ()>&&, WTF::ThreadType, WTF::ThreadQOS, WTF::ThreadSchedulingPolicy, WTF::StackAllocationSpecification) /root/WebKit/Source/WTF/wtf/Threading.cpp:330:32 (jsc+0x25b54a5)
    #3 JSC::constructThread(JSC::JSGlobalObject*, JSC::CallFrame*) /root/WebKit/Source/JavaScriptCore/runtime/ThreadObject.cpp:467:5 (jsc+0x199c92f)
    #4 <null> <null> (0x7fc7e8bff217)
    #5 JSC::evaluate(JSC::JSGlobalObject*, JSC::SourceCode const&, JSC::JSValue, WTF::NakedPtr<JSC::Exception>&) /root/WebKit/Source/JavaScriptCore/runtime/Completion.cpp:145:37 (jsc+0x13c37c3)
    #6 runWithOptions(GlobalObject*, CommandLine&, bool&) /root/WebKit/Source/JavaScriptCore/jsc.cpp:3957:35 (jsc+0x1cafc5)
    #7 jscmain(int, char**)::$_0::operator()(JSC::VM&, GlobalObject*, bool&) const /root/WebKit/Source/JavaScriptCore/jsc.cpp:4686:13 (jsc+0x1cafc5)
    #8 int runJSC<jscmain(int, char**)::$_0>(CommandLine const&, bool, jscmain(int, char**)::$_0 const&) /root/WebKit/Source/JavaScriptCore/jsc.cpp:4472:13 (jsc+0x1cafc5)
    #9 jscmain(int, char**) /root/WebKit/Source/JavaScriptCore/jsc.cpp:4679:18 (jsc+0x1cafc5)
    #10 main /root/WebKit/Source/JavaScriptCore/jsc.cpp:3715:15 (jsc+0x1c9803)

SUMMARY: ThreadSanitizer: data race /root/WebKit/WebKitBuild/TSan/WTF/Headers/wtf/Atomics.h:55:100 in WTF::Atomic<JSC::Structure*>::load(std::memory_order) const
==================
==================
WARNING: ThreadSanitizer: data race (pid=3211245)
  Atomic read of size 8 at 0x72380000e0a0 by thread T3:
    #0 std::__atomic_base<JSC::JSObject*>::load(std::memory_order) const /usr/lib/gcc/x86_64-amazon-linux/14/../../../../include/c++/14/bits/atomic_base.h:833:9 (jsc+0x13a2f04)
    #1 std::atomic<JSC::JSObject*>::load(std::memory_order) const /usr/lib/gcc/x86_64-amazon-linux/14/../../../../include/c++/14/atomic:582:21 (jsc+0x13a2f04)
    #2 WTF::Atomic<JSC::JSObject*>::load(std::memory_order) const /root/WebKit/WebKitBuild/TSan/WTF/Headers/wtf/Atomics.h:55:100 (jsc+0x13a2f04)
    #3 JSC::JSObject* WTF::atomicLoad<JSC::JSObject*>(JSC::JSObject**, std::memory_order) /root/WebKit/WebKitBuild/TSan/WTF/Headers/wtf/Atomics.h:162:49 (jsc+0x13a2f04)
    #4 JSC::WriteBarrierBase<JSC::JSObject, WTF::RawPtrTraits<JSC::JSObject>>::cell() const /root/WebKit/Source/JavaScriptCore/runtime/WriteBarrier.h:165:39 (jsc+0x13a2f04)
    #5 JSC::WriteBarrierBase<JSC::JSObject, WTF::RawPtrTraits<JSC::JSObject>>::get() const /root/WebKit/Source/JavaScriptCore/runtime/WriteBarrier.h:107:34 (jsc+0x13a2f04)
    #6 JSC::ObjectAllocationProfileWithPrototype::prototype() /root/WebKit/Source/JavaScriptCore/bytecode/ObjectAllocationProfile.h:110:43 (jsc+0x13a2f04)
    #7 slow_path_create_this /root/WebKit/Source/JavaScriptCore/runtime/CommonSlowPaths.cpp:207:54 (jsc+0x13a2f04)
    #8 llint_op_create_this LowLevelInterpreter.cpp (jsc+0x1e1d2a5)
    #9 JSC::Interpreter::executeCall(JSC::JSObject*, JSC::CallData const&, JSC::JSValue, JSC::JSCell*, JSC::ArgList const&) /root/WebKit/Source/JavaScriptCore/interpreter/Interpreter.cpp (jsc+0xe8bd6d)
    #10 JSC::call(JSC::JSGlobalObject*, JSC::JSValue, JSC::CallData const&, JSC::JSValue, JSC::ArgList const&) /root/WebKit/Source/JavaScriptCore/runtime/CallData.cpp:70:27 (jsc+0x1360a71)
    #11 JSC::call(JSC::JSGlobalObject*, JSC::JSValue, JSC::CallData const&, JSC::JSValue, JSC::ArgList const&, WTF::NakedPtr<JSC::Exception>&) /root/WebKit/Source/JavaScriptCore/runtime/CallData.cpp:77:22 (jsc+0x1360a71)
    #12 JSC::threadMain(JSC::VM&, WTF::Ref<JSC::ThreadState, WTF::RawPtrTraits<JSC::ThreadState>, WTF::DefaultRefDerefTraits<JSC::ThreadState>>) /root/WebKit/Source/JavaScriptCore/runtime/ThreadObject.cpp:241:30 (jsc+0x19a439c)
    #13 JSC::constructThread(JSC::JSGlobalObject*, JSC::CallFrame*)::$_0::operator()() /root/WebKit/Source/JavaScriptCore/runtime/ThreadObject.cpp:468:9 (jsc+0x19a439c)
    #14 WTF::Detail::CallableWrapper<JSC::constructThread(JSC::JSGlobalObject*, JSC::CallFrame*)::$_0, void>::call() /root/WebKit/WebKitBuild/TSan/WTF/Headers/wtf/Function.h:59:39 (jsc+0x19a439c)
    #15 WTF::Function<void ()>::operator()() const /root/WebKit/Source/WTF/wtf/Function.h:103:35 (jsc+0x25b5145)
    #16 WTF::Thread::entryPoint(WTF::Thread::NewThreadContext*) /root/WebKit/Source/WTF/wtf/Threading.cpp:312:5 (jsc+0x25b5145)
    #17 WTF::wtfThreadEntryPoint(void*) /root/WebKit/Source/WTF/wtf/posix/ThreadingPOSIX.cpp:264:5 (jsc+0x260f0f9)

  Previous write of size 8 at 0x72380000e0a0 by thread T4:
    #0 JSC::JSObject* std::__exchange<JSC::JSObject*, JSC::JSObject*&>(JSC::JSObject*&, JSC::JSObject*&) /usr/lib/gcc/x86_64-amazon-linux/14/../../../../include/c++/14/bits/move.h:190:13 (jsc+0x144e517)
    #1 JSC::JSObject* std::exchange<JSC::JSObject*, JSC::JSObject*&>(JSC::JSObject*&, JSC::JSObject*&) /usr/lib/gcc/x86_64-amazon-linux/14/../../../../include/c++/14/utility:110:14 (jsc+0x144e517)
    #2 JSC::JSObject* WTF::RawPtrTraits<JSC::JSObject>::exchange<JSC::JSObject*&>(JSC::JSObject*&, JSC::JSObject*&) /root/WebKit/WebKitBuild/TSan/WTF/Headers/wtf/RawPtrTraits.h:41:79 (jsc+0x144e517)
    #3 JSC::WriteBarrierBase<JSC::JSObject, WTF::RawPtrTraits<JSC::JSObject>>::setEarlyValue(JSC::VM&, JSC::JSCell const*, JSC::JSObject*) /root/WebKit/WebKitBuild/TSan/JavaScriptCore/PrivateHeaders/JavaScriptCore/WriteBarrierInlines.h:54:5 (jsc+0x144e517)
    #4 JSC::WriteBarrierBase<JSC::JSObject, WTF::RawPtrTraits<JSC::JSObject>>::set(JSC::VM&, JSC::JSCell const*, JSC::JSObject*) /root/WebKit/WebKitBuild/TSan/JavaScriptCore/PrivateHeaders/JavaScriptCore/WriteBarrierInlines.h:40:5 (jsc+0x144e517)
    #5 JSC::ObjectAllocationProfileWithPrototype::setPrototype(JSC::VM&, JSC::JSCell*, JSC::JSObject*) /root/WebKit/Source/JavaScriptCore/bytecode/ObjectAllocationProfile.h:131:21 (jsc+0x144e517)
    #6 JSC::ObjectAllocationProfileBase<JSC::ObjectAllocationProfileWithPrototype>::initializeProfile(JSC::VM&, JSC::JSGlobalObject*, JSC::JSCell*, JSC::JSObject*, unsigned int, JSC::JSFunction*, JSC::FunctionRareData*) /root/WebKit/Source/JavaScriptCore/bytecode/ObjectAllocationProfileInlines.h:147:34 (jsc+0x144e517)
    #7 JSC::FunctionRareData::initializeObjectAllocationProfile(JSC::VM&, JSC::JSGlobalObject*, JSC::JSObject*, unsigned long, JSC::JSFunction*)::$_1::operator()(JSC::JSObject*, unsigned long) const /root/WebKit/Source/JavaScriptCore/runtime/FunctionRareData.cpp:135:31 (jsc+0x144c60e)
    #8 JSC::FunctionRareData::initializeObjectAllocationProfile(JSC::VM&, JSC::JSGlobalObject*, JSC::JSObject*, unsigned long, JSC::JSFunction*) /root/WebKit/Source/JavaScriptCore/runtime/FunctionRareData.cpp:182:13 (jsc+0x144c101)
    #9 JSC::JSFunction::allocateAndInitializeRareData(JSC::JSGlobalObject*, unsigned long) /root/WebKit/Source/JavaScriptCore/runtime/JSFunction.cpp:196:15 (jsc+0x158c33c)
    #10 JSC::JSFunction::ensureRareDataAndObjectAllocationProfile(JSC::JSGlobalObject*, unsigned int) /root/WebKit/Source/JavaScriptCore/runtime/JSFunctionInlines.h:268:16 (jsc+0x13a2c41)
    #11 slow_path_create_this /root/WebKit/Source/JavaScriptCore/runtime/CommonSlowPaths.cpp:175:80 (jsc+0x13a2c41)
    #12 llint_op_create_this LowLevelInterpreter.cpp (jsc+0x1e1d2a5)
    #13 JSC::Interpreter::executeCall(JSC::JSObject*, JSC::CallData const&, JSC::JSValue, JSC::JSCell*, JSC::ArgList const&) /root/WebKit/Source/JavaScriptCore/interpreter/Interpreter.cpp (jsc+0xe8bd6d)
    #14 JSC::call(JSC::JSGlobalObject*, JSC::JSValue, JSC::CallData const&, JSC::JSValue, JSC::ArgList const&) /root/WebKit/Source/JavaScriptCore/runtime/CallData.cpp:70:27 (jsc+0x1360a71)
    #15 JSC::call(JSC::JSGlobalObject*, JSC::JSValue, JSC::CallData const&, JSC::JSValue, JSC::ArgList const&, WTF::NakedPtr<JSC::Exception>&) /root/WebKit/Source/JavaScriptCore/runtime/CallData.cpp:77:22 (jsc+0x1360a71)
    #16 JSC::threadMain(JSC::VM&, WTF::Ref<JSC::ThreadState, WTF::RawPtrTraits<JSC::ThreadState>, WTF::DefaultRefDerefTraits<JSC::ThreadState>>) /root/WebKit/Source/JavaScriptCore/runtime/ThreadObject.cpp:241:30 (jsc+0x19a439c)
    #17 JSC::constructThread(JSC::JSGlobalObject*, JSC::CallFrame*)::$_0::operator()() /root/WebKit/Source/JavaScriptCore/runtime/ThreadObject.cpp:468:9 (jsc+0x19a439c)
    #18 WTF::Detail::CallableWrapper<JSC::constructThread(JSC::JSGlobalObject*, JSC::CallFrame*)::$_0, void>::call() /root/WebKit/WebKitBuild/TSan/WTF/Headers/wtf/Function.h:59:39 (jsc+0x19a439c)
    #19 WTF::Function<void ()>::operator()() const /root/WebKit/Source/WTF/wtf/Function.h:103:35 (jsc+0x25b5145)
    #20 WTF::Thread::entryPoint(WTF::Thread::NewThreadContext*) /root/WebKit/Source/WTF/wtf/Threading.cpp:312:5 (jsc+0x25b5145)
    #21 WTF::wtfThreadEntryPoint(void*) /root/WebKit/Source/WTF/wtf/posix/ThreadingPOSIX.cpp:264:5 (jsc+0x260f0f9)

  Location is heap block of size 216 at 0x72380000e000 allocated by thread T4:
    #0 malloc /home/runner/work/llvm-project/llvm-project/compiler-rt/lib/tsan/rtl/tsan_interceptors_posix.cpp:682:5 (jsc+0x13dc20)
    #1 bmalloc::api::tryMalloc(unsigned long, bmalloc::CompactAllocationMode, bmalloc::HeapKind) /root/WebKit/WebKitBuild/TSan/bmalloc/Headers/bmalloc/bmalloc.h:76:12 (jsc+0x259860d)
    #2 WTF::tryFastCompactMalloc(unsigned long) /root/WebKit/Source/WTF/wtf/FastMalloc.cpp:566:20 (jsc+0x259860d)
    #3 WTF::FastCompactMalloc::tryMalloc(unsigned long) /root/WebKit/WebKitBuild/TSan/WTF/Headers/wtf/FastMalloc.h:291:23 (jsc+0xdbd875)
    #4 JSC::FastMallocAlignedMemoryAllocator::tryAllocateMemory(unsigned long) /root/WebKit/Source/JavaScriptCore/heap/FastMallocAlignedMemoryAllocator.cpp:72:12 (jsc+0xdbd875)
    #5 JSC::PreciseAllocation::tryCreateForLowerTierPrecise(JSC::Heap&, unsigned long, JSC::Subspace*, unsigned char) /root/WebKit/Source/JavaScriptCore/heap/PreciseAllocation.cpp:173:55 (jsc+0xe596b3)
    #6 JSC::IsoSubspace::tryAllocateLowerTierPrecise(unsigned long) /root/WebKit/Source/JavaScriptCore/heap/IsoSubspace.cpp:108:41 (jsc+0xe33121)
    #7 JSC::LocalAllocator::allocateSlowCase(JSC::Heap&, unsigned long, JSC::GCDeferralContext*, JSC::AllocationFailureMode) /root/WebKit/Source/JavaScriptCore/heap/LocalAllocator.cpp:215:65 (jsc+0xe45277)
    #8 JSC::LocalAllocator::allocate(JSC::Heap&, unsigned long, JSC::GCDeferralContext*, JSC::AllocationFailureMode)::'lambda'()::operator()() const /root/WebKit/WebKitBuild/TSan/JavaScriptCore/PrivateHeaders/JavaScriptCore/LocalAllocatorInlines.h:53:43 (jsc+0x1d135e)
    #9 JSC::HeapCell* JSC::FreeList::allocateWithCellSize<JSC::LocalAllocator::allocate(JSC::Heap&, unsigned long, JSC::GCDeferralContext*, JSC::AllocationFailureMode)::'lambda'()>(JSC::LocalAllocator::allocate(JSC::Heap&, unsigned long, JSC::GCDeferralContext*, JSC::AllocationFailureMode)::'lambda'() const&, unsigned long) /root/WebKit/Source/JavaScriptCore/heap/FreeListInlines.h:46:16 (jsc+0x144b8d7)
    #10 JSC::LocalAllocator::allocate(JSC::Heap&, unsigned long, JSC::GCDeferralContext*, JSC::AllocationFailureMode) /root/WebKit/Source/JavaScriptCore/heap/LocalAllocatorInlines.h:50:23 (jsc+0x144b8d7)
    #11 JSC::GCClient::IsoSubspace::allocate(JSC::VM&, unsigned long, JSC::GCDeferralContext*, JSC::AllocationFailureMode) /root/WebKit/Source/JavaScriptCore/heap/IsoSubspaceInlines.h:42:29 (jsc+0x144b8d7)
    #12 void* JSC::tryAllocateCellHelper<JSC::FunctionRareData, (JSC::AllocationFailureMode)0>(JSC::VM&, unsigned long, JSC::GCDeferralContext*) /root/WebKit/Source/JavaScriptCore/runtime/JSCellInlines.h:212:63 (jsc+0x144b8d7)
    #13 void* JSC::allocateCell<JSC::FunctionRareData>(JSC::VM&, unsigned long) /root/WebKit/Source/JavaScriptCore/runtime/JSCellInlines.h:232:12 (jsc+0x144b8d7)
    #14 JSC::FunctionRareData::create(JSC::VM&, JSC::ExecutableBase*) /root/WebKit/Source/JavaScriptCore/runtime/FunctionRareData.cpp:44:48 (jsc+0x144b5b5)
    #15 JSC::JSFunction::allocateAndInitializeRareData(JSC::JSGlobalObject*, unsigned long) /root/WebKit/Source/JavaScriptCore/runtime/JSFunction.cpp:195:34 (jsc+0x158c2df)
    #16 JSC::JSFunction::ensureRareDataAndObjectAllocationProfile(JSC::JSGlobalObject*, unsigned int) /root/WebKit/Source/JavaScriptCore/runtime/JSFunctionInlines.h:268:16 (jsc+0x13a2c41)
    #17 slow_path_create_this /root/WebKit/Source/JavaScriptCore/runtime/CommonSlowPaths.cpp:175:80 (jsc+0x13a2c41)
    #18 llint_op_create_this LowLevelInterpreter.cpp (jsc+0x1e1d2a5)
    #19 JSC::Interpreter::executeCall(JSC::JSObject*, JSC::CallData const&, JSC::JSValue, JSC::JSCell*, JSC::ArgList const&) /root/WebKit/Source/JavaScriptCore/interpreter/Interpreter.cpp (jsc+0xe8bd6d)
    #20 JSC::call(JSC::JSGlobalObject*, JSC::JSValue, JSC::CallData const&, JSC::JSValue, JSC::ArgList const&) /root/WebKit/Source/JavaScriptCore/runtime/CallData.cpp:70:27 (jsc+0x1360a71)
    #21 JSC::call(JSC::JSGlobalObject*, JSC::JSValue, JSC::CallData const&, JSC::JSValue, JSC::ArgList const&, WTF::NakedPtr<JSC::Exception>&) /root/WebKit/Source/JavaScriptCore/runtime/CallData.cpp:77:22 (jsc+0x1360a71)
    #22 JSC::threadMain(JSC::VM&, WTF::Ref<JSC::ThreadState, WTF::RawPtrTraits<JSC::ThreadState>, WTF::DefaultRefDerefTraits<JSC::ThreadState>>) /root/WebKit/Source/JavaScriptCore/runtime/ThreadObject.cpp:241:30 (jsc+0x19a439c)
    #23 JSC::constructThread(JSC::JSGlobalObject*, JSC::CallFrame*)::$_0::operator()() /root/WebKit/Source/JavaScriptCore/runtime/ThreadObject.cpp:468:9 (jsc+0x19a439c)
    #24 WTF::Detail::CallableWrapper<JSC::constructThread(JSC::JSGlobalObject*, JSC::CallFrame*)::$_0, void>::call() /root/WebKit/WebKitBuild/TSan/WTF/Headers/wtf/Function.h:59:39 (jsc+0x19a439c)
    #25 WTF::Function<void ()>::operator()() const /root/WebKit/Source/WTF/wtf/Function.h:103:35 (jsc+0x25b5145)
    #26 WTF::Thread::entryPoint(WTF::Thread::NewThreadContext*) /root/WebKit/Source/WTF/wtf/Threading.cpp:312:5 (jsc+0x25b5145)
    #27 WTF::wtfThreadEntryPoint(void*) /root/WebKit/Source/WTF/wtf/posix/ThreadingPOSIX.cpp:264:5 (jsc+0x260f0f9)

  Thread T3 'JS Thread' (tid=3211252, running) created by main thread at:
    #0 pthread_create /home/runner/work/llvm-project/llvm-project/compiler-rt/lib/tsan/rtl/tsan_interceptors_posix.cpp:1090:3 (jsc+0x13ff1a)
    #1 WTF::Thread::establishHandle(WTF::Thread::NewThreadContext&, WTF::StackAllocationSpecification, WTF::ThreadQOS, WTF::ThreadSchedulingPolicy) /root/WebKit/Source/WTF/wtf/posix/ThreadingPOSIX.cpp:354:17 (jsc+0x260efe5)
    #2 WTF::Thread::create(WTF::ASCIILiteral, WTF::Function<void ()>&&, WTF::ThreadType, WTF::ThreadQOS, WTF::ThreadSchedulingPolicy, WTF::StackAllocationSpecification) /root/WebKit/Source/WTF/wtf/Threading.cpp:330:32 (jsc+0x25b54a5)
    #3 JSC::constructThread(JSC::JSGlobalObject*, JSC::CallFrame*) /root/WebKit/Source/JavaScriptCore/runtime/ThreadObject.cpp:467:5 (jsc+0x199c92f)
    #4 <null> <null> (0x7fc7e8bff217)
    #5 JSC::evaluate(JSC::JSGlobalObject*, JSC::SourceCode const&, JSC::JSValue, WTF::NakedPtr<JSC::Exception>&) /root/WebKit/Source/JavaScriptCore/runtime/Completion.cpp:145:37 (jsc+0x13c37c3)
    #6 runWithOptions(GlobalObject*, CommandLine&, bool&) /root/WebKit/Source/JavaScriptCore/jsc.cpp:3957:35 (jsc+0x1cafc5)
    #7 jscmain(int, char**)::$_0::operator()(JSC::VM&, GlobalObject*, bool&) const /root/WebKit/Source/JavaScriptCore/jsc.cpp:4686:13 (jsc+0x1cafc5)
    #8 int runJSC<jscmain(int, char**)::$_0>(CommandLine const&, bool, jscmain(int, char**)::$_0 const&) /root/WebKit/Source/JavaScriptCore/jsc.cpp:4472:13 (jsc+0x1cafc5)
    #9 jscmain(int, char**) /root/WebKit/Source/JavaScriptCore/jsc.cpp:4679:18 (jsc+0x1cafc5)
    #10 main /root/WebKit/Source/JavaScriptCore/jsc.cpp:3715:15 (jsc+0x1c9803)

  Thread T4 'JS Thread' (tid=3211253, running) created by main thread at:
    #0 pthread_create /home/runner/work/llvm-project/llvm-project/compiler-rt/lib/tsan/rtl/tsan_interceptors_posix.cpp:1090:3 (jsc+0x13ff1a)
    #1 WTF::Thread::establishHandle(WTF::Thread::NewThreadContext&, WTF::StackAllocationSpecification, WTF::ThreadQOS, WTF::ThreadSchedulingPolicy) /root/WebKit/Source/WTF/wtf/posix/ThreadingPOSIX.cpp:354:17 (jsc+0x260efe5)
    #2 WTF::Thread::create(WTF::ASCIILiteral, WTF::Function<void ()>&&, WTF::ThreadType, WTF::ThreadQOS, WTF::ThreadSchedulingPolicy, WTF::StackAllocationSpecification) /root/WebKit/Source/WTF/wtf/Threading.cpp:330:32 (jsc+0x25b54a5)
    #3 JSC::constructThread(JSC::JSGlobalObject*, JSC::CallFrame*) /root/WebKit/Source/JavaScriptCore/runtime/ThreadObject.cpp:467:5 (jsc+0x199c92f)
    #4 <null> <null> (0x7fc7e8bff217)
    #5 JSC::evaluate(JSC::JSGlobalObject*, JSC::SourceCode const&, JSC::JSValue, WTF::NakedPtr<JSC::Exception>&) /root/WebKit/Source/JavaScriptCore/runtime/Completion.cpp:145:37 (jsc+0x13c37c3)
    #6 runWithOptions(GlobalObject*, CommandLine&, bool&) /root/WebKit/Source/JavaScriptCore/jsc.cpp:3957:35 (jsc+0x1cafc5)
    #7 jscmain(int, char**)::$_0::operator()(JSC::VM&, GlobalObject*, bool&) const /root/WebKit/Source/JavaScriptCore/jsc.cpp:4686:13 (jsc+0x1cafc5)
    #8 int runJSC<jscmain(int, char**)::$_0>(CommandLine const&, bool, jscmain(int, char**)::$_0 const&) /root/WebKit/Source/JavaScriptCore/jsc.cpp:4472:13 (jsc+0x1cafc5)
    #9 jscmain(int, char**) /root/WebKit/Source/JavaScriptCore/jsc.cpp:4679:18 (jsc+0x1cafc5)
    #10 main /root/WebKit/Source/JavaScriptCore/jsc.cpp:3715:15 (jsc+0x1c9803)

SUMMARY: ThreadSanitizer: data race /root/WebKit/WebKitBuild/TSan/WTF/Headers/wtf/Atomics.h:55:100 in WTF::Atomic<JSC::JSObject*>::load(std::memory_order) const
==================
ThreadSanitizer: reported 3 warnings
