JSC: disabling useWasm under GIL-off (wasm glue still reads the raw VM-block exception word; not yet audited for UNGIL §A.1.3 COMPILED-FOR-VM; see AB-17 status block in VMEntryScope.cpp).
==================
WARNING: ThreadSanitizer: data race (pid=3214462)
  Read of size 8 at 0x7ff30f1fd9b0 by thread T3:
    #0 JSC::Register::codeBlock() const /root/WebKit/Source/JavaScriptCore/interpreter/RegisterInlines.h:43:14 (jsc+0x27b6bd)
    #1 JSC::ProtoCallFrame::codeBlock() const /root/WebKit/Source/JavaScriptCore/interpreter/ProtoCallFrameInlines.h:62:37 (jsc+0x27b6bd)
    #2 JSC::CachedCall::unlinkOrUpgradeImpl(JSC::VM&, JSC::CodeBlock*, JSC::CodeBlock*) /root/WebKit/Source/JavaScriptCore/interpreter/CachedCall.h:101:46 (jsc+0x27b6bd)
    #3 JSC::CallLinkInfoBase::unlinkOrUpgrade(JSC::VM&, JSC::CodeBlock*, JSC::CodeBlock*) /root/WebKit/Source/JavaScriptCore/bytecode/CallLinkInfoBase.cpp:76:41 (jsc+0x27b5ef)
    #4 JSC::CodeBlock::unlinkOrUpgradeIncomingCalls(JSC::VM&, JSC::CodeBlock*) /root/WebKit/Source/JavaScriptCore/bytecode/CodeBlock.cpp:2409:34 (jsc+0x2900d3)
    #5 JSC::ScriptExecutable::installCode(JSC::VM&, JSC::CodeBlock*, JSC::CodeType, JSC::CodeSpecializationKind, JSC::Profiler::JettisonReason) /root/WebKit/Source/JavaScriptCore/runtime/ScriptExecutable.cpp:453:23 (jsc+0x189b4da)
    #6 JSC::ScriptExecutable::installCode(JSC::CodeBlock*) /root/WebKit/Source/JavaScriptCore/runtime/ScriptExecutable.cpp:214:5 (jsc+0x189ae07)
    #7 JSC::BaselineJITPlan::finalize() /root/WebKit/Source/JavaScriptCore/jit/BaselineJITPlan.cpp:120:41 (jsc+0xead829)
    #8 JSC::JITWorklist::completeAllReadyPlansForVM(JSC::VM&, JSC::JITCompilationKey) /root/WebKit/Source/JavaScriptCore/jit/JITWorklist.cpp:314:15 (jsc+0x1045879)
    #9 JSC::LLInt::jitCompileAndSetHeuristics(JSC::VM&, JSC::CodeBlock*) /root/WebKit/Source/JavaScriptCore/llint/LLIntSlowPaths.cpp:473:76 (jsc+0x107e1d3)
    #10 JSC::LLInt::entryOSR(JSC::CodeBlock*, char const*, JSC::LLInt::EntryKind) /root/WebKit/Source/JavaScriptCore/llint/LLIntSlowPaths.cpp:523:10 (jsc+0x107d5b2)
    #11 llint_entry_osr_function_for_call /root/WebKit/Source/JavaScriptCore/llint/LLIntSlowPaths.cpp:550:12 (jsc+0x107d812)
    #12 llint_function_for_call_prologue LowLevelInterpreter.cpp (jsc+0x1e04c9e)
    #13 JSC::replaceUsingRegExpSearch(JSC::VM&, JSC::JSGlobalObject*, JSC::JSString*, JSC::JSValue, JSC::JSValue) /root/WebKit/Source/JavaScriptCore/runtime/StringPrototype.cpp:597:5 (jsc+0x18ee8f9)
    #14 JSC::stringProtoFuncReplace(JSC::JSGlobalObject*, JSC::CallFrame*) /root/WebKit/Source/JavaScriptCore/runtime/StringPrototype.cpp:618:13 (jsc+0x18cd33a)
    #15 <null> <null> (0x7ff2cdfff157)
    #16 JSC::Interpreter::executeCall(JSC::JSObject*, JSC::CallData const&, JSC::JSValue, JSC::JSCell*, JSC::ArgList const&) /root/WebKit/Source/JavaScriptCore/interpreter/Interpreter.cpp (jsc+0xe8bd6d)
    #17 JSC::call(JSC::JSGlobalObject*, JSC::JSValue, JSC::CallData const&, JSC::JSValue, JSC::ArgList const&) /root/WebKit/Source/JavaScriptCore/runtime/CallData.cpp:70:27 (jsc+0x1360a71)
    #18 JSC::call(JSC::JSGlobalObject*, JSC::JSValue, JSC::CallData const&, JSC::JSValue, JSC::ArgList const&, WTF::NakedPtr<JSC::Exception>&) /root/WebKit/Source/JavaScriptCore/runtime/CallData.cpp:77:22 (jsc+0x1360a71)
    #19 JSC::threadMain(JSC::VM&, WTF::Ref<JSC::ThreadState, WTF::RawPtrTraits<JSC::ThreadState>, WTF::DefaultRefDerefTraits<JSC::ThreadState>>) /root/WebKit/Source/JavaScriptCore/runtime/ThreadObject.cpp:241:30 (jsc+0x19a439c)
    #20 JSC::constructThread(JSC::JSGlobalObject*, JSC::CallFrame*)::$_0::operator()() /root/WebKit/Source/JavaScriptCore/runtime/ThreadObject.cpp:468:9 (jsc+0x19a439c)
    #21 WTF::Detail::CallableWrapper<JSC::constructThread(JSC::JSGlobalObject*, JSC::CallFrame*)::$_0, void>::call() /root/WebKit/WebKitBuild/TSan/WTF/Headers/wtf/Function.h:59:39 (jsc+0x19a439c)
    #22 WTF::Function<void ()>::operator()() const /root/WebKit/Source/WTF/wtf/Function.h:103:35 (jsc+0x25b5145)
    #23 WTF::Thread::entryPoint(WTF::Thread::NewThreadContext*) /root/WebKit/Source/WTF/wtf/Threading.cpp:312:5 (jsc+0x25b5145)
    #24 WTF::wtfThreadEntryPoint(void*) /root/WebKit/Source/WTF/wtf/posix/ThreadingPOSIX.cpp:264:5 (jsc+0x260f0f9)

  Previous write of size 8 at 0x7ff30f1fd9b0 by thread T4:
    #0 JSC::Register::operator=(JSC::CodeBlock*) /root/WebKit/Source/JavaScriptCore/interpreter/RegisterInlines.h:64:17 (jsc+0xe7e32e)
    #1 JSC::ProtoCallFrame::setCodeBlock(JSC::CodeBlock*) /root/WebKit/Source/JavaScriptCore/interpreter/ProtoCallFrameInlines.h:67:20 (jsc+0xe7e32e)
    #2 JSC::ProtoCallFrame::init(JSC::CodeBlock*, JSC::JSGlobalObject*, JSC::JSObject*, JSC::JSValue, JSC::JSCell*, int, long*) /root/WebKit/Source/JavaScriptCore/interpreter/ProtoCallFrameInlines.h:37:11 (jsc+0xe7e32e)
    #3 JSC::CachedCall::CachedCall(JSC::JSGlobalObject*, JSC::JSFunction*, int) /root/WebKit/Source/JavaScriptCore/interpreter/CachedCall.cpp:75:22 (jsc+0xe7e32e)
    #4 void std::_Construct<JSC::CachedCall, JSC::JSGlobalObject*&, JSC::JSFunction*&, int&>(JSC::CachedCall*, JSC::JSGlobalObject*&, JSC::JSFunction*&, int&) /usr/lib/gcc/x86_64-amazon-linux/14/../../../../include/c++/14/bits/stl_construct.h:119:25 (jsc+0x18e13e6)
    #5 void std::_Optional_payload_base<JSC::CachedCall>::_M_construct<JSC::JSGlobalObject*&, JSC::JSFunction*&, int&>(JSC::JSGlobalObject*&, JSC::JSFunction*&, int&) /usr/lib/gcc/x86_64-amazon-linux/14/../../../../include/c++/14/optional:274:4 (jsc+0x18e13e6)
    #6 void std::_Optional_base_impl<JSC::CachedCall, std::_Optional_base<JSC::CachedCall, false, false>>::_M_construct<JSC::JSGlobalObject*&, JSC::JSFunction*&, int&>(JSC::JSGlobalObject*&, JSC::JSFunction*&, int&) /usr/lib/gcc/x86_64-amazon-linux/14/../../../../include/c++/14/optional:455:40 (jsc+0x18e13e6)
    #7 std::enable_if<is_constructible_v<JSC::CachedCall, JSC::JSGlobalObject*&, JSC::JSFunction*&, int&>, JSC::CachedCall&>::type std::optional<JSC::CachedCall>::emplace<JSC::JSGlobalObject*&, JSC::JSFunction*&, int&>(JSC::JSGlobalObject*&, JSC::JSFunction*&, int&) /usr/lib/gcc/x86_64-amazon-linux/14/../../../../include/c++/14/optional:916:10 (jsc+0x18e13e6)
    #8 JSC::replaceUsingRegExpSearch(JSC::VM&, JSC::JSGlobalObject*, JSC::JSString*, JSC::JSValue, JSC::CallData const&, WTF::String const&, JSC::JSValue) /root/WebKit/Source/JavaScriptCore/runtime/StringPrototype.cpp:412:34 (jsc+0x18e13e6)
    #9 JSC::replaceUsingRegExpSearch(JSC::VM&, JSC::JSGlobalObject*, JSC::JSString*, JSC::JSValue, JSC::JSValue) /root/WebKit/Source/JavaScriptCore/runtime/StringPrototype.cpp:597:5 (jsc+0x18ee8f9)
    #10 JSC::stringProtoFuncReplace(JSC::JSGlobalObject*, JSC::CallFrame*) /root/WebKit/Source/JavaScriptCore/runtime/StringPrototype.cpp:618:13 (jsc+0x18cd33a)
    #11 <null> <null> (0x7ff2cdfff157)
    #12 JSC::Interpreter::executeCall(JSC::JSObject*, JSC::CallData const&, JSC::JSValue, JSC::JSCell*, JSC::ArgList const&) /root/WebKit/Source/JavaScriptCore/interpreter/Interpreter.cpp (jsc+0xe8bd6d)
    #13 JSC::call(JSC::JSGlobalObject*, JSC::JSValue, JSC::CallData const&, JSC::JSValue, JSC::ArgList const&) /root/WebKit/Source/JavaScriptCore/runtime/CallData.cpp:70:27 (jsc+0x1360a71)
    #14 JSC::call(JSC::JSGlobalObject*, JSC::JSValue, JSC::CallData const&, JSC::JSValue, JSC::ArgList const&, WTF::NakedPtr<JSC::Exception>&) /root/WebKit/Source/JavaScriptCore/runtime/CallData.cpp:77:22 (jsc+0x1360a71)
    #15 JSC::threadMain(JSC::VM&, WTF::Ref<JSC::ThreadState, WTF::RawPtrTraits<JSC::ThreadState>, WTF::DefaultRefDerefTraits<JSC::ThreadState>>) /root/WebKit/Source/JavaScriptCore/runtime/ThreadObject.cpp:241:30 (jsc+0x19a439c)
    #16 JSC::constructThread(JSC::JSGlobalObject*, JSC::CallFrame*)::$_0::operator()() /root/WebKit/Source/JavaScriptCore/runtime/ThreadObject.cpp:468:9 (jsc+0x19a439c)
    #17 WTF::Detail::CallableWrapper<JSC::constructThread(JSC::JSGlobalObject*, JSC::CallFrame*)::$_0, void>::call() /root/WebKit/WebKitBuild/TSan/WTF/Headers/wtf/Function.h:59:39 (jsc+0x19a439c)
    #18 WTF::Function<void ()>::operator()() const /root/WebKit/Source/WTF/wtf/Function.h:103:35 (jsc+0x25b5145)
    #19 WTF::Thread::entryPoint(WTF::Thread::NewThreadContext*) /root/WebKit/Source/WTF/wtf/Threading.cpp:312:5 (jsc+0x25b5145)
    #20 WTF::wtfThreadEntryPoint(void*) /root/WebKit/Source/WTF/wtf/posix/ThreadingPOSIX.cpp:264:5 (jsc+0x260f0f9)

  Location is stack of thread T4.

  Thread T3 'JS Thread' (tid=3214466, running) created by main thread at:
    #0 pthread_create /home/runner/work/llvm-project/llvm-project/compiler-rt/lib/tsan/rtl/tsan_interceptors_posix.cpp:1090:3 (jsc+0x13ff1a)
    #1 WTF::Thread::establishHandle(WTF::Thread::NewThreadContext&, WTF::StackAllocationSpecification, WTF::ThreadQOS, WTF::ThreadSchedulingPolicy) /root/WebKit/Source/WTF/wtf/posix/ThreadingPOSIX.cpp:354:17 (jsc+0x260efe5)
    #2 WTF::Thread::create(WTF::ASCIILiteral, WTF::Function<void ()>&&, WTF::ThreadType, WTF::ThreadQOS, WTF::ThreadSchedulingPolicy, WTF::StackAllocationSpecification) /root/WebKit/Source/WTF/wtf/Threading.cpp:330:32 (jsc+0x25b54a5)
    #3 JSC::constructThread(JSC::JSGlobalObject*, JSC::CallFrame*) /root/WebKit/Source/JavaScriptCore/runtime/ThreadObject.cpp:467:5 (jsc+0x199c92f)
    #4 <null> <null> (0x7ff2cdfff217)
    #5 JSC::evaluate(JSC::JSGlobalObject*, JSC::SourceCode const&, JSC::JSValue, WTF::NakedPtr<JSC::Exception>&) /root/WebKit/Source/JavaScriptCore/runtime/Completion.cpp:145:37 (jsc+0x13c37c3)
    #6 runWithOptions(GlobalObject*, CommandLine&, bool&) /root/WebKit/Source/JavaScriptCore/jsc.cpp:3957:35 (jsc+0x1cafc5)
    #7 jscmain(int, char**)::$_0::operator()(JSC::VM&, GlobalObject*, bool&) const /root/WebKit/Source/JavaScriptCore/jsc.cpp:4686:13 (jsc+0x1cafc5)
    #8 int runJSC<jscmain(int, char**)::$_0>(CommandLine const&, bool, jscmain(int, char**)::$_0 const&) /root/WebKit/Source/JavaScriptCore/jsc.cpp:4472:13 (jsc+0x1cafc5)
    #9 jscmain(int, char**) /root/WebKit/Source/JavaScriptCore/jsc.cpp:4679:18 (jsc+0x1cafc5)
    #10 main /root/WebKit/Source/JavaScriptCore/jsc.cpp:3715:15 (jsc+0x1c9803)

  Thread T4 'JS Thread' (tid=3214467, running) created by main thread at:
    #0 pthread_create /home/runner/work/llvm-project/llvm-project/compiler-rt/lib/tsan/rtl/tsan_interceptors_posix.cpp:1090:3 (jsc+0x13ff1a)
    #1 WTF::Thread::establishHandle(WTF::Thread::NewThreadContext&, WTF::StackAllocationSpecification, WTF::ThreadQOS, WTF::ThreadSchedulingPolicy) /root/WebKit/Source/WTF/wtf/posix/ThreadingPOSIX.cpp:354:17 (jsc+0x260efe5)
    #2 WTF::Thread::create(WTF::ASCIILiteral, WTF::Function<void ()>&&, WTF::ThreadType, WTF::ThreadQOS, WTF::ThreadSchedulingPolicy, WTF::StackAllocationSpecification) /root/WebKit/Source/WTF/wtf/Threading.cpp:330:32 (jsc+0x25b54a5)
    #3 JSC::constructThread(JSC::JSGlobalObject*, JSC::CallFrame*) /root/WebKit/Source/JavaScriptCore/runtime/ThreadObject.cpp:467:5 (jsc+0x199c92f)
    #4 <null> <null> (0x7ff2cdfff217)
    #5 JSC::evaluate(JSC::JSGlobalObject*, JSC::SourceCode const&, JSC::JSValue, WTF::NakedPtr<JSC::Exception>&) /root/WebKit/Source/JavaScriptCore/runtime/Completion.cpp:145:37 (jsc+0x13c37c3)
    #6 runWithOptions(GlobalObject*, CommandLine&, bool&) /root/WebKit/Source/JavaScriptCore/jsc.cpp:3957:35 (jsc+0x1cafc5)
    #7 jscmain(int, char**)::$_0::operator()(JSC::VM&, GlobalObject*, bool&) const /root/WebKit/Source/JavaScriptCore/jsc.cpp:4686:13 (jsc+0x1cafc5)
    #8 int runJSC<jscmain(int, char**)::$_0>(CommandLine const&, bool, jscmain(int, char**)::$_0 const&) /root/WebKit/Source/JavaScriptCore/jsc.cpp:4472:13 (jsc+0x1cafc5)
    #9 jscmain(int, char**) /root/WebKit/Source/JavaScriptCore/jsc.cpp:4679:18 (jsc+0x1cafc5)
    #10 main /root/WebKit/Source/JavaScriptCore/jsc.cpp:3715:15 (jsc+0x1c9803)

SUMMARY: ThreadSanitizer: data race /root/WebKit/Source/JavaScriptCore/interpreter/RegisterInlines.h:43:14 in JSC::Register::codeBlock() const
==================
==================
WARNING: ThreadSanitizer: data race (pid=3214462)
  Read of size 8 at 0x7ff30f5fd9b0 by thread T4:
    #0 JSC::Register::codeBlock() const /root/WebKit/Source/JavaScriptCore/interpreter/RegisterInlines.h:43:14 (jsc+0x27b6bd)
    #1 JSC::ProtoCallFrame::codeBlock() const /root/WebKit/Source/JavaScriptCore/interpreter/ProtoCallFrameInlines.h:62:37 (jsc+0x27b6bd)
    #2 JSC::CachedCall::unlinkOrUpgradeImpl(JSC::VM&, JSC::CodeBlock*, JSC::CodeBlock*) /root/WebKit/Source/JavaScriptCore/interpreter/CachedCall.h:101:46 (jsc+0x27b6bd)
    #3 JSC::CallLinkInfoBase::unlinkOrUpgrade(JSC::VM&, JSC::CodeBlock*, JSC::CodeBlock*) /root/WebKit/Source/JavaScriptCore/bytecode/CallLinkInfoBase.cpp:76:41 (jsc+0x27b5ef)
    #4 JSC::CodeBlock::unlinkOrUpgradeIncomingCalls(JSC::VM&, JSC::CodeBlock*) /root/WebKit/Source/JavaScriptCore/bytecode/CodeBlock.cpp:2409:34 (jsc+0x2900d3)
    #5 JSC::ScriptExecutable::installCode(JSC::VM&, JSC::CodeBlock*, JSC::CodeType, JSC::CodeSpecializationKind, JSC::Profiler::JettisonReason) /root/WebKit/Source/JavaScriptCore/runtime/ScriptExecutable.cpp:453:23 (jsc+0x189b4da)
    #6 JSC::ScriptExecutable::installCode(JSC::CodeBlock*) /root/WebKit/Source/JavaScriptCore/runtime/ScriptExecutable.cpp:214:5 (jsc+0x189ae07)
    #7 JSC::JITToDFGDeferredCompilationCallback::compilationDidComplete(JSC::CodeBlock*, JSC::CodeBlock*, JSC::CompilationResult) /root/WebKit/Source/JavaScriptCore/jit/JITToDFGDeferredCompilationCallback.cpp:63:39 (jsc+0x1042f58)
    #8 JSC::DFG::Plan::finalize() /root/WebKit/Source/JavaScriptCore/dfg/DFGPlan.cpp:715:17 (jsc+0x8b8a7a)
    #9 JSC::JITWorklist::completeAllReadyPlansForVM(JSC::VM&, JSC::JITCompilationKey) /root/WebKit/Source/JavaScriptCore/jit/JITWorklist.cpp:314:15 (jsc+0x1045879)
    #10 operationOptimize /root/WebKit/Source/JavaScriptCore/jit/JITOperations.cpp:3158:76 (jsc+0xfc13c9)
    #11 <null> <null> (0x7ff2ce002a38)
    #12 JSC::replaceUsingRegExpSearch(JSC::VM&, JSC::JSGlobalObject*, JSC::JSString*, JSC::JSValue, JSC::JSValue) /root/WebKit/Source/JavaScriptCore/runtime/StringPrototype.cpp:597:5 (jsc+0x18ee8f9)
    #13 JSC::stringProtoFuncReplace(JSC::JSGlobalObject*, JSC::CallFrame*) /root/WebKit/Source/JavaScriptCore/runtime/StringPrototype.cpp:618:13 (jsc+0x18cd33a)
    #14 <null> <null> (0x7ff2cdfff157)
    #15 JSC::Interpreter::executeCall(JSC::JSObject*, JSC::CallData const&, JSC::JSValue, JSC::JSCell*, JSC::ArgList const&) /root/WebKit/Source/JavaScriptCore/interpreter/Interpreter.cpp (jsc+0xe8bd6d)
    #16 JSC::call(JSC::JSGlobalObject*, JSC::JSValue, JSC::CallData const&, JSC::JSValue, JSC::ArgList const&) /root/WebKit/Source/JavaScriptCore/runtime/CallData.cpp:70:27 (jsc+0x1360a71)
    #17 JSC::call(JSC::JSGlobalObject*, JSC::JSValue, JSC::CallData const&, JSC::JSValue, JSC::ArgList const&, WTF::NakedPtr<JSC::Exception>&) /root/WebKit/Source/JavaScriptCore/runtime/CallData.cpp:77:22 (jsc+0x1360a71)
    #18 JSC::threadMain(JSC::VM&, WTF::Ref<JSC::ThreadState, WTF::RawPtrTraits<JSC::ThreadState>, WTF::DefaultRefDerefTraits<JSC::ThreadState>>) /root/WebKit/Source/JavaScriptCore/runtime/ThreadObject.cpp:241:30 (jsc+0x19a439c)
    #19 JSC::constructThread(JSC::JSGlobalObject*, JSC::CallFrame*)::$_0::operator()() /root/WebKit/Source/JavaScriptCore/runtime/ThreadObject.cpp:468:9 (jsc+0x19a439c)
    #20 WTF::Detail::CallableWrapper<JSC::constructThread(JSC::JSGlobalObject*, JSC::CallFrame*)::$_0, void>::call() /root/WebKit/WebKitBuild/TSan/WTF/Headers/wtf/Function.h:59:39 (jsc+0x19a439c)
    #21 WTF::Function<void ()>::operator()() const /root/WebKit/Source/WTF/wtf/Function.h:103:35 (jsc+0x25b5145)
    #22 WTF::Thread::entryPoint(WTF::Thread::NewThreadContext*) /root/WebKit/Source/WTF/wtf/Threading.cpp:312:5 (jsc+0x25b5145)
    #23 WTF::wtfThreadEntryPoint(void*) /root/WebKit/Source/WTF/wtf/posix/ThreadingPOSIX.cpp:264:5 (jsc+0x260f0f9)

  Previous write of size 8 at 0x7ff30f5fd9b0 by thread T3:
    #0 JSC::Register::operator=(JSC::CodeBlock*) /root/WebKit/Source/JavaScriptCore/interpreter/RegisterInlines.h:64:17 (jsc+0xe7e32e)
    #1 JSC::ProtoCallFrame::setCodeBlock(JSC::CodeBlock*) /root/WebKit/Source/JavaScriptCore/interpreter/ProtoCallFrameInlines.h:67:20 (jsc+0xe7e32e)
    #2 JSC::ProtoCallFrame::init(JSC::CodeBlock*, JSC::JSGlobalObject*, JSC::JSObject*, JSC::JSValue, JSC::JSCell*, int, long*) /root/WebKit/Source/JavaScriptCore/interpreter/ProtoCallFrameInlines.h:37:11 (jsc+0xe7e32e)
    #3 JSC::CachedCall::CachedCall(JSC::JSGlobalObject*, JSC::JSFunction*, int) /root/WebKit/Source/JavaScriptCore/interpreter/CachedCall.cpp:75:22 (jsc+0xe7e32e)
    #4 void std::_Construct<JSC::CachedCall, JSC::JSGlobalObject*&, JSC::JSFunction*&, int&>(JSC::CachedCall*, JSC::JSGlobalObject*&, JSC::JSFunction*&, int&) /usr/lib/gcc/x86_64-amazon-linux/14/../../../../include/c++/14/bits/stl_construct.h:119:25 (jsc+0x18e13e6)
    #5 void std::_Optional_payload_base<JSC::CachedCall>::_M_construct<JSC::JSGlobalObject*&, JSC::JSFunction*&, int&>(JSC::JSGlobalObject*&, JSC::JSFunction*&, int&) /usr/lib/gcc/x86_64-amazon-linux/14/../../../../include/c++/14/optional:274:4 (jsc+0x18e13e6)
    #6 void std::_Optional_base_impl<JSC::CachedCall, std::_Optional_base<JSC::CachedCall, false, false>>::_M_construct<JSC::JSGlobalObject*&, JSC::JSFunction*&, int&>(JSC::JSGlobalObject*&, JSC::JSFunction*&, int&) /usr/lib/gcc/x86_64-amazon-linux/14/../../../../include/c++/14/optional:455:40 (jsc+0x18e13e6)
    #7 std::enable_if<is_constructible_v<JSC::CachedCall, JSC::JSGlobalObject*&, JSC::JSFunction*&, int&>, JSC::CachedCall&>::type std::optional<JSC::CachedCall>::emplace<JSC::JSGlobalObject*&, JSC::JSFunction*&, int&>(JSC::JSGlobalObject*&, JSC::JSFunction*&, int&) /usr/lib/gcc/x86_64-amazon-linux/14/../../../../include/c++/14/optional:916:10 (jsc+0x18e13e6)
    #8 JSC::replaceUsingRegExpSearch(JSC::VM&, JSC::JSGlobalObject*, JSC::JSString*, JSC::JSValue, JSC::CallData const&, WTF::String const&, JSC::JSValue) /root/WebKit/Source/JavaScriptCore/runtime/StringPrototype.cpp:412:34 (jsc+0x18e13e6)
    #9 JSC::replaceUsingRegExpSearch(JSC::VM&, JSC::JSGlobalObject*, JSC::JSString*, JSC::JSValue, JSC::JSValue) /root/WebKit/Source/JavaScriptCore/runtime/StringPrototype.cpp:597:5 (jsc+0x18ee8f9)
    #10 JSC::stringProtoFuncReplace(JSC::JSGlobalObject*, JSC::CallFrame*) /root/WebKit/Source/JavaScriptCore/runtime/StringPrototype.cpp:618:13 (jsc+0x18cd33a)
    #11 <null> <null> (0x7ff2cdfff157)
    #12 JSC::Interpreter::executeCall(JSC::JSObject*, JSC::CallData const&, JSC::JSValue, JSC::JSCell*, JSC::ArgList const&) /root/WebKit/Source/JavaScriptCore/interpreter/Interpreter.cpp (jsc+0xe8bd6d)
    #13 JSC::call(JSC::JSGlobalObject*, JSC::JSValue, JSC::CallData const&, JSC::JSValue, JSC::ArgList const&) /root/WebKit/Source/JavaScriptCore/runtime/CallData.cpp:70:27 (jsc+0x1360a71)
    #14 JSC::call(JSC::JSGlobalObject*, JSC::JSValue, JSC::CallData const&, JSC::JSValue, JSC::ArgList const&, WTF::NakedPtr<JSC::Exception>&) /root/WebKit/Source/JavaScriptCore/runtime/CallData.cpp:77:22 (jsc+0x1360a71)
    #15 JSC::threadMain(JSC::VM&, WTF::Ref<JSC::ThreadState, WTF::RawPtrTraits<JSC::ThreadState>, WTF::DefaultRefDerefTraits<JSC::ThreadState>>) /root/WebKit/Source/JavaScriptCore/runtime/ThreadObject.cpp:241:30 (jsc+0x19a439c)
    #16 JSC::constructThread(JSC::JSGlobalObject*, JSC::CallFrame*)::$_0::operator()() /root/WebKit/Source/JavaScriptCore/runtime/ThreadObject.cpp:468:9 (jsc+0x19a439c)
    #17 WTF::Detail::CallableWrapper<JSC::constructThread(JSC::JSGlobalObject*, JSC::CallFrame*)::$_0, void>::call() /root/WebKit/WebKitBuild/TSan/WTF/Headers/wtf/Function.h:59:39 (jsc+0x19a439c)
    #18 WTF::Function<void ()>::operator()() const /root/WebKit/Source/WTF/wtf/Function.h:103:35 (jsc+0x25b5145)
    #19 WTF::Thread::entryPoint(WTF::Thread::NewThreadContext*) /root/WebKit/Source/WTF/wtf/Threading.cpp:312:5 (jsc+0x25b5145)
    #20 WTF::wtfThreadEntryPoint(void*) /root/WebKit/Source/WTF/wtf/posix/ThreadingPOSIX.cpp:264:5 (jsc+0x260f0f9)

  Location is stack of thread T3.

  Thread T4 'JS Thread' (tid=3214467, running) created by main thread at:
    #0 pthread_create /home/runner/work/llvm-project/llvm-project/compiler-rt/lib/tsan/rtl/tsan_interceptors_posix.cpp:1090:3 (jsc+0x13ff1a)
    #1 WTF::Thread::establishHandle(WTF::Thread::NewThreadContext&, WTF::StackAllocationSpecification, WTF::ThreadQOS, WTF::ThreadSchedulingPolicy) /root/WebKit/Source/WTF/wtf/posix/ThreadingPOSIX.cpp:354:17 (jsc+0x260efe5)
    #2 WTF::Thread::create(WTF::ASCIILiteral, WTF::Function<void ()>&&, WTF::ThreadType, WTF::ThreadQOS, WTF::ThreadSchedulingPolicy, WTF::StackAllocationSpecification) /root/WebKit/Source/WTF/wtf/Threading.cpp:330:32 (jsc+0x25b54a5)
    #3 JSC::constructThread(JSC::JSGlobalObject*, JSC::CallFrame*) /root/WebKit/Source/JavaScriptCore/runtime/ThreadObject.cpp:467:5 (jsc+0x199c92f)
    #4 <null> <null> (0x7ff2cdfff217)
    #5 JSC::evaluate(JSC::JSGlobalObject*, JSC::SourceCode const&, JSC::JSValue, WTF::NakedPtr<JSC::Exception>&) /root/WebKit/Source/JavaScriptCore/runtime/Completion.cpp:145:37 (jsc+0x13c37c3)
    #6 runWithOptions(GlobalObject*, CommandLine&, bool&) /root/WebKit/Source/JavaScriptCore/jsc.cpp:3957:35 (jsc+0x1cafc5)
    #7 jscmain(int, char**)::$_0::operator()(JSC::VM&, GlobalObject*, bool&) const /root/WebKit/Source/JavaScriptCore/jsc.cpp:4686:13 (jsc+0x1cafc5)
    #8 int runJSC<jscmain(int, char**)::$_0>(CommandLine const&, bool, jscmain(int, char**)::$_0 const&) /root/WebKit/Source/JavaScriptCore/jsc.cpp:4472:13 (jsc+0x1cafc5)
    #9 jscmain(int, char**) /root/WebKit/Source/JavaScriptCore/jsc.cpp:4679:18 (jsc+0x1cafc5)
    #10 main /root/WebKit/Source/JavaScriptCore/jsc.cpp:3715:15 (jsc+0x1c9803)

  Thread T3 'JS Thread' (tid=3214466, running) created by main thread at:
    #0 pthread_create /home/runner/work/llvm-project/llvm-project/compiler-rt/lib/tsan/rtl/tsan_interceptors_posix.cpp:1090:3 (jsc+0x13ff1a)
    #1 WTF::Thread::establishHandle(WTF::Thread::NewThreadContext&, WTF::StackAllocationSpecification, WTF::ThreadQOS, WTF::ThreadSchedulingPolicy) /root/WebKit/Source/WTF/wtf/posix/ThreadingPOSIX.cpp:354:17 (jsc+0x260efe5)
    #2 WTF::Thread::create(WTF::ASCIILiteral, WTF::Function<void ()>&&, WTF::ThreadType, WTF::ThreadQOS, WTF::ThreadSchedulingPolicy, WTF::StackAllocationSpecification) /root/WebKit/Source/WTF/wtf/Threading.cpp:330:32 (jsc+0x25b54a5)
    #3 JSC::constructThread(JSC::JSGlobalObject*, JSC::CallFrame*) /root/WebKit/Source/JavaScriptCore/runtime/ThreadObject.cpp:467:5 (jsc+0x199c92f)
    #4 <null> <null> (0x7ff2cdfff217)
    #5 JSC::evaluate(JSC::JSGlobalObject*, JSC::SourceCode const&, JSC::JSValue, WTF::NakedPtr<JSC::Exception>&) /root/WebKit/Source/JavaScriptCore/runtime/Completion.cpp:145:37 (jsc+0x13c37c3)
    #6 runWithOptions(GlobalObject*, CommandLine&, bool&) /root/WebKit/Source/JavaScriptCore/jsc.cpp:3957:35 (jsc+0x1cafc5)
    #7 jscmain(int, char**)::$_0::operator()(JSC::VM&, GlobalObject*, bool&) const /root/WebKit/Source/JavaScriptCore/jsc.cpp:4686:13 (jsc+0x1cafc5)
    #8 int runJSC<jscmain(int, char**)::$_0>(CommandLine const&, bool, jscmain(int, char**)::$_0 const&) /root/WebKit/Source/JavaScriptCore/jsc.cpp:4472:13 (jsc+0x1cafc5)
    #9 jscmain(int, char**) /root/WebKit/Source/JavaScriptCore/jsc.cpp:4679:18 (jsc+0x1cafc5)
    #10 main /root/WebKit/Source/JavaScriptCore/jsc.cpp:3715:15 (jsc+0x1c9803)

SUMMARY: ThreadSanitizer: data race /root/WebKit/Source/JavaScriptCore/interpreter/RegisterInlines.h:43:14 in JSC::Register::codeBlock() const
==================
ThreadSanitizer: reported 2 warnings
